10:19:58 §e[SkyHanni] Reloaded 7466 items in the NEU repo§r
10:20:27 §d§l▬▬▬▬▬▬▬▬▬▬▬▬▬▬▬▬▬▬▬▬▬▬▬▬▬▬▬▬▬▬▬▬▬▬▬▬▬▬▬▬▬▬▬▬▬▬▬▬▬▬▬▬▬▬▬▬▬▬▬▬▬▬▬▬
                          §d§lHoppity's Hunt #83 Stats


    §c§lNothing to show!
    §c§oFind some eggs in the future!
§d§l▬▬▬▬▬▬▬▬▬▬▬▬▬▬▬▬▬▬▬▬▬▬▬▬▬▬▬▬▬▬▬▬▬▬▬▬▬▬▬▬▬▬▬▬▬▬▬▬▬▬▬▬▬▬▬▬▬▬▬▬▬▬▬▬§r
10:24:32 §e[SkyHanni] Detected not having access to warp point §bDark Auction§e!§r
10:24:32 §e[SkyHanni] Use §c/shresetburrowwarps §eonce you have activated this travel scroll.§r
10:27:17 §e[SkyHanni] §b+1 SkyBlock XP §7(Mythological Kills§7)§b (65/100)§r
11:08:21 §e[SkyHanni] §b[MVP§0+§b] KobeAim §l§efound an inquisitor at §l§c37 99 17!§r
11:20:20 §e[SkyHanni] §b+3 SkyBlock XP §7(Mythological Kills§7)§b (68/100)§r
11:43:13 §e[SkyHanni] §b[MVP§0+§b] KobeAim §l§efound an inquisitor at §l§c-147 73 -15!§r
11:44:13 §e[SkyHanni] Inquisitor from §b[MVP§0+§b] KobeAim §enot found, deleting.§r
11:46:08 §e[SkyHanni] §b[MVP§0+§b] KobeAim §l§efound an inquisitor at §l§c-79 72 108!§r
11:46:46 §e[SkyHanni] Inquisitor from §b[MVP§0+§b] KobeAim §enot found, deleting.§r
11:54:50 §e[SkyHanni] §b+1 SkyBlock XP §7(Mythological Kills§7)§b (69/100)§r
12:01:53 §e[SkyHanni] §b[MVP§6+§b] KobesButler §l§efound an inquisitor at §l§c-7 76 114!§r
12:02:31 §e[SkyHanni] Inquisitor from §b[MVP§6+§b] KobesButler §enot found, deleting.§r
12:31:43 §e[SkyHanni] §fYou were in Limbo for §e28m 7s§f.§r
13:01:29 §e[SkyHanni] §b+3 SkyBlock XP §7(Mythological Kills§7)§b (72/100)§r
14:04:01 §e[SkyHanni] §b+1 SkyBlock XP §7(Mythological Kills§7)§b (74/100)§r
14:12:30 §e[SkyHanni] Are you sure you want to reset your total Mythological Creature Tracker? Click here to confirm.§r
14:12:35 §e[SkyHanni] Are you sure you want to reset your total Mythological Creature Tracker? Click here to confirm.§r
14:12:38 §e[SkyHanni] Reset total Mythological Creature Tracker!§r
14:12:44 §e[SkyHanni] Are you sure you want to reset your total Diana Profit Tracker? Click here to confirm.§r
14:12:46 §e[SkyHanni] Reset total Diana Profit Tracker!§r
14:21:33 §e[SkyHanni] §b[MVP§c+§b] Sainx_ §l§efound an inquisitor at §l§c76 73 10!§r
14:22:18 §e[SkyHanni] Inquisitor from §b[MVP§c+§b] Sainx_ §enot found, deleting.§r
14:26:38 §e[SkyHanni] §b[MVP§0+§b] KobeAim §l§efound an inquisitor at §l§c-49 80 -179!§r
14:27:03 §e[SkyHanni] Inquisitor from §b[MVP§0+§b] KobeAim §enot found, deleting.§r
14:39:37 §e[SkyHanni] §b+2 SkyBlock XP §7(Mythological Kills§7)§b (78/100)§r
14:56:41 §e[SkyHanni] §b+6 SkyBlock XP §7(Attribute Levels§7)§b (84/100)§r
15:03:45 §e[SkyHanni] §b[MVP§0+§b] KobeAim §l§efound an inquisitor at §l§c14 73 149!§r
15:04:16 §e[SkyHanni] Inquisitor from §b[MVP§0+§b] KobeAim §enot found, deleting.§r
15:10:52 §e[SkyHanni] §b+1 SkyBlock XP §7(Mythological Kills§7)§b (85/100)§r
15:17:09 §e[SkyHanni] Gained §d30,000 motes §ethis Rift session! (§d2.6M/h§e)§r
15:43:30 §e[SkyHanni] §fYou were in Limbo for §e23m 59s§f.§r
15:51:34 §e[SkyHanni] §b[MVP§0+§b] KobeAim §l§efound an inquisitor at §l§c-110 74 -34!§r
15:52:03 §e[SkyHanni] Inquisitor from §b[MVP§0+§b] KobeAim §enot found, deleting.§r
16:02:43 §e[SkyHanni] §b+3 SkyBlock XP §7(Attribute Levels§7)§b (89/100)§r
16:03:39 §e[SkyHanni] §b[MVP§0+§b] KobeAim §l§efound an inquisitor at §l§c102 72 83!§r
16:04:06 §e[SkyHanni] Inquisitor from §b[MVP§0+§b] KobeAim §enot found, deleting.§r
16:14:19 §e[SkyHanni] §eTo edit hidden GUI elements:
 §7- §e1. Set a key in /sh edit.
 §7- §e2. Click that key while the GUI element is visible.§r
16:16:16 §e[SkyHanni] §b+2 SkyBlock XP §7(Mythological Kills§7)§b (91/100)§r
16:29:36 §e[SkyHanni] §b[MVP§3+§b] spaisuiker §l§efound an inquisitor at §l§c-179 72 -125!§r
16:29:52 §e[SkyHanni] Inquisitor from §b[MVP§3+§b] spaisuiker §enot found, deleting.§r
16:35:40 §e[SkyHanni] §b[MVP§3+§b] spaisuiker §l§efound an inquisitor at §l§c-89 77 -179!§r
16:36:12 §e[SkyHanni] Inquisitor from §b[MVP§3+§b] spaisuiker §enot found, deleting.§r
16:40:53 §e[SkyHanni] §b+1 SkyBlock XP §7(Mythological Kills§7)§b (92/100)§r
17:05:43 §e[SkyHanni] §b[MVP§3+§b] spaisuiker §l§efound an inquisitor at §l§c12 79 114!§r
17:06:47 §e[SkyHanni] Inquisitor from §b[MVP§3+§b] spaisuiker §enot found, deleting.§r
17:15:07 §e[SkyHanni] §6[MVP§c++§6] BlazeKickers §l§efound an inquisitor at §l§c-83 72 14!§r
17:15:31 §e[SkyHanni] Inquisitor from §6[MVP§c++§6] BlazeKickers §enot found, deleting.§r
17:16:28 §e[SkyHanni] §b+1 SkyBlock XP §7(Mythological Kills§7)§b (93/100)§r
17:19:07 §c[SkyHanni] Couldn't find an item with this name or identifier!§r
17:40:51 §e[SkyHanni] §b[MVP§3+§b] spaisuiker §l§efound an inquisitor at §l§c-207 73 -75!§r
17:45:36 §e[SkyHanni] §b[MVP§3+§b] spaisuiker §l§efound an inquisitor at §l§c-170 79 106!§r
17:46:08 §e[SkyHanni] Inquisitor from §b[MVP§3+§b] spaisuiker §enot found, deleting.§r
17:52:23 §e[SkyHanni] §b+2 SkyBlock XP §7(Mythological Kills§7)§b (95/100)§r
18:08:42 §e[SkyHanni] §b[MVP§3+§b] spaisuiker §l§efound an inquisitor at §l§c-164 72 -109!§r
18:09:18 §e[SkyHanni] Inquisitor from §b[MVP§3+§b] spaisuiker §enot found, deleting.§r
18:13:09 §e[SkyHanni] §b[MVP§3+§b] spaisuiker §l§efound an inquisitor at §l§c-205 74 -92!§r
18:13:49 §e[SkyHanni] Inquisitor from §b[MVP§3+§b] spaisuiker §enot found, deleting.§r
18:23:51 §e[SkyHanni] §b+1 SkyBlock XP §7(Mythological Kills§7)§b (96/100)§r
18:25:37 §e[SkyHanni] §6[MVP§c++§6] BlazeKickers §l§efound an inquisitor at §l§c-112 77 -209!§r
18:26:30 §e[SkyHanni] Inquisitor from §6[MVP§c++§6] BlazeKickers §enot found, deleting.§r
18:30:08 §e[SkyHanni] §b[MVP§0+§b] KobeAim §l§efound an inquisitor at §l§c10 89 102!§r
18:30:51 §e[SkyHanni] Inquisitor from §b[MVP§0+§b] KobeAim §enot found, deleting.§r
19:07:35 §e[SkyHanni] §fYou were in Limbo for §e17m 10s§f.§r
