11:08:21  
11:08:21 [original] §r§c§lWoah! §r§eYou dug out a §r§2Minos Inquisitor§r§e!§r
11:08:21 [modified] §c§lWoah! §r§eYou dug out a §r§2Minos Inquisitor§r§e! §e(71)§r
11:43:13  
11:43:13 [original] §r§c§lDanger! §r§eYou dug out a §r§2Minos Inquisitor§r§e!§r
11:43:13 [modified] §c§lDanger! §r§eYou dug out a §r§2Minos Inquisitor§r§e! §e(77)§r
11:46:08  
11:46:08 [original] §r§c§lOi! §r§eYou dug out a §r§2Minos Inquisitor§r§e!§r
11:46:08 [modified] §c§lOi! §r§eYou dug out a §r§2Minos Inquisitor§r§e! §e(4)§r
12:57:29  
12:57:29 [original] §r§c§lGood Grief! §r§eYou dug out a §r§2Minos Inquisitor§r§e!§r
12:57:29 [modified] §c§lGood Grief! §r§eYou dug out a §r§2Minos Inquisitor§r§e! §e(95)§r
13:05:28  
13:05:28 [original] §r§c§lWoah! §r§eYou dug out a §r§2Minos Inquisitor§r§e!§r
13:05:28 [modified] §c§lWoah! §r§eYou dug out a §r§2Minos Inquisitor§r§e! §e(20)§r
14:04:29  
14:04:29 [original] §r§c§lUh oh! §r§eYou dug out a §r§2Minos Inquisitor§r§e!§r
14:04:29 [modified] §c§lUh oh! §r§eYou dug out a §r§2Minos Inquisitor§r§e! §e(75)§r
14:26:38  
14:26:38 [original] §r§c§lWoah! §r§eYou dug out a §r§2Minos Inquisitor§r§e!§r
14:26:38 [modified] §c§lWoah! §r§eYou dug out a §r§2Minos Inquisitor§r§e! §e(47)§r
15:03:45  
15:03:45 [original] §r§c§lUh oh! §r§eYou dug out a §r§2Minos Inquisitor§r§e!§r
15:03:45 [modified] §c§lUh oh! §r§eYou dug out a §r§2Minos Inquisitor§r§e! §e(101)§r
15:51:33  
15:51:33 [original] §r§c§lGood Grief! §r§eYou dug out a §r§2Minos Inquisitor§r§e!§r
15:51:33 [modified] §c§lGood Grief! §r§eYou dug out a §r§2Minos Inquisitor§r§e! §e(53)§r
16:03:39  
16:03:39 [original] §r§c§lOi! §r§eYou dug out a §r§2Minos Inquisitor§r§e!§r
16:03:39 [modified] §c§lOi! §r§eYou dug out a §r§2Minos Inquisitor§r§e! §e(10)§r
18:30:07  
18:30:07 [original] §r§c§lUh oh! §r§eYou dug out a §r§2Minos Inquisitor§r§e!§r
18:30:07 [modified] §c§lUh oh! §r§eYou dug out a §r§2Minos Inquisitor§r§e! §e(387)§r
