12:35:26 HUB
12:41:16 NONE
12:41:16 THE_RIFT
12:43:15 NONE
12:43:15 PRIVATE_ISLAND_GUEST
12:43:30 NONE
12:43:30 DWARVEN_MINES
12:44:53 NONE
12:44:54 CRIMSON_ISLE
12:54:07 NONE
12:54:07 HUB
12:58:55 NONE
12:58:56 CRIMSON_ISLE
13:03:47 NONE
13:03:48 KUUDRA_ARENA
13:08:30 NONE
13:08:30 CRIMSON_ISLE
13:08:49 NONE
13:08:51 KUUDRA_ARENA
13:16:40 NONE
13:16:40 CRIMSON_ISLE
13:17:39 NONE
13:17:40 HUB
13:22:07 NONE
13:22:07 GARDEN
13:27:46 NONE
13:27:47 THE_END
13:28:17 NONE
13:28:17 HUB
14:13:05 THE_PARK
14:14:08 NONE
14:14:08 HUB
14:14:47 NONE
14:14:47 THE_PARK
14:35:34 NONE
14:35:34 DUNGEON_HUB
14:39:53 NONE
14:39:53 CATACOMBS
14:47:09 NONE
14:47:09 DUNGEON_HUB
14:49:18 NONE
14:50:38 DUNGEON_HUB
14:50:41 NONE
14:50:41 CATACOMBS
14:51:09 NONE
14:51:09 DUNGEON_HUB
14:51:17 NONE
14:51:18 CATACOMBS
14:55:37 NONE
14:55:37 CATACOMBS
14:59:40 NONE
14:59:40 CATACOMBS
15:04:20 NONE
15:04:20 DUNGEON_HUB
15:13:40 NONE
15:13:41 CATACOMBS
15:14:39 NONE
15:14:39 CATACOMBS
15:15:50 NONE
15:15:50 DUNGEON_HUB
15:15:58 NONE
15:15:59 CATACOMBS
15:19:48 NONE
15:19:48 DUNGEON_HUB
15:19:57 NONE
15:19:57 CATACOMBS
15:23:19 NONE
15:23:19 DUNGEON_HUB
15:55:26 NONE
15:55:26 CATACOMBS
16:04:15 NONE
16:04:15 CATACOMBS
16:13:32 NONE
16:13:33 CATACOMBS
16:22:53 NONE
16:22:54 CATACOMBS
16:23:21 NONE
16:23:22 DUNGEON_HUB
16:26:43 NONE
16:26:44 CATACOMBS
16:35:17 NONE
16:35:18 CATACOMBS
16:48:57 NONE
16:48:58 PRIVATE_ISLAND_GUEST
16:52:55 NONE
16:52:56 CATACOMBS
17:02:17 NONE
17:02:17 CATACOMBS
17:13:17 NONE
17:13:17 CATACOMBS
17:13:26 NONE
17:13:26 DUNGEON_HUB
17:13:37 NONE
17:35:42 DUNGEON_HUB
17:41:11 NONE
17:41:12 THE_RIFT
17:43:51 NONE
17:43:52 DUNGEON_HUB
17:48:42 NONE
17:48:43 THE_END
17:51:41 NONE
17:51:41 PRIVATE_ISLAND
17:52:16 NONE
17:52:17 HUB
17:52:33 NONE
17:52:33 HUB
17:58:48 NONE
17:58:49 HUB
17:59:12 NONE
17:59:13 HUB
17:59:25 NONE
17:59:26 HUB
17:59:38 NONE
17:59:38 HUB
17:59:47 NONE
17:59:47 HUB
17:59:57 NONE
17:59:58 HUB
18:00:05 NONE
18:00:06 HUB
18:00:15 NONE
18:00:16 HUB
18:00:21 NONE
18:00:21 PRIVATE_ISLAND
18:00:41 NONE
18:00:42 HUB
18:00:54 NONE
18:00:54 HUB
18:01:04 NONE
18:01:04 HUB
18:01:16 NONE
18:01:16 HUB
18:01:23 HUB
18:01:31 NONE
18:01:32 HUB
18:01:40 NONE
18:01:40 HUB
18:01:52 NONE
18:01:52 HUB
18:02:02 NONE
18:02:02 HUB
18:02:15 NONE
18:02:15 HUB
18:02:22 NONE
18:02:25 HUB
18:02:57 NONE
18:02:57 HUB
18:16:46 NONE
18:16:46 PRIVATE_ISLAND
18:18:50 NONE
18:18:50 CATACOMBS
18:19:13 NONE
18:19:13 DUNGEON_HUB
18:20:14 NONE
18:20:14 CATACOMBS
18:32:56 NONE
18:32:57 DUNGEON_HUB
18:55:59 DUNGEON_HUB
18:59:44 CATACOMBS
19:02:53 NONE
19:02:53 DUNGEON_HUB
19:04:16 NONE
19:04:16 CATACOMBS
19:07:10 NONE
19:07:13 CATACOMBS
19:10:37 NONE
19:10:37 CATACOMBS
19:13:33 NONE
19:13:34 CATACOMBS
19:16:25 NONE
19:16:27 CATACOMBS
19:19:20 NONE
19:19:21 CATACOMBS
19:22:23 NONE
19:22:23 DUNGEON_HUB
19:22:55 NONE
19:22:56 CATACOMBS
19:27:28 NONE
19:27:28 DUNGEON_HUB
19:27:52 NONE
19:27:53 CATACOMBS
19:31:13 NONE
19:31:14 CATACOMBS
19:34:36 NONE
19:34:41 CATACOMBS
19:38:09 NONE
19:38:09 DUNGEON_HUB
19:38:20 NONE
19:38:20 CATACOMBS
19:42:33 NONE
19:42:35 CATACOMBS
19:42:52 NONE
19:42:53 DUNGEON_HUB
19:43:15 NONE
19:43:16 CATACOMBS
19:47:26 NONE
19:47:27 CATACOMBS
19:52:42 NONE
19:52:43 DUNGEON_HUB
