20:21:17 `Bat`549436 missed {
 is already Found: false).
 Position: LorenzVec(x=-169.5, y=64.28125, z=-57.5)
 DistanceC: 16.405677841923705
Relative Position: LorenzVec(x=-16.405677841923705, y=-4.71875, z=-10.303962743630485)
 }
20:21:17 `Bat`549438 missed {
 is already Found: false).
 Position: LorenzVec(x=-169.5, y=64.28125, z=-56.5)
 DistanceC: 16.405677841923705
Relative Position: LorenzVec(x=-16.405677841923705, y=-4.71875, z=-9.303962743630485)
 }
20:21:17 `Bat`549440 missed {
 is already Found: false).
 Position: LorenzVec(x=-169.5, y=64.28125, z=-55.5)
 DistanceC: 16.405677841923705
Relative Position: LorenzVec(x=-16.405677841923705, y=-4.71875, z=-8.303962743630485)
 }
20:21:17 `Bat`549442 missed {
 is already Found: false).
 Position: LorenzVec(x=-169.5, y=65.28125, z=-57.5)
 DistanceC: 16.405677841923705
Relative Position: LorenzVec(x=-16.405677841923705, y=-3.71875, z=-10.303962743630485)
 }
20:21:17 `Bat`549444 missed {
 is already Found: false).
 Position: LorenzVec(x=-169.5, y=65.28125, z=-56.5)
 DistanceC: 16.405677841923705
Relative Position: LorenzVec(x=-16.405677841923705, y=-3.71875, z=-9.303962743630485)
 }
20:21:17 `Bat`549446 missed {
 is already Found: false).
 Position: LorenzVec(x=-169.5, y=65.28125, z=-55.5)
 DistanceC: 16.405677841923705
Relative Position: LorenzVec(x=-16.405677841923705, y=-3.71875, z=-8.303962743630485)
 }
20:21:17 `Bat`549448 missed {
 is already Found: false).
 Position: LorenzVec(x=-169.5, y=66.28125, z=-57.5)
 DistanceC: 16.405677841923705
Relative Position: LorenzVec(x=-16.405677841923705, y=-2.71875, z=-10.303962743630485)
 }
20:21:17 `Bat`549450 missed {
 is already Found: false).
 Position: LorenzVec(x=-169.5, y=66.28125, z=-56.5)
 DistanceC: 16.405677841923705
Relative Position: LorenzVec(x=-16.405677841923705, y=-2.71875, z=-9.303962743630485)
 }
20:21:17 `Bat`549452 missed {
 is already Found: false).
 Position: LorenzVec(x=-169.5, y=66.28125, z=-55.5)
 DistanceC: 16.405677841923705
Relative Position: LorenzVec(x=-16.405677841923705, y=-2.71875, z=-8.303962743630485)
 }
20:21:17 `Bat`549454 missed {
 is already Found: false).
 Position: LorenzVec(x=-169.5, y=67.28125, z=-57.5)
 DistanceC: 16.405677841923705
Relative Position: LorenzVec(x=-16.405677841923705, y=-1.71875, z=-10.303962743630485)
 }
20:21:17 `Bat`549456 missed {
 is already Found: false).
 Position: LorenzVec(x=-169.5, y=67.28125, z=-56.5)
 DistanceC: 16.405677841923705
Relative Position: LorenzVec(x=-16.405677841923705, y=-1.71875, z=-9.303962743630485)
 }
20:21:17 `Bat`549458 missed {
 is already Found: false).
 Position: LorenzVec(x=-169.5, y=67.28125, z=-55.5)
 DistanceC: 16.405677841923705
Relative Position: LorenzVec(x=-16.405677841923705, y=-1.71875, z=-8.303962743630485)
 }
20:21:17 `Bat`549460 missed {
 is already Found: false).
 Position: LorenzVec(x=-168.5, y=64.28125, z=-57.5)
 DistanceC: 15.405677841923705
Relative Position: LorenzVec(x=-15.405677841923705, y=-4.71875, z=-10.303962743630485)
 }
20:21:17 `Bat`549462 missed {
 is already Found: false).
 Position: LorenzVec(x=-168.5, y=64.28125, z=-56.5)
 DistanceC: 15.405677841923705
Relative Position: LorenzVec(x=-15.405677841923705, y=-4.71875, z=-9.303962743630485)
 }
20:21:17 `Bat`549464 missed {
 is already Found: false).
 Position: LorenzVec(x=-168.5, y=64.28125, z=-55.5)
 DistanceC: 15.405677841923705
Relative Position: LorenzVec(x=-15.405677841923705, y=-4.71875, z=-8.303962743630485)
 }
20:21:17 `Bat`549466 missed {
 is already Found: false).
 Position: LorenzVec(x=-168.5, y=65.28125, z=-57.5)
 DistanceC: 15.405677841923705
Relative Position: LorenzVec(x=-15.405677841923705, y=-3.71875, z=-10.303962743630485)
 }
20:21:17 `Bat`549468 missed {
 is already Found: false).
 Position: LorenzVec(x=-168.5, y=65.28125, z=-56.5)
 DistanceC: 15.405677841923705
Relative Position: LorenzVec(x=-15.405677841923705, y=-3.71875, z=-9.303962743630485)
 }
20:21:17 `Bat`549470 missed {
 is already Found: false).
 Position: LorenzVec(x=-168.5, y=65.28125, z=-55.5)
 DistanceC: 15.405677841923705
Relative Position: LorenzVec(x=-15.405677841923705, y=-3.71875, z=-8.303962743630485)
 }
20:21:17 `Bat`549472 missed {
 is already Found: false).
 Position: LorenzVec(x=-168.5, y=66.28125, z=-57.5)
 DistanceC: 15.405677841923705
Relative Position: LorenzVec(x=-15.405677841923705, y=-2.71875, z=-10.303962743630485)
 }
20:21:17 `Bat`549474 missed {
 is already Found: false).
 Position: LorenzVec(x=-168.5, y=66.28125, z=-56.5)
 DistanceC: 15.405677841923705
Relative Position: LorenzVec(x=-15.405677841923705, y=-2.71875, z=-9.303962743630485)
 }
20:21:17 `Bat`549476 missed {
 is already Found: false).
 Position: LorenzVec(x=-168.5, y=66.28125, z=-55.5)
 DistanceC: 15.405677841923705
Relative Position: LorenzVec(x=-15.405677841923705, y=-2.71875, z=-8.303962743630485)
 }
20:21:17 `Bat`549478 missed {
 is already Found: false).
 Position: LorenzVec(x=-168.5, y=67.28125, z=-57.5)
 DistanceC: 15.405677841923705
Relative Position: LorenzVec(x=-15.405677841923705, y=-1.71875, z=-10.303962743630485)
 }
20:21:17 `Bat`549480 missed {
 is already Found: false).
 Position: LorenzVec(x=-168.5, y=67.28125, z=-56.5)
 DistanceC: 15.405677841923705
Relative Position: LorenzVec(x=-15.405677841923705, y=-1.71875, z=-9.303962743630485)
 }
20:21:17 `Bat`549482 missed {
 is already Found: false).
 Position: LorenzVec(x=-168.5, y=67.28125, z=-55.5)
 DistanceC: 15.405677841923705
Relative Position: LorenzVec(x=-15.405677841923705, y=-1.71875, z=-8.303962743630485)
 }
20:21:17 `Bat`549484 missed {
 is already Found: false).
 Position: LorenzVec(x=-167.5, y=64.28125, z=-57.5)
 DistanceC: 14.405677841923705
Relative Position: LorenzVec(x=-14.405677841923705, y=-4.71875, z=-10.303962743630485)
 }
20:21:17 `Bat`549486 missed {
 is already Found: false).
 Position: LorenzVec(x=-167.5, y=64.28125, z=-56.5)
 DistanceC: 14.405677841923705
Relative Position: LorenzVec(x=-14.405677841923705, y=-4.71875, z=-9.303962743630485)
 }
20:21:17 `Bat`549488 missed {
 is already Found: false).
 Position: LorenzVec(x=-167.5, y=64.28125, z=-55.5)
 DistanceC: 14.405677841923705
Relative Position: LorenzVec(x=-14.405677841923705, y=-4.71875, z=-8.303962743630485)
 }
20:21:17 `Bat`549490 missed {
 is already Found: false).
 Position: LorenzVec(x=-167.5, y=65.28125, z=-57.5)
 DistanceC: 14.405677841923705
Relative Position: LorenzVec(x=-14.405677841923705, y=-3.71875, z=-10.303962743630485)
 }
20:21:17 `Bat`549492 missed {
 is already Found: false).
 Position: LorenzVec(x=-167.5, y=65.28125, z=-56.5)
 DistanceC: 14.405677841923705
Relative Position: LorenzVec(x=-14.405677841923705, y=-3.71875, z=-9.303962743630485)
 }
20:21:17 `Bat`549494 missed {
 is already Found: false).
 Position: LorenzVec(x=-167.5, y=65.28125, z=-55.5)
 DistanceC: 14.405677841923705
Relative Position: LorenzVec(x=-14.405677841923705, y=-3.71875, z=-8.303962743630485)
 }
20:21:17 `Bat`549496 missed {
 is already Found: false).
 Position: LorenzVec(x=-167.5, y=66.28125, z=-57.5)
 DistanceC: 14.405677841923705
Relative Position: LorenzVec(x=-14.405677841923705, y=-2.71875, z=-10.303962743630485)
 }
20:21:17 `Bat`549498 missed {
 is already Found: false).
 Position: LorenzVec(x=-167.5, y=66.28125, z=-56.5)
 DistanceC: 14.405677841923705
Relative Position: LorenzVec(x=-14.405677841923705, y=-2.71875, z=-9.303962743630485)
 }
20:21:17 `Bat`549500 missed {
 is already Found: false).
 Position: LorenzVec(x=-167.5, y=66.28125, z=-55.5)
 DistanceC: 14.405677841923705
Relative Position: LorenzVec(x=-14.405677841923705, y=-2.71875, z=-8.303962743630485)
 }
20:21:17 `Bat`549502 missed {
 is already Found: false).
 Position: LorenzVec(x=-167.5, y=67.28125, z=-57.5)
 DistanceC: 14.405677841923705
Relative Position: LorenzVec(x=-14.405677841923705, y=-1.71875, z=-10.303962743630485)
 }
20:21:17 `Bat`549504 missed {
 is already Found: false).
 Position: LorenzVec(x=-167.5, y=67.28125, z=-56.5)
 DistanceC: 14.405677841923705
Relative Position: LorenzVec(x=-14.405677841923705, y=-1.71875, z=-9.303962743630485)
 }
20:21:17 `Bat`549506 missed {
 is already Found: false).
 Position: LorenzVec(x=-167.5, y=67.28125, z=-55.5)
 DistanceC: 14.405677841923705
Relative Position: LorenzVec(x=-14.405677841923705, y=-1.71875, z=-8.303962743630485)
 }
20:21:31 `Bat`549835 missed {
 is already Found: false).
 Position: LorenzVec(x=-153.5, y=64.28125, z=-71.5)
 DistanceC: 15.88137682887718
Relative Position: LorenzVec(x=-9.246071472027126, y=-4.71875, z=15.88137682887718)
 }
20:21:31 `Bat`549841 missed {
 is already Found: false).
 Position: LorenzVec(x=-153.5, y=65.28125, z=-71.5)
 DistanceC: 15.88137682887718
Relative Position: LorenzVec(x=-9.246071472027126, y=-3.71875, z=15.88137682887718)
 }
20:21:31 `Bat`549847 missed {
 is already Found: false).
 Position: LorenzVec(x=-153.5, y=66.28125, z=-71.5)
 DistanceC: 15.88137682887718
Relative Position: LorenzVec(x=-9.246071472027126, y=-2.71875, z=15.88137682887718)
 }
20:21:31 `Bat`549853 missed {
 is already Found: false).
 Position: LorenzVec(x=-153.5, y=67.28125, z=-71.5)
 DistanceC: 15.88137682887718
Relative Position: LorenzVec(x=-9.246071472027126, y=-1.71875, z=15.88137682887718)
 }
20:21:31 `Bat`549859 missed {
 is already Found: false).
 Position: LorenzVec(x=-152.5, y=64.28125, z=-71.5)
 DistanceC: 15.88137682887718
Relative Position: LorenzVec(x=-8.246071472027126, y=-4.71875, z=15.88137682887718)
 }
20:21:31 `Bat`549865 missed {
 is already Found: false).
 Position: LorenzVec(x=-152.5, y=65.28125, z=-71.5)
 DistanceC: 15.88137682887718
Relative Position: LorenzVec(x=-8.246071472027126, y=-3.71875, z=15.88137682887718)
 }
20:21:31 `Bat`549871 missed {
 is already Found: false).
 Position: LorenzVec(x=-152.5, y=66.28125, z=-71.5)
 DistanceC: 15.88137682887718
Relative Position: LorenzVec(x=-8.246071472027126, y=-2.71875, z=15.88137682887718)
 }
20:21:31 `Bat`549877 missed {
 is already Found: false).
 Position: LorenzVec(x=-152.5, y=67.28125, z=-71.5)
 DistanceC: 15.88137682887718
Relative Position: LorenzVec(x=-8.246071472027126, y=-1.71875, z=15.88137682887718)
 }
20:21:31 `Bat`549883 missed {
 is already Found: false).
 Position: LorenzVec(x=-151.5, y=64.28125, z=-71.5)
 DistanceC: 15.88137682887718
Relative Position: LorenzVec(x=-7.2460714720271255, y=-4.71875, z=15.88137682887718)
 }
20:21:31 `Bat`549889 missed {
 is already Found: false).
 Position: LorenzVec(x=-151.5, y=65.28125, z=-71.5)
 DistanceC: 15.88137682887718
Relative Position: LorenzVec(x=-7.2460714720271255, y=-3.71875, z=15.88137682887718)
 }
20:21:31 `Bat`549895 missed {
 is already Found: false).
 Position: LorenzVec(x=-151.5, y=66.28125, z=-71.5)
 DistanceC: 15.88137682887718
Relative Position: LorenzVec(x=-7.2460714720271255, y=-2.71875, z=15.88137682887718)
 }
20:21:31 `Bat`549901 missed {
 is already Found: false).
 Position: LorenzVec(x=-151.5, y=67.28125, z=-71.5)
 DistanceC: 15.88137682887718
Relative Position: LorenzVec(x=-7.2460714720271255, y=-1.71875, z=15.88137682887718)
 }
20:21:31 `Bat`549833 missed {
 is already Found: false).
 Position: LorenzVec(x=-153.5, y=64.28125, z=-72.5)
 DistanceC: 15.780739786581165
Relative Position: LorenzVec(x=-9.235532291762524, y=-4.71875, z=15.780739786581165)
 }
20:21:31 `Bat`549839 missed {
 is already Found: false).
 Position: LorenzVec(x=-153.5, y=65.28125, z=-72.5)
 DistanceC: 15.780739786581165
Relative Position: LorenzVec(x=-9.235532291762524, y=-3.71875, z=15.780739786581165)
 }
20:21:31 `Bat`549845 missed {
 is already Found: false).
 Position: LorenzVec(x=-153.5, y=66.28125, z=-72.5)
 DistanceC: 15.780739786581165
Relative Position: LorenzVec(x=-9.235532291762524, y=-2.71875, z=15.780739786581165)
 }
20:21:31 `Bat`549851 missed {
 is already Found: false).
 Position: LorenzVec(x=-153.5, y=67.28125, z=-72.5)
 DistanceC: 15.780739786581165
Relative Position: LorenzVec(x=-9.235532291762524, y=-1.71875, z=15.780739786581165)
 }
20:21:31 `Bat`549857 missed {
 is already Found: false).
 Position: LorenzVec(x=-152.5, y=64.28125, z=-72.5)
 DistanceC: 15.780739786581165
Relative Position: LorenzVec(x=-8.235532291762524, y=-4.71875, z=15.780739786581165)
 }
20:21:31 `Bat`549863 missed {
 is already Found: false).
 Position: LorenzVec(x=-152.5, y=65.28125, z=-72.5)
 DistanceC: 15.780739786581165
Relative Position: LorenzVec(x=-8.235532291762524, y=-3.71875, z=15.780739786581165)
 }
20:21:31 `Bat`549869 missed {
 is already Found: false).
 Position: LorenzVec(x=-152.5, y=66.28125, z=-72.5)
 DistanceC: 15.780739786581165
Relative Position: LorenzVec(x=-8.235532291762524, y=-2.71875, z=15.780739786581165)
 }
20:21:31 `Bat`549875 missed {
 is already Found: false).
 Position: LorenzVec(x=-152.5, y=67.28125, z=-72.5)
 DistanceC: 15.780739786581165
Relative Position: LorenzVec(x=-8.235532291762524, y=-1.71875, z=15.780739786581165)
 }
20:21:31 `Bat`549881 missed {
 is already Found: false).
 Position: LorenzVec(x=-151.5, y=64.28125, z=-72.5)
 DistanceC: 15.780739786581165
Relative Position: LorenzVec(x=-7.235532291762524, y=-4.71875, z=15.780739786581165)
 }
20:21:31 `Bat`549887 missed {
 is already Found: false).
 Position: LorenzVec(x=-151.5, y=65.28125, z=-72.5)
 DistanceC: 15.780739786581165
Relative Position: LorenzVec(x=-7.235532291762524, y=-3.71875, z=15.780739786581165)
 }
20:21:31 `Bat`549893 missed {
 is already Found: false).
 Position: LorenzVec(x=-151.5, y=66.28125, z=-72.5)
 DistanceC: 15.780739786581165
Relative Position: LorenzVec(x=-7.235532291762524, y=-2.71875, z=15.780739786581165)
 }
20:21:31 `Bat`549899 missed {
 is already Found: false).
 Position: LorenzVec(x=-151.5, y=67.28125, z=-72.5)
 DistanceC: 15.780739786581165
Relative Position: LorenzVec(x=-7.235532291762524, y=-1.71875, z=15.780739786581165)
 }
20:21:31 `Bat`549831 missed {
 is already Found: false).
 Position: LorenzVec(x=-153.5, y=64.28125, z=-73.5)
 DistanceC: 15.190338547894669
Relative Position: LorenzVec(x=-7.866704458751144, y=-4.71875, z=15.190338547894669)
 }
20:21:31 `Bat`549837 missed {
 is already Found: false).
 Position: LorenzVec(x=-153.5, y=65.28125, z=-73.5)
 DistanceC: 15.190338547894669
Relative Position: LorenzVec(x=-7.866704458751144, y=-3.71875, z=15.190338547894669)
 }
20:21:31 `Bat`549843 missed {
 is already Found: false).
 Position: LorenzVec(x=-153.5, y=66.28125, z=-73.5)
 DistanceC: 15.190338547894669
Relative Position: LorenzVec(x=-7.866704458751144, y=-2.71875, z=15.190338547894669)
 }
20:21:31 `Bat`549849 missed {
 is already Found: false).
 Position: LorenzVec(x=-153.5, y=67.28125, z=-73.5)
 DistanceC: 15.190338547894669
Relative Position: LorenzVec(x=-7.866704458751144, y=-1.71875, z=15.190338547894669)
 }
20:21:31 `Bat`549855 missed {
 is already Found: false).
 Position: LorenzVec(x=-152.5, y=64.28125, z=-73.5)
 DistanceC: 15.190338547894669
Relative Position: LorenzVec(x=-6.866704458751144, y=-4.71875, z=15.190338547894669)
 }
20:21:31 `Bat`549861 missed {
 is already Found: false).
 Position: LorenzVec(x=-152.5, y=65.28125, z=-73.5)
 DistanceC: 15.190338547894669
Relative Position: LorenzVec(x=-6.866704458751144, y=-3.71875, z=15.190338547894669)
 }
20:21:31 `Bat`549867 missed {
 is already Found: false).
 Position: LorenzVec(x=-152.5, y=66.28125, z=-73.5)
 DistanceC: 15.190338547894669
Relative Position: LorenzVec(x=-6.866704458751144, y=-2.71875, z=15.190338547894669)
 }
20:21:31 `Bat`549873 missed {
 is already Found: false).
 Position: LorenzVec(x=-152.5, y=67.28125, z=-73.5)
 DistanceC: 15.190338547894669
Relative Position: LorenzVec(x=-6.866704458751144, y=-1.71875, z=15.190338547894669)
 }
20:21:31 `Bat`549879 missed {
 is already Found: false).
 Position: LorenzVec(x=-151.5, y=64.28125, z=-73.5)
 DistanceC: 15.190338547894669
Relative Position: LorenzVec(x=-5.866704458751144, y=-4.71875, z=15.190338547894669)
 }
20:21:31 `Bat`549885 missed {
 is already Found: false).
 Position: LorenzVec(x=-151.5, y=65.28125, z=-73.5)
 DistanceC: 15.190338547894669
Relative Position: LorenzVec(x=-5.866704458751144, y=-3.71875, z=15.190338547894669)
 }
20:21:31 `Bat`549891 missed {
 is already Found: false).
 Position: LorenzVec(x=-151.5, y=66.28125, z=-73.5)
 DistanceC: 15.190338547894669
Relative Position: LorenzVec(x=-5.866704458751144, y=-2.71875, z=15.190338547894669)
 }
20:21:31 `Bat`549897 missed {
 is already Found: false).
 Position: LorenzVec(x=-151.5, y=67.28125, z=-73.5)
 DistanceC: 15.190338547894669
Relative Position: LorenzVec(x=-5.866704458751144, y=-1.71875, z=15.190338547894669)
 }
20:22:24 `Skeleton`552613 missed {
 is already Found: false).
 Position: LorenzVec(x=-119.52494855967079, y=52.98628257887517, z=-26.504329561042525)
 DistanceC: 8.371417510426781
Relative Position: LorenzVec(x=8.371417510426781, y=-16.01371742112483, z=1.6307141445593913)
 }
20:22:48 `Skeleton`553529 missed {
 is already Found: false).
 Position: LorenzVec(x=-32.5, y=68.0, z=-90.8125)
 DistanceC: 21.546861680026836
Relative Position: LorenzVec(x=-9.99218097344524, y=8.5, z=21.546861680026836)
 }
