21:36:55 §e[SkyHanni] Reloaded 7440 items in the NEU repo§r
21:37:39 §e[SkyHanni] You have gained §b495 §eBits.§r
21:41:56 §e[SkyHanni] You have gained §b24 §eBits.§r
21:43:51 §e[SkyHanni] Start a new slayer quest! The old slayer quest has failed!§r
21:44:02 §e[SkyHanni] Start a new slayer quest! The old slayer quest has failed!§r
21:44:12 §e[SkyHanni] Start a new slayer quest! The old slayer quest has failed!§r
21:44:23 §e[SkyHanni] Start a new slayer quest! The old slayer quest has failed!§r
21:44:33 §e[SkyHanni] Start a new slayer quest! The old slayer quest has failed!§r
21:46:16 §e[SkyHanni] You have gained §b24 §eBits.§r
21:48:08 §e[SkyHanni] You have gained §b24 §eBits.§r
21:49:33 §e[SkyHanni] You have gained §b24 §eBits.§r
21:51:48 §e[SkyHanni] You have gained §b48 §eBits.§r
21:53:42 §e[SkyHanni] You have gained §b24 §eBits.§r
21:55:49 §e[SkyHanni] You have gained §b24 §eBits.§r
21:57:31 §e[SkyHanni] You have gained §b48 §eBits.§r
21:59:38 §e[SkyHanni] You have gained §b48 §eBits.§r
22:01:50 §e[SkyHanni] You have gained §b24 §eBits.§r
22:02:59 §e[SkyHanni] §f                §r§eYour Weight: §r§a86§r
22:03:45 §e[SkyHanni] You have gained §b24 §eBits.§r
22:05:42 §e[SkyHanni] You have gained §b24 §eBits.§r
22:07:36 §e[SkyHanni] You have gained §b24 §eBits.§r
22:08:18 §e[SkyHanni] You have gained §b495 §eBits.§r
22:09:27 §e[SkyHanni] You have gained §b48 §eBits.§r
22:11:41 §e[SkyHanni] You have gained §b24 §eBits.§r
22:13:40 §e[SkyHanni] You have gained §b24 §eBits.§r
22:15:33 §e[SkyHanni] You have gained §b24 §eBits.§r
22:17:46 §e[SkyHanni] You have gained §b24 §eBits.§r
22:19:46 §e[SkyHanni] You have gained §b24 §eBits.§r
22:21:36 §e[SkyHanni] You have gained §b24 §eBits.§r
22:23:34 §e[SkyHanni] §f                §r§eYour Weight: §r§a10§r
22:23:34 §e[SkyHanni] Profit for Dragon§e: §6291§r
22:23:38 §e[SkyHanni] You have gained §b24 §eBits.§r
22:26:14 §e[SkyHanni] You have gained §b24 §eBits.§r
22:27:45 §e[SkyHanni] You have gained §b48 §eBits.§r
22:30:05 §e[SkyHanni] You have gained §b24 §eBits.§r
22:32:06 §e[SkyHanni] You have gained §b24 §eBits.§r
22:36:23 §e[SkyHanni] §f                §r§eYour Weight: §r§a10§r
22:37:03 §e[SkyHanni] You have gained §b24 §eBits.§r
22:38:09 §e[SkyHanni] You have gained §b20 §eBits.§r
22:38:51 §e[SkyHanni] §bNo Bits Available! §eClick to buy booster cookies on the bazaar.§r
22:38:51 §e[SkyHanni] You have gained §b433 §eBits.§r
22:41:02 §e[SkyHanni] Wrong slayer selected! You have Voidgloom Seraph selected and you are in an Tarantula Broodfather area!§r
22:42:43 §e[SkyHanni] Mark NEU Heavy Pearls as done.§r
22:47:53 §e[SkyHanni] Wanna retry the rescue mission quest? Click here!§r
22:53:45 §e[SkyHanni] Low on arrows §e(100 left)§r
23:15:00 §e[SkyHanni] The Perkpocalypse Mayor has expired! Click here to update the new temporary Mayor.§r
23:41:15 §e[SkyHanni] §f                §r§eYour Weight: §r§a10§r
23:57:16 §e[SkyHanni] §f                §r§eYour Weight: §r§a10§r
23:57:16 §e[SkyHanni] Profit for Dragon§e: §6265§r
23:59:18 §e[SkyHanni] §f                §r§eYour Weight: §r§a10§r
23:59:19 §e[SkyHanni] Profit for Dragon§e: §6462§r
00:09:00 §e[SkyHanni] §f                §r§eYour Weight: §r§a114§r
00:09:00 §e[SkyHanni] Profit for Dragon§e: §6123k§r
00:09:11 §e[SkyHanni] Start a new slayer quest! The old slayer quest has failed!§r
00:10:43 §e[SkyHanni] §f                §r§eYour Weight: §r§a130§r
00:10:43 §e[SkyHanni] Profit for Dragon§e: §6123k§r
00:13:01 §e[SkyHanni] §f                §r§eYour Weight: §r§a102§r
00:13:01 §e[SkyHanni] Profit for Dragon§e: §652k§r
00:19:49 §e[SkyHanni] §f                §r§eYour Weight: §r§a10§r
00:38:18 §e[SkyHanni] §lCLICK HERE§r§e to grab §ax1015 §9§aEnchanted Ender Pearl§e from sacks!§r
01:02:12 §e[SkyHanni] Start a new slayer quest! The old slayer quest has failed!§r
01:17:56 §e[SkyHanni] §f                §r§eYour Weight: §r§a16§r
01:21:39 §e[SkyHanni] Start a new slayer quest! The old slayer quest has failed!§r
01:26:41 §e[SkyHanni] §b+125 SkyBlock XP §7(Slayer Level Up§7)§b (72/100)§r
01:49:07 §a§lPotion Effect! §r§4Regeneration IV§r
01:49:07 §a§lPotion Effect! §r§4Strength IV§r
01:49:07 §a§lPotion Effect! §r§4Critical III§r
01:49:07 §a§lPotion Effect! §r§9Speed IV§r
01:49:07 §a§lPotion Effect! §r§aResistance IV§r
01:49:07 §a§lPotion Effect! §r§bArchery III§r
01:54:49 §e[SkyHanni] §b+4 SkyBlock XP §7(Accessory Bag§7)§b (76/100)§r
02:21:00 §e[SkyHanni] §f                §r§eYour Weight: §r§a197§r
02:26:38 §e[SkyHanni] §f                §r§eYour Weight: §r§a22§r
02:35:29 §e[SkyHanni] §f                §r§eYour Weight: §r§a620§r
02:35:30 §e[SkyHanni] Profit for Dragon§e: §c-3.9M§r
02:36:12 §e[SkyHanni] §b+5 SkyBlock XP §7(Museum Donations§7)§b (33/100)§r
02:43:02 §e[SkyHanni] Gained §d24,000 motes §ethis Rift session! (§d2.8M/h§e)§r
02:43:28 §e[SkyHanni] §f                §r§eYour Weight: §r§a300§r
02:43:28 §e[SkyHanni] Profit for Dragon§e: §6975k§r
02:45:53 §e[SkyHanni] §f                §r§eYour Weight: §r§a103§r
02:46:03 §e[SkyHanni] §f                §r§eYour Weight: §r§a235§r
02:46:03 §e[SkyHanni] Profit for Dragon§e: §6401k§r
