20:30:50 [allowed] §aYou are still radiating with §bGenerosity§r§a!
20:30:50 [allowed] §f §r§r§r§f §r§r§r§1 §r§r§r§0 §r§r§r§2 §r§r§r§f §r§r§r§f §r§r§r§2 §r§r§r§0 §r§r§r§4 §r§r§r§3 §r§r§r§9 §r§r§r§2 §r§r§r§0 §r§r§r§0 §r§r§r§3 §r§r§r§9 §r§r§r§2 §r§r§r§0 §r§r§r§0 §r§r§r§3 §r§r§r§9 §r§r§r§2 §r§r§r§0 §r§r§r§0 
20:30:50 [allowed] §b[MVP§0+§b] KobeAim§f §6joined the lobby!
20:30:51 [allowed] §b[MVP§c+§b] IcyyXSoap_Alt§f §6joined the lobby!
20:30:51 [allowed]   §r§f§l➤ §r§6You have reached your Hype limit! Add Hype to Prototype Lobby minigames by right-clicking with the Hype Diamond!
20:30:53 [allowed] §b[MVP§9+§b] PredevMerchant§f §6joined the lobby!
20:30:54 [allowed] §b[MVP§d+§b] JasiYue§f §6joined the lobby!
20:30:57 [allowed] §7Sending to server mini254E...
20:30:58 [allowed] §8 §r§8 §r§1 §r§3 §r§3 §r§7 §r§8 
20:30:59 [allowed]  
20:30:59 [allowed] §f       §7You have §31 §7pending §3Bestiary Milestone §7to be claimed!
20:30:59 [allowed] §f                    §6§l>>> §6§lCLICK HERE§e to claim it! §6§l<<<
20:30:59 [allowed]   
20:31:00 [allowed] 
20:31:00 [allowed] §eWelcome to §r§aHypixel SkyBlock§r§e!
20:31:00 [allowed] 
20:31:00 [allowed] §eLatest update: §bSkyBlock v0.22.1 §e§lCLICK
20:31:00 [allowed] §aYou are playing on profile: §eCoconut§b (Co-op)
20:31:00 [allowed] §8Profile ID: 4ef1bd42-ec32-42d4-afba-b766eacde1e7
20:31:08 [allowed] §7Claiming upgrade...
20:31:08 [allowed] §eYou claimed the §r§aGuests Limit I §r§eupgrade!
20:31:23 [allowed] §7Starting profile upgrade...
20:31:23 [allowed] §eYou started the §r§aIsland Size IV §r§eupgrade!
20:31:29 [allowed] §8[§r§f70§r§8] §r§a[VIP] EgirlDiamond§f§r§f: snipe on my ah :)
20:32:00 [allowed] §aFriend > §r§bKifesh §r§ejoined.
20:32:01 [allowed] §6[Sacks] §r§a+8§r§e items§r§e.§r§8 (Last 5s.)
20:32:11 [allowed] §7DjBozePotje §ahas sent you a trade request. §bClick here §ato accept!
20:32:21 [allowed] §6[Bazaar] §r§7Claiming order...
20:32:21 [allowed] §6[Bazaar] §r§7§r§7Claimed §r§a9§r§7x §r§5❁ Flawless Jasper Gemstone §r§7worth §r§637,016,259 coins §r§7bought for §r§64,112,918 §r§7each!
20:32:22 [allowed] §cThe /trade request from §r§7DjBozePotje§r§7 §r§cexpired!
20:32:40 [allowed] §cYou don't have enough Coins!
20:32:45 [allowed] §8Withdrawing coins...
20:32:45 [allowed] §aYou have withdrawn §r§635.9M coins§r§a! You now have §r§60 coins §r§ain your account!
20:32:45 [allowed] §7DjBozePotje §ahas sent you a trade request. §bClick here §ato accept!
20:32:55 [allowed] §cThe /trade request from §r§7DjBozePotje§r§7 §r§cexpired!
20:32:56 [allowed] §7Placing your bid...
20:32:56 [allowed] §aSuccessfully placed your Stonk bid of §r§63,100,000 Coins§r§a!
20:32:58 [allowed] §aYou claimed §r§82x §r§5Stock of Stonks §r§afrom the §r§dStonks Auction§r§a!
20:33:04 [allowed] §aYou bought §r§5Golden Fragment§r§a!
20:33:25 [allowed] §aYou unlocked a §r§d❁ Jasper Gemstone Slot §r§aon your §r§dAncient Necron's Chestplate §r§6✪✪✪✪✪§r§a!
20:33:28 [allowed] §aYou applied a §r§5❁ Flawless Jasper Gemstone §r§ato your §r§dAncient Necron's Chestplate §r§6✪✪✪✪✪§r§a!
20:33:34 [allowed] §aYou unlocked a §r§d❁ Jasper Gemstone Slot §r§aon your §r§dAncient Necron's Leggings §r§6✪✪✪✪✪§r§a!
20:33:36 [allowed] §aYou applied a §r§5❁ Flawless Jasper Gemstone §r§ato your §r§dAncient Necron's Leggings §r§6✪✪✪✪✪§r§a!
20:33:41 [allowed] §aYou unlocked a §r§d❁ Jasper Gemstone Slot §r§aon your §r§dAncient Necron's Boots §r§6✪✪✪✪✪§r§a!
20:33:42 [allowed] §aYou applied a §r§5❁ Flawless Jasper Gemstone §r§ato your §r§dAncient Necron's Boots §r§6✪✪✪✪✪§r§a!
20:34:12 [allowed] §aFriend > §r§bMatteke42 §r§ejoined.
20:34:12 [allowed] §aYou applied a §r§5Fuming Potato Book §r§ato your §r§dAncient Necron's Chestplate §r§6✪✪✪✪✪§r§a!
20:34:13 [allowed] §aYou applied a §r§5Fuming Potato Book §r§ato your §r§dAncient Necron's Chestplate §r§6✪✪✪✪✪§r§a!
20:34:13 [allowed] §aYou applied a §r§5Fuming Potato Book §r§ato your §r§dAncient Necron's Chestplate §r§6✪✪✪✪✪§r§a!
20:34:14 [allowed] §aYou applied a §r§5Fuming Potato Book §r§ato your §r§dAncient Necron's Chestplate §r§6✪✪✪✪✪§r§a!
20:34:15 [allowed] §cYou have applied the maximum amount of Potato Books to this item!
20:34:15 [allowed] §aYou applied a §r§5Fuming Potato Book §r§ato your §r§dAncient Necron's Chestplate §r§6✪✪✪✪✪§r§a!
20:34:21 [allowed] §8[§r§f70§r§8] §r§a[VIP] EgirlDiamond§f§r§f: boy take that **** OFF
20:34:22 [allowed] §8[§r§f70§r§8] §r§a[VIP] EgirlDiamond§f§r§f: NOW
20:34:25 [allowed] §cThere are blocks in the way!
20:34:25 [allowed] §8[§r§f70§r§8] §r§a[VIP] EgirlDiamond§f§r§f: SUSI
20:34:26 [allowed] §8[§r§f70§r§8] §r§a[VIP] EgirlDiamond§f§r§f: NOIIW
20:34:28 [allowed] §8[§r§f70§r§8] §r§a[VIP] EgirlDiamond§f§r§f: TAKE THAT ***** OFF
20:34:28 [allowed] §8[§r§f70§r§8] §r§a[VIP] EgirlDiamond§f§r§f: NOW
20:34:35 [allowed] §7Sending to server mini182AV...
20:34:37 [allowed] §8 §r§8 §r§1 §r§3 §r§3 §r§7 §r§8 
20:34:37 [allowed]  
20:34:37 [allowed] §f       §7You have §31 §7pending §3Bestiary Milestone §7to be claimed!
20:34:37 [allowed] §f                    §6§l>>> §6§lCLICK HERE§e to claim it! §6§l<<<
20:34:37 [allowed]   
20:34:39 [allowed] §aYou are playing on profile: §eCoconut§b (Co-op)
20:34:39 [allowed] §8Profile ID: 4ef1bd42-ec32-42d4-afba-b766eacde1e7
20:34:40 [allowed] §6§lROUND 1§r§6§l: §r§eYou chose §r§a§lSPLIT §r§eand gained §r§53,000 Motes§r§e!
20:34:41 [allowed] §6§lROUND 2§r§6§l: §r§eYou chose §r§a§lSPLIT §r§eand gained §r§53,000 Motes§r§e!
20:34:43 [allowed] §6§lROUND 3§r§6§l: §r§eYou chose §r§a§lSPLIT §r§eand gained §r§53,000 Motes§r§e!
20:34:45 [allowed] §6§lROUND 4§r§6§l: §r§eYou chose §r§a§lSPLIT §r§eand gained §r§53,000 Motes§r§e!
20:34:48 [allowed] §6§lROUND 5§r§6§l: §r§eYou chose §r§a§lSPLIT §r§eand gained §r§53,000 Motes§r§e!
20:34:50 [allowed] §6§lROUND 6 §r§6(§r§6§lFINAL§r§6)§r§6§l: §r§eYou chose §r§a§lSPLIT §r§eand gained §r§53,000 Motes§r§e!
20:34:50 [allowed] §eYou earned §r§518,000 Motes §r§ein this match!
20:34:50 [allowed] §eYour opponent earned §r§518,000 Motes §r§ein this match!
20:34:52 [allowed] §7Warping...
20:34:52 [allowed] §7Sending to server mini14BV...
20:34:55 [allowed] §8 §r§8 §r§1 §r§3 §r§3 §r§7 §r§8 
20:34:55 [allowed]  
20:34:55 [allowed] §f       §7You have §31 §7pending §3Bestiary Milestone §7to be claimed!
20:34:55 [allowed] §f                    §6§l>>> §6§lCLICK HERE§e to claim it! §6§l<<<
20:34:55 [allowed]   
20:34:57 [allowed] §aYou are playing on profile: §eCoconut§b (Co-op)
20:34:57 [allowed] §8Profile ID: 4ef1bd42-ec32-42d4-afba-b766eacde1e7
20:35:00 [allowed] §7Finding player...
20:35:01 [allowed] §7Sending a visit request...
20:35:02 [allowed] §7Sending to server mini97M...
20:35:04 [allowed] §8 §r§8 §r§1 §r§3 §r§3 §r§7 §r§8 
20:35:04 [allowed] §f§m-----------------------------------------------------
§r§cYou should NEVER enter your Microsoft account details anywhere but on official Microsoft services!

§r§cExternal links from untrusted sources should be avoided.
§r§f§m-----------------------------------------------------
20:35:04 [allowed]  
20:35:04 [allowed] §f       §7You have §31 §7pending §3Bestiary Milestone §7to be claimed!
20:35:04 [allowed] §f                    §6§l>>> §6§lCLICK HERE§e to claim it! §6§l<<<
20:35:04 [allowed]   
20:35:05 [allowed] §aYou are playing on profile: §eCoconut§b (Co-op)
20:35:05 [allowed] §8Profile ID: 4ef1bd42-ec32-42d4-afba-b766eacde1e7
20:35:34 [allowed] §d§lYum! §r§eYou gain §r§c+2⫽ Ferocity §r§efor §r§a48 §r§ehours!
20:35:34 [allowed] §d§lYum! §r§eYou gain §r§f+10✦ Speed §r§efor §r§a48 §r§ehours!
20:35:35 [allowed] §d§lYum! §r§eYou gain §r§a+3❈ Defense §r§efor §r§a48 §r§ehours!
20:35:36 [allowed] §d§lYum! §r§eYou gain §r§b+5✎ Intelligence §r§efor §r§a48 §r§ehours!
20:35:36 [allowed] §d§lYum! §r§eYou gain §r§6+5☘ Mining Fortune §r§efor §r§a48 §r§ehours!
20:35:37 [allowed] §d§lYum! §r§eYou gain §r§3+1α Sea Creature Chance §r§efor §r§a48 §r§ehours!
20:35:37 [allowed] §d§lYum! §r§eYou gain §r§a+10ф Rift Time §r§efor §r§a48 §r§ehours!
20:35:38 [allowed] §d§lYum! §r§eYou gain §r§4+1♨ Vitality §r§efor §r§a48 §r§ehours!
20:35:38 [allowed] §d§lYum! §r§eYou gain §r§6+5☘ Farming Fortune §r§efor §r§a48 §r§ehours!
20:35:38 [allowed] §d§lYum! §r§eYou gain §r§b+1✯ Magic Find §r§efor §r§a48 §r§ehours!
20:35:39 [allowed] §d§lYum! §r§eYou gain §r§f+1❂ True Defense §r§efor §r§a48 §r§ehours!
20:35:39 [allowed] §d§lYum! §r§eYou gain §r§b+1❄ Cold Resistance §r§efor §r§a48 §r§ehours!
20:35:40 [allowed] §d§lYum! §r§eYou gain §r§6+5☘ Foraging Fortune §r§efor §r§a48 §r§ehours!
20:35:40 [allowed] §d§lYum! §r§eYou gain §r§c+10❤ Health §r§efor §r§a48 §r§ehours!
20:35:40 [allowed] §d§lYum! §r§eYou gain §r§d+1♣ Pet Luck §r§efor §r§a48 §r§ehours!
20:35:41 [allowed] §d§lYum! §r§eYou gain §r§c+2❁ Strength §r§efor §r§a48 §r§ehours!
20:36:24 [allowed] §cThis ability is disabled while guesting!
20:38:58 [allowed] §cThis ability is disabled while guesting!
20:38:58 [allowed] §cThis ability is disabled while guesting!
20:41:34 [allowed] §aYou earned §r§2613 GEXP §r§afrom playing SkyBlock!
20:44:37 [allowed] §aFriend > §r§bcatgirlpj §r§ejoined.
20:44:38 [allowed] §aFriend > §r§bcatgirlpj §r§eleft.
20:44:40 [allowed] §aFriend > §r§bcatgirlpj §r§eleft.
20:44:44 [allowed] §aFriend > §r§bcatgirlpj §r§ejoined.
20:45:50 [allowed] §a§aYou tipped 15 players in 15 different games!
20:46:37 [allowed] §aYou earned §r§2696 GEXP §r§afrom playing SkyBlock!
20:48:47 [allowed] §cThis ability is disabled while guesting!
20:48:48 [allowed] §cThis ability is disabled while guesting!
20:49:37 [allowed] §aFriend > §r§bboredwolf1003 §r§ejoined.
20:51:26 [allowed] §cThis ability is disabled while guesting!
20:51:40 [allowed] §aYou earned §r§2716 GEXP §r§afrom playing SkyBlock!
20:51:46 [allowed] §aFriend > §r§arom0kyu §r§eleft.
20:54:17 [allowed] §aFriend > §r§arom0kyu §r§ejoined.
20:54:25 [allowed] §aFriend > §r§bKifesh §r§eleft.
20:55:01 [allowed] §6§lMINING FIESTA §r§ehas concluded! Put your pickaxe down and haul your ores home!
20:55:09 [allowed] §7Warping...
20:55:09 [allowed] §7Sending to server mini23DP...
20:55:10 [allowed] §8 §r§8 §r§1 §r§3 §r§3 §r§7 §r§8 
20:55:10 [allowed]  
20:55:10 [allowed] §f       §7You have §31 §7pending §3Bestiary Milestone §7to be claimed!
20:55:10 [allowed] §f                    §6§l>>> §6§lCLICK HERE§e to claim it! §6§l<<<
20:55:10 [allowed]   
20:55:12 [allowed] §cThere are blocks in the way!
20:55:12 [allowed] §cThere are blocks in the way!
20:55:12 [allowed] §cThere are blocks in the way!
20:55:13 [allowed] §aYou are playing on profile: §eCoconut§b (Co-op)
20:55:13 [allowed] §8Profile ID: 4ef1bd42-ec32-42d4-afba-b766eacde1e7
20:55:14 [allowed] §cThere are blocks in the way!
20:55:15 [allowed] §cThere are blocks in the way!
20:55:17 [allowed] §8Depositing coins...
20:55:17 [allowed] §aYou have deposited §r§632.1M coins§r§a! You now have §r§632.1M coins §r§ain your account!
20:55:20 [allowed] §8Withdrawing coins...
20:55:20 [allowed] §aWithdrew §r§664.7M coins§r§a! There's now §r§60 coins §r§aleft in the account!
20:55:26 [allowed] §cThere are blocks in the way!
20:55:29 [allowed] §cThere are blocks in the way!
20:55:29 [allowed] §e[NPC] §6Sirius§f: §rAre you here for the Auction? Only the richest players can enter.
20:55:30 [allowed] §7Signing up to the Dark Auction...
20:55:30 [allowed] §e[NPC] §r§6Sirius§r§f: You signed up for the Auction!
20:55:30 [allowed] §e[NPC] §r§6Sirius§r§f: The auction should start in just a moment...
20:55:31 [allowed] §e[NPC] §r§6Sirius§r§f: You are signed up for the Auction!
20:55:42 [allowed] §8Depositing coins...
20:55:42 [allowed] §aDeposited §r§664.7M coins§r§a! There's now §r§664.7M coins §r§ain the account!
20:55:48 [allowed] §cThere are blocks in the way!
20:56:17 [allowed] §cThere are blocks in the way!
20:56:22 [allowed] §cThere are blocks in the way!
20:56:24 [allowed] §cThere are blocks in the way!
20:56:39 [allowed] §cThere are blocks in the way!
20:56:40 [allowed] §cThere are blocks in the way!
20:56:41 [allowed] §cThere are blocks in the way!
20:56:43 [allowed] §cThere are blocks in the way!
20:56:44 [allowed] §cThere are blocks in the way!
20:56:46 [allowed] §cThere are blocks in the way!
20:56:48 [allowed] §cThere are blocks in the way!
20:56:55 [allowed] §cThere are blocks in the way!
20:56:57 [allowed] §cThere are blocks in the way!
20:56:57 [allowed] §cThere are blocks in the way!
20:56:58 [allowed] §cThere are blocks in the way!
20:56:58 [allowed] §cThere are blocks in the way!
20:56:59 [allowed] §cThere are blocks in the way!
20:56:59 [allowed] §cThere are blocks in the way!
20:57:02 [allowed] §cThere are blocks in the way!
20:57:11 [allowed] §dWarped to §r§bElection Room§r§d!
20:57:13 [allowed] §aYou used your §r§6Mining Speed Boost §r§aPickaxe Ability!
20:57:13 [allowed] §6[Sacks] §r§a+5§r§e items§r§e.§r§8 (Last 5s.)
20:57:23 [allowed] §cYour Mining Speed Boost has expired!
20:57:24 [allowed] §b-----------------------------------------------------
20:57:24 [allowed] §eYou voted for §r§bAatrox §r§ein the §r§bYear 425 Elections§r§e!
20:57:24 [allowed] §eAs a §bFamous Player§e, your vote counts for §a20§e.
20:57:24 [allowed] §b-----------------------------------------------------
20:57:27 [allowed] §dWarped to §r§bCommunity Center§r§d!
20:57:37 [allowed] §aYou earned §r§2205 GEXP §r§afrom playing SkyBlock!
20:58:19 [allowed] §aFriend > §r§aKlahh §r§ejoined.
20:58:48 [allowed] §7Finding player...
20:58:48 [allowed] §6[Sacks] §r§a+226§r§e items§r§e.§r§8 (Last 14s.)
20:58:49 [allowed] §7Sending a visit request...
20:58:49 [allowed] §7Sending to server mini97M...
20:58:51 [allowed] §8 §r§8 §r§1 §r§3 §r§3 §r§7 §r§8 
20:58:51 [allowed] §f§m-----------------------------------------------------
§r§cYou should NEVER enter your Microsoft account details anywhere but on official Microsoft services!

§r§cExternal links from untrusted sources should be avoided.
§r§f§m-----------------------------------------------------
20:58:51 [allowed]  
20:58:51 [allowed] §f       §7You have §31 §7pending §3Bestiary Milestone §7to be claimed!
20:58:51 [allowed] §f                    §6§l>>> §6§lCLICK HERE§e to claim it! §6§l<<<
20:58:51 [allowed]   
20:58:53 [allowed] §aYou are playing on profile: §eCoconut§b (Co-op)
20:58:53 [allowed] §8Profile ID: 4ef1bd42-ec32-42d4-afba-b766eacde1e7
20:58:53 [allowed] §7Sending to server mini73BD...
20:58:54 [allowed] §8 §r§8 §r§1 §r§3 §r§3 §r§7 §r§8 
20:58:54 [allowed]  
20:58:54 [allowed] §f       §7You have §31 §7pending §3Bestiary Milestone §7to be claimed!
20:58:54 [allowed] §f                    §6§l>>> §6§lCLICK HERE§e to claim it! §6§l<<<
20:58:54 [allowed]   
20:58:56 [allowed] §8[§r§9317§r§8] §r§6§l⚛ §r§b[MVP§4+§b] Ionis§f§r§f: lmfao
20:58:57 [allowed] §aYou are playing on profile: §eCoconut§b (Co-op)
20:58:57 [allowed] §8Profile ID: 4ef1bd42-ec32-42d4-afba-b766eacde1e7
20:58:57 [allowed] §8[§r§731§r§8] §r§7A_Crusader66§7§r§7: whadahell
20:59:02 [allowed] §8[§r§9307§r§8] §r§b[MVP§2+§b] Dinowave§f§r§f: its okay A_Crusader66
20:59:06 [allowed] §8[§r§9307§r§8] §r§b[MVP§2+§b] Dinowave§f§r§f: youre loved!
20:59:06 [allowed] §6[Sacks] §r§a+221§r§e items§r§e.§r§8 (Last 8s.)
20:59:11 [allowed] §8[§r§9317§r§8] §r§6§l⚛ §r§b[MVP§4+§b] Ionis§f§r§f: Dinowave isnt
20:59:11 [allowed] §8[§r§731§r§8] §r§7A_Crusader66§7§r§7: thank u dinowave
20:59:25 [allowed] §8[§r§9307§r§8] §r§b[MVP§2+§b] Dinowave§f§r§f: Im loved by the only person that matters
20:59:32 [allowed] §8[§r§9317§r§8] §r§6§l⚛ §r§b[MVP§4+§b] Ionis§f§r§f: yourself?
20:59:32 [allowed] §8[§r§e106§r§8] §r§b[MVP§d+§b] Mortimar109§f§r§f: God
20:59:33 [allowed] §8[§r§9307§r§8] §r§b[MVP§2+§b] Dinowave§f§r§f: P diddy
20:59:37 [allowed] §6[Sacks] §r§a+3,369§r§e items§r§e.§r§8 (Last 30s.)
20:59:41 [allowed] §8[§r§e106§r§8] §r§b[MVP§d+§b] Mortimar109§f§r§f: okay I take my words back
20:59:54 [allowed] §8[§r§9307§r§8] §r§b[MVP§2+§b] Dinowave§f§r§f: good boy
20:59:58 [allowed] §6[Sacks] §r§a+1,575§r§e items§r§e.§r§8 (Last 19s.)
20:59:59 [allowed] §aFriend > §r§aKlahh §r§eleft.
20:59:59 [allowed] §8[§r§e106§r§8] §r§b[MVP§d+§b] Mortimar109§f§r§f: oh naww
21:00:02 [allowed] §8[§r§731§r§8] §r§7A_Crusader66§7§r§7: im a blud im a blud im a diddy diddy blud
21:00:04 [allowed] §8[§r§e106§r§8] §r§b[MVP§d+§b] Mortimar109§f§r§f: im outta here
21:00:05 [allowed] §cInventory full? Don't forget to check out your Storage inside the SkyBlock Menu!
21:00:09 [allowed] §8[§r§9307§r§8] §r§b[MVP§2+§b] Dinowave§f§r§f: REAL CRUSADER!
21:00:17 [allowed]  
21:00:18 [STASH_COMPACT] §f                 §7You have §329 §7materials stashed away!
21:00:18 [STASH_COMPACT] §f               §8(This totals 1 type of material stashed!)
21:00:18 [STASH_COMPACT] §f                §3§l>>> §3§lCLICK HERE§b to pick them up! §3§l<<<
21:00:18 [STASH_COMPACT]   
21:00:21 [allowed] §eFrom stash: §r§fCobblestone
21:00:21 [allowed] §eYou picked up §r§aall §r§eitems from your material stash!
21:00:31 [allowed] §8[§r§715§r§8] §r§a[VIP] xvibeu§f§r§f: yo
21:00:35 [allowed] §8[§r§731§r§8] §r§7A_Crusader66§7§r§7: gurt:
21:00:41 [allowed] §8[§r§715§r§8] §r§a[VIP] xvibeu§f§r§f: how do you get blazing reforge
21:00:42 [allowed] §8[§r§9307§r§8] §r§b[MVP§2+§b] Dinowave§f§r§f: TS PMO
21:00:43 [allowed] §8[§r§9307§r§8] §r§b[MVP§2+§b] Dinowave§f§r§f: istg
21:00:44 [allowed] §6[Sacks] §r§a+26§r§e items§r§e.§r§8 (Last 30s.)
21:00:46 [allowed] §8[§r§9307§r§8] §r§b[MVP§2+§b] Dinowave§f§r§f: uhhh
21:00:47 [allowed] §8[§r§9317§r§8] §r§6§l⚛ §r§b[MVP§4+§b] Ionis§f§r§f: blazing sphere
21:00:49 [allowed] §8[§r§9307§r§8] §r§b[MVP§2+§b] Dinowave§f§r§f: yes that
21:00:52 [allowed] §cYou already tipped everyone that has boosters active, so there isn't anybody to be tipped right now!
21:00:52 [allowed] §8[§r§731§r§8] §r§7A_Crusader66§7§r§7: icl ts pmo me off
21:00:58 [allowed] §8[§r§9317§r§8] §r§6§l⚛ §r§b[MVP§4+§b] Ionis§f§r§f: dinowave can you please shut the **** up
21:00:59 [allowed] §aFriend > §r§aKlahh §r§ejoined.
21:01:06 [allowed] §8[§r§731§r§8] §r§7A_Crusader66§7§r§7: dint be mean
21:01:15 [allowed] §6[Sacks] §r§a+21§r§e items§r§e.§r§8 (Last 30s.)
21:01:18 [allowed] §8[§r§9307§r§8] §r§b[MVP§2+§b] Dinowave§f§r§f: if im dinowave. youre one grumpysourous
21:01:19 [allowed] §8[§r§9307§r§8] §r§b[MVP§2+§b] Dinowave§f§r§f: ahahah
21:01:22 [allowed] §aFriend > §r§aKlahh §r§eleft.
21:01:25 [allowed] §8[§r§9307§r§8] §r§b[MVP§2+§b] Dinowave§f§r§f: little grumpy fella
21:01:47 [allowed] §6[Sacks] §r§a+21§r§e items§r§e.§r§8 (Last 30s.)
21:02:13 [allowed] §aFriend > §r§aKlahh §r§ejoined.
21:02:18 [allowed] §6[Sacks] §r§a+20§r§e items§r§e.§r§8 (Last 30s.)
21:02:49 [allowed] §6[Sacks] §r§a+21§r§e items§r§e.§r§8 (Last 30s.)
21:02:53 [allowed]  §b⚑ §eThe §b2x Powder §eevent starts in §a20 §eseconds!
 §eThis is a passive event! §bIt's happening everywhere in the §bDwarven Mines!
21:03:07 [allowed] §c ☠ §r§7§r§axvibeu§r§7 was killed by Knifethrower§r§7§r§7.
21:03:13 [allowed] §a§l▬▬▬▬▬▬▬▬▬▬▬▬▬▬▬▬▬▬▬▬▬▬▬▬▬▬▬▬▬▬▬▬▬▬▬▬▬▬▬▬▬▬▬▬▬▬▬▬▬▬▬▬▬▬▬▬▬▬▬▬▬▬▬▬
21:03:13 [allowed] §f                          §r§b§l2X POWDER STARTED!
21:03:14 [allowed] §f                           §r§7Passive Active Event
21:03:14 [allowed] §f                                        
21:03:14 [allowed] §f        Everybody gets twice as much powder of all types!
21:03:14 [allowed] §a§l▬▬▬▬▬▬▬▬▬▬▬▬▬▬▬▬▬▬▬▬▬▬▬▬▬▬▬▬▬▬▬▬▬▬▬▬▬▬▬▬▬▬▬▬▬▬▬▬▬▬▬▬▬▬▬▬▬▬▬▬▬▬▬▬
21:03:22 [allowed] §6[Sacks] §r§a+21§r§e items§r§e.§r§8 (Last 30s.)
21:03:33 [allowed] §8[§r§731§r§8] §r§7A_Crusader66§7§r§7: when The Grind.. becomes so morose u lowkey gotta Enjoy the Summer Breeze and fell the Rain on your Skin
21:03:55 [allowed] §6[Sacks] §r§a+22§r§e items§r§e.§r§8 (Last 30s.)
21:04:11 [allowed] §8[§r§9307§r§8] §r§b[MVP§2+§b] Dinowave§f§r§f: im on 2 lines rn
21:04:16 [allowed] §aFriend > §r§bcatgirlpj §r§eleft.
21:04:19 [allowed] §aYou earned §r§2643 GEXP §r§afrom playing SkyBlock!
21:04:26 [allowed] §6[Sacks] §r§a+21§r§e items§r§e.§r§8 (Last 30s.)
21:04:58 [allowed] §6[Sacks] §r§a+22§r§e items§r§e.§r§8 (Last 30s.)
21:05:31 [allowed] §6[Sacks] §r§a+19§r§e items§r§e.§r§8 (Last 30s.)
21:06:03 [allowed] §6[Sacks] §r§a+23§r§e items§r§e.§r§8 (Last 30s.)
21:06:14 [allowed] §aFriend > §r§6FoundLove §r§ejoined.
21:06:36 [allowed] §6[Sacks] §r§a+21§r§e items§r§e.§r§8 (Last 30s.)
21:07:08 [allowed] §6[Sacks] §r§a+19§r§e items§r§e.§r§8 (Last 30s.)
21:07:28 [allowed] §cAutopet §eequipped your §7[Lvl 90] §6Black Cat§e! §a§lVIEW RULE
21:07:32 [allowed] §6[Sacks] §r§a+10§r§e items§r§e.§r§8 (Last 23s.)
21:08:20 [allowed] §5§l✯ §r§eA §r§5Fallen Star §r§ehas crashed at §r§bRampart's Quarry§r§e! Nearby ore and Powder drops are amplified!
21:08:32 [allowed] §aYou summoned your §r§6Silverfish§r§a!
21:08:38 [allowed] §aYour §r§6Silverfish §r§aleveled up to level §r§92§r§a!
21:08:47 [allowed] §6[Sacks] §r§a+6§r§e items§r§e.§r§8 (Last 11s.)
21:08:50 [allowed] §b§lCOMPACT! §r§fYou found an §r§aEnchanted Cobblestone§r§f!
21:08:54 [allowed] §aYour §r§6Silverfish §r§aleveled up to level §r§93§r§a!
21:09:00 [allowed] §aYour §r§6Silverfish §r§aleveled up to level §r§94§r§a!
21:09:05 [allowed] §8[§r§d355§r§8] §r§b§lᛝ §r§b[MVP§d+§b] muunlul§f§r§f: anyone wanna join me to get better mineshaft rates
21:09:06 [allowed] §aYour §r§6Silverfish §r§aleveled up to level §r§95§r§a!
21:09:06 [allowed] §cYour §r§5Auspicious Titanium Drill DR-X455 §r§cis close to empty! Refuel it by talking to a Drill Mechanic!
21:09:07 [allowed] §cYour §r§5Auspicious Titanium Drill DR-X455 §r§cis empty! Refuel it by talking to a Drill Mechanic!
21:09:08 [allowed] §8[§r§d355§r§8] §r§b§lᛝ §r§b[MVP§d+§b] muunlul§f§r§f: (pls)
21:09:14 [allowed] §6[Sacks] §r§a+762§r§e items§r§e.§r§8 (Last 24s.)
21:09:15 [allowed] §8[§r§5389§r§8] §r§b§lᛝ §r§b[MVP§2+§b] purpleduckbee§f§r§f: YEAH I NEED VANGUARD
21:09:17 [allowed] §8[§r§5389§r§8] §r§b§lᛝ §r§b[MVP§2+§b] purpleduckbee§f§r§f: cap loc
21:09:20 [allowed] §8[§r§d355§r§8] §r§b§lᛝ §r§b[MVP§d+§b] muunlul§f§r§f: YEAH SAME
21:09:26 [allowed] §aYou earned §r§2688 GEXP §r§afrom playing SkyBlock!
21:09:29 [allowed] §aYour §r§6Silverfish §r§aleveled up to level §r§96§r§a!
21:09:37 [allowed] §aYour §r§6Silverfish §r§aleveled up to level §r§97§r§a!
21:09:46 [allowed] §aYour §r§6Silverfish §r§aleveled up to level §r§98§r§a!
21:09:50 [allowed] §6[Sacks] §r§a+24§r§e items§r§e.§r§8 (Last 30s.)
21:09:55 [allowed] §aYour §r§6Silverfish §r§aleveled up to level §r§99§r§a!
21:10:04 [allowed] §aYour §r§6Silverfish §r§aleveled up to level §r§910§r§a!
21:10:16 [allowed] §aYour §r§6Silverfish §r§aleveled up to level §r§911§r§a!
21:10:21 [allowed] §6[Sacks] §r§a+29§r§e items§r§e.§r§8 (Last 30s.)
21:10:27 [allowed] §aYour §r§6Silverfish §r§aleveled up to level §r§912§r§a!
21:10:41 [allowed] §aYour §r§6Silverfish §r§aleveled up to level §r§913§r§a!
21:10:53 [allowed] §6[Sacks] §r§a+26§r§e items§r§e.§r§8 (Last 30s.)
21:10:53 [allowed] §cAutopet §eequipped your §7[Lvl 89] §6Hedgehog§e! §a§lVIEW RULE
21:11:05 [allowed] §7Warping...
21:11:06 [allowed] §7Sending to server mini17CU...
21:11:09 [allowed] §8 §r§8 §r§1 §r§3 §r§3 §r§7 §r§8 
21:11:09 [allowed] §2§lGOTCHA! §7Your traps caught a §2Pest §7in §aPlot §r§b18§r§r§7!
21:11:09 [allowed]  
21:11:09 [allowed] §f       §7You have §31 §7pending §3Bestiary Milestone §7to be claimed!
21:11:09 [allowed] §f                    §6§l>>> §6§lCLICK HERE§e to claim it! §6§l<<<
21:11:09 [allowed]   
21:11:10 [allowed] §6§lGROSS! §7While you were offline, §2Pests §7spawned in §aPlots §r§b3§r§7, §r§b12§r§7, §r§b5§r§7, §r§b8§r§7 and §r§b1§r§r§7!
21:11:10 [allowed] §7Your §r§6☘ Farming Fortune §r§7has been reduced by §r§450%§r§7!
21:11:10 [allowed] §7Click on a plot's name in chat to teleport to it!
21:11:11 [allowed] §aYou are playing on profile: §eCoconut§b (Co-op)
21:11:11 [allowed] §8Profile ID: 4ef1bd42-ec32-42d4-afba-b766eacde1e7
21:11:30 [PEST_DROP] §eYou received §a49x Enchanted Cactus Green §efor killing a §2Mite§e!
21:11:35 [allowed] §6[Sacks] §r§a+49§r§e items§r§e.§r§8 (Last 5s.)
21:11:36 [PEST_DROP] §eYou received §a28x Enchanted Pumpkin §efor killing a §2Rat§e!
21:11:40 [PEST_DROP] §eYou received §a155x Enchanted Melon §efor killing an §2Earthworm§e!
21:11:40 [allowed] §6§lRARE DROP! §aEarthworm Ensemble Vinyl §6(§6+1,051☘)
21:11:46 [allowed] §6[Sacks] §r§a+183§r§e items§r§e.§r§8 (Last 9s.)
21:11:47 [allowed] §aYour Garden is no longer infested and your §r§6☘ Farming Fortune §r§ahas returned to normal!
21:11:47 [PEST_DROP] §eYou received §a112x Enchanted Potato §efor killing a §2Locust§e!
21:11:48 [PEST_DROP] §eYou received §a112x Enchanted Potato §efor killing a §2Locust§e!
21:11:54 [allowed] §6[Sacks] §r§a+225§r§e items§r§e.§r§8 (Last 6s.)
21:11:54 [allowed] §aTeleported you to §r§aPlot §r§7- §r§b5§r§a!
21:12:01 [PEST_DROP] §eYou received §a94x Enchanted Cocoa Beans §efor killing a §2Moth§e!
21:12:07 [allowed] §6[Sacks] §r§a+94§r§e items§r§e.§r§8 (Last 5s.)
21:12:09 [PEST_DROP] §eYou received §a32x Enchanted Red Mushroom §efor killing a §2Slug§e!
21:12:11 [allowed] §7Warping...
21:12:15 [allowed] §6[Sacks] §r§a+32§r§e items§r§e.§r§8 (Last 5s.)
21:12:15 [allowed] §aYou released all Pests from Trap §r§2#3§r§7!
21:12:16 [PEST_DROP] §eYou received §a112x Enchanted Potato §efor killing a §2Locust§e!
21:12:16 [PEST_DROP] §eYou received §a1x Honey Jar §efor killing a §2Field Mouse§e!
21:12:16 [PEST_DROP] §eYou received §a1x Plant Matter §efor killing a §2Field Mouse§e!
21:12:16 [PEST_DROP] §eYou received §a99x Enchanted Sugar §efor killing a §2Field Mouse§e!
21:12:16 [PEST_DROP] §eYou received §a1x Tasty Cheese §efor killing a §2Field Mouse§e!
21:12:16 [PEST_DROP] §eYou received §a1x Compost §efor killing a §2Field Mouse§e!
21:12:16 [PEST_DROP] §eYou received §a1x Dung §efor killing a §2Field Mouse§e!
21:12:16 [PEST_DROP] §eYou received §a110x Enchanted Carrot §efor killing a §2Cricket§e!
21:12:16 [allowed] §aYou released all Pests from Trap §r§2#1§r§7!
21:12:17 [PEST_DROP] §eYou received §a32x Enchanted Red Mushroom §efor killing a §2Slug§e!
21:12:17 [allowed] §6§lRARE DROP! §aSlow and Groovy Vinyl §6(§6+1,085☘)
21:12:17 [PEST_DROP] §eYou received §a64x Enchanted Cactus Green §efor killing a §2Mite§e!
21:12:17 [PEST_DROP] §eYou received §a32x Enchanted Pumpkin §efor killing a §2Rat§e!
21:12:17 [allowed] §aYou released all Pests from Trap §r§2#2§r§7!
21:12:18 [PEST_DROP] §eYou received §a32x Enchanted Red Mushroom §efor killing a §2Slug§e!
21:12:18 [PEST_DROP] §eYou received §a64x Enchanted Cactus Green §efor killing a §2Mite§e!
21:12:18 [PEST_DROP] §eYou received §a32x Enchanted Pumpkin §efor killing a §2Rat§e!
21:12:24 [allowed] §6[Sacks] §r§a+582§r§e items§r§e.§r§8 (Last 7s.)
21:12:34 [allowed] §6[Sacks] §r§c-29§r§e items§r§e.§r§8 (Last 5s.)
21:12:41 [allowed] §6[Sacks] §r§a+1§r§e item§r§e.§r§8 (Last 5s.)
21:12:51 [allowed] §aYou sold §r§aSlow and Groovy Vinyl§r§8 x1 §r§afor §r§650,000 Coins§r§a!
21:12:52 [allowed] §aYou sold §r§aEarthworm Ensemble Vinyl§r§8 x1 §r§afor §r§650,000 Coins§r§a!
21:13:01 [allowed] §d§lTIME TOWER! §r§7Your §r§6Chocolate Factory §r§7production has increased by §r§6+1.5x §r§7for §r§a1h§r§7!
21:13:06 [allowed] §cAutopet §eequipped your §7[Lvl 80] §5Enderman§e! §a§lVIEW RULE
21:13:10 [allowed] §aYou summoned your §r§6Tiger§r§a!
21:13:18 [allowed] §7Warping...
21:13:18 [allowed] §7Sending to server mini2CR...
21:13:19 [allowed] §8 §r§8 §r§1 §r§3 §r§3 §r§7 §r§8 
21:13:19 [allowed]  
21:13:19 [allowed] §f       §7You have §31 §7pending §3Bestiary Milestone §7to be claimed!
21:13:19 [allowed] §f                    §6§l>>> §6§lCLICK HERE§e to claim it! §6§l<<<
21:13:19 [allowed]   
21:13:22 [allowed] §aYou are playing on profile: §eCoconut§b (Co-op)
21:13:22 [allowed] §8Profile ID: 4ef1bd42-ec32-42d4-afba-b766eacde1e7
21:13:48 [allowed] §6[Sacks] §r§a+6§r§e items§r§e.§r§8 (Last 8s.)
21:13:54 [allowed] §a§l+5 Kill Combo §r§b+3% §r§b✯ Magic Find
21:14:07 [allowed] §6[Sacks] §r§a+6§r§e items§r§e.§r§8 (Last 14s.)
21:14:08 [allowed] §cYour Kill Combo has expired! You reached a 8 Kill Combo!
21:14:23 [allowed] §a§l+5 Kill Combo §r§b+3% §r§b✯ Magic Find
21:14:28 [allowed] §a§l+10 Kill Combo §r§8+§r§610 §r§7coins per kill
21:14:32 [allowed] §9§l+15 Kill Combo §r§b+3% §r§b✯ Magic Find
21:14:39 [allowed] §cThere are blocks in the way!
21:14:39 [allowed] §cYour Kill Combo has expired! You reached a 19 Kill Combo!
21:14:41 [allowed] §6§lRARE DROP! §r§fCarrot §r§b(+§r§b151% §r§b✯ Magic Find§r§b)
21:14:42 [allowed] §6§lRARE DROP! §r§fCarrot §r§b(+§r§b151% §r§b✯ Magic Find§r§b)
21:14:44 [allowed] §a§l+5 Kill Combo §r§b+3% §r§b✯ Magic Find
21:14:50 [allowed] §a§l+10 Kill Combo §r§8+§r§610 §r§7coins per kill
21:14:52 [allowed] §6[Sacks] §r§a+93§r§e items§r§e.§r§8 (Last 30s.)
21:14:58 [allowed] §9§l+15 Kill Combo §r§b+3% §r§b✯ Magic Find
21:15:02 [allowed] §cThere are blocks in the way!
21:15:03 [allowed] §cYour Kill Combo has expired! You reached a 16 Kill Combo!
21:15:06 [allowed] §e[NPC] Jacob§f: §rMy contest has started!
21:15:06 [allowed] §6§lRARE DROP! §r§fCarrot §r§b(+§r§b151% §r§b✯ Magic Find§r§b)
21:15:08 [allowed] §a§l+5 Kill Combo §r§b+3% §r§b✯ Magic Find
21:15:12 [allowed] §a§l+10 Kill Combo §r§8+§r§610 §r§7coins per kill
21:15:15 [allowed] §cThere are blocks in the way!
21:15:20 [allowed] §cThere are blocks in the way!
21:15:22 [allowed] §cThere are blocks in the way!
21:15:23 [allowed] §cYour Kill Combo has expired! You reached a 13 Kill Combo!
21:15:24 [allowed] §6[Sacks] §r§a+57§r§e items§r§e.§r§8 (Last 28s.)
21:15:29 [allowed] §cThere are blocks in the way!
21:15:30 [allowed] §cThere are blocks in the way!
21:15:31 [allowed] §a§l+5 Kill Combo §r§b+3% §r§b✯ Magic Find
21:15:40 [allowed] §6§lRARE DROP! §r§fPotato §r§b(+§r§b156% §r§b✯ Magic Find§r§b)
21:15:41 [allowed] §a§l+10 Kill Combo §r§8+§r§610 §r§7coins per kill
21:15:43 [allowed] §9§l+15 Kill Combo §r§b+3% §r§b✯ Magic Find
21:15:46 [allowed] §cThere are blocks in the way!
21:15:47 [allowed] §cYour Kill Combo has expired! You reached a 15 Kill Combo!
21:15:49 [allowed] §6§lSLAYER MINI-BOSS §r§c§lAtoned Champion§r§7 has spawned!
21:15:50 [allowed] §a§l+5 Kill Combo §r§b+3% §r§b✯ Magic Find
21:15:53 [allowed] §a§aYou tipped 2 players in 2 different games!
21:15:55 [allowed] §6[Sacks] §r§a+77§r§e items§r§e.§r§8 (Last 30s.)
21:15:55 [allowed] §a§l+10 Kill Combo §r§8+§r§610 §r§7coins per kill
21:15:59 [allowed] §cThere are blocks in the way!
21:16:01 [allowed] §cYour Kill Combo has expired! You reached a 10 Kill Combo!
21:16:01 [allowed] §6[Sacks] §r§a+4§r§e items§r§e.§r§8 (Last 5s.)
21:16:02 [allowed] §6§lRARE DROP! §r§fCarrot §r§b(+§r§b151% §r§b✯ Magic Find§r§b)
21:16:03 [allowed] §a§l+5 Kill Combo §r§b+3% §r§b✯ Magic Find
21:16:05 [allowed] §cThere are blocks in the way!
21:16:11 [allowed] §a§l+10 Kill Combo §r§8+§r§610 §r§7coins per kill
21:16:13 [allowed] §6§lSLAYER MINI-BOSS §r§c§lAtoned Champion§r§7 has spawned!
21:16:14 [allowed] §9§l+15 Kill Combo §r§b+3% §r§b✯ Magic Find
21:16:15 [allowed] §6§lSLAYER MINI-BOSS §r§c§lAtoned Champion§r§7 has spawned!
21:16:16 [allowed] §6§lSLAYER MINI-BOSS §r§c§lAtoned Champion§r§7 has spawned!
21:16:21 [allowed] §cYour Kill Combo has expired! You reached a 19 Kill Combo!
21:16:22 [allowed] §6[Sacks] §r§a+56§r§e items§r§e.§r§8 (Last 20s.)
21:16:29 [allowed]   §r§a§lSLAYER QUEST COMPLETE!
21:16:29 [allowed]    §r§eZombie Slayer LVL 8 §r§5- §r§7Next LVL in §r§d516,235 XP§r§7!
21:16:29 [SLAYER_RNG_METER]    §dRNG Meter §f- §d483,725 Stored XP
21:16:29 [allowed]   §r§5§lSLAYER QUEST STARTED!
21:16:29 [allowed]    §5§l» §7Slay §c7,200 Combat XP §7worth of Zombies§7.
21:16:32 [allowed] §a§l+5 Kill Combo §r§b+3% §r§b✯ Magic Find
21:16:35 [allowed] §cThere are blocks in the way!
21:16:37 [allowed] §a§l+10 Kill Combo §r§8+§r§610 §r§7coins per kill
21:16:37 [allowed] §6§lRARE DROP! §r§fCarrot §r§b(+§r§b157% §r§b✯ Magic Find§r§b)
21:16:42 [allowed] §aYou earned §r§2348 GEXP §r§afrom playing SkyBlock!
21:16:42 [allowed] §9§l+15 Kill Combo §r§b+3% §r§b✯ Magic Find
21:16:43 [allowed] §6§lRARE DROP! §r§fPotato §r§b(+§r§b161% §r§b✯ Magic Find§r§b)
21:16:45 [allowed] §cThere are blocks in the way!
21:16:47 [allowed] §cYour Kill Combo has expired! You reached a 17 Kill Combo!
21:16:51 [allowed] §a§l+5 Kill Combo §r§b+3% §r§b✯ Magic Find
21:16:59 [allowed] §a§l+10 Kill Combo §r§8+§r§610 §r§7coins per kill
21:16:59 [allowed] §6[Sacks] §r§a+142§r§e items§r§e.§r§8 (Last 30s.)
21:17:04 [allowed] §9§l+15 Kill Combo §r§b+3% §r§b✯ Magic Find
21:17:04 [allowed] §6§lRARE DROP! §r§fPotato §r§b(+§r§b136% §r§b✯ Magic Find§r§b)
21:17:07 [allowed] §6§lRARE DROP! §r§fCarrot §r§b(+§r§b136% §r§b✯ Magic Find§r§b)
21:17:10 [allowed] §6§lRARE DROP! §r§fCarrot §r§b(+§r§b161% §r§b✯ Magic Find§r§b)
21:17:10 [allowed] §5§l+20 Kill Combo §r§8§r§3+15☯ Combat Wisdom
21:17:15 [allowed] §5§l+25 Kill Combo §r§b+3% §r§b✯ Magic Find
21:17:16 [allowed] §6§lRARE DROP! §r§fCarrot §r§b(+§r§b165% §r§b✯ Magic Find§r§b)
21:17:19 [allowed] §6§l+30 Kill Combo §r§8+§r§610 §r§7coins per kill
21:17:30 [allowed] §6§lRARE DROP! §r§fPotato §r§b(+§r§b166% §r§b✯ Magic Find§r§b)
21:17:31 [allowed] §cThere are blocks in the way!
21:17:31 [allowed] §6[Sacks] §r§a+91§r§e items§r§e.§r§8 (Last 30s.)
21:17:35 [allowed] §6§lRARE DROP! §r§fCarrot §r§b(+§r§b165% §r§b✯ Magic Find§r§b)
21:17:44 [allowed] §cYour Kill Combo has expired! You reached a 50 Kill Combo!
21:17:49 [allowed] §cThere are blocks in the way!
21:17:54 [allowed] §6§lRARE DROP! §r§fCarrot §r§b(+§r§b151% §r§b✯ Magic Find§r§b)
21:17:54 [allowed] §a§l+5 Kill Combo §r§b+3% §r§b✯ Magic Find
21:17:57 [allowed] §a§l+10 Kill Combo §r§8+§r§610 §r§7coins per kill
21:18:00 [allowed] §9§l+15 Kill Combo §r§b+3% §r§b✯ Magic Find
21:18:03 [allowed] §6§lRARE DROP! §r§fPotato §r§b(+§r§b161% §r§b✯ Magic Find§r§b)
21:18:03 [allowed] §5§l+20 Kill Combo §r§8§r§3+15☯ Combat Wisdom
21:18:03 [allowed] §6§lRARE DROP! §r§fPotato §r§b(+§r§b136% §r§b✯ Magic Find§r§b)
21:18:03 [allowed] §6[Sacks] §r§a+86§r§e items§r§e.§r§8 (Last 30s.)
21:18:09 [allowed] §5§l+25 Kill Combo §r§b+3% §r§b✯ Magic Find
21:18:13 [allowed] §6§l+30 Kill Combo §r§8+§r§610 §r§7coins per kill
21:18:20 [allowed] §6§lSLAYER MINI-BOSS §r§c§lAtoned Champion§r§7 has spawned!
21:18:24 [allowed] §6§lSLAYER MINI-BOSS §r§c§lAtoned Champion§r§7 has spawned!
21:18:24 [allowed] §6§lRARE DROP! §r§fPotato §r§b(+§r§b140% §r§b✯ Magic Find§r§b)
21:18:29 [allowed] §6§lSLAYER MINI-BOSS §r§c§lAtoned Champion§r§7 has spawned!
21:18:31 [allowed] §3§l▬▬▬▬▬▬▬▬▬▬▬▬▬▬▬▬▬▬▬▬▬▬▬▬▬▬▬▬▬▬▬▬▬▬▬▬▬▬▬▬▬▬▬▬▬▬▬▬▬▬▬▬▬▬▬▬▬▬▬▬▬▬▬▬
21:18:31 [allowed]  
21:18:31 [allowed] §f                                  §6§lBESTIARY
21:18:31 [allowed] §f                      §b§lZombie Villager §7§8XII §8➡§b §bXIII
21:18:31 [allowed] 
21:18:31 [allowed] §f                                  §r§6§lREWARDS
21:18:31 [allowed] §f                     §r§8+§r§a4 Zombie Villager §r§b✯ Magic Find
21:18:31 [allowed] §f                     §r§8+§r§a4 Zombie Villager §r§c❁ Strength
21:18:31 [allowed] §f                         §r§8+§r§62% §r§aZombie Villager §r§7coins
21:18:31 [allowed] §f                    §r§8+§r§a50% §r§7chance for extra XP orbs
21:18:31 [allowed] §f                               §r§8+§r§b1 SkyBlock XP
21:18:31 [allowed] 
21:18:31 [allowed] §3§l▬▬▬▬▬▬▬▬▬▬▬▬▬▬▬▬▬▬▬▬▬▬▬▬▬▬▬▬▬▬▬▬▬▬▬▬▬▬▬▬▬▬▬▬▬▬▬▬▬▬▬▬▬▬▬▬▬▬▬▬▬▬▬▬
21:18:32 [allowed] §6§lSLAYER MINI-BOSS §r§4§lAtoned Revenant§r§7 has spawned!
21:18:35 [allowed] §6[Sacks] §r§a+101§r§e items§r§e.§r§8 (Last 30s.)
21:18:36 [allowed] §cYour Kill Combo has expired! You reached a 58 Kill Combo!
21:18:41 [allowed]   §r§a§lSLAYER QUEST COMPLETE!
21:18:41 [allowed]    §r§eZombie Slayer LVL 8 §r§5- §r§7Next LVL in §r§d514,735 XP§r§7!
21:18:41 [SLAYER_RNG_METER]    §dRNG Meter §f- §d485,225 Stored XP
21:18:41 [allowed] §7Took 96k coins from your bank for auto-slayer...
21:18:41 [allowed]   §r§5§lSLAYER QUEST STARTED!
21:18:41 [allowed]    §5§l» §7Slay §c7,200 Combat XP §7worth of Zombies§7.
21:18:42 [allowed] §6§lRARE DROP! §r§fPotato §r§b(+§r§b155% §r§b✯ Magic Find§r§b)
21:18:43 [allowed] §a§l+5 Kill Combo §r§b+3% §r§b✯ Magic Find
21:18:49 [allowed] §6[Sacks] §r§a+70§r§e items§r§e.§r§8 (Last 8s.)
21:18:50 [allowed] §cYour Kill Combo has expired! You reached a 5 Kill Combo!
21:18:52 [allowed] §cThere are blocks in the way!
21:18:57 [allowed] §a§l+5 Kill Combo §r§b+3% §r§b✯ Magic Find
21:19:00 [allowed] §a§l+10 Kill Combo §r§8+§r§610 §r§7coins per kill
21:19:07 [allowed] §6[Sacks] §r§a+37§r§e items§r§e.§r§8 (Last 15s.)
21:19:07 [allowed] §cYour Kill Combo has expired! You reached a 13 Kill Combo!
21:19:12 [allowed] §6§lRARE DROP! §r§fCarrot §r§b(+§r§b129% §r§b✯ Magic Find§r§b)
21:19:12 [allowed] §6§lRARE DROP! §r§fPotato §r§b(+§r§b129% §r§b✯ Magic Find§r§b)
21:19:14 [allowed] §a§l+5 Kill Combo §r§b+3% §r§b✯ Magic Find
21:19:16 [allowed] §cThere are blocks in the way!
21:19:17 [allowed] §a§l+10 Kill Combo §r§8+§r§610 §r§7coins per kill
21:19:20 [allowed] §9§l+15 Kill Combo §r§b+3% §r§b✯ Magic Find
21:19:22 [allowed] §cThere are blocks in the way!
21:19:24 [allowed] §5§l+20 Kill Combo §r§8§r§3+15☯ Combat Wisdom
21:19:27 [allowed] §5§l+25 Kill Combo §r§b+3% §r§b✯ Magic Find
21:19:31 [allowed] §6§l+30 Kill Combo §r§8+§r§610 §r§7coins per kill
21:19:35 [allowed] §cThere are blocks in the way!
21:19:36 [allowed] §cThere are blocks in the way!
21:19:36 [allowed] §cYour Kill Combo has expired! You reached a 34 Kill Combo!
21:19:40 [allowed] §6[Sacks] §r§a+96§r§e items§r§e.§r§8 (Last 30s.)
21:19:42 [allowed] §a§l+5 Kill Combo §r§b+3% §r§b✯ Magic Find
21:19:47 [allowed] §6§lRARE DROP! §r§fPotato §r§b(+§r§b160% §r§b✯ Magic Find§r§b)
21:19:47 [allowed] §a§l+10 Kill Combo §r§8+§r§610 §r§7coins per kill
21:19:51 [allowed] §9§l+15 Kill Combo §r§b+3% §r§b✯ Magic Find
21:19:54 [allowed] §6§lRARE DROP! §r§fPotato §r§b(+§r§b136% §r§b✯ Magic Find§r§b)
21:19:56 [allowed] §5§l+20 Kill Combo §r§8§r§3+15☯ Combat Wisdom
21:20:00 [allowed] §6§lRARE DROP! §r§fCarrot §r§b(+§r§b165% §r§b✯ Magic Find§r§b)
21:20:02 [allowed] §5§l+25 Kill Combo §r§b+3% §r§b✯ Magic Find
21:20:03 [allowed] §cThere are blocks in the way!
21:20:06 [allowed] §6§l+30 Kill Combo §r§8+§r§610 §r§7coins per kill
21:20:13 [allowed] §cThere are blocks in the way!
21:20:13 [allowed] §6[Sacks] §r§a+73§r§e items§r§e.§r§8 (Last 30s.)
21:20:19 [allowed] §cYour Kill Combo has expired! You reached a 36 Kill Combo!
21:20:26 [allowed] §cThere are blocks in the way!
21:20:27 [allowed] §a§l+5 Kill Combo §r§b+3% §r§b✯ Magic Find
21:20:30 [allowed] §cThere are blocks in the way!
21:20:31 [allowed] §c[Important] §r§eThis server will restart soon: §r§bScheduled Reboot
21:20:31 [allowed] §eYou have §a60 seconds §eto warp out! §a§l§nCLICK§e to warp now!
21:20:36 [allowed] §a§l+10 Kill Combo §r§8+§r§610 §r§7coins per kill
21:20:37 [allowed] §7Evacuating to Your Island...
21:20:38 [allowed] §7Sending to server mini61Q...
21:20:39 [allowed] §8 §r§8 §r§1 §r§3 §r§3 §r§7 §r§8 
21:20:39 [allowed]  
21:20:39 [allowed] §f       §7You have §31 §7pending §3Bestiary Milestone §7to be claimed!
21:20:39 [allowed] §f                    §6§l>>> §6§lCLICK HERE§e to claim it! §6§l<<<
21:20:39 [allowed]   
21:20:41 [allowed] §aYou are playing on profile: §eCoconut§b (Co-op)
21:20:41 [allowed] §8Profile ID: 4ef1bd42-ec32-42d4-afba-b766eacde1e7
21:20:42 [allowed] §7Warping...
21:20:42 [allowed] §7Sending to server mini80DD...
21:20:43 [allowed] §8 §r§8 §r§1 §r§3 §r§3 §r§7 §r§8 
21:20:44 [allowed]  
21:20:44 [allowed] §f       §7You have §31 §7pending §3Bestiary Milestone §7to be claimed!
21:20:44 [allowed] §f                    §6§l>>> §6§lCLICK HERE§e to claim it! §6§l<<<
21:20:44 [allowed]   
21:20:46 [allowed] §aYou are playing on profile: §eCoconut§b (Co-op)
21:20:46 [allowed] §8Profile ID: 4ef1bd42-ec32-42d4-afba-b766eacde1e7
21:20:49 [allowed] §cThere are blocks in the way!
21:20:54 [allowed] §8[§r§b216§r§8] §r§6§lᛝ §r§a[VIP§6+§a] AbdoV2§f§r§f: gg
21:20:56 [allowed] §a§l+5 Kill Combo §r§b+3% §r§b✯ Magic Find
21:20:57 [allowed] §6§lSLAYER MINI-BOSS §r§c§lAtoned Champion§r§7 has spawned!
21:21:00 [allowed] §6§lSLAYER MINI-BOSS §r§c§lAtoned Champion§r§7 has spawned!
21:21:02 [allowed] §a§l+10 Kill Combo §r§8+§r§610 §r§7coins per kill
21:21:06 [allowed] §cThere are blocks in the way!
21:21:08 [allowed] §9§l+15 Kill Combo §r§b+3% §r§b✯ Magic Find
21:21:14 [allowed] §cThere are blocks in the way!
21:21:15 [allowed] §cYour Kill Combo has expired! You reached a 17 Kill Combo!
21:21:16 [allowed] §6§lSLAYER MINI-BOSS §r§c§lAtoned Champion§r§7 has spawned!
21:21:19 [allowed] §6§lSLAYER MINI-BOSS §r§4§lAtoned Revenant§r§7 has spawned!
21:21:21 [allowed] §6[Sacks] §r§a+39§r§e items§r§e.§r§8 (Last 30s.)
21:21:24 [allowed] §a§l+5 Kill Combo §r§b+3% §r§b✯ Magic Find
21:21:30 [allowed] §6[Sacks] §r§a+8§r§e items§r§e.§r§8 (Last 5s.)
21:21:31 [allowed] §cYour Kill Combo has expired! You reached a 6 Kill Combo!
21:21:34 [allowed]   §r§a§lSLAYER QUEST COMPLETE!
21:21:34 [allowed]    §r§eZombie Slayer LVL 8 §r§5- §r§7Next LVL in §r§d513,235 XP§r§7!
21:21:34 [SLAYER_RNG_METER]    §dRNG Meter §f- §d486,725 Stored XP
21:21:34 [allowed] §7Took 96k coins from your bank for auto-slayer...
21:21:34 [allowed]   §r§5§lSLAYER QUEST STARTED!
21:21:34 [allowed]    §5§l» §7Slay §c7,200 Combat XP §7worth of Zombies§7.
21:21:40 [allowed] §6[Sacks] §r§a+67§r§e items§r§e.§r§8 (Last 6s.)
21:21:42 [allowed] §cThere are blocks in the way!
21:21:43 [allowed] §a§lYou healed yourself for 411.5 health!
21:21:45 [allowed] §cThere are blocks in the way!
21:21:46 [allowed] §cThere are blocks in the way!
21:21:47 [allowed] §6[Sacks] §r§a+2§r§e items§r§e.§r§8 (Last 5s.)
21:21:47 [allowed] §cThere are blocks in the way!
21:21:50 [allowed] §cThere are blocks in the way!
21:21:51 [allowed] §cThere are blocks in the way!
21:21:52 [allowed] §cThere are blocks in the way!
21:21:53 [allowed] §cThere are blocks in the way!
21:21:58 [allowed] §aFriend > §r§bwLunee §r§ejoined.
21:22:00 [allowed] §7Request join for Hub mini94CF...
21:22:01 [allowed] §7Sending to server mini94CF...
21:22:02 [allowed] §8 §r§8 §r§1 §r§3 §r§3 §r§7 §r§8 
21:22:02 [allowed]  
21:22:02 [allowed] §f       §7You have §31 §7pending §3Bestiary Milestone §7to be claimed!
21:22:02 [allowed] §f                    §6§l>>> §6§lCLICK HERE§e to claim it! §6§l<<<
21:22:02 [allowed]   
21:22:04 [allowed] §aYou are playing on profile: §eCoconut§b (Co-op)
21:22:04 [allowed] §8Profile ID: 4ef1bd42-ec32-42d4-afba-b766eacde1e7
21:22:14 [allowed] §a§l+5 Kill Combo §r§b+3% §r§b✯ Magic Find
21:22:19 [allowed] §a§l+10 Kill Combo §r§8+§r§610 §r§7coins per kill
21:22:24 [allowed] §9§l+15 Kill Combo §r§b+3% §r§b✯ Magic Find
21:22:25 [allowed] §cThere are blocks in the way!
21:22:26 [allowed] §6§lRARE DROP! §r§fCarrot §r§b(+§r§b136% §r§b✯ Magic Find§r§b)
21:22:29 [allowed] §5§l+20 Kill Combo §r§8§r§3+15☯ Combat Wisdom
21:22:33 [allowed] §cYour Kill Combo has expired! You reached a 20 Kill Combo!
21:22:35 [allowed] §6[Sacks] §r§a+37§r§e items§r§e.§r§8 (Last 24s.)
21:23:14 [allowed] §cThere are blocks in the way!
21:23:18 [allowed] §cThere are blocks in the way!
21:23:20 [allowed] §a§l+5 Kill Combo §r§b+3% §r§b✯ Magic Find
21:23:25 [allowed] §a§l+10 Kill Combo §r§8+§r§610 §r§7coins per kill
21:23:30 [allowed] §6[Sacks] §r§a+17§r§e items§r§e.§r§8 (Last 14s.)
21:23:30 [allowed] §cYour Kill Combo has expired! You reached a 11 Kill Combo!
21:23:39 [allowed] §a§l+5 Kill Combo §r§b+3% §r§b✯ Magic Find
21:23:45 [allowed] §6[Sacks] §r§a+12§r§e items§r§e.§r§8 (Last 9s.)
21:23:47 [allowed] §cYour Kill Combo has expired! You reached a 6 Kill Combo!
21:23:47 [allowed] §8Withdrawing coins...
21:23:47 [allowed] §aYou have withdrawn §r§631.9M coins§r§a! You now have §r§60 coins §r§ain your account!
21:24:00 [allowed] §6[Bazaar] §r§7Cancelling order...
21:24:00 [allowed] §6[Bazaar] §r§7§r§cCancelled! §r§7Refunded §r§67,357,436 coins §r§7from cancelling Buy Order!
21:24:11 [allowed] §6[Bazaar] §r§7Putting goods in escrow...
21:24:11 [allowed] §6[Bazaar] §r§7Submitting buy order...
21:24:11 [allowed] §6[Bazaar] §r§7§r§eBuy Order Setup! §r§a6§r§7x §r§5Fuming Potato Book §r§7for §r§67,416,155 coins§r§7.
21:24:16 [allowed] §6[Bazaar] §r§7Cancelling order...
21:24:16 [allowed] §6[Bazaar] §r§7§r§cCancelled! §r§7Refunded §r§66,697,503 coins §r§7from cancelling Buy Order!
21:24:21 [allowed] §6[Bazaar] §r§7Putting goods in escrow...
21:24:22 [allowed] §6[Bazaar] §r§7Submitting buy order...
21:24:22 [allowed] §6[Bazaar] §r§7§r§eBuy Order Setup! §r§a1§r§7x §r§6The Art of War §r§7for §r§67,000,001 coins§r§7.
21:24:29 [allowed] §6[Bazaar] §r§7Cancelling order...
21:24:30 [allowed] §6[Bazaar] §r§7§r§cCancelled! §r§7Refunded §r§68,556,510 coins §r§7from cancelling Buy Order!
21:24:38 [allowed] §6[Bazaar] §r§7Putting goods in escrow...
21:24:38 [allowed] §6[Bazaar] §r§7Submitting buy order...
21:24:38 [allowed] §6[Bazaar] §r§7§r§eBuy Order Setup! §r§a2§r§7x §r§fTabasco II §r§7for §r§68,556,511 coins§r§7.
21:24:44 [allowed] §6[Bazaar] §r§7Cancelling order...
21:24:44 [allowed] §6[Bazaar] §r§7§r§cCancelled! §r§7Refunded §r§6120,581,362 coins §r§7from cancelling Buy Order!
21:24:55 [allowed] §6[Bazaar] §r§7Putting goods in escrow...
21:24:55 [allowed] §6[Bazaar] §r§7Submitting buy order...
21:24:55 [allowed] §6[Bazaar] §r§7§r§eBuy Order Setup! §r§a1§r§7x §r§5Power VII §r§7for §r§6120,581,365 coins§r§7.
21:25:06 [allowed] §6[Bazaar] §r§7Cancelling order...
21:25:06 [allowed] §6[Bazaar] §r§7§r§cCancelled! §r§7Refunded §r§6799,234 coins §r§7from cancelling Buy Order!
21:25:15 [allowed] §6[Bazaar] §r§7Putting goods in escrow...
21:25:15 [allowed] §6[Bazaar] §r§7Submitting buy order...
21:25:15 [allowed] §6[Bazaar] §r§7§r§eBuy Order Setup! §r§a1§r§7x §r§fDragon Hunter I §r§7for §r§6814,099 coins§r§7.
21:25:20 [allowed] §6[Bazaar] §r§7Cancelling order...
21:25:20 [allowed] §6[Bazaar] §r§7§r§cCancelled! §r§7Refunded §r§610,878,170 coins §r§7from cancelling Buy Order!
21:25:27 [allowed] §6[Bazaar] §eYour §aBuy Order §efor §a1§7x §fDragon Hunter I §ewas filled!
21:25:29 [allowed] §6[Bazaar] §r§7Putting goods in escrow...
21:25:29 [allowed] §6[Bazaar] §r§7Submitting buy order...
21:25:29 [allowed] §6[Bazaar] §r§7§r§eBuy Order Setup! §r§a1§r§7x §r§aChance V §r§7for §r§610,878,171 coins§r§7.
21:25:31 [allowed] §6[Bazaar] §r§7Claiming order...
21:25:32 [allowed] §6[Bazaar] §r§7§r§7Claimed §r§a1§r§7x §r§fDragon Hunter I §r§7worth §r§6814,099 coins §r§7bought for §r§6814,099 §r§7each!
21:25:42 [allowed] §cThere are blocks in the way!
21:25:42 [allowed] §cThere are blocks in the way!
21:25:47 [allowed] §cThere are blocks in the way!
21:25:55 [allowed] §cThere are blocks in the way!
21:25:57 [allowed] §6[Sacks] §r§a+6§r§e items§r§e.§r§8 (Last 8s.)
21:25:57 [allowed] §cThere are blocks in the way!
21:26:14 [allowed] §cThere are blocks in the way!
21:26:16 [allowed] §cThere are blocks in the way!
21:26:23 [allowed] §cThere are blocks in the way!
21:26:26 [allowed] §cThere are blocks in the way!
21:26:26 [allowed] §aYou earned §r§2461 GEXP §r§afrom playing SkyBlock!
21:26:30 [allowed] §cThere are blocks in the way!
21:26:32 [allowed] §cThere are blocks in the way!
21:26:33 [allowed] §6[Sacks] §r§a+5§r§e items§r§e.§r§8 (Last 6s.)
21:26:40 [allowed] §cThere are blocks in the way!
21:26:43 [allowed] §cThere are blocks in the way!
21:26:44 [allowed] §cThere are blocks in the way!
21:26:47 [allowed] §cThere are blocks in the way!
21:27:27 [allowed] §6[Bazaar] §r§7Cancelling order...
21:27:27 [allowed] §6[Bazaar] §r§7§r§cCancelled! §r§7Refunded §r§6120,581,365 coins §r§7from cancelling Buy Order!
21:27:42 [allowed] §6[Bazaar] §r§7Executing instant buy...
21:27:42 [allowed] §6[Bazaar] §r§7Bought §r§a1§r§7x §r§5Power VII §r§7for §r§6131,627,079 coins§r§7!
21:27:42 [allowed] §aFriend > §r§bSwantaBoi §r§eleft.
21:27:59 [allowed] §aFriend > §r§bSwantaBoi §r§ejoined.
21:28:24 [allowed] §6[Bazaar] §r§7Claiming order...
21:28:24 [allowed] §6[Bazaar] §r§7§r§7Claimed §r§a4§r§7x §r§5Fuming Potato Book §r§7worth §r§64,944,103 coins §r§7bought for §r§61,236,026 §r§7each!
21:28:35 [allowed] §aYou applied a §r§5Fuming Potato Book §r§ato your §r§dAncient Necron's Leggings §r§6✪✪✪✪✪§r§a!
21:28:35 [allowed] §aYou applied a §r§5Fuming Potato Book §r§ato your §r§dAncient Necron's Leggings §r§6✪✪✪✪✪§r§a!
21:28:36 [allowed] §aYou applied a §r§5Fuming Potato Book §r§ato your §r§dAncient Necron's Leggings §r§6✪✪✪✪✪§r§a!
21:28:36 [allowed] §aYou applied a §r§5Fuming Potato Book §r§ato your §r§dAncient Necron's Leggings §r§6✪✪✪✪✪§r§a!
21:28:37 [allowed] §cYou have applied the maximum amount of Potato Books to this item!
21:28:37 [allowed] §aYou applied a §r§5Fuming Potato Book §r§ato your §r§dAncient Necron's Leggings §r§6✪✪✪✪✪§r§a!
21:28:40 [allowed] §cThere are blocks in the way!
21:28:42 [allowed] §cThere are blocks in the way!
21:28:43 [allowed] §cThere are blocks in the way!
21:28:45 [allowed] §cThere are blocks in the way!
21:29:03 [allowed] §aFriend > §r§bSwantaBoi §r§eleft.
21:29:09 [allowed] §aFriend > §r§bSwantaBoi §r§ejoined.
21:29:42 [allowed] §cThere are blocks in the way!
21:29:42 [allowed] §cThere are blocks in the way!
21:29:49 [allowed] §cThere are blocks in the way!
21:29:49 [allowed] §cThere are blocks in the way!
21:29:51 [allowed] §cThere are blocks in the way!
21:29:51 [allowed] §cThere are blocks in the way!
21:30:16 [allowed] §cThere are blocks in the way!
21:30:18 [allowed] §cThere are blocks in the way!
21:30:19 [allowed] §cThere are blocks in the way!
21:30:20 [allowed] §cThere are blocks in the way!
21:30:22 [allowed] §cThere are blocks in the way!
21:30:22 [allowed] §cThere are blocks in the way!
21:30:30 [allowed] §cThere are blocks in the way!
21:30:34 [allowed] §cThere are blocks in the way!
21:30:36 [allowed] §cThere are blocks in the way!
21:30:36 [allowed] §6[Sacks] §r§a+5§r§e items§r§e.§r§8 (Last 5s.)
21:30:41 [allowed] §cThere are blocks in the way!
21:30:44 [allowed] §cThere are blocks in the way!
21:30:46 [allowed] §cThere are blocks in the way!
21:30:46 [allowed] §cThere are blocks in the way!
21:30:48 [allowed] §cThere are blocks in the way!
21:30:50 [allowed] §cThere are blocks in the way!
21:30:51 [allowed] §cThere are blocks in the way!
21:30:55 [allowed] §a§aYou tipped 4 players in 7 different games!
21:30:55 [allowed] §cThere are blocks in the way!
21:30:56 [allowed] §cThere are blocks in the way!
21:30:57 [allowed] §cThere are blocks in the way!
21:31:02 [allowed] §cYou must double tap the drop button to drop this item!
21:31:02 [allowed] §cYou can disable this in the §r§fSettings§r§c in your §r§aSkyBlock Menu§r§c!
21:31:07 [allowed] §cThere are blocks in the way!
21:31:08 [allowed] §cThere are blocks in the way!
21:31:09 [allowed] §cThere are blocks in the way!
21:31:10 [allowed] §cThere are blocks in the way!
21:31:11 [allowed] §aFriend > §r§bboredwolf1003 §r§eleft.
21:31:13 [allowed] §aFriend > §r§bboredwolf1003 §r§ejoined.
21:31:27 [allowed] §aYou earned §r§2541 GEXP §r§afrom playing SkyBlock!
21:32:05 [allowed] §aFriend > §r§bboredwolf1003 §r§eleft.
21:32:06 [allowed] §aFriend > §r§bboredwolf1003 §r§ejoined.
21:32:11 [allowed] §cThere are blocks in the way!
21:32:14 [allowed] §cThere are blocks in the way!
21:32:32 [allowed] §cThere are blocks in the way!
21:32:32 [allowed] §cThere are blocks in the way!
21:32:38 [allowed] §cThere are blocks in the way!
21:33:09 [allowed] §cThere are blocks in the way!
21:33:09 [allowed] §cThere are blocks in the way!
21:33:11 [allowed] §cThere are blocks in the way!
21:34:27 [allowed] §cThere are blocks in the way!
21:34:28 [allowed] §cThere are blocks in the way!
21:34:29 [allowed] §cThere are blocks in the way!
21:34:30 [allowed] §cThere are blocks in the way!
21:34:30 [allowed] §cThere are blocks in the way!
21:34:31 [allowed] §cThere are blocks in the way!
21:34:32 [allowed] §cThere are blocks in the way!
21:34:33 [allowed] §cThere are blocks in the way!
21:34:33 [allowed] §cThere are blocks in the way!
21:34:34 [allowed] §cThere are blocks in the way!
21:34:36 [allowed] §cThere are blocks in the way!
21:34:37 [allowed] §cThere are blocks in the way!
21:34:39 [allowed] §cThere are blocks in the way!
21:34:40 [allowed] §cThere are blocks in the way!
21:34:41 [allowed] §cThere are blocks in the way!
21:34:41 [allowed] §cThere are blocks in the way!
21:34:42 [allowed] §cThere are blocks in the way!
21:34:42 [allowed] §cThere are blocks in the way!
21:34:43 [allowed] §cThere are blocks in the way!
21:34:43 [allowed] §cThere are blocks in the way!
21:34:44 [allowed] §cThere are blocks in the way!
21:34:45 [allowed] §cThere are blocks in the way!
21:34:45 [allowed] §cThere are blocks in the way!
21:34:46 [allowed] §cThere are blocks in the way!
21:34:46 [allowed] §cThere are blocks in the way!
21:34:47 [allowed] §cThere are blocks in the way!
21:34:48 [allowed] §cThere are blocks in the way!
21:34:48 [allowed] §cThere are blocks in the way!
21:34:49 [allowed] §cThere are blocks in the way!
21:34:49 [allowed] §cThere are blocks in the way!
21:34:50 [allowed] §cThere are blocks in the way!
21:34:51 [allowed] §cThere are blocks in the way!
21:34:51 [allowed] §cThere are blocks in the way!
21:34:52 [allowed] §cThere are blocks in the way!
21:34:52 [allowed] §cThere are blocks in the way!
21:34:53 [allowed] §cThere are blocks in the way!
21:34:58 [allowed] §cThere are blocks in the way!
21:34:58 [allowed] §cThere are blocks in the way!
21:34:59 [allowed] §cThere are blocks in the way!
21:34:59 [allowed] §6[Sacks] §r§a+27§r§e items§r§e.§r§8 (Last 8s.)
21:34:59 [allowed] §cThere are blocks in the way!
21:35:00 [allowed] §cThere are blocks in the way!
21:35:00 [allowed] §cThere are blocks in the way!
21:35:00 [allowed] §cThere are blocks in the way!
21:35:00 [allowed] §cThere are blocks in the way!
21:35:01 [allowed] §cThere are blocks in the way!
21:35:01 [allowed] §cThere are blocks in the way!
21:35:01 [allowed] §cThere are blocks in the way!
21:35:01 [allowed] §cThere are blocks in the way!
21:35:02 [allowed] §cThere are blocks in the way!
21:35:02 [allowed] §cThere are blocks in the way!
21:35:02 [allowed] §cThere are blocks in the way!
21:35:02 [allowed] §cThere are blocks in the way!
21:35:02 [allowed] §cThere are blocks in the way!
21:35:03 [allowed] §cThere are blocks in the way!
21:35:03 [allowed] §cThere are blocks in the way!
21:35:06 [allowed] §7Request join for Hub #1 (mega17B)...
21:35:06 [allowed] §7Sending to server mega17B...
21:35:07 [allowed] §8 §r§8 §r§1 §r§3 §r§3 §r§7 §r§8 
21:35:07 [allowed] §8[§r§3242§r§8] §r§7☕ §r§7NuteIIaa§7§r§7: 500m purse Lowballing
21:35:08 [allowed]  
21:35:08 [allowed] §f       §7You have §31 §7pending §3Bestiary Milestone §7to be claimed!
21:35:08 [allowed] §f                    §6§l>>> §6§lCLICK HERE§e to claim it! §6§l<<<
21:35:08 [allowed]   
21:35:10 [allowed] §aYou are playing on profile: §eCoconut§b (Co-op)
21:35:10 [allowed] §8Profile ID: 4ef1bd42-ec32-42d4-afba-b766eacde1e7
21:35:11 [allowed] §8[§r§a157§r§8] §r§a[VIP] _kamal_14§f§r§f: Lowballing 150M Purse /visit me quick good deals
21:35:11 [allowed] §8[§r§3242§r§8] §r§7☕ §r§7NuteIIaa§7§r§7: 500m Lowballinjg
21:35:11 [allowed] §8[§r§b207§r§8] §r§a[VIP] SuperChill§f§r§f: 2b lowballing
21:35:11 [allowed] §8[§r§b203§r§8] §r§6ௐ §r§b[MVP§2+§b] ChipmunkKing09§f§r§f: LOWBALING handles and hypes! /p me ASAP!!!!!!!!
21:35:12 [allowed] §8[§a138§8] §7§lꈔ §r§b[MVP§2+§b] qchillguy§f§7 is holding §r§8[§7[Lvl 1] §5Ender Dragon§8]
21:35:14 [allowed] §8[§r§2188§r§8] §r§a[VIP] Fqlno_o§f§r§f: lowballing 400m
21:35:15 [allowed] §8[§r§9280§r§8] §r§6✿ §r§a[VIP] suklaapala§f§r§f: wow
21:35:16 [allowed] §8[§r§a138§r§8] §r§7§lꈔ §r§b[MVP§2+§b] qchillguy§f§r§f: selling no lowball
21:35:16 [allowed] §8[§b234§8] §b§lᛝ §r§b[MVP§d+§b] Tapo4ekKJ§f§7 is holding §r§8[§bLustrous Divan's Drill§8]
21:35:17 [allowed] §8[§r§3242§r§8] §r§7☕ §r§7NuteIIaa§7§r§7: 500m purse lowballing visit me
21:35:18 [allowed] §9§m-----------------------------------------------------
21:35:18 [allowed] §cYou are not in a party and were moved to the ALL channel.
21:35:18 [allowed] §9§m-----------------------------------------------------
21:35:20 [allowed] §8[§r§3246§r§8] §r§7ф §r§b[MVP§r§0+§r§b] KobeAim§r§f: buying t1 flower minion
21:35:21 [allowed] §8[§r§a141§r§8] §r§b[MVP§f+§b] KV12§f§r§f: bruzksee
21:35:22 [allowed] §cThere are blocks in the way!
21:35:23 [allowed] §8[§3246§8] §6§l⸕ §r§b[MVP§a+§b] Arliand§f§7 is holding §r§8[§dAuspicious Titanium Drill DR-X655§8]
21:35:24 [allowed] §cThere are blocks in the way!
21:35:24 [allowed] §8[§r§3242§r§8] §r§7☕ §r§7NuteIIaa§7§r§7: 500m coins Lowballing
21:35:25 [allowed] §cThere are blocks in the way!
21:35:25 [allowed] §8[§r§a141§r§8] §r§b[MVP§f+§b] KV12§f§r§f: obese kitties how haevs you beens
21:35:26 [allowed] §cThere are blocks in the way!
21:35:28 [allowed] §cThere are blocks in the way!
21:35:28 [allowed] §8[§r§b232§r§8] §r§6ᛃ §r§b[MVP§6+§b] BzrKCany§f§r§f: Selling GR fiery terror legs for cheap party me
21:35:28 [allowed] §cThere are blocks in the way!
21:35:29 [allowed] §cThere are blocks in the way!
21:35:29 [allowed] §8[§b232§8] §6ᛃ §r§b[MVP§6+§b] BzrKCany§f§7 is holding §r§8[§dAncient Fiery Terror Leggings§8]
21:35:29 [allowed] §cThere are blocks in the way!
21:35:30 [allowed] §cThere are blocks in the way!
21:35:30 [allowed] §cThere are blocks in the way!
21:35:31 [allowed] §cThere are blocks in the way!
21:35:31 [allowed] §8[§r§3256§r§8] §r§b[MVP§2+§b] _Baacon§f§r§f: u have pdg hyperclean???
21:35:31 [allowed] §8[§r§2174§r§8] §r§7⚔ §r§a[VIP] Chinpansen3_§f§r§f: lowballing 450m lf edrag smcp 100m+ items scata
21:35:31 [allowed] §cThere are blocks in the way!
21:35:31 [allowed] §8[§r§9285§r§8] §r§b[MVP§0+§b] ObeseKitties§f§r§f: fine
21:35:32 [allowed] §8[§r§3256§r§8] §r§b[MVP§2+§b] _Baacon§f§r§f: wtf
21:35:32 [allowed] §cThere are blocks in the way!
21:35:32 [allowed] §cThere are blocks in the way!
21:35:32 [allowed] §8[§r§b207§r§8] §r§a[VIP] SuperChill§f§r§f: lbing 2b
21:35:32 [allowed] §cThere are blocks in the way!
21:35:33 [allowed] §cThere are blocks in the way!
21:35:33 [allowed] §cThere are blocks in the way!
21:35:34 [allowed] §cThere are blocks in the way!
21:35:34 [allowed] §cThere are blocks in the way!
21:35:34 [allowed] §cThere are blocks in the way!
21:35:35 [allowed] §cThere are blocks in the way!
21:35:35 [allowed] §cThere are blocks in the way!
21:35:37 [allowed] §8[§r§714§r§8] §r§a[VIP] BananeChatrix§f§r§f: whats the best pet for mining
21:35:38 [allowed] §8[§r§d336§r§8] §r§7α §r§a[VIP] SkyblockAdict§f§r§f: lowballing 100m purse
21:35:38 [allowed] §8[§3244§8] §7ᛃ §r§a[VIP§6+§a] Pratyaksh0508§f§7 is holding §r§8[§dAncient Fiery Crimson Leggings§8]
21:35:40 [allowed] §8[§b234§8] §b§lᛝ §r§b[MVP§d+§b] Tapo4ekKJ§f§7 is holding §r§8[§bLustrous Divan's Drill§8]
21:35:41 [allowed] §8[§r§2175§r§8] §r§7§lᛝ §r§a[VIP] Vzqx§f§r§f: Lb 350m purse /visit Vzqx
21:35:41 [allowed] §8[§r§e84§r§8] §r§7Qubixix__§7§r§7: lowballing 100m purse ---- /visit me ----- - - - -- -
21:35:41 [allowed] §8[§r§a125§r§8] §r§7▒ §r§b[MVP§9+§b] Gloozy§f§r§f: lowballing 102m /visit Gloozy taking almost every single item
21:35:42 [allowed] §8[§r§2170§r§8] §r§6❁ §r§a[VIP§6+§a] St1l0_§f§r§f: selling diamond minion t11 for 1.5m at map
21:35:42 [allowed] §8[§r§9280§r§8] §r§6✿ §r§a[VIP] suklaapala§f§r§f: u got nice armor there
21:35:42 [allowed] §8[§r§3244§r§8] §r§7ᛃ §r§a[VIP§6+§a] Pratyaksh0508§f§r§f: selling it visit me fast
21:35:44 [allowed] §8[§r§b204§r§8] §r§6☀ §r§b[MVP§f+§b] ph2000§f§r§f: [!] Lowballing 200m purse !!!!!!!!!!!!!!!!!!!!!!!!!!!!!!!!!!!
21:35:44 [allowed] §8[§r§d322§r§8] §r§7§l℻ §r§a[VIP] SpeakingFactz§f§r§f: lowballing 1.1b
21:35:45 [allowed] §8[§r§a141§r§8] §r§b[MVP§f+§b] KV12§f§r§f: i found dye glitch trust
21:35:47 [allowed] §8[§r§e86§r§8] §r§7⎊ §r§6[MVP§c++§6] v_8_8§f§r§f: tks
21:35:48 [allowed] §cThere are blocks in the way!
21:35:49 [allowed] §cThere are blocks in the way!
21:35:49 [allowed] §8[§r§2175§r§8] §r§7§lᛝ §r§a[VIP] Vzqx§f§r§f: TAKING EVERYTHING LB 350m purse /visit Vzqx
21:35:49 [allowed] §cThere are blocks in the way!
21:35:49 [allowed] §8[§r§2167§r§8] §r§a[VIP] superguysss§f§r§f: lowballing 90m ./visit me
21:35:50 [allowed] §8[§r§9280§r§8] §r§6✿ §r§a[VIP] suklaapala§f§r§f: I wanna know whats under it'
21:35:50 [allowed] §8[§r§2178§r§8] §r§7⎊ §r§a[VIP] sfingbub§f§r§f: wwaht are some good minions with 50m budget including upgrades?
21:35:50 [allowed] §8[§r§3242§r§8] §r§7☕ §r§7NuteIIaa§7§r§7: Lowballing 50'0m
21:35:50 [allowed] §cThere are blocks in the way!
21:35:50 [allowed] §8[§r§b219§r§8] §r§6✎ §r§b[MVP§d+§b] pocl§f§r§f: dude
21:35:51 [allowed] §cThere are blocks in the way!
21:35:52 [allowed] §cThere are blocks in the way!
21:35:52 [allowed] §8[§r§f69§r§8] §r§7✧ §r§a[VIP§6+§a] zxbs§f§r§f: lowballing 144m no dyes attributes or pets
21:35:52 [allowed] §cThere are blocks in the way!
21:35:52 [allowed] §cThere are blocks in the way!
21:35:53 [allowed] §8[§r§b226§r§8] §r§6❁ §r§b[MVP§2+§b] TechnoCombo§f§r§f: kv12
21:35:53 [allowed] §cThere are blocks in the way!
21:35:53 [allowed] §8[§r§a141§r§8] §r§b[MVP§f+§b] KV12§f§r§f: bro pocl,
21:35:54 [allowed] §cThere are blocks in the way!
21:35:54 [allowed] §cThere are blocks in the way!
21:35:54 [allowed] §cThere are blocks in the way!
21:35:54 [allowed] §8[§r§b219§r§8] §r§6✎ §r§b[MVP§d+§b] pocl§f§r§f: unskin those
21:35:55 [allowed] §8[§r§b226§r§8] §r§6❁ §r§b[MVP§2+§b] TechnoCombo§f§r§f: lime prot
21:35:55 [allowed] §cThere are blocks in the way!
21:35:55 [allowed] §cThere are blocks in the way!
21:35:55 [allowed] §8[§r§9285§r§8] §r§b[MVP§0+§b] ObeseKitties§f§r§f: welp time to sell all exotics
21:35:55 [allowed] §cThere are blocks in the way!
21:35:56 [allowed] §cThere are blocks in the way!
21:35:56 [allowed] §8[§r§2174§r§8] §r§7⚔ §r§a[VIP] Chinpansen3_§f§r§f: _: lowballing 450m lf 100m + items /lf skeletonmaster chestplate edrag scha
21:35:56 [allowed] §cThere are blocks in the way!
21:35:56 [allowed] §cThere are blocks in the way!
21:35:56 [allowed] §8[§r§3242§r§8] §r§7☕ §r§7NuteIIaa§7§r§7: 500m purse Lowballing rn
21:35:57 [allowed] §8[§r§b219§r§8] §r§6✎ §r§b[MVP§d+§b] pocl§f§r§f: tara helmets
21:35:57 [allowed] §cThere are blocks in the way!
21:35:57 [allowed] §8[§r§3244§r§8] §r§7ᛃ §r§a[VIP§6+§a] Pratyaksh0508§f§r§f: w
21:35:57 [allowed] §cThere are blocks in the way!
21:35:57 [allowed] §8[§r§a141§r§8] §r§b[MVP§f+§b] KV12§f§r§f: can i unskin yet
21:35:58 [allowed] §cThere are blocks in the way!
21:35:58 [allowed] §cThere are blocks in the way!
21:35:58 [allowed] §cThere are blocks in the way!
21:35:58 [allowed] §cThere are blocks in the way!
21:35:58 [allowed] §8[§r§9285§r§8] §r§b[MVP§0+§b] ObeseKitties§f§r§f: 0 value now
21:35:59 [allowed] §cThere are blocks in the way!
21:35:59 [allowed] §cThere are blocks in the way!
21:35:59 [allowed] §8[§r§b226§r§8] §r§6❁ §r§b[MVP§2+§b] TechnoCombo§f§r§f: show me lime prot
21:36:00 [allowed] §8[§r§3242§r§8] §r§7☕ §r§7NuteIIaa§7§r§7: Lowballing 500m rn
21:36:00 [allowed] §8[§r§2175§r§8] §r§7§lᛝ §r§a[VIP] Vzqx§f§r§f: sfingbub giving me 5m
21:36:00 [allowed] §8[§r§b204§r§8] §r§6☀ §r§b[MVP§f+§b] ph2000§f§r§f: [!] Lowballing 200m purse /visit me NOW
21:36:02 [allowed] §8[§r§b223§r§8] §r§7☃ §r§b[MVP§2+§b] OhJqlly§f§r§f: selling necron's handle visit me if u wanna hold his big stick
21:36:02 [allowed] §8[§r§b219§r§8] §r§6✎ §r§b[MVP§d+§b] pocl§f§r§f: yeah MAN DO IT NOW
21:36:02 [allowed] §cThere are blocks in the way!
21:36:03 [allowed] §8[§r§e86§r§8] §r§7⎊ §r§6[MVP§c++§6] v_8_8§f§r§f: Minecraft Rizz
21:36:03 [allowed] §cThere are blocks in the way!
21:36:04 [allowed] §cThere are blocks in the way!
21:36:04 [allowed] §8[§b234§8] §b§lᛝ §r§b[MVP§d+§b] Tapo4ekKJ§f§7 is holding §r§8[§bLustrous Divan's Drill§8]
21:36:04 [allowed] §cThere are blocks in the way!
21:36:05 [allowed] §cThere are blocks in the way!
21:36:05 [allowed] §8[§r§3242§r§8] §r§7☕ §r§7NuteIIaa§7§r§7: 500m Lowballs visit
21:36:05 [allowed] §8[§r§2170§r§8] §r§6❁ §r§a[VIP§6+§a] St1l0_§f§r§f: selling diamond minion t11 at map
21:36:05 [allowed] §cThere are blocks in the way!
21:36:05 [allowed] §cThere are blocks in the way!
21:36:06 [allowed] §cThere are blocks in the way!
21:36:06 [allowed] §cThere are blocks in the way!
21:36:06 [allowed] §8[§r§d349§r§8] §r§b[MVP§6+§b] ZorroOP§f§r§f: yo
21:36:06 [allowed] §cThere are blocks in the way!
21:36:07 [allowed] §cThere are blocks in the way!
21:36:07 [allowed] §8[§r§d349§r§8] §r§b[MVP§6+§b] ZorroOP§f§r§f: wtf
21:36:07 [allowed] §cThere are blocks in the way!
21:36:07 [allowed] §cThere are blocks in the way!
21:36:07 [allowed] §cThere are blocks in the way!
21:36:07 [allowed] §cThere are blocks in the way!
21:36:08 [allowed] §8[§r§d349§r§8] §r§b[MVP§6+§b] ZorroOP§f§r§f: KV12
21:36:08 [allowed] §cThere are blocks in the way!
21:36:08 [allowed] §8[§r§b223§r§8] §r§7☃ §r§b[MVP§2+§b] OhJqlly§f§r§f: selling necron's handle visit me
21:36:08 [allowed] §cThere are blocks in the way!
21:36:08 [allowed] §cThere are blocks in the way!
21:36:08 [allowed] §8[§r§b234§r§8] §r§b§lᛝ §r§b[MVP§d+§b] Tapo4ekKJ§f§r§f: SELLING DIVAN DRILL FOR 2.35B
21:36:08 [allowed] §cThere are blocks in the way!
21:36:08 [allowed] §cThere are blocks in the way!
21:36:08 [allowed] §8[§r§e105§r§8] §r§a[VIP] MegaDep§f§r§f: Lowballing 2b
21:36:10 [allowed] §8[§r§d349§r§8] §r§b[MVP§6+§b] ZorroOP§f§r§f: u still play?
21:36:11 [allowed] §8[§r§3242§r§8] §r§7☕ §r§7NuteIIaa§7§r§7: 500mil Lowballing
