21:00:18 [STASH_COMPACT] §f                 §7You have §329 §7materials stashed away!
21:00:18 [STASH_COMPACT] §f               §8(This totals 1 type of material stashed!)
21:00:18 [STASH_COMPACT] §f                §3§l>>> §3§lCLICK HERE§b to pick them up! §3§l<<<
21:00:18 [STASH_COMPACT]   
21:11:30 [PEST_DROP] §eYou received §a49x Enchanted Cactus Green §efor killing a §2Mite§e!
21:11:36 [PEST_DROP] §eYou received §a28x Enchanted Pumpkin §efor killing a §2Rat§e!
21:11:40 [PEST_DROP] §eYou received §a155x Enchanted Melon §efor killing an §2Earthworm§e!
21:11:47 [PEST_DROP] §eYou received §a112x Enchanted Potato §efor killing a §2Locust§e!
21:11:48 [PEST_DROP] §eYou received §a112x Enchanted Potato §efor killing a §2Locust§e!
21:12:01 [PEST_DROP] §eYou received §a94x Enchanted Cocoa Beans §efor killing a §2Moth§e!
21:12:09 [PEST_DROP] §eYou received §a32x Enchanted Red Mushroom §efor killing a §2Slug§e!
21:12:16 [PEST_DROP] §eYou received §a112x Enchanted Potato §efor killing a §2Locust§e!
21:12:16 [PEST_DROP] §eYou received §a1x Honey Jar §efor killing a §2Field Mouse§e!
21:12:16 [PEST_DROP] §eYou received §a1x Plant Matter §efor killing a §2Field Mouse§e!
21:12:16 [PEST_DROP] §eYou received §a99x Enchanted Sugar §efor killing a §2Field Mouse§e!
21:12:16 [PEST_DROP] §eYou received §a1x Tasty Cheese §efor killing a §2Field Mouse§e!
21:12:16 [PEST_DROP] §eYou received §a1x Compost §efor killing a §2Field Mouse§e!
21:12:16 [PEST_DROP] §eYou received §a1x Dung §efor killing a §2Field Mouse§e!
21:12:16 [PEST_DROP] §eYou received §a110x Enchanted Carrot §efor killing a §2Cricket§e!
21:12:17 [PEST_DROP] §eYou received §a32x Enchanted Red Mushroom §efor killing a §2Slug§e!
21:12:17 [PEST_DROP] §eYou received §a64x Enchanted Cactus Green §efor killing a §2Mite§e!
21:12:17 [PEST_DROP] §eYou received §a32x Enchanted Pumpkin §efor killing a §2Rat§e!
21:12:18 [PEST_DROP] §eYou received §a32x Enchanted Red Mushroom §efor killing a §2Slug§e!
21:12:18 [PEST_DROP] §eYou received §a64x Enchanted Cactus Green §efor killing a §2Mite§e!
21:12:18 [PEST_DROP] §eYou received §a32x Enchanted Pumpkin §efor killing a §2Rat§e!
21:16:29 [SLAYER_RNG_METER]    §dRNG Meter §f- §d483,725 Stored XP
21:18:41 [SLAYER_RNG_METER]    §dRNG Meter §f- §d485,225 Stored XP
21:21:34 [SLAYER_RNG_METER]    §dRNG Meter §f- §d486,725 Stored XP
