16:56:12 §e[SkyHanni] Reloaded 7473 items in the NEU repo§r
17:16:52 §e[SkyHanni] You have gained §b532 §eBits.§r
17:29:32 §e[SkyHanni] You have gained §b9 §eBits.§r
17:29:47 §e[SkyHanni] §a[VIP] ThickPickle §l§efound an inquisitor at §l§c-216 74 -11!§r
17:30:20 §e[SkyHanni] Inquisitor from §a[VIP] ThickPickle §enot found, deleting.§r
17:31:13 §e[SkyHanni] You have gained §b9 §eBits.§r
17:31:38 §e[SkyHanni] You have gained §b9 §eBits.§r
17:32:02 §e[SkyHanni] You have gained §b9 §eBits.§r
17:32:27 §e[SkyHanni] You have gained §b9 §eBits.§r
17:32:57 §e[SkyHanni] You have gained §b9 §eBits.§r
17:33:38 §e[SkyHanni] You have gained §b9 §eBits.§r
17:33:39 §e[SkyHanni] Detected not having access to warp point §bDark Auction§e!§r
17:33:39 §e[SkyHanni] Use §c/shresetburrowwarps §eonce you have activated this travel scroll.§r
17:34:15 §e[SkyHanni] You have gained §b9 §eBits.§r
17:35:03 §e[SkyHanni] You have gained §b9 §eBits.§r
17:35:35 §e[SkyHanni] You have gained §b9 §eBits.§r
17:36:17 §e[SkyHanni] You have gained §b9 §eBits.§r
17:37:20 §e[SkyHanni] You have gained §b9 §eBits.§r
17:38:48 §e[SkyHanni] You have gained §b9 §eBits.§r
17:39:14 §e[SkyHanni] §b[MVP§0+§b] KobeAim §l§efound an inquisitor at §l§c-235 93 103!§r
17:39:55 §e[SkyHanni] Inquisitor from §b[MVP§0+§b] KobeAim §enot found, deleting.§r
17:40:06 §e[SkyHanni] You have gained §b9 §eBits.§r
17:40:23 §e[SkyHanni] You have gained §b9 §eBits.§r
17:41:10 §e[SkyHanni] §a[VIP] ThickPickle §l§efound an inquisitor at §l§c-57 80 -209!§r
17:41:47 §e[SkyHanni] Inquisitor from §a[VIP] ThickPickle §enot found, deleting.§r
17:42:13 §e[SkyHanni] §b[MVP] Keehar_ §l§efound an inquisitor at §l§c-169 74 -89!§r
17:42:45 §e[SkyHanni] Inquisitor from §b[MVP] Keehar_ §enot found, deleting.§r
17:42:53 §e[SkyHanni] You have gained §b9 §eBits.§r
17:43:04 §e[SkyHanni] You have gained §b9 §eBits.§r
17:43:19 §e[SkyHanni] §b+1 SkyBlock XP §7(Mythological Kills§7)§b (40/100)§r
17:43:44 §e[SkyHanni] You have gained §b9 §eBits.§r
17:43:53 §e[SkyHanni] You have gained §b9 §eBits.§r
17:44:36 §e[SkyHanni] You have gained §b9 §eBits.§r
17:45:13 §e[SkyHanni] You have gained §b9 §eBits.§r
17:45:49 §e[SkyHanni] You have gained §b9 §eBits.§r
17:45:57 §e[SkyHanni] You have gained §b9 §eBits.§r
17:46:32 §e[SkyHanni] You have gained §b9 §eBits.§r
17:46:59 §e[SkyHanni] You have gained §b9 §eBits.§r
17:47:21 §e[SkyHanni] You have gained §b532 §eBits.§r
17:47:24 §e[SkyHanni] You have gained §b9 §eBits.§r
17:48:03 §e[SkyHanni] You have gained §b9 §eBits.§r
17:48:18 §e[SkyHanni] You have gained §b9 §eBits.§r
17:48:34 §e[SkyHanni] You have gained §b9 §eBits.§r
17:49:06 §e[SkyHanni] You have gained §b18 §eBits.§r
17:50:17 §e[SkyHanni] You have gained §b9 §eBits.§r
17:50:45 §e[SkyHanni] You have gained §b9 §eBits.§r
17:51:24 §e[SkyHanni] You have gained §b9 §eBits.§r
17:52:29 §e[SkyHanni] You have gained §b9 §eBits.§r
17:52:36 §e[SkyHanni] You have gained §b18 §eBits.§r
17:53:08 §e[SkyHanni] You have gained §b9 §eBits.§r
17:53:36 §e[SkyHanni] You have gained §b9 §eBits.§r
17:54:04 §e[SkyHanni] You have gained §b18 §eBits.§r
17:54:45 §e[SkyHanni] You have gained §b18 §eBits.§r
17:55:21 §e[SkyHanni] You have gained §b9 §eBits.§r
17:56:57 §e[SkyHanni] You have gained §b9 §eBits.§r
17:57:22 §e[SkyHanni] You have gained §b9 §eBits.§r
17:57:55 §e[SkyHanni] You have gained §b9 §eBits.§r
17:58:33 §e[SkyHanni] You have gained §b9 §eBits.§r
17:59:01 §e[SkyHanni] You have gained §b9 §eBits.§r
18:00:07 §e[SkyHanni] You have gained §b9 §eBits.§r
18:00:15 §e[SkyHanni] §b[MVP] Keehar_ §l§efound an inquisitor at §l§c-197 75 3!§r
18:00:41 §e[SkyHanni] Inquisitor from §b[MVP] Keehar_ §enot found, deleting.§r
18:00:53 §e[SkyHanni] You have gained §b18 §eBits.§r
18:01:31 §e[SkyHanni] You have gained §b9 §eBits.§r
18:02:00 §e[SkyHanni] You have gained §b9 §eBits.§r
18:02:09 §e[SkyHanni] You have gained §b9 §eBits.§r
18:02:10 §e[SkyHanni] You have gained §b9 §eBits.§r
18:02:49 §e[SkyHanni] You have gained §b18 §eBits.§r
18:02:53 §e[SkyHanni] §a[VIP§6+§a] Gugor71 §l§efound an inquisitor at §l§c-172 72 -117!§r
18:02:55 §e[SkyHanni] You have gained §b9 §eBits.§r
18:03:34 §e[SkyHanni] Inquisitor from §a[VIP§6+§a] Gugor71 §enot found, deleting.§r
18:04:07 §e[SkyHanni] You have gained §b9 §eBits.§r
18:04:25 §e[SkyHanni] You have gained §b9 §eBits.§r
18:05:14 §e[SkyHanni] You have gained §b9 §eBits.§r
18:06:03 §e[SkyHanni] You have gained §b9 §eBits.§r
18:06:03 §e[SkyHanni] §6[MVP§2++§6] oRelaxed §l§efound an inquisitor at §l§c-71 76 112!§r
18:06:26 §e[SkyHanni] Inquisitor from §6[MVP§2++§6] oRelaxed §enot found, deleting.§r
18:07:43 §e[SkyHanni] You have gained §b9 §eBits.§r
18:07:52 §e[SkyHanni] You have gained §b9 §eBits.§r
18:09:54 §e[SkyHanni] You have gained §b9 §eBits.§r
18:10:03 §e[SkyHanni] You have gained §b9 §eBits.§r
18:10:05 §e[SkyHanni] §a[VIP§6+§a] Gugor71 §l§efound an inquisitor at §l§c-101 76 64!§r
18:10:39 §e[SkyHanni] Inquisitor from §a[VIP§6+§a] Gugor71 §enot found, deleting.§r
18:11:58 §e[SkyHanni] You have gained §b9 §eBits.§r
18:12:18 §e[SkyHanni] §b[MVP§0+§b] KobeAim §l§efound an inquisitor at §l§c-8 74 130!§r
18:12:46 §e[SkyHanni] Inquisitor from §b[MVP§0+§b] KobeAim §enot found, deleting.§r
18:12:50 §e[SkyHanni] Could not find Diana Guess using sound and particles, please try again. (Was this a funny sound easter egg?)§r
18:13:23 §e[SkyHanni] You have gained §b9 §eBits.§r
18:13:32 §e[SkyHanni] §b+3 SkyBlock XP §7(Mythological Kills§7)§b (43/100)§r
18:13:35 §e[SkyHanni] You have gained §b9 §eBits.§r
18:13:39 §e[SkyHanni] You have gained §b18 §eBits.§r
18:15:23 §e[SkyHanni] You have gained §b9 §eBits.§r
18:15:46 §e[SkyHanni] You have gained §b9 §eBits.§r
18:16:16 §e[SkyHanni] You have gained §b9 §eBits.§r
18:16:29 §e[SkyHanni] You have gained §b9 §eBits.§r
18:16:56 §e[SkyHanni] You have gained §b9 §eBits.§r
18:17:21 §e[SkyHanni] You have gained §b541 §eBits.§r
18:19:04 §e[SkyHanni] You have gained §b9 §eBits.§r
18:19:11 §e[SkyHanni] You have gained §b9 §eBits.§r
18:19:19 §e[SkyHanni] You have gained §b9 §eBits.§r
18:19:34 §e[SkyHanni] You have gained §b9 §eBits.§r
18:20:40 §e[SkyHanni] You have gained §b9 §eBits.§r
18:20:59 §e[SkyHanni] You have gained §b18 §eBits.§r
18:22:20 §e[SkyHanni] You have gained §b9 §eBits.§r
18:23:09 §e[SkyHanni] You have gained §b9 §eBits.§r
18:23:52 §e[SkyHanni] You have gained §b9 §eBits.§r
18:24:49 §e[SkyHanni] You have gained §b9 §eBits.§r
18:25:09 §e[SkyHanni] You have gained §b9 §eBits.§r
18:25:22 §e[SkyHanni] You have gained §b9 §eBits.§r
18:26:08 §e[SkyHanni] You have gained §b9 §eBits.§r
18:26:39 §e[SkyHanni] You have gained §b18 §eBits.§r
18:26:48 §e[SkyHanni] You have gained §b9 §eBits.§r
18:27:19 §e[SkyHanni] You have gained §b18 §eBits.§r
18:28:44 §e[SkyHanni] You have gained §b9 §eBits.§r
18:29:17 §e[SkyHanni] You have gained §b9 §eBits.§r
18:29:44 §e[SkyHanni] You have gained §b9 §eBits.§r
18:30:32 §e[SkyHanni] You have gained §b9 §eBits.§r
18:30:52 §e[SkyHanni] You have gained §b9 §eBits.§r
18:31:32 §e[SkyHanni] You have gained §b9 §eBits.§r
18:32:05 §e[SkyHanni] You have gained §b9 §eBits.§r
18:32:20 §e[SkyHanni] You have gained §b9 §eBits.§r
18:33:32 §e[SkyHanni] You have gained §b9 §eBits.§r
18:33:43 §e[SkyHanni] You have gained §b9 §eBits.§r
18:34:00 §e[SkyHanni] §b[MVP§0+§b] KobeAim §l§efound an inquisitor at §l§c-255 78 34!§r
18:34:45 §e[SkyHanni] Inquisitor from §b[MVP§0+§b] KobeAim §enot found, deleting.§r
18:35:13 §e[SkyHanni] You have gained §b9 §eBits.§r
18:35:54 §e[SkyHanni] You have gained §b9 §eBits.§r
18:36:31 §e[SkyHanni] You have gained §b9 §eBits.§r
18:37:37 §e[SkyHanni] You have gained §b9 §eBits.§r
18:38:34 §e[SkyHanni] You have gained §b9 §eBits.§r
18:39:45 §e[SkyHanni] Could not find Diana Guess using sound and particles, please try again. (Was this a funny sound easter egg?)§r
18:40:52 §e[SkyHanni] §6[MVP§2++§6] oRelaxed §l§efound an inquisitor at §l§c-170 76 -81!§r
18:41:32 §e[SkyHanni] Inquisitor from §6[MVP§2++§6] oRelaxed §enot found, deleting.§r
18:41:46 §e[SkyHanni] You have gained §b9 §eBits.§r
18:42:12 §e[SkyHanni] You have gained §b9 §eBits.§r
18:42:55 §e[SkyHanni] You have gained §b9 §eBits.§r
18:43:09 §e[SkyHanni] §a[VIP§6+§a] Gugor71 §l§efound an inquisitor at §l§c-257 91 108!§r
18:44:23 §e[SkyHanni] You have gained §b9 §eBits.§r
18:44:31 §e[SkyHanni] You have gained §b9 §eBits.§r
18:45:12 §e[SkyHanni] You have gained §b9 §eBits.§r
18:45:52 §e[SkyHanni] You have gained §b9 §eBits.§r
18:46:32 §e[SkyHanni] You have gained §b9 §eBits.§r
18:46:42 §e[SkyHanni] You have gained §b9 §eBits.§r
18:46:52 §e[SkyHanni] You have gained §b9 §eBits.§r
18:47:05 §e[SkyHanni] §b+1 SkyBlock XP §7(Mythological Kills§7)§b (44/100)§r
18:47:22 §e[SkyHanni] You have gained §b9 §eBits.§r
18:47:42 §e[SkyHanni] You have gained §b532 §eBits.§r
18:48:13 §e[SkyHanni] You have gained §b9 §eBits.§r
18:48:51 §e[SkyHanni] You have gained §b9 §eBits.§r
18:48:58 §e[SkyHanni] You have gained §b9 §eBits.§r
18:49:25 §e[SkyHanni] You have gained §b9 §eBits.§r
18:51:02 §e[SkyHanni] You have gained §b9 §eBits.§r
18:51:10 §e[SkyHanni] You have gained §b9 §eBits.§r
18:51:40 §e[SkyHanni] §b[MVP] Keehar_ §l§efound an inquisitor at §l§c28 73 -207!§r
18:52:34 §e[SkyHanni] Inquisitor from §b[MVP] Keehar_ §enot found, deleting.§r
18:53:08 §e[SkyHanni] You have gained §b9 §eBits.§r
18:53:40 §e[SkyHanni] You have gained §b9 §eBits.§r
18:54:11 §e[SkyHanni] You have gained §b9 §eBits.§r
18:54:42 §e[SkyHanni] You have gained §b9 §eBits.§r
18:55:14 §e[SkyHanni] You have gained §b9 §eBits.§r
18:55:30 §e[SkyHanni] You have gained §b9 §eBits.§r
18:56:13 §e[SkyHanni] You have gained §b9 §eBits.§r
18:57:22 §e[SkyHanni] You have gained §b9 §eBits.§r
18:57:29 §e[SkyHanni] You have gained §b18 §eBits.§r
18:57:45 §e[SkyHanni] You have gained §b9 §eBits.§r
18:58:37 §e[SkyHanni] You have gained §b9 §eBits.§r
18:59:50 §e[SkyHanni] You have gained §b9 §eBits.§r
19:01:10 §e[SkyHanni] You have gained §b9 §eBits.§r
19:01:22 §e[SkyHanni] You have gained §b18 §eBits.§r
19:02:28 §e[SkyHanni] You have gained §b9 §eBits.§r
19:02:53 §e[SkyHanni] You have gained §b9 §eBits.§r
19:03:44 §e[SkyHanni] You have gained §b18 §eBits.§r
19:04:26 §e[SkyHanni] You have gained §b9 §eBits.§r
19:05:10 §e[SkyHanni] §6[MVP§2++§6] oRelaxed §l§efound an inquisitor at §l§c-169 72 -126!§r
19:05:47 §e[SkyHanni] Inquisitor from §6[MVP§2++§6] oRelaxed §enot found, deleting.§r
19:05:56 §e[SkyHanni] You have gained §b9 §eBits.§r
19:06:35 §e[SkyHanni] You have gained §b9 §eBits.§r
19:07:01 §e[SkyHanni] You have gained §b9 §eBits.§r
19:07:07 §e[SkyHanni] You have gained §b9 §eBits.§r
19:07:43 §e[SkyHanni] You have gained §b9 §eBits.§r
19:07:56 §e[SkyHanni] You have gained §b18 §eBits.§r
19:08:41 §e[SkyHanni] You have gained §b9 §eBits.§r
19:08:59 §e[SkyHanni] §6[MVP§2++§6] oRelaxed §l§efound an inquisitor at §l§c-169 73 -12!§r
19:09:34 §e[SkyHanni] Inquisitor from §6[MVP§2++§6] oRelaxed §enot found, deleting.§r
19:09:49 §e[SkyHanni] You have gained §b9 §eBits.§r
19:10:26 §e[SkyHanni] §b[MVP] Keehar_ §l§efound an inquisitor at §l§c-116 72 -114!§r
19:10:48 §e[SkyHanni] Inquisitor from §b[MVP] Keehar_ §enot found, deleting.§r
19:10:56 §e[SkyHanni] You have gained §b18 §eBits.§r
19:11:06 §e[SkyHanni] You have gained §b9 §eBits.§r
19:12:12 §e[SkyHanni] You have gained §b9 §eBits.§r
19:12:25 §e[SkyHanni] You have gained §b9 §eBits.§r
19:13:05 §e[SkyHanni] You have gained §b9 §eBits.§r
19:13:41 §e[SkyHanni] You have gained §b9 §eBits.§r
19:14:01 §e[SkyHanni] You have gained §b9 §eBits.§r
19:14:56 §e[SkyHanni] You have gained §b9 §eBits.§r
19:15:27 §e[SkyHanni] You have gained §b9 §eBits.§r
19:15:39 §e[SkyHanni] §b[MVP§0+§b] KobeAim §l§efound an inquisitor at §l§c-62 72 131!§r
19:16:30 §e[SkyHanni] Inquisitor from §b[MVP§0+§b] KobeAim §enot found, deleting.§r
19:16:47 §c[SkyHanni] Couldn't find an item with this name or identifier!§r
19:16:53 §c[SkyHanni] Couldn't find an item with this name or identifier!§r
19:17:02 §c[SkyHanni] Couldn't find an item with this name or identifier!§r
19:17:07 §c[SkyHanni] Couldn't find an item with this name or identifier!§r
19:17:48 §e[SkyHanni] You have gained §b532 §eBits.§r
19:18:28 §e[SkyHanni] You have gained §b9 §eBits.§r
19:19:11 §e[SkyHanni] You have gained §b9 §eBits.§r
19:19:50 §e[SkyHanni] You have gained §b18 §eBits.§r
19:21:16 §e[SkyHanni] You have gained §b9 §eBits.§r
19:21:28 §e[SkyHanni] §b+1 SkyBlock XP §7(Mythological Kills§7)§b (46/100)§r
19:21:45 §e[SkyHanni] You have gained §b9 §eBits.§r
19:21:53 §e[SkyHanni] You have gained §b9 §eBits.§r
19:22:37 §e[SkyHanni] You have gained §b9 §eBits.§r
19:22:47 §e[SkyHanni] You have gained §b9 §eBits.§r
19:23:13 §e[SkyHanni] You have gained §b9 §eBits.§r
19:23:50 §e[SkyHanni] You have gained §b9 §eBits.§r
19:24:16 §e[SkyHanni] You have gained §b9 §eBits.§r
19:24:53 §e[SkyHanni] You have gained §b9 §eBits.§r
19:25:00 §e[SkyHanni] You have gained §b9 §eBits.§r
19:26:31 §e[SkyHanni] You have gained §b9 §eBits.§r
19:26:31 §e[SkyHanni] §b[MVP] Keehar_ §l§efound an inquisitor at §l§c-231 92 37!§r
19:27:08 §e[SkyHanni] Inquisitor from §b[MVP] Keehar_ §enot found, deleting.§r
19:27:15 §e[SkyHanni] You have gained §b9 §eBits.§r
19:28:34 §e[SkyHanni] Gained §d40,000 motes §ethis Rift session! (§d3.2M/h§e)§r
19:29:06 §e[SkyHanni] You have gained §b9 §eBits.§r
19:29:47 §e[SkyHanni] You have gained §b9 §eBits.§r
19:30:15 §e[SkyHanni] You have gained §b9 §eBits.§r
19:30:44 §e[SkyHanni] You have gained §b9 §eBits.§r
19:31:07 §e[SkyHanni] You have gained §b9 §eBits.§r
19:31:38 §e[SkyHanni] You have gained §b9 §eBits.§r
19:32:08 §e[SkyHanni] You have gained §b9 §eBits.§r
19:33:15 §e[SkyHanni] You have gained §b9 §eBits.§r
19:33:20 §e[SkyHanni] You have gained §b9 §eBits.§r
19:34:05 §e[SkyHanni] You have gained §b9 §eBits.§r
19:34:28 §e[SkyHanni] You have gained §b9 §eBits.§r
19:34:51 §e[SkyHanni] You have gained §b18 §eBits.§r
19:35:32 §e[SkyHanni] You have gained §b9 §eBits.§r
19:36:12 §e[SkyHanni] You have gained §b9 §eBits.§r
19:36:19 §e[SkyHanni] You have gained §b9 §eBits.§r
19:37:02 §e[SkyHanni] You have gained §b9 §eBits.§r
19:37:06 §e[SkyHanni] You have gained §b9 §eBits.§r
19:37:49 §e[SkyHanni] You have gained §b9 §eBits.§r
19:38:27 §e[SkyHanni] You have gained §b9 §eBits.§r
19:38:56 §e[SkyHanni] You have gained §b9 §eBits.§r
19:39:45 §e[SkyHanni] You have gained §b9 §eBits.§r
19:50:21 §e[SkyHanni] §fYou were in Limbo for §e9m 8s§f.§r
19:50:35 §e[SkyHanni] You have gained §b532 §eBits.§r
20:08:52 §e[SkyHanni] You have reached the maximum extra Superpairs clicks from this add-on!§r
20:09:19 §e[SkyHanni] You have reached the maximum extra Superpairs clicks from this add-on!§r
20:46:33 §e[SkyHanni] §fYou were in Limbo for §e32m 53s§f.§r
20:46:44 §e[SkyHanni] You have gained §b532 §eBits.§r
20:48:31 §e[SkyHanni] §b+10 SkyBlock XP §7(Attribute Levels§7)§b (56/100)§r
