17:39:14  
17:39:14 [original] §r§c§lOi! §r§eYou dug out a §r§2Minos Inquisitor§r§e!§r
17:39:14 [modified] §c§lOi! §r§eYou dug out a §r§2Minos Inquisitor§r§e! §e(33)§r
18:12:18  
18:12:18 [original] §r§c§lOh! §r§eYou dug out a §r§2Minos Inquisitor§r§e!§r
18:12:18 [modified] §c§lOh! §r§eYou dug out a §r§2Minos Inquisitor§r§e! §e(90)§r
18:34:00  
18:34:00 [original] §r§c§lGood Grief! §r§eYou dug out a §r§2Minos Inquisitor§r§e!§r
18:34:00 [modified] §c§lGood Grief! §r§eYou dug out a §r§2Minos Inquisitor§r§e! §e(58)§r
19:15:39  
19:15:39 [original] §r§c§lWoah! §r§eYou dug out a §r§2Minos Inquisitor§r§e!§r
19:15:39 [modified] §c§lWoah! §r§eYou dug out a §r§2Minos Inquisitor§r§e! §e(99)§r
19:55:10  
19:55:10 [original] §e[NPC] Oringo§f: §b✆ §f§r§8• §fGiraffe Pet§r
19:55:10 [modified] §e[NPC] Oringo§f: §b✆ §f§r§8• §f§lCOMMON §fGiraffe Pet§r
19:55:12  
19:55:12 [original] §e[NPC] Oringo§f: §b✆ §f§r§8• §9Monkey Pet§r
19:55:12 [modified] §e[NPC] Oringo§f: §b✆ §f§r§8• §9§lRARE §9Monkey Pet§r
19:55:14  
19:55:14 [original] §e[NPC] Oringo§f: §b✆ §f§r§8• §6Tiger Pet§r
19:55:14 [modified] §e[NPC] Oringo§f: §b✆ §f§r§8• §6§lLEGENDARY §6Tiger Pet§r
