14:37:37 Trying to load config from config\skyhanni\config.json
14:37:37 load-config-now
14:37:38 Loaded config from file
14:37:38 Trying to load sacks from config\skyhanni\sacks.json
14:37:38 load-sacks-now
14:37:38 Loaded sacks from file
14:37:38 Trying to load friends from config\skyhanni\friends.json
14:37:38 load-friends-now
14:37:38 Loaded friends from file
14:37:38 Trying to load known_features from config\skyhanni\known_features.json
14:37:38 load-known_features-now
14:37:38 Loaded known_features from file
14:37:38 Trying to load jacob_contests from config\skyhanni\jacob_contests.json
14:37:38 load-jacob_contests-now
14:37:38 Loaded jacob_contests from file
14:37:38 Trying to load visual_words from config\skyhanni\visual_words.json
14:37:38 Setting visual_words to be blank as it did not exist. It will be saved once something is written to it
14:38:10 saveConfig: Updated known feature flags
14:38:10 Saving known_features file
14:38:10 Saved known_features file successfully
14:38:10 saveConfig: Updated known feature flags
14:38:10 Saving known_features file
14:38:10 Saved known_features file successfully
14:38:38 saveConfig: auto-save-60s
14:38:38 Saving config file
14:38:38 Saved config file successfully
14:38:38 saveConfig: auto-save-60s
14:38:38 Saving config file
14:38:38 Saved config file successfully
14:39:38 saveConfig: auto-save-60s
14:39:38 Saving config file
14:39:38 Saved config file successfully
14:39:38 saveConfig: auto-save-60s
14:39:38 Saving config file
14:39:38 Saved config file successfully
14:40:38 saveConfig: auto-save-60s
14:40:38 Saving config file
14:40:38 Saved config file successfully
14:40:38 saveConfig: auto-save-60s
14:40:38 Saving config file
14:40:38 Saved config file successfully
14:41:38 saveConfig: auto-save-60s
14:41:38 Saving config file
14:41:38 Saved config file successfully
14:41:38 saveConfig: auto-save-60s
14:41:38 Saving config file
14:41:38 Saved config file successfully
14:42:38 saveConfig: auto-save-60s
14:42:38 Saving config file
14:42:38 Saved config file successfully
14:42:38 saveConfig: auto-save-60s
14:42:38 Saving config file
14:42:38 Saved config file successfully
14:43:38 saveConfig: auto-save-60s
14:43:38 Saving config file
14:43:38 Saved config file successfully
14:43:38 saveConfig: auto-save-60s
14:43:38 Saving config file
14:43:38 Saved config file successfully
14:44:38 saveConfig: auto-save-60s
14:44:38 Saving config file
14:44:38 Saved config file successfully
14:44:38 saveConfig: auto-save-60s
14:44:38 Saving config file
14:44:38 Saved config file successfully
14:45:38 saveConfig: auto-save-60s
14:45:38 Saving config file
14:45:38 Saved config file successfully
14:45:38 saveConfig: auto-save-60s
14:45:38 Saving config file
14:45:38 Saved config file successfully
14:45:54 saveConfig: close-gui
14:45:54 Saving config file
14:45:54 Saved config file successfully
14:45:54 saveConfig: close-gui
14:45:54 Saving config file
14:45:54 Saved config file successfully
14:46:38 saveConfig: auto-save-60s
14:46:38 Saving config file
14:46:38 Saved config file successfully
14:46:38 saveConfig: auto-save-60s
14:46:38 Saving config file
14:46:38 Saved config file successfully
14:47:38 saveConfig: auto-save-60s
14:47:38 Saving config file
14:47:38 Saved config file successfully
14:47:38 saveConfig: auto-save-60s
14:47:38 Saving config file
14:47:38 Saved config file successfully
14:48:38 saveConfig: auto-save-60s
14:48:38 Saving config file
14:48:38 Saved config file successfully
14:48:38 saveConfig: auto-save-60s
14:48:38 Saving config file
14:48:38 Saved config file successfully
14:49:38 saveConfig: auto-save-60s
14:49:38 Saving config file
14:49:38 Saved config file successfully
14:49:38 saveConfig: auto-save-60s
14:49:38 Saving config file
14:49:38 Saved config file successfully
14:50:38 saveConfig: auto-save-60s
14:50:38 Saving config file
14:50:38 Saved config file successfully
14:50:38 saveConfig: auto-save-60s
14:50:38 Saving config file
14:50:38 Saved config file successfully
14:50:51 saveConfig: saving-data
14:50:51 Saving sacks file
14:50:51 Saved sacks file successfully
14:50:51 saveConfig: saving-data
14:50:51 Saving sacks file
14:50:51 Saved sacks file successfully
14:50:57 saveConfig: saving-data
14:50:57 Saving sacks file
14:50:57 Saved sacks file successfully
14:50:57 saveConfig: saving-data
14:50:57 Saving sacks file
14:50:57 Saved sacks file successfully
14:51:06 saveConfig: saving-data
14:51:06 Saving sacks file
14:51:06 Saved sacks file successfully
14:51:06 saveConfig: saving-data
14:51:06 Saving sacks file
14:51:06 Saved sacks file successfully
14:51:34 saveConfig: saving-data
14:51:34 Saving sacks file
14:51:34 Saved sacks file successfully
14:51:34 saveConfig: saving-data
14:51:34 Saving sacks file
14:51:34 Saved sacks file successfully
14:51:38 saveConfig: auto-save-60s
14:51:38 Saving config file
14:51:38 Saved config file successfully
14:51:38 saveConfig: auto-save-60s
14:51:38 Saving config file
14:51:38 Saved config file successfully
14:52:02 saveConfig: saving-data
14:52:02 Saving sacks file
14:52:02 Saved sacks file successfully
14:52:02 saveConfig: saving-data
14:52:02 Saving sacks file
14:52:02 Saved sacks file successfully
14:52:38 saveConfig: auto-save-60s
14:52:38 Saving config file
14:52:38 Saved config file successfully
14:52:38 saveConfig: auto-save-60s
14:52:38 Saving config file
14:52:38 Saved config file successfully
14:52:39 saveConfig: saving-data
14:52:39 Saving sacks file
14:52:39 Saved sacks file successfully
14:52:39 saveConfig: saving-data
14:52:39 Saving sacks file
14:52:39 Saved sacks file successfully
14:53:38 saveConfig: auto-save-60s
14:53:38 Saving config file
14:53:38 Saved config file successfully
14:53:38 saveConfig: auto-save-60s
14:53:38 Saving config file
14:53:38 Saved config file successfully
14:54:38 saveConfig: auto-save-60s
14:54:38 Saving config file
14:54:38 Saved config file successfully
14:54:38 saveConfig: auto-save-60s
14:54:38 Saving config file
14:54:38 Saved config file successfully
14:55:38 saveConfig: auto-save-60s
14:55:38 Saving config file
14:55:38 Saved config file successfully
14:55:38 saveConfig: auto-save-60s
14:55:38 Saving config file
14:55:38 Saved config file successfully
14:56:38 saveConfig: auto-save-60s
14:56:38 Saving config file
14:56:38 Saved config file successfully
14:56:38 saveConfig: auto-save-60s
14:56:38 Saving config file
14:56:38 Saved config file successfully
14:57:38 saveConfig: auto-save-60s
14:57:38 Saving config file
14:57:38 Saved config file successfully
14:57:38 saveConfig: auto-save-60s
14:57:38 Saving config file
14:57:38 Saved config file successfully
14:58:38 saveConfig: auto-save-60s
14:58:38 Saving config file
14:58:38 Saved config file successfully
14:58:38 saveConfig: auto-save-60s
14:58:38 Saving config file
14:58:38 Saved config file successfully
14:59:38 saveConfig: auto-save-60s
14:59:38 Saving config file
14:59:38 Saved config file successfully
14:59:38 saveConfig: auto-save-60s
14:59:38 Saving config file
14:59:38 Saved config file successfully
15:00:38 saveConfig: auto-save-60s
15:00:38 Saving config file
15:00:38 Saved config file successfully
15:00:38 saveConfig: auto-save-60s
15:00:38 Saving config file
15:00:38 Saved config file successfully
15:01:38 saveConfig: auto-save-60s
15:01:38 Saving config file
15:01:38 Saved config file successfully
15:01:38 saveConfig: auto-save-60s
15:01:38 Saving config file
15:01:38 Saved config file successfully
15:02:29 saveConfig: close-gui
15:02:29 Saving config file
15:02:29 Saved config file successfully
15:02:29 saveConfig: close-gui
15:02:29 Saving config file
15:02:29 Saved config file successfully
15:02:38 saveConfig: auto-save-60s
15:02:38 Saving config file
15:02:38 Saved config file successfully
15:02:38 saveConfig: auto-save-60s
15:02:38 Saving config file
15:02:38 Saved config file successfully
15:03:38 saveConfig: auto-save-60s
15:03:38 Saving config file
15:03:38 Saved config file successfully
15:03:38 saveConfig: auto-save-60s
15:03:38 Saving config file
15:03:38 Saved config file successfully
15:04:38 saveConfig: auto-save-60s
15:04:38 Saving config file
15:04:38 Saved config file successfully
15:04:38 saveConfig: auto-save-60s
15:04:38 Saving config file
15:04:38 Saved config file successfully
15:05:38 saveConfig: auto-save-60s
15:05:38 Saving config file
15:05:38 Saved config file successfully
15:05:38 saveConfig: auto-save-60s
15:05:38 Saving config file
15:05:38 Saved config file successfully
15:06:38 saveConfig: auto-save-60s
15:06:38 Saving config file
15:06:38 Saved config file successfully
15:06:38 saveConfig: auto-save-60s
15:06:38 Saving config file
15:06:38 Saved config file successfully
15:07:38 saveConfig: auto-save-60s
15:07:38 Saving config file
15:07:38 Saved config file successfully
15:07:38 saveConfig: auto-save-60s
15:07:38 Saving config file
15:07:38 Saved config file successfully
15:08:38 saveConfig: auto-save-60s
15:08:38 Saving config file
15:08:38 Saved config file successfully
15:08:38 saveConfig: auto-save-60s
15:08:38 Saving config file
15:08:38 Saved config file successfully
15:09:08 saveConfig: saving-data
15:09:08 Saving sacks file
15:09:08 Saved sacks file successfully
15:09:08 saveConfig: saving-data
15:09:08 Saving sacks file
15:09:08 Saved sacks file successfully
15:09:33 saveConfig: saving-data
15:09:33 Saving sacks file
15:09:33 Saved sacks file successfully
15:09:33 saveConfig: saving-data
15:09:33 Saving sacks file
15:09:33 Saved sacks file successfully
15:09:38 saveConfig: auto-save-60s
15:09:38 Saving config file
15:09:38 Saved config file successfully
15:09:38 saveConfig: auto-save-60s
15:09:38 Saving config file
15:09:38 Saved config file successfully
15:10:38 saveConfig: auto-save-60s
15:10:38 Saving config file
15:10:38 Saved config file successfully
15:10:38 saveConfig: auto-save-60s
15:10:38 Saving config file
15:10:38 Saved config file successfully
15:11:02 saveConfig: saving-data
15:11:02 Saving sacks file
15:11:02 Saved sacks file successfully
15:11:02 saveConfig: saving-data
15:11:02 Saving sacks file
15:11:02 Saved sacks file successfully
15:11:38 saveConfig: auto-save-60s
15:11:38 Saving config file
15:11:38 Saved config file successfully
15:11:38 saveConfig: auto-save-60s
15:11:38 Saving config file
15:11:38 Saved config file successfully
15:12:38 saveConfig: auto-save-60s
15:12:38 Saving config file
15:12:38 Saved config file successfully
15:12:38 saveConfig: auto-save-60s
15:12:38 Saving config file
15:12:38 Saved config file successfully
15:13:33 saveConfig: saving-data
15:13:33 Saving sacks file
15:13:33 Saved sacks file successfully
15:13:33 saveConfig: saving-data
15:13:33 Saving sacks file
15:13:33 Saved sacks file successfully
15:13:38 saveConfig: auto-save-60s
15:13:38 Saving config file
15:13:38 Saved config file successfully
15:13:38 saveConfig: auto-save-60s
15:13:38 Saving config file
15:13:38 Saved config file successfully
15:13:57 saveConfig: saving-data
15:13:57 Saving sacks file
15:13:57 Saved sacks file successfully
15:13:57 saveConfig: saving-data
15:13:57 Saving sacks file
15:13:57 Saved sacks file successfully
15:14:27 saveConfig: saving-data
15:14:27 Saving sacks file
15:14:27 Saved sacks file successfully
15:14:27 saveConfig: saving-data
15:14:27 Saving sacks file
15:14:27 Saved sacks file successfully
15:14:38 saveConfig: auto-save-60s
15:14:38 Saving config file
15:14:38 Saved config file successfully
15:14:38 saveConfig: auto-save-60s
15:14:38 Saving config file
15:14:38 Saved config file successfully
15:15:38 saveConfig: auto-save-60s
15:15:38 Saving config file
15:15:38 Saved config file successfully
15:15:38 saveConfig: auto-save-60s
15:15:38 Saving config file
15:15:38 Saved config file successfully
15:16:34 saveConfig: saving-data
15:16:34 Saving sacks file
15:16:34 Saved sacks file successfully
15:16:34 saveConfig: saving-data
15:16:34 Saving sacks file
15:16:34 Saved sacks file successfully
15:16:38 saveConfig: auto-save-60s
15:16:38 Saving config file
15:16:38 Saved config file successfully
15:16:38 saveConfig: auto-save-60s
15:16:38 Saving config file
15:16:38 Saved config file successfully
15:16:47 saveConfig: saving-data
15:16:47 Saving sacks file
15:16:47 Saved sacks file successfully
15:16:47 saveConfig: saving-data
15:16:47 Saving sacks file
15:16:47 Saved sacks file successfully
15:16:58 saveConfig: saving-data
15:16:58 Saving sacks file
15:16:58 Saved sacks file successfully
15:16:58 saveConfig: saving-data
15:16:58 Saving sacks file
15:16:58 Saved sacks file successfully
15:17:17 saveConfig: saving-data
15:17:17 Saving sacks file
15:17:17 Saved sacks file successfully
15:17:17 saveConfig: saving-data
15:17:17 Saving sacks file
15:17:17 Saved sacks file successfully
15:17:38 saveConfig: auto-save-60s
15:17:38 Saving config file
15:17:38 Saved config file successfully
15:17:38 saveConfig: auto-save-60s
15:17:38 Saving config file
15:17:38 Saved config file successfully
15:18:31 saveConfig: saving-data
15:18:31 Saving sacks file
15:18:31 Saved sacks file successfully
15:18:31 saveConfig: saving-data
15:18:31 Saving sacks file
15:18:31 Saved sacks file successfully
15:18:38 saveConfig: auto-save-60s
15:18:38 Saving config file
15:18:38 Saved config file successfully
15:18:38 saveConfig: auto-save-60s
15:18:38 Saving config file
15:18:38 Saved config file successfully
15:19:38 saveConfig: auto-save-60s
15:19:38 Saving config file
15:19:38 Saved config file successfully
15:19:38 saveConfig: auto-save-60s
15:19:38 Saving config file
15:19:38 Saved config file successfully
15:20:38 saveConfig: auto-save-60s
15:20:38 Saving config file
15:20:38 Saved config file successfully
15:20:38 saveConfig: auto-save-60s
15:20:38 Saving config file
15:20:38 Saved config file successfully
15:21:38 saveConfig: auto-save-60s
15:21:38 Saving config file
15:21:38 Saved config file successfully
15:21:38 saveConfig: auto-save-60s
15:21:38 Saving config file
15:21:38 Saved config file successfully
15:22:06 saveConfig: saving-data
15:22:06 Saving sacks file
15:22:06 Saved sacks file successfully
15:22:06 saveConfig: saving-data
15:22:06 Saving sacks file
15:22:06 Saved sacks file successfully
15:22:23 saveConfig: saving-data
15:22:23 Saving sacks file
15:22:23 Saved sacks file successfully
15:22:23 saveConfig: saving-data
15:22:23 Saving sacks file
15:22:23 Saved sacks file successfully
15:22:38 saveConfig: auto-save-60s
15:22:38 Saving config file
15:22:38 Saved config file successfully
15:22:38 saveConfig: auto-save-60s
15:22:38 Saving config file
15:22:38 Saved config file successfully
15:23:38 saveConfig: auto-save-60s
15:23:38 Saving config file
15:23:38 Saved config file successfully
15:23:38 saveConfig: auto-save-60s
15:23:38 Saving config file
15:23:38 Saved config file successfully
15:23:41 saveConfig: saving-data
15:23:41 Saving sacks file
15:23:41 Saved sacks file successfully
15:23:41 saveConfig: saving-data
15:23:41 Saving sacks file
15:23:41 Saved sacks file successfully
15:24:38 saveConfig: auto-save-60s
15:24:38 Saving config file
15:24:38 Saved config file successfully
15:24:38 saveConfig: auto-save-60s
15:24:38 Saving config file
15:24:38 Saved config file successfully
15:25:38 saveConfig: auto-save-60s
15:25:38 Saving config file
15:25:38 Saved config file successfully
15:25:38 saveConfig: auto-save-60s
15:25:38 Saving config file
15:25:38 Saved config file successfully
15:26:38 saveConfig: auto-save-60s
15:26:38 Saving config file
15:26:38 Saved config file successfully
15:26:38 saveConfig: auto-save-60s
15:26:38 Saving config file
15:26:38 Saved config file successfully
15:26:49 saveConfig: shutdown-hook
15:26:49 Saving config file
