13:00:09 [allowed] §aYou are still radiating with §bGenerosity§r§a!
13:00:09 [allowed] §f §r§r§r§f §r§r§r§1 §r§r§r§0 §r§r§r§2 §r§r§r§f §r§r§r§f §r§r§r§2 §r§r§r§0 §r§r§r§4 §r§r§r§3 §r§r§r§9 §r§r§r§2 §r§r§r§0 §r§r§r§0 §r§r§r§3 §r§r§r§9 §r§r§r§2 §r§r§r§0 §r§r§r§0 §r§r§r§3 §r§r§r§9 §r§r§r§2 §r§r§r§0 §r§r§r§0 
13:00:09 [allowed] §b[MVP§0+§b] KobeAim§f §6joined the lobby!
13:00:10 [allowed] §aFriend > §r§amc02_ §r§ejoined.
13:00:10 [allowed]   §r§f§l➤ §r§6You have reached your Hype limit! Add Hype to Prototype Lobby minigames by right-clicking with the Hype Diamond!
13:00:10 [allowed] §b[MVP§3+§b] Fabi_i§f §6joined the lobby!
13:00:10 [allowed] §b[MVP§c+§b] stonesss§f §6joined the lobby!
13:00:10 [allowed] §b[MVP§d+§b] Ananasbusch§f §6joined the lobby!
13:00:10 [allowed]  §b>§c>§a>§r §r§6[MVP§d++§6] iTaiwan§f §6joined the lobby!§r §a<§c<§b<
13:00:10 [allowed] §b[MVP§c+§b] Momons§f §6joined the lobby!
13:00:15 [allowed] §b[MVP§2+§b] pigiee§f §6joined the lobby!
13:00:16 [allowed] §7Sending to server mini73AS...
13:00:19 [allowed] §8 §r§8 §r§1 §r§3 §r§3 §r§7 §r§8 
13:00:19 [allowed]  
13:00:19 [allowed] §f       §7You have §33 §7pending §3Bestiary Milestones §7to be claimed!
13:00:19 [allowed] §f                  §6§l>>> §6§lCLICK HERE§e to claim them! §6§l<<<
13:00:19 [allowed]   
13:00:20 [allowed] 
13:00:20 [allowed] §eWelcome to §r§aHypixel SkyBlock§r§e!
13:00:20 [allowed] 
13:00:20 [allowed] §eLatest update: §bSkyBlock v0.22.1 §e§lCLICK
13:00:21 [allowed] §aYou are playing on profile: §eCoconut§b (Co-op)
13:00:21 [allowed] §8Profile ID: 4ef1bd42-ec32-42d4-afba-b766eacde1e7
13:00:21 [allowed] §6§lALLOWANCE! §r§eYou earned §r§650,000 coins§r§e!
13:00:27 [allowed] §aMoved §r§e50 Emerald§r§a from your Sacks to your inventory.
13:00:33 [allowed] §6[Sacks] §r§c-50§r§e items§r§e.§r§8 (Last 5s.)
13:00:34 [allowed] §cThere are blocks in the way!
13:00:36 [allowed] §e[NPC] Fetchur§f: §rhi i need your help maybe
13:00:38 [allowed] §e[NPC] Fetchur§f: §rim looking for some stuff, dont remember the name tbh
13:00:39 [allowed] §e[NPC] Fetchur§f: §rtheyre green and some dudes trade stuff for it
13:00:41 [allowed] §e[NPC] Fetchur§f: §ri need 50 pls
13:00:42 [allowed] §e[NPC] Fetchur§f: §rthanks thats probably what i needed
13:00:42 [allowed] §aYou received these rewards:
13:00:42 [allowed]   §r§8+§r§620,000 Coins
13:00:42 [allowed]   §r§8+§r§21,000 Mithril Powder
13:00:43 [allowed] §e[NPC] Fetchur§f: §rtake some gifts!
13:00:51 [allowed] §d§lHOPPITY'S HUNT §r§dA §r§6Chocolate Brunch Egg §r§dhas appeared!
13:00:55 [allowed] §d§lHOPPITY'S HUNT §r§dYou found a §r§cHitman Egg§r§d!
13:00:55 [allowed] §D§LHOPPITY'S HUNT §7You found §6Magic §7(§6§LLEGENDARY§7)!
13:00:55 [allowed] §d§lNEW RABBIT! §6+0.02x Chocolate §7per second!
13:00:55 [allowed] §d§lHOPPITY'S HUNT §r§dYou found a §r§cHitman Egg§r§d!
13:00:55 [allowed] §D§LHOPPITY'S HUNT §7You found §fGracie §7(§F§LCOMMON§7)!
13:00:55 [allowed] §7§lDUPLICATE RABBIT! §6+4,668,352 Chocolate
13:00:55 [allowed] §d§lHOPPITY'S HUNT §r§dYou found a §r§cHitman Egg§r§d!
13:00:55 [allowed] §D§LHOPPITY'S HUNT §7You found §fHeidie §7(§F§LCOMMON§7)!
13:00:55 [allowed] §7§lDUPLICATE RABBIT! §6+4,668,352 Chocolate
13:00:55 [allowed] §d§lHOPPITY'S HUNT §r§dYou found a §r§cHitman Egg§r§d!
13:00:55 [allowed] §D§LHOPPITY'S HUNT §7You found §aSeinfield §7(§A§LUNCOMMON§7)!
13:00:55 [allowed] §7§lDUPLICATE RABBIT! §6+11,034,288 Chocolate
13:00:55 [allowed] §d§lHOPPITY'S HUNT §r§dYou found a §r§cHitman Egg§r§d!
13:00:55 [allowed] §D§LHOPPITY'S HUNT §7You found §fNibbles §7(§F§LCOMMON§7)!
13:00:55 [allowed] §7§lDUPLICATE RABBIT! §6+5,517,144 Chocolate
13:00:55 [allowed] §d§lHOPPITY'S HUNT §r§dYou found a §r§cHitman Egg§r§d!
13:00:55 [allowed] §D§LHOPPITY'S HUNT §7You found §fBaloo §7(§F§LCOMMON§7)!
13:00:55 [allowed] §d§lNEW RABBIT! §6+1 Chocolate §7and §6+0.002x Chocolate §7per second!
13:00:55 [allowed] §d§lHOPPITY'S HUNT §r§dYou found a §r§cHitman Egg§r§d!
13:00:55 [allowed] §D§LHOPPITY'S HUNT §7You found §fBreeze §7(§F§LCOMMON§7)!
13:00:55 [allowed] §7§lDUPLICATE RABBIT! §6+5,520,641 Chocolate
13:00:57 [allowed] §d§lTIME TOWER! §r§7Your §r§6Chocolate Factory §r§7production has increased by §r§6+1.5x §r§7for §r§a1h§r§7!
13:01:01 [allowed] §7Sending to server mini147BV...
13:01:02 [allowed] §8 §r§8 §r§1 §r§3 §r§3 §r§7 §r§8 
13:01:02 [allowed]  
13:01:02 [allowed] §f       §7You have §33 §7pending §3Bestiary Milestones §7to be claimed!
13:01:02 [allowed] §f                  §6§l>>> §6§lCLICK HERE§e to claim them! §6§l<<<
13:01:02 [allowed]   
13:01:04 [allowed] §aYou are playing on profile: §eCoconut§b (Co-op)
13:01:04 [allowed] §8Profile ID: 4ef1bd42-ec32-42d4-afba-b766eacde1e7
13:01:07 [allowed] §6§lROUND 1§r§6§l: §r§eYou chose §r§a§lSPLIT §r§eand gained §r§53,000 Motes§r§e!
13:01:08 [allowed] §6§lROUND 2§r§6§l: §r§eYou chose §r§a§lSPLIT §r§eand gained §r§53,000 Motes§r§e!
13:01:10 [allowed] §6§lROUND 3§r§6§l: §r§eYou chose §r§a§lSPLIT §r§eand gained §r§53,000 Motes§r§e!
13:01:12 [allowed] §6§lROUND 4§r§6§l: §r§eYou chose §r§a§lSPLIT §r§eand gained §r§53,000 Motes§r§e!
13:01:14 [allowed] §6§lROUND 5§r§6§l: §r§eYou chose §r§a§lSPLIT §r§eand gained §r§53,000 Motes§r§e!
13:01:16 [allowed] §6§lROUND 6§r§6§l: §r§eYou chose §r§a§lSPLIT §r§eand gained §r§53,000 Motes§r§e!
13:01:18 [allowed] §6§lROUND 7 §r§6(§r§6§lFINAL§r§6)§r§6§l: §r§eYou chose §r§a§lSPLIT §r§eand gained §r§53,000 Motes§r§e!
13:01:18 [allowed] §eYou earned §r§521,000 Motes §r§ein this match!
13:01:18 [allowed] §eYour opponent earned §r§521,000 Motes §r§ein this match!
13:01:21 [allowed] §7Warping...
13:01:21 [allowed] §7Sending to server mini183BU...
13:01:22 [allowed] §8 §r§8 §r§1 §r§3 §r§3 §r§7 §r§8 
13:01:23 [allowed]  
13:01:23 [allowed] §f       §7You have §33 §7pending §3Bestiary Milestones §7to be claimed!
13:01:23 [allowed] §f                  §6§l>>> §6§lCLICK HERE§e to claim them! §6§l<<<
13:01:23 [allowed]   
13:01:25 [allowed] §aYou are playing on profile: §eCoconut§b (Co-op)
13:01:25 [allowed] §8Profile ID: 4ef1bd42-ec32-42d4-afba-b766eacde1e7
13:01:27 [allowed] §7Placing your bid...
13:01:27 [allowed] §aSuccessfully placed your Stonk bid of §r§63,100,000 Coins§r§a!
13:01:28 [allowed] §aYou claimed §r§82x §r§5Stock of Stonks §r§afrom the §r§dStonks Auction§r§a!
13:01:35 [allowed] §aYou bought §r§5Golden Fragment§r§a!
13:01:43 [allowed] Unknown command. Type "/help" for help. ('bze')
13:01:53 [allowed] §b-----------------------------------------------------
13:01:53 [allowed] §b[MVP§r§0+§r§b] KobeAim§r§f §r§ecollected an auction for §r§6999,999 coins§r§e!
13:01:53 [allowed] §b-----------------------------------------------------
13:01:53 [allowed] §eYou collected §r§6999,999 coins §r§efrom selling §r§f§r§9Rod of Champions §r§eto §r§a[VIP] A1linxii §r§ein an auction!
13:01:53 [allowed] §b-----------------------------------------------------
13:01:53 [allowed] §b[MVP§r§0+§r§b] KobeAim§r§f §r§ecollected an auction for §r§6999,999 coins§r§e!
13:01:53 [allowed] §b-----------------------------------------------------
13:01:53 [allowed] §eYou collected §r§6999,999 coins §r§efrom selling §r§f§r§9Rod of Champions §r§eto §r§7JINO_OG §r§ein an auction!
13:01:53 [allowed] §b-----------------------------------------------------
13:01:53 [allowed] §b[MVP§r§0+§r§b] KobeAim§r§f §r§ecollected an auction for §r§6999,999 coins§r§e!
13:01:53 [allowed] §b-----------------------------------------------------
13:01:53 [allowed] §b-----------------------------------------------------
13:01:53 [allowed] §b[MVP§r§0+§r§b] KobeAim§r§f §r§ecollected an auction for §r§6999,999 coins§r§e!
13:01:53 [allowed] §b-----------------------------------------------------
13:01:53 [allowed] §eYou collected §r§6999,999 coins §r§efrom selling §r§f§r§9Rod of Champions §r§eto §r§7xL_Dance §r§ein an auction!
13:01:53 [allowed] §eYou collected §r§6999,999 coins §r§efrom selling §r§f§r§9Rod of Champions §r§eto §r§b[MVP§r§d+§r§b] Sahsl §r§ein an auction!
13:01:53 [allowed] §eYou collected §r§6999,999 coins §r§efrom selling §r§f§r§9Rod of Champions §r§eto §r§b[MVP§r§f+§r§b] Swatforce865 §r§ein an auction!
13:01:53 [allowed] §b-----------------------------------------------------
13:01:53 [allowed] §b[MVP§r§0+§r§b] KobeAim§r§f §r§ecollected an auction for §r§6999,999 coins§r§e!
13:01:53 [allowed] §b-----------------------------------------------------
13:02:14 [allowed] §cThere are blocks in the way!
13:02:18 [allowed] §7Warping...
13:02:18 [allowed] §7Sending to server mini72DK...
13:02:19 [allowed] §8 §r§8 §r§1 §r§3 §r§3 §r§7 §r§8 
13:02:19 [allowed]  
13:02:19 [allowed] §f       §7You have §33 §7pending §3Bestiary Milestones §7to be claimed!
13:02:19 [allowed] §f                  §6§l>>> §6§lCLICK HERE§e to claim them! §6§l<<<
13:02:19 [allowed]   
13:02:21 [allowed] §aYou are playing on profile: §eCoconut§b (Co-op)
13:02:21 [allowed] §8Profile ID: 4ef1bd42-ec32-42d4-afba-b766eacde1e7
13:02:23 [allowed] §c ☠ §r§7§r§aColdHearted420§r§7 was killed by Ragnarok§r§7§r§7.
13:02:23 [allowed] §d§lHOPPITY'S HUNT §r§dYou found a §r§6Chocolate Breakfast Egg §r§don the entrance bridge§r§d!
13:02:23 [allowed] §D§LHOPPITY'S HUNT §7You found §fBugster §7(§F§LCOMMON§7)!
13:02:23 [allowed] §d§lNEW RABBIT! §6+1 Chocolate §7and §6+0.002x Chocolate §7per second!
13:02:25 [allowed] §cThere are blocks in the way!
13:02:25 [allowed] §c ☠ §r§7§r§aFlowdemort808§r§7 was killed by Ragnarok§r§7§r§7.
13:02:33 [allowed] §e✆ §r§5Pablo§r§e ✆ 
13:02:33 [allowed] §a✆ RING... §r §r§2§l[PICK UP]
13:02:33 [allowed] §a✆ RING... RING... §r §r§2§l[PICK UP]
13:02:33 [allowed] §a✆ RING... RING... RING... §r §r§2§l[PICK UP]
13:02:39 [allowed] §e[NPC] §5Pablo§f: §b✆ §f§rHello, §bKobeAim§f!
13:02:41 [allowed] §7Your Giant's Sword hit §r§c1 §r§7enemy for §r§c555,917 §r§7damage.
13:02:41 [allowed] §cThis ability is on cooldown for 30s.
13:02:42 [allowed] §e[NPC] §5Pablo§f: §b✆ §f§rAre you available? I desperately need an §aEnchanted Dandelion §ftoday.
13:02:45 [allowed] §e[NPC] §5Pablo§f: §b✆ §f§rPlease meet me at my house if you have one. I would greatly appreciate it!
13:02:48 [allowed] §c ☠ §r§7§r§aCasualAV§r§7 was killed by Inferno Demonlord§r§7§r§7.
13:03:00 [allowed] §cThis ability is on cooldown for 11s.
13:03:00 [allowed] §cThis ability is on cooldown for 11s.
13:03:07 [allowed] §c ☠ §r§7§r§aColdHearted420§r§7 was killed by Ragnarok§r§7§r§7.
13:03:07 [allowed] §cThis ability is on cooldown for 5s.
13:03:07 [allowed] §cThis ability is on cooldown for 5s.
13:03:12 [allowed] §7Your Giant's Sword hit §r§c2 §r§7enemies for §r§c1,149,104 §r§7damage.
13:03:12 [allowed] §cThis ability is on cooldown for 30s.
13:03:23 [allowed] §cThis ability is on cooldown for 20s.
13:03:23 [allowed] §cThis ability is on cooldown for 19s.
13:03:25 [allowed] §aYou completed your Miniboss quest! Visit the Town Board to claim the rewards.
13:03:25 [allowed] §aYou gained 20 Reputation for killing the miniboss!
13:03:25 [allowed] §a§l▬▬▬▬▬▬▬▬▬▬▬▬▬▬▬▬▬▬▬▬▬▬▬▬▬▬▬▬▬▬▬▬▬▬▬▬▬▬▬▬▬▬▬▬▬▬▬▬▬▬▬▬▬▬▬▬▬▬▬▬▬▬▬▬
13:03:25 [allowed] §f                            §r§6§lBLADESOUL DOWN!
13:03:25 [allowed] 
13:03:25 [allowed] §f                  §r§b[MVP§r§0+§r§b] KobeAim§r§f §r§7dealt the final blow.
13:03:25 [allowed] 
13:03:25 [allowed] §f            §r§e§l1st Damager §r§7- §r§b[MVP§r§0+§r§b] KobeAim§r§f §r§7- §r§e43,260,331
13:03:25 [allowed] §f      §r§6§l2nd Damager §r§7- §r§b[MVP§r§c+§r§b] AreYouNotChicken§r§f §r§7- §r§e7,898,887
13:03:25 [allowed] 
13:03:25 [allowed] §f                 §r§eYour Damage: §r§a43,260,331 §r§7(Position #1)
13:03:25 [allowed] §f                           §r§eRunecrafting: §r§d+702 XP
13:03:25 [allowed] 
13:03:25 [allowed] §a§l▬▬▬▬▬▬▬▬▬▬▬▬▬▬▬▬▬▬▬▬▬▬▬▬▬▬▬▬▬▬▬▬▬▬▬▬▬▬▬▬▬▬▬▬▬▬▬▬▬▬▬▬▬▬▬▬▬▬▬▬▬▬▬▬
13:03:30 [allowed] §cThere are blocks in the way!
13:03:30 [allowed] §cThere are blocks in the way!
13:03:31 [allowed] §c ☠ §r§7§r§6SmolCatGirl§r§7 was killed by Thunder§r§7§r§7.
13:03:34 [allowed] §6[Sacks] §r§a+15§r§e items§r§e.§r§8 (Last 5s.)
13:03:47 [allowed] §a+75 Mage Reputation
13:03:47 [allowed] §3+10,000 Combat XP
13:03:47 [allowed] §c ☠ §r§7§r§aColdHearted420§r§7 was killed by Ragnarok§r§7§r§7.
13:03:49 [allowed] §a+50 Mage Reputation
13:03:49 [allowed] §3+5,000 Combat XP
13:03:54 [allowed] §6[Sacks] §r§a+13§r§e items§r§e, §r§c-20§r§e items§r§e.§r§8 (Last 7s.)
13:03:55 [allowed] §cThere are blocks in the way!
13:03:57 [allowed] §e[NPC] §5Rollim§f: §r§fThat really hurts, but I need to get stronger at ALL COSTS!
13:04:01 [allowed] §e[NPC] §5Rollim§f: §r§fPlease come back tomorrow.
13:04:02 [allowed] §e[NPC] §5Rollim§f: §r§fThat really hurts, but I need to get stronger at ALL COSTS!
13:04:06 [allowed] §e[NPC] §5Rollim§f: §r§fPlease come back tomorrow.
13:04:12 [allowed] §6[Bazaar] §r§7Executing instant buy...
13:04:12 [allowed] §6[Bazaar] §r§7Bought §r§a1§r§7x §r§aEnchanted Dandelion §r§7for §r§615,892 coins§r§7!
13:04:15 [allowed] §e[NPC] §5Pablo§f: §rThat is not the correct flower I'm looking for.
13:04:17 [allowed] §e[NPC] §5Pablo§f: §rBring me that §aEnchanted Dandelion §fas soon as you can!
13:04:19 [allowed] §e[NPC] §5Pablo§f: §rThese paintings don't paint themselves!
13:04:20 [allowed] §e[NPC] §5Pablo§f: §rGreat, back to painting!
13:04:20 [allowed] §a§l▬▬▬▬▬▬▬▬▬▬▬▬▬▬▬▬▬▬▬▬▬▬▬▬▬▬▬▬▬▬▬▬▬▬▬▬▬▬▬▬▬▬▬▬▬▬▬▬▬▬▬▬▬▬▬▬▬▬▬▬▬▬▬▬
13:04:20 [allowed] §f                              §r§5Mage Reputation
13:04:20 [allowed] 
13:04:20 [allowed] §f          §r§dHonored                                             Hero
13:04:20 [allowed] §f          §r§8[§r§5■■■■■■■■■■■■■■■■■■■■■§r§f■■■■■■■■■■■■■§r§8]
13:04:20 [allowed] §f                           §r§57500§r§7 / §r§d12000§r§7 (62.5%)
13:04:20 [allowed] 
13:04:20 [allowed] §7You earned §r§525 Mage Reputation§r§7.
13:04:20 [allowed] 
13:04:20 [allowed] §a§l▬▬▬▬▬▬▬▬▬▬▬▬▬▬▬▬▬▬▬▬▬▬▬▬▬▬▬▬▬▬▬▬▬▬▬▬▬▬▬▬▬▬▬▬▬▬▬▬▬▬▬▬▬▬▬▬▬▬▬▬▬▬▬▬
13:04:22 [allowed] §cThere are blocks in the way!
13:04:22 [allowed] §cThere are blocks in the way!
13:04:24 [allowed] §cThere are blocks in the way!
13:04:26 [allowed] §6[Sacks] §r§a+22§r§e items§r§e.§r§8 (Last 5s.)
13:04:32 [allowed] §7Your Giant's Sword hit §r§c1 §r§7enemy for §r§c574,552 §r§7damage.
13:04:36 [allowed] §a§lYou healed yourself for 433.9 health!
13:04:38 [allowed] §a§lYou healed yourself for 433.9 health!
13:04:41 [allowed] §a§lYou healed yourself for 433.9 health!
13:04:42 [allowed] §a§lYou healed yourself for 433.9 health!
13:04:44 [allowed] §a§lYou healed yourself for 433.9 health!
13:04:45 [allowed] §cNo more charges, next one in §r§e6.4§r§cs!
13:04:53 [allowed] §7The Mage's shield reflected §r§c1,865.4§r§7 damage back to you!
13:04:54 [allowed] §7The Mage's shield reflected §r§c1,865.4§r§7 damage back to you!
13:04:54 [allowed] §a§lYou healed yourself for 468.6 health!
13:04:55 [allowed] §7The Mage's shield reflected §r§c1,865.4§r§7 damage back to you!
13:04:56 [allowed] §7The Mage's shield reflected §r§c1,865.4§r§7 damage back to you!
13:05:01 [allowed] §7The Mage's shield reflected §r§c1,865.3§r§7 damage back to you!
13:05:02 [allowed] §7The Mage's shield reflected §r§c1,865.3§r§7 damage back to you!
13:05:03 [allowed] §7The Mage's shield reflected §r§c1,865.3§r§7 damage back to you!
13:05:04 [allowed] §c ☠ §r§7§r§aColdHearted420§r§7 was killed by Ragnarok§r§7§r§7.
13:05:04 [allowed] §7The Mage's shield reflected §r§c1,865.3§r§7 damage back to you!
13:05:05 [allowed] §7The Mage's shield reflected §r§c1,865.3§r§7 damage back to you!
13:05:10 [allowed] §7The Mage's shield reflected §r§c1,865.4§r§7 damage back to you!
13:05:11 [allowed] §7The Mage's shield reflected §r§c1,865.4§r§7 damage back to you!
13:05:11 [allowed] §a§lYou healed yourself for 203.7 health!
13:05:12 [allowed] §7The Mage's shield reflected §r§c1,865.4§r§7 damage back to you!
13:05:13 [allowed] §c ☠ §r§7§r§aFlowdemort808§r§7 was killed by Ragnarok§r§7§r§7.
13:05:13 [allowed] §7The Mage's shield reflected §r§c1,865.4§r§7 damage back to you!
13:05:19 [allowed] §cNo more charges, next one in §r§e6.7§r§cs!
13:05:20 [allowed] §7The Mage's shield reflected §r§c1,869.3§r§7 damage back to you!
13:05:21 [allowed] §7The Mage's shield reflected §r§c1,869.3§r§7 damage back to you!
13:05:22 [allowed] §7The Mage's shield reflected §r§c1,869.3§r§7 damage back to you!
13:05:23 [allowed] §7The Mage's shield reflected §r§c1,869.3§r§7 damage back to you!
13:05:24 [allowed] §c ☠ §r§7§r§aColdHearted420§r§7 was killed by Ragnarok§r§7§r§7.
13:05:28 [allowed] §7The Mage's shield reflected §r§c1,861.5§r§7 damage back to you!
13:05:29 [allowed] §7The Mage's shield reflected §r§c1,861.5§r§7 damage back to you!
13:05:30 [allowed] §7The Mage's shield reflected §r§c1,861.5§r§7 damage back to you!
13:05:31 [allowed] §7The Mage's shield reflected §r§c1,861.5§r§7 damage back to you!
13:05:37 [allowed] §7The Mage's shield reflected §r§c1,865.4§r§7 damage back to you!
13:05:38 [allowed] §7The Mage's shield reflected §r§c1,865.4§r§7 damage back to you!
13:05:39 [allowed] §7The Mage's shield reflected §r§c1,865.4§r§7 damage back to you!
13:05:40 [allowed] §7The Mage's shield reflected §r§c1,865.4§r§7 damage back to you!
13:05:44 [allowed] §aYou gained 20 Reputation for killing the miniboss!
13:05:44 [allowed] §a§l▬▬▬▬▬▬▬▬▬▬▬▬▬▬▬▬▬▬▬▬▬▬▬▬▬▬▬▬▬▬▬▬▬▬▬▬▬▬▬▬▬▬▬▬▬▬▬▬▬▬▬▬▬▬▬▬▬▬▬▬▬▬▬▬
13:05:44 [allowed] §f                           §r§6§lMAGE OUTLAW DOWN!
13:05:44 [allowed] 
13:05:44 [allowed] §f                §r§a[VIP] _Daywalker__§r§f §r§7dealt the final blow.
13:05:44 [allowed] 
13:05:44 [allowed] §f         §r§e§l1st Damager §r§7- §r§a[VIP] _Daywalker__§r§f §r§7- §r§e63,527,495
13:05:44 [allowed] §f            §r§6§l2nd Damager §r§7- §r§b[MVP§r§0+§r§b] KobeAim§r§f §r§7- §r§e7,101,521
13:05:44 [allowed] 
13:05:44 [allowed] §f                 §r§eYour Damage: §r§a7,101,521 §r§7(Position #2)
13:05:44 [allowed] §f                           §r§eRunecrafting: §r§d+384 XP
13:05:44 [allowed] 
13:05:44 [allowed] §a§l▬▬▬▬▬▬▬▬▬▬▬▬▬▬▬▬▬▬▬▬▬▬▬▬▬▬▬▬▬▬▬▬▬▬▬▬▬▬▬▬▬▬▬▬▬▬▬▬▬▬▬▬▬▬▬▬▬▬▬▬▬▬▬▬
13:05:48 [allowed] §cThere are blocks in the way!
13:05:51 [allowed] §cThere are blocks in the way!
13:05:51 [allowed] §6[Sacks] §r§a+20§r§e items§r§e.§r§8 (Last 5s.)
13:05:51 [allowed] §cThere are blocks in the way!
13:05:51 [allowed] §cThere are blocks in the way!
13:05:51 [allowed] §cThere are blocks in the way!
13:05:52 [allowed] §cThere are blocks in the way!
13:05:54 [allowed] §cThere are blocks in the way!
13:05:55 [allowed] §cThere are blocks in the way!
13:05:56 [allowed] §cThere are blocks in the way!
13:05:57 [allowed] §cThere are blocks in the way!
13:06:06 [allowed] §cThere are blocks in the way!
13:06:07 [allowed] §cAbilities are disabled in this area!
13:06:27 [allowed] §cFind a way to reach the top of the stomach!
13:06:29 [allowed] §c ☠ §r§7§r§aCasualAV§r§7 was killed by Inferno Demonlord§r§7§r§7.
13:06:30 [allowed] §cAbilities are disabled in this area!
13:06:31 [allowed] §cAbilities are disabled in this area!
13:06:31 [allowed] §cAbilities are disabled in this area!
13:06:31 [allowed] §cAbilities are disabled in this area!
13:06:31 [allowed] §cAbilities are disabled in this area!
13:06:39 [allowed] §8[§r§b236§r§8] §r§7α §r§6[MVP§d++§6] SmolCatGirl§f§r§f: x: -320, y: 81, z: -602 | +15☂ Fishing Speed Hotspot | @wab8yegs
13:06:42 [allowed] §d§lHOPPITY'S HUNT §r§dA §r§9Chocolate Déjeuner Egg §r§dhas appeared!
13:06:45 [allowed] §6[Sacks] §r§a+16§r§e items§r§e.§r§8 (Last 5s.)
13:06:48 [allowed] §aYou earned §r§2453 GEXP §r§afrom playing SkyBlock!
13:06:50 [allowed] §cAbilities are disabled in this area!
13:06:50 [allowed] §cAbilities are disabled in this area!
13:06:54 [allowed] §6[Sacks] §r§a+101§r§e items§r§e.§r§8 (Last 8s.)
13:06:56 [allowed] §cThere are blocks in the way!
13:06:56 [allowed] §cThere are blocks in the way!
13:06:56 [allowed] §cThere are blocks in the way!
13:06:59 [allowed] §cThere are blocks in the way!
13:06:59 [allowed] §cThere are blocks in the way!
13:07:02 [allowed] §c ☠ §r§7§r§6rflop§r§7 was killed by Lord Jawbus§r§7§r§7.
13:07:07 [allowed] §cThere are blocks in the way!
13:07:09 [allowed] §6[Sacks] §r§a+3§r§e items§r§e.§r§8 (Last 5s.)
13:07:13 [allowed] §c ☠ §r§7§r§aExistingNon§r§7 was killed by Lord Jawbus§r§7§r§7.
13:07:17 [allowed] §7Warping...
13:07:18 [allowed] §7Sending to server mini215R...
13:07:20 [allowed] §8 §r§8 §r§1 §r§3 §r§3 §r§7 §r§8 
13:07:20 [allowed] §2§lGOTCHA! §7Your traps caught a §2Pest §7in §aPlot §r§b18§r§r§7!
13:07:20 [allowed]  
13:07:20 [allowed] §f       §7You have §33 §7pending §3Bestiary Milestones §7to be claimed!
13:07:20 [allowed] §f                  §6§l>>> §6§lCLICK HERE§e to claim them! §6§l<<<
13:07:20 [allowed]   
13:07:20 [allowed] §6§lGROSS! §7While you were offline, §2Pests §7spawned in §aPlots §r§b20§r§7, §r§b17§r§7, §r§b5§r§7, §r§b19§r§7, §r§b7§r§7 and §r§b4§r§r§7!
13:07:20 [allowed] §7Your §r§6☘ Farming Fortune §r§7has been reduced by §r§475%§r§7!
13:07:20 [allowed] §7Click on a plot's name in chat to teleport to it!
13:07:22 [allowed] §aYou are playing on profile: §eCoconut§b (Co-op)
13:07:22 [allowed] §8Profile ID: 4ef1bd42-ec32-42d4-afba-b766eacde1e7
13:07:36 [allowed] §cAutopet §eequipped your §7[Lvl 89] §6Hedgehog§e! §a§lVIEW RULE
13:07:51 [allowed] §6[Sacks] §r§a+58§r§e items§r§e.§r§8 (Last 5s.)
13:07:58 [allowed] §6[Sacks] §r§a+89§r§e items§r§e.§r§8 (Last 5s.)
13:08:05 [allowed] §6[Sacks] §r§a+104§r§e items§r§e.§r§8 (Last 5s.)
13:08:12 [allowed] §aYour Garden is no longer infested and your §r§6☘ Farming Fortune §r§ahas returned to normal!
13:08:18 [allowed] §6[Sacks] §r§a+211§r§e items§r§e.§r§8 (Last 9s.)
13:08:24 [allowed] §6[Sacks] §r§a+119§r§e items§r§e.§r§8 (Last 5s.)
13:08:28 [allowed] §cThere are blocks in the way!
13:08:29 [allowed] §cThere are blocks in the way!
13:08:29 [allowed] §cThere are blocks in the way!
13:08:29 [allowed] §cThere are blocks in the way!
13:08:29 [allowed] §cThere are blocks in the way!
13:08:29 [allowed] §cThere are blocks in the way!
13:08:32 [allowed] §6[Sacks] §r§a+118§r§e items§r§e.§r§8 (Last 5s.)
13:08:35 [allowed] §3§l▬▬▬▬▬▬▬▬▬▬▬▬▬▬▬▬▬▬▬▬▬▬▬▬▬▬▬▬▬▬▬▬▬▬▬▬▬▬▬▬▬▬▬▬▬▬▬▬▬▬▬▬▬▬▬▬▬▬▬▬▬▬▬▬
13:08:35 [allowed]  
13:08:35 [allowed] §f                                  §6§lBESTIARY
13:08:35 [allowed] §f                              §b§lMoth §7§8XIII §8➡§b §bXIV
13:08:35 [allowed] 
13:08:35 [allowed] §f                                  §r§6§lREWARDS
13:08:35 [allowed] §f                          §r§6+0.4☘ Farming Fortune
13:08:35 [allowed] §f                               §r§8+§r§62% §r§aMoth §r§7coins
13:08:35 [allowed] §f                    §r§8+§r§a50% §r§7chance for extra XP orbs
13:08:35 [allowed] §f                               §r§8+§r§b1 SkyBlock XP
13:08:35 [allowed] 
13:08:35 [allowed] §3§l▬▬▬▬▬▬▬▬▬▬▬▬▬▬▬▬▬▬▬▬▬▬▬▬▬▬▬▬▬▬▬▬▬▬▬▬▬▬▬▬▬▬▬▬▬▬▬▬▬▬▬▬▬▬▬▬▬▬▬▬▬▬▬▬
13:08:39 [allowed] §aTeleported you to §r§aThe Barn§r§a!
13:08:40 [allowed] §6[Sacks] §r§a+98§r§e items§r§e.§r§8 (Last 5s.)
13:08:43 [allowed] §6§lOFFER ACCEPTED §r§8with §r§aXalx §r§8(§r§a§lUNCOMMON§r§8)
13:08:43 [allowed] 
13:08:43 [allowed]   §r§a§lREWARDS
13:08:43 [allowed]     §r§8+§r§215 §r§7Garden Experience
13:08:43 [allowed]     §r§8+§r§33.6k §r§7Farming XP
13:08:43 [allowed]     §r§8+§r§c23 Copper
13:08:43 [allowed]     §r§7§fMysterious Crop
13:08:43 [allowed] 
13:08:48 [allowed] §6[Sacks] §r§c-224§r§e items§r§e.§r§8 (Last 5s.)
13:09:00 [allowed] §aInserted §r§257,598.4 §r§aOrganic Matter from your sacks!
13:09:05 [allowed] §6[Sacks] §r§c-1,055§r§e items§r§e.§r§8 (Last 5s.)
13:09:28 [allowed] §cThere are blocks in the way!
