11:14:41 §e[SkyHanni] Reloaded 7473 items in the NEU repo§r
11:15:28 §e[SkyHanni] You have gained §b532 §eBits.§r
11:16:49 §e[SkyHanni] Gained §d25,000 motes §ethis Rift session! (§d2.1M/h§e)§r
11:18:36 §e[SkyHanni] You have reached the maximum extra Superpairs clicks from this add-on!§r
11:19:16 §e[SkyHanni] You have reached the maximum extra Superpairs clicks from this add-on!§r
11:34:51 §e[SkyHanni] You have gained §b11 §eBits.§r
11:45:33 §e[SkyHanni] You have gained §b532 §eBits.§r
11:56:52 §e[SkyHanni] §b[MVP§0+§b] KobeAim §l§efound an inquisitor at §l§c30 74 112!§r
11:58:03 §e[SkyHanni] Inquisitor from §b[MVP§0+§b] KobeAim §enot found, deleting.§r
11:58:09 §e[SkyHanni] You have gained §b9 §eBits.§r
11:58:37 §e[SkyHanni] You have gained §b9 §eBits.§r
11:59:04 §e[SkyHanni] You have gained §b9 §eBits.§r
11:59:17 §e[SkyHanni] You have gained §b9 §eBits.§r
11:59:57 §e[SkyHanni] You have gained §b9 §eBits.§r
12:00:18 §e[SkyHanni] You have gained §b9 §eBits.§r
12:00:44 §e[SkyHanni] You have gained §b9 §eBits.§r
12:01:20 §e[SkyHanni] You have gained §b9 §eBits.§r
12:01:51 §e[SkyHanni] You have gained §b9 §eBits.§r
12:02:17 §e[SkyHanni] You have gained §b9 §eBits.§r
12:02:51 §e[SkyHanni] You have gained §b9 §eBits.§r
12:03:29 §e[SkyHanni] You have gained §b18 §eBits.§r
12:04:11 §e[SkyHanni] You have gained §b18 §eBits.§r
12:05:27 §e[SkyHanni] You have gained §b9 §eBits.§r
12:05:56 §e[SkyHanni] §b+1 SkyBlock XP §7(Mythological Kills§7)§b (58/100)§r
12:06:11 §e[SkyHanni] You have gained §b9 §eBits.§r
12:06:14 §e[SkyHanni] You have gained §b9 §eBits.§r
12:06:49 §e[SkyHanni] You have gained §b9 §eBits.§r
12:07:16 §e[SkyHanni] You have gained §b9 §eBits.§r
12:08:27 §e[SkyHanni] You have gained §b9 §eBits.§r
12:08:31 §e[SkyHanni] You have gained §b9 §eBits.§r
12:09:22 §e[SkyHanni] You have gained §b9 §eBits.§r
12:09:36 §e[SkyHanni] You have gained §b9 §eBits.§r
12:10:24 §e[SkyHanni] You have gained §b9 §eBits.§r
12:10:38 §e[SkyHanni] You have gained §b9 §eBits.§r
12:11:11 §e[SkyHanni] You have gained §b18 §eBits.§r
12:12:08 §e[SkyHanni] You have gained §b9 §eBits.§r
12:12:35 §e[SkyHanni] You have gained §b9 §eBits.§r
12:13:22 §e[SkyHanni] You have gained §b9 §eBits.§r
12:14:13 §e[SkyHanni] You have gained §b18 §eBits.§r
12:14:21 §e[SkyHanni] You have gained §b9 §eBits.§r
12:15:07 §e[SkyHanni] You have gained §b9 §eBits.§r
12:15:21 §e[SkyHanni] You have gained §b9 §eBits.§r
12:15:27 §e[SkyHanni] You have gained §b9 §eBits.§r
12:15:44 §e[SkyHanni] You have gained §b532 §eBits.§r
12:16:13 §e[SkyHanni] You have gained §b18 §eBits.§r
12:17:03 §e[SkyHanni] You have gained §b9 §eBits.§r
12:17:41 §e[SkyHanni] You have gained §b18 §eBits.§r
12:18:07 §e[SkyHanni] You have gained §b9 §eBits.§r
12:18:27 §e[SkyHanni] §b[MVP§0+§b] KobeAim §l§efound an inquisitor at §l§c110 76 -116!§r
12:19:32 §e[SkyHanni] Inquisitor from §b[MVP§0+§b] KobeAim §enot found, deleting.§r
12:19:46 §e[SkyHanni] You have gained §b9 §eBits.§r
12:19:51 §e[SkyHanni] You have gained §b9 §eBits.§r
12:20:39 §e[SkyHanni] You have gained §b9 §eBits.§r
12:21:10 §e[SkyHanni] You have gained §b9 §eBits.§r
12:22:29 §e[SkyHanni] You have gained §b9 §eBits.§r
12:23:20 §e[SkyHanni] You have gained §b9 §eBits.§r
12:23:46 §e[SkyHanni] You have gained §b9 §eBits.§r
12:24:20 §e[SkyHanni] §b[MVP§6+§b] Matteke42 §l§efound an inquisitor at §l§c-153 74 85!§r
12:24:50 §e[SkyHanni] Inquisitor from §b[MVP§6+§b] Matteke42 §enot found, deleting.§r
12:24:55 §e[SkyHanni] You have gained §b9 §eBits.§r
12:25:38 §e[SkyHanni] You have gained §b9 §eBits.§r
12:25:53 §e[SkyHanni] Detected not having access to warp point §bDark Auction§e!§r
12:25:53 §e[SkyHanni] Use §c/shresetburrowwarps §eonce you have activated this travel scroll.§r
12:25:58 §e[SkyHanni] You have gained §b9 §eBits.§r
12:26:37 §e[SkyHanni] You have gained §b9 §eBits.§r
12:27:27 §e[SkyHanni] You have gained §b9 §eBits.§r
12:28:11 §e[SkyHanni] You have gained §b9 §eBits.§r
12:28:38 §e[SkyHanni] You have gained §b9 §eBits.§r
12:29:07 §e[SkyHanni] You have gained §b9 §eBits.§r
12:29:36 §e[SkyHanni] You have gained §b9 §eBits.§r
12:29:39 §e[SkyHanni] You have gained §b9 §eBits.§r
12:29:56 §e[SkyHanni] You have gained §b9 §eBits.§r
12:30:18 §e[SkyHanni] You have gained §b9 §eBits.§r
12:31:02 §e[SkyHanni] You have gained §b9 §eBits.§r
12:31:16 §e[SkyHanni] §b[MVP§0+§b] KobeAim §l§efound an inquisitor at §l§c-68 78 -170!§r
12:32:24 §e[SkyHanni] Inquisitor from §b[MVP§0+§b] KobeAim §enot found, deleting.§r
12:32:52 §e[SkyHanni] You have gained §b9 §eBits.§r
12:33:27 §e[SkyHanni] You have gained §b9 §eBits.§r
12:34:03 §e[SkyHanni] You have gained §b9 §eBits.§r
12:34:38 §e[SkyHanni] You have gained §b9 §eBits.§r
12:34:54 §e[SkyHanni] §b[MVP§6+§b] ThomasBaguette §l§efound an inquisitor at §l§c-31 74 -228!§r
12:35:25 §e[SkyHanni] Inquisitor from §b[MVP§6+§b] ThomasBaguette §enot found, deleting.§r
12:36:05 §e[SkyHanni] You have gained §b9 §eBits.§r
12:36:39 §e[SkyHanni] You have gained §b9 §eBits.§r
12:36:57 §e[SkyHanni] §b+1 SkyBlock XP §7(Mythological Kills§7)§b (59/100)§r
12:37:07 §e[SkyHanni] You have gained §b9 §eBits.§r
12:37:19 §e[SkyHanni] You have gained §b9 §eBits.§r
12:38:12 §e[SkyHanni] You have gained §b18 §eBits.§r
12:38:43 §e[SkyHanni] You have gained §b9 §eBits.§r
12:39:06 §e[SkyHanni] You have gained §b9 §eBits.§r
12:39:42 §e[SkyHanni] §b[MVP§0+§b] KobeAim §l§efound an inquisitor at §l§c83 74 29!§r
12:40:14 §e[SkyHanni] Inquisitor from §b[MVP§0+§b] KobeAim §enot found, deleting.§r
12:40:32 §e[SkyHanni] You have gained §b9 §eBits.§r
12:40:53 §e[SkyHanni] You have gained §b9 §eBits.§r
12:41:35 §e[SkyHanni] You have gained §b9 §eBits.§r
12:42:31 §e[SkyHanni] You have gained §b9 §eBits.§r
12:42:35 §e[SkyHanni] You have gained §b9 §eBits.§r
12:43:17 §e[SkyHanni] You have gained §b9 §eBits.§r
12:43:53 §e[SkyHanni] You have gained §b9 §eBits.§r
12:44:18 §e[SkyHanni] §b[MVP§0+§b] KobeAim §l§efound an inquisitor at §l§c-70 80 -200!§r
12:45:45 §e[SkyHanni] You have gained §b9 §eBits.§r
12:45:55 §e[SkyHanni] You have gained §b532 §eBits.§r
12:46:19 §e[SkyHanni] You have gained §b9 §eBits.§r
12:47:05 §e[SkyHanni] You have gained §b9 §eBits.§r
12:47:20 §e[SkyHanni] §b[MVP§0+§b] KobeAim §l§efound an inquisitor at §l§c-187 76 -52!§r
12:48:13 §e[SkyHanni] Inquisitor from §b[MVP§0+§b] KobeAim §enot found, deleting.§r
12:49:05 §e[SkyHanni] You have gained §b9 §eBits.§r
12:50:13 §e[SkyHanni] You have gained §b9 §eBits.§r
12:50:46 §e[SkyHanni] You have gained §b9 §eBits.§r
12:51:25 §e[SkyHanni] You have gained §b18 §eBits.§r
12:52:03 §e[SkyHanni] You have gained §b9 §eBits.§r
12:52:51 §e[SkyHanni] You have gained §b9 §eBits.§r
12:52:58 §e[SkyHanni] You have gained §b9 §eBits.§r
12:53:09 §e[SkyHanni] You have gained §b9 §eBits.§r
12:53:43 §e[SkyHanni] You have gained §b9 §eBits.§r
12:54:40 §e[SkyHanni] You have gained §b9 §eBits.§r
12:55:45 §e[SkyHanni] You have gained §b9 §eBits.§r
12:56:02 §e[SkyHanni] You have gained §b9 §eBits.§r
12:56:27 §e[SkyHanni] You have gained §b18 §eBits.§r
12:57:25 §e[SkyHanni] You have gained §b18 §eBits.§r
12:58:15 §e[SkyHanni] You have gained §b18 §eBits.§r
12:58:50 §e[SkyHanni] You have gained §b9 §eBits.§r
12:58:57 §e[SkyHanni] You have gained §b9 §eBits.§r
12:59:42 §e[SkyHanni] You have gained §b9 §eBits.§r
13:00:11 §e[SkyHanni] You have gained §b9 §eBits.§r
13:00:23 §e[SkyHanni] You have gained §b9 §eBits.§r
13:01:06 §e[SkyHanni] You have gained §b18 §eBits.§r
13:01:45 §e[SkyHanni] You have gained §b9 §eBits.§r
13:02:09 §e[SkyHanni] You have gained §b9 §eBits.§r
13:02:42 §e[SkyHanni] You have gained §b9 §eBits.§r
13:02:48 §e[SkyHanni] You have gained §b9 §eBits.§r
13:03:11 §e[SkyHanni] You have gained §b9 §eBits.§r
13:03:35 §e[SkyHanni] You have gained §b9 §eBits.§r
13:04:20 §e[SkyHanni] You have gained §b9 §eBits.§r
13:04:39 §e[SkyHanni] You have gained §b9 §eBits.§r
13:04:53 §e[SkyHanni] You have gained §b9 §eBits.§r
13:05:38 §e[SkyHanni] You have gained §b9 §eBits.§r
13:06:21 §e[SkyHanni] You have gained §b9 §eBits.§r
13:06:59 §e[SkyHanni] §b+2 SkyBlock XP §7(Mythological Kills§7)§b (61/100)§r
13:07:21 §e[SkyHanni] You have gained §b9 §eBits.§r
13:07:40 §e[SkyHanni] You have gained §b9 §eBits.§r
13:08:29 §e[SkyHanni] You have gained §b18 §eBits.§r
13:08:37 §e[SkyHanni] You have gained §b18 §eBits.§r
13:09:21 §e[SkyHanni] You have gained §b9 §eBits.§r
13:10:10 §e[SkyHanni] You have gained §b9 §eBits.§r
13:10:14 §e[SkyHanni] You have gained §b18 §eBits.§r
13:10:41 §e[SkyHanni] You have gained §b9 §eBits.§r
13:11:19 §e[SkyHanni] You have gained §b18 §eBits.§r
13:11:39 §e[SkyHanni] You have gained §b9 §eBits.§r
13:12:09 §e[SkyHanni] You have gained §b9 §eBits.§r
13:12:40 §e[SkyHanni] You have gained §b9 §eBits.§r
13:13:39 §e[SkyHanni] You have gained §b9 §eBits.§r
13:14:44 §e[SkyHanni] You have gained §b9 §eBits.§r
13:15:12 §e[SkyHanni] You have gained §b9 §eBits.§r
13:15:50 §e[SkyHanni] You have gained §b9 §eBits.§r
13:15:59 §e[SkyHanni] You have gained §b1,064 §eBits.§r
13:16:47 §e[SkyHanni] You have gained §b9 §eBits.§r
13:17:15 §e[SkyHanni] You have gained §b9 §eBits.§r
13:18:31 §e[SkyHanni] You have gained §b9 §eBits.§r
13:18:38 §e[SkyHanni] You have gained §b9 §eBits.§r
13:19:06 §e[SkyHanni] You have gained §b9 §eBits.§r
13:19:10 §e[SkyHanni] You have gained §b9 §eBits.§r
13:20:10 §e[SkyHanni] Gained §d40,025 motes §ethis Rift session! (§d3M/h§e)§r
13:20:25 §e[SkyHanni] You have gained §b9 §eBits.§r
13:20:53 §e[SkyHanni] You have gained §b9 §eBits.§r
13:21:21 §e[SkyHanni] You have gained §b18 §eBits.§r
13:21:51 §e[SkyHanni] You have gained §b9 §eBits.§r
13:22:36 §e[SkyHanni] You have gained §b9 §eBits.§r
13:23:11 §e[SkyHanni] You have gained §b9 §eBits.§r
13:23:17 §e[SkyHanni] §b[MVP§0+§b] KobeAim §l§efound an inquisitor at §l§c-71 81 -207!§r
13:24:04 §e[SkyHanni] Inquisitor from §b[MVP§0+§b] KobeAim §enot found, deleting.§r
13:24:31 §e[SkyHanni] You have gained §b9 §eBits.§r
13:25:28 §e[SkyHanni] You have gained §b9 §eBits.§r
13:30:36 §e[SkyHanni] §b[MVP§6+§b] Matteke42 §l§efound an inquisitor at §l§c-60 73 129!§r
13:31:07 §e[SkyHanni] Inquisitor from §b[MVP§6+§b] Matteke42 §enot found, deleting.§r
13:31:34 §e[SkyHanni] You have gained §b9 §eBits.§r
13:37:26 §e[SkyHanni] §cInquisitor out of range!§r
13:37:35 §e[SkyHanni] §cInquisitor out of range!§r
13:37:43 §e[SkyHanni] §6[MVP§c++§6] BlazeKickers §l§efound an inquisitor at §l§c9 73 149!§r
13:39:09 §e[SkyHanni] You have gained §b9 §eBits.§r
13:39:48 §e[SkyHanni] You have gained §b9 §eBits.§r
13:40:06 §e[SkyHanni] You have gained §b9 §eBits.§r
13:40:49 §e[SkyHanni] You have gained §b9 §eBits.§r
13:41:04 §e[SkyHanni] §b[MVP§6+§b] ThomasBaguette §l§efound an inquisitor at §l§c-203 74 -33!§r
13:42:04 §e[SkyHanni] Inquisitor from §b[MVP§6+§b] ThomasBaguette §enot found, deleting.§r
13:42:53 §e[SkyHanni] You have gained §b9 §eBits.§r
13:43:07 §e[SkyHanni] You have gained §b9 §eBits.§r
13:43:41 §e[SkyHanni] You have gained §b18 §eBits.§r
13:44:25 §e[SkyHanni] You have gained §b9 §eBits.§r
13:45:08 §e[SkyHanni] You have gained §b18 §eBits.§r
13:45:36 §e[SkyHanni] You have gained §b9 §eBits.§r
13:45:43 §e[SkyHanni] You have gained §b9 §eBits.§r
13:46:03 §e[SkyHanni] You have gained §b9 §eBits.§r
13:46:08 §e[SkyHanni] You have gained §b9 §eBits.§r
13:46:11 §e[SkyHanni] You have gained §b532 §eBits.§r
13:47:20 §e[SkyHanni] You have gained §b9 §eBits.§r
13:47:42 §e[SkyHanni] You have gained §b9 §eBits.§r
13:47:49 §e[SkyHanni] §b[MVP§0+§b] KobeAim §l§efound an inquisitor at §l§c-224 92 81!§r
13:48:43 §e[SkyHanni] Inquisitor from §b[MVP§0+§b] KobeAim §enot found, deleting.§r
13:49:29 §e[SkyHanni] You have gained §b9 §eBits.§r
13:49:52 §e[SkyHanni] §b+1 SkyBlock XP §7(Mythological Kills§7)§b (62/100)§r
13:50:02 §e[SkyHanni] You have gained §b9 §eBits.§r
13:50:40 §e[SkyHanni] You have gained §b9 §eBits.§r
13:51:08 §e[SkyHanni] You have gained §b9 §eBits.§r
13:51:47 §e[SkyHanni] You have gained §b9 §eBits.§r
13:52:07 §e[SkyHanni] You have gained §b9 §eBits.§r
13:52:34 §e[SkyHanni] You have gained §b9 §eBits.§r
13:53:34 §e[SkyHanni] You have gained §b9 §eBits.§r
13:54:03 §e[SkyHanni] You have gained §b9 §eBits.§r
13:54:50 §e[SkyHanni] You have gained §b9 §eBits.§r
13:54:55 §e[SkyHanni] You have gained §b9 §eBits.§r
13:55:20 §e[SkyHanni] You have gained §b9 §eBits.§r
13:55:40 §e[SkyHanni] You have gained §b9 §eBits.§r
13:55:52 §e[SkyHanni] You have gained §b9 §eBits.§r
13:56:38 §e[SkyHanni] You have gained §b9 §eBits.§r
13:57:09 §e[SkyHanni] You have gained §b9 §eBits.§r
13:57:51 §e[SkyHanni] You have gained §b9 §eBits.§r
13:58:32 §e[SkyHanni] You have gained §b9 §eBits.§r
13:59:23 §e[SkyHanni] You have gained §b9 §eBits.§r
13:59:50 §e[SkyHanni] §b[MVP§0+§b] KobeAim §l§efound an inquisitor at §l§c-9 73 136!§r
14:01:34 §e[SkyHanni] You have gained §b9 §eBits.§r
14:02:25 §e[SkyHanni] You have gained §b9 §eBits.§r
14:02:30 §e[SkyHanni] You have gained §b9 §eBits.§r
14:02:55 §e[SkyHanni] You have gained §b9 §eBits.§r
14:03:32 §e[SkyHanni] You have gained §b9 §eBits.§r
14:04:19 §e[SkyHanni] You have gained §b9 §eBits.§r
14:04:58 §e[SkyHanni] You have gained §b9 §eBits.§r
14:05:33 §e[SkyHanni] You have gained §b9 §eBits.§r
14:06:07 §e[SkyHanni] You have gained §b9 §eBits.§r
14:06:57 §e[SkyHanni] You have gained §b9 §eBits.§r
14:07:00 §e[SkyHanni] You have gained §b18 §eBits.§r
14:07:30 §e[SkyHanni] You have gained §b9 §eBits.§r
14:08:09 §e[SkyHanni] You have gained §b9 §eBits.§r
14:08:19 §e[SkyHanni] §b[MVP§0+§b] KobeAim §l§efound an inquisitor at §l§c30 74 138!§r
14:09:07 §e[SkyHanni] Inquisitor from §b[MVP§0+§b] KobeAim §enot found, deleting.§r
14:09:37 §e[SkyHanni] You have gained §b9 §eBits.§r
14:10:19 §e[SkyHanni] You have gained §b9 §eBits.§r
14:11:05 §e[SkyHanni] You have gained §b9 §eBits.§r
14:11:21 §e[SkyHanni] §b[MVP§0+§b] KobeAim §l§efound an inquisitor at §l§c82 75 29!§r
14:12:10 §e[SkyHanni] Inquisitor from §b[MVP§0+§b] KobeAim §enot found, deleting.§r
14:12:20 §e[SkyHanni] You have gained §b9 §eBits.§r
14:13:21 §e[SkyHanni] You have gained §b9 §eBits.§r
14:14:00 §e[SkyHanni] You have gained §b9 §eBits.§r
14:14:36 §e[SkyHanni] You have gained §b9 §eBits.§r
14:15:38 §e[SkyHanni] You have gained §b9 §eBits.§r
14:16:16 §e[SkyHanni] You have gained §b532 §eBits.§r
14:16:22 §e[SkyHanni] You have gained §b9 §eBits.§r
14:16:54 §e[SkyHanni] You have gained §b9 §eBits.§r
14:17:39 §e[SkyHanni] You have gained §b9 §eBits.§r
14:17:52 §e[SkyHanni] You have gained §b9 §eBits.§r
14:18:20 §e[SkyHanni] You have gained §b9 §eBits.§r
14:18:38 §e[SkyHanni] You have gained §b9 §eBits.§r
14:19:13 §e[SkyHanni] You have gained §b9 §eBits.§r
14:19:43 §e[SkyHanni] You have gained §b9 §eBits.§r
14:20:07 §e[SkyHanni] §b+3 SkyBlock XP §7(Mythological Kills§7)§b (65/100)§r
14:20:15 §e[SkyHanni] You have gained §b9 §eBits.§r
14:20:28 §e[SkyHanni] You have gained §b9 §eBits.§r
14:21:59 §e[SkyHanni] You have gained §b9 §eBits.§r
14:22:28 §e[SkyHanni] You have gained §b9 §eBits.§r
14:22:35 §e[SkyHanni] You have gained §b9 §eBits.§r
14:23:47 §e[SkyHanni] You have gained §b9 §eBits.§r
14:24:23 §e[SkyHanni] You have gained §b9 §eBits.§r
14:25:06 §e[SkyHanni] You have gained §b9 §eBits.§r
14:25:10 §e[SkyHanni] You have gained §b9 §eBits.§r
14:25:25 §e[SkyHanni] You have gained §b9 §eBits.§r
14:25:34 §e[SkyHanni] You have gained §b9 §eBits.§r
14:26:07 §e[SkyHanni] You have gained §b9 §eBits.§r
14:27:34 §e[SkyHanni] You have gained §b9 §eBits.§r
14:28:30 §e[SkyHanni] You have gained §b9 §eBits.§r
14:31:52 §e[SkyHanni] You have gained §b9 §eBits.§r
14:32:05 §e[SkyHanni] You have gained §b9 §eBits.§r
14:32:46 §e[SkyHanni] You have gained §b9 §eBits.§r
14:33:37 §e[SkyHanni] You have gained §b9 §eBits.§r
14:33:55 §e[SkyHanni] You have gained §b9 §eBits.§r
14:34:47 §e[SkyHanni] You have gained §b9 §eBits.§r
14:35:18 §e[SkyHanni] You have gained §b9 §eBits.§r
14:36:08 §e[SkyHanni] You have gained §b9 §eBits.§r
14:36:27 §e[SkyHanni] You have gained §b9 §eBits.§r
14:37:06 §e[SkyHanni] You have gained §b9 §eBits.§r
14:38:17 §e[SkyHanni] You have gained §b18 §eBits.§r
14:39:21 §e[SkyHanni] You have gained §b9 §eBits.§r
14:40:07 §e[SkyHanni] You have gained §b9 §eBits.§r
14:40:42 §e[SkyHanni] You have gained §b9 §eBits.§r
14:41:25 §e[SkyHanni] You have gained §b9 §eBits.§r
14:42:18 §e[SkyHanni] You have gained §b9 §eBits.§r
14:42:20 §e[SkyHanni] You have gained §b18 §eBits.§r
14:42:51 §e[SkyHanni] You have gained §b9 §eBits.§r
14:43:23 §e[SkyHanni] You have gained §b9 §eBits.§r
14:44:16 §e[SkyHanni] You have gained §b9 §eBits.§r
14:44:54 §e[SkyHanni] You have gained §b9 §eBits.§r
14:45:03 §e[SkyHanni] You have gained §b9 §eBits.§r
14:45:38 §e[SkyHanni] You have gained §b9 §eBits.§r
14:46:08 §e[SkyHanni] You have gained §b18 §eBits.§r
14:46:22 §e[SkyHanni] You have gained §b532 §eBits.§r
14:47:03 §e[SkyHanni] You have gained §b9 §eBits.§r
14:47:48 §e[SkyHanni] You have gained §b9 §eBits.§r
14:47:53 §e[SkyHanni] You have gained §b9 §eBits.§r
14:48:18 §e[SkyHanni] You have gained §b9 §eBits.§r
14:48:53 §e[SkyHanni] You have gained §b9 §eBits.§r
14:48:57 §e[SkyHanni] §b[MVP§3+§b] spaisuiker §l§efound an inquisitor at §l§c0 79 -216!§r
14:49:25 §e[SkyHanni] Inquisitor from §b[MVP§3+§b] spaisuiker §enot found, deleting.§r
14:50:11 §e[SkyHanni] You have gained §b9 §eBits.§r
14:51:21 §e[SkyHanni] You have gained §b9 §eBits.§r
14:52:34 §e[SkyHanni] You have gained §b9 §eBits.§r
14:52:42 §e[SkyHanni] §b[MVP§0+§b] KobeAim §l§efound an inquisitor at §l§c-173 75 -64!§r
14:53:31 §e[SkyHanni] Inquisitor from §b[MVP§0+§b] KobeAim §enot found, deleting.§r
14:53:37 §e[SkyHanni] You have gained §b9 §eBits.§r
14:54:34 §e[SkyHanni] You have gained §b9 §eBits.§r
14:54:52 §e[SkyHanni] §b+1 SkyBlock XP §7(Mythological Kills§7)§b (66/100)§r
14:55:03 §e[SkyHanni] You have gained §b9 §eBits.§r
14:55:44 §e[SkyHanni] You have gained §b9 §eBits.§r
14:56:05 §e[SkyHanni] You have gained §b9 §eBits.§r
14:56:32 §e[SkyHanni] You have gained §b18 §eBits.§r
14:57:07 §e[SkyHanni] You have gained §b9 §eBits.§r
14:57:43 §e[SkyHanni] You have gained §b9 §eBits.§r
14:59:10 §e[SkyHanni] You have gained §b9 §eBits.§r
14:59:49 §e[SkyHanni] You have gained §b9 §eBits.§r
15:00:46 §e[SkyHanni] You have gained §b9 §eBits.§r
15:00:59 §e[SkyHanni] You have gained §b9 §eBits.§r
15:01:29 §e[SkyHanni] You have gained §b9 §eBits.§r
15:10:07 §e[SkyHanni] §b[MVP§6+§b] Matteke42 §l§efound an inquisitor at §l§c-153 72 -85!§r
15:11:24 §e[SkyHanni] §b[MVP§6+§b] Matteke42 §l§efound an inquisitor at §l§c-151 72 43!§r
15:11:52 §e[SkyHanni] Inquisitor from §b[MVP§6+§b] Matteke42 §enot found, deleting.§r
15:16:29 §e[SkyHanni] You have gained §b532 §eBits.§r
15:22:25 §e[SkyHanni] You have gained §b9 §eBits.§r
15:24:11 §e[SkyHanni] You have gained §b9 §eBits.§r
15:24:56 §e[SkyHanni] You have gained §b9 §eBits.§r
15:25:02 §e[SkyHanni] You have gained §b9 §eBits.§r
15:26:01 §e[SkyHanni] You have gained §b9 §eBits.§r
15:26:16 §e[SkyHanni] You have gained §b9 §eBits.§r
15:26:54 §e[SkyHanni] You have gained §b9 §eBits.§r
15:27:21 §e[SkyHanni] You have gained §b9 §eBits.§r
15:27:44 §e[SkyHanni] You have gained §b9 §eBits.§r
15:28:10 §e[SkyHanni] You have gained §b9 §eBits.§r
15:28:35 §e[SkyHanni] You have gained §b9 §eBits.§r
15:29:18 §e[SkyHanni] You have gained §b9 §eBits.§r
15:29:23 §e[SkyHanni] You have gained §b9 §eBits.§r
15:30:23 §e[SkyHanni] You have gained §b9 §eBits.§r
15:30:56 §e[SkyHanni] You have gained §b9 §eBits.§r
15:31:39 §e[SkyHanni] You have gained §b9 §eBits.§r
15:32:12 §e[SkyHanni] You have gained §b18 §eBits.§r
15:32:21 §e[SkyHanni] You have gained §b9 §eBits.§r
15:33:23 §e[SkyHanni] You have gained §b9 §eBits.§r
15:34:12 §e[SkyHanni] You have gained §b9 §eBits.§r
15:34:37 §e[SkyHanni] You have gained §b9 §eBits.§r
15:34:53 §e[SkyHanni] §b[MVP§0+§b] KobeAim §l§efound an inquisitor at §l§c75 79 74!§r
15:36:42 §e[SkyHanni] You have gained §b18 §eBits.§r
15:37:14 §e[SkyHanni] You have gained §b9 §eBits.§r
15:38:35 §e[SkyHanni] You have gained §b9 §eBits.§r
15:38:39 §e[SkyHanni] You have gained §b18 §eBits.§r
15:39:07 §e[SkyHanni] You have gained §b9 §eBits.§r
15:39:11 §e[SkyHanni] §b[MVP§0+§b] KobeAim §l§efound an inquisitor at §l§c-207 90 109!§r
15:40:10 §e[SkyHanni] Inquisitor from §b[MVP§0+§b] KobeAim §enot found, deleting.§r
15:40:39 §e[SkyHanni] You have gained §b9 §eBits.§r
15:40:45 §e[SkyHanni] You have gained §b9 §eBits.§r
15:41:10 §e[SkyHanni] You have gained §b9 §eBits.§r
15:42:04 §e[SkyHanni] You have gained §b9 §eBits.§r
15:42:41 §e[SkyHanni] You have gained §b9 §eBits.§r
15:43:15 §e[SkyHanni] You have gained §b9 §eBits.§r
15:43:46 §e[SkyHanni] You have gained §b18 §eBits.§r
15:44:38 §e[SkyHanni] You have gained §b9 §eBits.§r
15:44:40 §e[SkyHanni] You have gained §b9 §eBits.§r
15:45:46 §e[SkyHanni] You have gained §b9 §eBits.§r
15:46:35 §e[SkyHanni] You have gained §b9 §eBits.§r
15:46:39 §e[SkyHanni] You have gained §b532 §eBits.§r
15:46:47 §e[SkyHanni] §b+1 SkyBlock XP §7(Mythological Kills§7)§b (67/100)§r
15:47:29 §e[SkyHanni] You have gained §b9 §eBits.§r
15:47:41 §e[SkyHanni] You have gained §b9 §eBits.§r
15:48:12 §e[SkyHanni] You have gained §b9 §eBits.§r
15:49:00 §e[SkyHanni] You have gained §b9 §eBits.§r
15:49:25 §e[SkyHanni] You have gained §b9 §eBits.§r
15:50:32 §e[SkyHanni] You have gained §b9 §eBits.§r
15:50:44 §e[SkyHanni] You have gained §b9 §eBits.§r
15:50:46 §e[SkyHanni] §cInquisitor out of range!§r
15:51:51 §e[SkyHanni] You have gained §b18 §eBits.§r
15:52:38 §e[SkyHanni] You have gained §b9 §eBits.§r
15:52:51 §e[SkyHanni] You have gained §b9 §eBits.§r
15:53:32 §e[SkyHanni] You have gained §b9 §eBits.§r
15:54:03 §e[SkyHanni] You have gained §b9 §eBits.§r
15:54:41 §e[SkyHanni] You have gained §b9 §eBits.§r
15:55:31 §e[SkyHanni] You have gained §b18 §eBits.§r
15:55:44 §e[SkyHanni] You have gained §b9 §eBits.§r
15:55:59 §e[SkyHanni] You have gained §b9 §eBits.§r
15:56:36 §e[SkyHanni] You have gained §b9 §eBits.§r
15:57:08 §e[SkyHanni] You have gained §b9 §eBits.§r
15:57:30 §e[SkyHanni] §b[MVP§0+§b] KobeAim §l§efound an inquisitor at §l§c84 75 25!§r
15:58:10 §e[SkyHanni] Inquisitor from §b[MVP§0+§b] KobeAim §enot found, deleting.§r
15:58:17 §e[SkyHanni] You have gained §b9 §eBits.§r
15:59:20 §e[SkyHanni] You have gained §b9 §eBits.§r
15:59:24 §e[SkyHanni] You have gained §b9 §eBits.§r
15:59:40 §e[SkyHanni] You have gained §b9 §eBits.§r
15:59:59 §e[SkyHanni] You have gained §b9 §eBits.§r
16:00:06 §e[SkyHanni] You have gained §b9 §eBits.§r
16:00:43 §e[SkyHanni] You have gained §b9 §eBits.§r
16:01:33 §e[SkyHanni] You have gained §b9 §eBits.§r
16:01:51 §e[SkyHanni] §b[MVP§0+§b] KobeAim §l§efound an inquisitor at §l§c-146 75 -72!§r
16:02:34 §e[SkyHanni] Inquisitor from §b[MVP§0+§b] KobeAim §enot found, deleting.§r
16:02:51 §e[SkyHanni] You have gained §b9 §eBits.§r
16:03:13 §e[SkyHanni] You have gained §b9 §eBits.§r
16:04:14 §e[SkyHanni] You have gained §b9 §eBits.§r
16:04:35 §e[SkyHanni] You have gained §b9 §eBits.§r
16:05:12 §e[SkyHanni] You have gained §b9 §eBits.§r
16:05:27 §e[SkyHanni] You have gained §b9 §eBits.§r
16:06:11 §e[SkyHanni] You have gained §b9 §eBits.§r
16:06:38 §e[SkyHanni] You have gained §b9 §eBits.§r
16:07:46 §e[SkyHanni] You have gained §b9 §eBits.§r
16:08:14 §e[SkyHanni] You have gained §b9 §eBits.§r
16:08:19 §e[SkyHanni] You have gained §b18 §eBits.§r
16:08:43 §e[SkyHanni] You have gained §b9 §eBits.§r
16:09:29 §e[SkyHanni] You have gained §b9 §eBits.§r
16:09:35 §e[SkyHanni] You have gained §b9 §eBits.§r
16:10:02 §e[SkyHanni] You have gained §b9 §eBits.§r
16:10:34 §e[SkyHanni] You have gained §b9 §eBits.§r
16:11:15 §e[SkyHanni] You have gained §b9 §eBits.§r
16:11:23 §e[SkyHanni] You have gained §b18 §eBits.§r
16:12:00 §e[SkyHanni] You have gained §b9 §eBits.§r
16:12:16 §e[SkyHanni] You have gained §b9 §eBits.§r
16:12:47 §e[SkyHanni] You have gained §b9 §eBits.§r
16:13:37 §e[SkyHanni] You have gained §b9 §eBits.§r
16:14:18 §e[SkyHanni] You have gained §b9 §eBits.§r
16:14:30 §e[SkyHanni] §b+2 SkyBlock XP §7(Mythological Kills§7)§b (69/100)§r
16:15:10 §e[SkyHanni] You have gained §b9 §eBits.§r
16:15:19 §e[SkyHanni] You have gained §b9 §eBits.§r
16:16:02 §e[SkyHanni] You have gained §b9 §eBits.§r
16:16:15 §e[SkyHanni] You have gained §b9 §eBits.§r
16:16:36 §e[SkyHanni] You have gained §b9 §eBits.§r
16:16:46 §e[SkyHanni] You have gained §b532 §eBits.§r
16:17:25 §e[SkyHanni] You have gained §b9 §eBits.§r
16:17:54 §e[SkyHanni] You have gained §b9 §eBits.§r
16:18:24 §e[SkyHanni] You have gained §b9 §eBits.§r
16:18:30 §e[SkyHanni] §b[MVP§0+§b] KobeAim §l§efound an inquisitor at §l§c-145 72 52!§r
16:18:58 §e[SkyHanni] Inquisitor from §b[MVP§0+§b] KobeAim §enot found, deleting.§r
16:19:44 §e[SkyHanni] You have gained §b9 §eBits.§r
16:20:20 §e[SkyHanni] You have gained §b9 §eBits.§r
16:20:39 §e[SkyHanni] You have gained §b9 §eBits.§r
16:20:59 §e[SkyHanni] §b[MVP§0+§b] KobeAim §l§efound an inquisitor at §l§c-72 81 -203!§r
16:21:31 §e[SkyHanni] Inquisitor from §b[MVP§0+§b] KobeAim §enot found, deleting.§r
16:21:36 §e[SkyHanni] You have gained §b9 §eBits.§r
16:21:59 §e[SkyHanni] You have gained §b18 §eBits.§r
16:22:02 §e[SkyHanni] You have gained §b9 §eBits.§r
16:22:22 §e[SkyHanni] You have gained §b9 §eBits.§r
16:23:35 §e[SkyHanni] You have gained §b9 §eBits.§r
16:23:51 §e[SkyHanni] You have gained §b9 §eBits.§r
16:24:07 §e[SkyHanni] You have gained §b9 §eBits.§r
16:24:21 §e[SkyHanni] You have gained §b9 §eBits.§r
16:24:48 §e[SkyHanni] You have gained §b9 §eBits.§r
16:25:18 §e[SkyHanni] You have gained §b9 §eBits.§r
16:25:58 §e[SkyHanni] You have gained §b9 §eBits.§r
16:26:51 §e[SkyHanni] You have gained §b18 §eBits.§r
16:26:59 §e[SkyHanni] You have gained §b9 §eBits.§r
16:27:26 §e[SkyHanni] You have gained §b9 §eBits.§r
16:27:34 §e[SkyHanni] You have gained §b9 §eBits.§r
16:27:56 §e[SkyHanni] You have gained §b9 §eBits.§r
16:28:27 §e[SkyHanni] You have gained §b9 §eBits.§r
16:28:56 §e[SkyHanni] You have gained §b9 §eBits.§r
16:29:30 §e[SkyHanni] You have gained §b9 §eBits.§r
16:30:35 §e[SkyHanni] You have gained §b9 §eBits.§r
16:31:15 §e[SkyHanni] You have gained §b9 §eBits.§r
16:31:49 §e[SkyHanni] You have gained §b9 §eBits.§r
16:32:18 §e[SkyHanni] §6[MVP§c++§6] BlazeKickers §l§efound an inquisitor at §l§c-159 75 -41!§r
16:32:52 §e[SkyHanni] Inquisitor from §6[MVP§c++§6] BlazeKickers §enot found, deleting.§r
16:39:32 §e[SkyHanni] You have gained §b18 §eBits.§r
16:40:34 §e[SkyHanni] You have gained §b9 §eBits.§r
16:42:03 §e[SkyHanni] You have gained §b9 §eBits.§r
16:42:30 §e[SkyHanni] §b[MVP§0+§b] KobeAim §l§efound an inquisitor at §l§c-142 72 -1!§r
16:42:58 §e[SkyHanni] Inquisitor from §b[MVP§0+§b] KobeAim §enot found, deleting.§r
16:43:27 §e[SkyHanni] You have gained §b9 §eBits.§r
16:43:36 §e[SkyHanni] You have gained §b9 §eBits.§r
16:43:43 §e[SkyHanni] You have gained §b9 §eBits.§r
16:44:17 §e[SkyHanni] You have gained §b9 §eBits.§r
16:44:47 §e[SkyHanni] You have gained §b9 §eBits.§r
16:45:31 §e[SkyHanni] You have gained §b9 §eBits.§r
16:45:55 §e[SkyHanni] You have gained §b18 §eBits.§r
16:46:30 §e[SkyHanni] You have gained §b9 §eBits.§r
16:46:51 §e[SkyHanni] You have gained §b532 §eBits.§r
16:46:52 §e[SkyHanni] You have gained §b9 §eBits.§r
16:47:35 §e[SkyHanni] You have gained §b9 §eBits.§r
16:47:45 §e[SkyHanni] You have gained §b9 §eBits.§r
16:48:00 §e[SkyHanni] §b+3 SkyBlock XP §7(Mythological Kills§7)§b (72/100)§r
16:48:06 §e[SkyHanni] You have gained §b9 §eBits.§r
16:48:13 §e[SkyHanni] You have gained §b9 §eBits.§r
16:49:13 §e[SkyHanni] You have gained §b9 §eBits.§r
16:49:49 §e[SkyHanni] You have gained §b9 §eBits.§r
16:49:53 §e[SkyHanni] You have gained §b9 §eBits.§r
16:50:20 §e[SkyHanni] You have gained §b9 §eBits.§r
16:50:58 §e[SkyHanni] You have gained §b9 §eBits.§r
16:51:32 §e[SkyHanni] You have gained §b9 §eBits.§r
16:51:43 §e[SkyHanni] You have gained §b9 §eBits.§r
16:53:02 §e[SkyHanni] You have gained §b18 §eBits.§r
16:53:38 §e[SkyHanni] You have gained §b9 §eBits.§r
16:54:36 §e[SkyHanni] You have gained §b18 §eBits.§r
16:55:34 §e[SkyHanni] You have gained §b9 §eBits.§r
16:56:04 §e[SkyHanni] You have gained §b9 §eBits.§r
16:56:13 §e[SkyHanni] You have gained §b9 §eBits.§r
16:56:56 §e[SkyHanni] You have gained §b9 §eBits.§r
16:57:20 §e[SkyHanni] You have gained §b9 §eBits.§r
16:57:49 §e[SkyHanni] You have gained §b9 §eBits.§r
16:58:25 §e[SkyHanni] You have gained §b9 §eBits.§r
16:58:35 §e[SkyHanni] You have gained §b9 §eBits.§r
16:58:55 §e[SkyHanni] You have gained §b18 §eBits.§r
16:59:35 §e[SkyHanni] You have gained §b18 §eBits.§r
17:00:28 §e[SkyHanni] You have gained §b9 §eBits.§r
17:00:59 §e[SkyHanni] You have gained §b9 §eBits.§r
17:01:37 §e[SkyHanni] You have gained §b9 §eBits.§r
17:02:14 §e[SkyHanni] You have gained §b18 §eBits.§r
17:02:43 §e[SkyHanni] You have gained §b9 §eBits.§r
17:03:19 §e[SkyHanni] You have gained §b9 §eBits.§r
17:04:08 §e[SkyHanni] §bNo Bits Available! §eClick to buy booster cookies on the bazaar.§r
17:04:08 §e[SkyHanni] You have gained §b9 §eBits.§r
17:13:44 §e[SkyHanni] §b+1 SkyBlock XP §7(Mythological Kills§7)§b (73/100)§r
17:22:35 §e[SkyHanni] §b[MVP§6+§b] Matteke42 §l§efound an inquisitor at §l§c162 72 -11!§r
17:22:58 §e[SkyHanni] Inquisitor from §b[MVP§6+§b] Matteke42 §enot found, deleting.§r
17:26:24 §e[SkyHanni] §b[MVP§6+§b] Matteke42 §l§efound an inquisitor at §l§c-191 88 78!§r
17:26:52 §e[SkyHanni] Inquisitor from §b[MVP§6+§b] Matteke42 §enot found, deleting.§r
17:30:12 §e[SkyHanni] §a+Tracker Drop§7: §r§5Minos Relic §7(§646M coins§7)§r
17:37:01 §e[SkyHanni] §6[MVP§c++§6] BlazeKickers §l§efound an inquisitor at §l§c-158 78 76!§r
17:37:28 §e[SkyHanni] Inquisitor from §6[MVP§c++§6] BlazeKickers §enot found, deleting.§r
17:38:10 §e[SkyHanni] You have gained §b18 §eBits.§r
17:39:20 §e[SkyHanni] You have gained §b9 §eBits.§r
17:40:05 §e[SkyHanni] You have gained §b9 §eBits.§r
17:40:30 §e[SkyHanni] You have gained §b9 §eBits.§r
17:40:45 §e[SkyHanni] You have gained §b9 §eBits.§r
17:41:41 §e[SkyHanni] You have gained §b9 §eBits.§r
17:42:16 §e[SkyHanni] You have gained §b9 §eBits.§r
17:42:35 §e[SkyHanni] §b+1 SkyBlock XP §7(Mythological Kills§7)§b (74/100)§r
17:42:56 §e[SkyHanni] You have gained §b9 §eBits.§r
17:43:17 §e[SkyHanni] You have gained §b9 §eBits.§r
17:43:26 §e[SkyHanni] §b[MVP§6+§b] Matteke42 §l§efound an inquisitor at §l§c-150 75 -56!§r
17:43:55 §e[SkyHanni] Inquisitor from §b[MVP§6+§b] Matteke42 §enot found, deleting.§r
17:44:09 §e[SkyHanni] You have gained §b9 §eBits.§r
17:44:39 §e[SkyHanni] You have gained §b9 §eBits.§r
17:44:45 §e[SkyHanni] §b[MVP§6+§b] KobesButler §l§efound an inquisitor at §l§c-164 80 78!§r
17:45:10 §e[SkyHanni] Inquisitor from §b[MVP§6+§b] KobesButler §enot found, deleting.§r
17:45:32 §e[SkyHanni] You have gained §b9 §eBits.§r
17:46:13 §e[SkyHanni] You have gained §b9 §eBits.§r
17:46:38 §e[SkyHanni] §b[MVP§6+§b] Matteke42 §l§efound an inquisitor at §l§c-190 86 114!§r
17:47:14 §e[SkyHanni] You have gained §b532 §eBits.§r
17:47:19 §e[SkyHanni] Inquisitor from §b[MVP§6+§b] Matteke42 §enot found, deleting.§r
17:47:34 §e[SkyHanni] You have gained §b9 §eBits.§r
17:48:03 §e[SkyHanni] You have gained §b9 §eBits.§r
17:48:40 §e[SkyHanni] You have gained §b9 §eBits.§r
17:49:16 §e[SkyHanni] You have gained §b9 §eBits.§r
17:49:57 §e[SkyHanni] You have gained §b18 §eBits.§r
17:50:25 §e[SkyHanni] You have gained §b9 §eBits.§r
17:51:14 §e[SkyHanni] You have gained §b9 §eBits.§r
17:51:24 §e[SkyHanni] You have gained §b9 §eBits.§r
17:52:03 §e[SkyHanni] You have gained §b9 §eBits.§r
17:52:42 §e[SkyHanni] You have gained §b9 §eBits.§r
17:53:25 §e[SkyHanni] You have gained §b9 §eBits.§r
17:53:47 §e[SkyHanni] You have gained §b9 §eBits.§r
17:54:20 §e[SkyHanni] §b[MVP§3+§b] spaisuiker §l§efound an inquisitor at §l§c-222 76 -1!§r
17:55:01 §e[SkyHanni] Inquisitor from §b[MVP§3+§b] spaisuiker §enot found, deleting.§r
17:55:13 §e[SkyHanni] You have gained §b9 §eBits.§r
17:55:46 §e[SkyHanni] You have gained §b9 §eBits.§r
17:56:29 §e[SkyHanni] You have gained §b9 §eBits.§r
17:56:53 §e[SkyHanni] You have gained §b9 §eBits.§r
17:58:01 §e[SkyHanni] You have gained §b9 §eBits.§r
17:58:32 §e[SkyHanni] You have gained §b9 §eBits.§r
18:00:29 §e[SkyHanni] Gained §d30,025 motes §ethis Rift session! (§d3.3M/h§e)§r
18:00:44 §e[SkyHanni] You have gained §b9 §eBits.§r
18:01:33 §e[SkyHanni] You have gained §b9 §eBits.§r
18:02:05 §e[SkyHanni] You have gained §b9 §eBits.§r
18:02:23 §e[SkyHanni] You have gained §b18 §eBits.§r
18:02:28 §e[SkyHanni] You have gained §b9 §eBits.§r
18:02:55 §e[SkyHanni] You have gained §b9 §eBits.§r
18:03:31 §e[SkyHanni] You have gained §b9 §eBits.§r
18:04:05 §e[SkyHanni] You have gained §b9 §eBits.§r
18:05:15 §e[SkyHanni] You have gained §b9 §eBits.§r
18:05:18 §e[SkyHanni] You have gained §b9 §eBits.§r
18:05:35 §e[SkyHanni] You have gained §b9 §eBits.§r
18:06:27 §e[SkyHanni] You have gained §b9 §eBits.§r
18:06:58 §e[SkyHanni] You have gained §b9 §eBits.§r
18:07:43 §e[SkyHanni] You have gained §b9 §eBits.§r
18:08:00 §e[SkyHanni] You have gained §b9 §eBits.§r
18:08:28 §e[SkyHanni] You have gained §b9 §eBits.§r
18:09:00 §e[SkyHanni] You have gained §b9 §eBits.§r
18:09:51 §e[SkyHanni] You have gained §b9 §eBits.§r
18:09:53 §e[SkyHanni] You have gained §b9 §eBits.§r
18:10:11 §e[SkyHanni] You have gained §b18 §eBits.§r
18:10:41 §e[SkyHanni] You have gained §b9 §eBits.§r
18:12:38 §e[SkyHanni] You have gained §b18 §eBits.§r
18:12:52 §e[SkyHanni] You have gained §b9 §eBits.§r
18:12:55 §e[SkyHanni] You have gained §b9 §eBits.§r
18:13:09 §e[SkyHanni] §b+1 SkyBlock XP §7(Mythological Kills§7)§b (75/100)§r
18:13:32 §e[SkyHanni] You have gained §b9 §eBits.§r
18:13:47 §e[SkyHanni] You have gained §b9 §eBits.§r
18:13:51 §e[SkyHanni] You have gained §b9 §eBits.§r
18:14:21 §e[SkyHanni] You have gained §b9 §eBits.§r
18:15:08 §e[SkyHanni] You have gained §b9 §eBits.§r
18:15:42 §e[SkyHanni] You have gained §b9 §eBits.§r
18:16:13 §e[SkyHanni] You have gained §b9 §eBits.§r
18:17:30 §e[SkyHanni] You have gained §b532 §eBits.§r
18:17:34 §e[SkyHanni] You have gained §b9 §eBits.§r
18:17:50 §e[SkyHanni] You have gained §b9 §eBits.§r
18:17:56 §e[SkyHanni] You have gained §b9 §eBits.§r
18:18:29 §e[SkyHanni] You have gained §b18 §eBits.§r
18:19:27 §e[SkyHanni] You have gained §b9 §eBits.§r
18:19:59 §e[SkyHanni] You have gained §b9 §eBits.§r
18:20:31 §e[SkyHanni] You have gained §b9 §eBits.§r
18:21:01 §e[SkyHanni] You have gained §b9 §eBits.§r
18:21:27 §e[SkyHanni] You have gained §b9 §eBits.§r
18:26:26 §e[SkyHanni] You have gained §b9 §eBits.§r
18:26:42 §e[SkyHanni] You have gained §b18 §eBits.§r
18:27:03 §e[SkyHanni] You have gained §b9 §eBits.§r
18:27:36 §e[SkyHanni] You have gained §b9 §eBits.§r
18:29:18 §e[SkyHanni] You have gained §b9 §eBits.§r
18:29:43 §e[SkyHanni] You have gained §b9 §eBits.§r
18:29:51 §e[SkyHanni] You have gained §b9 §eBits.§r
18:30:57 §e[SkyHanni] You have gained §b18 §eBits.§r
18:31:02 §e[SkyHanni] You have gained §b9 §eBits.§r
18:31:27 §e[SkyHanni] You have gained §b9 §eBits.§r
18:32:24 §e[SkyHanni] You have gained §b18 §eBits.§r
18:32:32 §e[SkyHanni] You have gained §b9 §eBits.§r
18:32:52 §e[SkyHanni] You have gained §b9 §eBits.§r
18:33:32 §e[SkyHanni] You have gained §b9 §eBits.§r
18:33:48 §e[SkyHanni] You have gained §b9 §eBits.§r
18:34:15 §e[SkyHanni] You have gained §b9 §eBits.§r
18:34:44 §e[SkyHanni] You have gained §b9 §eBits.§r
18:35:22 §e[SkyHanni] You have gained §b18 §eBits.§r
18:35:46 §e[SkyHanni] You have gained §b9 §eBits.§r
18:36:31 §e[SkyHanni] You have gained §b9 §eBits.§r
18:36:57 §e[SkyHanni] You have gained §b9 §eBits.§r
18:37:11 §e[SkyHanni] You have gained §b9 §eBits.§r
18:37:43 §e[SkyHanni] You have gained §b9 §eBits.§r
18:38:24 §e[SkyHanni] You have gained §b9 §eBits.§r
18:38:57 §e[SkyHanni] You have gained §b9 §eBits.§r
18:39:10 §e[SkyHanni] You have gained §b9 §eBits.§r
18:39:43 §e[SkyHanni] You have gained §b9 §eBits.§r
18:40:09 §e[SkyHanni] You have gained §b18 §eBits.§r
18:40:41 §e[SkyHanni] You have gained §b9 §eBits.§r
18:41:12 §e[SkyHanni] You have gained §b18 §eBits.§r
18:41:21 §e[SkyHanni] §b+2 SkyBlock XP §7(Mythological Kills§7)§b (77/100)§r
18:41:40 §e[SkyHanni] You have gained §b9 §eBits.§r
18:42:52 §e[SkyHanni] You have gained §b9 §eBits.§r
18:43:06 §e[SkyHanni] You have gained §b9 §eBits.§r
18:43:31 §e[SkyHanni] You have gained §b18 §eBits.§r
18:44:04 §e[SkyHanni] You have gained §b9 §eBits.§r
18:45:05 §e[SkyHanni] You have gained §b9 §eBits.§r
18:45:35 §e[SkyHanni] You have gained §b9 §eBits.§r
18:46:15 §e[SkyHanni] You have gained §b9 §eBits.§r
18:46:30 §e[SkyHanni] You have gained §b9 §eBits.§r
18:47:09 §e[SkyHanni] You have gained §b9 §eBits.§r
18:47:34 §e[SkyHanni] You have gained §b9 §eBits.§r
18:47:37 §e[SkyHanni] You have gained §b18 §eBits.§r
18:47:52 §e[SkyHanni] You have gained §b532 §eBits.§r
18:48:10 §e[SkyHanni] You have gained §b9 §eBits.§r
18:49:16 §e[SkyHanni] You have gained §b9 §eBits.§r
18:49:49 §e[SkyHanni] You have gained §b9 §eBits.§r
18:50:30 §e[SkyHanni] You have gained §b9 §eBits.§r
18:51:39 §e[SkyHanni] You have gained §b18 §eBits.§r
18:51:51 §e[SkyHanni] You have gained §b9 §eBits.§r
18:51:52 §e[SkyHanni] §b[MVP§6+§b] KobesButler §l§efound an inquisitor at §l§c-149 71 -86!§r
18:52:31 §e[SkyHanni] Inquisitor from §b[MVP§6+§b] KobesButler §enot found, deleting.§r
18:53:06 §e[SkyHanni] You have gained §b9 §eBits.§r
18:53:35 §e[SkyHanni] You have gained §b9 §eBits.§r
18:54:21 §e[SkyHanni] You have gained §b9 §eBits.§r
18:54:56 §e[SkyHanni] You have gained §b9 §eBits.§r
18:55:14 §e[SkyHanni] You have gained §b9 §eBits.§r
18:55:44 §e[SkyHanni] You have gained §b9 §eBits.§r
18:56:26 §e[SkyHanni] You have gained §b9 §eBits.§r
18:56:38 §e[SkyHanni] §cInquisitor out of range!§r
18:57:07 §e[SkyHanni] You have gained §b9 §eBits.§r
18:58:54 §e[SkyHanni] You have gained §b18 §eBits.§r
18:59:04 §e[SkyHanni] You have gained §b9 §eBits.§r
18:59:36 §e[SkyHanni] You have gained §b18 §eBits.§r
19:00:00 §e[SkyHanni] You have gained §b9 §eBits.§r
19:00:55 §e[SkyHanni] You have gained §b9 §eBits.§r
19:01:09 §e[SkyHanni] You have gained §b9 §eBits.§r
19:01:45 §e[SkyHanni] You have gained §b9 §eBits.§r
19:02:43 §e[SkyHanni] You have gained §b9 §eBits.§r
19:03:21 §e[SkyHanni] You have gained §b9 §eBits.§r
19:04:03 §e[SkyHanni] You have gained §b18 §eBits.§r
19:04:41 §e[SkyHanni] You have gained §b9 §eBits.§r
19:05:21 §e[SkyHanni] You have gained §b9 §eBits.§r
19:06:18 §e[SkyHanni] You have gained §b9 §eBits.§r
19:06:44 §e[SkyHanni] You have gained §b9 §eBits.§r
19:07:14 §e[SkyHanni] You have gained §b9 §eBits.§r
19:07:45 §e[SkyHanni] You have gained §b9 §eBits.§r
19:07:48 §e[SkyHanni] §6[MVP§c++§6] BlazeKickers §l§efound an inquisitor at §l§c143 75 -89!§r
19:08:29 §e[SkyHanni] Inquisitor from §6[MVP§c++§6] BlazeKickers §enot found, deleting.§r
19:09:22 §e[SkyHanni] You have gained §b9 §eBits.§r
19:09:22 §e[SkyHanni] §b[MVP§6+§b] Matteke42 §l§efound an inquisitor at §l§c-22 73 145!§r
19:10:00 §e[SkyHanni] Inquisitor from §b[MVP§6+§b] Matteke42 §enot found, deleting.§r
19:10:29 §e[SkyHanni] You have gained §b9 §eBits.§r
19:10:54 §e[SkyHanni] §b+1 SkyBlock XP §7(Mythological Kills§7)§b (78/100)§r
19:11:04 §e[SkyHanni] You have gained §b9 §eBits.§r
19:11:49 §e[SkyHanni] You have gained §b9 §eBits.§r
19:12:12 §e[SkyHanni] You have gained §b9 §eBits.§r
19:13:11 §e[SkyHanni] You have gained §b9 §eBits.§r
19:14:06 §e[SkyHanni] §b[MVP§6+§b] Matteke42 §l§efound an inquisitor at §l§c-249 79 30!§r
19:14:45 §e[SkyHanni] Inquisitor from §b[MVP§6+§b] Matteke42 §enot found, deleting.§r
19:14:56 §e[SkyHanni] You have gained §b9 §eBits.§r
19:15:24 §e[SkyHanni] §b[MVP§6+§b] Matteke42 §l§efound an inquisitor at §l§c36 72 -174!§r
19:15:25 §e[SkyHanni] You have gained §b9 §eBits.§r
19:15:57 §e[SkyHanni] Inquisitor from §b[MVP§6+§b] Matteke42 §enot found, deleting.§r
19:16:31 §e[SkyHanni] You have gained §b9 §eBits.§r
19:17:24 §e[SkyHanni] You have gained §b9 §eBits.§r
19:18:06 §e[SkyHanni] You have gained §b9 §eBits.§r
19:18:07 §e[SkyHanni] You have gained §b532 §eBits.§r
19:19:04 §e[SkyHanni] You have gained §b9 §eBits.§r
19:19:11 §e[SkyHanni] You have gained §b9 §eBits.§r
19:19:31 §e[SkyHanni] You have gained §b9 §eBits.§r
19:20:05 §e[SkyHanni] You have gained §b9 §eBits.§r
19:20:31 §e[SkyHanni] You have gained §b9 §eBits.§r
19:21:06 §e[SkyHanni] You have gained §b9 §eBits.§r
19:21:24 §e[SkyHanni] You have gained §b9 §eBits.§r
19:21:56 §e[SkyHanni] You have gained §b9 §eBits.§r
19:22:27 §e[SkyHanni] You have gained §b9 §eBits.§r
19:22:57 §e[SkyHanni] You have gained §b9 §eBits.§r
19:24:24 §e[SkyHanni] You have gained §b9 §eBits.§r
19:25:05 §e[SkyHanni] You have gained §b9 §eBits.§r
19:25:37 §e[SkyHanni] You have gained §b9 §eBits.§r
19:25:41 §e[SkyHanni] You have gained §b9 §eBits.§r
19:26:07 §e[SkyHanni] You have gained §b9 §eBits.§r
19:26:43 §e[SkyHanni] You have gained §b9 §eBits.§r
19:27:12 §e[SkyHanni] You have gained §b9 §eBits.§r
19:27:29 §e[SkyHanni] You have gained §b9 §eBits.§r
19:28:04 §e[SkyHanni] You have gained §b9 §eBits.§r
19:28:39 §e[SkyHanni] You have gained §b9 §eBits.§r
19:28:43 §e[SkyHanni] You have gained §b9 §eBits.§r
19:28:46 §e[SkyHanni] You have gained §b9 §eBits.§r
19:30:04 §e[SkyHanni] You have gained §b9 §eBits.§r
19:30:19 §e[SkyHanni] You have gained §b9 §eBits.§r
19:30:53 §e[SkyHanni] You have gained §b9 §eBits.§r
19:31:14 §e[SkyHanni] You have gained §b9 §eBits.§r
19:31:40 §e[SkyHanni] You have gained §b9 §eBits.§r
19:45:00 §e[SkyHanni] §fYou were in Limbo for §e12m 42s§f.§r
19:48:35 §e[SkyHanni] You have gained §b532 §eBits.§r
19:55:33 §e[SkyHanni] You have gained §b9 §eBits.§r
19:57:13 §e[SkyHanni] You have gained §b9 §eBits.§r
19:57:29 §e[SkyHanni] You have gained §b9 §eBits.§r
19:57:53 §e[SkyHanni] You have gained §b9 §eBits.§r
19:58:42 §e[SkyHanni] You have gained §b18 §eBits.§r
19:59:10 §e[SkyHanni] You have gained §b9 §eBits.§r
19:59:28 §e[SkyHanni] You have gained §b9 §eBits.§r
19:59:32 §e[SkyHanni] You have gained §b9 §eBits.§r
20:00:20 §e[SkyHanni] You have gained §b9 §eBits.§r
20:00:39 §e[SkyHanni] §b+1 SkyBlock XP §7(Mythological Kills§7)§b (79/100)§r
20:00:46 §e[SkyHanni] You have gained §b9 §eBits.§r
20:01:24 §e[SkyHanni] You have gained §b18 §eBits.§r
20:02:07 §e[SkyHanni] You have gained §b9 §eBits.§r
20:02:23 §e[SkyHanni] You have gained §b9 §eBits.§r
20:02:49 §e[SkyHanni] You have gained §b9 §eBits.§r
20:03:42 §e[SkyHanni] You have gained §b9 §eBits.§r
20:04:04 §e[SkyHanni] You have gained §b9 §eBits.§r
20:04:37 §e[SkyHanni] You have gained §b9 §eBits.§r
20:04:51 §e[SkyHanni] You have gained §b9 §eBits.§r
20:05:38 §e[SkyHanni] You have gained §b9 §eBits.§r
20:06:45 §e[SkyHanni] You have gained §b9 §eBits.§r
20:06:53 §e[SkyHanni] You have gained §b9 §eBits.§r
20:07:17 §e[SkyHanni] You have gained §b9 §eBits.§r
20:08:03 §e[SkyHanni] You have gained §b9 §eBits.§r
20:08:56 §e[SkyHanni] You have gained §b18 §eBits.§r
20:09:30 §e[SkyHanni] You have gained §b9 §eBits.§r
20:10:56 §e[SkyHanni] You have gained §b9 §eBits.§r
20:11:13 §e[SkyHanni] You have gained §b9 §eBits.§r
20:12:03 §e[SkyHanni] You have gained §b9 §eBits.§r
20:12:33 §e[SkyHanni] You have gained §b18 §eBits.§r
20:12:51 §e[SkyHanni] You have gained §b9 §eBits.§r
20:13:37 §e[SkyHanni] You have gained §b9 §eBits.§r
20:14:10 §e[SkyHanni] You have gained §b9 §eBits.§r
20:14:14 §e[SkyHanni] §b[MVP§0+§b] KobeAim §l§efound an inquisitor at §l§c-215 91 46!§r
20:15:03 §e[SkyHanni] Inquisitor from §b[MVP§0+§b] KobeAim §enot found, deleting.§r
20:15:41 §e[SkyHanni] You have gained §b9 §eBits.§r
20:16:15 §e[SkyHanni] You have gained §b9 §eBits.§r
20:16:26 §e[SkyHanni] You have gained §b18 §eBits.§r
20:18:40 §e[SkyHanni] You have gained §b532 §eBits.§r
20:18:47 §e[SkyHanni] You have gained §b9 §eBits.§r
20:19:51 §e[SkyHanni] You have gained §b9 §eBits.§r
20:20:32 §e[SkyHanni] You have gained §b9 §eBits.§r
20:21:49 §e[SkyHanni] You have gained §b9 §eBits.§r
20:22:47 §e[SkyHanni] You have gained §b9 §eBits.§r
20:23:28 §e[SkyHanni] You have gained §b9 §eBits.§r
20:24:04 §e[SkyHanni] You have gained §b9 §eBits.§r
20:24:56 §e[SkyHanni] You have gained §b9 §eBits.§r
20:25:23 §e[SkyHanni] You have gained §b9 §eBits.§r
20:26:16 §e[SkyHanni] You have gained §b9 §eBits.§r
20:26:57 §e[SkyHanni] You have gained §b9 §eBits.§r
20:27:31 §e[SkyHanni] You have gained §b9 §eBits.§r
20:28:09 §e[SkyHanni] You have gained §b9 §eBits.§r
20:28:43 §e[SkyHanni] You have gained §b9 §eBits.§r
20:28:48 §e[SkyHanni] You have gained §b18 §eBits.§r
20:29:39 §e[SkyHanni] You have gained §b9 §eBits.§r
20:30:08 §e[SkyHanni] You have gained §b9 §eBits.§r
20:30:37 §e[SkyHanni] You have gained §b9 §eBits.§r
20:31:17 §e[SkyHanni] You have gained §b9 §eBits.§r
20:31:49 §e[SkyHanni] You have gained §b9 §eBits.§r
20:33:02 §e[SkyHanni] §b[MVP§0+§b] KobeAim §l§efound an inquisitor at §l§c-39 72 158!§r
20:36:16 §e[SkyHanni] You have gained §b9 §eBits.§r
20:36:31 §e[SkyHanni] You have gained §b9 §eBits.§r
20:43:11 §e[SkyHanni] §b+1 SkyBlock XP §7(Mythological Kills§7)§b (81/100)§r
