11:56:52  
11:56:52 [original] §r§c§lGood Grief! §r§eYou dug out a §r§2Minos Inquisitor§r§e!§r
11:56:52 [modified] §c§lGood Grief! §r§eYou dug out a §r§2Minos Inquisitor§r§e! §e(70)§r
12:18:27  
12:18:27 [original] §r§c§lOi! §r§eYou dug out a §r§2Minos Inquisitor§r§e!§r
12:18:27 [modified] §c§lOi! §r§eYou dug out a §r§2Minos Inquisitor§r§e! §e(66)§r
12:31:16  
12:31:16 [original] §r§c§lUh oh! §r§eYou dug out a §r§2Minos Inquisitor§r§e!§r
12:31:16 [modified] §c§lUh oh! §r§eYou dug out a §r§2Minos Inquisitor§r§e! §e(34)§r
12:39:42  
12:39:42 [original] §r§c§lDanger! §r§eYou dug out a §r§2Minos Inquisitor§r§e!§r
12:39:42 [modified] §c§lDanger! §r§eYou dug out a §r§2Minos Inquisitor§r§e! §e(19)§r
12:44:18  
12:44:18 [original] §r§c§lUh oh! §r§eYou dug out a §r§2Minos Inquisitor§r§e!§r
12:44:18 [modified] §c§lUh oh! §r§eYou dug out a §r§2Minos Inquisitor§r§e! §e(12)§r
12:47:20  
12:47:20 [original] §r§c§lYikes! §r§eYou dug out a §r§2Minos Inquisitor§r§e!§r
12:47:20 [modified] §c§lYikes! §r§eYou dug out a §r§2Minos Inquisitor§r§e! §e(3)§r
13:23:17  
13:23:17 [original] §r§c§lUh oh! §r§eYou dug out a §r§2Minos Inquisitor§r§e!§r
13:23:17 [modified] §c§lUh oh! §r§eYou dug out a §r§2Minos Inquisitor§r§e! §e(109)§r
13:47:49  
13:47:49 [original] §r§c§lWoah! §r§eYou dug out a §r§2Minos Inquisitor§r§e!§r
13:47:49 [modified] §c§lWoah! §r§eYou dug out a §r§2Minos Inquisitor§r§e! §e(36)§r
13:59:50  
13:59:50 [original] §r§c§lWoah! §r§eYou dug out a §r§2Minos Inquisitor§r§e!§r
13:59:50 [modified] §c§lWoah! §r§eYou dug out a §r§2Minos Inquisitor§r§e! §e(35)§r
14:08:19  
14:08:19 [original] §r§c§lWoah! §r§eYou dug out a §r§2Minos Inquisitor§r§e!§r
14:08:19 [modified] §c§lWoah! §r§eYou dug out a §r§2Minos Inquisitor§r§e! §e(18)§r
14:11:21  
14:11:21 [original] §r§c§lWoah! §r§eYou dug out a §r§2Minos Inquisitor§r§e!§r
14:11:21 [modified] §c§lWoah! §r§eYou dug out a §r§2Minos Inquisitor§r§e! §e(7)§r
14:52:42  
14:52:42 [original] §r§c§lDanger! §r§eYou dug out a §r§2Minos Inquisitor§r§e!§r
14:52:42 [modified] §c§lDanger! §r§eYou dug out a §r§2Minos Inquisitor§r§e! §e(107)§r
15:34:52  
15:34:52 [original] §r§c§lDanger! §r§eYou dug out a §r§2Minos Inquisitor§r§e!§r
15:34:52 [modified] §c§lDanger! §r§eYou dug out a §r§2Minos Inquisitor§r§e! §e(58)§r
15:39:11  
15:39:11 [original] §r§c§lOi! §r§eYou dug out a §r§2Minos Inquisitor§r§e!§r
15:39:11 [modified] §c§lOi! §r§eYou dug out a §r§2Minos Inquisitor§r§e! §e(10)§r
15:57:30  
15:57:30 [original] §r§c§lWoah! §r§eYou dug out a §r§2Minos Inquisitor§r§e!§r
15:57:30 [modified] §c§lWoah! §r§eYou dug out a §r§2Minos Inquisitor§r§e! §e(48)§r
16:01:51  
16:01:51 [original] §r§c§lYikes! §r§eYou dug out a §r§2Minos Inquisitor§r§e!§r
16:01:51 [modified] §c§lYikes! §r§eYou dug out a §r§2Minos Inquisitor§r§e! §e(13)§r
16:18:30  
16:18:30 [original] §r§c§lWoah! §r§eYou dug out a §r§2Minos Inquisitor§r§e!§r
16:18:30 [modified] §c§lWoah! §r§eYou dug out a §r§2Minos Inquisitor§r§e! §e(57)§r
16:20:59  
16:20:59 [original] §r§c§lDanger! §r§eYou dug out a §r§2Minos Inquisitor§r§e!§r
16:20:59 [modified] §c§lDanger! §r§eYou dug out a §r§2Minos Inquisitor§r§e! §e(7)§r
16:42:30  
16:42:30 [original] §r§c§lYikes! §r§eYou dug out a §r§2Minos Inquisitor§r§e!§r
16:42:30 [modified] §c§lYikes! §r§eYou dug out a §r§2Minos Inquisitor§r§e! §e(50)§r
20:14:14  
20:14:14 [original] §r§c§lDanger! §r§eYou dug out a §r§2Minos Inquisitor§r§e!§r
20:14:14 [modified] §c§lDanger! §r§eYou dug out a §r§2Minos Inquisitor§r§e! §e(572)§r
20:33:02  
20:33:02 [original] §r§c§lDanger! §r§eYou dug out a §r§2Minos Inquisitor§r§e!§r
20:33:02 [modified] §c§lDanger! §r§eYou dug out a §r§2Minos Inquisitor§r§e! §e(44)§r
