21:02:46 [DOUBLE_HOOK] §eIt's a §r§aDouble Hook§r§e! Woot woot!
21:03:11 [DOUBLE_HOOK] §eIt's a §r§aDouble Hook§r§e!
21:05:47 [DOUBLE_HOOK] §eIt's a §r§aDouble Hook§r§e!
21:06:26 [DOUBLE_HOOK] §eIt's a §r§aDouble Hook§r§e!
21:06:50 [DOUBLE_HOOK] §eIt's a §r§aDouble Hook§r§e! Woot woot!
21:06:57 [DOUBLE_HOOK] §eIt's a §r§aDouble Hook§r§e!
21:07:11 [DOUBLE_HOOK] §eIt's a §r§aDouble Hook§r§e! Woot woot!
21:07:16 [DOUBLE_HOOK] §eIt's a §r§aDouble Hook§r§e! Woot woot!
21:07:30 [DOUBLE_HOOK] §eIt's a §r§aDouble Hook§r§e! Woot woot!
21:07:36 [DOUBLE_HOOK] §eIt's a §r§aDouble Hook§r§e!
21:08:09 [DOUBLE_HOOK] §eIt's a §r§aDouble Hook§r§e!
21:10:26 [DOUBLE_HOOK] §eIt's a §r§aDouble Hook§r§e! Woot woot!
21:11:27 [DOUBLE_HOOK] §eIt's a §r§aDouble Hook§r§e! Woot woot!
21:11:39 [DOUBLE_HOOK] §eIt's a §r§aDouble Hook§r§e! Woot woot!
21:12:00 [DOUBLE_HOOK] §eIt's a §r§aDouble Hook§r§e! Woot woot!
21:12:15 [DOUBLE_HOOK] §eIt's a §r§aDouble Hook§r§e!
21:12:30 [DOUBLE_HOOK] §eIt's a §r§aDouble Hook§r§e!
21:12:34 [DOUBLE_HOOK] §eIt's a §r§aDouble Hook§r§e!
21:12:39 [DOUBLE_HOOK] §eIt's a §r§aDouble Hook§r§e! Woot woot!
21:12:47 [DOUBLE_HOOK] §eIt's a §r§aDouble Hook§r§e!
21:13:02 [DOUBLE_HOOK] §eIt's a §r§aDouble Hook§r§e!
21:14:10 [DOUBLE_HOOK] §eIt's a §r§aDouble Hook§r§e! Woot woot!
21:15:15 [DOUBLE_HOOK] §eIt's a §r§aDouble Hook§r§e!
21:15:27 [DOUBLE_HOOK] §eIt's a §r§aDouble Hook§r§e! Woot woot!
21:17:52 [DOUBLE_HOOK] §eIt's a §r§aDouble Hook§r§e!
21:18:18 [DOUBLE_HOOK] §eIt's a §r§aDouble Hook§r§e! Woot woot!
21:20:01 [DOUBLE_HOOK] §eIt's a §r§aDouble Hook§r§e!
21:20:59 [DOUBLE_HOOK] §eIt's a §r§aDouble Hook§r§e!
21:21:25 [DOUBLE_HOOK] §eIt's a §r§aDouble Hook§r§e!
21:21:57 [DOUBLE_HOOK] §eIt's a §r§aDouble Hook§r§e!
21:22:33 [DOUBLE_HOOK] §eIt's a §r§aDouble Hook§r§e! Woot woot!
21:24:20 [DOUBLE_HOOK] §eIt's a §r§aDouble Hook§r§e! Woot woot!
21:25:33 [DOUBLE_HOOK] §eIt's a §r§aDouble Hook§r§e! Woot woot!
21:26:16 [DOUBLE_HOOK] §eIt's a §r§aDouble Hook§r§e!
21:27:12 [DOUBLE_HOOK] §eIt's a §r§aDouble Hook§r§e!
21:29:24 [DOUBLE_HOOK] §eIt's a §r§aDouble Hook§r§e!
21:29:37 [DOUBLE_HOOK] §eIt's a §r§aDouble Hook§r§e! Woot woot!
21:30:19 [DOUBLE_HOOK] §eIt's a §r§aDouble Hook§r§e! Woot woot!
21:30:33 [DOUBLE_HOOK] §eIt's a §r§aDouble Hook§r§e! Woot woot!
21:31:23 [DOUBLE_HOOK] §eIt's a §r§aDouble Hook§r§e! Woot woot!
21:31:30 [DOUBLE_HOOK] §eIt's a §r§aDouble Hook§r§e! Woot woot!
21:31:34 [DOUBLE_HOOK] §eIt's a §r§aDouble Hook§r§e! Woot woot!
21:33:04 [DOUBLE_HOOK] §eIt's a §r§aDouble Hook§r§e!
21:33:40 [DOUBLE_HOOK] §eIt's a §r§aDouble Hook§r§e!
21:35:33 [DOUBLE_HOOK] §eIt's a §r§aDouble Hook§r§e! Woot woot!
21:36:15 [DOUBLE_HOOK] §eIt's a §r§aDouble Hook§r§e! Woot woot!
21:36:46 [DOUBLE_HOOK] §eIt's a §r§aDouble Hook§r§e!
21:37:36 [DOUBLE_HOOK] §eIt's a §r§aDouble Hook§r§e!
21:37:43 [DOUBLE_HOOK] §eIt's a §r§aDouble Hook§r§e!
21:40:24 [DOUBLE_HOOK] §eIt's a §r§aDouble Hook§r§e! Woot woot!
21:40:42 [DOUBLE_HOOK] §eIt's a §r§aDouble Hook§r§e!
21:44:32 [DOUBLE_HOOK] §eIt's a §r§aDouble Hook§r§e! Woot woot!
21:45:16 [DOUBLE_HOOK] §eIt's a §r§aDouble Hook§r§e!
21:46:08 [DOUBLE_HOOK] §eIt's a §r§aDouble Hook§r§e!
21:46:20 [DOUBLE_HOOK] §eIt's a §r§aDouble Hook§r§e! Woot woot!
21:46:52 [DOUBLE_HOOK] §eIt's a §r§aDouble Hook§r§e! Woot woot!
21:46:57 [DOUBLE_HOOK] §eIt's a §r§aDouble Hook§r§e!
21:47:06 [DOUBLE_HOOK] §eIt's a §r§aDouble Hook§r§e! Woot woot!
21:47:26 [DOUBLE_HOOK] §eIt's a §r§aDouble Hook§r§e!
21:47:51 [DOUBLE_HOOK] §eIt's a §r§aDouble Hook§r§e!
21:49:56 [DOUBLE_HOOK] §eIt's a §r§aDouble Hook§r§e!
21:50:02 [DOUBLE_HOOK] §eIt's a §r§aDouble Hook§r§e!
21:50:19 [DOUBLE_HOOK] §eIt's a §r§aDouble Hook§r§e! Woot woot!
21:50:37 [DOUBLE_HOOK] §eIt's a §r§aDouble Hook§r§e!
21:50:59 [DOUBLE_HOOK] §eIt's a §r§aDouble Hook§r§e! Woot woot!
21:52:21 [DOUBLE_HOOK] §eIt's a §r§aDouble Hook§r§e!
21:52:28 [DOUBLE_HOOK] §eIt's a §r§aDouble Hook§r§e!
21:53:35 [DOUBLE_HOOK] §eIt's a §r§aDouble Hook§r§e!
21:54:19 [DOUBLE_HOOK] §eIt's a §r§aDouble Hook§r§e! Woot woot!
21:54:45 [DOUBLE_HOOK] §eIt's a §r§aDouble Hook§r§e!
21:54:59 [DOUBLE_HOOK] §eIt's a §r§aDouble Hook§r§e!
21:55:45 [DOUBLE_HOOK] §eIt's a §r§aDouble Hook§r§e! Woot woot!
21:56:12 [DOUBLE_HOOK] §eIt's a §r§aDouble Hook§r§e!
21:56:26 [DOUBLE_HOOK] §eIt's a §r§aDouble Hook§r§e! Woot woot!
21:57:11 [DOUBLE_HOOK] §eIt's a §r§aDouble Hook§r§e!
21:57:44 [DOUBLE_HOOK] §eIt's a §r§aDouble Hook§r§e!
21:57:50 [DOUBLE_HOOK] §eIt's a §r§aDouble Hook§r§e!
21:58:36 [DOUBLE_HOOK] §eIt's a §r§aDouble Hook§r§e!
21:59:42 [DOUBLE_HOOK] §eIt's a §r§aDouble Hook§r§e!
22:00:06 [DOUBLE_HOOK] §eIt's a §r§aDouble Hook§r§e!
22:00:58 [DOUBLE_HOOK] §eIt's a §r§aDouble Hook§r§e!
22:01:10 [DOUBLE_HOOK] §eIt's a §r§aDouble Hook§r§e!
22:01:23 [DOUBLE_HOOK] §eIt's a §r§aDouble Hook§r§e! Woot woot!
22:02:10 [DOUBLE_HOOK] §eIt's a §r§aDouble Hook§r§e!
22:03:42 [DOUBLE_HOOK] §eIt's a §r§aDouble Hook§r§e! Woot woot!
22:03:45 [DOUBLE_HOOK] §eIt's a §r§aDouble Hook§r§e! Woot woot!
22:04:20 [DOUBLE_HOOK] §eIt's a §r§aDouble Hook§r§e! Woot woot!
22:04:23 [DOUBLE_HOOK] §eIt's a §r§aDouble Hook§r§e!
22:05:35 [DOUBLE_HOOK] §eIt's a §r§aDouble Hook§r§e!
22:05:39 [DOUBLE_HOOK] §eIt's a §r§aDouble Hook§r§e! Woot woot!
22:06:00 [DOUBLE_HOOK] §eIt's a §r§aDouble Hook§r§e!
22:06:23 [DOUBLE_HOOK] §eIt's a §r§aDouble Hook§r§e!
22:07:20 [DOUBLE_HOOK] §eIt's a §r§aDouble Hook§r§e! Woot woot!
22:08:58 [DOUBLE_HOOK] §eIt's a §r§aDouble Hook§r§e!
22:09:25 [DOUBLE_HOOK] §eIt's a §r§aDouble Hook§r§e!
22:10:00 [DOUBLE_HOOK] §eIt's a §r§aDouble Hook§r§e! Woot woot!
22:10:04 [DOUBLE_HOOK] §eIt's a §r§aDouble Hook§r§e!
22:10:21 [DOUBLE_HOOK] §eIt's a §r§aDouble Hook§r§e!
22:10:24 [DOUBLE_HOOK] §eIt's a §r§aDouble Hook§r§e! Woot woot!
22:11:00 [DOUBLE_HOOK] §eIt's a §r§aDouble Hook§r§e! Woot woot!
22:11:56 [DOUBLE_HOOK] §eIt's a §r§aDouble Hook§r§e!
22:12:21 [DOUBLE_HOOK] §eIt's a §r§aDouble Hook§r§e! Woot woot!
22:12:28 [DOUBLE_HOOK] §eIt's a §r§aDouble Hook§r§e! Woot woot!
22:13:15 [DOUBLE_HOOK] §eIt's a §r§aDouble Hook§r§e! Woot woot!
22:13:43 [DOUBLE_HOOK] §eIt's a §r§aDouble Hook§r§e!
22:13:46 [DOUBLE_HOOK] §eIt's a §r§aDouble Hook§r§e! Woot woot!
22:14:48 [DOUBLE_HOOK] §eIt's a §r§aDouble Hook§r§e!
22:15:18 [DOUBLE_HOOK] §eIt's a §r§aDouble Hook§r§e!
22:16:17 [DOUBLE_HOOK] §eIt's a §r§aDouble Hook§r§e!
22:17:05 [DOUBLE_HOOK] §eIt's a §r§aDouble Hook§r§e! Woot woot!
22:17:52 [DOUBLE_HOOK] §eIt's a §r§aDouble Hook§r§e! Woot woot!
22:18:07 [DOUBLE_HOOK] §eIt's a §r§aDouble Hook§r§e!
22:18:21 [DOUBLE_HOOK] §eIt's a §r§aDouble Hook§r§e!
22:18:47 [DOUBLE_HOOK] §eIt's a §r§aDouble Hook§r§e! Woot woot!
22:19:12 [DOUBLE_HOOK] §eIt's a §r§aDouble Hook§r§e! Woot woot!
22:19:25 [DOUBLE_HOOK] §eIt's a §r§aDouble Hook§r§e!
22:21:08 [DOUBLE_HOOK] §eIt's a §r§aDouble Hook§r§e! Woot woot!
22:22:09 [DOUBLE_HOOK] §eIt's a §r§aDouble Hook§r§e!
22:22:44 [DOUBLE_HOOK] §eIt's a §r§aDouble Hook§r§e!
22:23:55 [DOUBLE_HOOK] §eIt's a §r§aDouble Hook§r§e! Woot woot!
22:26:53 [DOUBLE_HOOK] §eIt's a §r§aDouble Hook§r§e! Woot woot!
22:27:15 [DOUBLE_HOOK] §eIt's a §r§aDouble Hook§r§e!
22:27:27 [DOUBLE_HOOK] §eIt's a §r§aDouble Hook§r§e! Woot woot!
22:27:50 [DOUBLE_HOOK] §eIt's a §r§aDouble Hook§r§e!
22:27:57 [DOUBLE_HOOK] §eIt's a §r§aDouble Hook§r§e! Woot woot!
22:30:29 [DOUBLE_HOOK] §eIt's a §r§aDouble Hook§r§e!
22:31:02 [DOUBLE_HOOK] §eIt's a §r§aDouble Hook§r§e! Woot woot!
22:31:36 [DOUBLE_HOOK] §eIt's a §r§aDouble Hook§r§e!
22:32:06 [DOUBLE_HOOK] §eIt's a §r§aDouble Hook§r§e!
22:32:24 [DOUBLE_HOOK] §eIt's a §r§aDouble Hook§r§e! Woot woot!
22:32:29 [DOUBLE_HOOK] §eIt's a §r§aDouble Hook§r§e!
22:33:31 [DOUBLE_HOOK] §eIt's a §r§aDouble Hook§r§e!
22:33:36 [DOUBLE_HOOK] §eIt's a §r§aDouble Hook§r§e!
22:34:04 [DOUBLE_HOOK] §eIt's a §r§aDouble Hook§r§e! Woot woot!
22:34:36 [DOUBLE_HOOK] §eIt's a §r§aDouble Hook§r§e!
22:35:05 [DOUBLE_HOOK] §eIt's a §r§aDouble Hook§r§e!
22:38:22 [DOUBLE_HOOK] §eIt's a §r§aDouble Hook§r§e! Woot woot!
22:39:08 [DOUBLE_HOOK] §eIt's a §r§aDouble Hook§r§e!
22:39:45 [DOUBLE_HOOK] §eIt's a §r§aDouble Hook§r§e! Woot woot!
22:39:49 [DOUBLE_HOOK] §eIt's a §r§aDouble Hook§r§e! Woot woot!
22:40:02 [DOUBLE_HOOK] §eIt's a §r§aDouble Hook§r§e! Woot woot!
22:41:55 [DOUBLE_HOOK] §eIt's a §r§aDouble Hook§r§e! Woot woot!
22:42:14 [DOUBLE_HOOK] §eIt's a §r§aDouble Hook§r§e!
22:42:30 [DOUBLE_HOOK] §eIt's a §r§aDouble Hook§r§e!
22:42:57 [DOUBLE_HOOK] §eIt's a §r§aDouble Hook§r§e!
22:43:28 [DOUBLE_HOOK] §eIt's a §r§aDouble Hook§r§e!
22:43:36 [DOUBLE_HOOK] §eIt's a §r§aDouble Hook§r§e!
22:43:38 [DOUBLE_HOOK] §eIt's a §r§aDouble Hook§r§e!
22:43:40 [DOUBLE_HOOK] §eIt's a §r§aDouble Hook§r§e!
22:43:54 [DOUBLE_HOOK] §eIt's a §r§aDouble Hook§r§e!
22:44:08 [DOUBLE_HOOK] §eIt's a §r§aDouble Hook§r§e!
22:44:21 [DOUBLE_HOOK] §eIt's a §r§aDouble Hook§r§e!
22:44:42 [DOUBLE_HOOK] §eIt's a §r§aDouble Hook§r§e!
22:45:06 [DOUBLE_HOOK] §eIt's a §r§aDouble Hook§r§e! Woot woot!
22:46:24 [DOUBLE_HOOK] §eIt's a §r§aDouble Hook§r§e! Woot woot!
22:46:31 [DOUBLE_HOOK] §eIt's a §r§aDouble Hook§r§e! Woot woot!
22:48:55 [DOUBLE_HOOK] §eIt's a §r§aDouble Hook§r§e! Woot woot!
22:50:02 [DOUBLE_HOOK] §eIt's a §r§aDouble Hook§r§e! Woot woot!
22:50:14 [DOUBLE_HOOK] §eIt's a §r§aDouble Hook§r§e!
22:50:42 [DOUBLE_HOOK] §eIt's a §r§aDouble Hook§r§e!
22:52:02 [DOUBLE_HOOK] §eIt's a §r§aDouble Hook§r§e!
22:52:15 [DOUBLE_HOOK] §eIt's a §r§aDouble Hook§r§e! Woot woot!
22:52:25 [DOUBLE_HOOK] §eIt's a §r§aDouble Hook§r§e!
22:52:59 [DOUBLE_HOOK] §eIt's a §r§aDouble Hook§r§e!
22:53:28 [DOUBLE_HOOK] §eIt's a §r§aDouble Hook§r§e! Woot woot!
22:53:47 [DOUBLE_HOOK] §eIt's a §r§aDouble Hook§r§e! Woot woot!
22:54:08 [DOUBLE_HOOK] §eIt's a §r§aDouble Hook§r§e!
22:54:21 [DOUBLE_HOOK] §eIt's a §r§aDouble Hook§r§e! Woot woot!
22:56:08 [DOUBLE_HOOK] §eIt's a §r§aDouble Hook§r§e! Woot woot!
22:57:05 [DOUBLE_HOOK] §eIt's a §r§aDouble Hook§r§e! Woot woot!
22:58:02 [DOUBLE_HOOK] §eIt's a §r§aDouble Hook§r§e!
22:59:24 [DOUBLE_HOOK] §eIt's a §r§aDouble Hook§r§e!
23:00:35 [DOUBLE_HOOK] §eIt's a §r§aDouble Hook§r§e!
23:01:22 [DOUBLE_HOOK] §eIt's a §r§aDouble Hook§r§e!
23:02:42 [DOUBLE_HOOK] §eIt's a §r§aDouble Hook§r§e!
23:03:09 [DOUBLE_HOOK] §eIt's a §r§aDouble Hook§r§e! Woot woot!
23:04:19 [DOUBLE_HOOK] §eIt's a §r§aDouble Hook§r§e!
23:04:47 [DOUBLE_HOOK] §eIt's a §r§aDouble Hook§r§e!
23:05:02 [DOUBLE_HOOK] §eIt's a §r§aDouble Hook§r§e!
23:05:43 [DOUBLE_HOOK] §eIt's a §r§aDouble Hook§r§e!
23:06:52 [DOUBLE_HOOK] §eIt's a §r§aDouble Hook§r§e!
23:07:04 [DOUBLE_HOOK] §eIt's a §r§aDouble Hook§r§e!
23:07:06 [DOUBLE_HOOK] §eIt's a §r§aDouble Hook§r§e! Woot woot!
23:08:01 [DOUBLE_HOOK] §eIt's a §r§aDouble Hook§r§e! Woot woot!
23:08:11 [DOUBLE_HOOK] §eIt's a §r§aDouble Hook§r§e!
23:08:30 [DOUBLE_HOOK] §eIt's a §r§aDouble Hook§r§e!
23:08:34 [DOUBLE_HOOK] §eIt's a §r§aDouble Hook§r§e! Woot woot!
23:09:07 [DOUBLE_HOOK] §eIt's a §r§aDouble Hook§r§e!
23:10:48 [DOUBLE_HOOK] §eIt's a §r§aDouble Hook§r§e! Woot woot!
23:12:35 [DOUBLE_HOOK] §eIt's a §r§aDouble Hook§r§e! Woot woot!
23:12:51 [DOUBLE_HOOK] §eIt's a §r§aDouble Hook§r§e!
23:36:50 [PEST_DROP] §eYou received §a20x Enchanted Red Mushroom §efor killing a §2Slug§e!
23:36:56 [PEST_DROP] §eYou received §a88x Enchanted Potato §efor killing a §2Locust§e!
23:36:57 [PEST_DROP] §eYou received §a101x Enchanted Carrot §efor killing a §2Cricket§e!
23:37:17 [PEST_DROP] §eYou received §a64x Enchanted Cactus Green §efor killing a §2Mite§e!
23:37:29 [PEST_DROP] §eYou received §a116x Enchanted Potato §efor killing a §2Locust§e!
23:37:36 [PEST_DROP] §eYou received §a114x Enchanted Carrot §efor killing a §2Cricket§e!
23:37:37 [PEST_DROP] §eYou received §a33x Enchanted Pumpkin §efor killing a §2Rat§e!
23:37:39 [PEST_DROP] §eYou received §a66x Enchanted Cactus Green §efor killing a §2Mite§e!
23:37:45 [GARDEN_VISITOR_MESSAGE] §e[NPC] §aShaggy§f: §r§fHey kid, I haven't seen you in a while. Arachne's powers are growing day by day. Soon she'll take over the §cSpider's Den§f.
23:37:54 [GARDEN_VISITOR_MESSAGE] §e[NPC] §aShaggy§f: §r§fI wish peace upon you.
23:37:54 [GARDEN_VISITOR_MESSAGE] §e[NPC] §6Jerry§f: §rHello §bKobeAim§f. Glad to meet you here. I need some §9Enchanted Sugar Cane§f.
23:37:57 [NEW_VISITOR_ARRIVED] §a§r§aRoyal Resident §r§ehas arrived on your §r§aGarden§r§e!
23:38:11 [GARDEN_VISITOR_MESSAGE] §e[NPC] §aSargwyn§f: §r§fBuurrrp? ... BuURrpPp!
23:38:14 [GARDEN_VISITOR_MESSAGE] §e[NPC] §aSargwyn§f: §r§fBUUUUUUUUUUUUUUUUUUUUUUUUURP!
23:38:15 [GARDEN_VISITOR_MESSAGE] §e[NPC] §aRoyal Resident§f: §r§fMy neighbor told me to get off his property, but he doesn't even own this place!
23:38:17 [GARDEN_VISITOR_MESSAGE] §e[NPC] §aRoyal Resident§f: §rMaybe I have to talk to the King about him. He is going too far. I think the current King is §l§6Redros§f.
23:38:34 [GARDEN_VISITOR_MESSAGE] §e[NPC] §6Jerry§f: §r§fThis is not my realm. I must return. Thank you.
