20:52:17 §e[SkyHanni] Reloaded 7437 items in the NEU repo§r
20:53:46 §d§l▬▬▬▬▬▬▬▬▬▬▬▬▬▬▬▬▬▬▬▬▬▬▬▬▬▬▬▬▬▬▬▬▬▬▬▬▬▬▬▬▬▬▬▬▬▬▬▬▬▬▬▬▬▬▬▬▬▬▬▬▬▬▬▬
                          §d§lHoppity's Hunt #80 Stats

    §7You found §b18§7/§a279 §6Chocolate Meal Eggs§7.

    §7Unique Rabbits: §f15
     §f8 §7- §a5 §7- §91 §7- §50 §7- §61 §7- §d0 §7- §b0

    §7Duplicate Rabbits: §f41
     §f23 §7- §a13 §7- §94 §7- §51 §7- §60 §7- §d0 §7- §b0
     §6+453,465,174 Chocolate

    §7You spent §b20s §7in the §6Chocolate Factory§7.
    §7Leaderboard: §b#129,550 §c-> §b#129,559
     §7(§c-9 spots§7) §7Top §a1.75%
§d§l▬▬▬▬▬▬▬▬▬▬▬▬▬▬▬▬▬▬▬▬▬▬▬▬▬▬▬▬▬▬▬▬▬▬▬▬▬▬▬▬▬▬▬▬▬▬▬▬▬▬▬▬▬▬▬▬▬▬▬▬▬▬▬▬§r
20:54:03 §e[SkyHanni] You have gained §b1,940 §eBits.§r
21:04:42 §e[SkyHanni] §b+3 SkyBlock XP §7(Accessory Bag§7)§b (30/100)§r
21:24:04 §e[SkyHanni] You have gained §b495 §eBits.§r
21:42:01 §e[SkyHanni] §lCLICK HERE§r§e to grab §ax126 §9§aEnchanted Lily Pad§e from sacks!§r
21:54:12 §e[SkyHanni] You have gained §b495 §eBits.§r
22:04:15 §e[SkyHanni] §b+6 SkyBlock XP §7(Collections§7)§b (36/100)§r
22:24:18 §e[SkyHanni] You have gained §b495 §eBits.§r
22:32:43 §e[SkyHanni] §lCLICK HERE§r§e to grab §ax14 §9§9Enchanted Sulphur§e from sacks!§r
22:40:26 §e[SkyHanni] §b+75 SkyBlock XP §7(Spooky Festival§7)§b (16/100)§r
22:54:45 §e[SkyHanni] You have gained §b990 §eBits.§r
23:15:00 §e[SkyHanni] The Perkpocalypse Mayor has expired! Click here to update the new temporary Mayor.§r
23:17:13 §e[SkyHanni] You have gained §b198 §eBits.§r
23:25:04 §e[SkyHanni] You have gained §b495 §eBits.§r
23:27:32 §e[SkyHanni] You have gained §b24 §eBits.§r
23:31:12 §e[SkyHanni] You have gained §b24 §eBits.§r
23:31:23 §e[SkyHanni] §lCLICK HERE§r§e to grab §ax1030 §9§aEnchanted Ender Pearl§e from sacks!§r
23:35:29 §e[SkyHanni] Gained §d26,000 motes §ethis Rift session! (§d2.6M/h§e)§r
23:36:02 §e[SkyHanni] §b+15 SkyBlock XP §7(Pet Score§7)§b (53/100)§r
23:36:51 §e[SkyHanni] You have gained §b10 §eBits.§r
23:36:57 §e[SkyHanni] You have gained §b20 §eBits.§r
23:37:18 §e[SkyHanni] You have gained §b10 §eBits.§r
23:37:29 §e[SkyHanni] You have gained §b10 §eBits.§r
23:37:36 §e[SkyHanni] You have gained §b20 §eBits.§r
23:37:37 §e[SkyHanni] Loaded Pumpkin milestone data from level up chat message!§r
23:37:37 §e[SkyHanni] You have gained §b10 §eBits.§r
23:37:37 §e[SkyHanni] §b+1 SkyBlock XP §7(Crop Milestones§7)§b (54/100)§r
23:37:39 §e[SkyHanni] You have gained §b20 §eBits.§r
23:37:41 §e[SkyHanni] Loaded Cactus milestone data from tab list!§r
23:37:59 §e[SkyHanni] §9Royal Resident §eis visiting your garden!§r
23:38:12 §e[SkyHanni] You have gained §b10 §eBits.§r
23:38:18 §e[SkyHanni] §9Royal Resident §eis visiting your garden!§r
23:38:35 §e[SkyHanni] You have gained §b10 §eBits.§r
23:42:30 §e[SkyHanni] You have gained §b24 §eBits.§r
23:46:03 §e[SkyHanni] You have gained §b24 §eBits.§r
23:51:26 §e[SkyHanni] You have gained §b24 §eBits.§r
23:54:08 §e[SkyHanni] You have gained §b24 §eBits.§r
23:55:13 §e[SkyHanni] You have gained §b495 §eBits.§r
23:58:57 §e[SkyHanni] You have gained §b24 §eBits.§r
00:00:37 §e[SkyHanni] §f                §r§eYour Weight: §r§a110§r
00:03:00 §e[SkyHanni] You have gained §b24 §eBits.§r
00:10:07 §e[SkyHanni] You have gained §b24 §eBits.§r
00:11:23 §e[SkyHanni] §f                §r§eYour Weight: §r§a117§r
00:11:23 §e[SkyHanni] Profit for Dragon§e: §6148k§r
00:11:24 §e[SkyHanni] You have gained §b59 §eBits.§r
00:14:02 §e[SkyHanni] You have gained §b24 §eBits.§r
00:16:47 §e[SkyHanni] You have gained §b24 §eBits.§r
00:20:54 §e[SkyHanni] You have gained §b24 §eBits.§r
00:22:51 §e[SkyHanni] You have gained §b24 §eBits.§r
00:25:30 §e[SkyHanni] You have gained §b495 §eBits.§r
00:27:26 §e[SkyHanni] You have gained §b24 §eBits.§r
00:30:12 §e[SkyHanni] You have gained §b24 §eBits.§r
00:30:27 §e[SkyHanni] §b+100 SkyBlock XP §7(Slayer Level Up§7)§b (54/100)§r
00:32:39 §e[SkyHanni] §f                §r§eYour Weight: §r§a110§r
00:43:12 §e[SkyHanni] §f                §r§eYour Weight: §r§a10§r
00:43:12 §e[SkyHanni] Profit for Dragon§e: §648§r
00:44:50 §e[SkyHanni] §f                §r§eYour Weight: §r§a10§r
00:44:50 §e[SkyHanni] Profit for Dragon§e: §644§r
00:46:52 §e[SkyHanni] §f                §r§eYour Weight: §r§a10§r
00:46:52 §e[SkyHanni] Profit for Dragon§e: §668§r
00:48:32 §e[SkyHanni] §f                §r§eYour Weight: §r§a10§r
00:48:32 §e[SkyHanni] Profit for Dragon§e: §668§r
00:50:14 §e[SkyHanni] §f                §r§eYour Weight: §r§a10§r
00:50:14 §e[SkyHanni] Profit for Dragon§e: §687§r
00:53:49 §e[SkyHanni] You have gained §b24 §eBits.§r
00:55:53 §e[SkyHanni] You have gained §b495 §eBits.§r
00:57:46 §e[SkyHanni] You have gained §b24 §eBits.§r
01:00:04 §e[SkyHanni] You have gained §b24 §eBits.§r
01:01:50 §e[SkyHanni] You have gained §b24 §eBits.§r
01:03:21 §e[SkyHanni] §f                §r§eYour Weight: §r§a110§r
01:04:22 §e[SkyHanni] You have gained §b24 §eBits.§r
01:06:34 §e[SkyHanni] You have gained §b24 §eBits.§r
01:09:55 §e[SkyHanni] You have gained §b24 §eBits.§r
01:13:23 §e[SkyHanni] You have gained §b24 §eBits.§r
01:16:24 §e[SkyHanni] You have gained §b24 §eBits.§r
01:19:10 §e[SkyHanni] You have gained §b48 §eBits.§r
01:22:40 §e[SkyHanni] You have gained §b24 §eBits.§r
01:26:15 §e[SkyHanni] You have gained §b495 §eBits.§r
01:27:45 §e[SkyHanni] You have gained §b48 §eBits.§r
01:30:04 §e[SkyHanni] You have gained §b24 §eBits.§r
01:33:08 §e[SkyHanni] You have gained §b24 §eBits.§r
01:36:07 §e[SkyHanni] Start a new slayer quest! The old slayer quest has failed!§r
01:38:04 §e[SkyHanni] You have gained §b48 §eBits.§r
01:38:56 §e[SkyHanni] §f                §r§eYour Weight: §r§a110§r
01:40:45 §e[SkyHanni] You have gained §b48 §eBits.§r
01:43:38 §e[SkyHanni] You have gained §b24 §eBits.§r
01:47:24 §e[SkyHanni] You have gained §b24 §eBits.§r
01:54:54 §e[SkyHanni] You have gained §b24 §eBits.§r
01:56:17 §e[SkyHanni] You have gained §b495 §eBits.§r
01:58:40 §e[SkyHanni] You have gained §b24 §eBits.§r
02:02:28 §e[SkyHanni] You have gained §b24 §eBits.§r
02:05:04 §e[SkyHanni] You have gained §b24 §eBits.§r
02:07:33 §e[SkyHanni] You have gained §b24 §eBits.§r
02:10:17 §e[SkyHanni] You have gained §b24 §eBits.§r
02:13:16 §e[SkyHanni] §lCLICK HERE§r§e to grab §ax9 §9§9Enchanted Quartz Block§e from sacks!§r
02:13:52 §e[SkyHanni] §f                §r§eYour Weight: §r§a10§r
02:13:52 §e[SkyHanni] Profit for Dragon§e: §6458§r
02:15:29 §e[SkyHanni] You have gained §b24 §eBits.§r
02:15:45 §e[SkyHanni] §f                §r§eYour Weight: §r§a110§r
02:17:02 §e[SkyHanni] You have gained §b24 §eBits.§r
02:17:02 §c[SkyHanni-3.0.0]: Error Calculating Slayer RNG Meter§c. Click here to copy the error into the clipboard.§r
02:17:02 §e[SkyHanni] §dRNG Meter §7dropped at §e-31160000.00% §7XP (311,600/-1§7)§r
02:19:59 §e[SkyHanni] §f                §r§eYour Weight: §r§a100§r
02:19:59 §e[SkyHanni] Profit for Dragon§e: §654k§r
02:20:01 §e[SkyHanni] You have gained §b59 §eBits.§r
02:23:09 §e[SkyHanni] You have gained §b24 §eBits.§r
02:23:52 §e[SkyHanni] Gained §d26,000 motes §ethis Rift session! (§d3.3M/h§e)§r
02:26:36 §e[SkyHanni] You have gained §b495 §eBits.§r
02:26:53 §e[SkyHanni] §b+17 SkyBlock XP §7(Museum Donations§7)§b (3/100)§r
02:28:19 §e[SkyHanni] Wrong slayer selected! You have Voidgloom Seraph selected and you are in an Revenant Horror area!§r
02:31:40 §e[SkyHanni] §bNo Bits Available! §eClick to buy booster cookies on the bazaar.§r
02:31:40 §e[SkyHanni] You have gained §b12 §eBits.§r
02:34:13 §e[SkyHanni] You have gained §b24 §eBits.§r
02:36:43 §e[SkyHanni] You have gained §b24 §eBits.§r
02:38:31 §e[SkyHanni] You have gained §b24 §eBits.§r
02:40:05 §e[SkyHanni] You have gained §b24 §eBits.§r
02:40:33 §c[SkyHanni-3.0.0]: Error checking damage indicator entity§c. Click here to copy the error into the clipboard.§r
02:42:27 §e[SkyHanni] You have gained §b24 §eBits.§r
02:45:08 §e[SkyHanni] You have gained §b24 §eBits.§r
02:47:25 §e[SkyHanni] You have gained §b24 §eBits.§r
02:50:07 §e[SkyHanni] You have gained §b24 §eBits.§r
02:52:28 §e[SkyHanni] You have gained §b48 §eBits.§r
02:54:36 §e[SkyHanni] You have gained §b24 §eBits.§r
02:56:23 §e[SkyHanni] §f                §r§eYour Weight: §r§a110§r
02:56:36 §e[SkyHanni] You have gained §b24 §eBits.§r
02:56:39 §e[SkyHanni] You have gained §b990 §eBits.§r
02:59:46 §e[SkyHanni] §b+10 SkyBlock XP §7(Odger§7)§b (45/100)§r
03:01:15 §e[SkyHanni] §b+10 SkyBlock XP §7(Walter§7)§b (55/100)§r
03:04:22 §e[SkyHanni] §b+10 SkyBlock XP §7(Fred§7)§b (65/100)§r
03:06:44 §c[SkyHanni] Tia Relay Helper error: Too much background noise! Try turning off the music and then try again.§r
03:06:44 §e[SkyHanni] Click here to run /togglemusic§r
03:06:50 §c[SkyHanni] Tia Relay Helper error: Too much background noise! Try turning off the music and then try again.§r
03:06:50 §e[SkyHanni] Click here to run /togglemusic§r
03:07:02 §c[SkyHanni] Tia Relay Helper error: Too much background noise! Try turning off the music and then try again.§r
03:07:02 §e[SkyHanni] Click here to run /togglemusic§r
03:07:19 §c[SkyHanni] Tia Relay Helper error: Too much background noise! Try turning off the music and then try again.§r
03:07:19 §e[SkyHanni] Click here to run /togglemusic§r
03:08:35 §c[SkyHanni] Tia Relay Helper error: Too much background noise! Try turning off the music and then try again.§r
03:08:35 §e[SkyHanni] Click here to run /togglemusic§r
03:08:46 §c[SkyHanni] Tia Relay Helper error: Too much background noise! Try turning off the music and then try again.§r
03:08:46 §e[SkyHanni] Click here to run /togglemusic§r
03:08:49 §c[SkyHanni] Tia Relay Helper error: Too much background noise! Try turning off the music and then try again.§r
03:08:49 §e[SkyHanni] Click here to run /togglemusic§r
03:08:56 §c[SkyHanni] Tia Relay Helper error: Too much background noise! Try turning off the music and then try again.§r
03:08:56 §e[SkyHanni] Click here to run /togglemusic§r
03:10:56 §c[SkyHanni] Couldn't find an item with this name or identifier!§r
03:34:49 §e[SkyHanni] You have gained §b495 §eBits.§r
