21:02:46  
21:02:46 [original] §r§aPhew! It's only a Scarecrow.§r
21:02:46 [modified] §e§lDOUBLE HOOK! §r§aPhew! It's only a Scarecrow.§r§r
21:03:11  
21:03:11 [original] §r§aThe Rider of the Deep has emerged.§r
21:03:11 [modified] §e§lDOUBLE HOOK! §r§aThe Rider of the Deep has emerged.§r§r
21:05:47  
21:05:47 [original] §r§aIt must be a full moon, a Werewolf appears.§r
21:05:47 [modified] §e§lDOUBLE HOOK! §r§aIt must be a full moon, a Werewolf appears.§r§r
21:06:26  
21:06:26 [original] §r§aIt looks like you've disrupted the Sea Witch's brewing session. Watch out, she's furious!§r
21:06:26 [modified] §e§lDOUBLE HOOK! §r§aIt looks like you've disrupted the Sea Witch's brewing session. Watch out, she's furious!§r§r
21:06:50  
21:06:50 [original] §r§aPhew! It's only a Scarecrow.§r
21:06:50 [modified] §e§lDOUBLE HOOK! §r§aPhew! It's only a Scarecrow.§r§r
21:06:57  
21:06:57 [original] §r§aPhew! It's only a Scarecrow.§r
21:06:57 [modified] §e§lDOUBLE HOOK! §r§aPhew! It's only a Scarecrow.§r§r
21:07:11  
21:07:11 [original] §r§aA Squid appeared.§r
21:07:11 [modified] §e§lDOUBLE HOOK! §r§aA Squid appeared.§r§r
21:07:16  
21:07:16 [original] §r§aIt must be a full moon, a Werewolf appears.§r
21:07:16 [modified] §e§lDOUBLE HOOK! §r§aIt must be a full moon, a Werewolf appears.§r§r
21:07:30  
21:07:30 [original] §r§aYou hear trotting from beneath the waves, you caught a Nightmare.§r
21:07:30 [modified] §e§lDOUBLE HOOK! §r§aYou hear trotting from beneath the waves, you caught a Nightmare.§r§r
21:07:36  
21:07:36 [original] §r§aPhew! It's only a Scarecrow.§r
21:07:36 [modified] §e§lDOUBLE HOOK! §r§aPhew! It's only a Scarecrow.§r§r
21:08:09  
21:08:09 [original] §r§aPhew! It's only a Scarecrow.§r
21:08:09 [modified] §e§lDOUBLE HOOK! §r§aPhew! It's only a Scarecrow.§r§r
21:10:26  
21:10:26 [original] §r§aPhew! It's only a Scarecrow.§r
21:10:26 [modified] §e§lDOUBLE HOOK! §r§aPhew! It's only a Scarecrow.§r§r
21:11:27  
21:11:27 [original] §r§aPhew! It's only a Scarecrow.§r
21:11:27 [modified] §e§lDOUBLE HOOK! §r§aPhew! It's only a Scarecrow.§r§r
21:11:39  
21:11:39 [original] §r§aPhew! It's only a Scarecrow.§r
21:11:39 [modified] §e§lDOUBLE HOOK! §r§aPhew! It's only a Scarecrow.§r§r
21:12:00  
21:12:00 [original] §r§aYou reeled in a Sea Archer.§r
21:12:00 [modified] §e§lDOUBLE HOOK! §r§aYou reeled in a Sea Archer.§r§r
21:12:15  
21:12:15 [original] §r§aYou stumbled upon a Sea Guardian.§r
21:12:15 [modified] §e§lDOUBLE HOOK! §r§aYou stumbled upon a Sea Guardian.§r§r
21:12:30  
21:12:30 [original] §r§aIt looks like you've disrupted the Sea Witch's brewing session. Watch out, she's furious!§r
21:12:30 [modified] §e§lDOUBLE HOOK! §r§aIt looks like you've disrupted the Sea Witch's brewing session. Watch out, she's furious!§r§r
21:12:34  
21:12:34 [original] §r§aYou caught a Sea Walker.§r
21:12:34 [modified] §e§lDOUBLE HOOK! §r§aYou caught a Sea Walker.§r§r
21:12:39  
21:12:39 [original] §r§aYou hear trotting from beneath the waves, you caught a Nightmare.§r
21:12:39 [modified] §e§lDOUBLE HOOK! §r§aYou hear trotting from beneath the waves, you caught a Nightmare.§r§r
21:12:47  
21:12:47 [original] §r§aA Squid appeared.§r
21:12:47 [modified] §e§lDOUBLE HOOK! §r§aA Squid appeared.§r§r
21:13:02  
21:13:02 [original] §r§aPhew! It's only a Scarecrow.§r
21:13:02 [modified] §e§lDOUBLE HOOK! §r§aPhew! It's only a Scarecrow.§r§r
21:14:10  
21:14:10 [original] §r§aYou hear trotting from beneath the waves, you caught a Nightmare.§r
21:14:10 [modified] §e§lDOUBLE HOOK! §r§aYou hear trotting from beneath the waves, you caught a Nightmare.§r§r
21:15:15  
21:15:15 [original] §r§aGross! A Sea Leech!§r
21:15:15 [modified] §e§lDOUBLE HOOK! §r§aGross! A Sea Leech!§r§r
21:15:27  
21:15:27 [original] §r§aA Squid appeared.§r
21:15:27 [modified] §e§lDOUBLE HOOK! §r§aA Squid appeared.§r§r
21:17:52  
21:17:52 [original] §r§aThe Rider of the Deep has emerged.§r
21:17:52 [modified] §e§lDOUBLE HOOK! §r§aThe Rider of the Deep has emerged.§r§r
21:18:18  
21:18:18 [original] §r§aA Squid appeared.§r
21:18:18 [modified] §e§lDOUBLE HOOK! §r§aA Squid appeared.§r§r
21:20:01  
21:20:01 [original] §r§aPhew! It's only a Scarecrow.§r
21:20:01 [modified] §e§lDOUBLE HOOK! §r§aPhew! It's only a Scarecrow.§r§r
21:20:59  
21:20:59 [original] §r§aIt looks like you've disrupted the Sea Witch's brewing session. Watch out, she's furious!§r
21:20:59 [modified] §e§lDOUBLE HOOK! §r§aIt looks like you've disrupted the Sea Witch's brewing session. Watch out, she's furious!§r§r
21:21:25  
21:21:25 [original] §r§aYou hear trotting from beneath the waves, you caught a Nightmare.§r
21:21:25 [modified] §e§lDOUBLE HOOK! §r§aYou hear trotting from beneath the waves, you caught a Nightmare.§r§r
21:21:57  
21:21:57 [original] §r§aIt must be a full moon, a Werewolf appears.§r
21:21:57 [modified] §e§lDOUBLE HOOK! §r§aIt must be a full moon, a Werewolf appears.§r§r
21:22:33  
21:22:33 [original] §r§aYou hear trotting from beneath the waves, you caught a Nightmare.§r
21:22:33 [modified] §e§lDOUBLE HOOK! §r§aYou hear trotting from beneath the waves, you caught a Nightmare.§r§r
21:24:20  
21:24:20 [original] §r§aPhew! It's only a Scarecrow.§r
21:24:20 [modified] §e§lDOUBLE HOOK! §r§aPhew! It's only a Scarecrow.§r§r
21:25:33  
21:25:33 [original] §r§aYou reeled in a Sea Archer.§r
21:25:33 [modified] §e§lDOUBLE HOOK! §r§aYou reeled in a Sea Archer.§r§r
21:26:16  
21:26:16 [original] §r§aThe spirit of a long lost Phantom Fisher has come to haunt you.§r
21:26:16 [modified] §e§lDOUBLE HOOK! §r§aThe spirit of a long lost Phantom Fisher has come to haunt you.§r§r
21:27:12  
21:27:12 [original] §r§aIt looks like you've disrupted the Sea Witch's brewing session. Watch out, she's furious!§r
21:27:12 [modified] §e§lDOUBLE HOOK! §r§aIt looks like you've disrupted the Sea Witch's brewing session. Watch out, she's furious!§r§r
21:29:24  
21:29:24 [original] §r§aYou hear trotting from beneath the waves, you caught a Nightmare.§r
21:29:24 [modified] §e§lDOUBLE HOOK! §r§aYou hear trotting from beneath the waves, you caught a Nightmare.§r§r
21:29:37  
21:29:37 [original] §r§aYou caught a Sea Walker.§r
21:29:37 [modified] §e§lDOUBLE HOOK! §r§aYou caught a Sea Walker.§r§r
21:30:19  
21:30:19 [original] §r§aIt looks like you've disrupted the Sea Witch's brewing session. Watch out, she's furious!§r
21:30:19 [modified] §e§lDOUBLE HOOK! §r§aIt looks like you've disrupted the Sea Witch's brewing session. Watch out, she's furious!§r§r
21:30:33  
21:30:33 [original] §r§aPhew! It's only a Scarecrow.§r
21:30:33 [modified] §e§lDOUBLE HOOK! §r§aPhew! It's only a Scarecrow.§r§r
21:31:23  
21:31:23 [original] §r§aIt must be a full moon, a Werewolf appears.§r
21:31:23 [modified] §e§lDOUBLE HOOK! §r§aIt must be a full moon, a Werewolf appears.§r§r
21:31:30  
21:31:30 [original] §r§aYou hear trotting from beneath the waves, you caught a Nightmare.§r
21:31:30 [modified] §e§lDOUBLE HOOK! §r§aYou hear trotting from beneath the waves, you caught a Nightmare.§r§r
21:31:34  
21:31:34 [original] §r§aIt looks like you've disrupted the Sea Witch's brewing session. Watch out, she's furious!§r
21:31:34 [modified] §e§lDOUBLE HOOK! §r§aIt looks like you've disrupted the Sea Witch's brewing session. Watch out, she's furious!§r§r
21:33:04  
21:33:04 [original] §r§aPhew! It's only a Scarecrow.§r
21:33:04 [modified] §e§lDOUBLE HOOK! §r§aPhew! It's only a Scarecrow.§r§r
21:33:40  
21:33:40 [original] §r§aYou stumbled upon a Sea Guardian.§r
21:33:40 [modified] §e§lDOUBLE HOOK! §r§aYou stumbled upon a Sea Guardian.§r§r
21:35:33  
21:35:33 [original] §r§aPhew! It's only a Scarecrow.§r
21:35:33 [modified] §e§lDOUBLE HOOK! §r§aPhew! It's only a Scarecrow.§r§r
21:36:15  
21:36:15 [original] §r§aYou hear trotting from beneath the waves, you caught a Nightmare.§r
21:36:15 [modified] §e§lDOUBLE HOOK! §r§aYou hear trotting from beneath the waves, you caught a Nightmare.§r§r
21:36:46  
21:36:46 [original] §r§aPhew! It's only a Scarecrow.§r
21:36:46 [modified] §e§lDOUBLE HOOK! §r§aPhew! It's only a Scarecrow.§r§r
21:37:36  
21:37:36 [original] §r§aPhew! It's only a Scarecrow.§r
21:37:36 [modified] §e§lDOUBLE HOOK! §r§aPhew! It's only a Scarecrow.§r§r
21:37:43  
21:37:43 [original] §r§aPhew! It's only a Scarecrow.§r
21:37:43 [modified] §e§lDOUBLE HOOK! §r§aPhew! It's only a Scarecrow.§r§r
21:40:24  
21:40:24 [original] §r§aThe Rider of the Deep has emerged.§r
21:40:24 [modified] §e§lDOUBLE HOOK! §r§aThe Rider of the Deep has emerged.§r§r
21:40:42  
21:40:42 [original] §r§aIt looks like you've disrupted the Sea Witch's brewing session. Watch out, she's furious!§r
21:40:42 [modified] §e§lDOUBLE HOOK! §r§aIt looks like you've disrupted the Sea Witch's brewing session. Watch out, she's furious!§r§r
21:44:32  
21:44:32 [original] §r§aYou caught a Sea Walker.§r
21:44:32 [modified] §e§lDOUBLE HOOK! §r§aYou caught a Sea Walker.§r§r
21:45:16  
21:45:16 [original] §r§aYou hear trotting from beneath the waves, you caught a Nightmare.§r
21:45:16 [modified] §e§lDOUBLE HOOK! §r§aYou hear trotting from beneath the waves, you caught a Nightmare.§r§r
21:46:08  
21:46:08 [original] §r§aPhew! It's only a Scarecrow.§r
21:46:08 [modified] §e§lDOUBLE HOOK! §r§aPhew! It's only a Scarecrow.§r§r
21:46:20  
21:46:20 [original] §r§aYou hear trotting from beneath the waves, you caught a Nightmare.§r
21:46:20 [modified] §e§lDOUBLE HOOK! §r§aYou hear trotting from beneath the waves, you caught a Nightmare.§r§r
21:46:52  
21:46:52 [original] §r§aYou hear trotting from beneath the waves, you caught a Nightmare.§r
21:46:52 [modified] §e§lDOUBLE HOOK! §r§aYou hear trotting from beneath the waves, you caught a Nightmare.§r§r
21:46:57  
21:46:57 [original] §r§aYou hear trotting from beneath the waves, you caught a Nightmare.§r
21:46:57 [modified] §e§lDOUBLE HOOK! §r§aYou hear trotting from beneath the waves, you caught a Nightmare.§r§r
21:47:06  
21:47:06 [original] §r§aIt looks like you've disrupted the Sea Witch's brewing session. Watch out, she's furious!§r
21:47:06 [modified] §e§lDOUBLE HOOK! §r§aIt looks like you've disrupted the Sea Witch's brewing session. Watch out, she's furious!§r§r
21:47:26  
21:47:26 [original] §r§aYou hear trotting from beneath the waves, you caught a Nightmare.§r
21:47:26 [modified] §e§lDOUBLE HOOK! §r§aYou hear trotting from beneath the waves, you caught a Nightmare.§r§r
21:47:51  
21:47:51 [original] §r§aHuh? A Catfish!§r
21:47:51 [modified] §e§lDOUBLE HOOK! §r§aHuh? A Catfish!§r§r
21:49:56  
21:49:56 [original] §r§aPhew! It's only a Scarecrow.§r
21:49:56 [modified] §e§lDOUBLE HOOK! §r§aPhew! It's only a Scarecrow.§r§r
21:50:02  
21:50:02 [original] §r§aIt looks like you've disrupted the Sea Witch's brewing session. Watch out, she's furious!§r
21:50:02 [modified] §e§lDOUBLE HOOK! §r§aIt looks like you've disrupted the Sea Witch's brewing session. Watch out, she's furious!§r§r
21:50:19  
21:50:19 [original] §r§aA Squid appeared.§r
21:50:19 [modified] §e§lDOUBLE HOOK! §r§aA Squid appeared.§r§r
21:50:37  
21:50:37 [original] §r§aPhew! It's only a Scarecrow.§r
21:50:37 [modified] §e§lDOUBLE HOOK! §r§aPhew! It's only a Scarecrow.§r§r
21:50:59  
21:50:59 [original] §r§aPhew! It's only a Scarecrow.§r
21:50:59 [modified] §e§lDOUBLE HOOK! §r§aPhew! It's only a Scarecrow.§r§r
21:52:21  
21:52:21 [original] §r§aPhew! It's only a Scarecrow.§r
21:52:21 [modified] §e§lDOUBLE HOOK! §r§aPhew! It's only a Scarecrow.§r§r
21:52:28  
21:52:28 [original] §r§aIt looks like you've disrupted the Sea Witch's brewing session. Watch out, she's furious!§r
21:52:28 [modified] §e§lDOUBLE HOOK! §r§aIt looks like you've disrupted the Sea Witch's brewing session. Watch out, she's furious!§r§r
21:53:35  
21:53:35 [original] §r§aYou hear trotting from beneath the waves, you caught a Nightmare.§r
21:53:35 [modified] §e§lDOUBLE HOOK! §r§aYou hear trotting from beneath the waves, you caught a Nightmare.§r§r
21:54:19  
21:54:19 [original] §r§aYou hear trotting from beneath the waves, you caught a Nightmare.§r
21:54:19 [modified] §e§lDOUBLE HOOK! §r§aYou hear trotting from beneath the waves, you caught a Nightmare.§r§r
21:54:45  
21:54:45 [original] §r§aPhew! It's only a Scarecrow.§r
21:54:45 [modified] §e§lDOUBLE HOOK! §r§aPhew! It's only a Scarecrow.§r§r
21:54:59  
21:54:59 [original] §r§aIt must be a full moon, a Werewolf appears.§r
21:54:59 [modified] §e§lDOUBLE HOOK! §r§aIt must be a full moon, a Werewolf appears.§r§r
21:55:45  
21:55:45 [original] §r§aA Squid appeared.§r
21:55:45 [modified] §e§lDOUBLE HOOK! §r§aA Squid appeared.§r§r
21:56:12  
21:56:12 [original] §r§aYou stumbled upon a Sea Guardian.§r
21:56:12 [modified] §e§lDOUBLE HOOK! §r§aYou stumbled upon a Sea Guardian.§r§r
21:56:26  
21:56:26 [original] §r§aGross! A Sea Leech!§r
21:56:26 [modified] §e§lDOUBLE HOOK! §r§aGross! A Sea Leech!§r§r
21:57:11  
21:57:11 [original] §r§aYou hear trotting from beneath the waves, you caught a Nightmare.§r
21:57:11 [modified] §e§lDOUBLE HOOK! §r§aYou hear trotting from beneath the waves, you caught a Nightmare.§r§r
21:57:44  
21:57:44 [original] §r§aPhew! It's only a Scarecrow.§r
21:57:44 [modified] §e§lDOUBLE HOOK! §r§aPhew! It's only a Scarecrow.§r§r
21:57:50  
21:57:50 [original] §r§aYou caught a Sea Walker.§r
21:57:50 [modified] §e§lDOUBLE HOOK! §r§aYou caught a Sea Walker.§r§r
21:58:36  
21:58:36 [original] §r§aYou stumbled upon a Sea Guardian.§r
21:58:36 [modified] §e§lDOUBLE HOOK! §r§aYou stumbled upon a Sea Guardian.§r§r
21:59:42  
21:59:42 [original] §r§aIt looks like you've disrupted the Sea Witch's brewing session. Watch out, she's furious!§r
21:59:42 [modified] §e§lDOUBLE HOOK! §r§aIt looks like you've disrupted the Sea Witch's brewing session. Watch out, she's furious!§r§r
22:00:06  
22:00:06 [original] §r§aThe spirit of a long lost Phantom Fisher has come to haunt you.§r
22:00:06 [modified] §e§lDOUBLE HOOK! §r§aThe spirit of a long lost Phantom Fisher has come to haunt you.§r§r
22:00:58  
22:00:58 [original] §r§aPhew! It's only a Scarecrow.§r
22:00:58 [modified] §e§lDOUBLE HOOK! §r§aPhew! It's only a Scarecrow.§r§r
22:01:10  
22:01:10 [original] §r§aYou hear trotting from beneath the waves, you caught a Nightmare.§r
22:01:10 [modified] §e§lDOUBLE HOOK! §r§aYou hear trotting from beneath the waves, you caught a Nightmare.§r§r
22:01:23  
22:01:23 [original] §r§aYou hear trotting from beneath the waves, you caught a Nightmare.§r
22:01:23 [modified] §e§lDOUBLE HOOK! §r§aYou hear trotting from beneath the waves, you caught a Nightmare.§r§r
22:02:10  
22:02:10 [original] §r§aA Squid appeared.§r
22:02:10 [modified] §e§lDOUBLE HOOK! §r§aA Squid appeared.§r§r
22:03:42  
22:03:42 [original] §r§aPhew! It's only a Scarecrow.§r
22:03:42 [modified] §e§lDOUBLE HOOK! §r§aPhew! It's only a Scarecrow.§r§r
22:03:45  
22:03:45 [original] §r§aIt looks like you've disrupted the Sea Witch's brewing session. Watch out, she's furious!§r
22:03:45 [modified] §e§lDOUBLE HOOK! §r§aIt looks like you've disrupted the Sea Witch's brewing session. Watch out, she's furious!§r§r
22:04:20  
22:04:20 [original] §r§aYou hear trotting from beneath the waves, you caught a Nightmare.§r
22:04:20 [modified] §e§lDOUBLE HOOK! §r§aYou hear trotting from beneath the waves, you caught a Nightmare.§r§r
22:04:23  
22:04:23 [original] §r§aIt must be a full moon, a Werewolf appears.§r
22:04:23 [modified] §e§lDOUBLE HOOK! §r§aIt must be a full moon, a Werewolf appears.§r§r
22:05:35  
22:05:35 [original] §r§aPhew! It's only a Scarecrow.§r
22:05:35 [modified] §e§lDOUBLE HOOK! §r§aPhew! It's only a Scarecrow.§r§r
22:05:39  
22:05:39 [original] §r§aA Squid appeared.§r
22:05:39 [modified] §e§lDOUBLE HOOK! §r§aA Squid appeared.§r§r
22:06:00  
22:06:00 [original] §r§aYou caught a Sea Walker.§r
22:06:00 [modified] §e§lDOUBLE HOOK! §r§aYou caught a Sea Walker.§r§r
22:06:23  
22:06:23 [original] §r§aYou reeled in a Sea Archer.§r
22:06:23 [modified] §e§lDOUBLE HOOK! §r§aYou reeled in a Sea Archer.§r§r
22:07:20  
22:07:20 [original] §r§aPhew! It's only a Scarecrow.§r
22:07:20 [modified] §e§lDOUBLE HOOK! §r§aPhew! It's only a Scarecrow.§r§r
22:08:58  
22:08:58 [original] §r§aPhew! It's only a Scarecrow.§r
22:08:58 [modified] §e§lDOUBLE HOOK! §r§aPhew! It's only a Scarecrow.§r§r
22:09:25  
22:09:25 [original] §r§aHuh? A Catfish!§r
22:09:25 [modified] §e§lDOUBLE HOOK! §r§aHuh? A Catfish!§r§r
22:10:00  
22:10:00 [original] §r§aPhew! It's only a Scarecrow.§r
22:10:00 [modified] §e§lDOUBLE HOOK! §r§aPhew! It's only a Scarecrow.§r§r
22:10:04  
22:10:04 [original] §r§aPhew! It's only a Scarecrow.§r
22:10:04 [modified] §e§lDOUBLE HOOK! §r§aPhew! It's only a Scarecrow.§r§r
22:10:21  
22:10:21 [original] §r§aIt looks like you've disrupted the Sea Witch's brewing session. Watch out, she's furious!§r
22:10:21 [modified] §e§lDOUBLE HOOK! §r§aIt looks like you've disrupted the Sea Witch's brewing session. Watch out, she's furious!§r§r
22:10:24  
22:10:24 [original] §r§aThis can't be! The manifestation of death himself!§r
22:10:24 [modified] §e§lDOUBLE HOOK! §r§aThis can't be! The manifestation of death himself!§r§r
22:11:00  
22:11:00 [original] §r§aIt must be a full moon, a Werewolf appears.§r
22:11:00 [modified] §e§lDOUBLE HOOK! §r§aIt must be a full moon, a Werewolf appears.§r§r
22:11:56  
22:11:56 [original] §r§aGross! A Sea Leech!§r
22:11:56 [modified] §e§lDOUBLE HOOK! §r§aGross! A Sea Leech!§r§r
22:12:21  
22:12:21 [original] §r§aPhew! It's only a Scarecrow.§r
22:12:21 [modified] §e§lDOUBLE HOOK! §r§aPhew! It's only a Scarecrow.§r§r
22:12:28  
22:12:28 [original] §r§aPhew! It's only a Scarecrow.§r
22:12:28 [modified] §e§lDOUBLE HOOK! §r§aPhew! It's only a Scarecrow.§r§r
22:13:15  
22:13:15 [original] §r§aIt looks like you've disrupted the Sea Witch's brewing session. Watch out, she's furious!§r
22:13:15 [modified] §e§lDOUBLE HOOK! §r§aIt looks like you've disrupted the Sea Witch's brewing session. Watch out, she's furious!§r§r
22:13:43  
22:13:43 [original] §r§aYou've discovered a Guardian Defender of the sea.§r
22:13:43 [modified] §e§lDOUBLE HOOK! §r§aYou've discovered a Guardian Defender of the sea.§r§r
22:13:46  
22:13:46 [original] §r§aYou stumbled upon a Sea Guardian.§r
22:13:46 [modified] §e§lDOUBLE HOOK! §r§aYou stumbled upon a Sea Guardian.§r§r
22:14:48  
22:14:48 [original] §r§aYou stumbled upon a Sea Guardian.§r
22:14:48 [modified] §e§lDOUBLE HOOK! §r§aYou stumbled upon a Sea Guardian.§r§r
22:15:18  
22:15:18 [original] §r§aThis can't be! The manifestation of death himself!§r
22:15:18 [modified] §e§lDOUBLE HOOK! §r§aThis can't be! The manifestation of death himself!§r§r
22:16:17  
22:16:17 [original] §r§aA Squid appeared.§r
22:16:17 [modified] §e§lDOUBLE HOOK! §r§aA Squid appeared.§r§r
22:17:05  
22:17:05 [original] §r§aA Squid appeared.§r
22:17:05 [modified] §e§lDOUBLE HOOK! §r§aA Squid appeared.§r§r
22:17:52  
22:17:52 [original] §r§aIt must be a full moon, a Werewolf appears.§r
22:17:52 [modified] §e§lDOUBLE HOOK! §r§aIt must be a full moon, a Werewolf appears.§r§r
22:18:07  
22:18:07 [original] §r§aPhew! It's only a Scarecrow.§r
22:18:07 [modified] §e§lDOUBLE HOOK! §r§aPhew! It's only a Scarecrow.§r§r
22:18:21  
22:18:21 [original] §r§aPhew! It's only a Scarecrow.§r
22:18:21 [modified] §e§lDOUBLE HOOK! §r§aPhew! It's only a Scarecrow.§r§r
22:18:47  
22:18:47 [original] §r§aIt looks like you've disrupted the Sea Witch's brewing session. Watch out, she's furious!§r
22:18:47 [modified] §e§lDOUBLE HOOK! §r§aIt looks like you've disrupted the Sea Witch's brewing session. Watch out, she's furious!§r§r
22:19:12  
22:19:12 [original] §r§aPhew! It's only a Scarecrow.§r
22:19:12 [modified] §e§lDOUBLE HOOK! §r§aPhew! It's only a Scarecrow.§r§r
22:19:25  
22:19:25 [original] §r§aThe spirit of a long lost Phantom Fisher has come to haunt you.§r
22:19:25 [modified] §e§lDOUBLE HOOK! §r§aThe spirit of a long lost Phantom Fisher has come to haunt you.§r§r
22:21:08  
22:21:08 [original] §r§aYou hear trotting from beneath the waves, you caught a Nightmare.§r
22:21:08 [modified] §e§lDOUBLE HOOK! §r§aYou hear trotting from beneath the waves, you caught a Nightmare.§r§r
22:22:09  
22:22:09 [original] §r§aPhew! It's only a Scarecrow.§r
22:22:09 [modified] §e§lDOUBLE HOOK! §r§aPhew! It's only a Scarecrow.§r§r
22:22:44  
22:22:44 [original] §r§aA Squid appeared.§r
22:22:44 [modified] §e§lDOUBLE HOOK! §r§aA Squid appeared.§r§r
22:23:55  
22:23:55 [original] §r§aHuh? A Catfish!§r
22:23:55 [modified] §e§lDOUBLE HOOK! §r§aHuh? A Catfish!§r§r
22:26:53  
22:26:53 [original] §r§aYou hear trotting from beneath the waves, you caught a Nightmare.§r
22:26:53 [modified] §e§lDOUBLE HOOK! §r§aYou hear trotting from beneath the waves, you caught a Nightmare.§r§r
22:27:15  
22:27:15 [original] §r§aIt looks like you've disrupted the Sea Witch's brewing session. Watch out, she's furious!§r
22:27:15 [modified] §e§lDOUBLE HOOK! §r§aIt looks like you've disrupted the Sea Witch's brewing session. Watch out, she's furious!§r§r
22:27:27  
22:27:27 [original] §r§aA Squid appeared.§r
22:27:27 [modified] §e§lDOUBLE HOOK! §r§aA Squid appeared.§r§r
22:27:50  
22:27:50 [original] §r§aIt looks like you've disrupted the Sea Witch's brewing session. Watch out, she's furious!§r
22:27:50 [modified] §e§lDOUBLE HOOK! §r§aIt looks like you've disrupted the Sea Witch's brewing session. Watch out, she's furious!§r§r
22:27:57  
22:27:57 [original] §r§aYou hear trotting from beneath the waves, you caught a Nightmare.§r
22:27:57 [modified] §e§lDOUBLE HOOK! §r§aYou hear trotting from beneath the waves, you caught a Nightmare.§r§r
22:30:29  
22:30:29 [original] §r§aPhew! It's only a Scarecrow.§r
22:30:29 [modified] §e§lDOUBLE HOOK! §r§aPhew! It's only a Scarecrow.§r§r
22:31:02  
22:31:02 [original] §r§aYou caught a Sea Walker.§r
22:31:02 [modified] §e§lDOUBLE HOOK! §r§aYou caught a Sea Walker.§r§r
22:31:36  
22:31:36 [original] §r§aYou hear trotting from beneath the waves, you caught a Nightmare.§r
22:31:36 [modified] §e§lDOUBLE HOOK! §r§aYou hear trotting from beneath the waves, you caught a Nightmare.§r§r
22:32:06  
22:32:06 [original] §r§aYou hear trotting from beneath the waves, you caught a Nightmare.§r
22:32:06 [modified] §e§lDOUBLE HOOK! §r§aYou hear trotting from beneath the waves, you caught a Nightmare.§r§r
22:32:24  
22:32:24 [original] §r§aA Squid appeared.§r
22:32:24 [modified] §e§lDOUBLE HOOK! §r§aA Squid appeared.§r§r
22:32:29  
22:32:29 [original] §r§aPhew! It's only a Scarecrow.§r
22:32:29 [modified] §e§lDOUBLE HOOK! §r§aPhew! It's only a Scarecrow.§r§r
22:33:31  
22:33:31 [original] §r§aYou hear trotting from beneath the waves, you caught a Nightmare.§r
22:33:31 [modified] §e§lDOUBLE HOOK! §r§aYou hear trotting from beneath the waves, you caught a Nightmare.§r§r
22:33:36  
22:33:36 [original] §r§aIt must be a full moon, a Werewolf appears.§r
22:33:36 [modified] §e§lDOUBLE HOOK! §r§aIt must be a full moon, a Werewolf appears.§r§r
22:34:04  
22:34:04 [original] §r§aYou hear trotting from beneath the waves, you caught a Nightmare.§r
22:34:04 [modified] §e§lDOUBLE HOOK! §r§aYou hear trotting from beneath the waves, you caught a Nightmare.§r§r
22:34:36  
22:34:36 [original] §r§aA Squid appeared.§r
22:34:36 [modified] §e§lDOUBLE HOOK! §r§aA Squid appeared.§r§r
22:35:05  
22:35:05 [original] §r§aPhew! It's only a Scarecrow.§r
22:35:05 [modified] §e§lDOUBLE HOOK! §r§aPhew! It's only a Scarecrow.§r§r
22:38:22  
22:38:22 [original] §r§aYou reeled in a Sea Archer.§r
22:38:22 [modified] §e§lDOUBLE HOOK! §r§aYou reeled in a Sea Archer.§r§r
22:39:08  
22:39:08 [original] §r§aIt must be a full moon, a Werewolf appears.§r
22:39:08 [modified] §e§lDOUBLE HOOK! §r§aIt must be a full moon, a Werewolf appears.§r§r
22:39:45  
22:39:45 [original] §r§aPhew! It's only a Scarecrow.§r
22:39:45 [modified] §e§lDOUBLE HOOK! §r§aPhew! It's only a Scarecrow.§r§r
22:39:49  
22:39:49 [original] §r§aYou stumbled upon a Sea Guardian.§r
22:39:49 [modified] §e§lDOUBLE HOOK! §r§aYou stumbled upon a Sea Guardian.§r§r
22:40:02  
22:40:02 [original] §r§aYou caught a Sea Walker.§r
22:40:02 [modified] §e§lDOUBLE HOOK! §r§aYou caught a Sea Walker.§r§r
22:41:55  
22:41:55 [original] §r§aYou hear trotting from beneath the waves, you caught a Nightmare.§r
22:41:55 [modified] §e§lDOUBLE HOOK! §r§aYou hear trotting from beneath the waves, you caught a Nightmare.§r§r
22:42:14  
22:42:14 [original] §r§aYou hear trotting from beneath the waves, you caught a Nightmare.§r
22:42:14 [modified] §e§lDOUBLE HOOK! §r§aYou hear trotting from beneath the waves, you caught a Nightmare.§r§r
22:42:30  
22:42:30 [original] §r§aYou hear trotting from beneath the waves, you caught a Nightmare.§r
22:42:30 [modified] §e§lDOUBLE HOOK! §r§aYou hear trotting from beneath the waves, you caught a Nightmare.§r§r
22:42:57  
22:42:57 [original] §r§aYou hear trotting from beneath the waves, you caught a Nightmare.§r
22:42:57 [modified] §e§lDOUBLE HOOK! §r§aYou hear trotting from beneath the waves, you caught a Nightmare.§r§r
22:43:28  
22:43:28 [original] §r§aYou hear trotting from beneath the waves, you caught a Nightmare.§r
22:43:28 [modified] §e§lDOUBLE HOOK! §r§aYou hear trotting from beneath the waves, you caught a Nightmare.§r§r
22:43:36  
22:43:36 [original] §r§aPhew! It's only a Scarecrow.§r
22:43:36 [modified] §e§lDOUBLE HOOK! §r§aPhew! It's only a Scarecrow.§r§r
22:43:38  
22:43:38 [original] §r§aIt must be a full moon, a Werewolf appears.§r
22:43:38 [modified] §e§lDOUBLE HOOK! §r§aIt must be a full moon, a Werewolf appears.§r§r
22:43:40  
22:43:40 [original] §r§aYou hear trotting from beneath the waves, you caught a Nightmare.§r
22:43:40 [modified] §e§lDOUBLE HOOK! §r§aYou hear trotting from beneath the waves, you caught a Nightmare.§r§r
22:43:54  
22:43:54 [original] §r§aYou hear trotting from beneath the waves, you caught a Nightmare.§r
22:43:54 [modified] §e§lDOUBLE HOOK! §r§aYou hear trotting from beneath the waves, you caught a Nightmare.§r§r
22:44:08  
22:44:08 [original] §r§aPhew! It's only a Scarecrow.§r
22:44:08 [modified] §e§lDOUBLE HOOK! §r§aPhew! It's only a Scarecrow.§r§r
22:44:21  
22:44:21 [original] §r§aPhew! It's only a Scarecrow.§r
22:44:21 [modified] §e§lDOUBLE HOOK! §r§aPhew! It's only a Scarecrow.§r§r
22:44:42  
22:44:42 [original] §r§aIt looks like you've disrupted the Sea Witch's brewing session. Watch out, she's furious!§r
22:44:42 [modified] §e§lDOUBLE HOOK! §r§aIt looks like you've disrupted the Sea Witch's brewing session. Watch out, she's furious!§r§r
22:45:06  
22:45:06 [original] §r§aPhew! It's only a Scarecrow.§r
22:45:06 [modified] §e§lDOUBLE HOOK! §r§aPhew! It's only a Scarecrow.§r§r
22:46:24  
22:46:24 [original] §r§aHuh? A Catfish!§r
22:46:24 [modified] §e§lDOUBLE HOOK! §r§aHuh? A Catfish!§r§r
22:46:31  
22:46:31 [original] §r§aA Squid appeared.§r
22:46:31 [modified] §e§lDOUBLE HOOK! §r§aA Squid appeared.§r§r
22:48:55  
22:48:55 [original] §r§aPhew! It's only a Scarecrow.§r
22:48:55 [modified] §e§lDOUBLE HOOK! §r§aPhew! It's only a Scarecrow.§r§r
22:50:02  
22:50:02 [original] §r§aIt looks like you've disrupted the Sea Witch's brewing session. Watch out, she's furious!§r
22:50:02 [modified] §e§lDOUBLE HOOK! §r§aIt looks like you've disrupted the Sea Witch's brewing session. Watch out, she's furious!§r§r
22:50:14  
22:50:14 [original] §r§aYou caught a Sea Walker.§r
22:50:14 [modified] §e§lDOUBLE HOOK! §r§aYou caught a Sea Walker.§r§r
22:50:42  
22:50:42 [original] §r§aYou hear trotting from beneath the waves, you caught a Nightmare.§r
22:50:42 [modified] §e§lDOUBLE HOOK! §r§aYou hear trotting from beneath the waves, you caught a Nightmare.§r§r
22:52:02  
22:52:02 [original] §r§aPhew! It's only a Scarecrow.§r
22:52:02 [modified] §e§lDOUBLE HOOK! §r§aPhew! It's only a Scarecrow.§r§r
22:52:15  
22:52:15 [original] §r§aThe Sea Emperor arises from the depths.§r
22:52:15 [modified] §e§lDOUBLE HOOK! §r§aThe Sea Emperor arises from the depths.§r§r
22:52:25  
22:52:25 [original] §r§aPhew! It's only a Scarecrow.§r
22:52:25 [modified] §e§lDOUBLE HOOK! §r§aPhew! It's only a Scarecrow.§r§r
22:52:59  
22:52:59 [original] §r§aA Squid appeared.§r
22:52:59 [modified] §e§lDOUBLE HOOK! §r§aA Squid appeared.§r§r
22:53:28  
22:53:28 [original] §r§aIt must be a full moon, a Werewolf appears.§r
22:53:28 [modified] §e§lDOUBLE HOOK! §r§aIt must be a full moon, a Werewolf appears.§r§r
22:53:47  
22:53:47 [original] §r§aA Squid appeared.§r
22:53:47 [modified] §e§lDOUBLE HOOK! §r§aA Squid appeared.§r§r
22:54:08  
22:54:08 [original] §r§aPhew! It's only a Scarecrow.§r
22:54:08 [modified] §e§lDOUBLE HOOK! §r§aPhew! It's only a Scarecrow.§r§r
22:54:21  
22:54:21 [original] §r§aPhew! It's only a Scarecrow.§r
22:54:21 [modified] §e§lDOUBLE HOOK! §r§aPhew! It's only a Scarecrow.§r§r
22:56:08  
22:56:08 [original] §r§aYou reeled in a Sea Archer.§r
22:56:08 [modified] §e§lDOUBLE HOOK! §r§aYou reeled in a Sea Archer.§r§r
22:57:05  
22:57:05 [original] §r§aPhew! It's only a Scarecrow.§r
22:57:05 [modified] §e§lDOUBLE HOOK! §r§aPhew! It's only a Scarecrow.§r§r
22:58:02  
22:58:02 [original] §r§aIt must be a full moon, a Werewolf appears.§r
22:58:02 [modified] §e§lDOUBLE HOOK! §r§aIt must be a full moon, a Werewolf appears.§r§r
22:59:24  
22:59:24 [original] §r§aPhew! It's only a Scarecrow.§r
22:59:24 [modified] §e§lDOUBLE HOOK! §r§aPhew! It's only a Scarecrow.§r§r
23:00:35  
23:00:35 [original] §r§aYou caught a Sea Walker.§r
23:00:35 [modified] §e§lDOUBLE HOOK! §r§aYou caught a Sea Walker.§r§r
23:01:22  
23:01:22 [original] §r§aThe Rider of the Deep has emerged.§r
23:01:22 [modified] §e§lDOUBLE HOOK! §r§aThe Rider of the Deep has emerged.§r§r
23:02:42  
23:02:42 [original] §r§aYou hear trotting from beneath the waves, you caught a Nightmare.§r
23:02:42 [modified] §e§lDOUBLE HOOK! §r§aYou hear trotting from beneath the waves, you caught a Nightmare.§r§r
23:03:09  
23:03:09 [original] §r§aPhew! It's only a Scarecrow.§r
23:03:09 [modified] §e§lDOUBLE HOOK! §r§aPhew! It's only a Scarecrow.§r§r
23:04:19  
23:04:19 [original] §r§aYou hear trotting from beneath the waves, you caught a Nightmare.§r
23:04:19 [modified] §e§lDOUBLE HOOK! §r§aYou hear trotting from beneath the waves, you caught a Nightmare.§r§r
23:04:47  
23:04:47 [original] §r§aYou reeled in a Sea Archer.§r
23:04:47 [modified] §e§lDOUBLE HOOK! §r§aYou reeled in a Sea Archer.§r§r
23:05:02  
23:05:02 [original] §r§aGross! A Sea Leech!§r
23:05:02 [modified] §e§lDOUBLE HOOK! §r§aGross! A Sea Leech!§r§r
23:05:43  
23:05:43 [original] §r§aPhew! It's only a Scarecrow.§r
23:05:43 [modified] §e§lDOUBLE HOOK! §r§aPhew! It's only a Scarecrow.§r§r
23:06:52  
23:06:52 [original] §r§aYou caught a Sea Walker.§r
23:06:52 [modified] §e§lDOUBLE HOOK! §r§aYou caught a Sea Walker.§r§r
23:07:04  
23:07:04 [original] §r§aYou caught a Sea Walker.§r
23:07:04 [modified] §e§lDOUBLE HOOK! §r§aYou caught a Sea Walker.§r§r
23:07:06  
23:07:06 [original] §r§aPhew! It's only a Scarecrow.§r
23:07:06 [modified] §e§lDOUBLE HOOK! §r§aPhew! It's only a Scarecrow.§r§r
23:08:01  
23:08:01 [original] §r§aPhew! It's only a Scarecrow.§r
23:08:01 [modified] §e§lDOUBLE HOOK! §r§aPhew! It's only a Scarecrow.§r§r
23:08:11  
23:08:11 [original] §r§aPhew! It's only a Scarecrow.§r
23:08:11 [modified] §e§lDOUBLE HOOK! §r§aPhew! It's only a Scarecrow.§r§r
23:08:30  
23:08:30 [original] §r§aPhew! It's only a Scarecrow.§r
23:08:30 [modified] §e§lDOUBLE HOOK! §r§aPhew! It's only a Scarecrow.§r§r
23:08:34  
23:08:34 [original] §r§aIt looks like you've disrupted the Sea Witch's brewing session. Watch out, she's furious!§r
23:08:34 [modified] §e§lDOUBLE HOOK! §r§aIt looks like you've disrupted the Sea Witch's brewing session. Watch out, she's furious!§r§r
23:09:07  
23:09:07 [original] §r§aYou reeled in a Sea Archer.§r
23:09:07 [modified] §e§lDOUBLE HOOK! §r§aYou reeled in a Sea Archer.§r§r
23:10:48  
23:10:48 [original] §r§aPhew! It's only a Scarecrow.§r
23:10:48 [modified] §e§lDOUBLE HOOK! §r§aPhew! It's only a Scarecrow.§r§r
23:12:35  
23:12:35 [original] §r§aPhew! It's only a Scarecrow.§r
23:12:35 [modified] §e§lDOUBLE HOOK! §r§aPhew! It's only a Scarecrow.§r§r
23:12:51  
23:12:51 [original] §r§aYou hear trotting from beneath the waves, you caught a Nightmare.§r
23:12:51 [modified] §e§lDOUBLE HOOK! §r§aYou hear trotting from beneath the waves, you caught a Nightmare.§r§r
23:17:00  
23:17:00 [original] §aYou claimed a §6Skeleton Horse Pet§a! §r§aYou can manage your Pets in the §r§fPets Menu§r§a in your §r§fSkyBlock Menu§r§a.§r
23:17:00 [modified] §aYou claimed a §6§lLEGENDARY §6Skeleton Horse Pet§a! §r§aYou can manage your Pets in the §r§fPets Menu§r§a in your §r§fSkyBlock Menu§r§a.§r
