19:16:36 PRIVATE_ISLAND
19:24:32 NONE
19:24:33 PRIVATE_ISLAND_GUEST
19:38:48 THE_RIFT
19:54:34 NONE
19:54:36 HUB
19:56:08 NONE
19:56:10 HUB
19:56:45 NONE
19:56:45 HUB
19:57:10 NONE
19:57:12 PRIVATE_ISLAND
20:03:44 NONE
20:03:44 HUB
20:04:17 NONE
20:04:17 HUB
20:04:38 NONE
20:04:38 PRIVATE_ISLAND
20:04:52 NONE
20:04:53 HUB
20:22:29 NONE
20:22:30 PRIVATE_ISLAND
20:22:57 NONE
20:22:58 HUB
20:30:08 NONE
20:30:08 PRIVATE_ISLAND
20:30:21 NONE
20:30:21 HUB
20:37:56 NONE
20:37:56 THE_RIFT
20:38:01 NONE
20:38:03 HUB
21:01:18 NONE
21:01:20 HUB
21:01:42 NONE
21:01:45 HUB
21:02:17 NONE
21:02:24 HUB
21:02:32 NONE
21:02:32 PRIVATE_ISLAND
21:03:01 NONE
21:03:06 HUB
21:03:13 NONE
21:03:14 PRIVATE_ISLAND
21:04:03 NONE
21:04:03 HUB
21:04:14 NONE
21:04:15 HUB
21:05:36 NONE
21:05:36 HUB
21:05:41 NONE
21:05:41 HUB
21:07:24 HUB
21:07:30 NONE
21:07:31 HUB
21:07:37 NONE
21:07:39 HUB
21:08:31 NONE
21:08:31 PRIVATE_ISLAND
21:08:39 CRIMSON_ISLE
21:12:54 NONE
21:12:54 PRIVATE_ISLAND
21:13:01 NONE
21:13:01 CRIMSON_ISLE
21:21:22 NONE
21:21:23 PRIVATE_ISLAND
21:25:35 NONE
21:35:45 PRIVATE_ISLAND
21:35:49 NONE
21:35:49 HUB
21:36:01 NONE
21:36:01 HUB
21:38:57 PRIVATE_ISLAND
21:42:48 NONE
21:42:48 HUB
22:10:15 NONE
23:31:05 HUB
23:31:58 NONE
23:31:58 PRIVATE_ISLAND
23:35:24 NONE
23:35:25 HUB
23:38:54 NONE
23:38:54 PRIVATE_ISLAND
23:39:02 NONE
23:39:02 HUB
23:39:26 NONE
23:39:27 HUB
23:41:58 NONE
23:41:58 HUB
23:42:04 HUB
23:44:33 PRIVATE_ISLAND
23:44:41 NONE
23:44:41 HUB
23:44:45 NONE
23:44:45 HUB
23:44:50 HUB
23:44:56 HUB
23:45:01 NONE
23:45:02 HUB
23:45:06 NONE
23:45:06 HUB
23:48:52 NONE
23:48:55 HUB
23:57:08 NONE
23:57:08 PRIVATE_ISLAND
23:57:29 NONE
23:57:31 HUB
23:57:37 NONE
23:57:39 HUB
23:57:55 HUB
23:58:18 NONE
23:58:19 HUB
23:58:30 NONE
23:58:31 HUB
23:59:43 NONE
23:59:43 HUB
00:00:09 HUB
00:03:02 NONE
00:03:02 PRIVATE_ISLAND
00:03:10 HUB
00:03:13 NONE
00:03:14 HUB
