19:38:03 allowed click
19:38:03 allowed click
19:38:03 allowed click
19:38:03 allowed click
19:38:03 allowed click
19:38:03 allowed click
19:38:03 allowed click
19:38:03 allowed click
19:38:03 allowed click
19:38:03 allowed click
19:38:03 allowed click
19:38:03 allowed click
19:38:03 allowed click
19:38:03 allowed click
19:38:03 allowed click
19:38:03 allowed click
19:38:03 allowed click
19:38:03 allowed click
19:38:03 allowed click
19:38:03 allowed click
19:38:03 allowed click
19:38:03 allowed click
19:38:03 allowed click
19:38:03 allowed click
19:38:03 allowed click
19:38:03 allowed click
19:38:03 allowed click
19:38:03 allowed click
19:38:03 allowed click
19:38:03 allowed click
19:38:03 allowed click
19:38:03 allowed click
19:38:03 allowed click
19:38:03 allowed click
19:38:03 allowed click
19:38:03 allowed click
19:38:03 allowed click
19:38:03 allowed click
19:38:03 allowed click
19:38:03 allowed click
19:38:03 allowed click
19:38:03 allowed click
19:38:03 allowed click
19:38:03 allowed click
19:38:03 allowed click
19:38:03 allowed click
19:38:03 allowed click
19:38:03 allowed click
19:38:03 allowed click
19:38:03 allowed click
19:38:03 allowed click
19:38:03 allowed click
19:38:03 allowed click
19:38:03 allowed click
19:38:04 allowed click
19:38:04 allowed click
19:38:04 allowed click
19:38:04 allowed click
19:38:04 allowed click
19:38:04 allowed click
19:38:04 allowed click
19:38:04 allowed click
19:38:04 allowed click
19:38:04 allowed click
19:38:04 allowed click
19:38:04 allowed click
19:38:04 allowed click
19:38:04 allowed click
19:38:04 allowed click
19:38:04 allowed click
19:38:04 allowed click
19:38:04 allowed click
19:38:04 allowed click
19:38:04 allowed click
19:38:04 allowed click
19:38:04 allowed click
19:38:04 allowed click
19:38:04 allowed click
19:38:04 allowed click
19:38:04 allowed click
19:38:04 allowed click
19:38:04 allowed click
19:38:04 allowed click
19:38:04 allowed click
19:38:04 allowed click
19:38:04 allowed click
19:38:04 allowed click
19:38:04 allowed click
19:38:04 allowed click
19:38:04 allowed click
19:38:04 allowed click
19:38:04 allowed click
19:38:04 allowed click
19:38:04 allowed click
19:38:04 allowed click
19:38:04 allowed click
19:38:04 allowed click
19:38:04 allowed click
19:38:04 allowed click
19:38:04 allowed click
19:38:04 allowed click
19:38:04 allowed click
19:38:04 allowed click
19:38:04 allowed click
19:38:04 allowed click
19:38:04 allowed click
19:38:04 allowed click
19:38:04 allowed click
19:38:04 allowed click
19:38:04 allowed click
19:38:04 allowed click
19:38:04 allowed click
19:38:04 allowed click
19:38:04 allowed click
19:38:04 allowed click
19:38:04 allowed click
19:38:04 allowed click
19:38:04 allowed click
19:38:04 allowed click
19:38:04 allowed click
19:38:04 allowed click
19:38:04 allowed click
19:38:04 allowed click
19:38:04 allowed click
19:38:04 allowed click
19:38:04 allowed click
19:38:04 allowed click
19:38:04 allowed click
19:38:04 allowed click
19:38:04 allowed click
19:38:04 allowed click
19:38:04 allowed click
19:38:04 allowed click
19:38:04 allowed click
19:38:04 allowed click
19:38:04 allowed click
19:38:04 allowed click
19:38:04 allowed click
19:38:04 allowed click
19:38:04 allowed click
19:38:04 allowed click
19:38:04 allowed click
19:38:04 allowed click
19:38:04 allowed click
19:38:04 allowed click
19:38:04 allowed click
19:38:04 allowed click
19:38:04 allowed click
19:38:04 allowed click
19:38:04 allowed click
19:38:04 allowed click
19:38:04 allowed click
19:38:04 allowed click
19:38:04 allowed click
19:38:04 allowed click
19:38:04 allowed click
19:38:04 allowed click
19:38:04 allowed click
19:38:04 allowed click
19:38:04 allowed click
19:38:04 allowed click
19:38:04 allowed click
19:38:04 allowed click
19:38:04 allowed click
19:38:04 allowed click
19:38:04 allowed click
19:38:04 allowed click
19:38:04 allowed click
19:38:04 allowed click
19:38:04 allowed click
19:38:04 allowed click
19:38:04 allowed click
19:38:04 allowed click
19:38:04 allowed click
19:38:04 allowed click
19:38:04 allowed click
19:38:04 allowed click
19:38:04 allowed click
19:38:04 allowed click
19:38:04 allowed click
19:38:04 allowed click
19:38:04 allowed click
19:38:04 allowed click
19:38:04 allowed click
19:38:04 allowed click
19:38:04 allowed click
19:38:04 allowed click
19:38:04 allowed click
19:38:04 allowed click
19:38:04 allowed click
19:38:04 allowed click
19:38:04 allowed click
19:38:04 allowed click
19:38:04 allowed click
19:38:04 allowed click
19:38:04 allowed click
19:38:04 allowed click
19:38:04 allowed click
19:38:04 allowed click
19:38:04 allowed click
19:38:04 allowed click
19:38:04 allowed click
19:38:04 allowed click
19:38:04 allowed click
19:38:04 allowed click
19:38:04 allowed click
19:38:04 allowed click
19:38:04 allowed click
19:38:04 allowed click
19:38:04 allowed click
19:38:04 allowed click
19:38:04 allowed click
19:38:04 allowed click
19:38:04 allowed click
19:38:04 allowed click
19:38:04 allowed click
19:38:04 allowed click
19:38:04 allowed click
19:38:04 allowed click
19:38:04 allowed click
19:38:04 allowed click
19:38:04 allowed click
19:38:04 allowed click
19:38:04 allowed click
19:38:04 allowed click
19:38:04 allowed click
19:38:04 allowed click
19:38:04 allowed click
19:38:04 allowed click
19:38:04 allowed click
19:38:04 allowed click
19:38:04 allowed click
19:38:04 allowed click
19:38:04 allowed click
19:38:04 allowed click
19:38:04 allowed click
19:38:04 allowed click
19:38:04 allowed click
19:38:04 allowed click
19:38:04 allowed click
19:38:04 allowed click
19:38:04 allowed click
19:38:04 allowed click
19:38:04 allowed click
19:38:04 allowed click
19:38:04 allowed click
19:38:04 allowed click
19:38:04 allowed click
19:38:04 allowed click
19:38:04 allowed click
19:38:05 allowed click
19:38:05 allowed click
19:38:05 allowed click
19:38:05 allowed click
19:38:05 allowed click
19:38:05 allowed click
19:38:05 allowed click
19:38:05 allowed click
19:38:05 allowed click
19:38:05 allowed click
19:38:05 allowed click
19:38:05 allowed click
19:38:05 allowed click
19:38:05 allowed click
19:38:05 allowed click
19:38:05 allowed click
19:38:05 allowed click
19:38:05 allowed click
19:38:05 allowed click
19:38:05 allowed click
19:38:05 allowed click
19:38:05 allowed click
19:38:05 allowed click
19:38:05 allowed click
19:38:05 allowed click
19:38:05 allowed click
19:38:05 allowed click
19:38:05 allowed click
19:38:05 allowed click
19:38:05 allowed click
19:38:05 allowed click
19:38:05 allowed click
19:38:05 allowed click
19:38:05 allowed click
19:38:05 allowed click
19:38:05 allowed click
19:38:05 allowed click
19:38:05 allowed click
19:38:05 allowed click
19:38:05 allowed click
19:38:05 allowed click
19:38:05 allowed click
19:38:05 allowed click
19:38:05 allowed click
19:38:05 allowed click
19:38:05 allowed click
19:38:05 allowed click
19:38:05 allowed click
19:38:05 allowed click
19:38:05 allowed click
19:38:05 allowed click
19:38:05 allowed click
19:38:05 allowed click
19:38:05 allowed click
19:38:05 allowed click
19:38:05 allowed click
19:38:05 allowed click
19:38:05 allowed click
19:38:05 allowed click
19:38:05 allowed click
19:38:05 allowed click
19:38:05 allowed click
19:38:05 allowed click
19:38:05 allowed click
19:38:05 allowed click
19:38:05 allowed click
19:38:05 allowed click
19:38:05 allowed click
19:38:05 allowed click
19:38:05 allowed click
19:38:05 allowed click
19:38:05 allowed click
19:38:05 allowed click
19:38:05 allowed click
19:38:05 allowed click
19:38:05 allowed click
19:38:05 allowed click
19:38:05 allowed click
19:38:05 allowed click
19:38:05 allowed click
19:38:05 allowed click
19:38:05 allowed click
19:38:05 allowed click
19:38:05 allowed click
19:38:05 allowed click
19:38:05 allowed click
19:38:05 allowed click
19:38:05 allowed click
19:38:05 allowed click
19:38:05 allowed click
19:38:05 allowed click
19:38:05 allowed click
19:38:05 allowed click
19:38:05 allowed click
19:38:05 allowed click
19:38:05 allowed click
19:38:05 allowed click
19:38:05 allowed click
19:38:05 allowed click
19:38:05 allowed click
19:38:05 allowed click
19:38:05 allowed click
19:38:05 allowed click
19:38:05 allowed click
19:38:05 allowed click
19:38:05 allowed click
19:38:05 allowed click
19:38:05 allowed click
19:38:05 allowed click
19:38:05 allowed click
19:38:05 allowed click
19:38:05 allowed click
19:38:05 allowed click
19:38:05 allowed click
19:38:05 allowed click
19:38:05 allowed click
19:38:05 allowed click
19:38:05 allowed click
19:38:05 allowed click
19:38:05 allowed click
19:38:05 allowed click
19:38:05 allowed click
19:38:05 allowed click
19:38:05 allowed click
19:38:05 allowed click
19:38:05 allowed click
19:38:05 allowed click
19:38:05 allowed click
19:38:05 allowed click
19:38:05 allowed click
19:38:05 allowed click
19:38:05 allowed click
19:38:05 allowed click
19:38:05 allowed click
19:38:06 allowed click
19:38:06 allowed click
19:38:06 allowed click
19:38:06 allowed click
19:38:06 allowed click
19:38:06 allowed click
19:38:06 allowed click
19:38:06 allowed click
19:38:06 allowed click
19:38:06 allowed click
19:38:06 allowed click
19:38:06 allowed click
19:38:06 allowed click
19:38:06 allowed click
19:38:06 allowed click
19:38:06 allowed click
19:38:06 allowed click
19:38:06 allowed click
19:38:06 allowed click
19:38:06 allowed click
19:38:06 allowed click
19:38:06 allowed click
19:38:06 allowed click
19:38:06 allowed click
19:38:06 allowed click
19:38:06 allowed click
19:38:06 allowed click
19:38:06 allowed click
19:38:06 allowed click
19:38:06 allowed click
19:38:06 allowed click
19:38:06 allowed click
19:38:06 allowed click
19:38:06 allowed click
19:38:06 allowed click
19:38:06 allowed click
19:38:06 allowed click
19:38:06 allowed click
19:38:06 allowed click
19:38:06 allowed click
19:38:06 allowed click
19:38:06 allowed click
19:38:06 allowed click
19:38:06 allowed click
19:38:06 allowed click
19:38:06 allowed click
19:38:06 allowed click
19:38:06 allowed click
19:38:06 allowed click
19:38:06 allowed click
19:38:06 allowed click
19:38:06 allowed click
19:38:06 allowed click
19:38:06 allowed click
19:38:06 allowed click
19:38:06 allowed click
19:38:06 allowed click
19:38:06 allowed click
19:38:06 allowed click
19:38:06 allowed click
19:38:06 allowed click
19:38:06 allowed click
19:38:06 allowed click
19:38:06 allowed click
20:24:46 
20:24:46 blocked link because:
20:24:46 isNotInSignAndOnSlot
20:24:46 
20:24:47 
20:24:47 blocked link because:
20:24:47 isNotInSignAndOnSlot
20:24:47 
20:24:47 allowed click
20:24:47 allowed click
20:24:47 allowed click
20:24:47 allowed click
20:24:47 allowed click
20:24:47 allowed click
20:24:47 allowed click
20:24:47 allowed click
20:24:47 allowed click
20:24:47 allowed click
20:24:47 allowed click
20:24:47 allowed click
20:24:47 allowed click
20:24:47 allowed click
20:24:47 allowed click
20:24:47 allowed click
20:24:47 allowed click
20:24:47 allowed click
20:24:47 allowed click
20:24:47 allowed click
20:24:47 allowed click
20:24:47 allowed click
20:24:47 allowed click
20:24:47 allowed click
20:24:47 allowed click
20:24:47 allowed click
20:24:47 allowed click
20:24:47 allowed click
20:24:47 allowed click
20:24:47 allowed click
20:24:47 allowed click
20:24:47 allowed click
20:25:06 
20:25:06 blocked link because:
20:25:06 isNotInSignAndOnSlot
20:25:06 
20:25:06 
20:25:06 blocked link because:
20:25:06 isNotInSignAndOnSlot
20:25:06 
20:25:06 allowed click
20:25:06 allowed click
20:25:06 allowed click
20:25:06 allowed click
20:25:06 allowed click
20:25:06 allowed click
20:25:06 allowed click
20:25:06 allowed click
20:25:06 allowed click
20:25:06 allowed click
20:25:06 allowed click
20:25:06 allowed click
20:25:06 allowed click
20:25:06 allowed click
20:25:06 allowed click
20:25:06 allowed click
20:25:06 allowed click
20:25:06 allowed click
20:25:06 allowed click
20:25:06 allowed click
20:25:06 allowed click
20:25:06 allowed click
20:25:06 allowed click
20:25:06 allowed click
20:25:06 allowed click
20:25:06 allowed click
20:25:06 allowed click
20:25:06 allowed click
20:25:06 allowed click
20:25:06 allowed click
20:25:06 allowed click
20:25:06 allowed click
20:25:06 allowed click
20:25:06 allowed click
20:25:06 allowed click
20:25:06 allowed click
20:25:06 allowed click
20:25:06 allowed click
20:25:06 allowed click
20:25:06 allowed click
20:25:06 allowed click
20:25:06 allowed click
20:25:06 allowed click
20:25:06 allowed click
20:25:06 allowed click
20:25:06 allowed click
20:25:06 allowed click
20:25:06 allowed click
20:25:06 allowed click
20:25:06 allowed click
20:25:06 allowed click
20:25:06 allowed click
20:25:06 allowed click
20:25:06 allowed click
20:25:06 allowed click
20:25:06 allowed click
20:25:06 allowed click
20:25:06 allowed click
20:25:07 allowed click
20:25:07 allowed click
20:25:07 allowed click
20:25:07 allowed click
20:25:07 allowed click
20:25:07 allowed click
20:25:07 allowed click
20:25:07 allowed click
20:25:07 allowed click
20:25:07 allowed click
20:25:07 allowed click
20:25:07 allowed click
20:25:07 allowed click
20:25:07 allowed click
20:25:07 allowed click
20:25:07 allowed click
20:25:07 allowed click
20:25:07 allowed click
20:25:07 allowed click
20:25:07 allowed click
20:25:07 allowed click
20:25:07 allowed click
20:25:07 allowed click
20:25:07 allowed click
20:25:07 allowed click
20:25:07 allowed click
20:25:07 allowed click
20:25:07 allowed click
20:25:07 allowed click
20:25:07 allowed click
20:25:53 
20:25:53 blocked link because:
20:25:53 isNotInSignAndOnSlot
20:25:53 
20:25:53 
20:25:53 blocked link because:
20:25:53 isNotInSignAndOnSlot
20:25:53 
20:25:53 allowed click
20:25:53 allowed click
20:25:53 allowed click
20:25:53 allowed click
20:25:53 allowed click
20:25:53 allowed click
20:25:53 allowed click
20:25:53 allowed click
20:25:53 allowed click
20:25:53 allowed click
20:25:53 allowed click
20:25:53 allowed click
20:25:53 allowed click
20:25:53 allowed click
20:25:53 allowed click
20:25:53 allowed click
20:25:53 allowed click
20:25:53 allowed click
20:25:53 allowed click
20:25:53 allowed click
20:25:53 allowed click
20:25:53 allowed click
20:25:53 allowed click
20:25:53 allowed click
20:25:53 allowed click
20:25:53 allowed click
20:25:53 allowed click
20:25:53 allowed click
20:25:53 allowed click
20:25:53 allowed click
20:25:53 allowed click
20:25:53 allowed click
20:25:53 allowed click
20:25:53 allowed click
20:25:53 allowed click
20:25:53 allowed click
20:26:24 
20:26:24 blocked link because:
20:26:24 isNotInSignAndOnSlot
20:26:24 
20:26:24 
20:26:24 blocked link because:
20:26:24 isNotInSignAndOnSlot
20:26:24 
20:26:25 allowed click
20:26:25 allowed click
20:26:25 allowed click
20:26:25 allowed click
20:26:25 allowed click
20:26:25 allowed click
20:26:25 allowed click
20:26:25 allowed click
20:26:25 allowed click
20:26:25 allowed click
20:26:25 allowed click
20:26:25 allowed click
20:26:25 allowed click
20:26:25 allowed click
20:26:25 allowed click
20:26:25 allowed click
20:26:25 allowed click
20:26:25 allowed click
20:26:25 allowed click
20:26:25 allowed click
20:26:25 allowed click
20:26:25 allowed click
20:26:25 allowed click
20:26:25 allowed click
20:26:25 allowed click
20:26:25 allowed click
20:26:25 allowed click
20:26:25 allowed click
20:26:25 allowed click
20:26:25 allowed click
20:26:25 allowed click
20:26:25 allowed click
20:26:25 allowed click
20:26:25 allowed click
20:26:25 allowed click
20:26:25 allowed click
20:26:25 allowed click
20:26:25 allowed click
20:26:25 allowed click
20:26:25 allowed click
20:26:25 allowed click
20:26:25 allowed click
20:26:25 allowed click
20:26:25 allowed click
20:26:25 allowed click
20:26:25 allowed click
20:26:25 allowed click
20:26:25 allowed click
20:26:25 allowed click
20:26:25 allowed click
20:26:25 allowed click
20:26:25 allowed click
20:26:25 allowed click
20:26:25 allowed click
20:26:25 allowed click
20:26:25 allowed click
20:26:25 allowed click
20:26:25 allowed click
20:26:25 allowed click
20:26:25 allowed click
20:26:25 allowed click
20:26:25 allowed click
20:26:25 allowed click
20:26:25 allowed click
20:26:25 allowed click
20:26:25 allowed click
20:26:25 allowed click
20:26:25 allowed click
20:26:25 allowed click
20:26:25 allowed click
20:26:25 allowed click
20:26:25 allowed click
20:26:25 allowed click
20:26:25 allowed click
20:26:25 allowed click
20:26:25 allowed click
20:26:25 allowed click
20:26:25 allowed click
20:26:25 allowed click
20:26:25 allowed click
20:26:25 allowed click
20:26:25 allowed click
20:26:25 allowed click
20:26:25 allowed click
20:26:25 allowed click
20:26:25 allowed click
20:26:25 allowed click
20:26:25 allowed click
20:26:25 allowed click
20:26:25 allowed click
20:26:25 allowed click
20:26:25 allowed click
20:26:25 allowed click
20:26:25 allowed click
20:26:25 allowed click
20:26:25 allowed click
20:26:48 
20:26:48 blocked link because:
20:26:48 isNotInSignAndOnSlot
20:26:48 
20:26:49 
20:26:49 blocked link because:
20:26:49 isNotInSignAndOnSlot
20:26:49 
20:26:49 allowed click
20:26:49 allowed click
20:26:49 allowed click
20:26:49 allowed click
20:26:49 allowed click
20:26:49 allowed click
20:26:49 allowed click
20:26:49 allowed click
20:26:49 allowed click
20:26:49 allowed click
20:26:49 allowed click
20:26:49 allowed click
20:26:49 allowed click
20:26:49 allowed click
20:26:49 allowed click
20:26:49 allowed click
20:26:49 allowed click
20:26:49 allowed click
20:26:49 allowed click
20:26:49 allowed click
20:26:49 allowed click
20:26:49 allowed click
20:26:49 allowed click
20:26:49 allowed click
20:26:49 allowed click
20:26:49 allowed click
20:26:49 allowed click
20:26:49 allowed click
20:26:49 allowed click
20:26:49 allowed click
20:26:49 allowed click
20:26:49 allowed click
20:26:49 allowed click
20:26:49 allowed click
20:26:49 allowed click
20:26:49 allowed click
20:26:49 allowed click
20:26:49 allowed click
20:26:49 allowed click
20:26:49 allowed click
20:26:49 allowed click
20:26:49 allowed click
20:26:49 allowed click
20:26:49 allowed click
20:26:49 allowed click
20:26:49 allowed click
20:26:49 allowed click
20:26:49 allowed click
20:26:49 allowed click
20:26:49 allowed click
20:26:49 allowed click
20:26:49 allowed click
20:26:49 allowed click
20:26:49 allowed click
20:26:49 allowed click
20:26:49 allowed click
20:26:49 allowed click
20:26:49 allowed click
20:26:49 allowed click
20:26:49 allowed click
20:27:18 
20:27:18 blocked link because:
20:27:18 isNotInSignAndOnSlot
20:27:18 
20:27:18 allowed click
20:27:18 allowed click
20:27:18 allowed click
20:27:18 allowed click
20:27:18 allowed click
20:27:18 allowed click
20:27:18 allowed click
20:27:18 allowed click
20:27:18 allowed click
20:27:18 allowed click
20:27:18 allowed click
20:27:18 allowed click
20:27:18 allowed click
20:27:18 allowed click
20:27:18 allowed click
20:27:18 allowed click
20:27:18 allowed click
20:27:18 allowed click
20:27:18 allowed click
20:27:18 allowed click
20:27:18 allowed click
20:27:18 allowed click
20:27:18 allowed click
20:27:18 allowed click
20:27:18 allowed click
20:27:18 allowed click
20:27:18 allowed click
20:27:18 allowed click
20:27:18 allowed click
20:27:18 allowed click
20:27:18 allowed click
20:27:18 allowed click
20:27:18 allowed click
20:27:18 allowed click
20:27:18 allowed click
20:27:18 allowed click
20:27:18 allowed click
20:27:18 allowed click
20:27:18 allowed click
20:27:18 allowed click
20:27:18 allowed click
20:27:18 allowed click
20:27:18 allowed click
20:27:18 allowed click
20:27:18 allowed click
20:27:18 allowed click
20:27:18 allowed click
20:27:18 allowed click
20:27:18 allowed click
20:27:18 allowed click
20:27:19 allowed click
20:27:19 allowed click
20:27:19 allowed click
20:27:19 allowed click
20:27:19 allowed click
20:27:19 allowed click
20:27:19 allowed click
20:27:19 allowed click
20:27:19 allowed click
20:27:19 allowed click
20:27:19 allowed click
20:27:19 allowed click
20:27:19 allowed click
20:27:19 allowed click
20:27:19 allowed click
20:27:19 allowed click
20:27:19 allowed click
20:27:19 allowed click
20:27:19 allowed click
20:27:19 allowed click
20:27:19 allowed click
20:27:19 allowed click
20:27:19 allowed click
20:27:19 allowed click
20:27:19 allowed click
20:27:19 allowed click
20:27:19 allowed click
20:27:19 allowed click
20:27:19 allowed click
20:27:19 allowed click
20:53:38 allowed click
20:53:38 allowed click
20:53:38 allowed click
20:53:38 allowed click
20:53:39 allowed click
20:53:39 allowed click
20:53:39 allowed click
20:53:39 allowed click
20:53:39 allowed click
20:53:39 allowed click
20:53:39 allowed click
20:53:39 allowed click
20:53:39 allowed click
20:53:39 allowed click
20:53:39 allowed click
20:53:39 allowed click
20:53:39 allowed click
20:53:39 allowed click
20:53:39 allowed click
20:53:39 allowed click
20:53:39 allowed click
20:53:39 allowed click
20:53:39 allowed click
20:53:39 allowed click
20:53:39 allowed click
20:53:39 allowed click
20:53:39 allowed click
20:53:39 allowed click
20:53:39 allowed click
20:53:39 allowed click
20:53:39 allowed click
20:53:39 allowed click
20:53:39 allowed click
20:53:39 allowed click
20:53:39 allowed click
20:53:39 allowed click
20:53:39 allowed click
20:53:39 allowed click
20:53:39 allowed click
20:53:39 allowed click
20:53:39 allowed click
20:53:39 allowed click
20:53:39 allowed click
20:53:39 allowed click
20:54:07 
20:54:07 blocked link because:
20:54:07 isNotInSignAndOnSlot
20:54:07 
20:54:07 
20:54:07 blocked link because:
20:54:07 isNotInSignAndOnSlot
20:54:07 
20:54:07 allowed click
20:54:07 allowed click
20:54:07 allowed click
20:54:07 allowed click
20:54:07 allowed click
20:54:07 allowed click
20:54:07 allowed click
20:54:07 allowed click
20:54:07 allowed click
20:54:07 allowed click
20:54:07 allowed click
20:54:07 allowed click
20:54:07 allowed click
20:54:07 allowed click
20:54:07 allowed click
20:54:07 allowed click
20:54:07 allowed click
20:54:07 allowed click
20:54:07 allowed click
20:54:07 allowed click
20:54:07 allowed click
20:54:07 allowed click
20:54:07 allowed click
20:54:07 allowed click
20:54:07 allowed click
20:54:07 allowed click
20:54:07 allowed click
20:54:07 allowed click
20:54:07 allowed click
20:54:07 allowed click
20:54:07 allowed click
20:54:07 allowed click
20:54:07 allowed click
20:54:07 allowed click
20:54:07 allowed click
20:54:07 allowed click
20:57:13 
20:57:13 blocked link because:
20:57:13 isNotInSignAndOnSlot
20:57:13 
20:57:13 
20:57:13 blocked link because:
20:57:13 isNotInSignAndOnSlot
20:57:13 
20:57:13 allowed click
20:57:13 allowed click
20:57:13 allowed click
20:57:13 allowed click
20:57:13 allowed click
20:57:13 allowed click
20:57:13 allowed click
20:57:13 allowed click
20:57:13 allowed click
20:57:13 allowed click
20:57:13 allowed click
20:57:13 allowed click
20:57:13 allowed click
20:57:13 allowed click
20:57:13 allowed click
20:57:13 allowed click
20:57:13 allowed click
20:57:13 allowed click
20:57:13 allowed click
20:57:13 allowed click
20:57:13 allowed click
20:57:13 allowed click
20:57:13 allowed click
20:57:13 allowed click
20:57:13 allowed click
20:57:13 allowed click
20:57:13 allowed click
20:57:13 allowed click
20:57:13 allowed click
20:57:13 allowed click
20:57:13 allowed click
20:57:13 allowed click
20:57:13 allowed click
20:57:13 allowed click
20:57:13 allowed click
20:57:13 allowed click
20:57:13 allowed click
20:57:13 allowed click
20:57:13 allowed click
20:57:13 allowed click
20:57:35 
20:57:35 blocked link because:
20:57:35 isNotInSignAndOnSlot
20:57:35 
20:57:35 
20:57:35 blocked link because:
20:57:35 isNotInSignAndOnSlot
20:57:35 
20:57:35 allowed click
20:57:35 allowed click
20:57:35 allowed click
20:57:35 allowed click
20:57:36 allowed click
20:57:36 allowed click
20:57:36 allowed click
20:57:36 allowed click
20:57:36 allowed click
20:57:36 allowed click
20:57:36 allowed click
20:57:36 allowed click
20:57:36 allowed click
20:57:36 allowed click
20:57:36 allowed click
20:57:36 allowed click
20:57:36 allowed click
20:57:36 allowed click
20:57:36 allowed click
20:57:36 allowed click
20:57:36 allowed click
20:57:36 allowed click
20:57:36 allowed click
20:57:36 allowed click
20:57:36 allowed click
20:57:36 allowed click
20:57:36 allowed click
20:57:36 allowed click
20:57:36 allowed click
20:57:36 allowed click
20:57:36 allowed click
20:57:36 allowed click
20:57:36 allowed click
20:57:36 allowed click
20:57:36 allowed click
20:57:36 allowed click
20:57:36 allowed click
20:57:36 allowed click
20:57:36 allowed click
20:57:36 allowed click
20:57:36 allowed click
20:57:36 allowed click
20:57:36 allowed click
20:57:36 allowed click
20:57:36 allowed click
20:57:36 allowed click
20:57:36 allowed click
20:57:36 allowed click
20:57:36 allowed click
20:57:36 allowed click
20:57:36 allowed click
20:57:36 allowed click
20:57:36 allowed click
20:57:36 allowed click
20:57:36 allowed click
20:57:36 allowed click
20:57:36 allowed click
20:57:36 allowed click
20:57:36 allowed click
20:57:36 allowed click
20:57:36 allowed click
20:57:36 allowed click
20:57:36 allowed click
20:57:36 allowed click
20:57:36 allowed click
20:57:36 allowed click
20:57:36 allowed click
20:57:36 allowed click
20:57:36 allowed click
20:57:36 allowed click
20:57:36 allowed click
20:57:36 allowed click
20:57:36 allowed click
20:57:36 allowed click
20:57:36 allowed click
20:57:36 allowed click
20:57:36 allowed click
20:57:36 allowed click
20:57:36 allowed click
20:57:36 allowed click
20:57:36 allowed click
20:57:36 allowed click
20:57:36 allowed click
20:57:36 allowed click
20:57:36 allowed click
20:57:36 allowed click
20:57:36 allowed click
20:57:36 allowed click
20:57:36 allowed click
20:57:36 allowed click
20:57:36 allowed click
20:57:36 allowed click
20:57:36 allowed click
20:57:36 allowed click
20:57:36 allowed click
20:57:36 allowed click
20:57:36 allowed click
20:57:36 allowed click
20:57:36 allowed click
20:57:36 allowed click
20:57:37 allowed click
20:57:37 allowed click
20:57:37 allowed click
20:57:37 allowed click
20:57:37 allowed click
20:57:37 allowed click
20:57:37 allowed click
20:57:37 allowed click
20:57:37 allowed click
20:57:37 allowed click
20:57:37 allowed click
20:57:37 allowed click
20:57:37 allowed click
20:57:37 allowed click
20:57:37 allowed click
20:57:37 allowed click
20:57:37 allowed click
20:57:37 allowed click
20:57:37 allowed click
20:57:37 allowed click
20:57:37 allowed click
20:57:37 allowed click
20:57:37 allowed click
20:57:37 allowed click
20:57:37 allowed click
20:57:37 allowed click
20:57:37 allowed click
20:57:37 allowed click
20:57:37 allowed click
20:57:37 allowed click
20:57:37 allowed click
20:57:37 allowed click
20:57:37 allowed click
20:57:37 allowed click
20:57:37 allowed click
20:57:37 allowed click
20:57:37 allowed click
20:57:37 allowed click
20:57:37 allowed click
20:57:37 allowed click
20:57:37 allowed click
20:57:37 allowed click
20:57:37 allowed click
20:57:37 allowed click
20:57:37 allowed click
20:57:37 allowed click
20:57:37 allowed click
20:57:37 allowed click
20:57:37 allowed click
20:57:37 allowed click
20:57:37 allowed click
20:57:37 allowed click
20:57:37 allowed click
20:57:37 allowed click
20:57:37 allowed click
20:57:37 allowed click
20:57:37 allowed click
20:57:37 allowed click
20:57:37 allowed click
20:57:37 allowed click
20:57:37 allowed click
20:57:37 allowed click
20:57:37 allowed click
20:57:37 allowed click
21:08:41 
21:08:41 blocked link because:
21:08:41 isNotInSignAndOnSlot
21:08:41 
21:08:41 
21:08:41 blocked link because:
21:08:41 isNotInSignAndOnSlot
21:08:41 
21:08:41 allowed click
21:08:41 allowed click
21:08:41 allowed click
21:08:41 allowed click
21:08:41 allowed click
21:08:41 allowed click
21:08:41 allowed click
21:08:41 allowed click
21:08:41 allowed click
21:08:41 allowed click
21:08:41 allowed click
21:08:41 allowed click
21:08:41 allowed click
21:08:41 allowed click
21:08:41 allowed click
21:08:41 allowed click
21:08:41 allowed click
21:08:41 allowed click
21:08:41 allowed click
21:08:41 allowed click
21:08:41 allowed click
21:08:41 allowed click
21:08:41 allowed click
21:08:41 allowed click
21:08:41 allowed click
21:08:41 allowed click
21:08:41 allowed click
21:08:41 allowed click
21:08:41 allowed click
21:08:41 allowed click
21:08:41 allowed click
21:08:41 allowed click
21:08:41 allowed click
21:08:41 allowed click
21:08:41 allowed click
21:08:41 allowed click
21:08:41 allowed click
21:08:41 allowed click
21:08:41 allowed click
21:08:41 allowed click
21:08:41 allowed click
21:08:41 allowed click
21:08:41 allowed click
21:08:41 allowed click
21:08:41 allowed click
21:08:41 allowed click
21:08:41 allowed click
21:08:41 allowed click
21:08:41 allowed click
21:08:41 allowed click
21:08:41 allowed click
21:08:41 allowed click
21:08:41 allowed click
21:08:41 allowed click
21:08:41 allowed click
21:08:41 allowed click
21:08:42 allowed click
21:08:42 allowed click
21:08:42 allowed click
21:08:42 allowed click
21:08:42 allowed click
21:08:42 allowed click
21:08:42 allowed click
21:08:42 allowed click
21:08:42 allowed click
21:08:42 allowed click
21:08:42 allowed click
21:08:42 allowed click
21:08:42 allowed click
21:08:42 allowed click
21:08:42 allowed click
21:08:42 allowed click
21:08:42 allowed click
21:08:42 allowed click
21:08:42 allowed click
21:08:42 allowed click
21:08:42 allowed click
21:08:42 allowed click
21:08:42 allowed click
21:08:42 allowed click
21:08:42 allowed click
21:08:42 allowed click
21:08:42 allowed click
21:08:42 allowed click
21:08:42 allowed click
21:08:42 allowed click
21:08:42 allowed click
21:08:42 allowed click
21:08:42 allowed click
21:08:42 allowed click
21:08:42 allowed click
21:08:42 allowed click
21:08:42 allowed click
21:08:42 allowed click
21:08:42 allowed click
21:08:42 allowed click
21:08:42 allowed click
21:08:42 allowed click
21:08:42 allowed click
21:08:42 allowed click
21:08:42 allowed click
21:08:42 allowed click
21:08:42 allowed click
21:08:42 allowed click
21:08:42 allowed click
21:08:42 allowed click
21:08:42 allowed click
21:08:42 allowed click
21:08:42 allowed click
21:08:42 allowed click
21:08:42 allowed click
21:08:42 allowed click
21:08:42 allowed click
21:08:42 allowed click
21:08:42 allowed click
21:08:42 allowed click
21:08:42 allowed click
21:08:42 allowed click
21:08:42 allowed click
21:08:42 allowed click
21:08:42 allowed click
21:08:42 allowed click
21:08:42 allowed click
21:08:42 allowed click
21:08:42 allowed click
21:08:42 allowed click
21:08:42 allowed click
21:08:42 allowed click
21:08:42 allowed click
21:08:42 allowed click
21:08:42 allowed click
21:08:42 allowed click
21:08:42 allowed click
21:08:42 allowed click
21:08:42 allowed click
21:08:42 allowed click
21:08:42 allowed click
21:08:42 allowed click
21:08:42 allowed click
21:08:42 allowed click
21:08:42 allowed click
21:08:42 allowed click
21:08:42 allowed click
21:08:42 allowed click
21:08:42 allowed click
21:08:42 allowed click
21:08:42 allowed click
21:08:42 allowed click
21:08:42 allowed click
21:08:42 allowed click
21:08:42 allowed click
21:08:42 allowed click
21:08:42 allowed click
21:08:42 allowed click
21:08:42 allowed click
21:08:42 allowed click
21:08:42 allowed click
21:08:42 allowed click
21:08:42 allowed click
21:08:42 allowed click
21:08:42 allowed click
21:08:42 allowed click
21:08:42 allowed click
21:08:42 allowed click
21:08:42 allowed click
21:08:42 allowed click
21:08:42 allowed click
21:08:42 allowed click
21:08:42 allowed click
21:08:42 allowed click
21:08:42 allowed click
21:08:42 allowed click
21:08:42 allowed click
21:08:42 allowed click
21:08:42 allowed click
21:08:42 allowed click
21:08:42 allowed click
21:08:42 allowed click
21:08:42 allowed click
21:08:42 allowed click
21:08:42 allowed click
21:08:42 allowed click
21:08:42 allowed click
21:08:42 allowed click
21:08:42 allowed click
21:08:42 allowed click
21:08:42 allowed click
21:08:42 allowed click
21:08:42 allowed click
21:08:42 allowed click
21:08:42 allowed click
21:08:42 allowed click
21:08:42 allowed click
21:08:42 allowed click
21:08:42 allowed click
21:08:42 allowed click
21:08:42 allowed click
21:08:42 allowed click
21:08:42 allowed click
21:08:42 allowed click
21:08:42 allowed click
21:08:42 allowed click
21:08:42 allowed click
21:08:42 allowed click
21:08:42 allowed click
21:08:42 allowed click
21:08:42 allowed click
21:08:42 allowed click
21:08:42 allowed click
21:08:42 allowed click
21:08:42 allowed click
21:08:42 allowed click
21:08:42 allowed click
21:08:42 allowed click
21:08:42 allowed click
21:08:42 allowed click
21:08:42 allowed click
21:08:42 allowed click
21:08:42 allowed click
21:08:42 allowed click
21:08:42 allowed click
21:08:42 allowed click
21:08:42 allowed click
21:08:42 allowed click
21:08:42 allowed click
21:08:42 allowed click
21:08:42 allowed click
21:08:42 allowed click
21:08:42 allowed click
21:08:42 allowed click
21:08:42 allowed click
21:08:42 allowed click
21:08:42 allowed click
21:08:42 allowed click
21:08:42 allowed click
21:08:42 allowed click
21:08:42 allowed click
21:08:42 allowed click
21:08:42 allowed click
21:08:42 allowed click
21:08:42 allowed click
21:08:42 allowed click
21:08:42 allowed click
21:08:42 allowed click
21:08:42 allowed click
21:08:42 allowed click
21:08:42 allowed click
21:08:42 allowed click
21:08:42 allowed click
21:08:42 allowed click
21:08:42 allowed click
21:08:42 allowed click
21:08:42 allowed click
21:08:42 allowed click
21:08:42 allowed click
21:08:42 allowed click
21:08:42 allowed click
21:08:42 allowed click
21:08:42 allowed click
21:08:42 allowed click
21:08:42 allowed click
21:08:42 allowed click
21:08:42 allowed click
21:08:42 allowed click
21:08:42 allowed click
21:08:42 allowed click
21:08:42 allowed click
21:08:42 allowed click
21:08:42 allowed click
21:08:42 allowed click
21:08:42 allowed click
21:08:42 allowed click
21:08:42 allowed click
21:08:42 allowed click
21:08:42 allowed click
21:08:42 allowed click
21:08:43 allowed click
21:08:43 allowed click
21:08:43 allowed click
21:08:43 allowed click
21:08:43 allowed click
21:08:43 allowed click
21:08:43 allowed click
21:08:43 allowed click
21:08:43 allowed click
21:08:43 allowed click
21:08:43 allowed click
21:08:43 allowed click
21:08:43 allowed click
21:08:43 allowed click
21:08:43 allowed click
21:08:43 allowed click
21:08:43 allowed click
21:08:43 allowed click
21:08:43 allowed click
21:08:43 allowed click
21:08:43 allowed click
21:08:43 allowed click
21:08:43 allowed click
21:08:43 allowed click
21:08:43 allowed click
21:08:43 allowed click
21:08:43 allowed click
21:08:43 allowed click
21:08:43 allowed click
21:08:43 allowed click
21:08:43 allowed click
21:08:43 allowed click
21:08:43 allowed click
21:08:43 allowed click
21:08:43 allowed click
21:08:43 allowed click
21:08:43 allowed click
21:08:43 allowed click
21:08:43 allowed click
21:08:43 allowed click
21:08:43 allowed click
21:08:43 allowed click
21:08:43 allowed click
21:08:43 allowed click
21:08:43 allowed click
21:08:43 allowed click
21:08:43 allowed click
21:08:43 allowed click
21:08:43 allowed click
21:08:43 allowed click
21:08:43 allowed click
21:08:43 allowed click
21:08:43 allowed click
21:08:43 allowed click
21:08:43 allowed click
21:08:43 allowed click
21:08:43 allowed click
21:08:43 allowed click
21:08:43 allowed click
21:08:43 allowed click
21:08:43 allowed click
21:08:43 allowed click
21:08:43 allowed click
21:08:43 allowed click
21:08:43 allowed click
21:08:43 allowed click
21:08:43 allowed click
21:08:43 allowed click
21:08:43 allowed click
21:08:43 allowed click
21:08:43 allowed click
21:08:43 allowed click
21:08:43 allowed click
21:08:43 allowed click
21:08:43 allowed click
21:08:43 allowed click
21:08:43 allowed click
21:08:43 allowed click
21:08:43 allowed click
21:08:43 allowed click
21:08:43 allowed click
21:08:43 allowed click
21:08:43 allowed click
21:08:43 allowed click
21:08:43 allowed click
21:08:43 allowed click
21:08:43 allowed click
21:08:43 allowed click
21:08:43 allowed click
21:08:43 allowed click
21:08:43 allowed click
21:08:43 allowed click
21:08:43 allowed click
21:08:43 allowed click
21:08:43 allowed click
21:08:43 allowed click
21:08:43 allowed click
21:08:43 allowed click
21:08:43 allowed click
21:08:43 allowed click
21:08:43 allowed click
21:08:43 allowed click
21:08:43 allowed click
21:08:43 allowed click
21:08:43 allowed click
21:08:43 allowed click
21:08:43 allowed click
21:08:43 allowed click
21:08:43 allowed click
21:08:43 allowed click
21:08:43 allowed click
21:08:43 allowed click
21:08:43 allowed click
21:08:43 allowed click
21:08:43 allowed click
21:08:43 allowed click
21:08:43 allowed click
21:08:43 allowed click
21:08:43 allowed click
21:08:43 allowed click
21:08:43 allowed click
21:08:43 allowed click
21:08:43 allowed click
21:08:43 allowed click
21:08:43 allowed click
21:08:43 allowed click
21:08:43 allowed click
21:08:43 allowed click
21:08:43 allowed click
21:08:43 allowed click
21:08:43 allowed click
21:08:43 allowed click
21:08:43 allowed click
21:08:43 allowed click
21:08:43 allowed click
21:08:43 allowed click
21:08:43 allowed click
21:08:43 allowed click
21:08:43 allowed click
21:08:43 allowed click
21:08:43 allowed click
21:08:43 allowed click
21:08:43 allowed click
21:08:43 allowed click
21:08:43 allowed click
21:08:43 allowed click
21:08:43 allowed click
21:08:43 allowed click
21:08:43 allowed click
21:08:43 allowed click
21:08:43 allowed click
21:08:43 allowed click
21:08:43 allowed click
21:08:43 allowed click
21:08:43 allowed click
21:08:43 allowed click
21:08:43 allowed click
21:08:43 allowed click
21:08:43 allowed click
21:08:43 allowed click
21:08:43 allowed click
21:08:43 allowed click
21:49:29 
21:49:29 blocked link because:
21:49:29 isNotInSignAndOnSlot
21:49:29 
21:49:29 
21:49:29 blocked link because:
21:49:29 isNotInSignAndOnSlot
21:49:29 
21:49:29 allowed click
21:49:29 allowed click
21:49:29 allowed click
21:49:29 allowed click
21:49:29 allowed click
21:49:29 allowed click
21:49:29 allowed click
21:49:29 allowed click
21:49:29 allowed click
21:49:29 allowed click
21:49:29 allowed click
21:49:29 allowed click
21:49:29 allowed click
21:49:29 allowed click
21:49:29 allowed click
21:49:29 allowed click
21:49:30 allowed click
21:49:30 allowed click
21:49:30 allowed click
21:49:30 allowed click
21:49:30 allowed click
21:49:30 allowed click
21:49:30 allowed click
21:49:30 allowed click
21:49:30 allowed click
21:49:30 allowed click
21:49:30 allowed click
21:49:30 allowed click
21:49:30 allowed click
21:49:30 allowed click
21:49:30 allowed click
21:49:30 allowed click
21:49:30 allowed click
21:49:30 allowed click
21:49:30 allowed click
21:49:30 allowed click
21:49:30 allowed click
21:49:30 allowed click
21:49:30 allowed click
21:49:30 allowed click
21:49:30 allowed click
21:49:30 allowed click
21:49:30 allowed click
21:49:30 allowed click
21:49:30 allowed click
21:49:30 allowed click
21:49:30 allowed click
21:49:30 allowed click
21:49:30 allowed click
21:49:30 allowed click
21:49:30 allowed click
21:49:30 allowed click
21:49:30 allowed click
21:49:30 allowed click
21:49:30 allowed click
21:49:30 allowed click
21:49:32 
21:49:32 blocked link because:
21:49:32 isNotInSignAndOnSlot
21:49:32 
21:49:32 allowed click
21:49:32 allowed click
21:49:32 allowed click
21:49:32 allowed click
21:49:32 allowed click
21:49:32 allowed click
21:49:32 allowed click
21:49:32 allowed click
21:49:32 allowed click
21:49:32 allowed click
21:49:32 allowed click
21:49:32 allowed click
21:49:32 allowed click
21:49:32 allowed click
21:49:32 allowed click
21:49:32 allowed click
21:49:32 allowed click
21:49:32 allowed click
21:49:32 allowed click
21:49:32 allowed click
21:49:32 allowed click
21:49:32 allowed click
21:49:32 allowed click
21:49:32 allowed click
21:49:32 allowed click
21:49:32 allowed click
21:49:32 allowed click
21:49:32 allowed click
21:49:32 allowed click
21:49:32 allowed click
21:49:32 allowed click
21:49:32 allowed click
21:49:32 allowed click
21:49:32 allowed click
21:49:32 allowed click
21:49:32 allowed click
21:49:32 allowed click
21:49:32 allowed click
21:49:32 allowed click
21:49:32 allowed click
21:49:32 allowed click
21:49:32 allowed click
21:49:32 allowed click
21:49:32 allowed click
21:49:33 allowed click
21:49:33 allowed click
21:49:33 allowed click
21:49:33 allowed click
21:49:33 allowed click
21:49:33 allowed click
21:49:33 allowed click
21:49:33 allowed click
21:49:33 allowed click
21:49:33 allowed click
21:49:33 allowed click
21:49:33 allowed click
21:49:33 allowed click
21:49:33 allowed click
21:49:33 allowed click
21:49:33 allowed click
21:49:33 allowed click
21:49:33 allowed click
21:49:33 allowed click
21:49:33 allowed click
21:49:33 allowed click
21:49:33 allowed click
21:49:33 allowed click
21:49:33 allowed click
21:49:33 allowed click
21:49:33 allowed click
21:49:33 allowed click
21:49:33 allowed click
21:49:33 allowed click
21:49:33 allowed click
21:49:33 allowed click
21:49:33 allowed click
21:49:40 
21:49:40 blocked link because:
21:49:40 isNotInSignAndOnSlot
21:49:40 
21:49:40 
21:49:40 blocked link because:
21:49:40 isNotInSignAndOnSlot
21:49:40 
21:49:40 allowed click
21:49:40 allowed click
21:49:40 allowed click
21:49:40 allowed click
21:49:40 allowed click
21:49:40 allowed click
21:49:40 allowed click
21:49:40 allowed click
21:49:40 allowed click
21:49:40 allowed click
21:49:40 allowed click
21:49:40 allowed click
21:49:40 allowed click
21:49:40 allowed click
21:49:40 allowed click
21:49:40 allowed click
21:49:40 allowed click
21:49:40 allowed click
21:49:40 allowed click
21:49:40 allowed click
21:49:40 allowed click
21:49:40 allowed click
21:49:40 allowed click
21:49:40 allowed click
21:49:40 allowed click
21:49:40 allowed click
21:49:40 allowed click
21:49:40 allowed click
21:49:40 allowed click
21:49:40 allowed click
21:49:40 allowed click
21:49:40 allowed click
21:49:40 allowed click
21:49:40 allowed click
21:49:40 allowed click
21:49:40 allowed click
21:49:40 allowed click
21:49:40 allowed click
21:49:40 allowed click
21:49:40 allowed click
21:49:40 allowed click
21:49:40 allowed click
21:49:40 allowed click
21:49:40 allowed click
21:49:40 allowed click
21:49:40 allowed click
21:49:40 allowed click
21:49:40 allowed click
21:50:30 
21:50:30 blocked link because:
21:50:30 isNotInSignAndOnSlot
21:50:30 
21:50:30 
21:50:30 blocked link because:
21:50:30 isNotInSignAndOnSlot
21:50:30 
21:50:30 allowed click
21:50:30 allowed click
21:50:30 allowed click
21:50:30 allowed click
21:50:30 allowed click
21:50:30 allowed click
21:50:30 allowed click
21:50:30 allowed click
21:50:30 allowed click
21:50:30 allowed click
21:50:30 allowed click
21:50:30 allowed click
21:50:30 allowed click
21:50:30 allowed click
21:50:30 allowed click
21:50:30 allowed click
21:50:30 allowed click
21:50:30 allowed click
21:50:30 allowed click
21:50:30 allowed click
21:50:30 allowed click
21:50:30 allowed click
21:50:30 allowed click
21:50:30 allowed click
21:50:30 allowed click
21:50:30 allowed click
21:50:30 allowed click
21:50:30 allowed click
21:50:30 allowed click
21:50:30 allowed click
21:50:30 allowed click
21:50:30 allowed click
21:50:30 allowed click
21:50:30 allowed click
21:50:30 allowed click
21:50:30 allowed click
21:50:30 allowed click
21:50:30 allowed click
21:50:30 allowed click
21:50:30 allowed click
21:50:30 allowed click
21:50:30 allowed click
21:50:30 allowed click
21:50:30 allowed click
21:50:30 allowed click
21:50:30 allowed click
21:50:30 allowed click
21:50:30 allowed click
21:50:31 allowed click
21:50:31 allowed click
21:50:31 allowed click
21:50:31 allowed click
21:50:31 allowed click
21:50:31 allowed click
21:50:31 allowed click
21:50:31 allowed click
21:52:22 allowed click
21:52:22 allowed click
21:52:22 allowed click
21:52:22 allowed click
21:52:22 allowed click
21:52:22 allowed click
21:52:22 allowed click
21:52:22 allowed click
21:52:23 allowed click
21:52:23 allowed click
21:52:23 allowed click
21:52:23 allowed click
21:52:23 allowed click
21:52:23 allowed click
21:52:23 allowed click
21:52:23 allowed click
21:52:23 allowed click
21:52:23 allowed click
21:52:23 allowed click
21:52:23 allowed click
21:52:23 allowed click
21:52:23 allowed click
21:52:23 allowed click
21:52:23 allowed click
21:52:23 allowed click
21:52:23 allowed click
21:52:23 allowed click
21:52:23 allowed click
21:52:23 allowed click
21:52:23 allowed click
21:52:23 allowed click
21:52:23 allowed click
21:52:23 allowed click
21:52:23 allowed click
21:52:23 allowed click
21:52:23 allowed click
21:52:23 allowed click
21:52:23 allowed click
21:52:23 allowed click
21:52:23 allowed click
21:52:23 allowed click
21:52:23 allowed click
21:52:23 allowed click
21:52:23 allowed click
21:52:23 allowed click
21:52:23 allowed click
21:52:23 allowed click
21:52:23 allowed click
21:52:23 allowed click
21:52:23 allowed click
21:52:23 allowed click
21:52:23 allowed click
21:52:23 allowed click
21:52:23 allowed click
21:52:23 allowed click
21:52:23 allowed click
21:52:23 allowed click
21:52:23 allowed click
21:52:23 allowed click
21:52:23 allowed click
21:52:26 allowed click
21:52:26 allowed click
21:52:26 allowed click
21:52:26 allowed click
21:52:26 allowed click
21:52:26 allowed click
21:52:26 allowed click
21:52:26 allowed click
21:52:26 allowed click
21:52:26 allowed click
21:52:26 allowed click
21:52:26 allowed click
21:52:26 allowed click
21:52:26 allowed click
21:52:26 allowed click
21:52:26 allowed click
21:52:26 allowed click
21:52:26 allowed click
21:52:26 allowed click
21:52:26 allowed click
21:52:26 allowed click
21:52:26 allowed click
21:52:26 allowed click
21:52:26 allowed click
21:52:26 allowed click
21:52:26 allowed click
21:52:26 allowed click
21:52:26 allowed click
21:52:26 allowed click
21:52:26 allowed click
21:52:26 allowed click
21:52:26 allowed click
21:52:26 allowed click
21:52:26 allowed click
21:52:26 allowed click
21:52:26 allowed click
21:52:26 allowed click
21:52:26 allowed click
21:52:26 allowed click
21:52:26 allowed click
21:52:26 allowed click
21:52:26 allowed click
21:52:26 allowed click
21:52:26 allowed click
21:52:26 allowed click
21:52:26 allowed click
21:52:26 allowed click
21:52:26 allowed click
21:52:26 allowed click
21:52:26 allowed click
21:52:26 allowed click
21:52:26 allowed click
21:52:26 allowed click
21:52:26 allowed click
21:52:26 allowed click
21:52:26 allowed click
21:52:26 allowed click
21:52:26 allowed click
21:52:26 allowed click
21:52:26 allowed click
21:52:26 allowed click
21:52:26 allowed click
21:52:26 allowed click
21:52:26 allowed click
21:52:26 allowed click
21:52:26 allowed click
21:52:26 allowed click
21:52:26 allowed click
21:52:55 
21:52:55 blocked link because:
21:52:55 isNotInSignAndOnSlot
21:52:55 
21:52:55 
21:52:55 blocked link because:
21:52:55 isNotInSignAndOnSlot
21:52:55 
21:52:55 allowed click
21:52:55 allowed click
21:52:55 allowed click
21:52:55 allowed click
21:52:55 allowed click
21:52:55 allowed click
21:52:55 allowed click
21:52:55 allowed click
21:52:55 allowed click
21:52:55 allowed click
21:52:55 allowed click
21:52:55 allowed click
21:52:55 allowed click
21:52:55 allowed click
21:52:55 allowed click
21:52:55 allowed click
21:52:55 allowed click
21:52:55 allowed click
21:52:55 allowed click
21:52:55 allowed click
21:52:55 allowed click
21:52:55 allowed click
21:52:55 allowed click
21:52:55 allowed click
21:52:55 allowed click
21:52:55 allowed click
21:52:55 allowed click
21:52:55 allowed click
21:52:55 allowed click
21:52:55 allowed click
21:52:55 allowed click
21:52:55 allowed click
21:54:19 
21:54:19 blocked link because:
21:54:19 isNotInSignAndOnSlot
21:54:19 
21:54:19 
21:54:19 blocked link because:
21:54:19 isNotInSignAndOnSlot
21:54:19 
21:54:19 allowed click
21:54:19 allowed click
21:54:19 allowed click
21:54:19 allowed click
21:54:19 allowed click
21:54:19 allowed click
21:54:19 allowed click
21:54:19 allowed click
21:54:20 allowed click
21:54:20 allowed click
21:54:20 allowed click
21:54:20 allowed click
21:54:20 allowed click
21:54:20 allowed click
21:54:20 allowed click
21:54:20 allowed click
21:54:20 allowed click
21:54:20 allowed click
21:54:20 allowed click
21:54:20 allowed click
21:54:20 allowed click
21:54:20 allowed click
21:54:20 allowed click
21:54:20 allowed click
21:54:20 allowed click
21:54:20 allowed click
21:54:20 allowed click
21:54:20 allowed click
21:54:20 allowed click
21:54:20 allowed click
21:54:20 allowed click
21:54:20 allowed click
21:54:20 allowed click
21:54:20 allowed click
21:54:20 allowed click
21:54:20 allowed click
21:54:20 allowed click
21:54:20 allowed click
21:54:20 allowed click
21:54:20 allowed click
21:54:20 allowed click
21:54:20 allowed click
21:54:20 allowed click
21:54:20 allowed click
21:54:20 allowed click
21:54:20 allowed click
21:54:20 allowed click
21:54:20 allowed click
21:54:52 
21:54:52 blocked link because:
21:54:52 isNotInSignAndOnSlot
21:54:52 
21:54:52 
21:54:52 blocked link because:
21:54:52 isNotInSignAndOnSlot
21:54:52 
21:54:52 allowed click
21:54:52 allowed click
21:54:52 allowed click
21:54:52 allowed click
21:54:52 allowed click
21:54:52 allowed click
21:54:52 allowed click
21:54:52 allowed click
21:54:52 allowed click
21:54:52 allowed click
21:54:52 allowed click
21:54:52 allowed click
21:54:52 allowed click
21:54:52 allowed click
21:54:52 allowed click
21:54:52 allowed click
21:54:52 allowed click
21:54:52 allowed click
21:54:52 allowed click
21:54:52 allowed click
21:54:52 allowed click
21:54:52 allowed click
21:54:52 allowed click
21:54:52 allowed click
21:54:52 allowed click
21:54:52 allowed click
21:54:52 allowed click
21:54:52 allowed click
21:54:52 allowed click
21:54:52 allowed click
21:54:52 allowed click
21:54:52 allowed click
21:54:52 allowed click
21:54:52 allowed click
21:54:52 allowed click
21:54:52 allowed click
21:54:52 allowed click
21:54:52 allowed click
21:54:52 allowed click
21:54:52 allowed click
21:54:52 allowed click
21:54:52 allowed click
21:54:52 allowed click
21:54:52 allowed click
21:54:52 allowed click
21:54:52 allowed click
21:54:52 allowed click
21:54:52 allowed click
21:54:52 allowed click
21:54:52 allowed click
21:54:52 allowed click
21:54:52 allowed click
21:54:52 allowed click
21:54:52 allowed click
21:54:52 allowed click
21:54:52 allowed click
21:54:52 allowed click
21:54:52 allowed click
21:54:52 allowed click
21:54:52 allowed click
21:54:52 allowed click
21:54:52 allowed click
21:54:52 allowed click
21:54:52 allowed click
21:54:52 allowed click
21:54:52 allowed click
21:54:52 allowed click
21:54:52 allowed click
21:54:52 allowed click
21:54:52 allowed click
21:54:52 allowed click
21:54:52 allowed click
21:54:52 allowed click
21:54:52 allowed click
21:54:52 allowed click
21:54:52 allowed click
21:54:53 allowed click
21:54:53 allowed click
21:54:53 allowed click
21:54:53 allowed click
21:54:53 allowed click
21:54:53 allowed click
21:54:53 allowed click
21:54:53 allowed click
21:54:53 allowed click
21:54:53 allowed click
21:54:53 allowed click
21:54:53 allowed click
21:56:50 
21:56:50 blocked link because:
21:56:50 isNotInSignAndOnSlot
21:56:50 
21:56:50 
21:56:50 blocked link because:
21:56:50 isNotInSignAndOnSlot
21:56:50 
21:56:50 allowed click
21:56:50 allowed click
21:56:50 allowed click
21:56:50 allowed click
21:56:50 allowed click
21:56:50 allowed click
21:56:50 allowed click
21:56:50 allowed click
21:56:50 allowed click
21:56:50 allowed click
21:56:50 allowed click
21:56:50 allowed click
21:56:50 allowed click
21:56:50 allowed click
21:56:50 allowed click
21:56:50 allowed click
21:56:50 allowed click
21:56:50 allowed click
21:56:50 allowed click
21:56:50 allowed click
21:56:50 allowed click
21:56:50 allowed click
21:56:50 allowed click
21:56:50 allowed click
21:56:50 allowed click
21:56:50 allowed click
21:56:50 allowed click
21:56:50 allowed click
21:56:50 allowed click
21:56:50 allowed click
21:56:50 allowed click
21:56:50 allowed click
21:56:50 allowed click
21:56:50 allowed click
21:56:50 allowed click
21:56:50 allowed click
21:56:50 allowed click
21:56:50 allowed click
21:56:50 allowed click
21:56:50 allowed click
21:56:50 allowed click
21:56:50 allowed click
21:56:50 allowed click
21:56:50 allowed click
21:56:51 allowed click
21:56:51 allowed click
21:56:51 allowed click
21:56:51 allowed click
21:56:51 allowed click
21:56:51 allowed click
21:56:51 allowed click
21:56:51 allowed click
21:56:51 allowed click
21:56:51 allowed click
21:56:51 allowed click
21:56:51 allowed click
21:57:16 
21:57:16 blocked link because:
21:57:16 isNotInSignAndOnSlot
21:57:16 
21:57:16 allowed click
21:57:16 allowed click
21:57:16 allowed click
21:57:16 allowed click
21:57:16 allowed click
21:57:16 allowed click
21:57:16 allowed click
21:57:16 allowed click
21:57:16 allowed click
21:57:16 allowed click
21:57:16 allowed click
21:57:16 allowed click
21:57:16 allowed click
21:57:16 allowed click
21:57:16 allowed click
21:57:16 allowed click
21:57:16 allowed click
21:57:16 allowed click
21:57:16 allowed click
21:57:16 allowed click
21:57:16 allowed click
21:57:16 allowed click
21:57:16 allowed click
21:57:16 allowed click
21:57:16 allowed click
21:57:16 allowed click
21:57:16 allowed click
21:57:16 allowed click
21:57:16 allowed click
21:57:16 allowed click
21:57:16 allowed click
21:57:16 allowed click
21:57:16 allowed click
21:57:16 allowed click
21:57:16 allowed click
21:57:16 allowed click
21:57:16 allowed click
21:57:16 allowed click
21:57:16 allowed click
21:57:16 allowed click
21:57:16 allowed click
21:57:16 allowed click
21:57:16 allowed click
21:57:16 allowed click
21:57:16 allowed click
21:57:16 allowed click
21:57:16 allowed click
21:57:16 allowed click
21:57:16 allowed click
21:57:16 allowed click
21:57:16 allowed click
21:57:16 allowed click
21:57:16 allowed click
21:57:16 allowed click
21:57:16 allowed click
21:57:16 allowed click
21:57:16 allowed click
21:57:16 allowed click
21:57:16 allowed click
21:57:16 allowed click
21:57:16 allowed click
21:57:16 allowed click
21:57:16 allowed click
21:57:16 allowed click
21:57:16 allowed click
21:57:16 allowed click
21:57:16 allowed click
21:57:16 allowed click
21:57:16 allowed click
21:57:16 allowed click
21:57:16 allowed click
21:57:16 allowed click
22:00:58 allowed click
22:00:58 allowed click
22:00:58 allowed click
22:00:58 allowed click
22:00:58 allowed click
22:00:58 allowed click
22:00:58 allowed click
22:00:58 allowed click
22:00:58 allowed click
22:00:58 allowed click
22:00:58 allowed click
22:00:58 allowed click
22:00:58 allowed click
22:00:58 allowed click
22:00:58 allowed click
22:00:58 allowed click
22:00:58 allowed click
22:00:58 allowed click
22:00:58 allowed click
22:00:58 allowed click
22:00:58 allowed click
22:00:58 allowed click
22:00:58 allowed click
22:00:58 allowed click
22:00:58 allowed click
22:00:58 allowed click
22:00:58 allowed click
22:00:58 allowed click
22:00:58 allowed click
22:00:58 allowed click
22:00:58 allowed click
22:00:58 allowed click
22:00:58 allowed click
22:00:58 allowed click
22:00:58 allowed click
22:00:58 allowed click
22:00:58 allowed click
22:00:58 allowed click
22:00:58 allowed click
22:00:58 allowed click
22:00:58 allowed click
22:00:58 allowed click
22:00:58 allowed click
22:00:58 allowed click
22:00:58 allowed click
22:00:58 allowed click
22:00:58 allowed click
22:00:58 allowed click
22:00:58 allowed click
22:00:58 allowed click
22:00:58 allowed click
22:00:58 allowed click
22:00:58 allowed click
22:00:58 allowed click
22:00:58 allowed click
22:00:58 allowed click
22:00:58 allowed click
22:00:58 allowed click
22:00:58 allowed click
22:00:58 allowed click
22:00:58 allowed click
22:00:58 allowed click
22:00:58 allowed click
22:00:58 allowed click
22:00:58 allowed click
22:00:58 allowed click
22:00:58 allowed click
22:00:58 allowed click
22:00:58 allowed click
22:00:58 allowed click
22:00:58 allowed click
22:00:58 allowed click
22:00:58 allowed click
22:00:58 allowed click
22:00:58 allowed click
22:00:58 allowed click
22:01:13 
22:01:13 blocked link because:
22:01:13 isNotInSignAndOnSlot
22:01:13 
22:01:13 
22:01:13 blocked link because:
22:01:13 isNotInSignAndOnSlot
22:01:13 
22:01:13 allowed click
22:01:13 allowed click
22:01:13 allowed click
22:01:13 allowed click
22:01:13 allowed click
22:01:13 allowed click
22:01:13 allowed click
22:01:13 allowed click
22:01:13 allowed click
22:01:13 allowed click
22:01:13 allowed click
22:01:13 allowed click
22:01:13 allowed click
22:01:13 allowed click
22:01:13 allowed click
22:01:13 allowed click
22:01:13 allowed click
22:01:13 allowed click
22:01:13 allowed click
22:01:13 allowed click
22:01:13 allowed click
22:01:13 allowed click
22:01:13 allowed click
22:01:13 allowed click
22:01:13 allowed click
22:01:13 allowed click
22:01:13 allowed click
22:01:13 allowed click
22:01:13 allowed click
22:01:13 allowed click
22:01:13 allowed click
22:01:13 allowed click
22:01:13 allowed click
22:01:13 allowed click
22:01:13 allowed click
22:01:13 allowed click
22:01:13 allowed click
22:01:13 allowed click
22:01:13 allowed click
22:01:13 allowed click
22:01:13 allowed click
22:01:13 allowed click
22:01:13 allowed click
22:01:13 allowed click
22:01:13 allowed click
22:01:13 allowed click
22:01:13 allowed click
22:01:13 allowed click
22:01:13 allowed click
22:01:13 allowed click
22:01:13 allowed click
22:01:13 allowed click
22:01:13 allowed click
22:01:13 allowed click
22:01:13 allowed click
22:01:13 allowed click
22:01:14 allowed click
22:01:14 allowed click
22:01:14 allowed click
22:01:14 allowed click
22:01:14 allowed click
22:01:14 allowed click
22:01:14 allowed click
22:01:14 allowed click
22:01:14 allowed click
22:01:14 allowed click
22:01:14 allowed click
22:01:14 allowed click
22:01:14 allowed click
22:01:14 allowed click
22:01:14 allowed click
22:01:14 allowed click
22:01:14 allowed click
22:01:14 allowed click
22:01:14 allowed click
22:01:14 allowed click
22:06:28 allowed click
22:06:28 allowed click
22:06:28 allowed click
22:06:28 allowed click
22:06:28 allowed click
22:06:28 allowed click
22:06:28 allowed click
22:06:28 allowed click
22:06:29 allowed click
22:06:29 allowed click
22:06:29 allowed click
22:06:29 allowed click
22:06:29 allowed click
22:06:29 allowed click
22:06:29 allowed click
22:06:29 allowed click
22:06:29 allowed click
22:06:29 allowed click
22:06:29 allowed click
22:06:29 allowed click
22:06:29 allowed click
22:06:29 allowed click
22:06:29 allowed click
22:06:29 allowed click
22:06:29 allowed click
22:06:29 allowed click
22:06:29 allowed click
22:06:29 allowed click
22:06:29 allowed click
22:06:29 allowed click
22:06:29 allowed click
22:06:29 allowed click
22:06:29 allowed click
22:06:29 allowed click
22:06:29 allowed click
22:06:29 allowed click
22:06:29 allowed click
22:06:29 allowed click
22:06:29 allowed click
22:06:29 allowed click
22:06:29 allowed click
22:06:29 allowed click
22:06:29 allowed click
22:06:29 allowed click
22:06:29 allowed click
22:06:29 allowed click
22:06:29 allowed click
22:06:29 allowed click
22:06:29 allowed click
22:06:29 allowed click
22:06:29 allowed click
22:06:29 allowed click
22:06:29 allowed click
22:06:29 allowed click
22:06:29 allowed click
22:06:29 allowed click
22:06:29 allowed click
22:06:29 allowed click
22:06:29 allowed click
22:06:29 allowed click
22:06:37 
22:06:37 blocked link because:
22:06:37 isNotInSignAndOnSlot
22:06:37 
22:06:37 allowed click
22:06:37 allowed click
22:06:37 allowed click
22:06:37 allowed click
22:06:37 allowed click
22:06:37 allowed click
22:06:37 allowed click
22:06:37 allowed click
22:06:37 allowed click
22:06:37 allowed click
22:06:37 allowed click
22:06:37 allowed click
22:06:38 allowed click
22:06:38 allowed click
22:06:38 allowed click
22:06:38 allowed click
22:06:38 allowed click
22:06:38 allowed click
22:06:38 allowed click
22:06:38 allowed click
22:06:38 allowed click
22:06:38 allowed click
22:06:38 allowed click
22:06:38 allowed click
22:06:38 allowed click
22:06:38 allowed click
22:06:38 allowed click
22:06:38 allowed click
22:06:38 allowed click
22:06:38 allowed click
22:06:38 allowed click
22:06:38 allowed click
22:06:38 allowed click
22:06:38 allowed click
22:06:38 allowed click
22:06:38 allowed click
22:06:38 allowed click
22:06:38 allowed click
22:06:38 allowed click
22:06:38 allowed click
22:06:38 allowed click
22:06:38 allowed click
22:06:38 allowed click
22:06:38 allowed click
22:06:38 allowed click
22:06:38 allowed click
22:06:38 allowed click
22:06:38 allowed click
22:06:38 allowed click
22:06:38 allowed click
22:06:38 allowed click
22:06:38 allowed click
22:06:38 allowed click
22:06:38 allowed click
22:06:38 allowed click
22:06:38 allowed click
22:06:38 allowed click
22:06:38 allowed click
22:06:38 allowed click
22:06:38 allowed click
22:06:38 allowed click
22:06:38 allowed click
22:06:38 allowed click
22:06:38 allowed click
22:06:38 allowed click
22:06:38 allowed click
22:06:38 allowed click
22:06:38 allowed click
22:06:38 allowed click
22:06:38 allowed click
22:06:38 allowed click
22:06:38 allowed click
22:06:38 allowed click
22:06:38 allowed click
22:06:38 allowed click
22:06:38 allowed click
22:06:38 allowed click
22:06:38 allowed click
22:06:38 allowed click
22:06:38 allowed click
22:06:38 allowed click
22:06:38 allowed click
22:06:38 allowed click
22:06:38 allowed click
22:06:38 allowed click
22:06:38 allowed click
22:06:38 allowed click
22:06:38 allowed click
22:06:38 allowed click
22:06:38 allowed click
22:06:38 allowed click
22:06:38 allowed click
22:09:10 
22:09:10 blocked link because:
22:09:10 isNotInSignAndOnSlot
22:09:10 
22:09:10 
22:09:10 blocked link because:
22:09:10 isNotInSignAndOnSlot
22:09:10 
22:09:10 allowed click
22:09:10 allowed click
22:09:10 allowed click
22:09:10 allowed click
22:09:10 allowed click
22:09:10 allowed click
22:09:10 allowed click
22:09:10 allowed click
22:09:10 allowed click
22:09:10 allowed click
22:09:10 allowed click
22:09:10 allowed click
22:09:10 allowed click
22:09:10 allowed click
22:09:10 allowed click
22:09:10 allowed click
22:09:10 allowed click
22:09:10 allowed click
22:09:10 allowed click
22:09:10 allowed click
22:09:10 allowed click
22:09:10 allowed click
22:09:10 allowed click
22:09:10 allowed click
22:09:10 allowed click
22:09:10 allowed click
22:09:10 allowed click
22:09:10 allowed click
22:09:10 allowed click
22:09:10 allowed click
22:09:10 allowed click
22:09:10 allowed click
22:09:10 allowed click
22:09:10 allowed click
22:09:10 allowed click
22:09:10 allowed click
22:09:10 allowed click
22:09:10 allowed click
22:09:10 allowed click
22:09:10 allowed click
22:09:10 allowed click
22:09:10 allowed click
22:09:10 allowed click
22:09:10 allowed click
22:09:10 allowed click
22:09:10 allowed click
22:09:10 allowed click
22:09:10 allowed click
22:09:10 allowed click
22:09:10 allowed click
22:09:10 allowed click
22:09:10 allowed click
22:09:11 allowed click
22:09:11 allowed click
22:09:11 allowed click
22:09:11 allowed click
22:09:11 allowed click
22:09:11 allowed click
22:09:11 allowed click
22:09:11 allowed click
22:09:11 allowed click
22:09:11 allowed click
22:09:11 allowed click
22:09:11 allowed click
22:09:11 allowed click
22:09:11 allowed click
22:09:11 allowed click
22:09:11 allowed click
22:09:11 allowed click
22:09:11 allowed click
22:09:11 allowed click
22:09:11 allowed click
22:09:11 allowed click
22:09:11 allowed click
22:09:11 allowed click
22:09:11 allowed click
22:09:11 allowed click
22:09:11 allowed click
22:09:11 allowed click
22:09:11 allowed click
22:09:11 allowed click
22:09:11 allowed click
22:09:11 allowed click
22:09:11 allowed click
22:09:32 
22:09:32 blocked link because:
22:09:32 isNotInSignAndOnSlot
22:09:32 
22:09:32 
22:09:32 blocked link because:
22:09:32 isNotInSignAndOnSlot
22:09:32 
22:09:33 allowed click
22:09:33 allowed click
22:09:33 allowed click
22:09:33 allowed click
22:09:33 allowed click
22:09:33 allowed click
22:09:33 allowed click
22:09:33 allowed click
22:09:33 allowed click
22:09:33 allowed click
22:09:33 allowed click
22:09:33 allowed click
22:09:33 allowed click
22:09:33 allowed click
22:09:33 allowed click
22:09:33 allowed click
22:09:33 allowed click
22:09:33 allowed click
22:09:33 allowed click
22:09:33 allowed click
22:09:33 allowed click
22:09:33 allowed click
22:09:33 allowed click
22:09:33 allowed click
22:09:33 allowed click
22:09:33 allowed click
22:09:33 allowed click
22:09:33 allowed click
22:09:33 allowed click
22:09:33 allowed click
22:09:33 allowed click
22:09:33 allowed click
22:09:33 allowed click
22:09:33 allowed click
22:09:33 allowed click
22:09:33 allowed click
22:09:33 allowed click
22:09:33 allowed click
22:09:33 allowed click
22:09:33 allowed click
22:09:33 allowed click
22:09:33 allowed click
22:09:33 allowed click
22:09:33 allowed click
22:09:33 allowed click
22:09:33 allowed click
22:09:33 allowed click
22:09:33 allowed click
22:09:33 allowed click
22:09:33 allowed click
22:09:33 allowed click
22:09:33 allowed click
22:09:33 allowed click
22:09:33 allowed click
22:09:33 allowed click
22:09:33 allowed click
22:09:33 allowed click
22:09:33 allowed click
22:09:33 allowed click
22:09:33 allowed click
22:09:33 allowed click
22:09:33 allowed click
22:09:33 allowed click
22:09:33 allowed click
22:09:33 allowed click
22:09:33 allowed click
22:09:33 allowed click
22:09:33 allowed click
22:09:33 allowed click
22:09:33 allowed click
22:09:33 allowed click
22:09:33 allowed click
22:09:33 allowed click
22:09:33 allowed click
22:09:33 allowed click
22:09:33 allowed click
22:09:33 allowed click
22:09:33 allowed click
22:09:33 allowed click
22:09:33 allowed click
22:09:33 allowed click
22:09:33 allowed click
22:09:33 allowed click
22:09:33 allowed click
22:09:33 allowed click
22:09:33 allowed click
22:09:33 allowed click
22:09:33 allowed click
22:09:33 allowed click
22:09:33 allowed click
22:09:33 allowed click
22:09:33 allowed click
23:56:41 
23:56:41 blocked link because:
23:56:41 isNotInSignAndOnSlot
23:56:41 
23:56:41 
23:56:41 blocked link because:
23:56:41 isNotInSignAndOnSlot
23:56:41 
23:56:41 allowed click
23:56:41 allowed click
23:56:41 allowed click
23:56:41 allowed click
23:56:41 allowed click
23:56:41 allowed click
23:56:41 allowed click
23:56:41 allowed click
23:56:41 allowed click
23:56:41 allowed click
23:56:41 allowed click
23:56:41 allowed click
23:56:41 allowed click
23:56:41 allowed click
23:56:41 allowed click
23:56:41 allowed click
23:56:41 allowed click
23:56:41 allowed click
23:56:41 allowed click
23:56:41 allowed click
23:56:41 allowed click
23:56:41 allowed click
23:56:41 allowed click
23:56:41 allowed click
23:56:41 allowed click
23:56:41 allowed click
23:56:41 allowed click
23:56:41 allowed click
23:56:41 allowed click
23:56:41 allowed click
23:56:41 allowed click
23:56:41 allowed click
00:00:16 allowed click
00:00:16 allowed click
00:00:16 allowed click
00:00:16 allowed click
00:00:16 allowed click
00:00:16 allowed click
00:00:16 allowed click
00:00:16 allowed click
00:00:16 allowed click
00:00:16 allowed click
00:00:16 allowed click
00:00:16 allowed click
00:00:16 allowed click
00:00:16 allowed click
00:00:16 allowed click
00:00:16 allowed click
00:00:16 allowed click
00:00:16 allowed click
00:00:16 allowed click
00:00:16 allowed click
00:03:42 
00:03:42 blocked link because:
00:03:42 isNotInSignAndOnSlot
00:03:42 
00:03:42 
00:03:42 blocked link because:
00:03:42 isNotInSignAndOnSlot
00:03:42 
00:03:42 allowed click
00:03:42 allowed click
00:03:42 allowed click
00:03:42 allowed click
00:03:43 allowed click
00:03:43 allowed click
00:03:43 allowed click
00:03:43 allowed click
00:03:43 allowed click
00:03:43 allowed click
00:03:43 allowed click
00:03:43 allowed click
00:03:43 allowed click
00:03:43 allowed click
00:03:43 allowed click
00:03:43 allowed click
00:03:43 allowed click
00:03:43 allowed click
00:03:43 allowed click
00:03:43 allowed click
00:03:43 allowed click
00:03:43 allowed click
00:03:43 allowed click
00:03:43 allowed click
00:03:43 allowed click
00:03:43 allowed click
00:03:43 allowed click
00:03:43 allowed click
00:03:43 allowed click
00:03:43 allowed click
00:03:43 allowed click
00:03:43 allowed click
00:03:43 allowed click
00:03:43 allowed click
00:03:43 allowed click
00:03:43 allowed click
00:03:43 allowed click
00:03:43 allowed click
00:03:43 allowed click
00:03:43 allowed click
00:03:43 allowed click
00:03:43 allowed click
00:03:43 allowed click
00:03:43 allowed click
00:05:32 
00:05:32 blocked link because:
00:05:32 isNotInSignAndOnSlot
00:05:32 
00:05:32 allowed click
00:05:32 allowed click
00:05:32 allowed click
00:05:32 allowed click
00:05:32 allowed click
00:05:32 allowed click
00:05:32 allowed click
00:05:32 allowed click
00:05:32 allowed click
00:05:32 allowed click
00:05:32 allowed click
00:05:32 allowed click
00:05:32 allowed click
00:05:32 allowed click
00:05:32 allowed click
00:05:32 allowed click
00:05:32 allowed click
00:05:32 allowed click
00:05:32 allowed click
00:05:32 allowed click
00:05:32 allowed click
00:05:32 allowed click
00:05:32 allowed click
00:05:32 allowed click
00:05:32 allowed click
00:05:32 allowed click
00:05:32 allowed click
00:05:32 allowed click
00:05:32 allowed click
00:05:32 allowed click
00:05:32 allowed click
00:05:32 allowed click
00:05:32 allowed click
00:05:32 allowed click
00:05:32 allowed click
00:05:32 allowed click
00:05:32 allowed click
00:05:32 allowed click
00:05:32 allowed click
00:05:32 allowed click
00:05:32 allowed click
00:05:32 allowed click
00:05:32 allowed click
00:05:32 allowed click
