21:59:34 [STASH_COMPACT] §f                     §7You have §a1 §7item stashed away!
21:59:34 [STASH_COMPACT] §f                  §6§l>>> §6§lCLICK HERE§e to pick it up! §6§l<<<
21:59:34 [STASH_COMPACT]   
21:59:57 [STASH_COMPACT] §f                     §7You have §a1 §7item stashed away!
21:59:57 [STASH_COMPACT] §f                  §6§l>>> §6§lCLICK HERE§e to pick it up! §6§l<<<
21:59:57 [STASH_COMPACT]   
22:00:00 [STASH_COMPACT] §f                     §7You have §a1 §7item stashed away!
22:00:00 [STASH_COMPACT] §f                  §6§l>>> §6§lCLICK HERE§e to pick it up! §6§l<<<
22:00:00 [STASH_COMPACT]   
22:00:58 [STASH_COMPACT] §f                     §7You have §a1 §7item stashed away!
22:00:58 [STASH_COMPACT] §f                  §6§l>>> §6§lCLICK HERE§e to pick it up! §6§l<<<
22:00:58 [STASH_COMPACT]   
22:01:58 [STASH_COMPACT] §f                     §7You have §a1 §7item stashed away!
22:01:58 [STASH_COMPACT] §f                  §6§l>>> §6§lCLICK HERE§e to pick it up! §6§l<<<
22:01:58 [STASH_COMPACT]   
22:02:59 [STASH_COMPACT] §f                     §7You have §a1 §7item stashed away!
22:02:59 [STASH_COMPACT] §f                  §6§l>>> §6§lCLICK HERE§e to pick it up! §6§l<<<
22:02:59 [STASH_COMPACT]   
22:03:58 [STASH_COMPACT] §f                     §7You have §a1 §7item stashed away!
22:03:58 [STASH_COMPACT] §f                  §6§l>>> §6§lCLICK HERE§e to pick it up! §6§l<<<
22:03:58 [STASH_COMPACT]   
22:03:58 [STASH_COMPACT] §f                     §7You have §a1 §7item stashed away!
22:03:58 [STASH_COMPACT] §f                  §6§l>>> §6§lCLICK HERE§e to pick it up! §6§l<<<
22:03:58 [STASH_COMPACT]   
22:05:00 [STASH_COMPACT] §f                     §7You have §a1 §7item stashed away!
22:05:00 [STASH_COMPACT] §f                  §6§l>>> §6§lCLICK HERE§e to pick it up! §6§l<<<
22:05:00 [STASH_COMPACT]   
22:06:02 [STASH_COMPACT] §f                     §7You have §a1 §7item stashed away!
22:06:02 [STASH_COMPACT] §f                  §6§l>>> §6§lCLICK HERE§e to pick it up! §6§l<<<
22:06:02 [STASH_COMPACT]   
22:07:03 [STASH_COMPACT] §f                     §7You have §a1 §7item stashed away!
22:07:03 [STASH_COMPACT] §f                  §6§l>>> §6§lCLICK HERE§e to pick it up! §6§l<<<
22:07:03 [STASH_COMPACT]   
22:08:04 [STASH_COMPACT] §f                     §7You have §a1 §7item stashed away!
22:08:04 [STASH_COMPACT] §f                  §6§l>>> §6§lCLICK HERE§e to pick it up! §6§l<<<
22:08:04 [STASH_COMPACT]   
22:09:06 [STASH_COMPACT] §f                     §7You have §a1 §7item stashed away!
22:09:06 [STASH_COMPACT] §f                  §6§l>>> §6§lCLICK HERE§e to pick it up! §6§l<<<
22:09:06 [STASH_COMPACT]   
22:09:46 [STASH_COMPACT] §f                     §7You have §a1 §7item stashed away!
22:09:46 [STASH_COMPACT] §f                  §6§l>>> §6§lCLICK HERE§e to pick it up! §6§l<<<
22:09:46 [STASH_COMPACT]   
22:09:46 [STASH_COMPACT] §f                     §7You have §a1 §7item stashed away!
22:09:46 [STASH_COMPACT] §f                  §6§l>>> §6§lCLICK HERE§e to pick it up! §6§l<<<
22:09:46 [STASH_COMPACT]   
22:10:24 [STASH_COMPACT] §f                     §7You have §a1 §7item stashed away!
22:10:24 [STASH_COMPACT] §f                  §6§l>>> §6§lCLICK HERE§e to pick it up! §6§l<<<
22:10:24 [STASH_COMPACT]   
22:10:25 [STASH_COMPACT] §f                     §7You have §a1 §7item stashed away!
22:10:25 [STASH_COMPACT] §f                  §6§l>>> §6§lCLICK HERE§e to pick it up! §6§l<<<
22:10:25 [STASH_COMPACT]   
22:11:27 [STASH_COMPACT] §f                     §7You have §a1 §7item stashed away!
22:11:27 [STASH_COMPACT] §f                  §6§l>>> §6§lCLICK HERE§e to pick it up! §6§l<<<
22:11:27 [STASH_COMPACT]   
22:12:29 [STASH_COMPACT] §f                     §7You have §a1 §7item stashed away!
22:12:29 [STASH_COMPACT] §f                  §6§l>>> §6§lCLICK HERE§e to pick it up! §6§l<<<
22:12:29 [STASH_COMPACT]   
22:13:37 [STASH_COMPACT] §f                     §7You have §a1 §7item stashed away!
22:13:37 [STASH_COMPACT] §f                  §6§l>>> §6§lCLICK HERE§e to pick it up! §6§l<<<
22:13:37 [STASH_COMPACT]   
22:14:46 [STASH_COMPACT] §f                     §7You have §a1 §7item stashed away!
22:14:46 [STASH_COMPACT] §f                  §6§l>>> §6§lCLICK HERE§e to pick it up! §6§l<<<
22:14:46 [STASH_COMPACT]   
22:15:50 [STASH_COMPACT] §f                     §7You have §a1 §7item stashed away!
22:15:50 [STASH_COMPACT] §f                  §6§l>>> §6§lCLICK HERE§e to pick it up! §6§l<<<
22:15:50 [STASH_COMPACT]   
22:16:52 [STASH_COMPACT] §f                     §7You have §a1 §7item stashed away!
22:16:52 [STASH_COMPACT] §f                  §6§l>>> §6§lCLICK HERE§e to pick it up! §6§l<<<
22:16:52 [STASH_COMPACT]   
22:17:54 [STASH_COMPACT] §f                     §7You have §a1 §7item stashed away!
22:17:54 [STASH_COMPACT] §f                  §6§l>>> §6§lCLICK HERE§e to pick it up! §6§l<<<
22:17:54 [STASH_COMPACT]   
22:18:09 [STASH_COMPACT] §f                     §7You have §a1 §7item stashed away!
22:18:09 [STASH_COMPACT] §f                  §6§l>>> §6§lCLICK HERE§e to pick it up! §6§l<<<
22:18:09 [STASH_COMPACT]   
22:18:59 [STASH_COMPACT] §f                     §7You have §a1 §7item stashed away!
22:18:59 [STASH_COMPACT] §f                  §6§l>>> §6§lCLICK HERE§e to pick it up! §6§l<<<
22:18:59 [STASH_COMPACT]   
22:19:00 [STASH_COMPACT] §f                     §7You have §a1 §7item stashed away!
22:19:00 [STASH_COMPACT] §f                  §6§l>>> §6§lCLICK HERE§e to pick it up! §6§l<<<
22:19:00 [STASH_COMPACT]   
22:20:05 [STASH_COMPACT] §f                     §7You have §a1 §7item stashed away!
22:20:05 [STASH_COMPACT] §f                  §6§l>>> §6§lCLICK HERE§e to pick it up! §6§l<<<
22:20:05 [STASH_COMPACT]   
22:21:06 [STASH_COMPACT] §f                     §7You have §a1 §7item stashed away!
22:21:06 [STASH_COMPACT] §f                  §6§l>>> §6§lCLICK HERE§e to pick it up! §6§l<<<
22:21:06 [STASH_COMPACT]   
22:22:08 [STASH_COMPACT] §f                     §7You have §a1 §7item stashed away!
22:22:08 [STASH_COMPACT] §f                  §6§l>>> §6§lCLICK HERE§e to pick it up! §6§l<<<
22:22:08 [STASH_COMPACT]   
22:23:09 [STASH_COMPACT] §f                     §7You have §a1 §7item stashed away!
22:23:09 [STASH_COMPACT] §f                  §6§l>>> §6§lCLICK HERE§e to pick it up! §6§l<<<
22:23:09 [STASH_COMPACT]   
22:23:39 [STASH_COMPACT] §f                     §7You have §a1 §7item stashed away!
22:23:39 [STASH_COMPACT] §f                  §6§l>>> §6§lCLICK HERE§e to pick it up! §6§l<<<
22:23:39 [STASH_COMPACT]   
22:23:40 [STASH_COMPACT] §f                     §7You have §a1 §7item stashed away!
22:23:40 [STASH_COMPACT] §f                  §6§l>>> §6§lCLICK HERE§e to pick it up! §6§l<<<
22:23:40 [STASH_COMPACT]   
22:24:41 [STASH_COMPACT] §f                     §7You have §a1 §7item stashed away!
22:24:41 [STASH_COMPACT] §f                  §6§l>>> §6§lCLICK HERE§e to pick it up! §6§l<<<
22:24:41 [STASH_COMPACT]   
22:25:46 [STASH_COMPACT] §f                     §7You have §a1 §7item stashed away!
22:25:46 [STASH_COMPACT] §f                  §6§l>>> §6§lCLICK HERE§e to pick it up! §6§l<<<
22:25:46 [STASH_COMPACT]   
22:26:48 [STASH_COMPACT] §f                     §7You have §a1 §7item stashed away!
22:26:48 [STASH_COMPACT] §f                  §6§l>>> §6§lCLICK HERE§e to pick it up! §6§l<<<
22:26:48 [STASH_COMPACT]   
22:27:49 [STASH_COMPACT] §f                     §7You have §a1 §7item stashed away!
22:27:49 [STASH_COMPACT] §f                  §6§l>>> §6§lCLICK HERE§e to pick it up! §6§l<<<
22:27:49 [STASH_COMPACT]   
22:28:55 [STASH_COMPACT] §f                     §7You have §a1 §7item stashed away!
22:28:55 [STASH_COMPACT] §f                  §6§l>>> §6§lCLICK HERE§e to pick it up! §6§l<<<
22:28:55 [STASH_COMPACT]   
22:29:42 [STASH_COMPACT] §f                     §7You have §a1 §7item stashed away!
22:29:42 [STASH_COMPACT] §f                  §6§l>>> §6§lCLICK HERE§e to pick it up! §6§l<<<
22:29:42 [STASH_COMPACT]   
22:29:43 [STASH_COMPACT] §f                     §7You have §a1 §7item stashed away!
22:29:43 [STASH_COMPACT] §f                  §6§l>>> §6§lCLICK HERE§e to pick it up! §6§l<<<
22:29:43 [STASH_COMPACT]   
22:30:42 [STASH_COMPACT] §f                     §7You have §a1 §7item stashed away!
22:30:42 [STASH_COMPACT] §f                  §6§l>>> §6§lCLICK HERE§e to pick it up! §6§l<<<
22:30:42 [STASH_COMPACT]   
22:31:44 [STASH_COMPACT] §f                     §7You have §a1 §7item stashed away!
22:31:44 [STASH_COMPACT] §f                  §6§l>>> §6§lCLICK HERE§e to pick it up! §6§l<<<
22:31:44 [STASH_COMPACT]   
22:32:44 [STASH_COMPACT] §f                     §7You have §a1 §7item stashed away!
22:32:44 [STASH_COMPACT] §f                  §6§l>>> §6§lCLICK HERE§e to pick it up! §6§l<<<
22:32:44 [STASH_COMPACT]   
22:33:44 [STASH_COMPACT] §f                     §7You have §a1 §7item stashed away!
22:33:44 [STASH_COMPACT] §f                  §6§l>>> §6§lCLICK HERE§e to pick it up! §6§l<<<
22:33:44 [STASH_COMPACT]   
22:34:45 [STASH_COMPACT] §f                     §7You have §a1 §7item stashed away!
22:34:45 [STASH_COMPACT] §f                  §6§l>>> §6§lCLICK HERE§e to pick it up! §6§l<<<
22:34:45 [STASH_COMPACT]   
22:35:05 [STASH_COMPACT] §f                     §7You have §a1 §7item stashed away!
22:35:05 [STASH_COMPACT] §f                  §6§l>>> §6§lCLICK HERE§e to pick it up! §6§l<<<
22:35:05 [STASH_COMPACT]   
22:35:07 [STASH_COMPACT] §f                     §7You have §a1 §7item stashed away!
22:35:07 [STASH_COMPACT] §f                  §6§l>>> §6§lCLICK HERE§e to pick it up! §6§l<<<
22:35:07 [STASH_COMPACT]   
22:36:07 [STASH_COMPACT] §f                     §7You have §a1 §7item stashed away!
22:36:07 [STASH_COMPACT] §f                  §6§l>>> §6§lCLICK HERE§e to pick it up! §6§l<<<
22:36:07 [STASH_COMPACT]   
22:37:08 [STASH_COMPACT] §f                     §7You have §a1 §7item stashed away!
22:37:08 [STASH_COMPACT] §f                  §6§l>>> §6§lCLICK HERE§e to pick it up! §6§l<<<
22:37:08 [STASH_COMPACT]   
22:38:10 [STASH_COMPACT] §f                     §7You have §a1 §7item stashed away!
22:38:10 [STASH_COMPACT] §f                  §6§l>>> §6§lCLICK HERE§e to pick it up! §6§l<<<
22:38:10 [STASH_COMPACT]   
22:39:11 [STASH_COMPACT] §f                     §7You have §a1 §7item stashed away!
22:39:11 [STASH_COMPACT] §f                  §6§l>>> §6§lCLICK HERE§e to pick it up! §6§l<<<
22:39:11 [STASH_COMPACT]   
22:40:12 [STASH_COMPACT] §f                     §7You have §a1 §7item stashed away!
22:40:12 [STASH_COMPACT] §f                  §6§l>>> §6§lCLICK HERE§e to pick it up! §6§l<<<
22:40:12 [STASH_COMPACT]   
22:41:01 [STASH_COMPACT] §f                     §7You have §a1 §7item stashed away!
22:41:01 [STASH_COMPACT] §f                  §6§l>>> §6§lCLICK HERE§e to pick it up! §6§l<<<
22:41:01 [STASH_COMPACT]   
22:41:19 [STASH_COMPACT] §f                     §7You have §a1 §7item stashed away!
22:41:19 [STASH_COMPACT] §f                  §6§l>>> §6§lCLICK HERE§e to pick it up! §6§l<<<
22:41:19 [STASH_COMPACT]   
22:42:20 [STASH_COMPACT] §f                     §7You have §a1 §7item stashed away!
22:42:20 [STASH_COMPACT] §f                  §6§l>>> §6§lCLICK HERE§e to pick it up! §6§l<<<
22:42:20 [STASH_COMPACT]   
22:43:20 [STASH_COMPACT] §f                     §7You have §a1 §7item stashed away!
22:43:20 [STASH_COMPACT] §f                  §6§l>>> §6§lCLICK HERE§e to pick it up! §6§l<<<
22:43:20 [STASH_COMPACT]   
22:44:21 [STASH_COMPACT] §f                     §7You have §a1 §7item stashed away!
22:44:21 [STASH_COMPACT] §f                  §6§l>>> §6§lCLICK HERE§e to pick it up! §6§l<<<
22:44:21 [STASH_COMPACT]   
22:45:32 [STASH_COMPACT] §f                     §7You have §a1 §7item stashed away!
22:45:32 [STASH_COMPACT] §f                  §6§l>>> §6§lCLICK HERE§e to pick it up! §6§l<<<
22:45:32 [STASH_COMPACT]   
22:46:17 [STASH_COMPACT] §f                     §7You have §a1 §7item stashed away!
22:46:17 [STASH_COMPACT] §f                  §6§l>>> §6§lCLICK HERE§e to pick it up! §6§l<<<
22:46:17 [STASH_COMPACT]   
22:47:18 [STASH_COMPACT] §f                     §7You have §a1 §7item stashed away!
22:47:18 [STASH_COMPACT] §f                  §6§l>>> §6§lCLICK HERE§e to pick it up! §6§l<<<
22:47:18 [STASH_COMPACT]   
22:48:17 [STASH_COMPACT] §f                     §7You have §a1 §7item stashed away!
22:48:17 [STASH_COMPACT] §f                  §6§l>>> §6§lCLICK HERE§e to pick it up! §6§l<<<
22:48:17 [STASH_COMPACT]   
22:49:08 [STASH_COMPACT] §f                     §7You have §a1 §7item stashed away!
22:49:08 [STASH_COMPACT] §f                  §6§l>>> §6§lCLICK HERE§e to pick it up! §6§l<<<
22:49:08 [STASH_COMPACT]   
22:49:26 [STASH_COMPACT] §f                     §7You have §a1 §7item stashed away!
22:49:26 [STASH_COMPACT] §f                  §6§l>>> §6§lCLICK HERE§e to pick it up! §6§l<<<
22:49:26 [STASH_COMPACT]   
22:50:20 [STASH_COMPACT] §f                     §7You have §a1 §7item stashed away!
22:50:20 [STASH_COMPACT] §f                  §6§l>>> §6§lCLICK HERE§e to pick it up! §6§l<<<
22:50:20 [STASH_COMPACT]   
22:51:22 [STASH_COMPACT] §f                     §7You have §a1 §7item stashed away!
22:51:22 [STASH_COMPACT] §f                  §6§l>>> §6§lCLICK HERE§e to pick it up! §6§l<<<
22:51:22 [STASH_COMPACT]   
22:52:23 [STASH_COMPACT] §f                     §7You have §a1 §7item stashed away!
22:52:24 [STASH_COMPACT] §f                  §6§l>>> §6§lCLICK HERE§e to pick it up! §6§l<<<
22:52:24 [STASH_COMPACT]   
22:53:24 [STASH_COMPACT] §f                     §7You have §a1 §7item stashed away!
22:53:24 [STASH_COMPACT] §f                  §6§l>>> §6§lCLICK HERE§e to pick it up! §6§l<<<
22:53:24 [STASH_COMPACT]   
22:54:25 [STASH_COMPACT] §f                     §7You have §a1 §7item stashed away!
22:54:25 [STASH_COMPACT] §f                  §6§l>>> §6§lCLICK HERE§e to pick it up! §6§l<<<
22:54:25 [STASH_COMPACT]   
22:55:26 [STASH_COMPACT] §f                     §7You have §a1 §7item stashed away!
22:55:26 [STASH_COMPACT] §f                  §6§l>>> §6§lCLICK HERE§e to pick it up! §6§l<<<
22:55:26 [STASH_COMPACT]   
22:56:27 [STASH_COMPACT] §f                     §7You have §a1 §7item stashed away!
22:56:27 [STASH_COMPACT] §f                  §6§l>>> §6§lCLICK HERE§e to pick it up! §6§l<<<
22:56:27 [STASH_COMPACT]   
22:56:49 [STASH_COMPACT] §f                     §7You have §a1 §7item stashed away!
22:56:49 [STASH_COMPACT] §f                  §6§l>>> §6§lCLICK HERE§e to pick it up! §6§l<<<
22:56:49 [STASH_COMPACT]   
22:57:16 [STASH_COMPACT] §f                     §7You have §a1 §7item stashed away!
22:57:16 [STASH_COMPACT] §f                  §6§l>>> §6§lCLICK HERE§e to pick it up! §6§l<<<
22:57:16 [STASH_COMPACT]   
22:58:00 [STASH_COMPACT] §f                     §7You have §a1 §7item stashed away!
22:58:00 [STASH_COMPACT] §f                  §6§l>>> §6§lCLICK HERE§e to pick it up! §6§l<<<
22:58:00 [STASH_COMPACT]   
22:58:03 [STASH_COMPACT] §f                     §7You have §a1 §7item stashed away!
22:58:03 [STASH_COMPACT] §f                  §6§l>>> §6§lCLICK HERE§e to pick it up! §6§l<<<
22:58:03 [STASH_COMPACT]   
22:58:08 [PEST_DROP] §eYou received §a87x Enchanted Potato §efor killing a §2Locust§e!
22:58:19 [PEST_DROP] §eYou received §a102x Enchanted Potato §efor killing a §2Locust§e!
22:58:27 [PEST_DROP] §eYou received §a64x Enchanted Cactus Green §efor killing a §2Mite§e!
22:58:35 [PEST_DROP] §eYou received §a95x Enchanted Nether Wart §efor killing a §2Beetle§e!
22:58:37 [PEST_DROP] §eYou received §a68x Enchanted Sugar §efor killing a §2Mosquito§e!
22:58:44 [PEST_DROP] §eYou received §a33x Enchanted Pumpkin §efor killing a §2Rat§e!
22:58:57 [PEST_DROP] §eYou received §a33x Enchanted Pumpkin §efor killing a §2Rat§e!
22:59:01 [STASH_COMPACT] §f                     §7You have §a1 §7item stashed away!
22:59:01 [STASH_COMPACT] §f                  §6§l>>> §6§lCLICK HERE§e to pick it up! §6§l<<<
22:59:01 [STASH_COMPACT]   
22:59:20 [PEST_DROP] §eYou received §a67x Enchanted Cactus Green §efor killing a §2Mite§e!
22:59:20 [PEST_DROP] §eYou received §a116x Enchanted Potato §efor killing a §2Locust§e!
22:59:20 [PEST_DROP] §eYou received §a33x Enchanted Pumpkin §efor killing a §2Rat§e!
22:59:21 [PEST_DROP] §eYou received §a68x Enchanted Sugar §efor killing a §2Mosquito§e!
22:59:21 [PEST_DROP] §eYou received §a115x Enchanted Potato §efor killing a §2Locust§e!
22:59:21 [PEST_DROP] §eYou received §a116x Enchanted Potato §efor killing a §2Locust§e!
22:59:23 [PEST_DROP] §eYou received §a115x Enchanted Potato §efor killing a §2Locust§e!
22:59:23 [PEST_DROP] §eYou received §a115x Enchanted Carrot §efor killing a §2Cricket§e!
23:00:02 [STASH_COMPACT] §f                     §7You have §a1 §7item stashed away!
23:00:02 [STASH_COMPACT] §f                  §6§l>>> §6§lCLICK HERE§e to pick it up! §6§l<<<
23:00:02 [STASH_COMPACT]   
23:00:07 [GARDEN_VISITOR_MESSAGE] §e[NPC] §9Grandma Wolf§f: §r§fMy little child, you don't look so good. You should eat something. I have an idea, give me some ingredients and I'll make you a nice soup.
23:00:09 [GARDEN_VISITOR_MESSAGE] §e[NPC] §9Grandma Wolf§f: §r§fI will make you a meal that you won't forget!
23:00:09 [GARDEN_VISITOR_MESSAGE] §e[NPC] §aSargwyn§f: §r§fBuurrrp? ... BuURrpPp!
23:00:12 [GARDEN_VISITOR_MESSAGE] §e[NPC] §aSargwyn§f: §r§fBUUUUUUUUUUUUUUUUUUUUUUUUURP!
23:00:13 [GARDEN_VISITOR_MESSAGE] §e[NPC] §9Tammy§f: §r§fI've been planning to build a trap for unaware animals so I can hunt them more efficiently. I really need some cactus, preferably the ones with the biggest spikes!
23:00:14 [GARDEN_VISITOR_MESSAGE] §e[NPC] §9Tammy§f: §r§fAmazing! Thanks for taking the time! Now, time to finish my Cactus Trap...and hopefully it boosts my pelt earnings.
23:00:15 [GARDEN_VISITOR_MESSAGE] §e[NPC] §9Lazy Miner§f: §rIt's Monday, my resting day! I earned myself a little treat, maybe you could bring me some chocolate?
23:00:17 [GARDEN_VISITOR_MESSAGE] §e[NPC] §9Lazy Miner§f: §r§fThat's really unfortunate, I'll just come back again on my next resting day!
23:01:02 [STASH_COMPACT] §f                     §7You have §a1 §7item stashed away!
23:01:02 [STASH_COMPACT] §f                  §6§l>>> §6§lCLICK HERE§e to pick it up! §6§l<<<
23:01:02 [STASH_COMPACT]   
23:02:05 [STASH_COMPACT] §f                     §7You have §a1 §7item stashed away!
23:02:05 [STASH_COMPACT] §f                  §6§l>>> §6§lCLICK HERE§e to pick it up! §6§l<<<
23:02:05 [STASH_COMPACT]   
23:02:10 [STASH_COMPACT] §f                     §7You have §a1 §7item stashed away!
23:02:10 [STASH_COMPACT] §f                  §6§l>>> §6§lCLICK HERE§e to pick it up! §6§l<<<
23:02:10 [STASH_COMPACT]   
23:03:11 [STASH_COMPACT] §f                     §7You have §a1 §7item stashed away!
23:03:11 [STASH_COMPACT] §f                  §6§l>>> §6§lCLICK HERE§e to pick it up! §6§l<<<
23:03:11 [STASH_COMPACT]   
23:04:11 [STASH_COMPACT] §f                     §7You have §a1 §7item stashed away!
23:04:11 [STASH_COMPACT] §f                  §6§l>>> §6§lCLICK HERE§e to pick it up! §6§l<<<
23:04:11 [STASH_COMPACT]   
23:05:12 [STASH_COMPACT] §f                     §7You have §a1 §7item stashed away!
23:05:12 [STASH_COMPACT] §f                  §6§l>>> §6§lCLICK HERE§e to pick it up! §6§l<<<
23:05:12 [STASH_COMPACT]   
23:06:13 [STASH_COMPACT] §f                     §7You have §a1 §7item stashed away!
23:06:13 [STASH_COMPACT] §f                  §6§l>>> §6§lCLICK HERE§e to pick it up! §6§l<<<
23:06:13 [STASH_COMPACT]   
23:06:41 [STASH_COMPACT] §f                     §7You have §a1 §7item stashed away!
23:06:41 [STASH_COMPACT] §f                  §6§l>>> §6§lCLICK HERE§e to pick it up! §6§l<<<
23:06:41 [STASH_COMPACT]   
23:06:44 [STASH_COMPACT] §f                     §7You have §a1 §7item stashed away!
23:06:44 [STASH_COMPACT] §f                  §6§l>>> §6§lCLICK HERE§e to pick it up! §6§l<<<
23:06:44 [STASH_COMPACT]   
23:07:11 [STASH_COMPACT] §f                     §7You have §a1 §7item stashed away!
23:07:11 [STASH_COMPACT] §f                  §6§l>>> §6§lCLICK HERE§e to pick it up! §6§l<<<
23:07:11 [STASH_COMPACT]   
23:07:15 [STASH_COMPACT] §f                     §7You have §a1 §7item stashed away!
23:07:15 [STASH_COMPACT] §f                  §6§l>>> §6§lCLICK HERE§e to pick it up! §6§l<<<
23:07:15 [STASH_COMPACT]   
23:07:20 [STASH_COMPACT] §f                     §7You have §a1 §7item stashed away!
23:07:20 [STASH_COMPACT] §f                  §6§l>>> §6§lCLICK HERE§e to pick it up! §6§l<<<
23:07:20 [STASH_COMPACT]   
23:07:23 [STASH_COMPACT] §f                     §7You have §a1 §7item stashed away!
23:07:23 [STASH_COMPACT] §f                  §6§l>>> §6§lCLICK HERE§e to pick it up! §6§l<<<
23:07:23 [STASH_COMPACT]   
23:08:19 [STASH_COMPACT] §f                     §7You have §a1 §7item stashed away!
23:08:19 [STASH_COMPACT] §f                  §6§l>>> §6§lCLICK HERE§e to pick it up! §6§l<<<
23:08:19 [STASH_COMPACT]   
23:09:20 [STASH_COMPACT] §f                     §7You have §a1 §7item stashed away!
23:09:20 [STASH_COMPACT] §f                  §6§l>>> §6§lCLICK HERE§e to pick it up! §6§l<<<
23:09:20 [STASH_COMPACT]   
23:10:20 [STASH_COMPACT] §f                     §7You have §a1 §7item stashed away!
23:10:20 [STASH_COMPACT] §f                  §6§l>>> §6§lCLICK HERE§e to pick it up! §6§l<<<
23:10:20 [STASH_COMPACT]   
23:11:21 [STASH_COMPACT] §f                     §7You have §a1 §7item stashed away!
23:11:21 [STASH_COMPACT] §f                  §6§l>>> §6§lCLICK HERE§e to pick it up! §6§l<<<
23:11:21 [STASH_COMPACT]   
23:12:18 [STASH_COMPACT] §f                     §7You have §a1 §7item stashed away!
23:12:18 [STASH_COMPACT] §f                  §6§l>>> §6§lCLICK HERE§e to pick it up! §6§l<<<
23:12:18 [STASH_COMPACT]   
23:13:13 [STASH_COMPACT] §f                     §7You have §a1 §7item stashed away!
23:13:13 [STASH_COMPACT] §f                  §6§l>>> §6§lCLICK HERE§e to pick it up! §6§l<<<
23:13:13 [STASH_COMPACT]   
23:13:51 [STASH_COMPACT] §f                     §7You have §a1 §7item stashed away!
23:13:51 [STASH_COMPACT] §f                  §6§l>>> §6§lCLICK HERE§e to pick it up! §6§l<<<
23:13:51 [STASH_COMPACT]   
23:13:54 [STASH_COMPACT] §f                     §7You have §a1 §7item stashed away!
23:13:54 [STASH_COMPACT] §f                  §6§l>>> §6§lCLICK HERE§e to pick it up! §6§l<<<
23:13:54 [STASH_COMPACT]   
23:14:51 [STASH_COMPACT] §f                     §7You have §a1 §7item stashed away!
23:14:51 [STASH_COMPACT] §f                  §6§l>>> §6§lCLICK HERE§e to pick it up! §6§l<<<
23:14:51 [STASH_COMPACT]   
23:15:54 [STASH_COMPACT] §f                     §7You have §a1 §7item stashed away!
23:15:54 [STASH_COMPACT] §f                  §6§l>>> §6§lCLICK HERE§e to pick it up! §6§l<<<
23:15:54 [STASH_COMPACT]   
23:17:00 [STASH_COMPACT] §f                     §7You have §a1 §7item stashed away!
23:17:00 [STASH_COMPACT] §f                  §6§l>>> §6§lCLICK HERE§e to pick it up! §6§l<<<
23:17:00 [STASH_COMPACT]   
23:18:01 [STASH_COMPACT] §f                     §7You have §a1 §7item stashed away!
23:18:01 [STASH_COMPACT] §f                  §6§l>>> §6§lCLICK HERE§e to pick it up! §6§l<<<
23:18:01 [STASH_COMPACT]   
23:19:02 [STASH_COMPACT] §f                     §7You have §a1 §7item stashed away!
23:19:02 [STASH_COMPACT] §f                  §6§l>>> §6§lCLICK HERE§e to pick it up! §6§l<<<
23:19:02 [STASH_COMPACT]   
23:19:51 [STASH_COMPACT] §f                     §7You have §a1 §7item stashed away!
23:19:51 [STASH_COMPACT] §f                  §6§l>>> §6§lCLICK HERE§e to pick it up! §6§l<<<
23:19:51 [STASH_COMPACT]   
23:19:54 [STASH_COMPACT] §f                     §7You have §a1 §7item stashed away!
23:19:54 [STASH_COMPACT] §f                  §6§l>>> §6§lCLICK HERE§e to pick it up! §6§l<<<
23:19:54 [STASH_COMPACT]   
23:20:53 [STASH_COMPACT] §f                     §7You have §a1 §7item stashed away!
23:20:53 [STASH_COMPACT] §f                  §6§l>>> §6§lCLICK HERE§e to pick it up! §6§l<<<
23:20:53 [STASH_COMPACT]   
23:21:56 [STASH_COMPACT] §f                     §7You have §a1 §7item stashed away!
23:21:56 [STASH_COMPACT] §f                  §6§l>>> §6§lCLICK HERE§e to pick it up! §6§l<<<
23:21:56 [STASH_COMPACT]   
23:22:56 [STASH_COMPACT] §f                     §7You have §a1 §7item stashed away!
23:22:56 [STASH_COMPACT] §f                  §6§l>>> §6§lCLICK HERE§e to pick it up! §6§l<<<
23:22:56 [STASH_COMPACT]   
23:23:59 [STASH_COMPACT] §f                     §7You have §a1 §7item stashed away!
23:23:59 [STASH_COMPACT] §f                  §6§l>>> §6§lCLICK HERE§e to pick it up! §6§l<<<
23:23:59 [STASH_COMPACT]   
23:25:01 [STASH_COMPACT] §f                     §7You have §a1 §7item stashed away!
23:25:01 [STASH_COMPACT] §f                  §6§l>>> §6§lCLICK HERE§e to pick it up! §6§l<<<
23:25:01 [STASH_COMPACT]   
23:27:03 [STASH_COMPACT] §f                     §7You have §a1 §7item stashed away!
23:27:03 [STASH_COMPACT] §f                  §6§l>>> §6§lCLICK HERE§e to pick it up! §6§l<<<
23:27:03 [STASH_COMPACT]   
23:28:06 [STASH_COMPACT] §f                     §7You have §a1 §7item stashed away!
23:28:06 [STASH_COMPACT] §f                  §6§l>>> §6§lCLICK HERE§e to pick it up! §6§l<<<
23:28:06 [STASH_COMPACT]   
23:29:06 [STASH_COMPACT] §f                     §7You have §a1 §7item stashed away!
23:29:06 [STASH_COMPACT] §f                  §6§l>>> §6§lCLICK HERE§e to pick it up! §6§l<<<
23:29:06 [STASH_COMPACT]   
23:29:44 [STASH_COMPACT] §f                     §7You have §a1 §7item stashed away!
23:29:44 [STASH_COMPACT] §f                  §6§l>>> §6§lCLICK HERE§e to pick it up! §6§l<<<
23:29:44 [STASH_COMPACT]   
23:29:48 [STASH_COMPACT] §f                     §7You have §a1 §7item stashed away!
23:29:48 [STASH_COMPACT] §f                  §6§l>>> §6§lCLICK HERE§e to pick it up! §6§l<<<
23:29:48 [STASH_COMPACT]   
23:30:45 [STASH_COMPACT] §f                     §7You have §a1 §7item stashed away!
23:30:45 [STASH_COMPACT] §f                  §6§l>>> §6§lCLICK HERE§e to pick it up! §6§l<<<
23:30:45 [STASH_COMPACT]   
23:31:46 [STASH_COMPACT] §f                     §7You have §a1 §7item stashed away!
23:31:46 [STASH_COMPACT] §f                  §6§l>>> §6§lCLICK HERE§e to pick it up! §6§l<<<
23:31:46 [STASH_COMPACT]   
23:32:48 [STASH_COMPACT] §f                     §7You have §a1 §7item stashed away!
23:32:48 [STASH_COMPACT] §f                  §6§l>>> §6§lCLICK HERE§e to pick it up! §6§l<<<
23:32:48 [STASH_COMPACT]   
23:33:49 [STASH_COMPACT] §f                     §7You have §a1 §7item stashed away!
23:33:49 [STASH_COMPACT] §f                  §6§l>>> §6§lCLICK HERE§e to pick it up! §6§l<<<
23:33:49 [STASH_COMPACT]   
23:34:49 [STASH_COMPACT] §f                     §7You have §a1 §7item stashed away!
23:34:49 [STASH_COMPACT] §f                  §6§l>>> §6§lCLICK HERE§e to pick it up! §6§l<<<
23:34:49 [STASH_COMPACT]   
23:35:36 [STASH_COMPACT] §f                     §7You have §a1 §7item stashed away!
23:35:36 [STASH_COMPACT] §f                  §6§l>>> §6§lCLICK HERE§e to pick it up! §6§l<<<
23:35:36 [STASH_COMPACT]   
23:35:41 [STASH_COMPACT] §f                     §7You have §a1 §7item stashed away!
23:35:41 [STASH_COMPACT] §f                  §6§l>>> §6§lCLICK HERE§e to pick it up! §6§l<<<
23:35:41 [STASH_COMPACT]   
23:36:10 [PUZZLE_FAIL] §c§lPUZZLE FAIL! §r§bMatteke42 §r§ekilled a Blaze in the wrong order! §r§4Y§r§ci§r§6k§r§ee§r§as§r§2!
23:36:29 [PUZZLE_FAIL] §c§lPUZZLE FAIL! §r§bMatteke42 §r§ekilled a Blaze in the wrong order! §r§4Y§r§ci§r§6k§r§ee§r§as§r§2!
23:36:41 [STASH_COMPACT] §f                     §7You have §a1 §7item stashed away!
23:36:41 [STASH_COMPACT] §f                  §6§l>>> §6§lCLICK HERE§e to pick it up! §6§l<<<
23:36:41 [STASH_COMPACT]   
23:37:42 [STASH_COMPACT] §f                     §7You have §a1 §7item stashed away!
23:37:42 [STASH_COMPACT] §f                  §6§l>>> §6§lCLICK HERE§e to pick it up! §6§l<<<
23:37:42 [STASH_COMPACT]   
23:38:42 [STASH_COMPACT] §f                     §7You have §a1 §7item stashed away!
23:38:42 [STASH_COMPACT] §f                  §6§l>>> §6§lCLICK HERE§e to pick it up! §6§l<<<
23:38:42 [STASH_COMPACT]   
23:39:43 [STASH_COMPACT] §f                     §7You have §a1 §7item stashed away!
23:39:43 [STASH_COMPACT] §f                  §6§l>>> §6§lCLICK HERE§e to pick it up! §6§l<<<
23:39:43 [STASH_COMPACT]   
23:40:44 [STASH_COMPACT] §f                     §7You have §a1 §7item stashed away!
23:40:44 [STASH_COMPACT] §f                  §6§l>>> §6§lCLICK HERE§e to pick it up! §6§l<<<
23:40:44 [STASH_COMPACT]   
23:41:36 [STASH_COMPACT] §f                     §7You have §a1 §7item stashed away!
23:41:36 [STASH_COMPACT] §f                  §6§l>>> §6§lCLICK HERE§e to pick it up! §6§l<<<
23:41:36 [STASH_COMPACT]   
23:41:41 [STASH_COMPACT] §f                     §7You have §a1 §7item stashed away!
23:41:41 [STASH_COMPACT] §f                  §6§l>>> §6§lCLICK HERE§e to pick it up! §6§l<<<
23:41:41 [STASH_COMPACT]   
23:42:37 [STASH_COMPACT] §f                     §7You have §a1 §7item stashed away!
23:42:37 [STASH_COMPACT] §f                  §6§l>>> §6§lCLICK HERE§e to pick it up! §6§l<<<
23:42:37 [STASH_COMPACT]   
23:43:38 [STASH_COMPACT] §f                     §7You have §a1 §7item stashed away!
23:43:38 [STASH_COMPACT] §f                  §6§l>>> §6§lCLICK HERE§e to pick it up! §6§l<<<
23:43:38 [STASH_COMPACT]   
23:44:39 [STASH_COMPACT] §f                     §7You have §a1 §7item stashed away!
23:44:39 [STASH_COMPACT] §f                  §6§l>>> §6§lCLICK HERE§e to pick it up! §6§l<<<
23:44:39 [STASH_COMPACT]   
23:45:39 [STASH_COMPACT] §f                     §7You have §a1 §7item stashed away!
23:45:39 [STASH_COMPACT] §f                  §6§l>>> §6§lCLICK HERE§e to pick it up! §6§l<<<
23:45:39 [STASH_COMPACT]   
23:46:39 [STASH_COMPACT] §f                     §7You have §a1 §7item stashed away!
23:46:39 [STASH_COMPACT] §f                  §6§l>>> §6§lCLICK HERE§e to pick it up! §6§l<<<
23:46:39 [STASH_COMPACT]   
23:47:29 [STASH_COMPACT] §f                     §7You have §a1 §7item stashed away!
23:47:29 [STASH_COMPACT] §f                  §6§l>>> §6§lCLICK HERE§e to pick it up! §6§l<<<
23:47:29 [STASH_COMPACT]   
23:47:34 [STASH_COMPACT] §f                     §7You have §a1 §7item stashed away!
23:47:34 [STASH_COMPACT] §f                  §6§l>>> §6§lCLICK HERE§e to pick it up! §6§l<<<
23:47:34 [STASH_COMPACT]   
23:48:31 [STASH_COMPACT] §f                     §7You have §a1 §7item stashed away!
23:48:31 [STASH_COMPACT] §f                  §6§l>>> §6§lCLICK HERE§e to pick it up! §6§l<<<
23:48:31 [STASH_COMPACT]   
23:49:37 [STASH_COMPACT] §f                     §7You have §a1 §7item stashed away!
23:49:37 [STASH_COMPACT] §f                  §6§l>>> §6§lCLICK HERE§e to pick it up! §6§l<<<
23:49:37 [STASH_COMPACT]   
23:50:50 [STASH_COMPACT] §f                     §7You have §a1 §7item stashed away!
23:50:50 [STASH_COMPACT] §f                  §6§l>>> §6§lCLICK HERE§e to pick it up! §6§l<<<
23:50:50 [STASH_COMPACT]   
23:51:52 [STASH_COMPACT] §f                     §7You have §a1 §7item stashed away!
23:51:52 [STASH_COMPACT] §f                  §6§l>>> §6§lCLICK HERE§e to pick it up! §6§l<<<
23:51:52 [STASH_COMPACT]   
23:52:58 [STASH_COMPACT] §f                     §7You have §a1 §7item stashed away!
23:52:58 [STASH_COMPACT] §f                  §6§l>>> §6§lCLICK HERE§e to pick it up! §6§l<<<
23:52:58 [STASH_COMPACT]   
23:53:41 [STASH_COMPACT] §f                     §7You have §a1 §7item stashed away!
23:53:41 [STASH_COMPACT] §f                  §6§l>>> §6§lCLICK HERE§e to pick it up! §6§l<<<
23:53:41 [STASH_COMPACT]   
23:54:02 [STASH_COMPACT] §f                     §7You have §a1 §7item stashed away!
23:54:02 [STASH_COMPACT] §f                  §6§l>>> §6§lCLICK HERE§e to pick it up! §6§l<<<
23:54:02 [STASH_COMPACT]   
23:54:33 [STASH_COMPACT] §f                     §7You have §a1 §7item stashed away!
23:54:33 [STASH_COMPACT] §f                  §6§l>>> §6§lCLICK HERE§e to pick it up! §6§l<<<
23:54:33 [STASH_COMPACT]   
23:54:38 [STASH_COMPACT] §f                     §7You have §a1 §7item stashed away!
23:54:38 [STASH_COMPACT] §f                  §6§l>>> §6§lCLICK HERE§e to pick it up! §6§l<<<
23:54:38 [STASH_COMPACT]   
23:55:34 [STASH_COMPACT] §f                     §7You have §a1 §7item stashed away!
23:55:34 [STASH_COMPACT] §f                  §6§l>>> §6§lCLICK HERE§e to pick it up! §6§l<<<
23:55:34 [STASH_COMPACT]   
23:56:35 [STASH_COMPACT] §f                     §7You have §a1 §7item stashed away!
23:56:35 [STASH_COMPACT] §f                  §6§l>>> §6§lCLICK HERE§e to pick it up! §6§l<<<
23:56:35 [STASH_COMPACT]   
23:57:35 [STASH_COMPACT] §f                     §7You have §a1 §7item stashed away!
23:57:35 [STASH_COMPACT] §f                  §6§l>>> §6§lCLICK HERE§e to pick it up! §6§l<<<
23:57:35 [STASH_COMPACT]   
23:58:35 [STASH_COMPACT] §f                     §7You have §a1 §7item stashed away!
23:58:35 [STASH_COMPACT] §f                  §6§l>>> §6§lCLICK HERE§e to pick it up! §6§l<<<
23:58:35 [STASH_COMPACT]   
23:59:36 [STASH_COMPACT] §f                     §7You have §a1 §7item stashed away!
23:59:36 [STASH_COMPACT] §f                  §6§l>>> §6§lCLICK HERE§e to pick it up! §6§l<<<
23:59:36 [STASH_COMPACT]   
00:00:37 [STASH_COMPACT] §f                     §7You have §a1 §7item stashed away!
00:00:37 [STASH_COMPACT] §f                  §6§l>>> §6§lCLICK HERE§e to pick it up! §6§l<<<
00:00:37 [STASH_COMPACT]   
00:01:38 [STASH_COMPACT] §f                     §7You have §a1 §7item stashed away!
00:01:38 [STASH_COMPACT] §f                  §6§l>>> §6§lCLICK HERE§e to pick it up! §6§l<<<
00:01:38 [STASH_COMPACT]   
00:02:34 [STASH_COMPACT] §f                     §7You have §a1 §7item stashed away!
00:02:34 [STASH_COMPACT] §f                  §6§l>>> §6§lCLICK HERE§e to pick it up! §6§l<<<
00:02:34 [STASH_COMPACT]   
00:02:46 [STASH_COMPACT] §f                     §7You have §a1 §7item stashed away!
00:02:46 [STASH_COMPACT] §f                  §6§l>>> §6§lCLICK HERE§e to pick it up! §6§l<<<
00:02:46 [STASH_COMPACT]   
00:03:47 [STASH_COMPACT] §f                     §7You have §a1 §7item stashed away!
00:03:47 [STASH_COMPACT] §f                  §6§l>>> §6§lCLICK HERE§e to pick it up! §6§l<<<
00:03:47 [STASH_COMPACT]   
00:04:47 [STASH_COMPACT] §f                     §7You have §a1 §7item stashed away!
00:04:47 [STASH_COMPACT] §f                  §6§l>>> §6§lCLICK HERE§e to pick it up! §6§l<<<
00:04:47 [STASH_COMPACT]   
00:05:49 [STASH_COMPACT] §f                     §7You have §a1 §7item stashed away!
00:05:49 [STASH_COMPACT] §f                  §6§l>>> §6§lCLICK HERE§e to pick it up! §6§l<<<
00:05:49 [STASH_COMPACT]   
00:06:50 [STASH_COMPACT] §f                     §7You have §a1 §7item stashed away!
00:06:50 [STASH_COMPACT] §f                  §6§l>>> §6§lCLICK HERE§e to pick it up! §6§l<<<
00:06:50 [STASH_COMPACT]   
00:07:41 [STASH_COMPACT] §f                     §7You have §a1 §7item stashed away!
00:07:41 [STASH_COMPACT] §f                  §6§l>>> §6§lCLICK HERE§e to pick it up! §6§l<<<
00:07:41 [STASH_COMPACT]   
00:08:12 [STASH_COMPACT] §f                     §7You have §a1 §7item stashed away!
00:08:12 [STASH_COMPACT] §f                  §6§l>>> §6§lCLICK HERE§e to pick it up! §6§l<<<
00:08:12 [STASH_COMPACT]   
00:09:14 [STASH_COMPACT] §f                     §7You have §a1 §7item stashed away!
00:09:14 [STASH_COMPACT] §f                  §6§l>>> §6§lCLICK HERE§e to pick it up! §6§l<<<
00:09:14 [STASH_COMPACT]   
00:10:15 [STASH_COMPACT] §f                     §7You have §a1 §7item stashed away!
00:10:15 [STASH_COMPACT] §f                  §6§l>>> §6§lCLICK HERE§e to pick it up! §6§l<<<
00:10:15 [STASH_COMPACT]   
00:11:16 [STASH_COMPACT] §f                     §7You have §a1 §7item stashed away!
00:11:16 [STASH_COMPACT] §f                  §6§l>>> §6§lCLICK HERE§e to pick it up! §6§l<<<
00:11:16 [STASH_COMPACT]   
00:11:46 [STASH_COMPACT] §f                     §7You have §a1 §7item stashed away!
00:11:46 [STASH_COMPACT] §f                  §6§l>>> §6§lCLICK HERE§e to pick it up! §6§l<<<
00:11:46 [STASH_COMPACT]   
00:11:51 [STASH_COMPACT] §f                     §7You have §a1 §7item stashed away!
00:11:51 [STASH_COMPACT] §f                  §6§l>>> §6§lCLICK HERE§e to pick it up! §6§l<<<
00:11:51 [STASH_COMPACT]   
00:12:14 [STASH_COMPACT] §f                     §7You have §a1 §7item stashed away!
00:12:14 [STASH_COMPACT] §f                  §6§l>>> §6§lCLICK HERE§e to pick it up! §6§l<<<
00:12:14 [STASH_COMPACT]   
