21:58:36 §e[SkyHanni] Reloaded 7449 items in the NEU repo§r
21:59:34 §e[SkyHanni] §eYou have §61 §eitem in stash. §eClick to §6pickup §eyour stash!§r
22:09:59 §e[SkyHanni] Click here to share the location of this chocolate egg with the server!§r
22:41:10 §e[SkyHanni] Click here to share the location of this chocolate egg with the server!§r
22:41:19 §e[SkyHanni] Click here to share the location of this chocolate egg with the server!§r
22:44:17 §e[SkyHanni] Click here to share the location of this chocolate egg with the server!§r
22:45:26 §e[SkyHanni] Gained §d27,000 motes §ethis Rift session! (§d2.5M/h§e)§r
22:55:00 §d§l▬▬▬▬▬▬▬▬▬▬▬▬▬▬▬▬▬▬▬▬▬▬▬▬▬▬▬▬▬▬▬▬▬▬▬▬▬▬▬▬▬▬▬▬▬▬▬▬▬▬▬▬▬▬▬▬▬▬▬▬▬▬▬▬
                          §d§lHoppity's Hunt #81 Stats

    §7You found §b36§7/§a279 §6Chocolate Meal Eggs§7.

    §7Unique Rabbits: §f18
     §f12 §7- §a2 §7- §92 §7- §52 §7- §60 §7- §d0 §7- §b0

    §7Duplicate Rabbits: §f71
     §f34 §7- §a20 §7- §914 §7- §51 §7- §62 §7- §d0 §7- §b0
     §6+1,177,548,597 Chocolate

    §7You spent §b58s §7in the §6Chocolate Factory§7.
    §7Leaderboard: §b#126,292 §c-> §b#125,584
     §7(§a+708 spots§7) §7Top §a1.69% §c-> §7Top §a1.68%
§d§l▬▬▬▬▬▬▬▬▬▬▬▬▬▬▬▬▬▬▬▬▬▬▬▬▬▬▬▬▬▬▬▬▬▬▬▬▬▬▬▬▬▬▬▬▬▬▬▬▬▬▬▬▬▬▬▬▬▬▬▬▬▬▬▬§r
22:55:29 §e[SkyHanni] §b+10 SkyBlock XP §7(Oringo§7)§b (64/100)§r
22:58:19 §e[SkyHanni] §b+1 SkyBlock XP §7(Crop Milestones§7)§b (65/100)§r
22:58:21 §e[SkyHanni] Loaded Potato milestone data from tab list!§r
22:59:01 §e[SkyHanni] Loaded Pumpkin milestone data from tab list!§r
23:36:10 §e[SkyHanni] §c§lPUZZLE FAILED! §r§bMatteke42 §r§efailed a puzzle. 
§eClick here to get §5Architect's First Draft §7(§e6x left§7)§r
23:36:29 §e[SkyHanni] §c§lPUZZLE FAILED! §r§bMatteke42 §r§efailed a puzzle. 
§eClick here to get §5Architect's First Draft §7(§e6x left§7)§r
23:53:14 §e[SkyHanni] §b+15 SkyBlock XP §7(Boss Collections§7)§b (5/100)§r
00:03:03 §e[SkyHanni] Low on arrows §e(3 left)§r
00:03:34 §e[SkyHanni] Low on arrows §e(1 left)§r
00:05:15 §e[SkyHanni] Low on arrows §e(4 left)§r
