20:00:46 Trying to load config from config\skyhanni\config.json
20:00:46 load-config-now
20:00:48 Loaded config from file
20:00:48 Trying to load sacks from config\skyhanni\sacks.json
20:00:48 load-sacks-now
20:00:48 Loaded sacks from file
20:00:48 Trying to load friends from config\skyhanni\friends.json
20:00:48 load-friends-now
20:00:48 Loaded friends from file
20:00:48 Trying to load known_features from config\skyhanni\known_features.json
20:00:48 load-known_features-now
20:00:48 Loaded known_features from file
20:00:48 Trying to load jacob_contests from config\skyhanni\jacob_contests.json
20:00:48 load-jacob_contests-now
20:00:48 Loaded jacob_contests from file
20:00:48 Trying to load visual_words from config\skyhanni\visual_words.json
20:00:48 Setting visual_words to be blank as it did not exist. It will be saved once something is written to it
20:01:48 saveConfig: auto-save-60s
20:01:48 Saving config file
20:01:48 Saved config file successfully
20:01:48 saveConfig: auto-save-60s
20:01:48 Saving config file
20:01:48 Saved config file successfully
20:02:06 saveConfig: Updated known feature flags
20:02:06 Saving known_features file
20:02:06 Saved known_features file successfully
20:02:06 saveConfig: Updated known feature flags
20:02:06 Saving known_features file
20:02:06 Saved known_features file successfully
20:02:48 saveConfig: auto-save-60s
20:02:48 Saving config file
20:02:48 Saved config file successfully
20:02:48 saveConfig: auto-save-60s
20:02:48 Saving config file
20:02:48 Saved config file successfully
20:02:56 saveConfig: saving-data
20:02:56 Saving sacks file
20:02:56 Saved sacks file successfully
20:02:56 saveConfig: saving-data
20:02:56 Saving sacks file
20:02:56 Saved sacks file successfully
20:03:41 saveConfig: saving-data
20:03:41 Saving sacks file
20:03:41 Saved sacks file successfully
20:03:41 saveConfig: saving-data
20:03:41 Saving sacks file
20:03:41 Saved sacks file successfully
20:03:48 saveConfig: auto-save-60s
20:03:48 Saving config file
20:03:48 Saved config file successfully
20:03:48 saveConfig: auto-save-60s
20:03:48 Saving config file
20:03:48 Saved config file successfully
20:04:48 saveConfig: auto-save-60s
20:04:48 Saving config file
20:04:48 Saved config file successfully
20:04:48 saveConfig: auto-save-60s
20:04:48 Saving config file
20:04:48 Saved config file successfully
20:05:48 saveConfig: auto-save-60s
20:05:48 Saving config file
20:05:48 Saved config file successfully
20:05:48 saveConfig: auto-save-60s
20:05:48 Saving config file
20:05:48 Saved config file successfully
20:06:48 saveConfig: auto-save-60s
20:06:48 Saving config file
20:06:48 Saved config file successfully
20:06:48 saveConfig: auto-save-60s
20:06:48 Saving config file
20:06:48 Saved config file successfully
20:07:19 saveConfig: saving-data
20:07:19 Saving sacks file
20:07:19 Saved sacks file successfully
20:07:19 saveConfig: saving-data
20:07:19 Saving sacks file
20:07:19 Saved sacks file successfully
20:07:48 saveConfig: auto-save-60s
20:07:48 Saving config file
20:07:48 Saved config file successfully
20:07:48 saveConfig: auto-save-60s
20:07:48 Saving config file
20:07:48 Saved config file successfully
20:08:48 saveConfig: auto-save-60s
20:08:48 Saving config file
20:08:48 Saved config file successfully
20:08:48 saveConfig: auto-save-60s
20:08:48 Saving config file
20:08:48 Saved config file successfully
20:09:48 saveConfig: auto-save-60s
20:09:48 Saving config file
20:09:48 Saved config file successfully
20:09:48 saveConfig: auto-save-60s
20:09:48 Saving config file
20:09:48 Saved config file successfully
20:10:48 saveConfig: auto-save-60s
20:10:48 Saving config file
20:10:48 Saved config file successfully
20:10:48 saveConfig: auto-save-60s
20:10:48 Saving config file
20:10:48 Saved config file successfully
20:11:48 saveConfig: auto-save-60s
20:11:48 Saving config file
20:11:48 Saved config file successfully
20:11:48 saveConfig: auto-save-60s
20:11:48 Saving config file
20:11:48 Saved config file successfully
20:12:48 saveConfig: auto-save-60s
20:12:48 Saving config file
20:12:48 Saved config file successfully
20:12:48 saveConfig: auto-save-60s
20:12:48 Saving config file
20:12:48 Saved config file successfully
20:13:48 saveConfig: auto-save-60s
20:13:48 Saving config file
20:13:48 Saved config file successfully
20:13:48 saveConfig: auto-save-60s
20:13:48 Saving config file
20:13:48 Saved config file successfully
20:14:48 saveConfig: auto-save-60s
20:14:48 Saving config file
20:14:48 Saved config file successfully
20:14:48 saveConfig: auto-save-60s
20:14:48 Saving config file
20:14:48 Saved config file successfully
20:15:48 saveConfig: auto-save-60s
20:15:48 Saving config file
20:15:48 Saved config file successfully
20:15:48 saveConfig: auto-save-60s
20:15:48 Saving config file
20:15:48 Saved config file successfully
20:16:48 saveConfig: auto-save-60s
20:16:48 Saving config file
20:16:48 Saved config file successfully
20:16:48 saveConfig: auto-save-60s
20:16:48 Saving config file
20:16:48 Saved config file successfully
20:17:48 saveConfig: auto-save-60s
20:17:48 Saving config file
20:17:48 Saved config file successfully
20:17:48 saveConfig: auto-save-60s
20:17:48 Saving config file
20:17:48 Saved config file successfully
20:18:12 saveConfig: saving-data
20:18:12 Saving sacks file
20:18:12 Saved sacks file successfully
20:18:12 saveConfig: saving-data
20:18:12 Saving sacks file
20:18:12 Saved sacks file successfully
20:18:48 saveConfig: auto-save-60s
20:18:48 Saving config file
20:18:48 Saved config file successfully
20:18:48 saveConfig: auto-save-60s
20:18:48 Saving config file
20:18:48 Saved config file successfully
20:19:14 saveConfig: saving-data
20:19:14 Saving sacks file
20:19:14 Saved sacks file successfully
20:19:14 saveConfig: saving-data
20:19:14 Saving sacks file
20:19:14 Saved sacks file successfully
20:19:34 saveConfig: saving-data
20:19:34 Saving sacks file
20:19:34 Saved sacks file successfully
20:19:34 saveConfig: saving-data
20:19:34 Saving sacks file
20:19:34 Saved sacks file successfully
20:19:45 saveConfig: saving-data
20:19:45 Saving sacks file
20:19:45 Saved sacks file successfully
20:19:45 saveConfig: saving-data
20:19:45 Saving sacks file
20:19:45 Saved sacks file successfully
20:19:48 saveConfig: auto-save-60s
20:19:48 Saving config file
20:19:48 Saved config file successfully
20:19:48 saveConfig: auto-save-60s
20:19:48 Saving config file
20:19:48 Saved config file successfully
20:20:18 saveConfig: saving-data
20:20:18 Saving sacks file
20:20:18 Saved sacks file successfully
20:20:18 saveConfig: saving-data
20:20:18 Saving sacks file
20:20:18 Saved sacks file successfully
20:20:48 saveConfig: auto-save-60s
20:20:48 Saving config file
20:20:48 Saved config file successfully
20:20:48 saveConfig: auto-save-60s
20:20:48 Saving config file
20:20:48 Saved config file successfully
20:21:48 saveConfig: auto-save-60s
20:21:48 Saving config file
20:21:48 Saved config file successfully
20:21:48 saveConfig: auto-save-60s
20:21:48 Saving config file
20:21:48 Saved config file successfully
20:21:59 saveConfig: saving-data
20:21:59 Saving sacks file
20:21:59 Saved sacks file successfully
20:21:59 saveConfig: saving-data
20:21:59 Saving sacks file
20:21:59 Saved sacks file successfully
20:22:10 saveConfig: saving-data
20:22:10 Saving sacks file
20:22:10 Saved sacks file successfully
20:22:10 saveConfig: saving-data
20:22:10 Saving sacks file
20:22:10 Saved sacks file successfully
20:22:20 saveConfig: saving-data
20:22:20 Saving sacks file
20:22:20 Saved sacks file successfully
20:22:20 saveConfig: saving-data
20:22:20 Saving sacks file
20:22:20 Saved sacks file successfully
20:22:31 saveConfig: saving-data
20:22:31 Saving sacks file
20:22:31 Saved sacks file successfully
20:22:31 saveConfig: saving-data
20:22:31 Saving sacks file
20:22:31 Saved sacks file successfully
20:22:44 saveConfig: saving-data
20:22:44 Saving sacks file
20:22:44 Saved sacks file successfully
20:22:44 saveConfig: saving-data
20:22:44 Saving sacks file
20:22:44 Saved sacks file successfully
20:22:48 saveConfig: auto-save-60s
20:22:48 Saving config file
20:22:48 Saved config file successfully
20:22:48 saveConfig: auto-save-60s
20:22:48 Saving config file
20:22:48 Saved config file successfully
20:23:04 saveConfig: saving-data
20:23:04 Saving sacks file
20:23:04 Saved sacks file successfully
20:23:04 saveConfig: saving-data
20:23:04 Saving sacks file
20:23:04 Saved sacks file successfully
20:23:18 saveConfig: saving-data
20:23:18 Saving sacks file
20:23:18 Saved sacks file successfully
20:23:18 saveConfig: saving-data
20:23:18 Saving sacks file
20:23:18 Saved sacks file successfully
20:23:48 saveConfig: auto-save-60s
20:23:48 Saving config file
20:23:48 Saved config file successfully
20:23:48 saveConfig: auto-save-60s
20:23:48 Saving config file
20:23:48 Saved config file successfully
20:24:48 saveConfig: auto-save-60s
20:24:48 Saving config file
20:24:48 Saved config file successfully
20:24:48 saveConfig: auto-save-60s
20:24:48 Saving config file
20:24:48 Saved config file successfully
20:25:48 saveConfig: auto-save-60s
20:25:48 Saving config file
20:25:48 Saved config file successfully
20:25:48 saveConfig: auto-save-60s
20:25:48 Saving config file
20:25:48 Saved config file successfully
20:26:17 saveConfig: saving-data
20:26:17 Saving sacks file
20:26:17 Saved sacks file successfully
20:26:17 saveConfig: saving-data
20:26:17 Saving sacks file
20:26:17 Saved sacks file successfully
20:26:31 saveConfig: saving-data
20:26:31 Saving sacks file
20:26:31 Saved sacks file successfully
20:26:31 saveConfig: saving-data
20:26:31 Saving sacks file
20:26:31 Saved sacks file successfully
20:26:48 saveConfig: auto-save-60s
20:26:48 Saving config file
20:26:48 Saved config file successfully
20:26:48 saveConfig: auto-save-60s
20:26:48 Saving config file
20:26:48 Saved config file successfully
20:27:48 saveConfig: auto-save-60s
20:27:48 Saving config file
20:27:48 Saved config file successfully
20:27:48 saveConfig: auto-save-60s
20:27:48 Saving config file
20:27:48 Saved config file successfully
20:27:49 saveConfig: saving-data
20:27:49 Saving sacks file
20:27:49 Saved sacks file successfully
20:27:49 saveConfig: saving-data
20:27:49 Saving sacks file
20:27:49 Saved sacks file successfully
20:28:48 saveConfig: auto-save-60s
20:28:48 Saving config file
20:28:48 Saved config file successfully
20:28:48 saveConfig: auto-save-60s
20:28:48 Saving config file
20:28:48 Saved config file successfully
20:29:48 saveConfig: auto-save-60s
20:29:48 Saving config file
20:29:48 Saved config file successfully
20:29:48 saveConfig: auto-save-60s
20:29:48 Saving config file
20:29:48 Saved config file successfully
20:30:21 saveConfig: saving-data
20:30:21 Saving sacks file
20:30:21 Saved sacks file successfully
20:30:21 saveConfig: saving-data
20:30:21 Saving sacks file
20:30:21 Saved sacks file successfully
20:30:35 saveConfig: saving-data
20:30:35 Saving sacks file
20:30:35 Saved sacks file successfully
20:30:35 saveConfig: saving-data
20:30:35 Saving sacks file
20:30:35 Saved sacks file successfully
20:30:48 saveConfig: auto-save-60s
20:30:48 Saving config file
20:30:48 Saved config file successfully
20:30:48 saveConfig: auto-save-60s
20:30:48 Saving config file
20:30:48 Saved config file successfully
20:31:03 saveConfig: saving-data
20:31:03 Saving sacks file
20:31:04 Saved sacks file successfully
20:31:04 saveConfig: saving-data
20:31:04 Saving sacks file
20:31:04 Saved sacks file successfully
20:31:20 saveConfig: saving-data
20:31:20 Saving sacks file
20:31:20 Saved sacks file successfully
20:31:20 saveConfig: saving-data
20:31:20 Saving sacks file
20:31:20 Saved sacks file successfully
20:31:26 saveConfig: saving-data
20:31:26 Saving sacks file
20:31:26 Saved sacks file successfully
20:31:26 saveConfig: saving-data
20:31:26 Saving sacks file
20:31:26 Saved sacks file successfully
20:31:48 saveConfig: auto-save-60s
20:31:48 Saving config file
20:31:48 Saved config file successfully
20:31:48 saveConfig: auto-save-60s
20:31:48 Saving config file
20:31:48 Saved config file successfully
20:32:48 saveConfig: auto-save-60s
20:32:48 Saving config file
20:32:48 Saved config file successfully
20:32:48 saveConfig: auto-save-60s
20:32:48 Saving config file
20:32:48 Saved config file successfully
20:33:10 saveConfig: saving-data
20:33:10 Saving sacks file
20:33:10 Saved sacks file successfully
20:33:10 saveConfig: saving-data
20:33:10 Saving sacks file
20:33:10 Saved sacks file successfully
20:33:24 saveConfig: saving-data
20:33:24 Saving sacks file
20:33:24 Saved sacks file successfully
20:33:24 saveConfig: saving-data
20:33:24 Saving sacks file
20:33:24 Saved sacks file successfully
20:33:30 saveConfig: saving-data
20:33:30 Saving sacks file
20:33:30 Saved sacks file successfully
20:33:30 saveConfig: saving-data
20:33:30 Saving sacks file
20:33:30 Saved sacks file successfully
20:33:48 saveConfig: auto-save-60s
20:33:48 Saving config file
20:33:48 Saved config file successfully
20:33:48 saveConfig: auto-save-60s
20:33:48 Saving config file
20:33:48 Saved config file successfully
20:34:02 saveConfig: saving-data
20:34:02 Saving sacks file
20:34:02 Saved sacks file successfully
20:34:02 saveConfig: saving-data
20:34:02 Saving sacks file
20:34:03 Saved sacks file successfully
20:34:24 saveConfig: saving-data
20:34:24 Saving sacks file
20:34:24 Saved sacks file successfully
20:34:24 saveConfig: saving-data
20:34:24 Saving sacks file
20:34:24 Saved sacks file successfully
20:34:48 saveConfig: auto-save-60s
20:34:48 Saving config file
20:34:48 Saved config file successfully
20:34:48 saveConfig: auto-save-60s
20:34:48 Saving config file
20:34:48 Saved config file successfully
20:35:48 saveConfig: auto-save-60s
20:35:48 Saving config file
20:35:48 Saved config file successfully
20:35:48 saveConfig: auto-save-60s
20:35:48 Saving config file
20:35:48 Saved config file successfully
20:36:06 saveConfig: saving-data
20:36:06 Saving sacks file
20:36:06 Saved sacks file successfully
20:36:06 saveConfig: saving-data
20:36:06 Saving sacks file
20:36:06 Saved sacks file successfully
20:36:41 saveConfig: saving-data
20:36:41 Saving sacks file
20:36:41 Saved sacks file successfully
20:36:41 saveConfig: saving-data
20:36:41 Saving sacks file
20:36:41 Saved sacks file successfully
20:36:48 saveConfig: auto-save-60s
20:36:48 Saving config file
20:36:48 Saved config file successfully
20:36:48 saveConfig: auto-save-60s
20:36:48 Saving config file
20:36:48 Saved config file successfully
20:37:47 saveConfig: saving-data
20:37:47 Saving sacks file
20:37:47 Saved sacks file successfully
20:37:47 saveConfig: saving-data
20:37:47 Saving sacks file
20:37:47 Saved sacks file successfully
20:37:48 saveConfig: auto-save-60s
20:37:48 Saving config file
20:37:48 Saved config file successfully
20:37:48 saveConfig: auto-save-60s
20:37:48 Saving config file
20:37:48 Saved config file successfully
20:38:13 saveConfig: saving-data
20:38:13 Saving sacks file
20:38:13 Saved sacks file successfully
20:38:13 saveConfig: saving-data
20:38:13 Saving sacks file
20:38:13 Saved sacks file successfully
20:38:48 saveConfig: auto-save-60s
20:38:48 Saving config file
20:38:48 Saved config file successfully
20:38:48 saveConfig: auto-save-60s
20:38:48 Saving config file
20:38:48 Saved config file successfully
20:39:02 saveConfig: saving-data
20:39:02 Saving sacks file
20:39:02 Saved sacks file successfully
20:39:02 saveConfig: saving-data
20:39:02 Saving sacks file
20:39:02 Saved sacks file successfully
20:39:48 saveConfig: auto-save-60s
20:39:48 Saving config file
20:39:48 Saved config file successfully
20:39:48 saveConfig: auto-save-60s
20:39:48 Saving config file
20:39:48 Saved config file successfully
20:40:48 saveConfig: auto-save-60s
20:40:48 Saving config file
20:40:48 Saved config file successfully
20:40:48 saveConfig: auto-save-60s
20:40:48 Saving config file
20:40:48 Saved config file successfully
20:41:29 saveConfig: saving-data
20:41:29 Saving sacks file
20:41:29 Saved sacks file successfully
20:41:29 saveConfig: saving-data
20:41:29 Saving sacks file
20:41:29 Saved sacks file successfully
20:41:36 saveConfig: saving-data
20:41:36 Saving sacks file
20:41:36 Saved sacks file successfully
20:41:36 saveConfig: saving-data
20:41:36 Saving sacks file
20:41:36 Saved sacks file successfully
20:41:48 saveConfig: auto-save-60s
20:41:48 Saving config file
20:41:48 Saved config file successfully
20:41:48 saveConfig: auto-save-60s
20:41:48 Saving config file
20:41:48 Saved config file successfully
20:42:48 saveConfig: auto-save-60s
20:42:48 Saving config file
20:42:48 Saved config file successfully
20:42:48 saveConfig: auto-save-60s
20:42:48 Saving config file
20:42:48 Saved config file successfully
20:43:37 saveConfig: saving-data
20:43:37 Saving sacks file
20:43:37 Saved sacks file successfully
20:43:37 saveConfig: saving-data
20:43:37 Saving sacks file
20:43:37 Saved sacks file successfully
20:43:48 saveConfig: auto-save-60s
20:43:48 Saving config file
20:43:48 Saved config file successfully
20:43:48 saveConfig: auto-save-60s
20:43:48 Saving config file
20:43:48 Saved config file successfully
20:44:00 saveConfig: saving-data
20:44:00 Saving sacks file
20:44:00 Saved sacks file successfully
20:44:00 saveConfig: saving-data
20:44:00 Saving sacks file
20:44:00 Saved sacks file successfully
20:44:48 saveConfig: auto-save-60s
20:44:48 Saving config file
20:44:48 Saved config file successfully
20:44:48 saveConfig: auto-save-60s
20:44:48 Saving config file
20:44:48 Saved config file successfully
20:45:48 saveConfig: auto-save-60s
20:45:48 Saving config file
20:45:48 Saved config file successfully
20:45:48 saveConfig: auto-save-60s
20:45:48 Saving config file
20:45:48 Saved config file successfully
20:46:48 saveConfig: auto-save-60s
20:46:48 Saving config file
20:46:48 Saved config file successfully
20:46:48 saveConfig: auto-save-60s
20:46:48 Saving config file
20:46:48 Saved config file successfully
20:46:54 saveConfig: saving-data
20:46:54 Saving sacks file
20:46:54 Saved sacks file successfully
20:46:54 saveConfig: saving-data
20:46:54 Saving sacks file
20:46:54 Saved sacks file successfully
20:47:48 saveConfig: auto-save-60s
20:47:48 Saving config file
20:47:48 Saved config file successfully
20:47:48 saveConfig: auto-save-60s
20:47:48 Saving config file
20:47:48 Saved config file successfully
20:48:27 saveConfig: saving-data
20:48:27 Saving sacks file
20:48:27 Saved sacks file successfully
20:48:27 saveConfig: saving-data
20:48:27 Saving sacks file
20:48:27 Saved sacks file successfully
20:48:48 saveConfig: auto-save-60s
20:48:48 Saving config file
20:48:48 Saved config file successfully
20:48:48 saveConfig: auto-save-60s
20:48:48 Saving config file
20:48:48 Saved config file successfully
20:49:48 saveConfig: auto-save-60s
20:49:48 Saving config file
20:49:48 Saved config file successfully
20:49:48 saveConfig: auto-save-60s
20:49:48 Saving config file
20:49:48 Saved config file successfully
20:50:48 saveConfig: auto-save-60s
20:50:48 Saving config file
20:50:48 Saved config file successfully
20:50:48 saveConfig: auto-save-60s
20:50:48 Saving config file
20:50:48 Saved config file successfully
20:51:48 saveConfig: auto-save-60s
20:51:48 Saving config file
20:51:48 Saved config file successfully
20:51:48 saveConfig: auto-save-60s
20:51:48 Saving config file
20:51:48 Saved config file successfully
20:52:48 saveConfig: auto-save-60s
20:52:48 Saving config file
20:52:48 Saved config file successfully
20:52:48 saveConfig: auto-save-60s
20:52:48 Saving config file
20:52:48 Saved config file successfully
20:53:05 saveConfig: saving-data
20:53:05 Saving sacks file
20:53:05 Saved sacks file successfully
20:53:05 saveConfig: saving-data
20:53:05 Saving sacks file
20:53:05 Saved sacks file successfully
20:53:12 saveConfig: saving-data
20:53:12 Saving sacks file
20:53:12 Saved sacks file successfully
20:53:12 saveConfig: saving-data
20:53:12 Saving sacks file
20:53:12 Saved sacks file successfully
20:53:20 saveConfig: saving-data
20:53:20 Saving sacks file
20:53:20 Saved sacks file successfully
20:53:20 saveConfig: saving-data
20:53:20 Saving sacks file
20:53:20 Saved sacks file successfully
20:53:33 saveConfig: saving-data
20:53:33 Saving sacks file
20:53:33 Saved sacks file successfully
20:53:33 saveConfig: saving-data
20:53:33 Saving sacks file
20:53:33 Saved sacks file successfully
20:53:48 saveConfig: auto-save-60s
20:53:48 Saving config file
20:53:48 Saved config file successfully
20:53:48 saveConfig: auto-save-60s
20:53:48 Saving config file
20:53:48 Saved config file successfully
20:53:49 saveConfig: saving-data
20:53:49 Saving sacks file
20:53:49 Saved sacks file successfully
20:53:49 saveConfig: saving-data
20:53:49 Saving sacks file
20:53:49 Saved sacks file successfully
20:54:23 saveConfig: saving-data
20:54:23 Saving sacks file
20:54:23 Saved sacks file successfully
20:54:23 saveConfig: saving-data
20:54:23 Saving sacks file
20:54:23 Saved sacks file successfully
20:54:48 saveConfig: auto-save-60s
20:54:48 Saving config file
20:54:48 Saved config file successfully
20:54:48 saveConfig: auto-save-60s
20:54:48 Saving config file
20:54:48 Saved config file successfully
20:55:48 saveConfig: auto-save-60s
20:55:48 Saving config file
20:55:48 Saved config file successfully
20:55:48 saveConfig: auto-save-60s
20:55:48 Saving config file
20:55:48 Saved config file successfully
20:55:51 saveConfig: saving-data
20:55:51 Saving sacks file
20:55:51 Saved sacks file successfully
20:55:51 saveConfig: saving-data
20:55:51 Saving sacks file
20:55:51 Saved sacks file successfully
20:56:48 saveConfig: auto-save-60s
20:56:48 Saving config file
20:56:48 Saved config file successfully
20:56:48 saveConfig: auto-save-60s
20:56:48 Saving config file
20:56:48 Saved config file successfully
20:57:48 saveConfig: auto-save-60s
20:57:48 Saving config file
20:57:48 Saved config file successfully
20:57:48 saveConfig: auto-save-60s
20:57:48 Saving config file
20:57:48 Saved config file successfully
20:58:48 saveConfig: auto-save-60s
20:58:48 Saving config file
20:58:48 Saved config file successfully
20:58:48 saveConfig: auto-save-60s
20:58:48 Saving config file
20:58:48 Saved config file successfully
20:59:36 saveConfig: saving-data
20:59:36 Saving sacks file
20:59:36 Saved sacks file successfully
20:59:36 saveConfig: saving-data
20:59:36 Saving sacks file
20:59:36 Saved sacks file successfully
20:59:48 saveConfig: auto-save-60s
20:59:48 Saving config file
20:59:48 Saved config file successfully
20:59:48 saveConfig: auto-save-60s
20:59:48 Saving config file
20:59:48 Saved config file successfully
21:00:48 saveConfig: auto-save-60s
21:00:48 Saving config file
21:00:48 Saved config file successfully
21:00:48 saveConfig: auto-save-60s
21:00:48 Saving config file
21:00:48 Saved config file successfully
21:01:48 saveConfig: auto-save-60s
21:01:48 Saving config file
21:01:48 Saved config file successfully
21:01:48 saveConfig: auto-save-60s
21:01:48 Saving config file
21:01:48 Saved config file successfully
21:02:08 saveConfig: saving-data
21:02:08 Saving sacks file
21:02:08 Saved sacks file successfully
21:02:08 saveConfig: saving-data
21:02:08 Saving sacks file
21:02:08 Saved sacks file successfully
21:02:48 saveConfig: auto-save-60s
21:02:48 Saving config file
21:02:48 Saved config file successfully
21:02:48 saveConfig: auto-save-60s
21:02:48 Saving config file
21:02:48 Saved config file successfully
21:03:48 saveConfig: auto-save-60s
21:03:48 Saving config file
21:03:48 Saved config file successfully
21:03:48 saveConfig: auto-save-60s
21:03:48 Saving config file
21:03:48 Saved config file successfully
21:04:48 saveConfig: auto-save-60s
21:04:48 Saving config file
21:04:48 Saved config file successfully
21:04:48 saveConfig: auto-save-60s
21:04:48 Saving config file
21:04:48 Saved config file successfully
21:05:05 saveConfig: saving-data
21:05:05 Saving sacks file
21:05:05 Saved sacks file successfully
21:05:05 saveConfig: saving-data
21:05:05 Saving sacks file
21:05:05 Saved sacks file successfully
21:05:16 saveConfig: saving-data
21:05:16 Saving sacks file
21:05:16 Saved sacks file successfully
21:05:16 saveConfig: saving-data
21:05:16 Saving sacks file
21:05:16 Saved sacks file successfully
21:05:48 saveConfig: auto-save-60s
21:05:48 Saving config file
21:05:48 Saved config file successfully
21:05:48 saveConfig: auto-save-60s
21:05:48 Saving config file
21:05:48 Saved config file successfully
21:06:48 saveConfig: auto-save-60s
21:06:48 Saving config file
21:06:48 Saved config file successfully
21:06:48 saveConfig: auto-save-60s
21:06:48 Saving config file
21:06:48 Saved config file successfully
21:07:46 saveConfig: saving-data
21:07:46 Saving sacks file
21:07:46 Saved sacks file successfully
21:07:46 saveConfig: saving-data
21:07:46 Saving sacks file
21:07:46 Saved sacks file successfully
21:07:48 saveConfig: auto-save-60s
21:07:48 Saving config file
21:07:48 Saved config file successfully
21:07:48 saveConfig: auto-save-60s
21:07:48 Saving config file
21:07:48 Saved config file successfully
21:08:05 saveConfig: saving-data
21:08:05 Saving sacks file
21:08:05 Saved sacks file successfully
21:08:05 saveConfig: saving-data
21:08:05 Saving sacks file
21:08:05 Saved sacks file successfully
21:08:48 saveConfig: auto-save-60s
21:08:48 Saving config file
21:08:48 Saved config file successfully
21:08:48 saveConfig: auto-save-60s
21:08:48 Saving config file
21:08:48 Saved config file successfully
21:09:15 saveConfig: saving-data
21:09:15 Saving sacks file
21:09:15 Saved sacks file successfully
21:09:15 saveConfig: saving-data
21:09:15 Saving sacks file
21:09:15 Saved sacks file successfully
21:09:48 saveConfig: auto-save-60s
21:09:48 Saving config file
21:09:48 Saved config file successfully
21:09:48 saveConfig: auto-save-60s
21:09:48 Saving config file
21:09:48 Saved config file successfully
21:10:48 saveConfig: auto-save-60s
21:10:48 Saving config file
21:10:48 Saved config file successfully
21:10:48 saveConfig: auto-save-60s
21:10:48 Saving config file
21:10:48 Saved config file successfully
21:11:48 saveConfig: auto-save-60s
21:11:48 Saving config file
21:11:48 Saved config file successfully
21:11:48 saveConfig: auto-save-60s
21:11:48 Saving config file
21:11:48 Saved config file successfully
21:12:48 saveConfig: auto-save-60s
21:12:48 Saving config file
21:12:48 Saved config file successfully
21:12:48 saveConfig: auto-save-60s
21:12:48 Saving config file
21:12:48 Saved config file successfully
21:13:44 saveConfig: saving-data
21:13:44 Saving sacks file
21:13:44 Saved sacks file successfully
21:13:44 saveConfig: saving-data
21:13:44 Saving sacks file
21:13:44 Saved sacks file successfully
21:13:48 saveConfig: auto-save-60s
21:13:48 Saving config file
21:13:48 Saved config file successfully
21:13:48 saveConfig: auto-save-60s
21:13:48 Saving config file
21:13:48 Saved config file successfully
21:14:48 saveConfig: auto-save-60s
21:14:48 Saving config file
21:14:48 Saved config file successfully
21:14:48 saveConfig: auto-save-60s
21:14:48 Saving config file
21:14:48 Saved config file successfully
21:15:48 saveConfig: auto-save-60s
21:15:48 Saving config file
21:15:48 Saved config file successfully
21:15:48 saveConfig: auto-save-60s
21:15:48 Saving config file
21:15:48 Saved config file successfully
21:16:48 saveConfig: auto-save-60s
21:16:48 Saving config file
21:16:48 Saved config file successfully
21:16:48 saveConfig: auto-save-60s
21:16:48 Saving config file
21:16:48 Saved config file successfully
21:17:33 saveConfig: saving-data
21:17:33 Saving sacks file
21:17:33 Saved sacks file successfully
21:17:33 saveConfig: saving-data
21:17:33 Saving sacks file
21:17:33 Saved sacks file successfully
21:17:43 saveConfig: saving-data
21:17:43 Saving sacks file
21:17:43 Saved sacks file successfully
21:17:43 saveConfig: saving-data
21:17:43 Saving sacks file
21:17:43 Saved sacks file successfully
21:17:48 saveConfig: auto-save-60s
21:17:48 Saving config file
21:17:48 Saved config file successfully
21:17:48 saveConfig: auto-save-60s
21:17:48 Saving config file
21:17:48 Saved config file successfully
21:17:54 saveConfig: saving-data
21:17:54 Saving sacks file
21:17:54 Saved sacks file successfully
21:17:54 saveConfig: saving-data
21:17:54 Saving sacks file
21:17:54 Saved sacks file successfully
21:18:04 saveConfig: saving-data
21:18:04 Saving sacks file
21:18:04 Saved sacks file successfully
21:18:04 saveConfig: saving-data
21:18:04 Saving sacks file
21:18:04 Saved sacks file successfully
21:18:12 saveConfig: saving-data
21:18:12 Saving sacks file
21:18:12 Saved sacks file successfully
21:18:12 saveConfig: saving-data
21:18:12 Saving sacks file
21:18:12 Saved sacks file successfully
21:18:19 saveConfig: saving-data
21:18:19 Saving sacks file
21:18:19 Saved sacks file successfully
21:18:19 saveConfig: saving-data
21:18:19 Saving sacks file
21:18:19 Saved sacks file successfully
21:18:27 saveConfig: saving-data
21:18:27 Saving sacks file
21:18:27 Saved sacks file successfully
21:18:27 saveConfig: saving-data
21:18:27 Saving sacks file
21:18:27 Saved sacks file successfully
21:18:37 saveConfig: saving-data
21:18:37 Saving sacks file
21:18:37 Saved sacks file successfully
21:18:37 saveConfig: saving-data
21:18:37 Saving sacks file
21:18:37 Saved sacks file successfully
21:18:48 saveConfig: auto-save-60s
21:18:48 Saving config file
21:18:48 Saved config file successfully
21:18:48 saveConfig: auto-save-60s
21:18:48 Saving config file
21:18:48 Saved config file successfully
21:19:48 saveConfig: auto-save-60s
21:19:48 Saving config file
21:19:48 Saved config file successfully
21:19:48 saveConfig: auto-save-60s
21:19:48 Saving config file
21:19:48 Saved config file successfully
21:20:39 saveConfig: saving-data
21:20:39 Saving sacks file
21:20:39 Saved sacks file successfully
21:20:39 saveConfig: saving-data
21:20:39 Saving sacks file
21:20:39 Saved sacks file successfully
21:20:48 saveConfig: auto-save-60s
21:20:48 Saving config file
21:20:48 Saved config file successfully
21:20:48 saveConfig: auto-save-60s
21:20:48 Saving config file
21:20:48 Saved config file successfully
21:21:46 saveConfig: saving-data
21:21:46 Saving sacks file
21:21:46 Saved sacks file successfully
21:21:46 saveConfig: saving-data
21:21:46 Saving sacks file
21:21:46 Saved sacks file successfully
21:21:48 saveConfig: auto-save-60s
21:21:48 Saving config file
21:21:48 Saved config file successfully
21:21:48 saveConfig: auto-save-60s
21:21:48 Saving config file
21:21:48 Saved config file successfully
21:22:48 saveConfig: auto-save-60s
21:22:48 Saving config file
21:22:48 Saved config file successfully
21:22:48 saveConfig: auto-save-60s
21:22:48 Saving config file
21:22:48 Saved config file successfully
21:23:48 saveConfig: auto-save-60s
21:23:48 Saving config file
21:23:48 Saved config file successfully
21:23:48 saveConfig: auto-save-60s
21:23:48 Saving config file
21:23:48 Saved config file successfully
21:24:48 saveConfig: auto-save-60s
21:24:48 Saving config file
21:24:48 Saved config file successfully
21:24:48 saveConfig: auto-save-60s
21:24:48 Saving config file
21:24:48 Saved config file successfully
21:24:55 saveConfig: shutdown-hook
21:24:55 Saving config file
