16:18:58 §e[SkyHanni] Reloaded 7492 items in the NEU repo§r
16:19:25 §d§l▬▬▬▬▬▬▬▬▬▬▬▬▬▬▬▬▬▬▬▬▬▬▬▬▬▬▬▬▬▬▬▬▬▬▬▬▬▬▬▬▬▬▬▬▬▬▬▬▬▬▬▬▬▬▬▬▬▬▬▬▬▬▬▬
                          §d§lHoppity's Hunt #84 Stats

    §7You found §b1§7/§a279 §6Chocolate Meal Egg§7.

    §7Unique Rabbits: §f1
     §f1 §7- §a0 §7- §90 §7- §50 §7- §60 §7- §d0 §7- §b0

    §7Duplicate Rabbits: §f17
     §f8 §7- §a5 §7- §94 §7- §50 §7- §60 §7- §d0 §7- §b0
     §6+293,142,948 Chocolate

    §7You spent §b2s §7in the §6Chocolate Factory§7.
§d§l▬▬▬▬▬▬▬▬▬▬▬▬▬▬▬▬▬▬▬▬▬▬▬▬▬▬▬▬▬▬▬▬▬▬▬▬▬▬▬▬▬▬▬▬▬▬▬▬▬▬▬▬▬▬▬▬▬▬▬▬▬▬▬▬§r
16:36:53 §e[SkyHanni] You have reached the maximum extra Superpairs clicks from this add-on!§r
16:37:20 §e[SkyHanni] You have reached the maximum extra Superpairs clicks from this add-on!§r
16:39:35 §e[SkyHanni] You have reached the maximum extra Superpairs clicks from this add-on!§r
16:39:58 §e[SkyHanni] You have reached the maximum extra Superpairs clicks from this add-on!§r
16:43:35 §e[SkyHanni] §b+10 SkyBlock XP §7(Mythic Chocolate Rabbits§7)§b (61/100)§r
16:47:21 §e[SkyHanni] Gained §d30,025 motes §ethis Rift session! (§d1.4M/h§e)§r
17:10:51 §e[SkyHanni] §fYou were in Limbo for §e5m 44s§f.§r
17:20:50 §e[SkyHanni] Mark NEU Heavy Pearls as done.§r
17:22:02 §e[SkyHanni] §cYour Time Tower just expired and has 2 charges remaining. Click here to open the Chocolate Factory Menu.§r
17:26:32 §e[SkyHanni] §lCLICK HERE§r§e to grab §ax11 §9§aEnchanted Clay§e from sacks!§r
17:26:35 §e[SkyHanni] §lCLICK HERE§r§e to grab §ax9 §9§9Enchanted Clay Block§e from sacks!§r
18:14:49 §e[SkyHanni] Gained §d50 motes §ethis Rift session! (§d1.5k/h§e)§r
18:22:07 §e[SkyHanni] §cYour Time Tower just expired and has 1 charge remaining. Click here to open the Chocolate Factory Menu.§r
18:22:36 §e[SkyHanni] §lCLICK HERE§r§e to grab §ax2 §9§9Enchanted Tender Wood§e from sacks!§r
18:23:40 §e[SkyHanni] §b+5 SkyBlock XP §7(Accessory Bag§7)§b (66/100)§r
18:50:00 §e[SkyHanni] §fYou were in Limbo for §e19m 16s§f.§r
18:51:09 §e[SkyHanni] §fYou were in Limbo for §e5s§f.§r
19:13:10 §e[SkyHanni] §b+11 SkyBlock XP §7(Attribute Levels§7)§b (77/100)§r
19:32:51 §e[SkyHanni] Gained §d35,000 motes §ethis Rift session! (§d2.6M/h§e)§r
20:43:26 §e[SkyHanni] §b+5 SkyBlock XP §7(Attribute Levels§7)§b (82/100)§r
21:18:08 §e[SkyHanni] §aSkyHanni found a new update: 3.16.0, starting to download now.§r
21:18:11 §e[SkyHanni] Download of update complete. §r
21:18:11 §e[SkyHanni] §aThe update will be installed after your next restart.§r
21:21:17 §e[SkyHanni] Click here to load 137 more collected egg locations from NEU PV!§r
22:26:50 §e[SkyHanni] §b+4 SkyBlock XP §7(Class Level Up§7)§b (40/100)§r
23:06:21 §e[SkyHanni] §b+5 SkyBlock XP §7(Essence Shop§7)§b (49/100)§r
23:11:03 §e[SkyHanni] §b+16 SkyBlock XP §7(Attribute Levels§7)§b (65/100)§r
23:12:52 §e[SkyHanni] §b+1 SkyBlock XP §7(Attribute Levels§7)§b (66/100)§r
23:30:50 §e[SkyHanni] §b+5 SkyBlock XP §7(Essence Shop§7)§b (71/100)§r
