19:34:14 Trying to load config from config\skyhanni\config.json
19:34:14 load-config-now
19:34:15 Loaded config from file
19:34:15 Trying to load sacks from config\skyhanni\sacks.json
19:34:15 load-sacks-now
19:34:15 Loaded sacks from file
19:34:15 Trying to load friends from config\skyhanni\friends.json
19:34:15 load-friends-now
19:34:15 Loaded friends from file
19:34:15 Trying to load known_features from config\skyhanni\known_features.json
19:34:15 load-known_features-now
19:34:15 Loaded known_features from file
19:34:15 Trying to load jacob_contests from config\skyhanni\jacob_contests.json
19:34:15 load-jacob_contests-now
19:34:15 Loaded jacob_contests from file
19:34:15 Trying to load visual_words from config\skyhanni\visual_words.json
19:34:15 Setting visual_words to be blank as it did not exist. It will be saved once something is written to it
19:35:15 saveConfig: auto-save-60s
19:35:15 Saving config file
19:35:15 Saved config file successfully
19:35:15 saveConfig: auto-save-60s
19:35:15 Saving config file
19:35:15 Saved config file successfully
19:36:15 saveConfig: auto-save-60s
19:36:15 Saving config file
19:36:15 Saved config file successfully
19:36:15 saveConfig: auto-save-60s
19:36:15 Saving config file
19:36:15 Saved config file successfully
19:37:15 saveConfig: auto-save-60s
19:37:15 Saving config file
19:37:15 Saved config file successfully
19:37:15 saveConfig: auto-save-60s
19:37:15 Saving config file
19:37:15 Saved config file successfully
19:38:15 saveConfig: auto-save-60s
19:38:15 Saving config file
19:38:15 Saved config file successfully
19:38:15 saveConfig: auto-save-60s
19:38:15 Saving config file
19:38:15 Saved config file successfully
19:38:49 saveConfig: Updated known feature flags
19:38:49 Saving known_features file
19:38:49 Saved known_features file successfully
19:38:49 saveConfig: Updated known feature flags
19:38:49 Saving known_features file
19:38:49 Saved known_features file successfully
19:39:15 saveConfig: auto-save-60s
19:39:15 Saving config file
19:39:15 Saved config file successfully
19:39:15 saveConfig: auto-save-60s
19:39:15 Saving config file
19:39:15 Saved config file successfully
19:40:04 saveConfig: saving-data
19:40:04 Saving sacks file
19:40:04 Saved sacks file successfully
19:40:04 saveConfig: saving-data
19:40:04 Saving sacks file
19:40:04 Saved sacks file successfully
19:40:15 saveConfig: auto-save-60s
19:40:15 Saving config file
19:40:15 Saved config file successfully
19:40:15 saveConfig: auto-save-60s
19:40:15 Saving config file
19:40:15 Saved config file successfully
19:41:15 saveConfig: auto-save-60s
19:41:15 Saving config file
19:41:15 Saved config file successfully
19:41:15 saveConfig: auto-save-60s
19:41:15 Saving config file
19:41:15 Saved config file successfully
19:42:15 saveConfig: auto-save-60s
19:42:15 Saving config file
19:42:15 Saved config file successfully
19:42:15 saveConfig: auto-save-60s
19:42:15 Saving config file
19:42:15 Saved config file successfully
19:43:15 saveConfig: auto-save-60s
19:43:15 Saving config file
19:43:15 Saved config file successfully
19:43:15 saveConfig: auto-save-60s
19:43:15 Saving config file
19:43:15 Saved config file successfully
19:43:23 saveConfig: saving-data
19:43:23 Saving sacks file
19:43:23 Saved sacks file successfully
19:43:23 saveConfig: saving-data
19:43:23 Saving sacks file
19:43:23 Saved sacks file successfully
19:44:15 saveConfig: auto-save-60s
19:44:15 Saving config file
19:44:15 Saved config file successfully
19:44:15 saveConfig: auto-save-60s
19:44:15 Saving config file
19:44:15 Saved config file successfully
19:45:15 saveConfig: auto-save-60s
19:45:15 Saving config file
19:45:15 Saved config file successfully
19:45:15 saveConfig: auto-save-60s
19:45:15 Saving config file
19:45:15 Saved config file successfully
19:46:15 saveConfig: auto-save-60s
19:46:15 Saving config file
19:46:15 Saved config file successfully
19:46:15 saveConfig: auto-save-60s
19:46:15 Saving config file
19:46:15 Saved config file successfully
19:46:36 saveConfig: saving-data
19:46:36 Saving sacks file
19:46:36 Saved sacks file successfully
19:46:36 saveConfig: saving-data
19:46:36 Saving sacks file
19:46:36 Saved sacks file successfully
19:47:15 saveConfig: auto-save-60s
19:47:15 Saving config file
19:47:15 Saved config file successfully
19:47:15 saveConfig: auto-save-60s
19:47:15 Saving config file
19:47:15 Saved config file successfully
19:47:21 saveConfig: saving-data
19:47:21 Saving sacks file
19:47:21 Saved sacks file successfully
19:47:21 saveConfig: saving-data
19:47:21 Saving sacks file
19:47:21 Saved sacks file successfully
19:48:09 saveConfig: saving-data
19:48:09 Saving sacks file
19:48:09 Saved sacks file successfully
19:48:09 saveConfig: saving-data
19:48:09 Saving sacks file
19:48:09 Saved sacks file successfully
19:48:15 saveConfig: auto-save-60s
19:48:15 Saving config file
19:48:15 Saved config file successfully
19:48:15 saveConfig: auto-save-60s
19:48:15 Saving config file
19:48:15 Saved config file successfully
19:48:36 saveConfig: saving-data
19:48:36 Saving sacks file
19:48:36 Saved sacks file successfully
19:48:36 saveConfig: saving-data
19:48:36 Saving sacks file
19:48:36 Saved sacks file successfully
19:48:50 saveConfig: saving-data
19:48:50 Saving sacks file
19:48:50 Saved sacks file successfully
19:48:50 saveConfig: saving-data
19:48:50 Saving sacks file
19:48:50 Saved sacks file successfully
19:48:58 saveConfig: saving-data
19:48:58 Saving sacks file
19:48:59 Saved sacks file successfully
19:48:59 saveConfig: saving-data
19:48:59 Saving sacks file
19:48:59 Saved sacks file successfully
19:49:15 saveConfig: auto-save-60s
19:49:15 Saving config file
19:49:15 Saved config file successfully
19:49:15 saveConfig: auto-save-60s
19:49:15 Saving config file
19:49:15 Saved config file successfully
19:49:36 saveConfig: saving-data
19:49:36 Saving sacks file
19:49:36 Saved sacks file successfully
19:49:36 saveConfig: saving-data
19:49:36 Saving sacks file
19:49:36 Saved sacks file successfully
19:49:46 saveConfig: saving-data
19:49:46 Saving sacks file
19:49:46 Saved sacks file successfully
19:49:46 saveConfig: saving-data
19:49:46 Saving sacks file
19:49:46 Saved sacks file successfully
19:50:01 saveConfig: saving-data
19:50:01 Saving sacks file
19:50:01 Saved sacks file successfully
19:50:01 saveConfig: saving-data
19:50:01 Saving sacks file
19:50:01 Saved sacks file successfully
19:50:15 saveConfig: auto-save-60s
19:50:15 Saving config file
19:50:15 Saved config file successfully
19:50:15 saveConfig: auto-save-60s
19:50:15 Saving config file
19:50:15 Saved config file successfully
19:50:32 saveConfig: saving-data
19:50:32 Saving sacks file
19:50:32 Saved sacks file successfully
19:50:32 saveConfig: saving-data
19:50:32 Saving sacks file
19:50:32 Saved sacks file successfully
19:51:06 saveConfig: saving-data
19:51:06 Saving sacks file
19:51:06 Saved sacks file successfully
19:51:06 saveConfig: saving-data
19:51:06 Saving sacks file
19:51:06 Saved sacks file successfully
19:51:15 saveConfig: auto-save-60s
19:51:15 Saving config file
19:51:15 Saved config file successfully
19:51:15 saveConfig: auto-save-60s
19:51:15 Saving config file
19:51:15 Saved config file successfully
19:51:36 saveConfig: saving-data
19:51:36 Saving sacks file
19:51:36 Saved sacks file successfully
19:51:36 saveConfig: saving-data
19:51:36 Saving sacks file
19:51:36 Saved sacks file successfully
19:51:45 saveConfig: saving-data
19:51:45 Saving sacks file
19:51:45 Saved sacks file successfully
19:51:45 saveConfig: saving-data
19:51:45 Saving sacks file
19:51:45 Saved sacks file successfully
19:52:15 saveConfig: auto-save-60s
19:52:15 Saving config file
19:52:15 Saved config file successfully
19:52:15 saveConfig: auto-save-60s
19:52:15 Saving config file
19:52:15 Saved config file successfully
19:52:18 saveConfig: saving-data
19:52:18 Saving sacks file
19:52:18 Saved sacks file successfully
19:52:18 saveConfig: saving-data
19:52:18 Saving sacks file
19:52:18 Saved sacks file successfully
19:52:31 saveConfig: saving-data
19:52:31 Saving sacks file
19:52:31 Saved sacks file successfully
19:52:31 saveConfig: saving-data
19:52:31 Saving sacks file
19:52:31 Saved sacks file successfully
19:53:00 saveConfig: shutdown-hook
19:53:00 Saving config file
19:53:00 Saved config file successfully
19:53:00 saveConfig: shutdown-hook
19:53:00 Saving config file
