15:32:53 [allowed] §aYou are still radiating with §bGenerosity§r§a!
15:32:53 [allowed] §f §r§r§r§f §r§r§r§1 §r§r§r§0 §r§r§r§2 §r§r§r§f §r§r§r§f §r§r§r§2 §r§r§r§0 §r§r§r§4 §r§r§r§3 §r§r§r§9 §r§r§r§2 §r§r§r§0 §r§r§r§0 §r§r§r§3 §r§r§r§9 §r§r§r§2 §r§r§r§0 §r§r§r§0 §r§r§r§3 §r§r§r§9 §r§r§r§2 §r§r§r§0 §r§r§r§0 
15:32:53 [allowed] §b[MVP§0+§b] KobeAim§f §6joined the lobby!
15:32:53 [allowed] §b[MVP§3+§b] AsmolGothPotato§f §6joined the lobby!
15:32:54 [allowed]   §r§f§l➤ §r§6You have reached your Hype limit! Add Hype to Prototype Lobby minigames by right-clicking with the Hype Diamond!
15:32:54 [allowed] §b[MVP§c+§b] Edahs_Varem§f §6joined the lobby!
15:32:58 [allowed] §b[MVP§d+§b] Daniflytrap§f §6joined the lobby!
15:32:58 [allowed] §b[MVP§c+§b] lumpy_ham§f §6joined the lobby!
15:32:59 [allowed]  §b>§c>§a>§r §r§6[MVP§0++§6] NinjaB2006§f §6joined the lobby!§r §a<§c<§b<
15:32:59 [allowed] §b[MVP§c+§b] Ben54263§f §6joined the lobby!
15:32:59 [allowed] §b[MVP§c+§b] Baum1248§f §6joined the lobby!
15:33:00 [allowed]  §b>§c>§a>§r §r§6[MVP§6++§6] BlockedDip§f §6joined the lobby!§r §a<§c<§b<
15:33:01 [allowed] §b[MVP§9+§b] Hangelo_§f §6joined the lobby!
15:33:01 [allowed]  §b>§c>§a>§r §r§b[MVP§1++§b] yay27§f §6joined the lobby!§r §a<§c<§b<
15:33:01 [allowed] §b[MVP§9+§b] Eclipse_knight11§f §6joined the lobby!
15:33:02 [allowed] §b[MVP§6+§b] dam0kuresu§f §6joined the lobby!
15:33:04 [allowed] §7Sending to server mini259H...
15:33:06 [allowed] §8 §r§8 §r§1 §r§3 §r§3 §r§7 §r§8 
15:33:06 [allowed] §2Guild > §r§bLordSquido §r§eleft.
15:33:07 [allowed]  
15:33:07 [allowed] §f       §7You have §38 §7pending §3Bestiary Milestones §7to be claimed!
15:33:07 [allowed] §f                  §6§l>>> §6§lCLICK HERE§e to claim them! §6§l<<<
15:33:07 [allowed]   
15:33:07 [allowed] 
15:33:07 [allowed] §eWelcome to §r§aHypixel SkyBlock§r§e! §r§d§l6TH ANNIVERSARY!
15:33:07 [allowed] §eEarn §r§a+20% §r§eDungeons and Skill EXP and §r§b+10✯ Magic Find§r§e!
15:33:07 [allowed] 
15:33:07 [allowed] §6§lMAINTENANCE!
15:33:07 [allowed] §7 SkyBlock will be temporarily unavailable on §r§eJune 23rd @ 6am EDT §r§7for maintenance.
15:33:07 [allowed] §7 Check the status page for more info: §r§b§nhttps://status.hypixel.net
15:33:07 [allowed] 
15:33:07 [allowed] §eLatest update: §bSkyBlock v0.22.1 §e§lCLICK
15:33:08 [allowed] §aYou are playing on profile: §eCoconut§b (Co-op)
15:33:08 [allowed] §8Profile ID: 4ef1bd42-ec32-42d4-afba-b766eacde1e7
