11:47:56 [PEST_DROP] §eYou received §a69x Enchanted Potato §efor killing a §2Locust§e!
11:48:03 [PEST_DROP] §eYou received §a51x Enchanted Sugar §efor killing a §2Mosquito§e!
11:48:12 [PEST_DROP] §eYou received §a29x Enchanted Red Mushroom §efor killing a §2Slug§e!
11:48:18 [PEST_DROP] §eYou received §a111x Enchanted Potato §efor killing a §2Locust§e!
11:48:31 [PEST_DROP] §eYou received §a33x Enchanted Wheat §efor killing a §2Fly§e!
11:48:38 [PEST_DROP] §eYou received §a32x Enchanted Wheat §efor killing a §2Fly§e!
11:48:45 [PEST_DROP] §eYou received §a115x Enchanted Potato §efor killing a §2Locust§e!
11:49:31 [PEST_DROP] §eYou received §a116x Enchanted Potato §efor killing a §2Locust§e!
11:49:39 [PEST_DROP] §eYou received §a115x Enchanted Potato §efor killing a §2Locust§e!
11:49:39 [PEST_DROP] §eYou received §a33x Enchanted Pumpkin §efor killing a §2Rat§e!
11:49:39 [PEST_DROP] §eYou received §a33x Enchanted Pumpkin §efor killing a §2Rat§e!
11:49:40 [PEST_DROP] §eYou received §a66x Enchanted Cactus Green §efor killing a §2Mite§e!
11:49:40 [PEST_DROP] §eYou received §a66x Enchanted Cactus Green §efor killing a §2Mite§e!
11:49:40 [PEST_DROP] §eYou received §a116x Enchanted Potato §efor killing a §2Locust§e!
11:49:41 [PEST_DROP] §eYou received §a66x Enchanted Cactus Green §efor killing a §2Mite§e!
11:49:41 [PEST_DROP] §eYou received §a116x Enchanted Potato §efor killing a §2Locust§e!
11:49:41 [PEST_DROP] §eYou received §a33x Enchanted Pumpkin §efor killing a §2Rat§e!
11:49:49 [GARDEN_VISITOR_MESSAGE] §e[NPC] §aStella§f: §r§fThe amount of plots you can unlock here is perfect for a Co-op. So much space!
11:49:51 [GARDEN_VISITOR_MESSAGE] §e[NPC] §aStella§f: §r§fDon't worry, I'll come back later.
11:49:51 [GARDEN_VISITOR_MESSAGE] §e[NPC] §6Madame Eleanor Q. Goldsworth III§f: §r§fI'm here to put a value on your farm. Bring me your fanciest crop.
11:49:58 [GARDEN_VISITOR_MESSAGE] §e[NPC] §6Madame Eleanor Q. Goldsworth III§f: §r§fI value your farm at 0 coins. Horrible service.
11:49:58 [GARDEN_VISITOR_MESSAGE] §e[NPC] §aLibrarian§f: §r§fGreetings! I've been running low on paper recently for my Enchanted Books, could you bring me some Sugar Cane?
11:50:03 [GARDEN_VISITOR_MESSAGE] §e[NPC] §aLibrarian§f: §r§fVery unfortunate, I really needed that paper...
11:50:04 [GARDEN_VISITOR_MESSAGE] §e[NPC] §aOringo§f: §r§fHey, you got some wheat for my pets by any chance? Gotta keep those little monsters fed, haha!
11:50:05 [GARDEN_VISITOR_MESSAGE] §e[NPC] §aOringo§f: §r§fOh, you're out of wheat? Alright, I'll come back later then.
11:51:20 [NEW_VISITOR_ARRIVED] §a§r§aPlumber Joe §r§ehas arrived on your §r§aGarden§r§e!
11:53:24 [GARDEN_VISITOR_MESSAGE] §e[NPC] §aPlumber Joe§f: §r§fI once dumped a magical water bucket into the toilet. It won't stop overflowing. Anyway, you got something for me?
11:53:26 [GARDEN_VISITOR_MESSAGE] §e[NPC] §aPlumber Joe§f: §r§fI guess I'll just try to fix it myself.
13:34:46 [PUZZLE_FAIL] §c§lPUZZLE FAIL! §r§aSharkimoo §r§ekilled a Blaze in the wrong order! §r§4Y§r§ci§r§6k§r§ee§r§as§r§2!
13:55:20 [PUZZLE_FAIL] §c§lPUZZLE FAIL! §r§bKobeAim §r§ekilled a Blaze in the wrong order! §r§4Y§r§ci§r§6k§r§ee§r§as§r§2!
14:03:07 [PUZZLE_FAIL] §c§lPUZZLE FAIL! §r§aSharkimoo §r§ekilled a Blaze in the wrong order! §r§4Y§r§ci§r§6k§r§ee§r§as§r§2!
15:15:00 [PEST_DROP] §eYou received §a29x Enchanted Pumpkin §efor killing a §2Rat§e!
15:15:00 [PEST_DROP] §eYou received §a32x Enchanted Pumpkin §efor killing a §2Rat§e!
15:15:00 [PEST_DROP] §eYou received §a33x Enchanted Pumpkin §efor killing a §2Rat§e!
15:15:02 [PEST_DROP] §eYou received §a101x Enchanted Carrot §efor killing a §2Cricket§e!
15:15:02 [PEST_DROP] §eYou received §a33x Enchanted Pumpkin §efor killing a §2Rat§e!
15:15:02 [PEST_DROP] §eYou received §a67x Enchanted Cactus Green §efor killing a §2Mite§e!
15:15:03 [PEST_DROP] §eYou received §a102x Enchanted Potato §efor killing a §2Locust§e!
15:15:03 [PEST_DROP] §eYou received §a64x Enchanted Cactus Green §efor killing a §2Mite§e!
15:15:03 [PEST_DROP] §eYou received §a33x Enchanted Pumpkin §efor killing a §2Rat§e!
15:15:15 [PEST_DROP] §eYou received §a116x Enchanted Potato §efor killing a §2Locust§e!
15:15:24 [PEST_DROP] §eYou received §a167x Enchanted Melon §efor killing an §2Earthworm§e!
15:15:36 [PEST_DROP] §eYou received §a116x Enchanted Potato §efor killing a §2Locust§e!
15:15:41 [GARDEN_VISITOR_MESSAGE] §e[NPC] §aStella§f: §r§fThe amount of plots you can unlock here is perfect for a Co-op. So much space!
15:15:43 [GARDEN_VISITOR_MESSAGE] §e[NPC] §aStella§f: §r§fDon't worry, I'll come back later.
15:15:43 [GARDEN_VISITOR_MESSAGE] §e[NPC] §9Bartender§f: §r§fI want to make some new brews, do you think you can give me some ingredients to work with?
15:15:46 [GARDEN_VISITOR_MESSAGE] §e[NPC] §9Bartender§f: §r§fHard times we are in. Take care!
15:15:47 [GARDEN_VISITOR_MESSAGE] §e[NPC] §aFarmhand§f: §r§fI took a break from work for too long! Now I need your help to meet my quota!
15:15:48 [GARDEN_VISITOR_MESSAGE] §e[NPC] §aFarmhand§f: §r§fYou condemn me to doing my own work? How can you do this to me!
15:15:48 [GARDEN_VISITOR_MESSAGE] §e[NPC] §aRoyal Resident§f: §r§fMy neighbor told me to get off his property, but he doesn't even own this place!
15:15:50 [GARDEN_VISITOR_MESSAGE] §e[NPC] §aRoyal Resident§f: §rMaybe I have to talk to the King about him. He is going too far. I think the current King is §l§6Grandan§f.
15:20:50 [NEW_VISITOR_ARRIVED] §a§r§aArthur §r§ehas arrived on your §r§aGarden§r§e!
15:32:02 [GARDEN_VISITOR_MESSAGE] §e[NPC] §aArthur§f: §r§fMy wheat minion has been slacking recently, I am thinking about giving it an upgrade. He hasn't produced any wheat in years! Every time I check on him, he's empty.
15:32:51 [NEW_VISITOR_ARRIVED] §a§r§aVex §r§ehas arrived on your §r§aGarden§r§e!
