11:28:19 §e[SkyHanni] Reloaded 7449 items in the NEU repo§r
11:35:38 §e[SkyHanni] Gained §d33,000 motes §ethis Rift session! (§d708k/h§e)§r
11:47:54 §e[SkyHanni] §cSpaceman §eis visiting your garden!§r
11:47:54 §e[SkyHanni] §aStella §eis visiting your garden!§r
11:47:54 §e[SkyHanni] §6Madame Eleanor Q. Goldsworth III §eis visiting your garden!§r
11:47:54 §e[SkyHanni] §aLibrarian §eis visiting your garden!§r
11:47:54 §e[SkyHanni] §aOringo §eis visiting your garden!§r
11:48:20 §e[SkyHanni] Loaded Potato milestone data from tab list!§r
11:51:21 §e[SkyHanni] §aPlumber Joe §eis visiting your garden!§r
12:31:03 §e[SkyHanni] §cYour Time Tower just expired and has 1 charge remaining. Click here to open the Chocolate Factory Menu.§r
13:21:36 §e[SkyHanni] §lCLICK HERE§r§e to grab §ax227 §9§5Silver Magmafish§e from sacks!§r
13:21:40 §e[SkyHanni] §lCLICK HERE§r§e to grab §ax7 §9§6Gold Magmafish§e from sacks!§r
13:34:46 §e[SkyHanni] §c§lPUZZLE FAILED! §r§bSharkimoo §r§efailed a puzzle. 
§eClick here to get §5Architect's First Draft §7(§e4x left§7)§r
13:55:20 §e[SkyHanni] §c§lPUZZLE FAILED! §r§bKobeAim §r§efailed a puzzle. 
§eClick here to get §5Architect's First Draft §7(§e4x left§7)§r
14:03:07 §e[SkyHanni] §c§lPUZZLE FAILED! §r§bSharkimoo §r§efailed a puzzle. 
§eClick here to get §5Architect's First Draft §7(§e3x left§7)§r
14:26:14 §c[SkyHanni] Couldn't find an item with this name or identifier!§r
14:45:11 §c[SkyHanni] Couldn't find an item with this name or identifier!§r
15:15:03 §e[SkyHanni] Started tracking your Jacob Contest Blocks Per Second!§r
15:20:51 §e[SkyHanni] §aArthur §eis visiting your garden!§r
15:32:08 §e[SkyHanni] Found Visitor Reward §cSpace Helmet§e!§r
15:32:53 §e[SkyHanni] §aVex §eis visiting your garden!§r
