17:27:36 `391fk42al0`498 missed {
 is already Found: false).
 Position: LorenzVec(x=23.0, y=77.0, z=-69.5)
 DistanceC: 8.123938387602635
Relative Position: LorenzVec(x=5.911560125970425, y=2.2584254121948533, z=8.123938387602635)
 }
17:27:53 `2o9l37tfck`228 missed {
 is already Found: false).
 Position: LorenzVec(x=22.0, y=71.0, z=-45.5)
 DistanceC: 21.80000001192093
Relative Position: LorenzVec(x=-1.6999999880790746, y=-19.09935711385296, z=21.80000001192093)
 }
17:27:57 `5r752d6521`334 missed {
 is already Found: false).
 Position: LorenzVec(x=38.5, y=70.0, z=-88.5)
 DistanceC: 18.6225031092669
Relative Position: LorenzVec(x=15.700281408574924, y=-15.495064620329813, z=-18.6225031092669)
 }
17:27:57 `2i5sq6vn08`592 missed {
 is already Found: false).
 Position: LorenzVec(x=0.5, y=70.0, z=-90.5)
 DistanceC: 22.299718591425076
Relative Position: LorenzVec(x=-22.299718591425076, y=-15.495064620329813, z=-20.6225031092669)
 }
17:27:58 `0u1hy5km3v`331 missed {
 is already Found: false).
 Position: LorenzVec(x=34.5, y=71.0, z=-96.5)
 DistanceC: 22.793446638891382
Relative Position: LorenzVec(x=12.658771060564096, y=-13.390839494630043, z=-22.793446638891382)
 }
17:27:59 `Villager`367 missed {
 is already Found: false).
 Position: LorenzVec(x=-0.5, y=70.0, z=-54.5)
 DistanceC: 22.23081914237261
Relative Position: LorenzVec(x=-22.23081914237261, y=-19.134970081856068, z=18.797656090297707)
 }
17:28:03 `43aqi956gp`333 missed {
 is already Found: false).
 Position: LorenzVec(x=31.5, y=70.0, z=-94.5)
 DistanceC: 22.11803433089554
Relative Position: LorenzVec(x=9.75970100084254, y=-19.157525004739057, z=-22.11803433089554)
 }
17:28:13 `5r752d6521`334 missed {
 is already Found: false).
 Position: LorenzVec(x=38.5, y=70.0, z=-88.5)
 DistanceC: 18.28692266491018
Relative Position: LorenzVec(x=18.231894886365772, y=-13.941200039172173, z=-18.28692266491018)
 }
17:28:14 `2i5sq6vn08`592 missed {
 is already Found: false).
 Position: LorenzVec(x=0.5, y=70.0, z=-90.5)
 DistanceC: 20.809520173076038
Relative Position: LorenzVec(x=-20.809520173076038, y=-17.784303310172447, z=-19.062611495275434)
 }
17:28:16 `Villager`367 missed {
 is already Found: false).
 Position: LorenzVec(x=-0.5, y=70.0, z=-54.5)
 DistanceC: 22.414609580556114
Relative Position: LorenzVec(x=-22.414609580556114, y=-14.0, z=18.268328119252928)
 }
17:28:17 `43aqi956gp`333 missed {
 is already Found: false).
 Position: LorenzVec(x=31.5, y=70.0, z=-94.5)
 DistanceC: 21.731671880747072
Relative Position: LorenzVec(x=9.585390419443886, y=-14.0, z=-21.731671880747072)
 }
17:30:46 `1x87b0drg2`227 missed {
 is already Found: false).
 Position: LorenzVec(x=116.5, y=70.0, z=12.5)
 DistanceC: 23.0
Relative Position: LorenzVec(x=23.0, y=-16.0, z=-18.0)
 }
17:35:26 `Minos Champion`98866 missed {
 is already Found: false).
 Position: LorenzVec(x=113.60416666666667, y=75.09375, z=-85.32291666666667)
 DistanceC: 2.8392213274440508
Relative Position: LorenzVec(x=2.8392213274440508, y=0.09375, z=0.9705865187960825)
 }
17:36:07 Something Went Wrong!
17:36:20 `n036w6sd9v`242 missed {
 is already Found: false).
 Position: LorenzVec(x=-134.5, y=73.0, z=-97.5)
 DistanceC: 21.710292876424333
Relative Position: LorenzVec(x=20.59051979472983, y=-8.773432754562364, z=-21.710292876424333)
 }
17:37:53 `7eb2400wyu`11084328 missed {
 is already Found: false).
 Position: LorenzVec(x=-19.0, y=100.0, z=6.0)
 DistanceC: 21.523874221736648
Relative Position: LorenzVec(x=-21.523874221736648, y=0.0, z=-13.559950569582554)
 }
17:40:44 `Minos Champion`20775 missed {
 is already Found: false).
 Position: LorenzVec(x=88.33333333333333, y=72.21180555555556, z=-60.71875)
 DistanceC: 1.804760707350468
Relative Position: LorenzVec(x=-1.3666666547457424, y=-1.2881944444444429, z=-1.804760707350468)
 }
17:40:54 `071288x533`251 missed {
 is already Found: false).
 Position: LorenzVec(x=-24.5, y=71.0, z=-58.5)
 DistanceC: 23.312789565343643
Relative Position: LorenzVec(x=-23.312789565343643, y=-4.98301735129175, z=18.189524330851953)
 }
17:43:17 Something Went Wrong!
17:46:14 `Minos Champion`23489 missed {
 is already Found: false).
 Position: LorenzVec(x=-155.71530318040948, y=73.54248537231791, z=-12.315980689766125)
 DistanceC: 2.2769824759588424
Relative Position: LorenzVec(x=-1.6044103637518674, y=0.5424853723179126, z=2.2769824759588424)
 }
17:46:42 `091mz05x6a`528 missed {
 is already Found: false).
 Position: LorenzVec(x=-62.5, y=77.0, z=84.5)
 DistanceC: 17.71893803950286
Relative Position: LorenzVec(x=17.71893803950286, y=5.0, z=-13.058301305557052)
 }
17:47:19 `sts056u1e6`243 missed {
 is already Found: false).
 Position: LorenzVec(x=-89.5, y=75.0, z=-134.5)
 DistanceC: 12.411543842007006
Relative Position: LorenzVec(x=11.083460704932165, y=3.0, z=12.411543842007006)
 }
17:52:00 `091mz05x6a`528 missed {
 is already Found: false).
 Position: LorenzVec(x=-62.5, y=77.0, z=84.5)
 DistanceC: 17.889205540885627
Relative Position: LorenzVec(x=17.889205540885627, y=0.5, z=0.915571286882539)
 }
17:54:38 Something Went Wrong!
17:54:52 `sts056u1e6`243 missed {
 is already Found: false).
 Position: LorenzVec(x=-89.5, y=75.0, z=-134.5)
 DistanceC: 22.783170481169776
Relative Position: LorenzVec(x=-12.840257025251702, y=1.233632006042484, z=22.783170481169776)
 }
17:56:45 Something Went Wrong!
17:58:49 `8zz7f1k19o`242 missed {
 is already Found: false).
 Position: LorenzVec(x=-134.5, y=73.0, z=-97.5)
 DistanceC: 12.555921196427164
Relative Position: LorenzVec(x=-12.555921196427164, y=2.0, z=7.784681935620199)
 }
18:01:30 `091mz05x6a`528 missed {
 is already Found: false).
 Position: LorenzVec(x=-62.5, y=77.0, z=84.5)
 DistanceC: 21.097089632145554
Relative Position: LorenzVec(x=8.638798545149726, y=-1.0, z=-21.097089632145554)
 }
18:04:15 `8zz7f1k19o`242 missed {
 is already Found: false).
 Position: LorenzVec(x=-134.5, y=73.0, z=-97.5)
 DistanceC: 19.34345965287976
Relative Position: LorenzVec(x=-16.870381055886185, y=1.0, z=19.34345965287976)
 }
18:06:22 `091mz05x6a`528 missed {
 is already Found: false).
 Position: LorenzVec(x=-62.5, y=77.0, z=84.5)
 DistanceC: 22.59659966356074
Relative Position: LorenzVec(x=9.778798505253619, y=0.0, z=-22.59659966356074)
 }
18:09:23 `8zz7f1k19o`242 missed {
 is already Found: false).
 Position: LorenzVec(x=-134.5, y=73.0, z=-97.5)
 DistanceC: 21.401940843718194
Relative Position: LorenzVec(x=21.401940843718194, y=0.0, z=-18.178836092862824)
 }
18:09:31 `sts056u1e6`243 missed {
 is already Found: false).
 Position: LorenzVec(x=-89.5, y=75.0, z=-134.5)
 DistanceC: 21.819349713230224
Relative Position: LorenzVec(x=-8.102237092836475, y=3.0, z=21.819349713230224)
 }
18:11:38 `091mz05x6a`528 missed {
 is already Found: false).
 Position: LorenzVec(x=-62.5, y=77.0, z=84.5)
 DistanceC: 14.957694064254042
Relative Position: LorenzVec(x=14.957694064254042, y=-0.02000001072883606, z=-0.19999998807907104)
 }
18:17:04 `091mz05x6a`528 missed {
 is already Found: false).
 Position: LorenzVec(x=-62.5, y=77.0, z=84.5)
 DistanceC: 17.840622715508587
Relative Position: LorenzVec(x=17.840622715508587, y=5.0, z=-16.60181298517203)
 }
18:19:51 `c5468c92ik`225 missed {
 is already Found: false).
 Position: LorenzVec(x=67.5, y=69.65, z=-7.5)
 DistanceC: 19.79396799814502
Relative Position: LorenzVec(x=-19.79396799814502, y=-3.3499999999999943, z=17.44265699364281)
 }
18:23:25 `Minos Champion`44115 missed {
 is already Found: false).
 Position: LorenzVec(x=102.6875, y=74.54166666666667, z=-140.3125)
 DistanceC: 2.1201043287533707
Relative Position: LorenzVec(x=1.602680475682078, y=0.5416666666666714, z=2.1201043287533707)
 }
18:24:00 Something Went Wrong!
18:24:41 Something Went Wrong!
18:24:59 `tn3eh2l0lk`536 missed {
 is already Found: false).
 Position: LorenzVec(x=114.5, y=73.0, z=175.0)
 DistanceC: 14.199999988079071
Relative Position: LorenzVec(x=14.199999988079071, y=-1.0, z=-5.007236515995743)
 }
18:26:59 Something Went Wrong!
18:31:06 Something Went Wrong!
18:37:20 `Minos Champion`165240 missed {
 is already Found: false).
 Position: LorenzVec(x=-98.47916666666666, y=71.90625, z=-37.96875)
 DistanceC: 0.5836450918122154
Relative Position: LorenzVec(x=-0.5836450918122154, y=-0.09375, z=-0.01579048280616746)
 }
18:39:23 `§bSam `32813 missed {
 is already Found: false).
 Position: LorenzVec(x=14.5, y=100.0, z=-16.5)
 DistanceC: 24.0
Relative Position: LorenzVec(x=7.0, y=0.0, z=-24.0)
 }
18:39:52 `0i6y8d8p6a`19 missed {
 is already Found: false).
 Position: LorenzVec(x=4.5, y=72.0, z=-104.5)
 DistanceC: 22.81887500304687
Relative Position: LorenzVec(x=9.710900919806225, y=2.0, z=-22.81887500304687)
 }
18:39:52 `7s5r3i8r92`251 missed {
 is already Found: false).
 Position: LorenzVec(x=-24.5, y=71.0, z=-58.5)
 DistanceC: 23.18112499695313
Relative Position: LorenzVec(x=-19.289099080193775, y=1.0, z=23.18112499695313)
 }
18:39:52 `Villager`357 missed {
 is already Found: false).
 Position: LorenzVec(x=-25.71875, y=68.0, z=-103.125)
 DistanceC: 21.44387500304687
Relative Position: LorenzVec(x=-20.507849080193775, y=-2.0, z=-21.44387500304687)
 }
18:39:52 `Villager`365 missed {
 is already Found: false).
 Position: LorenzVec(x=17.5, y=70.0, z=-99.0)
 DistanceC: 22.710900919806225
Relative Position: LorenzVec(x=22.710900919806225, y=0.0, z=-17.31887500304687)
 }
18:46:03 `w8bu4mvmq3`242 missed {
 is already Found: false).
 Position: LorenzVec(x=-134.5, y=73.0, z=-97.5)
 DistanceC: 23.225672714594012
Relative Position: LorenzVec(x=-23.225672714594012, y=-4.4950646203298135, z=22.25240785500577)
 }
18:46:08 `xs3670xy10`243 missed {
 is already Found: false).
 Position: LorenzVec(x=-89.5, y=75.0, z=-134.5)
 DistanceC: 19.19999998807907
Relative Position: LorenzVec(x=19.19999998807907, y=1.763431977813724, z=-16.19999998807907)
 }
18:46:09 `3z03z7p8gt`325 missed {
 is already Found: false).
 Position: LorenzVec(x=-85.5, y=55.0, z=-139.5)
 DistanceC: 23.19999998807907
Relative Position: LorenzVec(x=23.19999998807907, y=-17.0, z=-21.19999998807907)
 }
18:46:09 `0sc86bt15w`326 missed {
 is already Found: false).
 Position: LorenzVec(x=-88.5, y=55.0, z=-128.5)
 DistanceC: 20.19999998807907
Relative Position: LorenzVec(x=20.19999998807907, y=-17.0, z=-10.199999988079071)
 }
18:47:15 `g8ls4neoug`528 missed {
 is already Found: false).
 Position: LorenzVec(x=-62.5, y=77.0, z=84.5)
 DistanceC: 21.22234787732441
Relative Position: LorenzVec(x=8.069645279812562, y=-1.0, z=-21.22234787732441)
 }
18:56:05 `kr24k4781e`523 missed {
 is already Found: false).
 Position: LorenzVec(x=-29.5, y=57.0, z=-90.5)
 DistanceC: 22.142252274168342
Relative Position: LorenzVec(x=-22.142252274168342, y=-13.0, z=-16.606593306618308)
 }
18:56:05 `p4e2yjh6g3`530 missed {
 is already Found: false).
 Position: LorenzVec(x=-6.5, y=55.0, z=-95.5)
 DistanceC: 21.606593306618308
Relative Position: LorenzVec(x=0.8577477258316595, y=-15.0, z=-21.606593306618308)
 }
18:56:05 `665z32aegf`421 missed {
 is already Found: false).
 Position: LorenzVec(x=-31.0, y=73.0, z=-85.5)
 DistanceC: 23.642252274168342
Relative Position: LorenzVec(x=-23.642252274168342, y=3.0, z=-11.606593306618308)
 }
18:56:05 `6i8j2w6l20`423 missed {
 is already Found: false).
 Position: LorenzVec(x=-31.0, y=73.0, z=-95.5)
 DistanceC: 23.642252274168342
Relative Position: LorenzVec(x=-23.642252274168342, y=3.0, z=-21.606593306618308)
 }
18:57:24 `xs3670xy10`243 missed {
 is already Found: false).
 Position: LorenzVec(x=-89.5, y=75.0, z=-134.5)
 DistanceC: 14.341896101283169
Relative Position: LorenzVec(x=-1.1227386717511791, y=3.0, z=14.341896101283169)
 }
19:01:29 `g8ls4neoug`528 missed {
 is already Found: false).
 Position: LorenzVec(x=-62.5, y=77.0, z=84.5)
 DistanceC: 21.37320881357911
Relative Position: LorenzVec(x=21.37320881357911, y=5.0, z=-10.337158918503022)
 }
19:04:16 `Minos Champion`119976 missed {
 is already Found: false).
 Position: LorenzVec(x=-47.56394430425956, y=74.692951687017, z=133.3475204091329)
 DistanceC: 1.9864633171150814
Relative Position: LorenzVec(x=1.9864633171150814, y=0.6929516870170005, z=-1.2266800169773262)
 }
19:07:03 `Wolf`121112 missed {
 is already Found: false).
 Position: LorenzVec(x=-213.46875, y=91.0, z=87.15625)
 DistanceC: 8.064190763583568
Relative Position: LorenzVec(x=6.404066754384303, y=0.0, z=-8.064190763583568)
 }
19:07:33 `Minos Champion`121533 missed {
 is already Found: false).
 Position: LorenzVec(x=-192.3125, y=75.59606481481482, z=-35.71875)
 DistanceC: 1.9328842305619673
Relative Position: LorenzVec(x=1.9328842305619673, y=0.5960648148148238, z=-1.7539398299503475)
 }
19:07:46 `xs3670xy10`243 missed {
 is already Found: false).
 Position: LorenzVec(x=-89.5, y=75.0, z=-134.5)
 DistanceC: 18.15802537347625
Relative Position: LorenzVec(x=18.15802537347625, y=1.1451067006516382, z=-5.39220718775843)
 }
19:10:37 `w8bu4mvmq3`242 missed {
 is already Found: false).
 Position: LorenzVec(x=-134.5, y=73.0, z=-97.5)
 DistanceC: 18.0
Relative Position: LorenzVec(x=-13.0, y=-12.0, z=18.0)
 }
19:11:15 `xs3670xy10`243 missed {
 is already Found: false).
 Position: LorenzVec(x=-89.5, y=75.0, z=-134.5)
 DistanceC: 21.713523431718784
Relative Position: LorenzVec(x=-0.4295606462129484, y=-3.0993571138529603, z=21.713523431718784)
 }
19:13:27 `w8bu4mvmq3`242 missed {
 is already Found: false).
 Position: LorenzVec(x=-134.5, y=73.0, z=-97.5)
 DistanceC: 13.723871727273178
Relative Position: LorenzVec(x=-12.021770365245047, y=2.0, z=13.723871727273178)
 }
19:13:34 `xs3670xy10`243 missed {
 is already Found: false).
 Position: LorenzVec(x=-89.5, y=75.0, z=-134.5)
 DistanceC: 19.323980342198425
Relative Position: LorenzVec(x=19.323980342198425, y=3.0, z=-7.828099336618152)
 }
19:13:35 `3z03z7p8gt`325 missed {
 is already Found: false).
 Position: LorenzVec(x=-85.5, y=55.0, z=-139.5)
 DistanceC: 22.541989110159108
Relative Position: LorenzVec(x=22.541989110159108, y=-17.0, z=-13.401311849844461)
 }
19:13:53 `xs3670xy10`243 missed {
 is already Found: false).
 Position: LorenzVec(x=-89.5, y=75.0, z=-134.5)
 DistanceC: 14.457138533393532
Relative Position: LorenzVec(x=8.083827354139643, y=-1.1315633992116005, z=14.457138533393532)
 }
19:24:10 `32t6d5sp0g`338 missed {
 is already Found: false).
 Position: LorenzVec(x=-37.5, y=68.0, z=-125.5)
 DistanceC: 20.907624573363933
Relative Position: LorenzVec(x=16.50071769624177, y=-13.0, z=20.907624573363933)
 }
19:26:23 `a6dt0d928d`528 missed {
 is already Found: false).
 Position: LorenzVec(x=-62.5, y=77.0, z=84.5)
 DistanceC: 15.800000011920929
Relative Position: LorenzVec(x=11.800000011920929, y=3.0, z=-15.800000011920929)
 }
19:27:54 `Zombie`328089 missed {
 is already Found: false).
 Position: LorenzVec(x=-50.0, y=104.0, z=71.0)
 DistanceC: 6.5
Relative Position: LorenzVec(x=-6.5, y=-10.871599998473968, z=-1.5)
 }
19:28:18 `2jan52z4e9`214 missed {
 is already Found: false).
 Position: LorenzVec(x=5.5, y=150.0, z=22.5)
 DistanceC: 22.569580110087884
Relative Position: LorenzVec(x=21.018425250141675, y=15.0, z=-22.569580110087884)
 }
19:31:30 `Minos Champion`46608 missed {
 is already Found: false).
 Position: LorenzVec(x=-202.7181149342072, y=89.25185119718526, z=94.52699029619468)
 DistanceC: 2.3693545122952173
Relative Position: LorenzVec(x=-2.3693545122952173, y=0.2518511971852604, z=-1.3049750385918344)
 }
19:32:41 `cc5604092d`243 missed {
 is already Found: false).
 Position: LorenzVec(x=-89.5, y=75.0, z=-134.5)
 DistanceC: 18.698792121363823
Relative Position: LorenzVec(x=18.698792121363823, y=3.0, z=2.051251506666347)
 }
19:32:41 `0xyv4z29fq`325 missed {
 is already Found: false).
 Position: LorenzVec(x=-85.5, y=55.0, z=-139.5)
 DistanceC: 22.919147025996494
Relative Position: LorenzVec(x=22.919147025996494, y=-17.0, z=-2.6006828543580696)
 }
19:34:01 `3njy96b5ru`528 missed {
 is already Found: false).
 Position: LorenzVec(x=-62.5, y=77.0, z=84.5)
 DistanceC: 22.80000001192093
Relative Position: LorenzVec(x=1.513924634619542, y=-4.0, z=-22.80000001192093)
 }
19:36:43 `Minos Champion`49373 missed {
 is already Found: false).
 Position: LorenzVec(x=-73.3125, y=79.11496913580247, z=-191.71875)
 DistanceC: 2.1310527395989993
Relative Position: LorenzVec(x=2.1310527395989993, y=-0.8850308641975317, z=-1.7469466210887106)
 }
19:37:14 `3njy96b5ru`528 missed {
 is already Found: false).
 Position: LorenzVec(x=-62.5, y=77.0, z=84.5)
 DistanceC: 20.551068707732938
Relative Position: LorenzVec(x=17.2636803490427, y=3.979999989271164, z=-20.551068707732938)
 }
19:50:32 `§bSam `19655301 missed {
 is already Found: false).
 Position: LorenzVec(x=14.5, y=100.0, z=-16.5)
 DistanceC: 24.0
Relative Position: LorenzVec(x=7.0, y=0.0, z=-24.0)
 }
19:50:56 `Scion `21755917 missed {
 is already Found: false).
 Position: LorenzVec(x=12.09375, y=100.0, z=51.34375)
 DistanceC: 15.320577107107546
Relative Position: LorenzVec(x=10.574190827170334, y=-2.0, z=15.320577107107546)
 }
19:51:29 `k94limby9g`523 missed {
 is already Found: false).
 Position: LorenzVec(x=-29.5, y=57.0, z=-90.5)
 DistanceC: 19.400907922556392
Relative Position: LorenzVec(x=-19.400907922556392, y=-13.0, z=-14.332588823868392)
 }
19:51:29 `630x9k63wz`423 missed {
 is already Found: false).
 Position: LorenzVec(x=-31.0, y=73.0, z=-95.5)
 DistanceC: 20.900907922556392
Relative Position: LorenzVec(x=-20.900907922556392, y=3.0, z=-19.33258882386839)
 }
19:51:43 `Slime`5572588 missed {
 is already Found: false).
 Position: LorenzVec(x=38.5, y=110.69791666666666, z=17.71875)
 DistanceC: 8.302469226714045
Relative Position: LorenzVec(x=1.3264006110568545, y=0.6979166666666572, z=-8.302469226714045)
 }
19:51:43 `Slime`5572589 missed {
 is already Found: false).
 Position: LorenzVec(x=40.09375, y=110.9375, z=17.71875)
 DistanceC: 8.302469226714045
Relative Position: LorenzVec(x=2.9201506110568545, y=0.9375, z=-8.302469226714045)
 }
19:51:43 `Slime`5572590 missed {
 is already Found: false).
 Position: LorenzVec(x=35.0, y=110.03125, z=16.875)
 DistanceC: 9.146219226714045
Relative Position: LorenzVec(x=-2.1735993889431455, y=0.03125, z=-9.146219226714045)
 }
19:51:43 `Slime`5573280 missed {
 is already Found: false).
 Position: LorenzVec(x=20.527777777777775, y=110.56597222222223, z=17.458333333333332)
 DistanceC: 16.64582161116537
Relative Position: LorenzVec(x=-16.64582161116537, y=0.5659722222222285, z=-8.562885893380713)
 }
19:53:09 `5315z24udn`251 missed {
 is already Found: false).
 Position: LorenzVec(x=-24.5, y=71.0, z=-58.5)
 DistanceC: 21.553949374258792
Relative Position: LorenzVec(x=-13.761768377780886, y=1.0, z=21.553949374258792)
 }
19:53:23 `Villager`8318252 missed {
 is already Found: false).
 Position: LorenzVec(x=6.5, y=130.0, z=-3.5)
 DistanceC: 11.01218122750075
Relative Position: LorenzVec(x=-1.6601752665678546, y=32.0, z=-11.01218122750075)
 }
19:53:23 `§bSam `8318869 missed {
 is already Found: false).
 Position: LorenzVec(x=6.5, y=130.0, z=18.5)
 DistanceC: 10.98781877249925
Relative Position: LorenzVec(x=-1.6601752665678546, y=32.0, z=10.98781877249925)
 }
19:57:26 `408v0xmnrj`340 missed {
 is already Found: false).
 Position: LorenzVec(x=-49.5, y=70.0, z=-67.5)
 DistanceC: 21.69365146487842
Relative Position: LorenzVec(x=-21.69365146487842, y=-2.0, z=21.199568649596827)
 }
19:57:29 `Villager`255 missed {
 is already Found: false).
 Position: LorenzVec(x=-35.5, y=69.0, z=-112.5)
 DistanceC: 23.800431350403173
Relative Position: LorenzVec(x=-7.693651464878421, y=-3.0, z=-23.800431350403173)
 }
19:57:35 `l337sv5k6b`341 missed {
 is already Found: false).
 Position: LorenzVec(x=-41.5, y=70.0, z=-64.5)
 DistanceC: 23.17102154853005
Relative Position: LorenzVec(x=-13.269630042651105, y=-2.0, z=23.17102154853005)
 }
20:00:24 `2olc8mk73y`228 missed {
 is already Found: false).
 Position: LorenzVec(x=22.0, y=71.0, z=-45.5)
 DistanceC: 10.849849023763547
Relative Position: LorenzVec(x=10.849849023763547, y=1.0, z=7.981039234967589)
 }
20:02:09 `Villager`355 missed {
 is already Found: false).
 Position: LorenzVec(x=28.5, y=69.0, z=-57.5)
 DistanceC: 23.81502309686416
Relative Position: LorenzVec(x=23.81502309686416, y=-1.0, z=23.09822871912121)
 }
20:05:52 `Scion `21999942 missed {
 is already Found: false).
 Position: LorenzVec(x=11.989583333333332, y=100.0, z=47.08333333333333)
 DistanceC: 20.670971620517236
Relative Position: LorenzVec(x=20.670971620517236, y=1.0, z=18.54237309976457)
 }
20:05:54 `Scion `22258366 missed {
 is already Found: false).
 Position: LorenzVec(x=13.28125, y=100.0, z=46.09375)
 DistanceC: 21.962638287183903
Relative Position: LorenzVec(x=21.962638287183903, y=1.0, z=17.552789766431243)
 }
20:05:54 `Scion `22096009 missed {
 is already Found: false).
 Position: LorenzVec(x=12.0, y=100.0, z=49.75)
 DistanceC: 21.209039766431243
Relative Position: LorenzVec(x=20.681388287183903, y=1.0, z=21.209039766431243)
 }
20:47:26 `§bSam `26107292 missed {
 is already Found: false).
 Position: LorenzVec(x=14.5, y=100.0, z=-16.5)
 DistanceC: 23.0
Relative Position: LorenzVec(x=23.0, y=-3.0, z=-19.0)
 }
