20:02:15 HUB
20:14:08 NONE
20:14:08 THE_RIFT
20:14:41 NONE
20:14:43 GARDEN
20:16:04 NONE
20:16:04 DUNGEON_HUB
20:17:56 CATACOMBS
20:21:31 NONE
20:21:31 CATACOMBS
20:25:55 NONE
20:25:56 DUNGEON_HUB
20:26:40 NONE
20:26:40 CATACOMBS
20:30:07 NONE
20:30:08 CATACOMBS
20:32:42 NONE
20:32:42 CATACOMBS
20:35:26 NONE
20:35:26 CATACOMBS
20:37:23 NONE
20:37:24 CATACOMBS
20:42:40 NONE
20:42:41 CATACOMBS
20:45:25 NONE
20:45:25 DUNGEON_HUB
20:45:54 CATACOMBS
20:48:29 NONE
20:48:29 DUNGEON_HUB
20:49:10 NONE
20:49:12 CATACOMBS
20:49:40 NONE
20:49:41 DUNGEON_HUB
20:50:00 CATACOMBS
20:52:48 CATACOMBS
20:55:17 NONE
20:55:18 CATACOMBS
20:57:52 NONE
20:57:52 DUNGEON_HUB
20:58:38 NONE
20:58:38 CATACOMBS
21:01:28 NONE
21:01:28 CATACOMBS
21:04:24 NONE
21:04:24 DUNGEON_HUB
21:04:46 CATACOMBS
21:07:25 NONE
21:07:26 CATACOMBS
21:10:43 NONE
21:10:44 DUNGEON_HUB
21:17:06 GARDEN
