20:31:10 `Villager`359 missed {
 is already Found: false).
 Position: LorenzVec(x=-21.5, y=68.0, z=-124.5)
 DistanceC: 23.228687090978994
Relative Position: LorenzVec(x=-19.80000001192093, y=-4.0625, z=-23.228687090978994)
 }
20:31:44 `Villager`363 missed {
 is already Found: false).
 Position: LorenzVec(x=28.0, y=70.0, z=-116.0)
 DistanceC: 23.954946152723537
Relative Position: LorenzVec(x=13.191406067980765, y=-1.5, z=-23.954946152723537)
 }
20:31:45 `79i790j501`528 missed {
 is already Found: false).
 Position: LorenzVec(x=-6.5, y=55.0, z=-95.5)
 DistanceC: 21.308593932019235
Relative Position: LorenzVec(x=-21.308593932019235, y=-16.5, z=-3.4549461527235366)
 }
20:32:20 `o8449iam9l`340 missed {
 is already Found: false).
 Position: LorenzVec(x=-49.5, y=70.0, z=-67.5)
 DistanceC: 22.593673341484546
Relative Position: LorenzVec(x=-22.593673341484546, y=-2.0, z=20.378387465374374)
 }
20:32:20 `m9gp4qsf2f`341 missed {
 is already Found: false).
 Position: LorenzVec(x=-41.5, y=70.0, z=-64.5)
 DistanceC: 23.378387465374374
Relative Position: LorenzVec(x=-14.593673341484546, y=-2.0, z=23.378387465374374)
 }
20:33:52 `d5mef8j944`345 missed {
 is already Found: false).
 Position: LorenzVec(x=-78.0, y=70.0, z=-70.0)
 DistanceC: 23.81072463297957
Relative Position: LorenzVec(x=-23.81072463297957, y=0.0, z=-23.752303994792364)
 }
20:34:33 `plkvk66d1f`246 missed {
 is already Found: false).
 Position: LorenzVec(x=-55.5, y=72.0, z=-56.5)
 DistanceC: 22.461278482368456
Relative Position: LorenzVec(x=-22.461278482368456, y=1.0, z=19.188039574726687)
 }
20:34:42 `Zombie`124454 missed {
 is already Found: false).
 Position: LorenzVec(x=-50.0, y=104.0, z=71.0)
 DistanceC: 5.523506901798001
Relative Position: LorenzVec(x=-2.9433029557152963, y=-18.0, z=-5.523506901798001)
 }
20:55:56 `7v5a12rjbl`6 missed {
 is already Found: false).
 Position: LorenzVec(x=39.5, y=90.0, z=72.5)
 DistanceC: 12.586001506683957
Relative Position: LorenzVec(x=9.188920794165167, y=19.0, z=-12.586001506683957)
 }
20:56:44 `Villager`373 missed {
 is already Found: false).
 Position: LorenzVec(x=-36.0, y=68.0, z=-39.0)
 DistanceC: 22.437391994313508
Relative Position: LorenzVec(x=-22.437391994313508, y=-17.132993659646488, z=22.33868664135194)
 }
20:56:44 `ozaw93v1as`417 missed {
 is already Found: false).
 Position: LorenzVec(x=7.0, y=70.0, z=-85.0)
 DistanceC: 23.694538908976263
Relative Position: LorenzVec(x=20.00371307297842, y=-15.784303310172447, z=-23.694538908976263)
 }
20:56:46 `0lk34825c3`421 missed {
 is already Found: false).
 Position: LorenzVec(x=-31.0, y=73.0, z=-85.5)
 DistanceC: 16.502515229619974
Relative Position: LorenzVec(x=-13.936921310995405, y=-2.8288474110551363, z=-16.502515229619974)
 }
20:56:51 `3d7gr0871k`244 missed {
 is already Found: false).
 Position: LorenzVec(x=-42.5, y=72.0, z=-54.5)
 DistanceC: 20.0
Relative Position: LorenzVec(x=-19.0, y=-7.049999999999997, z=20.0)
 }
20:56:51 `j68uc13g25`420 missed {
 is already Found: false).
 Position: LorenzVec(x=-46.5, y=73.0, z=-90.5)
 DistanceC: 23.0
Relative Position: LorenzVec(x=-23.0, y=-6.0, z=-16.0)
 }
20:56:51 `7ph5lf848j`424 missed {
 is already Found: false).
 Position: LorenzVec(x=-36.0, y=73.0, z=-95.5)
 DistanceC: 21.0
Relative Position: LorenzVec(x=-12.5, y=-6.0, z=-21.0)
 }
20:56:52 `Villager`367 missed {
 is already Found: false).
 Position: LorenzVec(x=-0.5, y=70.0, z=-54.5)
 DistanceC: 23.0
Relative Position: LorenzVec(x=23.0, y=-9.0, z=20.0)
 }
20:56:52 `06l8w7ii6h`612 missed {
 is already Found: false).
 Position: LorenzVec(x=0.5, y=70.0, z=-90.5)
 DistanceC: 24.0
Relative Position: LorenzVec(x=24.0, y=-9.0, z=-16.0)
 }
20:57:08 `Villager`363 missed {
 is already Found: false).
 Position: LorenzVec(x=28.0, y=70.0, z=-116.0)
 DistanceC: 23.30712605477435
Relative Position: LorenzVec(x=23.30712605477435, y=-2.0, z=-16.646245777836654)
 }
20:57:38 `Villager`361 missed {
 is already Found: false).
 Position: LorenzVec(x=-16.5, y=70.0, z=-81.5)
 DistanceC: 21.98750001192093
Relative Position: LorenzVec(x=-21.98750001192093, y=-8.231523797587016, z=20.872001289810427)
 }
20:58:23 `0slh620w14`228 missed {
 is already Found: false).
 Position: LorenzVec(x=22.0, y=71.0, z=-45.5)
 DistanceC: 18.074205065301662
Relative Position: LorenzVec(x=14.150299129644083, y=1.0, z=18.074205065301662)
 }
21:06:00 `Creeper`813912 missed {
 is already Found: true).
 Position: LorenzVec(x=137.25, y=76.0, z=56.40625)
 DistanceC: 15.622223209895516
Relative Position: LorenzVec(x=4.57781910973182, y=-111.0, z=15.622223209895516)
 }
21:13:35 `Zombie`362361 missed {
 is already Found: false).
 Position: LorenzVec(x=-102.53125, y=39.0, z=-83.53125)
 DistanceC: 14.882429684162474
Relative Position: LorenzVec(x=13.243499271258955, y=-32.0, z=-14.882429684162474)
 }
21:13:42 `c4305gt860`242 missed {
 is already Found: false).
 Position: LorenzVec(x=-134.5, y=73.0, z=-97.5)
 DistanceC: 22.288510672725053
Relative Position: LorenzVec(x=-22.288510672725053, y=2.0, z=-22.005174871575832)
 }
21:14:29 `5n36nlck2k`243 missed {
 is already Found: false).
 Position: LorenzVec(x=-89.5, y=75.0, z=-134.5)
 DistanceC: 9.731443070885973
Relative Position: LorenzVec(x=-1.2729959747380803, y=0.23442391690873876, z=9.731443070885973)
 }
21:14:56 `c4305gt860`242 missed {
 is already Found: false).
 Position: LorenzVec(x=-134.5, y=73.0, z=-97.5)
 DistanceC: 23.10672422877569
Relative Position: LorenzVec(x=7.096454279830397, y=0.2336320060424839, z=23.10672422877569)
 }
21:15:11 `5n36nlck2k`243 missed {
 is already Found: false).
 Position: LorenzVec(x=-89.5, y=75.0, z=-134.5)
 DistanceC: 8.27054350248278
Relative Position: LorenzVec(x=4.331030872850448, y=-1.6769322131301294, z=8.27054350248278)
 }
21:15:21 `c4305gt860`242 missed {
 is already Found: false).
 Position: LorenzVec(x=-134.5, y=73.0, z=-97.5)
 DistanceC: 17.11719058578086
Relative Position: LorenzVec(x=17.11719058578086, y=0.5926045976350593, z=6.9404014189155845)
 }
21:15:43 `5n36nlck2k`243 missed {
 is already Found: false).
 Position: LorenzVec(x=-89.5, y=75.0, z=-134.5)
 DistanceC: 5.898050603385855
Relative Position: LorenzVec(x=0.12901490091701362, y=-5.501533884405319, z=-5.898050603385855)
 }
21:15:52 `c4305gt860`242 missed {
 is already Found: false).
 Position: LorenzVec(x=-134.5, y=73.0, z=-97.5)
 DistanceC: 17.757339530158475
Relative Position: LorenzVec(x=-16.93493897265398, y=1.0, z=17.757339530158475)
 }
21:16:12 `5n36nlck2k`243 missed {
 is already Found: false).
 Position: LorenzVec(x=-89.5, y=75.0, z=-134.5)
 DistanceC: 10.943320760933773
Relative Position: LorenzVec(x=8.66702079095235, y=0.0, z=10.943320760933773)
 }
21:17:15 `5n36nlck2k`243 missed {
 is already Found: false).
 Position: LorenzVec(x=-89.5, y=75.0, z=-134.5)
 DistanceC: 21.84036618722392
Relative Position: LorenzVec(x=21.84036618722392, y=0.36177727250141345, z=-0.5450425034822501)
 }
21:17:47 `c4305gt860`242 missed {
 is already Found: false).
 Position: LorenzVec(x=-134.5, y=73.0, z=-97.5)
 DistanceC: 18.797197675968988
Relative Position: LorenzVec(x=18.797197675968988, y=-4.157525004739057, z=1.7715766268438813)
 }
21:17:58 `5n36nlck2k`243 missed {
 is already Found: false).
 Position: LorenzVec(x=-89.5, y=75.0, z=-134.5)
 DistanceC: 7.967900268850997
Relative Position: LorenzVec(x=-2.1643682382112672, y=-0.7008323692605813, z=7.967900268850997)
 }
21:18:12 `5n36nlck2k`243 missed {
 is already Found: false).
 Position: LorenzVec(x=-89.5, y=75.0, z=-134.5)
 DistanceC: 8.204272717682102
Relative Position: LorenzVec(x=-0.4542503162239768, y=-1.1315633992116005, z=8.204272717682102)
 }
21:18:22 `c4305gt860`242 missed {
 is already Found: false).
 Position: LorenzVec(x=-134.5, y=73.0, z=-97.5)
 DistanceC: 18.754704975918685
Relative Position: LorenzVec(x=-16.574074209227746, y=1.0, z=18.754704975918685)
 }
21:19:02 `5n36nlck2k`243 missed {
 is already Found: false).
 Position: LorenzVec(x=-89.5, y=75.0, z=-134.5)
 DistanceC: 15.471043527133574
Relative Position: LorenzVec(x=15.471043527133574, y=-2.9830173512917497, z=-6.533185906678824)
 }
21:19:08 `nqxa8cb7ps`325 missed {
 is already Found: false).
 Position: LorenzVec(x=-85.5, y=55.0, z=-139.5)
 DistanceC: 20.46045427137301
Relative Position: LorenzVec(x=20.46045427137301, y=-17.0, z=-12.861513751915268)
 }
21:19:47 `5n36nlck2k`243 missed {
 is already Found: false).
 Position: LorenzVec(x=-89.5, y=75.0, z=-134.5)
 DistanceC: 15.829994324137559
Relative Position: LorenzVec(x=15.829994324137559, y=-3.1349700818560677, z=1.2192571419126637)
 }
21:20:15 `c4305gt860`242 missed {
 is already Found: false).
 Position: LorenzVec(x=-134.5, y=73.0, z=-97.5)
 DistanceC: 13.11862021723239
Relative Position: LorenzVec(x=-13.11862021723239, y=-3.7415745878051467, z=5.557541823862877)
 }
21:20:56 `wx1wr06332`243 missed {
 is already Found: false).
 Position: LorenzVec(x=-89.5, y=75.0, z=-134.5)
 DistanceC: 8.928481161352863
Relative Position: LorenzVec(x=8.928481161352863, y=3.0, z=-1.7338420949573958)
 }
21:21:13 `y25p4ek8m7`242 missed {
 is already Found: false).
 Position: LorenzVec(x=-134.5, y=73.0, z=-97.5)
 DistanceC: 21.19397254254727
Relative Position: LorenzVec(x=21.19397254254727, y=-5.134970081856068, z=-0.15601175587444516)
 }
21:21:23 `wx1wr06332`243 missed {
 is already Found: false).
 Position: LorenzVec(x=-89.5, y=75.0, z=-134.5)
 DistanceC: 22.914703285777094
Relative Position: LorenzVec(x=22.914703285777094, y=3.0, z=-1.6691915282148102)
 }
21:21:24 `480dru4j46`326 missed {
 is already Found: false).
 Position: LorenzVec(x=-88.5, y=55.0, z=-128.5)
 DistanceC: 23.914703285777094
Relative Position: LorenzVec(x=23.914703285777094, y=-17.0, z=4.33080847178519)
 }
21:22:34 `y1hf6yen05`242 missed {
 is already Found: false).
 Position: LorenzVec(x=-134.5, y=73.0, z=-97.5)
 DistanceC: 12.77802291275026
Relative Position: LorenzVec(x=-1.9015988634463383, y=2.0, z=12.77802291275026)
 }
21:24:16 `6931h5heh3`243 missed {
 is already Found: false).
 Position: LorenzVec(x=-89.5, y=75.0, z=-134.5)
 DistanceC: 22.56782714190139
Relative Position: LorenzVec(x=17.80000001192093, y=3.0, z=-22.56782714190139)
 }
21:24:18 `p745nc7744`326 missed {
 is already Found: false).
 Position: LorenzVec(x=-88.5, y=55.0, z=-128.5)
 DistanceC: 18.80000001192093
Relative Position: LorenzVec(x=18.80000001192093, y=-17.0, z=-16.56782714190139)
 }
21:24:28 `p745nc7744`326 missed {
 is already Found: false).
 Position: LorenzVec(x=-88.5, y=55.0, z=-128.5)
 DistanceC: 17.367306894235284
Relative Position: LorenzVec(x=17.367306894235284, y=-20.0, z=-15.150792563859127)
 }
21:25:53 `6931h5heh3`243 missed {
 is already Found: false).
 Position: LorenzVec(x=-89.5, y=75.0, z=-134.5)
 DistanceC: 13.101656488011074
Relative Position: LorenzVec(x=-13.101656488011074, y=2.1777417201711415, z=5.57863149688859)
 }
21:26:03 `5qb33l249x`260 missed {
 is already Found: false).
 Position: LorenzVec(x=-73.5, y=71.0, z=-55.5)
 DistanceC: 21.745054899590855
Relative Position: LorenzVec(x=16.273290650332925, y=-3.0, z=21.745054899590855)
 }
21:28:22 `Villager`255 missed {
 is already Found: false).
 Position: LorenzVec(x=-35.5, y=69.0, z=-112.5)
 DistanceC: 19.456021701039276
Relative Position: LorenzVec(x=-13.464392626751124, y=-18.5, z=-19.456021701039276)
 }
21:28:22 `Villager`353 missed {
 is already Found: false).
 Position: LorenzVec(x=-7.5, y=70.0, z=-75.5)
 DistanceC: 17.543978298960724
Relative Position: LorenzVec(x=14.535607373248876, y=-17.5, z=17.543978298960724)
 }
21:28:22 `461422zup4`530 missed {
 is already Found: false).
 Position: LorenzVec(x=-39.5, y=70.0, z=-78.90625)
 DistanceC: 17.464392626751124
Relative Position: LorenzVec(x=-17.464392626751124, y=-17.5, z=14.137728298960724)
 }
21:28:22 `wfa85d82j6`612 missed {
 is already Found: false).
 Position: LorenzVec(x=0.5, y=70.0, z=-90.5)
 DistanceC: 22.535607373248876
Relative Position: LorenzVec(x=22.535607373248876, y=-17.5, z=2.543978298960724)
 }
21:28:22 `157vw4tx09`1626 missed {
 is already Found: false).
 Position: LorenzVec(x=-0.5, y=72.0, z=-111.5)
 DistanceC: 21.535607373248876
Relative Position: LorenzVec(x=21.535607373248876, y=-15.5, z=-18.456021701039276)
 }
21:29:47 `46srgvi70p`228 missed {
 is already Found: false).
 Position: LorenzVec(x=22.0, y=71.0, z=-45.5)
 DistanceC: 18.0
Relative Position: LorenzVec(x=15.5, y=1.0, z=18.0)
 }
21:29:47 `s26vtp08c3`229 missed {
 is already Found: false).
 Position: LorenzVec(x=25.0, y=65.0, z=-41.0)
 DistanceC: 22.5
Relative Position: LorenzVec(x=18.5, y=-5.0, z=22.5)
 }
21:30:07 `Witch`344 missed {
 is already Found: false).
 Position: LorenzVec(x=41.5, y=70.0, z=-63.5)
 DistanceC: 23.312404190512602
Relative Position: LorenzVec(x=23.312404190512602, y=-18.5, z=-22.919625313383087)
 }
21:30:07 `6zbktq712q`510 missed {
 is already Found: false).
 Position: LorenzVec(x=41.5, y=70.0, z=-39.5)
 DistanceC: 23.312404190512602
Relative Position: LorenzVec(x=23.312404190512602, y=-18.5, z=1.0803746866169135)
 }
21:30:25 `46srgvi70p`228 missed {
 is already Found: false).
 Position: LorenzVec(x=22.0, y=71.0, z=-45.5)
 DistanceC: 13.244171482571602
Relative Position: LorenzVec(x=13.244171482571602, y=0.09260459763505935, z=-13.137474637372073)
 }
21:31:27 `Villager`353 missed {
 is already Found: false).
 Position: LorenzVec(x=-7.5, y=70.0, z=-75.5)
 DistanceC: 22.19767799170222
Relative Position: LorenzVec(x=-10.626008536016963, y=-19.0, z=22.19767799170222)
 }
21:31:27 `Villager`361 missed {
 is already Found: false).
 Position: LorenzVec(x=-16.5, y=70.0, z=-81.5)
 DistanceC: 19.626008536016965
Relative Position: LorenzVec(x=-19.626008536016965, y=-19.0, z=16.19767799170222)
 }
21:31:27 `dv3zrtgz87`419 missed {
 is already Found: false).
 Position: LorenzVec(x=2.5, y=70.0, z=-75.5)
 DistanceC: 22.19767799170222
Relative Position: LorenzVec(x=-0.6260085360169634, y=-19.0, z=22.19767799170222)
 }
21:31:32 `Villager`363 missed {
 is already Found: false).
 Position: LorenzVec(x=28.0, y=70.0, z=-116.0)
 DistanceC: 22.12600853601696
Relative Position: LorenzVec(x=22.12600853601696, y=-19.0, z=-18.30000001192093)
 }
21:31:50 `Villager`353 missed {
 is already Found: false).
 Position: LorenzVec(x=-7.5, y=70.0, z=-75.5)
 DistanceC: 22.127580488045766
Relative Position: LorenzVec(x=-12.534817077219486, y=-18.090447500943682, z=22.127580488045766)
 }
21:31:50 `Villager`361 missed {
 is already Found: false).
 Position: LorenzVec(x=-16.5, y=70.0, z=-81.5)
 DistanceC: 21.534817077219486
Relative Position: LorenzVec(x=-21.534817077219486, y=-18.090447500943682, z=16.127580488045766)
 }
21:31:50 `dv3zrtgz87`419 missed {
 is already Found: false).
 Position: LorenzVec(x=2.5, y=70.0, z=-75.5)
 DistanceC: 22.1632261380159
Relative Position: LorenzVec(x=-2.505817671541543, y=-18.0, z=22.1632261380159)
 }
21:32:31 `46srgvi70p`228 missed {
 is already Found: false).
 Position: LorenzVec(x=22.0, y=71.0, z=-45.5)
 DistanceC: 6.432159948846595
Relative Position: LorenzVec(x=6.432159948846595, y=-13.591470789652504, z=-1.9285120263666045)
 }
21:32:36 `Villager`375 missed {
 is already Found: false).
 Position: LorenzVec(x=38.5, y=68.0, z=-46.5)
 DistanceC: 21.0
Relative Position: LorenzVec(x=21.0, y=-18.0, z=-3.0)
 }
21:32:37 `Witch`344 missed {
 is already Found: false).
 Position: LorenzVec(x=41.5, y=70.0, z=-63.5)
 DistanceC: 22.804134209459594
Relative Position: LorenzVec(x=22.804134209459594, y=-19.495064620329813, z=-20.24168963114343)
 }
21:32:37 `6zbktq712q`510 missed {
 is already Found: false).
 Position: LorenzVec(x=41.5, y=70.0, z=-39.5)
 DistanceC: 22.804134209459594
Relative Position: LorenzVec(x=22.804134209459594, y=-19.495064620329813, z=3.75831036885657)
 }
21:33:25 `4lfpf7o7o1`340 missed {
 is already Found: false).
 Position: LorenzVec(x=-49.5, y=70.0, z=-67.5)
 DistanceC: 17.892606533885512
Relative Position: LorenzVec(x=-2.611214421830546, y=-16.90739540236494, z=17.892606533885512)
 }
21:33:26 `Villager`255 missed {
 is already Found: false).
 Position: LorenzVec(x=-35.5, y=69.0, z=-112.5)
 DistanceC: 21.906295892226638
Relative Position: LorenzVec(x=5.642803924276713, y=-22.632993659646488, z=-21.906295892226638)
 }
21:34:20 `Villager`371 missed {
 is already Found: false).
 Position: LorenzVec(x=-11.3125, y=70.0, z=-95.6875)
 DistanceC: 23.692015169625847
Relative Position: LorenzVec(x=23.692015169625847, y=-18.98301735129175, z=13.414538747347166)
 }
21:34:21 `Villager`359 missed {
 is already Found: false).
 Position: LorenzVec(x=-21.5, y=68.0, z=-124.5)
 DistanceC: 15.727805448955664
Relative Position: LorenzVec(x=13.26087972227289, y=-16.638222727498587, z=-15.727805448955664)
 }
21:34:22 `Villager`361 missed {
 is already Found: false).
 Position: LorenzVec(x=-16.5, y=70.0, z=-81.5)
 DistanceC: 20.800000011920915
Relative Position: LorenzVec(x=19.49843314245718, y=-11.354893299348362, z=20.800000011920915)
 }
21:35:02 `Villager`367 missed {
 is already Found: false).
 Position: LorenzVec(x=-0.5, y=70.0, z=-54.5)
 DistanceC: 24.0
Relative Position: LorenzVec(x=-9.0, y=0.0, z=24.0)
 }
21:35:13 `i8gz07560q`528 missed {
 is already Found: false).
 Position: LorenzVec(x=-6.5, y=55.0, z=-95.5)
 DistanceC: 22.75559068639187
Relative Position: LorenzVec(x=-4.416848678039144, y=-15.0, z=-22.75559068639187)
 }
21:35:24 `1dna8fq2wr`19 missed {
 is already Found: false).
 Position: LorenzVec(x=4.5, y=72.0, z=-104.5)
 DistanceC: 20.0
Relative Position: LorenzVec(x=16.0, y=2.0, z=-20.0)
 }
21:35:33 `jhd3g49r2y`418 missed {
 is already Found: false).
 Position: LorenzVec(x=14.0, y=72.0, z=-106.0)
 DistanceC: 21.5
Relative Position: LorenzVec(x=13.5, y=2.0, z=-21.5)
 }
21:35:52 `Villager`355 missed {
 is already Found: false).
 Position: LorenzVec(x=28.5, y=69.0, z=-57.5)
 DistanceC: 23.0
Relative Position: LorenzVec(x=18.0, y=-1.0, z=23.0)
 }
