14:35:16 Trying to load config from config\skyhanni\config.json
14:35:16 load-config-now
14:35:17 Loaded config from file
14:35:17 Trying to load sacks from config\skyhanni\sacks.json
14:35:17 load-sacks-now
14:35:17 Loaded sacks from file
14:35:17 Trying to load friends from config\skyhanni\friends.json
14:35:17 load-friends-now
14:35:17 Loaded friends from file
14:35:17 Trying to load known_features from config\skyhanni\known_features.json
14:35:17 load-known_features-now
14:35:17 Loaded known_features from file
14:35:17 Trying to load jacob_contests from config\skyhanni\jacob_contests.json
14:35:17 load-jacob_contests-now
14:35:17 Loaded jacob_contests from file
14:35:17 Trying to load visual_words from config\skyhanni\visual_words.json
14:35:17 Setting visual_words to be blank as it did not exist. It will be saved once something is written to it
14:36:02 saveConfig: Updated known feature flags
14:36:02 Saving known_features file
14:36:02 Saved known_features file successfully
14:36:02 saveConfig: Updated known feature flags
14:36:02 Saving known_features file
14:36:02 Saved known_features file successfully
14:36:17 saveConfig: auto-save-60s
14:36:17 Saving config file
14:36:17 Saved config file successfully
14:36:17 saveConfig: auto-save-60s
14:36:17 Saving config file
14:36:17 Saved config file successfully
14:37:17 saveConfig: auto-save-60s
14:37:17 Saving config file
14:37:17 Saved config file successfully
14:37:17 saveConfig: auto-save-60s
14:37:17 Saving config file
14:37:17 Saved config file successfully
14:38:17 saveConfig: auto-save-60s
14:38:17 Saving config file
14:38:17 Saved config file successfully
14:38:17 saveConfig: auto-save-60s
14:38:17 Saving config file
14:38:17 Saved config file successfully
14:39:17 saveConfig: auto-save-60s
14:39:17 Saving config file
14:39:17 Saved config file successfully
14:39:17 saveConfig: auto-save-60s
14:39:17 Saving config file
14:39:17 Saved config file successfully
14:40:17 saveConfig: auto-save-60s
14:40:17 Saving config file
14:40:17 Saved config file successfully
14:40:17 saveConfig: auto-save-60s
14:40:17 Saving config file
14:40:17 Saved config file successfully
14:41:17 saveConfig: auto-save-60s
14:41:17 Saving config file
14:41:17 Saved config file successfully
14:41:17 saveConfig: auto-save-60s
14:41:17 Saving config file
14:41:17 Saved config file successfully
14:41:50 saveConfig: saving-data
14:41:50 Saving sacks file
14:41:50 Saved sacks file successfully
14:41:50 saveConfig: saving-data
14:41:50 Saving sacks file
14:41:50 Saved sacks file successfully
14:42:01 saveConfig: saving-data
14:42:01 Saving sacks file
14:42:01 Saved sacks file successfully
14:42:01 saveConfig: saving-data
14:42:01 Saving sacks file
14:42:01 Saved sacks file successfully
14:42:08 saveConfig: saving-data
14:42:08 Saving sacks file
14:42:08 Saved sacks file successfully
14:42:08 saveConfig: saving-data
14:42:08 Saving sacks file
14:42:08 Saved sacks file successfully
14:42:17 saveConfig: auto-save-60s
14:42:17 Saving config file
14:42:17 Saved config file successfully
14:42:17 saveConfig: auto-save-60s
14:42:17 Saving config file
14:42:17 Saved config file successfully
14:42:18 saveConfig: saving-data
14:42:18 Saving sacks file
14:42:18 Saved sacks file successfully
14:42:18 saveConfig: saving-data
14:42:18 Saving sacks file
14:42:18 Saved sacks file successfully
14:42:27 saveConfig: saving-data
14:42:27 Saving sacks file
14:42:27 Saved sacks file successfully
14:42:27 saveConfig: saving-data
14:42:27 Saving sacks file
14:42:27 Saved sacks file successfully
14:42:39 saveConfig: saving-data
14:42:39 Saving sacks file
14:42:39 Saved sacks file successfully
14:42:39 saveConfig: saving-data
14:42:39 Saving sacks file
14:42:39 Saved sacks file successfully
14:43:12 saveConfig: saving-data
14:43:12 Saving sacks file
14:43:12 Saved sacks file successfully
14:43:12 saveConfig: saving-data
14:43:12 Saving sacks file
14:43:12 Saved sacks file successfully
14:43:17 saveConfig: auto-save-60s
14:43:17 Saving config file
14:43:17 Saved config file successfully
14:43:17 saveConfig: auto-save-60s
14:43:17 Saving config file
14:43:17 Saved config file successfully
14:43:30 saveConfig: saving-data
14:43:30 Saving sacks file
14:43:30 Saved sacks file successfully
14:43:30 saveConfig: saving-data
14:43:30 Saving sacks file
14:43:30 Saved sacks file successfully
14:43:37 saveConfig: saving-data
14:43:37 Saving sacks file
14:43:37 Saved sacks file successfully
14:43:37 saveConfig: saving-data
14:43:37 Saving sacks file
14:43:37 Saved sacks file successfully
14:44:17 saveConfig: auto-save-60s
14:44:17 Saving config file
14:44:17 Saved config file successfully
14:44:17 saveConfig: auto-save-60s
14:44:17 Saving config file
14:44:17 Saved config file successfully
14:44:35 saveConfig: saving-data
14:44:35 Saving sacks file
14:44:35 Saved sacks file successfully
14:44:35 saveConfig: saving-data
14:44:35 Saving sacks file
14:44:35 Saved sacks file successfully
14:44:47 saveConfig: saving-data
14:44:47 Saving sacks file
14:44:47 Saved sacks file successfully
14:44:47 saveConfig: saving-data
14:44:47 Saving sacks file
14:44:47 Saved sacks file successfully
14:44:56 saveConfig: saving-data
14:44:56 Saving sacks file
14:44:56 Saved sacks file successfully
14:44:56 saveConfig: saving-data
14:44:56 Saving sacks file
14:44:56 Saved sacks file successfully
14:45:08 saveConfig: saving-data
14:45:08 Saving sacks file
14:45:08 Saved sacks file successfully
14:45:08 saveConfig: saving-data
14:45:08 Saving sacks file
14:45:08 Saved sacks file successfully
14:45:17 saveConfig: auto-save-60s
14:45:17 Saving config file
14:45:17 Saved config file successfully
14:45:17 saveConfig: auto-save-60s
14:45:17 Saving config file
14:45:17 Saved config file successfully
14:45:20 saveConfig: saving-data
14:45:20 Saving sacks file
14:45:20 Saved sacks file successfully
14:45:20 saveConfig: saving-data
14:45:20 Saving sacks file
14:45:20 Saved sacks file successfully
14:46:17 saveConfig: auto-save-60s
14:46:17 Saving config file
14:46:17 Saved config file successfully
14:46:17 saveConfig: auto-save-60s
14:46:17 Saving config file
14:46:17 Saved config file successfully
14:46:44 saveConfig: saving-data
14:46:44 Saving sacks file
14:46:44 Saved sacks file successfully
14:46:44 saveConfig: saving-data
14:46:44 Saving sacks file
14:46:44 Saved sacks file successfully
14:47:07 saveConfig: saving-data
14:47:07 Saving sacks file
14:47:07 Saved sacks file successfully
14:47:07 saveConfig: saving-data
14:47:07 Saving sacks file
14:47:07 Saved sacks file successfully
14:47:14 saveConfig: saving-data
14:47:14 Saving sacks file
14:47:14 Saved sacks file successfully
14:47:14 saveConfig: saving-data
14:47:14 Saving sacks file
14:47:14 Saved sacks file successfully
14:47:17 saveConfig: auto-save-60s
14:47:17 Saving config file
14:47:17 Saved config file successfully
14:47:17 saveConfig: auto-save-60s
14:47:17 Saving config file
14:47:17 Saved config file successfully
14:47:39 saveConfig: saving-data
14:47:39 Saving sacks file
14:47:39 Saved sacks file successfully
14:47:39 saveConfig: saving-data
14:47:39 Saving sacks file
14:47:39 Saved sacks file successfully
14:47:55 saveConfig: saving-data
14:47:55 Saving sacks file
14:47:55 Saved sacks file successfully
14:47:55 saveConfig: saving-data
14:47:55 Saving sacks file
14:47:55 Saved sacks file successfully
14:48:12 saveConfig: saving-data
14:48:12 Saving sacks file
14:48:12 Saved sacks file successfully
14:48:12 saveConfig: saving-data
14:48:12 Saving sacks file
14:48:12 Saved sacks file successfully
14:48:17 saveConfig: auto-save-60s
14:48:17 Saving config file
14:48:17 Saved config file successfully
14:48:17 saveConfig: auto-save-60s
14:48:17 Saving config file
14:48:17 Saved config file successfully
14:49:17 saveConfig: auto-save-60s
14:49:17 Saving config file
14:49:17 Saved config file successfully
14:49:17 saveConfig: auto-save-60s
14:49:17 Saving config file
14:49:17 Saved config file successfully
14:49:21 saveConfig: saving-data
14:49:21 Saving sacks file
14:49:21 Saved sacks file successfully
14:49:21 saveConfig: saving-data
14:49:21 Saving sacks file
14:49:21 Saved sacks file successfully
14:49:35 saveConfig: saving-data
14:49:35 Saving sacks file
14:49:35 Saved sacks file successfully
14:49:35 saveConfig: saving-data
14:49:35 Saving sacks file
14:49:35 Saved sacks file successfully
14:50:17 saveConfig: auto-save-60s
14:50:17 Saving config file
14:50:17 Saved config file successfully
14:50:17 saveConfig: auto-save-60s
14:50:17 Saving config file
14:50:17 Saved config file successfully
14:51:11 saveConfig: saving-data
14:51:11 Saving sacks file
14:51:11 Saved sacks file successfully
14:51:11 saveConfig: saving-data
14:51:11 Saving sacks file
14:51:11 Saved sacks file successfully
14:51:17 saveConfig: auto-save-60s
14:51:17 Saving config file
14:51:17 Saved config file successfully
14:51:17 saveConfig: auto-save-60s
14:51:17 Saving config file
14:51:17 Saved config file successfully
14:51:22 saveConfig: saving-data
14:51:22 Saving sacks file
14:51:22 Saved sacks file successfully
14:51:22 saveConfig: saving-data
14:51:22 Saving sacks file
14:51:22 Saved sacks file successfully
14:51:33 saveConfig: saving-data
14:51:33 Saving sacks file
14:51:33 Saved sacks file successfully
14:51:33 saveConfig: saving-data
14:51:33 Saving sacks file
14:51:33 Saved sacks file successfully
14:52:17 saveConfig: auto-save-60s
14:52:17 Saving config file
14:52:17 Saved config file successfully
14:52:17 saveConfig: auto-save-60s
14:52:17 Saving config file
14:52:17 Saved config file successfully
14:52:56 saveConfig: saving-data
14:52:56 Saving sacks file
14:52:56 Saved sacks file successfully
14:52:56 saveConfig: saving-data
14:52:56 Saving sacks file
14:52:56 Saved sacks file successfully
14:53:06 saveConfig: saving-data
14:53:06 Saving sacks file
14:53:06 Saved sacks file successfully
14:53:06 saveConfig: saving-data
14:53:06 Saving sacks file
14:53:06 Saved sacks file successfully
14:53:17 saveConfig: auto-save-60s
14:53:17 Saving config file
14:53:17 Saved config file successfully
14:53:17 saveConfig: auto-save-60s
14:53:17 Saving config file
14:53:17 Saved config file successfully
14:53:44 saveConfig: saving-data
14:53:44 Saving sacks file
14:53:44 Saved sacks file successfully
14:53:44 saveConfig: saving-data
14:53:44 Saving sacks file
14:53:44 Saved sacks file successfully
14:54:01 saveConfig: saving-data
14:54:01 Saving sacks file
14:54:01 Saved sacks file successfully
14:54:01 saveConfig: saving-data
14:54:01 Saving sacks file
14:54:01 Saved sacks file successfully
14:54:17 saveConfig: auto-save-60s
14:54:17 Saving config file
14:54:17 Saved config file successfully
14:54:17 saveConfig: auto-save-60s
14:54:17 Saving config file
14:54:17 Saved config file successfully
14:54:29 saveConfig: saving-data
14:54:29 Saving sacks file
14:54:29 Saved sacks file successfully
14:54:29 saveConfig: saving-data
14:54:29 Saving sacks file
14:54:29 Saved sacks file successfully
14:54:38 saveConfig: saving-data
14:54:38 Saving sacks file
14:54:38 Saved sacks file successfully
14:54:38 saveConfig: saving-data
14:54:38 Saving sacks file
14:54:38 Saved sacks file successfully
14:54:59 saveConfig: saving-data
14:54:59 Saving sacks file
14:54:59 Saved sacks file successfully
14:54:59 saveConfig: saving-data
14:54:59 Saving sacks file
14:54:59 Saved sacks file successfully
14:55:17 saveConfig: auto-save-60s
14:55:17 Saving config file
14:55:17 Saved config file successfully
14:55:17 saveConfig: auto-save-60s
14:55:17 Saving config file
14:55:17 Saved config file successfully
14:55:33 saveConfig: saving-data
14:55:33 Saving sacks file
14:55:33 Saved sacks file successfully
14:55:33 saveConfig: saving-data
14:55:33 Saving sacks file
14:55:33 Saved sacks file successfully
14:56:05 saveConfig: saving-data
14:56:05 Saving sacks file
14:56:05 Saved sacks file successfully
14:56:05 saveConfig: saving-data
14:56:05 Saving sacks file
14:56:05 Saved sacks file successfully
14:56:17 saveConfig: saving-data
14:56:17 Saving sacks file
14:56:17 Saved sacks file successfully
14:56:17 saveConfig: saving-data
14:56:17 Saving sacks file
14:56:17 Saved sacks file successfully
14:56:17 saveConfig: auto-save-60s
14:56:17 Saving config file
14:56:17 Saved config file successfully
14:56:17 saveConfig: auto-save-60s
14:56:17 Saving config file
14:56:17 Saved config file successfully
14:57:17 saveConfig: auto-save-60s
14:57:17 Saving config file
14:57:17 Saved config file successfully
14:57:17 saveConfig: auto-save-60s
14:57:17 Saving config file
14:57:17 Saved config file successfully
14:57:31 saveConfig: saving-data
14:57:31 Saving sacks file
14:57:31 Saved sacks file successfully
14:57:31 saveConfig: saving-data
14:57:31 Saving sacks file
14:57:31 Saved sacks file successfully
14:58:08 saveConfig: saving-data
14:58:08 Saving sacks file
14:58:08 Saved sacks file successfully
14:58:08 saveConfig: saving-data
14:58:08 Saving sacks file
14:58:08 Saved sacks file successfully
14:58:17 saveConfig: auto-save-60s
14:58:17 Saving config file
14:58:17 Saved config file successfully
14:58:17 saveConfig: auto-save-60s
14:58:17 Saving config file
14:58:17 Saved config file successfully
14:58:30 saveConfig: saving-data
14:58:30 Saving sacks file
14:58:30 Saved sacks file successfully
14:58:30 saveConfig: saving-data
14:58:30 Saving sacks file
14:58:30 Saved sacks file successfully
14:59:17 saveConfig: auto-save-60s
14:59:17 Saving config file
14:59:17 Saved config file successfully
14:59:17 saveConfig: auto-save-60s
14:59:17 Saving config file
14:59:17 Saved config file successfully
15:00:13 saveConfig: saving-data
15:00:13 Saving sacks file
15:00:13 Saved sacks file successfully
15:00:13 saveConfig: saving-data
15:00:13 Saving sacks file
15:00:13 Saved sacks file successfully
15:00:17 saveConfig: auto-save-60s
15:00:17 Saving config file
15:00:17 Saved config file successfully
15:00:17 saveConfig: auto-save-60s
15:00:17 Saving config file
15:00:17 Saved config file successfully
15:00:43 saveConfig: saving-data
15:00:43 Saving sacks file
15:00:43 Saved sacks file successfully
15:00:43 saveConfig: saving-data
15:00:43 Saving sacks file
15:00:43 Saved sacks file successfully
15:01:00 saveConfig: saving-data
15:01:00 Saving sacks file
15:01:00 Saved sacks file successfully
15:01:00 saveConfig: saving-data
15:01:00 Saving sacks file
15:01:00 Saved sacks file successfully
15:01:17 saveConfig: auto-save-60s
15:01:17 Saving config file
15:01:17 Saved config file successfully
15:01:17 saveConfig: auto-save-60s
15:01:17 Saving config file
15:01:17 Saved config file successfully
15:01:27 saveConfig: saving-data
15:01:27 Saving sacks file
15:01:27 Saved sacks file successfully
15:01:27 saveConfig: saving-data
15:01:27 Saving sacks file
15:01:27 Saved sacks file successfully
15:01:36 saveConfig: saving-data
15:01:36 Saving sacks file
15:01:36 Saved sacks file successfully
15:01:36 saveConfig: saving-data
15:01:36 Saving sacks file
15:01:36 Saved sacks file successfully
15:02:16 saveConfig: saving-data
15:02:16 Saving sacks file
15:02:16 Saved sacks file successfully
15:02:16 saveConfig: saving-data
15:02:16 Saving sacks file
15:02:16 Saved sacks file successfully
15:02:17 saveConfig: auto-save-60s
15:02:17 Saving config file
15:02:17 Saved config file successfully
15:02:17 saveConfig: auto-save-60s
15:02:17 Saving config file
15:02:17 Saved config file successfully
15:02:33 saveConfig: saving-data
15:02:33 Saving sacks file
15:02:33 Saved sacks file successfully
15:02:33 saveConfig: saving-data
15:02:33 Saving sacks file
15:02:33 Saved sacks file successfully
15:03:08 saveConfig: saving-data
15:03:08 Saving sacks file
15:03:08 Saved sacks file successfully
15:03:08 saveConfig: saving-data
15:03:08 Saving sacks file
15:03:08 Saved sacks file successfully
15:03:17 saveConfig: auto-save-60s
15:03:17 Saving config file
15:03:17 Saved config file successfully
15:03:17 saveConfig: auto-save-60s
15:03:17 Saving config file
15:03:17 Saved config file successfully
15:03:28 saveConfig: saving-data
15:03:28 Saving sacks file
15:03:28 Saved sacks file successfully
15:03:28 saveConfig: saving-data
15:03:28 Saving sacks file
15:03:29 Saved sacks file successfully
15:03:50 saveConfig: saving-data
15:03:50 Saving sacks file
15:03:50 Saved sacks file successfully
15:03:50 saveConfig: saving-data
15:03:50 Saving sacks file
15:03:50 Saved sacks file successfully
15:04:05 saveConfig: saving-data
15:04:05 Saving sacks file
15:04:05 Saved sacks file successfully
15:04:05 saveConfig: saving-data
15:04:05 Saving sacks file
15:04:05 Saved sacks file successfully
15:04:17 saveConfig: auto-save-60s
15:04:17 Saving config file
15:04:17 Saved config file successfully
15:04:17 saveConfig: auto-save-60s
15:04:17 Saving config file
15:04:17 Saved config file successfully
15:04:54 saveConfig: saving-data
15:04:54 Saving sacks file
15:04:54 Saved sacks file successfully
15:04:54 saveConfig: saving-data
15:04:54 Saving sacks file
15:04:54 Saved sacks file successfully
15:05:03 saveConfig: saving-data
15:05:03 Saving sacks file
15:05:03 Saved sacks file successfully
15:05:03 saveConfig: saving-data
15:05:03 Saving sacks file
15:05:03 Saved sacks file successfully
15:05:14 saveConfig: saving-data
15:05:14 Saving sacks file
15:05:14 Saved sacks file successfully
15:05:14 saveConfig: saving-data
15:05:14 Saving sacks file
15:05:14 Saved sacks file successfully
15:05:17 saveConfig: auto-save-60s
15:05:17 Saving config file
15:05:17 Saved config file successfully
15:05:17 saveConfig: auto-save-60s
15:05:17 Saving config file
15:05:17 Saved config file successfully
15:05:31 saveConfig: saving-data
15:05:31 Saving sacks file
15:05:31 Saved sacks file successfully
15:05:31 saveConfig: saving-data
15:05:31 Saving sacks file
15:05:31 Saved sacks file successfully
15:06:17 saveConfig: auto-save-60s
15:06:17 Saving config file
15:06:17 Saved config file successfully
15:06:17 saveConfig: auto-save-60s
15:06:17 Saving config file
15:06:17 Saved config file successfully
15:07:11 saveConfig: saving-data
15:07:11 Saving sacks file
15:07:11 Saved sacks file successfully
15:07:11 saveConfig: saving-data
15:07:11 Saving sacks file
15:07:11 Saved sacks file successfully
15:07:17 saveConfig: auto-save-60s
15:07:17 Saving config file
15:07:17 Saved config file successfully
15:07:17 saveConfig: auto-save-60s
15:07:17 Saving config file
15:07:17 Saved config file successfully
15:07:36 saveConfig: saving-data
15:07:36 Saving sacks file
15:07:36 Saved sacks file successfully
15:07:36 saveConfig: saving-data
15:07:36 Saving sacks file
15:07:36 Saved sacks file successfully
15:08:17 saveConfig: auto-save-60s
15:08:17 Saving config file
15:08:17 Saved config file successfully
15:08:17 saveConfig: auto-save-60s
15:08:17 Saving config file
15:08:17 Saved config file successfully
15:09:05 saveConfig: saving-data
15:09:05 Saving sacks file
15:09:05 Saved sacks file successfully
15:09:05 saveConfig: saving-data
15:09:05 Saving sacks file
15:09:05 Saved sacks file successfully
15:09:17 saveConfig: auto-save-60s
15:09:17 Saving config file
15:09:17 Saved config file successfully
15:09:17 saveConfig: auto-save-60s
15:09:17 Saving config file
15:09:17 Saved config file successfully
15:09:22 saveConfig: saving-data
15:09:22 Saving sacks file
15:09:22 Saved sacks file successfully
15:09:22 saveConfig: saving-data
15:09:22 Saving sacks file
15:09:22 Saved sacks file successfully
15:09:29 saveConfig: saving-data
15:09:29 Saving sacks file
15:09:29 Saved sacks file successfully
15:09:29 saveConfig: saving-data
15:09:29 Saving sacks file
15:09:29 Saved sacks file successfully
15:09:49 saveConfig: saving-data
15:09:49 Saving sacks file
15:09:49 Saved sacks file successfully
15:09:49 saveConfig: saving-data
15:09:49 Saving sacks file
15:09:49 Saved sacks file successfully
15:10:13 saveConfig: saving-data
15:10:13 Saving sacks file
15:10:13 Saved sacks file successfully
15:10:13 saveConfig: saving-data
15:10:13 Saving sacks file
15:10:13 Saved sacks file successfully
15:10:17 saveConfig: auto-save-60s
15:10:17 Saving config file
15:10:17 Saved config file successfully
15:10:17 saveConfig: auto-save-60s
15:10:17 Saving config file
15:10:17 Saved config file successfully
15:10:52 saveConfig: saving-data
15:10:52 Saving sacks file
15:10:52 Saved sacks file successfully
15:10:52 saveConfig: saving-data
15:10:52 Saving sacks file
15:10:52 Saved sacks file successfully
15:11:17 saveConfig: saving-data
15:11:17 Saving sacks file
15:11:17 Saved sacks file successfully
15:11:17 saveConfig: saving-data
15:11:17 Saving sacks file
15:11:17 Saved sacks file successfully
15:11:17 saveConfig: auto-save-60s
15:11:17 Saving config file
15:11:17 Saved config file successfully
15:11:17 saveConfig: auto-save-60s
15:11:17 Saving config file
15:11:17 Saved config file successfully
15:11:22 saveConfig: saving-data
15:11:22 Saving sacks file
15:11:22 Saved sacks file successfully
15:11:22 saveConfig: saving-data
15:11:22 Saving sacks file
15:11:22 Saved sacks file successfully
15:11:42 saveConfig: saving-data
15:11:42 Saving sacks file
15:11:42 Saved sacks file successfully
15:11:42 saveConfig: saving-data
15:11:42 Saving sacks file
15:11:42 Saved sacks file successfully
15:12:17 saveConfig: auto-save-60s
15:12:17 Saving config file
15:12:17 Saved config file successfully
15:12:17 saveConfig: auto-save-60s
15:12:17 Saving config file
15:12:17 Saved config file successfully
15:12:53 saveConfig: saving-data
15:12:53 Saving sacks file
15:12:53 Saved sacks file successfully
15:12:53 saveConfig: saving-data
15:12:53 Saving sacks file
15:12:53 Saved sacks file successfully
15:13:06 saveConfig: saving-data
15:13:06 Saving sacks file
15:13:06 Saved sacks file successfully
15:13:06 saveConfig: saving-data
15:13:06 Saving sacks file
15:13:06 Saved sacks file successfully
15:13:17 saveConfig: auto-save-60s
15:13:17 Saving config file
15:13:17 Saved config file successfully
15:13:17 saveConfig: auto-save-60s
15:13:17 Saving config file
15:13:17 Saved config file successfully
15:13:19 saveConfig: saving-data
15:13:19 Saving sacks file
15:13:19 Saved sacks file successfully
15:13:19 saveConfig: saving-data
15:13:19 Saving sacks file
15:13:19 Saved sacks file successfully
15:13:28 saveConfig: saving-data
15:13:28 Saving sacks file
15:13:28 Saved sacks file successfully
15:13:28 saveConfig: saving-data
15:13:28 Saving sacks file
15:13:28 Saved sacks file successfully
15:13:40 saveConfig: saving-data
15:13:40 Saving sacks file
15:13:40 Saved sacks file successfully
15:13:40 saveConfig: saving-data
15:13:40 Saving sacks file
15:13:40 Saved sacks file successfully
15:13:54 saveConfig: saving-data
15:13:54 Saving sacks file
15:13:54 Saved sacks file successfully
15:13:54 saveConfig: saving-data
15:13:54 Saving sacks file
15:13:54 Saved sacks file successfully
15:14:17 saveConfig: auto-save-60s
15:14:17 Saving config file
15:14:17 Saved config file successfully
15:14:17 saveConfig: auto-save-60s
15:14:17 Saving config file
15:14:17 Saved config file successfully
15:14:28 saveConfig: saving-data
15:14:28 Saving sacks file
15:14:28 Saved sacks file successfully
15:14:28 saveConfig: saving-data
15:14:28 Saving sacks file
15:14:28 Saved sacks file successfully
15:14:39 saveConfig: saving-data
15:14:39 Saving sacks file
15:14:39 Saved sacks file successfully
15:14:39 saveConfig: saving-data
15:14:39 Saving sacks file
15:14:39 Saved sacks file successfully
15:15:00 saveConfig: saving-data
15:15:00 Saving sacks file
15:15:00 Saved sacks file successfully
15:15:00 saveConfig: saving-data
15:15:00 Saving sacks file
15:15:00 Saved sacks file successfully
15:15:17 saveConfig: auto-save-60s
15:15:17 Saving config file
15:15:17 Saved config file successfully
15:15:17 saveConfig: auto-save-60s
15:15:17 Saving config file
15:15:17 Saved config file successfully
15:15:55 saveConfig: saving-data
15:15:55 Saving sacks file
15:15:55 Saved sacks file successfully
15:15:55 saveConfig: saving-data
15:15:55 Saving sacks file
15:15:55 Saved sacks file successfully
15:16:09 saveConfig: saving-data
15:16:09 Saving sacks file
15:16:09 Saved sacks file successfully
15:16:09 saveConfig: saving-data
15:16:09 Saving sacks file
15:16:09 Saved sacks file successfully
15:16:17 saveConfig: auto-save-60s
15:16:17 Saving config file
15:16:17 Saved config file successfully
15:16:17 saveConfig: auto-save-60s
15:16:17 Saving config file
15:16:17 Saved config file successfully
15:16:26 saveConfig: saving-data
15:16:26 Saving sacks file
15:16:26 Saved sacks file successfully
15:16:26 saveConfig: saving-data
15:16:26 Saving sacks file
15:16:26 Saved sacks file successfully
15:16:38 saveConfig: saving-data
15:16:38 Saving sacks file
15:16:38 Saved sacks file successfully
15:16:38 saveConfig: saving-data
15:16:38 Saving sacks file
15:16:38 Saved sacks file successfully
15:17:03 saveConfig: saving-data
15:17:03 Saving sacks file
15:17:03 Saved sacks file successfully
15:17:03 saveConfig: saving-data
15:17:03 Saving sacks file
15:17:03 Saved sacks file successfully
15:17:17 saveConfig: auto-save-60s
15:17:17 Saving config file
15:17:17 Saved config file successfully
15:17:17 saveConfig: auto-save-60s
15:17:17 Saving config file
15:17:17 Saved config file successfully
15:18:17 saveConfig: auto-save-60s
15:18:17 Saving config file
15:18:17 Saved config file successfully
15:18:17 saveConfig: auto-save-60s
15:18:17 Saving config file
15:18:17 Saved config file successfully
15:18:19 saveConfig: saving-data
15:18:19 Saving sacks file
15:18:19 Saved sacks file successfully
15:18:19 saveConfig: saving-data
15:18:19 Saving sacks file
15:18:20 Saved sacks file successfully
15:18:42 saveConfig: saving-data
15:18:42 Saving sacks file
15:18:42 Saved sacks file successfully
15:18:42 saveConfig: saving-data
15:18:42 Saving sacks file
15:18:42 Saved sacks file successfully
15:19:17 saveConfig: auto-save-60s
15:19:17 Saving config file
15:19:17 Saved config file successfully
15:19:17 saveConfig: auto-save-60s
15:19:17 Saving config file
15:19:17 Saved config file successfully
15:19:41 saveConfig: saving-data
15:19:41 Saving sacks file
15:19:41 Saved sacks file successfully
15:19:41 saveConfig: saving-data
15:19:41 Saving sacks file
15:19:41 Saved sacks file successfully
15:20:17 saveConfig: auto-save-60s
15:20:17 Saving config file
15:20:17 Saved config file successfully
15:20:17 saveConfig: auto-save-60s
15:20:17 Saving config file
15:20:17 Saved config file successfully
15:20:49 saveConfig: saving-data
15:20:49 Saving sacks file
15:20:49 Saved sacks file successfully
15:20:49 saveConfig: saving-data
15:20:49 Saving sacks file
15:20:49 Saved sacks file successfully
15:20:57 saveConfig: saving-data
15:20:57 Saving sacks file
15:20:57 Saved sacks file successfully
15:20:57 saveConfig: saving-data
15:20:57 Saving sacks file
15:20:57 Saved sacks file successfully
15:21:17 saveConfig: auto-save-60s
15:21:17 Saving config file
15:21:17 Saved config file successfully
15:21:17 saveConfig: auto-save-60s
15:21:17 Saving config file
15:21:17 Saved config file successfully
15:21:23 saveConfig: saving-data
15:21:23 Saving sacks file
15:21:23 Saved sacks file successfully
15:21:23 saveConfig: saving-data
15:21:23 Saving sacks file
15:21:23 Saved sacks file successfully
15:22:13 saveConfig: saving-data
15:22:13 Saving sacks file
15:22:13 Saved sacks file successfully
15:22:13 saveConfig: saving-data
15:22:13 Saving sacks file
15:22:13 Saved sacks file successfully
15:22:17 saveConfig: auto-save-60s
15:22:17 Saving config file
15:22:17 Saved config file successfully
15:22:17 saveConfig: auto-save-60s
15:22:17 Saving config file
15:22:17 Saved config file successfully
15:22:31 saveConfig: saving-data
15:22:31 Saving sacks file
15:22:31 Saved sacks file successfully
15:22:31 saveConfig: saving-data
15:22:31 Saving sacks file
15:22:31 Saved sacks file successfully
15:22:58 saveConfig: saving-data
15:22:58 Saving sacks file
15:22:58 Saved sacks file successfully
15:22:58 saveConfig: saving-data
15:22:58 Saving sacks file
15:22:58 Saved sacks file successfully
15:23:11 saveConfig: saving-data
15:23:11 Saving sacks file
15:23:11 Saved sacks file successfully
15:23:11 saveConfig: saving-data
15:23:11 Saving sacks file
15:23:11 Saved sacks file successfully
15:23:17 saveConfig: auto-save-60s
15:23:17 Saving config file
15:23:17 Saved config file successfully
15:23:17 saveConfig: auto-save-60s
15:23:17 Saving config file
15:23:17 Saved config file successfully
15:23:24 saveConfig: saving-data
15:23:24 Saving sacks file
15:23:24 Saved sacks file successfully
15:23:24 saveConfig: saving-data
15:23:24 Saving sacks file
15:23:24 Saved sacks file successfully
15:24:17 saveConfig: auto-save-60s
15:24:17 Saving config file
15:24:17 Saved config file successfully
15:24:17 saveConfig: auto-save-60s
15:24:17 Saving config file
15:24:17 Saved config file successfully
15:25:04 saveConfig: saving-data
15:25:04 Saving sacks file
15:25:04 Saved sacks file successfully
15:25:04 saveConfig: saving-data
15:25:04 Saving sacks file
15:25:04 Saved sacks file successfully
15:25:17 saveConfig: auto-save-60s
15:25:17 Saving config file
15:25:17 Saved config file successfully
15:25:17 saveConfig: auto-save-60s
15:25:17 Saving config file
15:25:17 Saved config file successfully
15:25:29 saveConfig: saving-data
15:25:29 Saving sacks file
15:25:29 Saved sacks file successfully
15:25:29 saveConfig: saving-data
15:25:29 Saving sacks file
15:25:29 Saved sacks file successfully
15:26:17 saveConfig: auto-save-60s
15:26:17 Saving config file
15:26:17 Saved config file successfully
15:26:17 saveConfig: auto-save-60s
15:26:17 Saving config file
15:26:17 Saved config file successfully
15:27:06 saveConfig: saving-data
15:27:06 Saving sacks file
15:27:06 Saved sacks file successfully
15:27:06 saveConfig: saving-data
15:27:06 Saving sacks file
15:27:06 Saved sacks file successfully
15:27:17 saveConfig: auto-save-60s
15:27:17 Saving config file
15:27:17 Saved config file successfully
15:27:17 saveConfig: auto-save-60s
15:27:17 Saving config file
15:27:17 Saved config file successfully
15:27:26 saveConfig: saving-data
15:27:26 Saving sacks file
15:27:26 Saved sacks file successfully
15:27:26 saveConfig: saving-data
15:27:26 Saving sacks file
15:27:26 Saved sacks file successfully
15:27:33 saveConfig: saving-data
15:27:33 Saving sacks file
15:27:33 Saved sacks file successfully
15:27:33 saveConfig: saving-data
15:27:33 Saving sacks file
15:27:33 Saved sacks file successfully
15:28:06 saveConfig: saving-data
15:28:06 Saving sacks file
15:28:06 Saved sacks file successfully
15:28:06 saveConfig: saving-data
15:28:06 Saving sacks file
15:28:06 Saved sacks file successfully
15:28:17 saveConfig: auto-save-60s
15:28:17 Saving config file
15:28:17 Saved config file successfully
15:28:17 saveConfig: auto-save-60s
15:28:17 Saving config file
15:28:17 Saved config file successfully
15:29:03 saveConfig: shutdown-hook
15:29:03 Saving config file
15:29:03 Saved config file successfully
15:29:03 saveConfig: shutdown-hook
15:29:03 Saving config file
