20:17:40 CRIMSON_ISLE
20:18:03 NONE
20:18:04 HUB
20:23:10 THE_RIFT
20:26:54 NONE
20:26:54 HUB
20:27:23 NONE
20:27:23 THE_PARK
21:13:37 NONE
21:13:38 PRIVATE_ISLAND_GUEST
21:14:08 NONE
21:14:08 THE_RIFT
21:17:13 NONE
21:17:13 HUB
21:37:34 NONE
21:37:34 PRIVATE_ISLAND_GUEST
21:37:39 NONE
21:37:39 DWARVEN_MINES
21:37:58 NONE
21:37:59 CRYSTAL_HOLLOWS
21:40:11 DUNGEON_HUB
21:40:40 NONE
21:40:40 CRYSTAL_HOLLOWS
21:43:13 NONE
21:43:14 DUNGEON_HUB
21:43:18 NONE
21:43:19 CRYSTAL_HOLLOWS
21:43:49 NONE
21:43:49 DUNGEON_HUB
21:43:53 NONE
21:43:53 CRYSTAL_HOLLOWS
21:44:24 NONE
21:44:24 DUNGEON_HUB
21:44:28 NONE
21:44:29 CRYSTAL_HOLLOWS
