23:54:14 Trying to load config from config\skyhanni\config.json
23:54:14 load-config-now
23:54:15 Loaded config from file
23:54:15 Trying to load sacks from config\skyhanni\sacks.json
23:54:15 load-sacks-now
23:54:15 Loaded sacks from file
23:54:15 Trying to load friends from config\skyhanni\friends.json
23:54:15 load-friends-now
23:54:15 Loaded friends from file
23:54:15 Trying to load known_features from config\skyhanni\known_features.json
23:54:15 load-known_features-now
23:54:15 Loaded known_features from file
23:54:15 Trying to load jacob_contests from config\skyhanni\jacob_contests.json
23:54:15 load-jacob_contests-now
23:54:15 Loaded jacob_contests from file
23:54:15 Trying to load visual_words from config\skyhanni\visual_words.json
23:54:15 Setting visual_words to be blank as it did not exist. It will be saved once something is written to it
23:55:15 saveConfig: auto-save-60s
23:55:15 Saving config file
23:55:16 Saved config file successfully
23:55:16 saveConfig: auto-save-60s
23:55:16 Saving config file
23:55:16 Saved config file successfully
23:56:15 saveConfig: auto-save-60s
23:56:15 Saving config file
23:56:15 Saved config file successfully
23:56:15 saveConfig: auto-save-60s
23:56:15 Saving config file
23:56:15 Saved config file successfully
23:56:26 saveConfig: Updated known feature flags
23:56:26 Saving known_features file
23:56:26 Saved known_features file successfully
23:56:26 saveConfig: Updated known feature flags
23:56:26 Saving known_features file
23:56:26 Saved known_features file successfully
23:57:15 saveConfig: auto-save-60s
23:57:15 Saving config file
23:57:15 Saved config file successfully
23:57:15 saveConfig: auto-save-60s
23:57:15 Saving config file
23:57:15 Saved config file successfully
23:58:15 saveConfig: auto-save-60s
23:58:15 Saving config file
23:58:15 Saved config file successfully
23:58:15 saveConfig: auto-save-60s
23:58:15 Saving config file
23:58:15 Saved config file successfully
23:59:15 saveConfig: auto-save-60s
23:59:15 Saving config file
23:59:15 Saved config file successfully
23:59:15 saveConfig: auto-save-60s
23:59:15 Saving config file
23:59:15 Saved config file successfully
00:00:15 saveConfig: auto-save-60s
00:00:15 Saving config file
00:00:15 Saved config file successfully
00:00:15 saveConfig: auto-save-60s
00:00:15 Saving config file
00:00:15 Saved config file successfully
00:01:15 saveConfig: auto-save-60s
00:01:15 Saving config file
00:01:15 Saved config file successfully
00:01:15 saveConfig: auto-save-60s
00:01:15 Saving config file
00:01:15 Saved config file successfully
00:02:15 saveConfig: auto-save-60s
00:02:15 Saving config file
00:02:15 Saved config file successfully
00:02:15 saveConfig: auto-save-60s
00:02:15 Saving config file
00:02:15 Saved config file successfully
00:03:15 saveConfig: auto-save-60s
00:03:15 Saving config file
00:03:15 Saved config file successfully
00:03:15 saveConfig: auto-save-60s
00:03:15 Saving config file
00:03:15 Saved config file successfully
00:04:15 saveConfig: auto-save-60s
00:04:15 Saving config file
00:04:15 Saved config file successfully
00:04:15 saveConfig: auto-save-60s
00:04:15 Saving config file
00:04:15 Saved config file successfully
00:05:15 saveConfig: auto-save-60s
00:05:15 Saving config file
00:05:15 Saved config file successfully
00:05:15 saveConfig: auto-save-60s
00:05:15 Saving config file
00:05:15 Saved config file successfully
00:06:15 saveConfig: auto-save-60s
00:06:15 Saving config file
00:06:15 Saved config file successfully
00:06:15 saveConfig: auto-save-60s
00:06:15 Saving config file
00:06:15 Saved config file successfully
00:06:35 saveConfig: saving-data
00:06:35 Saving sacks file
00:06:35 Saved sacks file successfully
00:06:35 saveConfig: saving-data
00:06:35 Saving sacks file
00:06:35 Saved sacks file successfully
00:06:51 saveConfig: saving-data
00:06:51 Saving sacks file
00:06:51 Saved sacks file successfully
00:06:51 saveConfig: saving-data
00:06:51 Saving sacks file
00:06:51 Saved sacks file successfully
00:06:59 saveConfig: saving-data
00:06:59 Saving sacks file
00:06:59 Saved sacks file successfully
00:06:59 saveConfig: saving-data
00:06:59 Saving sacks file
00:06:59 Saved sacks file successfully
00:07:07 saveConfig: saving-data
00:07:07 Saving sacks file
00:07:07 Saved sacks file successfully
00:07:07 saveConfig: saving-data
00:07:07 Saving sacks file
00:07:07 Saved sacks file successfully
00:07:15 saveConfig: auto-save-60s
00:07:15 Saving config file
00:07:15 Saved config file successfully
00:07:15 saveConfig: auto-save-60s
00:07:15 Saving config file
00:07:15 Saved config file successfully
00:07:23 saveConfig: saving-data
00:07:23 Saving sacks file
00:07:23 Saved sacks file successfully
00:07:23 saveConfig: saving-data
00:07:23 Saving sacks file
00:07:23 Saved sacks file successfully
00:08:15 saveConfig: auto-save-60s
00:08:15 Saving config file
00:08:15 Saved config file successfully
00:08:15 saveConfig: auto-save-60s
00:08:15 Saving config file
00:08:15 Saved config file successfully
00:09:15 saveConfig: auto-save-60s
00:09:15 Saving config file
00:09:15 Saved config file successfully
00:09:15 saveConfig: auto-save-60s
00:09:15 Saving config file
00:09:15 Saved config file successfully
00:10:15 saveConfig: auto-save-60s
00:10:15 Saving config file
00:10:15 Saved config file successfully
00:10:15 saveConfig: auto-save-60s
00:10:15 Saving config file
00:10:15 Saved config file successfully
00:11:15 saveConfig: auto-save-60s
00:11:15 Saving config file
00:11:15 Saved config file successfully
00:11:15 saveConfig: auto-save-60s
00:11:15 Saving config file
00:11:15 Saved config file successfully
00:12:15 saveConfig: auto-save-60s
00:12:15 Saving config file
00:12:15 Saved config file successfully
00:12:15 saveConfig: auto-save-60s
00:12:15 Saving config file
00:12:15 Saved config file successfully
00:13:15 saveConfig: auto-save-60s
00:13:15 Saving config file
00:13:15 Saved config file successfully
00:13:15 saveConfig: auto-save-60s
00:13:15 Saving config file
00:13:15 Saved config file successfully
00:13:20 saveConfig: shutdown-hook
00:13:20 Saving config file
