20:27:07 [SLAYER_RNG_METER]    §dRNG Meter §f- §d494,225 Stored XP
20:28:49 [SLAYER_RNG_METER]    §dRNG Meter §f- §d139,625 Stored XP
20:29:32 [SLAYER_RNG_METER]    §dRNG Meter §f- §d140,125 Stored XP
20:30:22 [SLAYER_RNG_METER]    §dRNG Meter §f- §d140,625 Stored XP
20:31:06 [SLAYER_RNG_METER]    §dRNG Meter §f- §d141,125 Stored XP
20:31:58 [SLAYER_RNG_METER]    §dRNG Meter §f- §d141,625 Stored XP
20:32:31 [SLAYER_RNG_METER]    §dRNG Meter §f- §d142,125 Stored XP
20:33:47 [SLAYER_RNG_METER]    §dRNG Meter §f- §d142,625 Stored XP
20:34:54 [SLAYER_RNG_METER]    §dRNG Meter §f- §d143,125 Stored XP
20:35:48 [SLAYER_RNG_METER]    §dRNG Meter §f- §d143,625 Stored XP
20:36:27 [SLAYER_RNG_METER]    §dRNG Meter §f- §d144,125 Stored XP
20:37:55 [SLAYER_RNG_METER]    §dRNG Meter §f- §d144,625 Stored XP
20:38:38 [SLAYER_RNG_METER]    §dRNG Meter §f- §d145,125 Stored XP
20:39:14 [SLAYER_RNG_METER]    §dRNG Meter §f- §d145,625 Stored XP
20:40:03 [SLAYER_RNG_METER]    §dRNG Meter §f- §d146,125 Stored XP
20:40:43 [SLAYER_RNG_METER]    §dRNG Meter §f- §d146,625 Stored XP
20:41:54 [SLAYER_RNG_METER]    §dRNG Meter §f- §d147,125 Stored XP
20:42:21 [SLAYER_RNG_METER]    §dRNG Meter §f- §d147,625 Stored XP
20:43:15 [SLAYER_RNG_METER]    §dRNG Meter §f- §d148,125 Stored XP
20:43:54 [SLAYER_RNG_METER]    §dRNG Meter §f- §d148,625 Stored XP
20:44:37 [SLAYER_RNG_METER]    §dRNG Meter §f- §d149,125 Stored XP
20:45:14 [SLAYER_RNG_METER]    §dRNG Meter §f- §d149,625 Stored XP
20:45:58 [SLAYER_RNG_METER]    §dRNG Meter §f- §d150,125 Stored XP
20:46:33 [SLAYER_RNG_METER]    §dRNG Meter §f- §d150,625 Stored XP
20:47:14 [SLAYER_RNG_METER]    §dRNG Meter §f- §d151,125 Stored XP
20:57:11 [STASH_COMPACT] §f                §7You have §32,432 §7materials stashed away!
20:57:11 [STASH_COMPACT] §f               §8(This totals 1 type of material stashed!)
20:57:11 [STASH_COMPACT] §f                §3§l>>> §3§lCLICK HERE§b to pick them up! §3§l<<<
20:57:11 [STASH_COMPACT]   
20:57:20 [STASH_COMPACT] §f                §7You have §32,432 §7materials stashed away!
20:57:20 [STASH_COMPACT] §f               §8(This totals 1 type of material stashed!)
20:57:20 [STASH_COMPACT] §f                §3§l>>> §3§lCLICK HERE§b to pick them up! §3§l<<<
20:57:20 [STASH_COMPACT]   
20:59:51 [SLAYER_RNG_METER]    §dRNG Meter §f- §d1,000 Stored XP
21:01:21 [SLAYER_RNG_METER]    §dRNG Meter §f- §d1,500 Stored XP
21:02:52 [SLAYER_RNG_METER]    §dRNG Meter §f- §d2,000 Stored XP
21:03:20 [SLAYER_RNG_METER]    §dRNG Meter §f- §d2,500 Stored XP
21:04:40 [SLAYER_RNG_METER]    §dRNG Meter §f- §d3,000 Stored XP
21:25:31 [STASH_COMPACT] §f               §7You have §313,312 §7materials stashed away!
21:25:31 [STASH_COMPACT] §f               §8(This totals 1 type of material stashed!)
21:25:31 [STASH_COMPACT] §f                §3§l>>> §3§lCLICK HERE§b to pick them up! §3§l<<<
21:25:31 [STASH_COMPACT]   
