20:16:57 §e[SkyHanni] Reloaded 7436 items in the NEU repo§r
20:18:01 §e[SkyHanni] You have gained §b495 §eBits.§r
20:19:05 §e[SkyHanni] Click here to share the location of this chocolate egg with the server!§r
20:26:54 §e[SkyHanni] Gained §d29,050 motes §ethis Rift session! (§d467k/h§e)§r
20:28:17 §e[SkyHanni] Click here to share the location of this chocolate egg with the server!§r
20:28:48 §e[SkyHanni] You have gained §b24 §eBits.§r
20:29:32 §e[SkyHanni] You have gained §b24 §eBits.§r
20:30:22 §e[SkyHanni] You have gained §b24 §eBits.§r
20:31:05 §e[SkyHanni] You have gained §b24 §eBits.§r
20:31:58 §e[SkyHanni] You have gained §b24 §eBits.§r
20:32:31 §e[SkyHanni] You have gained §b24 §eBits.§r
20:33:46 §e[SkyHanni] You have gained §b24 §eBits.§r
20:34:54 §e[SkyHanni] §bNo Bits Available! §eClick to buy booster cookies on the bazaar.§r
20:34:54 §e[SkyHanni] You have gained §b15 §eBits.§r
20:48:07 §e[SkyHanni] §a+Tracker Drop§7: §r§5Overflux Capacitor §7(§662M coins§7)§r
20:48:07 §e[SkyHanni] §dRNG Meter §7dropped at §e12.36% §7XP (151,125/1,222,700§7)§r
20:57:11 §e[SkyHanni] §bYou have §32.4k §bmaterials in stash, §btotalling §31 type§b. §bClick to §3pickup §byour stash!§r
21:17:13 §e[SkyHanni] Gained §d75 motes §ethis Rift session! (§d1.4k/h§e)§r
21:20:12 §e[SkyHanni] Click here to share the location of this chocolate egg with the server!§r
21:25:31 §e[SkyHanni] §bYou have §313k §bmaterials in stash, §btotalling §31 type§b. §bClick to §3pickup §byour stash!§r
21:27:05 §e[SkyHanni] §b+10 SkyBlock XP §7(Museum Donations§7)§b (99/100)§r
21:33:30 §e[SkyHanni] §b+5 SkyBlock XP §7(Museum Donations§7)§b (4/100)§r
21:33:48 §e[SkyHanni] §b+3 SkyBlock XP §7(Museum Donations§7)§b (7/100)§r
21:36:27 §e[SkyHanni] §b+5 SkyBlock XP §7(Museum Donations§7)§b (12/100)§r
21:42:51 §e[SkyHanni] §b+1 SkyBlock XP §7(HOTM Progression§7)§b (13/100)§r
21:48:01 §e[SkyHanni] Click here to share the location of this chocolate egg with the server!§r
21:48:12 §e[SkyHanni] Click here to share the location of this chocolate egg with the server!§r
