15:52:08 DUNGEON_HUB
15:55:37 HUB
15:59:08 NONE
15:59:08 DUNGEON_HUB
15:59:37 NONE
15:59:37 CATACOMBS
16:00:03 DUNGEON_HUB
16:02:02 NONE
16:02:02 HUB
16:02:14 NONE
16:02:15 GOLD_MINES
16:03:31 NONE
16:03:32 HUB
16:07:04 NONE
16:07:04 THE_END
16:17:35 NONE
16:17:35 DUNGEON_HUB
16:19:00 NONE
16:19:00 CATACOMBS
16:22:37 CATACOMBS
16:23:25 NONE
16:23:25 DUNGEON_HUB
16:24:04 NONE
16:24:04 CATACOMBS
16:27:38 NONE
16:27:38 CATACOMBS
16:31:16 NONE
16:31:16 DUNGEON_HUB
16:33:16 NONE
16:33:16 CATACOMBS
16:37:56 NONE
16:37:56 DUNGEON_HUB
16:38:01 NONE
16:38:01 DUNGEON_HUB
16:38:05 NONE
16:38:05 CATACOMBS
16:41:09 NONE
16:41:09 CATACOMBS
16:44:04 NONE
16:44:04 CATACOMBS
16:47:25 NONE
16:47:26 CATACOMBS
16:51:03 NONE
16:51:03 DUNGEON_HUB
17:06:00 NONE
17:06:01 CATACOMBS
17:10:38 NONE
17:10:38 DUNGEON_HUB
17:12:14 NONE
17:12:14 HUB
17:12:20 NONE
17:12:20 DUNGEON_HUB
17:19:28 NONE
17:19:29 THE_RIFT
17:19:50 NONE
17:19:51 HUB
