14:33:20 `Bat`349589 missed {
 is already Found: false).
 Position: LorenzVec(x=-153.5, y=63.96875, z=-169.5)
 DistanceC: 21.311448278562068
Relative Position: LorenzVec(x=21.311448278562068, y=-5.03125, z=-16.550360352095765)
 }
14:33:20 `Bat`349591 missed {
 is already Found: false).
 Position: LorenzVec(x=-153.5, y=63.96875, z=-168.5)
 DistanceC: 21.311448278562068
Relative Position: LorenzVec(x=21.311448278562068, y=-5.03125, z=-15.550360352095765)
 }
14:33:20 `Bat`349593 missed {
 is already Found: false).
 Position: LorenzVec(x=-153.5, y=63.96875, z=-167.5)
 DistanceC: 21.311448278562068
Relative Position: LorenzVec(x=21.311448278562068, y=-5.03125, z=-14.550360352095765)
 }
14:33:20 `Bat`349595 missed {
 is already Found: false).
 Position: LorenzVec(x=-153.5, y=64.96875, z=-169.5)
 DistanceC: 21.311448278562068
Relative Position: LorenzVec(x=21.311448278562068, y=-4.03125, z=-16.550360352095765)
 }
14:33:20 `Bat`349597 missed {
 is already Found: false).
 Position: LorenzVec(x=-153.5, y=64.96875, z=-168.5)
 DistanceC: 21.311448278562068
Relative Position: LorenzVec(x=21.311448278562068, y=-4.03125, z=-15.550360352095765)
 }
14:33:20 `Bat`349599 missed {
 is already Found: false).
 Position: LorenzVec(x=-153.5, y=64.96875, z=-167.5)
 DistanceC: 21.311448278562068
Relative Position: LorenzVec(x=21.311448278562068, y=-4.03125, z=-14.550360352095765)
 }
14:33:20 `Bat`349601 missed {
 is already Found: false).
 Position: LorenzVec(x=-153.5, y=65.96875, z=-169.5)
 DistanceC: 21.311448278562068
Relative Position: LorenzVec(x=21.311448278562068, y=-3.03125, z=-16.550360352095765)
 }
14:33:20 `Bat`349603 missed {
 is already Found: false).
 Position: LorenzVec(x=-153.5, y=65.96875, z=-168.5)
 DistanceC: 21.311448278562068
Relative Position: LorenzVec(x=21.311448278562068, y=-3.03125, z=-15.550360352095765)
 }
14:33:20 `Bat`349605 missed {
 is already Found: false).
 Position: LorenzVec(x=-153.5, y=65.96875, z=-167.5)
 DistanceC: 21.311448278562068
Relative Position: LorenzVec(x=21.311448278562068, y=-3.03125, z=-14.550360352095765)
 }
14:33:20 `Bat`349607 missed {
 is already Found: false).
 Position: LorenzVec(x=-153.5, y=66.96875, z=-169.5)
 DistanceC: 21.311448278562068
Relative Position: LorenzVec(x=21.311448278562068, y=-2.03125, z=-16.550360352095765)
 }
14:33:20 `Bat`349609 missed {
 is already Found: false).
 Position: LorenzVec(x=-153.5, y=66.96875, z=-168.5)
 DistanceC: 21.311448278562068
Relative Position: LorenzVec(x=21.311448278562068, y=-2.03125, z=-15.550360352095765)
 }
14:33:20 `Bat`349611 missed {
 is already Found: false).
 Position: LorenzVec(x=-153.5, y=66.96875, z=-167.5)
 DistanceC: 21.311448278562068
Relative Position: LorenzVec(x=21.311448278562068, y=-2.03125, z=-14.550360352095765)
 }
14:33:20 `Bat`349613 missed {
 is already Found: false).
 Position: LorenzVec(x=-152.5, y=63.96875, z=-169.5)
 DistanceC: 19.76772569885307
Relative Position: LorenzVec(x=19.76772569885307, y=-6.032585979112142, z=-16.538404576959266)
 }
14:33:20 `Bat`349615 missed {
 is already Found: false).
 Position: LorenzVec(x=-152.5, y=63.96875, z=-168.5)
 DistanceC: 19.76772569885307
Relative Position: LorenzVec(x=19.76772569885307, y=-6.032585979112142, z=-15.538404576959266)
 }
14:33:20 `Bat`349617 missed {
 is already Found: false).
 Position: LorenzVec(x=-152.5, y=63.96875, z=-167.5)
 DistanceC: 19.76772569885307
Relative Position: LorenzVec(x=19.76772569885307, y=-6.032585979112142, z=-14.538404576959266)
 }
14:33:20 `Bat`349619 missed {
 is already Found: false).
 Position: LorenzVec(x=-152.5, y=64.96875, z=-169.5)
 DistanceC: 19.76772569885307
Relative Position: LorenzVec(x=19.76772569885307, y=-5.032585979112142, z=-16.538404576959266)
 }
14:33:20 `Bat`349621 missed {
 is already Found: false).
 Position: LorenzVec(x=-152.5, y=64.96875, z=-168.5)
 DistanceC: 19.76772569885307
Relative Position: LorenzVec(x=19.76772569885307, y=-5.032585979112142, z=-15.538404576959266)
 }
14:33:20 `Bat`349623 missed {
 is already Found: false).
 Position: LorenzVec(x=-152.5, y=64.96875, z=-167.5)
 DistanceC: 19.76772569885307
Relative Position: LorenzVec(x=19.76772569885307, y=-5.032585979112142, z=-14.538404576959266)
 }
14:33:20 `Bat`349625 missed {
 is already Found: false).
 Position: LorenzVec(x=-152.5, y=65.96875, z=-169.5)
 DistanceC: 19.76772569885307
Relative Position: LorenzVec(x=19.76772569885307, y=-4.032585979112142, z=-16.538404576959266)
 }
14:33:20 `Bat`349627 missed {
 is already Found: false).
 Position: LorenzVec(x=-152.5, y=65.96875, z=-168.5)
 DistanceC: 19.76772569885307
Relative Position: LorenzVec(x=19.76772569885307, y=-4.032585979112142, z=-15.538404576959266)
 }
14:33:20 `Bat`349629 missed {
 is already Found: false).
 Position: LorenzVec(x=-152.5, y=65.96875, z=-167.5)
 DistanceC: 19.76772569885307
Relative Position: LorenzVec(x=19.76772569885307, y=-4.032585979112142, z=-14.538404576959266)
 }
14:33:20 `Bat`349631 missed {
 is already Found: false).
 Position: LorenzVec(x=-152.5, y=66.96875, z=-169.5)
 DistanceC: 19.152740342460163
Relative Position: LorenzVec(x=19.152740342460163, y=-3.1973592609382138, z=-16.549933827123397)
 }
14:33:20 `Bat`349633 missed {
 is already Found: false).
 Position: LorenzVec(x=-152.5, y=66.96875, z=-168.5)
 DistanceC: 19.152740342460163
Relative Position: LorenzVec(x=19.152740342460163, y=-3.1973592609382138, z=-15.549933827123397)
 }
14:33:20 `Bat`349635 missed {
 is already Found: false).
 Position: LorenzVec(x=-152.5, y=66.96875, z=-167.5)
 DistanceC: 19.152740342460163
Relative Position: LorenzVec(x=19.152740342460163, y=-3.1973592609382138, z=-14.549933827123397)
 }
14:33:20 `Bat`349637 missed {
 is already Found: false).
 Position: LorenzVec(x=-151.5, y=63.96875, z=-169.5)
 DistanceC: 18.48103548919846
Relative Position: LorenzVec(x=18.48103548919846, y=-6.2020370772188045, z=-16.61450952237999)
 }
14:33:20 `Bat`349639 missed {
 is already Found: false).
 Position: LorenzVec(x=-151.5, y=63.96875, z=-168.5)
 DistanceC: 18.48103548919846
Relative Position: LorenzVec(x=18.48103548919846, y=-6.2020370772188045, z=-15.61450952237999)
 }
14:33:20 `Bat`349641 missed {
 is already Found: false).
 Position: LorenzVec(x=-151.5, y=63.96875, z=-167.5)
 DistanceC: 18.48103548919846
Relative Position: LorenzVec(x=18.48103548919846, y=-6.2020370772188045, z=-14.61450952237999)
 }
14:33:20 `Bat`349643 missed {
 is already Found: false).
 Position: LorenzVec(x=-151.5, y=64.96875, z=-169.5)
 DistanceC: 18.48103548919846
Relative Position: LorenzVec(x=18.48103548919846, y=-5.2020370772188045, z=-16.61450952237999)
 }
14:33:20 `Bat`349645 missed {
 is already Found: false).
 Position: LorenzVec(x=-151.5, y=64.96875, z=-168.5)
 DistanceC: 18.48103548919846
Relative Position: LorenzVec(x=18.48103548919846, y=-5.2020370772188045, z=-15.61450952237999)
 }
14:33:20 `Bat`349647 missed {
 is already Found: false).
 Position: LorenzVec(x=-151.5, y=64.96875, z=-167.5)
 DistanceC: 18.48103548919846
Relative Position: LorenzVec(x=18.48103548919846, y=-5.2020370772188045, z=-14.61450952237999)
 }
14:33:20 `Bat`349649 missed {
 is already Found: false).
 Position: LorenzVec(x=-151.5, y=65.96875, z=-169.5)
 DistanceC: 18.48103548919846
Relative Position: LorenzVec(x=18.48103548919846, y=-4.2020370772188045, z=-16.61450952237999)
 }
14:33:20 `Bat`349651 missed {
 is already Found: false).
 Position: LorenzVec(x=-151.5, y=65.96875, z=-168.5)
 DistanceC: 18.48103548919846
Relative Position: LorenzVec(x=18.48103548919846, y=-4.2020370772188045, z=-15.61450952237999)
 }
14:33:20 `Bat`349653 missed {
 is already Found: false).
 Position: LorenzVec(x=-151.5, y=65.96875, z=-167.5)
 DistanceC: 18.48103548919846
Relative Position: LorenzVec(x=18.48103548919846, y=-4.2020370772188045, z=-14.61450952237999)
 }
14:33:20 `Bat`349655 missed {
 is already Found: false).
 Position: LorenzVec(x=-151.5, y=66.96875, z=-169.5)
 DistanceC: 18.48103548919846
Relative Position: LorenzVec(x=18.48103548919846, y=-3.2020370772188045, z=-16.61450952237999)
 }
14:33:20 `Bat`349657 missed {
 is already Found: false).
 Position: LorenzVec(x=-151.5, y=66.96875, z=-168.5)
 DistanceC: 18.48103548919846
Relative Position: LorenzVec(x=18.48103548919846, y=-3.2020370772188045, z=-15.61450952237999)
 }
14:33:20 `Bat`349659 missed {
 is already Found: false).
 Position: LorenzVec(x=-151.5, y=66.96875, z=-167.5)
 DistanceC: 18.48103548919846
Relative Position: LorenzVec(x=18.48103548919846, y=-3.2020370772188045, z=-14.61450952237999)
 }
14:33:29 `Bat`350901 missed {
 is already Found: false).
 Position: LorenzVec(x=-183.5, y=64.28125, z=-137.5)
 DistanceC: 21.941322441300485
Relative Position: LorenzVec(x=-21.941322441300485, y=-4.71875, z=-21.819330212214638)
 }
14:33:29 `Bat`350903 missed {
 is already Found: false).
 Position: LorenzVec(x=-183.5, y=64.28125, z=-136.5)
 DistanceC: 21.941322441300485
Relative Position: LorenzVec(x=-21.941322441300485, y=-4.71875, z=-20.819330212214638)
 }
14:33:29 `Bat`350905 missed {
 is already Found: false).
 Position: LorenzVec(x=-183.5, y=64.28125, z=-135.5)
 DistanceC: 21.941322441300485
Relative Position: LorenzVec(x=-21.941322441300485, y=-4.71875, z=-19.819330212214638)
 }
14:33:29 `Bat`350907 missed {
 is already Found: false).
 Position: LorenzVec(x=-183.5, y=65.28125, z=-137.5)
 DistanceC: 21.941322441300485
Relative Position: LorenzVec(x=-21.941322441300485, y=-3.71875, z=-21.819330212214638)
 }
14:33:29 `Bat`350909 missed {
 is already Found: false).
 Position: LorenzVec(x=-183.5, y=65.28125, z=-136.5)
 DistanceC: 21.941322441300485
Relative Position: LorenzVec(x=-21.941322441300485, y=-3.71875, z=-20.819330212214638)
 }
14:33:29 `Bat`350911 missed {
 is already Found: false).
 Position: LorenzVec(x=-183.5, y=65.28125, z=-135.5)
 DistanceC: 21.941322441300485
Relative Position: LorenzVec(x=-21.941322441300485, y=-3.71875, z=-19.819330212214638)
 }
14:33:29 `Bat`350913 missed {
 is already Found: false).
 Position: LorenzVec(x=-183.5, y=66.28125, z=-137.5)
 DistanceC: 21.941322441300485
Relative Position: LorenzVec(x=-21.941322441300485, y=-2.71875, z=-21.819330212214638)
 }
14:33:29 `Bat`350915 missed {
 is already Found: false).
 Position: LorenzVec(x=-183.5, y=66.28125, z=-136.5)
 DistanceC: 21.941322441300485
Relative Position: LorenzVec(x=-21.941322441300485, y=-2.71875, z=-20.819330212214638)
 }
14:33:29 `Bat`350917 missed {
 is already Found: false).
 Position: LorenzVec(x=-183.5, y=66.28125, z=-135.5)
 DistanceC: 21.941322441300485
Relative Position: LorenzVec(x=-21.941322441300485, y=-2.71875, z=-19.819330212214638)
 }
14:33:29 `Bat`350919 missed {
 is already Found: false).
 Position: LorenzVec(x=-183.5, y=67.28125, z=-137.5)
 DistanceC: 21.941322441300485
Relative Position: LorenzVec(x=-21.941322441300485, y=-1.71875, z=-21.819330212214638)
 }
14:33:29 `Bat`350921 missed {
 is already Found: false).
 Position: LorenzVec(x=-183.5, y=67.28125, z=-136.5)
 DistanceC: 21.941322441300485
Relative Position: LorenzVec(x=-21.941322441300485, y=-1.71875, z=-20.819330212214638)
 }
14:33:29 `Bat`350923 missed {
 is already Found: false).
 Position: LorenzVec(x=-183.5, y=67.28125, z=-135.5)
 DistanceC: 21.941322441300485
Relative Position: LorenzVec(x=-21.941322441300485, y=-1.71875, z=-19.819330212214638)
 }
