02:52:04 [PEST_DROP] §eYou received §a31x Enchanted Pumpkin §efor killing a §2Rat§e!
02:52:14 [PEST_DROP] §eYou received §a116x Enchanted Potato §efor killing a §2Locust§e!
02:52:23 [PEST_DROP] §eYou received §a116x Enchanted Potato §efor killing a §2Locust§e!
02:52:32 [PEST_DROP] §eYou received §a114x Enchanted Carrot §efor killing a §2Cricket§e!
02:52:40 [PEST_DROP] §eYou received §a115x Enchanted Potato §efor killing a §2Locust§e!
02:52:45 [PEST_DROP] §eYou received §a33x Enchanted Wheat §efor killing a §2Fly§e!
02:52:45 [PEST_DROP] §eYou received §a33x Enchanted Pumpkin §efor killing a §2Rat§e!
02:52:45 [PEST_DROP] §eYou received §a33x Enchanted Pumpkin §efor killing a §2Rat§e!
02:52:46 [PEST_DROP] §eYou received §a115x Enchanted Potato §efor killing a §2Locust§e!
02:52:46 [PEST_DROP] §eYou received §a116x Enchanted Potato §efor killing a §2Locust§e!
02:52:46 [PEST_DROP] §eYou received §a32x Enchanted Pumpkin §efor killing a §2Rat§e!
02:52:48 [PEST_DROP] §eYou received §a67x Enchanted Cactus Green §efor killing a §2Mite§e!
02:52:48 [PEST_DROP] §eYou received §a67x Enchanted Cactus Green §efor killing a §2Mite§e!
02:52:48 [PEST_DROP] §eYou received §a33x Enchanted Pumpkin §efor killing a §2Rat§e!
02:52:52 [GARDEN_VISITOR_MESSAGE] §e[NPC] §aFisherman Gerald§f: §r§fA Carrot King has been scaring off all the good fish, I need to deal with it before I lose more fish.
02:52:54 [GARDEN_VISITOR_MESSAGE] §e[NPC] §aFisherman Gerald§f: §r§fS'alright, we are all busy some days.
02:52:54 [GARDEN_VISITOR_MESSAGE] §e[NPC] §aJotraeline Greatforge§f: §r§fI heard you have a composter in your barn, it happens to run on the same fuel drills run on! Could I check it out?
02:52:56 [GARDEN_VISITOR_MESSAGE] §e[NPC] §aJotraeline Greatforge§f: §r§fQuite fascinating technology you have there, I'm sure with this machinery we could create even better appliances in the future!
02:52:57 [NEW_VISITOR_ARRIVED] §9§r§9Seymour §r§ehas arrived on your §r§aGarden§r§e!
02:52:57 [GARDEN_VISITOR_MESSAGE] §e[NPC] §aWeaponsmith§f: §r§fHey! I am looking to make some Hot Potato Books to enhance some of my weapons, do you have any potatoes to spare?
02:53:00 [GARDEN_VISITOR_MESSAGE] §e[NPC] §aWeaponsmith§f: §r§fToo bad, I guess I'll have to look for actual metal next time...
02:53:01 [GARDEN_VISITOR_MESSAGE] §e[NPC] §aTerry§f: §r§fAhoy, §bKobeAim§f! People always tell me they like ice cream, but ice never really tastes like anything for me!
02:53:03 [GARDEN_VISITOR_MESSAGE] §e[NPC] §aTerry§f: §r§fI'll keep crunching on those ice cubes, maybe I am missing something.
02:53:04 [GARDEN_VISITOR_MESSAGE] §e[NPC] §9Seymour§f: §r§fWanting to buy something from me? I got some pretty fancy tuxedos for sale, for a price of a small fortune.
02:53:25 [GARDEN_VISITOR_MESSAGE] §e[NPC] §9Seymour§f: §r§fWow, don't you look dashing with that! Pleasure doing business with you.
