00:26:05 §e[SkyHanni] Reloaded 7449 items in the NEU repo§r
00:26:23 §e[SkyHanni] §cSpaceman §eis visiting your garden!§r
00:26:23 §e[SkyHanni] §aFisherman Gerald §eis visiting your garden!§r
00:26:23 §e[SkyHanni] §aJotraeline Greatforge §eis visiting your garden!§r
00:26:23 §e[SkyHanni] §aWeaponsmith §eis visiting your garden!§r
00:26:23 §e[SkyHanni] §aTerry §eis visiting your garden!§r
00:28:35 §e[SkyHanni] Updated 1 Trophy Fishes from Odger.§r
01:20:07 §e[SkyHanni] §f                §r§eYour Weight: §r§a96§r
01:51:07 §e[SkyHanni] §f                §r§eYour Weight: §r§a200§r
01:59:15 §e[SkyHanni] §f                §r§eYour Weight: §r§a10§r
01:59:15 §e[SkyHanni] Profit for Dragon§e: §688§r
02:50:42 §e[SkyHanni] §b+3 SkyBlock XP §7(Essence Shop§7)§b (96/100)§r
02:50:42 §e[SkyHanni] §b+2 SkyBlock XP §7(Essence Shop§7)§b (98/100)§r
02:50:58 §e[SkyHanni] §b+7 SkyBlock XP §7(Essence Shop§7)§b (5/100)§r
02:51:09 §e[SkyHanni] §b+8 SkyBlock XP §7(Essence Shop§7)§b (13/100)§r
02:52:59 §e[SkyHanni] §9Seymour §eis visiting your garden!§r
03:09:54 §e[SkyHanni] Click here to load 121 more collected egg locations from NEU PV!§r
03:10:39 §e[SkyHanni] The Broodmother was killed!§r
03:14:11 §e[SkyHanni] Gained §d27,000 motes §ethis Rift session! (§d2.7M/h§e)§r
03:14:44 §e[SkyHanni] §lCLICK HERE§r§e to grab §ax39 §9§9Mutant Nether Wart§e from sacks!§r
03:17:41 §e[SkyHanni] §cYour Time Tower just expired and has 1 charge remaining. Click here to open the Chocolate Factory Menu.§r
