10:15:57 §e[SkyHanni] Reloaded 7470 items in the NEU repo§r
10:25:38 §e[SkyHanni] Gained §d40,100 motes §ethis Rift session! (§d606k/h§e)§r
10:28:07 §e[SkyHanni] §eTo edit hidden GUI elements:
 §7- §e1. Set a key in /sh edit.
 §7- §e2. Click that key while the GUI element is visible.§r
10:28:47 §e[SkyHanni] Are you sure you want to reset your total Diana Profit Tracker? Click here to confirm.§r
10:28:49 §e[SkyHanni] Reset total Diana Profit Tracker!§r
10:28:56 §e[SkyHanni] Are you sure you want to reset your total Mythological Creature Tracker? Click here to confirm.§r
10:29:00 §e[SkyHanni] Reset total Mythological Creature Tracker!§r
10:52:07 §e[SkyHanni] §b+1 SkyBlock XP §7(Mythological Kills§7)§b (7/100)§r
10:59:44 §e[SkyHanni] Detected not having access to warp point §bDark Auction§e!§r
10:59:44 §e[SkyHanni] Use §c/shresetburrowwarps §eonce you have activated this travel scroll.§r
11:27:45 §e[SkyHanni] Could not find Diana Guess using sound and particles, please try again. (Was this a funny sound easter egg?)§r
11:28:39 §e[SkyHanni] §cError detecting Diana Guess! §eClick here to set the particle quality to high!§r
11:29:35 §e[SkyHanni] §cError detecting Diana Guess! §eClick here to set the particle quality to high!§r
11:31:09 §e[SkyHanni] §cError detecting Diana Guess! §eClick here to set the particle quality to high!§r
11:31:44 §e[SkyHanni] §cError detecting Diana Guess! §eClick here to set the particle quality to high!§r
11:32:51 §e[SkyHanni] §cError detecting Diana Guess! §eClick here to set the particle quality to high!§r
11:34:40 §e[SkyHanni] §cError detecting Diana Guess! §eClick here to set the particle quality to high!§r
11:36:14 §e[SkyHanni] §cYour Time Tower just expired and has 2 charges remaining. Click here to open the Chocolate Factory Menu.§r
11:36:42 §e[SkyHanni] §cError detecting Diana Guess! §eClick here to set the particle quality to high!§r
11:37:38 §e[SkyHanni] §cError detecting Diana Guess! §eClick here to set the particle quality to high!§r
11:39:43 §e[SkyHanni] §cError detecting Diana Guess! §eClick here to set the particle quality to high!§r
11:40:29 §e[SkyHanni] §cError detecting Diana Guess! §eClick here to set the particle quality to high!§r
11:41:13 §e[SkyHanni] §cError detecting Diana Guess! §eClick here to set the particle quality to high!§r
11:41:53 §e[SkyHanni] §cError detecting Diana Guess! §eClick here to set the particle quality to high!§r
11:42:47 §e[SkyHanni] §cError detecting Diana Guess! §eClick here to set the particle quality to high!§r
11:43:22 §e[SkyHanni] §cError detecting Diana Guess! §eClick here to set the particle quality to high!§r
11:44:17 §e[SkyHanni] §cError detecting Diana Guess! §eClick here to set the particle quality to high!§r
11:45:31 §e[SkyHanni] §cError detecting Diana Guess! §eClick here to set the particle quality to high!§r
11:46:11 §e[SkyHanni] §cError detecting Diana Guess! §eClick here to set the particle quality to high!§r
11:46:44 §e[SkyHanni] §cError detecting Diana Guess! §eClick here to set the particle quality to high!§r
11:47:21 §e[SkyHanni] §cError detecting Diana Guess! §eClick here to set the particle quality to high!§r
11:48:04 §e[SkyHanni] §cError detecting Diana Guess! §eClick here to set the particle quality to high!§r
11:48:42 §e[SkyHanni] §cError detecting Diana Guess! §eClick here to set the particle quality to high!§r
11:49:17 §e[SkyHanni] §cError detecting Diana Guess! §eClick here to set the particle quality to high!§r
11:50:00 §e[SkyHanni] §b+1 SkyBlock XP §7(Mythological Kills§7)§b (8/100)§r
11:55:23 §e[SkyHanni] §b[MVP§0+§b] KobeAim §l§efound an inquisitor at §l§c33 73 138!§r
11:55:56 §e[SkyHanni] Inquisitor from §b[MVP§0+§b] KobeAim §enot found, deleting.§r
12:32:48 §e[SkyHanni] §fYou were in Limbo for §e31m 45s§f.§r
12:35:48 §e[SkyHanni] You have gained §b8 §eBits.§r
12:37:05 §e[SkyHanni] You have gained §b16 §eBits.§r
12:37:17 §e[SkyHanni] You have gained §b8 §eBits.§r
12:38:25 §e[SkyHanni] You have gained §b8 §eBits.§r
12:38:52 §e[SkyHanni] You have gained §b8 §eBits.§r
12:39:40 §e[SkyHanni] You have gained §b8 §eBits.§r
12:40:02 §e[SkyHanni] You have gained §b8 §eBits.§r
12:41:03 §e[SkyHanni] You have gained §b8 §eBits.§r
12:41:21 §e[SkyHanni] You have gained §b8 §eBits.§r
12:41:49 §e[SkyHanni] You have gained §b8 §eBits.§r
12:41:53 §e[SkyHanni] You have gained §b8 §eBits.§r
12:42:40 §e[SkyHanni] You have gained §b8 §eBits.§r
12:43:12 §e[SkyHanni] §b[MVP§0+§b] KobeAim §l§efound an inquisitor at §l§c-86 89 56!§r
12:43:39 §e[SkyHanni] Inquisitor from §b[MVP§0+§b] KobeAim §enot found, deleting.§r
12:44:01 §e[SkyHanni] You have gained §b8 §eBits.§r
12:44:03 §e[SkyHanni] You have gained §b8 §eBits.§r
12:44:33 §e[SkyHanni] You have gained §b16 §eBits.§r
12:45:52 §e[SkyHanni] You have gained §b16 §eBits.§r
12:46:23 §e[SkyHanni] You have gained §b8 §eBits.§r
12:46:34 §e[SkyHanni] You have gained §b8 §eBits.§r
12:47:23 §e[SkyHanni] You have gained §b8 §eBits.§r
12:47:53 §e[SkyHanni] You have gained §b8 §eBits.§r
12:48:51 §e[SkyHanni] You have gained §b8 §eBits.§r
12:49:08 §e[SkyHanni] You have gained §b8 §eBits.§r
12:50:06 §e[SkyHanni] You have gained §b8 §eBits.§r
12:50:08 §e[SkyHanni] You have gained §b8 §eBits.§r
12:50:59 §e[SkyHanni] You have gained §b8 §eBits.§r
12:51:37 §e[SkyHanni] You have gained §b8 §eBits.§r
12:52:00 §e[SkyHanni] You have gained §b8 §eBits.§r
12:52:26 §e[SkyHanni] You have gained §b8 §eBits.§r
12:53:21 §e[SkyHanni] §b+2 SkyBlock XP §7(Mythological Kills§7)§b (10/100)§r
12:53:28 §e[SkyHanni] You have gained §b8 §eBits.§r
12:58:58 §e[SkyHanni] You have gained §b8 §eBits.§r
12:59:01 §e[SkyHanni] You have gained §b8 §eBits.§r
12:59:29 §e[SkyHanni] You have gained §b8 §eBits.§r
12:59:56 §e[SkyHanni] You have gained §b8 §eBits.§r
13:00:23 §e[SkyHanni] You have gained §b8 §eBits.§r
13:00:45 §e[SkyHanni] You have gained §b8 §eBits.§r
13:01:17 §e[SkyHanni] You have gained §b8 §eBits.§r
13:01:42 §e[SkyHanni] You have gained §b16 §eBits.§r
13:02:22 §e[SkyHanni] You have gained §b8 §eBits.§r
13:02:52 §e[SkyHanni] You have gained §b8 §eBits.§r
13:03:04 §e[SkyHanni] You have gained §b504 §eBits.§r
13:03:22 §e[SkyHanni] You have gained §b8 §eBits.§r
13:03:54 §e[SkyHanni] You have gained §b8 §eBits.§r
13:04:33 §e[SkyHanni] You have gained §b8 §eBits.§r
13:05:24 §e[SkyHanni] You have gained §b8 §eBits.§r
13:05:57 §e[SkyHanni] You have gained §b8 §eBits.§r
13:06:28 §e[SkyHanni] §b[MVP§d+§b] Xantyyy §l§efound an inquisitor at §l§c-84 74 94!§r
13:06:53 §e[SkyHanni] Inquisitor from §b[MVP§d+§b] Xantyyy §enot found, deleting.§r
13:07:10 §e[SkyHanni] You have gained §b8 §eBits.§r
13:08:03 §e[SkyHanni] You have gained §b16 §eBits.§r
13:08:26 §e[SkyHanni] You have gained §b16 §eBits.§r
13:08:55 §e[SkyHanni] You have gained §b8 §eBits.§r
13:09:29 §e[SkyHanni] You have gained §b8 §eBits.§r
13:10:02 §e[SkyHanni] §b[MVP§d+§b] Xantyyy §l§efound an inquisitor at §l§c-106 80 -200!§r
13:10:44 §e[SkyHanni] Inquisitor from §b[MVP§d+§b] Xantyyy §enot found, deleting.§r
13:10:49 §e[SkyHanni] You have gained §b8 §eBits.§r
13:11:00 §e[SkyHanni] You have gained §b8 §eBits.§r
13:11:51 §e[SkyHanni] You have gained §b8 §eBits.§r
13:13:01 §e[SkyHanni] You have gained §b8 §eBits.§r
13:13:24 §e[SkyHanni] You have gained §b16 §eBits.§r
13:13:37 §e[SkyHanni] You have gained §b8 §eBits.§r
13:13:40 §e[SkyHanni] You have gained §b8 §eBits.§r
13:14:00 §e[SkyHanni] You have gained §b8 §eBits.§r
13:14:30 §e[SkyHanni] You have gained §b8 §eBits.§r
13:14:36 §e[SkyHanni] §b[MVP§c+§b] romi1000 §l§efound an inquisitor at §l§c-243 91 123!§r
13:15:03 §e[SkyHanni] Inquisitor from §b[MVP§c+§b] romi1000 §enot found, deleting.§r
13:15:28 §e[SkyHanni] You have gained §b8 §eBits.§r
13:16:01 §e[SkyHanni] You have gained §b8 §eBits.§r
13:17:17 §e[SkyHanni] You have gained §b8 §eBits.§r
13:18:03 §e[SkyHanni] You have gained §b8 §eBits.§r
13:18:29 §e[SkyHanni] You have gained §b8 §eBits.§r
13:18:42 §e[SkyHanni] You have gained §b8 §eBits.§r
13:19:33 §e[SkyHanni] You have gained §b8 §eBits.§r
13:19:40 §e[SkyHanni] You have gained §b8 §eBits.§r
13:20:09 §e[SkyHanni] You have gained §b8 §eBits.§r
13:21:03 §e[SkyHanni] You have gained §b8 §eBits.§r
13:21:21 §e[SkyHanni] You have gained §b8 §eBits.§r
13:22:15 §e[SkyHanni] You have gained §b8 §eBits.§r
13:23:28 §e[SkyHanni] You have gained §b8 §eBits.§r
13:23:51 §e[SkyHanni] You have gained §b8 §eBits.§r
13:26:42 §e[SkyHanni] You have gained §b8 §eBits.§r
13:26:55 §e[SkyHanni] You have gained §b8 §eBits.§r
13:28:05 §e[SkyHanni] You have gained §b8 §eBits.§r
13:28:18 §e[SkyHanni] You have gained §b8 §eBits.§r
13:28:46 §e[SkyHanni] You have gained §b8 §eBits.§r
13:29:40 §e[SkyHanni] §b+1 SkyBlock XP §7(Mythological Kills§7)§b (11/100)§r
13:29:59 §e[SkyHanni] You have gained §b8 §eBits.§r
13:30:36 §e[SkyHanni] You have gained §b8 §eBits.§r
13:31:24 §e[SkyHanni] You have gained §b8 §eBits.§r
13:31:30 §e[SkyHanni] You have gained §b16 §eBits.§r
13:31:43 §e[SkyHanni] You have gained §b8 §eBits.§r
13:32:13 §e[SkyHanni] You have gained §b8 §eBits.§r
13:32:19 §e[SkyHanni] You have gained §b8 §eBits.§r
13:32:49 §e[SkyHanni] You have gained §b8 §eBits.§r
13:33:07 §e[SkyHanni] You have gained §b504 §eBits.§r
13:33:20 §e[SkyHanni] You have gained §b8 §eBits.§r
13:34:20 §e[SkyHanni] You have gained §b8 §eBits.§r
13:34:52 §e[SkyHanni] You have gained §b8 §eBits.§r
13:35:33 §e[SkyHanni] You have gained §b8 §eBits.§r
13:36:11 §e[SkyHanni] You have gained §b8 §eBits.§r
13:37:51 §e[SkyHanni] You have gained §b8 §eBits.§r
13:38:39 §e[SkyHanni] You have gained §b8 §eBits.§r
13:39:12 §e[SkyHanni] You have gained §b8 §eBits.§r
13:39:46 §e[SkyHanni] You have gained §b8 §eBits.§r
13:40:20 §e[SkyHanni] You have gained §b8 §eBits.§r
13:40:35 §e[SkyHanni] §7Jasubtin §l§efound an inquisitor at §l§c-68 83 107!§r
13:41:00 §e[SkyHanni] Inquisitor from §7Jasubtin §enot found, deleting.§r
13:41:44 §e[SkyHanni] You have gained §b8 §eBits.§r
13:42:35 §e[SkyHanni] You have gained §b16 §eBits.§r
13:43:05 §e[SkyHanni] You have gained §b8 §eBits.§r
13:43:36 §e[SkyHanni] You have gained §b8 §eBits.§r
13:44:45 §e[SkyHanni] You have gained §b8 §eBits.§r
13:44:54 §e[SkyHanni] You have gained §b8 §eBits.§r
13:45:41 §e[SkyHanni] You have gained §b8 §eBits.§r
13:46:20 §e[SkyHanni] You have gained §b8 §eBits.§r
13:47:17 §e[SkyHanni] You have gained §b8 §eBits.§r
13:48:14 §e[SkyHanni] You have gained §b8 §eBits.§r
13:48:24 §e[SkyHanni] You have gained §b8 §eBits.§r
13:48:40 §e[SkyHanni] You have gained §b8 §eBits.§r
13:50:30 §e[SkyHanni] You have gained §b8 §eBits.§r
13:51:19 §e[SkyHanni] You have gained §b16 §eBits.§r
13:51:56 §e[SkyHanni] You have gained §b8 §eBits.§r
13:52:35 §e[SkyHanni] You have gained §b16 §eBits.§r
13:52:49 §e[SkyHanni] You have gained §b8 §eBits.§r
13:53:03 §e[SkyHanni] §b[MVP§0+§b] KobeAim §l§efound an inquisitor at §l§c-187 74 -10!§r
13:53:38 §e[SkyHanni] Inquisitor from §b[MVP§0+§b] KobeAim §enot found, deleting.§r
14:03:47 §e[SkyHanni] You have gained §b504 §eBits.§r
14:06:12 §e[SkyHanni] You have reached the maximum extra Superpairs clicks from this add-on!§r
14:06:39 §e[SkyHanni] You have reached the maximum extra Superpairs clicks from this add-on!§r
