17:23:49 GARDEN
17:27:39 NONE
17:27:40 CRIMSON_ISLE
17:42:41 NONE
17:42:43 KUUDRA_ARENA
17:44:02 NONE
17:44:03 CRIMSON_ISLE
17:45:42 NONE
17:45:42 DUNGEON_HUB
17:58:00 NONE
17:58:01 CATACOMBS
18:01:52 NONE
18:01:52 CATACOMBS
18:01:55 NONE
18:01:56 DUNGEON_HUB
18:24:40 DUNGEON_HUB
18:25:06 NONE
18:25:07 THE_RIFT
18:43:29 HUB
18:59:29 NONE
18:59:29 DUNGEON_HUB
19:04:41 NONE
19:04:42 CATACOMBS
19:06:01 NONE
19:06:02 CATACOMBS
19:12:00 NONE
19:12:01 CATACOMBS
19:12:02 NONE
19:12:02 DUNGEON_HUB
19:16:59 NONE
19:16:59 CATACOMBS
19:26:01 NONE
19:26:01 CATACOMBS
19:26:33 NONE
19:26:34 DUNGEON_HUB
19:27:47 NONE
19:27:47 CATACOMBS
19:32:22 NONE
19:32:22 CATACOMBS
19:35:58 NONE
19:35:58 CATACOMBS
19:39:20 NONE
19:39:22 CATACOMBS
19:39:50 NONE
19:39:51 DUNGEON_HUB
20:06:14 NONE
20:06:15 CATACOMBS
20:09:21 CATACOMBS
20:13:13 NONE
20:13:14 DUNGEON_HUB
20:15:09 NONE
20:15:09 CATACOMBS
20:18:27 CATACOMBS
20:21:35 NONE
20:21:35 CATACOMBS
20:24:51 NONE
20:24:51 CATACOMBS
20:29:01 PRIVATE_ISLAND
20:29:04 DUNGEON_HUB
20:29:11 NONE
20:29:11 CATACOMBS
20:32:11 NONE
20:32:11 CATACOMBS
20:35:13 NONE
20:35:14 CATACOMBS
20:38:08 NONE
20:38:08 CATACOMBS
20:41:20 NONE
20:41:21 CATACOMBS
20:44:47 NONE
20:44:49 CATACOMBS
20:48:24 NONE
20:48:24 CATACOMBS
20:51:39 NONE
20:51:40 CATACOMBS
20:54:45 NONE
20:54:46 CATACOMBS
20:57:53 NONE
20:57:57 PRIVATE_ISLAND
20:58:03 NONE
20:58:03 DUNGEON_HUB
21:04:37 NONE
21:04:38 CATACOMBS
21:11:03 NONE
21:11:03 DUNGEON_HUB
21:11:25 NONE
21:11:25 CATACOMBS
21:17:16 NONE
21:17:18 CATACOMBS
21:17:35 NONE
21:17:35 DUNGEON_HUB
21:17:53 NONE
21:17:53 CATACOMBS
21:23:06 NONE
21:23:06 DUNGEON_HUB
21:27:29 NONE
21:27:29 CATACOMBS
21:33:23 NONE
21:33:23 CATACOMBS
21:38:39 NONE
21:38:39 CATACOMBS
21:45:43 NONE
21:52:10 PRIVATE_ISLAND
21:57:08 NONE
21:57:08 DUNGEON_HUB
22:01:28 NONE
