15:04:24 CRIMSON_ISLE
15:17:09 HUB
15:19:12 THE_RIFT
15:20:30 NONE
15:20:31 PRIVATE_ISLAND_GUEST
15:20:46 NONE
15:20:47 DWARVEN_MINES
15:21:45 NONE
15:21:45 GARDEN
15:27:17 NONE
15:27:17 PRIVATE_ISLAND
15:40:47 NONE
15:40:47 THE_END
15:41:01 NONE
15:41:01 HUB
15:41:15 NONE
15:41:15 PRIVATE_ISLAND
15:42:47 NONE
15:42:47 CRIMSON_ISLE
15:42:57 NONE
15:42:57 DUNGEON_HUB
15:49:23 NONE
15:49:23 CATACOMBS
16:04:42 NONE
16:04:43 DUNGEON_HUB
16:05:07 CATACOMBS
16:05:29 NONE
16:05:29 DUNGEON_HUB
16:05:45 NONE
16:05:45 CATACOMBS
16:18:28 NONE
16:18:28 DUNGEON_HUB
16:25:08 NONE
16:25:09 CRIMSON_ISLE
