14:16:22 Trying to load config from config\skyhanni\config.json
14:16:22 load-config-now
14:16:22 Loaded config from file
14:16:22 Trying to load sacks from config\skyhanni\sacks.json
14:16:23 load-sacks-now
14:16:23 Loaded sacks from file
14:16:23 Trying to load friends from config\skyhanni\friends.json
14:16:23 load-friends-now
14:16:23 Loaded friends from file
14:16:23 Trying to load known_features from config\skyhanni\known_features.json
14:16:23 load-known_features-now
14:16:23 Loaded known_features from file
14:16:23 Trying to load jacob_contests from config\skyhanni\jacob_contests.json
14:16:23 load-jacob_contests-now
14:16:23 Loaded jacob_contests from file
14:16:23 Trying to load visual_words from config\skyhanni\visual_words.json
14:16:23 Setting visual_words to be blank as it did not exist. It will be saved once something is written to it
14:17:23 saveConfig: auto-save-60s
14:17:23 Saving config file
14:17:23 Saved config file successfully
14:17:23 saveConfig: auto-save-60s
14:17:23 Saving config file
14:17:23 Saved config file successfully
14:18:23 saveConfig: auto-save-60s
14:18:23 Saving config file
14:18:23 Saved config file successfully
14:18:23 saveConfig: auto-save-60s
14:18:23 Saving config file
14:18:23 Saved config file successfully
14:19:23 saveConfig: auto-save-60s
14:19:23 Saving config file
14:19:23 Saved config file successfully
14:19:23 saveConfig: auto-save-60s
14:19:23 Saving config file
14:19:23 Saved config file successfully
14:19:40 saveConfig: Updated known feature flags
14:19:40 Saving known_features file
14:19:40 Saved known_features file successfully
14:19:40 saveConfig: Updated known feature flags
14:19:40 Saving known_features file
14:19:40 Saved known_features file successfully
14:20:23 saveConfig: auto-save-60s
14:20:23 Saving config file
14:20:23 Saved config file successfully
14:20:23 saveConfig: auto-save-60s
14:20:23 Saving config file
14:20:23 Saved config file successfully
14:21:23 saveConfig: auto-save-60s
14:21:23 Saving config file
14:21:23 Saved config file successfully
14:21:23 saveConfig: auto-save-60s
14:21:23 Saving config file
14:21:23 Saved config file successfully
14:22:23 saveConfig: auto-save-60s
14:22:23 Saving config file
14:22:23 Saved config file successfully
14:22:23 saveConfig: auto-save-60s
14:22:23 Saving config file
14:22:23 Saved config file successfully
14:23:23 saveConfig: auto-save-60s
14:23:23 Saving config file
14:23:23 Saved config file successfully
14:23:23 saveConfig: auto-save-60s
14:23:23 Saving config file
14:23:23 Saved config file successfully
14:24:23 saveConfig: auto-save-60s
14:24:23 Saving config file
14:24:23 Saved config file successfully
14:24:23 saveConfig: auto-save-60s
14:24:23 Saving config file
14:24:23 Saved config file successfully
14:25:23 saveConfig: auto-save-60s
14:25:23 Saving config file
14:25:23 Saved config file successfully
14:25:23 saveConfig: auto-save-60s
14:25:23 Saving config file
14:25:23 Saved config file successfully
14:26:23 saveConfig: auto-save-60s
14:26:23 Saving config file
14:26:23 Saved config file successfully
14:26:23 saveConfig: auto-save-60s
14:26:23 Saving config file
14:26:23 Saved config file successfully
14:26:30 saveConfig: saving-data
14:26:30 Saving sacks file
14:26:30 Saved sacks file successfully
14:26:30 saveConfig: saving-data
14:26:30 Saving sacks file
14:26:30 Saved sacks file successfully
14:26:46 saveConfig: saving-data
14:26:46 Saving sacks file
14:26:46 Saved sacks file successfully
14:26:46 saveConfig: saving-data
14:26:46 Saving sacks file
14:26:46 Saved sacks file successfully
14:26:57 saveConfig: saving-data
14:26:57 Saving sacks file
14:26:57 Saved sacks file successfully
14:26:57 saveConfig: saving-data
14:26:57 Saving sacks file
14:26:57 Saved sacks file successfully
14:27:02 saveConfig: saving-data
14:27:02 Saving sacks file
14:27:02 Saved sacks file successfully
14:27:02 saveConfig: saving-data
14:27:02 Saving sacks file
14:27:02 Saved sacks file successfully
14:27:23 saveConfig: auto-save-60s
14:27:23 Saving config file
14:27:23 Saved config file successfully
14:27:23 saveConfig: auto-save-60s
14:27:23 Saving config file
14:27:23 Saved config file successfully
14:27:26 saveConfig: saving-data
14:27:26 Saving sacks file
14:27:26 Saved sacks file successfully
14:27:26 saveConfig: saving-data
14:27:26 Saving sacks file
14:27:26 Saved sacks file successfully
14:28:23 saveConfig: auto-save-60s
14:28:23 Saving config file
14:28:23 Saved config file successfully
14:28:23 saveConfig: auto-save-60s
14:28:23 Saving config file
14:28:23 Saved config file successfully
14:29:23 saveConfig: auto-save-60s
14:29:23 Saving config file
14:29:23 Saved config file successfully
14:29:23 saveConfig: auto-save-60s
14:29:23 Saving config file
14:29:23 Saved config file successfully
14:30:23 saveConfig: auto-save-60s
14:30:23 Saving config file
14:30:23 Saved config file successfully
14:30:23 saveConfig: auto-save-60s
14:30:23 Saving config file
14:30:23 Saved config file successfully
14:31:23 saveConfig: auto-save-60s
14:31:23 Saving config file
14:31:23 Saved config file successfully
14:31:23 saveConfig: auto-save-60s
14:31:23 Saving config file
14:31:23 Saved config file successfully
14:32:23 saveConfig: auto-save-60s
14:32:23 Saving config file
14:32:23 Saved config file successfully
14:32:23 saveConfig: auto-save-60s
14:32:23 Saving config file
14:32:23 Saved config file successfully
14:33:23 saveConfig: auto-save-60s
14:33:23 Saving config file
14:33:23 Saved config file successfully
14:33:23 saveConfig: auto-save-60s
14:33:23 Saving config file
14:33:23 Saved config file successfully
14:34:23 saveConfig: auto-save-60s
14:34:23 Saving config file
14:34:23 Saved config file successfully
14:34:23 saveConfig: auto-save-60s
14:34:23 Saving config file
14:34:23 Saved config file successfully
14:35:23 saveConfig: auto-save-60s
14:35:23 Saving config file
14:35:23 Saved config file successfully
14:35:23 saveConfig: auto-save-60s
14:35:23 Saving config file
14:35:23 Saved config file successfully
14:36:23 saveConfig: auto-save-60s
14:36:23 Saving config file
14:36:23 Saved config file successfully
14:36:23 saveConfig: auto-save-60s
14:36:23 Saving config file
14:36:23 Saved config file successfully
14:37:23 saveConfig: auto-save-60s
14:37:23 Saving config file
14:37:23 Saved config file successfully
14:37:23 saveConfig: auto-save-60s
14:37:23 Saving config file
14:37:23 Saved config file successfully
14:37:26 saveConfig: saving-data
14:37:26 Saving sacks file
14:37:26 Saved sacks file successfully
14:37:26 saveConfig: saving-data
14:37:26 Saving sacks file
14:37:26 Saved sacks file successfully
14:38:23 saveConfig: auto-save-60s
14:38:23 Saving config file
14:38:23 Saved config file successfully
14:38:23 saveConfig: auto-save-60s
14:38:23 Saving config file
14:38:23 Saved config file successfully
14:38:32 saveConfig: saving-data
14:38:32 Saving sacks file
14:38:32 Saved sacks file successfully
14:38:32 saveConfig: saving-data
14:38:32 Saving sacks file
14:38:32 Saved sacks file successfully
14:39:06 saveConfig: saving-data
14:39:06 Saving sacks file
14:39:06 Saved sacks file successfully
14:39:06 saveConfig: saving-data
14:39:06 Saving sacks file
14:39:06 Saved sacks file successfully
14:39:23 saveConfig: auto-save-60s
14:39:23 Saving config file
14:39:23 Saved config file successfully
14:39:23 saveConfig: auto-save-60s
14:39:23 Saving config file
14:39:23 Saved config file successfully
14:39:34 saveConfig: saving-data
14:39:34 Saving sacks file
14:39:34 Saved sacks file successfully
14:39:34 saveConfig: saving-data
14:39:34 Saving sacks file
14:39:34 Saved sacks file successfully
14:39:51 saveConfig: saving-data
14:39:51 Saving sacks file
14:39:51 Saved sacks file successfully
14:39:51 saveConfig: saving-data
14:39:51 Saving sacks file
14:39:51 Saved sacks file successfully
14:40:23 saveConfig: auto-save-60s
14:40:23 Saving config file
14:40:23 Saved config file successfully
14:40:23 saveConfig: auto-save-60s
14:40:23 Saving config file
14:40:23 Saved config file successfully
14:41:23 saveConfig: auto-save-60s
14:41:23 Saving config file
14:41:23 Saved config file successfully
14:41:23 saveConfig: auto-save-60s
14:41:23 Saving config file
14:41:23 Saved config file successfully
14:41:50 saveConfig: saving-data
14:41:50 Saving sacks file
14:41:50 Saved sacks file successfully
14:41:50 saveConfig: saving-data
14:41:50 Saving sacks file
14:41:50 Saved sacks file successfully
14:42:23 saveConfig: auto-save-60s
14:42:23 Saving config file
14:42:23 Saved config file successfully
14:42:23 saveConfig: auto-save-60s
14:42:23 Saving config file
14:42:23 Saved config file successfully
14:43:23 saveConfig: auto-save-60s
14:43:23 Saving config file
14:43:23 Saved config file successfully
14:43:23 saveConfig: auto-save-60s
14:43:23 Saving config file
14:43:23 Saved config file successfully
14:44:23 saveConfig: auto-save-60s
14:44:23 Saving config file
14:44:23 Saved config file successfully
14:44:23 saveConfig: auto-save-60s
14:44:23 Saving config file
14:44:23 Saved config file successfully
14:45:23 saveConfig: auto-save-60s
14:45:23 Saving config file
14:45:23 Saved config file successfully
14:45:23 saveConfig: auto-save-60s
14:45:23 Saving config file
14:45:23 Saved config file successfully
14:46:23 saveConfig: auto-save-60s
14:46:23 Saving config file
14:46:23 Saved config file successfully
14:46:23 saveConfig: auto-save-60s
14:46:23 Saving config file
14:46:23 Saved config file successfully
14:47:23 saveConfig: auto-save-60s
14:47:23 Saving config file
14:47:23 Saved config file successfully
14:47:23 saveConfig: auto-save-60s
14:47:23 Saving config file
14:47:23 Saved config file successfully
14:47:56 saveConfig: saving-data
14:47:56 Saving sacks file
14:47:56 Saved sacks file successfully
14:47:56 saveConfig: saving-data
14:47:56 Saving sacks file
14:47:56 Saved sacks file successfully
14:48:07 saveConfig: saving-data
14:48:07 Saving sacks file
14:48:07 Saved sacks file successfully
14:48:07 saveConfig: saving-data
14:48:07 Saving sacks file
14:48:07 Saved sacks file successfully
14:48:23 saveConfig: auto-save-60s
14:48:23 Saving config file
14:48:23 Saved config file successfully
14:48:23 saveConfig: auto-save-60s
14:48:23 Saving config file
14:48:23 Saved config file successfully
14:48:39 saveConfig: saving-data
14:48:39 Saving sacks file
14:48:39 Saved sacks file successfully
14:48:39 saveConfig: saving-data
14:48:39 Saving sacks file
14:48:39 Saved sacks file successfully
14:48:59 saveConfig: saving-data
14:48:59 Saving sacks file
14:48:59 Saved sacks file successfully
14:48:59 saveConfig: saving-data
14:48:59 Saving sacks file
14:48:59 Saved sacks file successfully
14:49:23 saveConfig: auto-save-60s
14:49:23 Saving config file
14:49:23 Saved config file successfully
14:49:23 saveConfig: auto-save-60s
14:49:23 Saving config file
14:49:23 Saved config file successfully
14:50:23 saveConfig: auto-save-60s
14:50:23 Saving config file
14:50:23 Saved config file successfully
14:50:23 saveConfig: auto-save-60s
14:50:23 Saving config file
14:50:23 Saved config file successfully
14:50:42 saveConfig: saving-data
14:50:42 Saving sacks file
14:50:42 Saved sacks file successfully
14:50:42 saveConfig: saving-data
14:50:42 Saving sacks file
14:50:42 Saved sacks file successfully
14:50:54 saveConfig: saving-data
14:50:54 Saving sacks file
14:50:54 Saved sacks file successfully
14:50:54 saveConfig: saving-data
14:50:54 Saving sacks file
14:50:54 Saved sacks file successfully
14:51:15 saveConfig: saving-data
14:51:15 Saving sacks file
14:51:15 Saved sacks file successfully
14:51:15 saveConfig: saving-data
14:51:15 Saving sacks file
14:51:15 Saved sacks file successfully
14:51:23 saveConfig: auto-save-60s
14:51:23 Saving config file
14:51:23 Saved config file successfully
14:51:23 saveConfig: auto-save-60s
14:51:23 Saving config file
14:51:23 Saved config file successfully
14:51:48 saveConfig: saving-data
14:51:48 Saving sacks file
14:51:48 Saved sacks file successfully
14:51:48 saveConfig: saving-data
14:51:48 Saving sacks file
14:51:48 Saved sacks file successfully
14:52:23 saveConfig: auto-save-60s
14:52:23 Saving config file
14:52:23 Saved config file successfully
14:52:23 saveConfig: auto-save-60s
14:52:23 Saving config file
14:52:23 Saved config file successfully
14:53:15 saveConfig: saving-data
14:53:15 Saving sacks file
14:53:15 Saved sacks file successfully
14:53:15 saveConfig: saving-data
14:53:15 Saving sacks file
14:53:15 Saved sacks file successfully
14:53:23 saveConfig: auto-save-60s
14:53:23 Saving config file
14:53:23 Saved config file successfully
14:53:23 saveConfig: auto-save-60s
14:53:23 Saving config file
14:53:23 Saved config file successfully
14:54:23 saveConfig: auto-save-60s
14:54:23 Saving config file
14:54:23 Saved config file successfully
14:54:23 saveConfig: auto-save-60s
14:54:23 Saving config file
14:54:23 Saved config file successfully
14:55:23 saveConfig: auto-save-60s
14:55:23 Saving config file
14:55:23 Saved config file successfully
14:55:23 saveConfig: auto-save-60s
14:55:23 Saving config file
14:55:23 Saved config file successfully
14:56:23 saveConfig: auto-save-60s
14:56:23 Saving config file
14:56:23 Saved config file successfully
14:56:23 saveConfig: auto-save-60s
14:56:23 Saving config file
14:56:23 Saved config file successfully
14:57:23 saveConfig: auto-save-60s
14:57:23 Saving config file
14:57:23 Saved config file successfully
14:57:23 saveConfig: auto-save-60s
14:57:23 Saving config file
14:57:23 Saved config file successfully
14:57:39 saveConfig: saving-data
14:57:39 Saving sacks file
14:57:39 Saved sacks file successfully
14:57:39 saveConfig: saving-data
14:57:39 Saving sacks file
14:57:39 Saved sacks file successfully
14:57:46 saveConfig: saving-data
14:57:46 Saving sacks file
14:57:46 Saved sacks file successfully
14:57:46 saveConfig: saving-data
14:57:46 Saving sacks file
14:57:46 Saved sacks file successfully
14:58:23 saveConfig: auto-save-60s
14:58:23 Saving config file
14:58:23 Saved config file successfully
14:58:23 saveConfig: auto-save-60s
14:58:23 Saving config file
14:58:23 Saved config file successfully
14:59:23 saveConfig: auto-save-60s
14:59:23 Saving config file
14:59:23 Saved config file successfully
14:59:23 saveConfig: auto-save-60s
14:59:23 Saving config file
14:59:23 Saved config file successfully
15:00:23 saveConfig: auto-save-60s
15:00:23 Saving config file
15:00:23 Saved config file successfully
15:00:23 saveConfig: auto-save-60s
15:00:23 Saving config file
15:00:23 Saved config file successfully
15:01:23 saveConfig: auto-save-60s
15:01:23 Saving config file
15:01:23 Saved config file successfully
15:01:23 saveConfig: auto-save-60s
15:01:23 Saving config file
15:01:23 Saved config file successfully
15:02:23 saveConfig: auto-save-60s
15:02:23 Saving config file
15:02:23 Saved config file successfully
15:02:23 saveConfig: auto-save-60s
15:02:23 Saving config file
15:02:23 Saved config file successfully
15:03:23 saveConfig: auto-save-60s
15:03:23 Saving config file
15:03:23 Saved config file successfully
15:03:23 saveConfig: auto-save-60s
15:03:23 Saving config file
15:03:23 Saved config file successfully
15:04:23 saveConfig: auto-save-60s
15:04:23 Saving config file
15:04:23 Saved config file successfully
15:04:23 saveConfig: auto-save-60s
15:04:23 Saving config file
15:04:23 Saved config file successfully
15:05:23 saveConfig: auto-save-60s
15:05:23 Saving config file
15:05:23 Saved config file successfully
15:05:23 saveConfig: auto-save-60s
15:05:23 Saving config file
15:05:23 Saved config file successfully
15:06:23 saveConfig: auto-save-60s
15:06:23 Saving config file
15:06:23 Saved config file successfully
15:06:23 saveConfig: auto-save-60s
15:06:23 Saving config file
15:06:23 Saved config file successfully
15:07:18 saveConfig: saving-data
15:07:18 Saving sacks file
15:07:18 Saved sacks file successfully
15:07:18 saveConfig: saving-data
15:07:18 Saving sacks file
15:07:18 Saved sacks file successfully
15:07:23 saveConfig: auto-save-60s
15:07:23 Saving config file
15:07:23 Saved config file successfully
15:07:23 saveConfig: auto-save-60s
15:07:23 Saving config file
15:07:23 Saved config file successfully
15:08:23 saveConfig: auto-save-60s
15:08:23 Saving config file
15:08:23 Saved config file successfully
15:08:23 saveConfig: auto-save-60s
15:08:23 Saving config file
15:08:23 Saved config file successfully
15:09:23 saveConfig: auto-save-60s
15:09:23 Saving config file
15:09:23 Saved config file successfully
15:09:23 saveConfig: auto-save-60s
15:09:23 Saving config file
15:09:23 Saved config file successfully
15:10:23 saveConfig: auto-save-60s
15:10:23 Saving config file
15:10:23 Saved config file successfully
15:10:23 saveConfig: auto-save-60s
15:10:23 Saving config file
15:10:23 Saved config file successfully
15:11:23 saveConfig: auto-save-60s
15:11:23 Saving config file
15:11:23 Saved config file successfully
15:11:23 saveConfig: auto-save-60s
15:11:23 Saving config file
15:11:23 Saved config file successfully
15:12:23 saveConfig: auto-save-60s
15:12:23 Saving config file
15:12:23 Saved config file successfully
15:12:23 saveConfig: auto-save-60s
15:12:23 Saving config file
15:12:23 Saved config file successfully
15:13:23 saveConfig: auto-save-60s
15:13:23 Saving config file
15:13:23 Saved config file successfully
15:13:23 saveConfig: auto-save-60s
15:13:23 Saving config file
15:13:23 Saved config file successfully
15:14:23 saveConfig: auto-save-60s
15:14:23 Saving config file
15:14:23 Saved config file successfully
15:14:23 saveConfig: auto-save-60s
15:14:23 Saving config file
15:14:23 Saved config file successfully
15:15:23 saveConfig: auto-save-60s
15:15:23 Saving config file
15:15:23 Saved config file successfully
15:15:23 saveConfig: auto-save-60s
15:15:23 Saving config file
15:15:23 Saved config file successfully
15:16:23 saveConfig: auto-save-60s
15:16:23 Saving config file
15:16:23 Saved config file successfully
15:16:23 saveConfig: auto-save-60s
15:16:23 Saving config file
15:16:23 Saved config file successfully
15:17:23 saveConfig: auto-save-60s
15:17:23 Saving config file
15:17:23 Saved config file successfully
15:17:23 saveConfig: auto-save-60s
15:17:23 Saving config file
15:17:23 Saved config file successfully
15:18:23 saveConfig: auto-save-60s
15:18:23 Saving config file
15:18:23 Saved config file successfully
15:18:23 saveConfig: auto-save-60s
15:18:23 Saving config file
15:18:23 Saved config file successfully
15:19:23 saveConfig: auto-save-60s
15:19:23 Saving config file
15:19:23 Saved config file successfully
15:19:23 saveConfig: auto-save-60s
15:19:23 Saving config file
15:19:23 Saved config file successfully
15:20:23 saveConfig: auto-save-60s
15:20:23 Saving config file
15:20:23 Saved config file successfully
15:20:23 saveConfig: auto-save-60s
15:20:23 Saving config file
15:20:23 Saved config file successfully
15:21:23 saveConfig: auto-save-60s
15:21:23 Saving config file
15:21:23 Saved config file successfully
15:21:23 saveConfig: auto-save-60s
15:21:23 Saving config file
15:21:23 Saved config file successfully
15:22:23 saveConfig: auto-save-60s
15:22:23 Saving config file
15:22:23 Saved config file successfully
15:22:23 saveConfig: auto-save-60s
15:22:23 Saving config file
15:22:23 Saved config file successfully
15:23:23 saveConfig: auto-save-60s
15:23:23 Saving config file
15:23:23 Saved config file successfully
15:23:23 saveConfig: auto-save-60s
15:23:23 Saving config file
15:23:23 Saved config file successfully
15:24:23 saveConfig: auto-save-60s
15:24:23 Saving config file
15:24:23 Saved config file successfully
15:24:23 saveConfig: auto-save-60s
15:24:23 Saving config file
15:24:23 Saved config file successfully
15:25:23 saveConfig: auto-save-60s
15:25:23 Saving config file
15:25:23 Saved config file successfully
15:25:23 saveConfig: auto-save-60s
15:25:23 Saving config file
15:25:23 Saved config file successfully
15:26:23 saveConfig: auto-save-60s
15:26:23 Saving config file
15:26:23 Saved config file successfully
15:26:23 saveConfig: auto-save-60s
15:26:23 Saving config file
15:26:23 Saved config file successfully
15:27:23 saveConfig: auto-save-60s
15:27:23 Saving config file
15:27:23 Saved config file successfully
15:27:23 saveConfig: auto-save-60s
15:27:23 Saving config file
15:27:23 Saved config file successfully
15:28:23 saveConfig: auto-save-60s
15:28:23 Saving config file
15:28:23 Saved config file successfully
15:28:23 saveConfig: auto-save-60s
15:28:23 Saving config file
15:28:23 Saved config file successfully
15:29:23 saveConfig: auto-save-60s
15:29:23 Saving config file
15:29:23 Saved config file successfully
15:29:23 saveConfig: auto-save-60s
15:29:23 Saving config file
15:29:23 Saved config file successfully
15:30:23 saveConfig: auto-save-60s
15:30:23 Saving config file
15:30:23 Saved config file successfully
15:30:23 saveConfig: auto-save-60s
15:30:23 Saving config file
15:30:23 Saved config file successfully
15:31:23 saveConfig: auto-save-60s
15:31:23 Saving config file
15:31:23 Saved config file successfully
15:31:23 saveConfig: auto-save-60s
15:31:23 Saving config file
15:31:23 Saved config file successfully
15:32:23 saveConfig: auto-save-60s
15:32:23 Saving config file
15:32:23 Saved config file successfully
15:32:23 saveConfig: auto-save-60s
15:32:23 Saving config file
15:32:23 Saved config file successfully
15:33:23 saveConfig: auto-save-60s
15:33:23 Saving config file
15:33:23 Saved config file successfully
15:33:23 saveConfig: auto-save-60s
15:33:23 Saving config file
15:33:23 Saved config file successfully
15:34:23 saveConfig: auto-save-60s
15:34:23 Saving config file
15:34:23 Saved config file successfully
15:34:23 saveConfig: auto-save-60s
15:34:23 Saving config file
15:34:23 Saved config file successfully
15:35:23 saveConfig: auto-save-60s
15:35:23 Saving config file
15:35:23 Saved config file successfully
15:35:23 saveConfig: auto-save-60s
15:35:23 Saving config file
15:35:23 Saved config file successfully
15:35:37 saveConfig: saving-data
15:35:37 Saving sacks file
15:35:37 Saved sacks file successfully
15:35:37 saveConfig: saving-data
15:35:37 Saving sacks file
15:35:37 Saved sacks file successfully
15:36:23 saveConfig: auto-save-60s
15:36:23 Saving config file
15:36:23 Saved config file successfully
15:36:23 saveConfig: auto-save-60s
15:36:23 Saving config file
15:36:23 Saved config file successfully
15:37:23 saveConfig: auto-save-60s
15:37:23 Saving config file
15:37:23 Saved config file successfully
15:37:23 saveConfig: auto-save-60s
15:37:23 Saving config file
15:37:23 Saved config file successfully
15:38:23 saveConfig: auto-save-60s
15:38:23 Saving config file
15:38:23 Saved config file successfully
15:38:23 saveConfig: auto-save-60s
15:38:23 Saving config file
15:38:23 Saved config file successfully
15:39:23 saveConfig: auto-save-60s
15:39:23 Saving config file
15:39:23 Saved config file successfully
15:39:23 saveConfig: auto-save-60s
15:39:23 Saving config file
15:39:23 Saved config file successfully
15:40:23 saveConfig: auto-save-60s
15:40:23 Saving config file
15:40:23 Saved config file successfully
15:40:23 saveConfig: auto-save-60s
15:40:23 Saving config file
15:40:23 Saved config file successfully
15:41:23 saveConfig: auto-save-60s
15:41:23 Saving config file
15:41:23 Saved config file successfully
15:41:23 saveConfig: auto-save-60s
15:41:23 Saving config file
15:41:23 Saved config file successfully
15:42:23 saveConfig: auto-save-60s
15:42:23 Saving config file
15:42:23 Saved config file successfully
15:42:23 saveConfig: auto-save-60s
15:42:23 Saving config file
15:42:23 Saved config file successfully
15:43:23 saveConfig: auto-save-60s
15:43:23 Saving config file
15:43:23 Saved config file successfully
15:43:23 saveConfig: auto-save-60s
15:43:23 Saving config file
15:43:23 Saved config file successfully
15:44:23 saveConfig: auto-save-60s
15:44:23 Saving config file
15:44:23 Saved config file successfully
15:44:23 saveConfig: auto-save-60s
15:44:23 Saving config file
15:44:23 Saved config file successfully
15:45:23 saveConfig: auto-save-60s
15:45:23 Saving config file
15:45:23 Saved config file successfully
15:45:23 saveConfig: auto-save-60s
15:45:23 Saving config file
15:45:23 Saved config file successfully
15:46:23 saveConfig: auto-save-60s
15:46:23 Saving config file
15:46:23 Saved config file successfully
15:46:23 saveConfig: auto-save-60s
15:46:23 Saving config file
15:46:23 Saved config file successfully
15:47:23 saveConfig: auto-save-60s
15:47:23 Saving config file
15:47:23 Saved config file successfully
15:47:23 saveConfig: auto-save-60s
15:47:23 Saving config file
15:47:23 Saved config file successfully
15:48:23 saveConfig: auto-save-60s
15:48:23 Saving config file
15:48:23 Saved config file successfully
15:48:23 saveConfig: auto-save-60s
15:48:23 Saving config file
15:48:23 Saved config file successfully
15:49:23 saveConfig: auto-save-60s
15:49:23 Saving config file
15:49:23 Saved config file successfully
15:49:23 saveConfig: auto-save-60s
15:49:23 Saving config file
15:49:23 Saved config file successfully
15:50:23 saveConfig: auto-save-60s
15:50:23 Saving config file
15:50:23 Saved config file successfully
15:50:23 saveConfig: auto-save-60s
15:50:23 Saving config file
15:50:23 Saved config file successfully
15:51:23 saveConfig: auto-save-60s
15:51:23 Saving config file
15:51:23 Saved config file successfully
15:51:23 saveConfig: auto-save-60s
15:51:23 Saving config file
15:51:23 Saved config file successfully
15:52:00 saveConfig: saving-data
15:52:00 Saving sacks file
15:52:00 Saved sacks file successfully
15:52:00 saveConfig: saving-data
15:52:00 Saving sacks file
15:52:00 Saved sacks file successfully
15:52:05 saveConfig: shutdown-hook
15:52:05 Saving config file
15:52:05 Saved config file successfully
15:52:05 saveConfig: shutdown-hook
15:52:05 Saving config file
