21:11:30 §eYou received §a49x Enchanted Cactus Green §efor killing a §2Mite§e!
21:11:36 §eYou received §a28x Enchanted Pumpkin §efor killing a §2Rat§e!
21:11:40 §eYou received §a155x Enchanted Melon §efor killing an §2Earthworm§e!
21:11:47 §eYou received §a112x Enchanted Potato §efor killing a §2Locust§e!
21:11:48 §eYou received §a112x Enchanted Potato §efor killing a §2Locust§e!
21:12:01 §eYou received §a94x Enchanted Cocoa Beans §efor killing a §2Moth§e!
21:12:09 §eYou received §a32x Enchanted Red Mushroom §efor killing a §2Slug§e!
21:12:16 §eYou received §a112x Enchanted Potato §efor killing a §2Locust§e!
21:12:16 §eYou received §a1x Honey Jar §efor killing a §2Field Mouse§e!
21:12:16 §eYou received §a1x Plant Matter §efor killing a §2Field Mouse§e!
21:12:16 §eYou received §a99x Enchanted Sugar §efor killing a §2Field Mouse§e!
21:12:16 §eYou received §a1x Tasty Cheese §efor killing a §2Field Mouse§e!
21:12:16 §eYou received §a1x Compost §efor killing a §2Field Mouse§e!
21:12:16 §eYou received §a1x Dung §efor killing a §2Field Mouse§e!
21:12:16 §eYou received §a110x Enchanted Carrot §efor killing a §2Cricket§e!
21:12:17 §eYou received §a32x Enchanted Red Mushroom §efor killing a §2Slug§e!
21:12:17 §eYou received §a64x Enchanted Cactus Green §efor killing a §2Mite§e!
21:12:17 §eYou received §a32x Enchanted Pumpkin §efor killing a §2Rat§e!
21:12:18 §eYou received §a32x Enchanted Red Mushroom §efor killing a §2Slug§e!
21:12:18 §eYou received §a64x Enchanted Cactus Green §efor killing a §2Mite§e!
21:12:18 §eYou received §a32x Enchanted Pumpkin §efor killing a §2Rat§e!
