21:23:39 HUB
21:39:33 NONE
21:39:33 PRIVATE_ISLAND
22:27:41 NONE
22:27:42 CRIMSON_ISLE
22:28:04 NONE
22:28:04 PRIVATE_ISLAND
22:35:00 GARDEN
22:41:20 NONE
22:41:21 PRIVATE_ISLAND
22:42:04 NONE
22:42:04 GARDEN
22:50:57 NONE
22:50:58 THE_RIFT
22:54:06 NONE
22:54:06 HUB
22:59:49 NONE
22:59:50 PRIVATE_ISLAND
23:00:42 NONE
23:00:42 HUB
23:08:29 NONE
23:08:30 THE_FARMING_ISLANDS
23:22:14 NONE
23:22:14 HUB
23:22:36 NONE
23:22:37 CRIMSON_ISLE
23:29:53 NONE
23:29:53 HUB
23:34:48 NONE
23:34:48 PRIVATE_ISLAND_GUEST
23:34:54 NONE
23:34:54 THE_FARMING_ISLANDS
23:37:45 NONE
23:37:45 CRIMSON_ISLE
23:38:56 NONE
23:38:56 DWARVEN_MINES
23:40:03 HUB
23:40:20 NONE
23:40:20 CRIMSON_ISLE
