15:09:55 Reset everything (world change)
15:10:03 Reset everything (world change)
15:10:04 Reset everything (world change)
15:10:04 Reset everything (world change)
15:10:05 Reset everything (world change)
15:10:05 Reset everything (world change)
15:12:23 Reset everything (world change)
15:13:14 Reset everything (world change)
15:13:15 Reset everything (world change)
15:13:15 Reset everything (world change)
15:13:15 Reset everything (world change)
15:13:15 Reset everything (world change)
15:14:17 Reset everything (world change)
15:14:17 Reset everything (world change)
15:14:17 Reset everything (world change)
15:14:18 Reset everything (world change)
15:14:48 Reset everything (world change)
15:14:48 Reset everything (world change)
15:14:49 Reset everything (world change)
15:27:54 Reset everything (world change)
15:27:54 Reset everything (world change)
15:27:54 Reset everything (world change)
15:27:55 Reset everything (world change)
15:27:55 Reset everything (world change)
15:30:20 Reset everything (world change)
15:30:21 Reset everything (world change)
15:30:21 Reset everything (world change)
15:30:21 Reset everything (world change)
15:30:22 Reset everything (world change)
15:30:32 Reset everything (world change)
15:30:32 Reset everything (world change)
15:30:33 Reset everything (world change)
15:35:14 Reset everything (world change)
15:35:15 Reset everything (world change)
15:35:15 Reset everything (world change)
15:38:10 Reset everything (world change)
15:38:10 Reset everything (world change)
15:38:11 Reset everything (world change)
15:38:11 Reset everything (world change)
15:38:11 Reset everything (world change)
15:42:21 Reset everything (world change)
15:42:22 Reset everything (world change)
15:42:22 Reset everything (world change)
15:46:21 Added Nukekubi skulls at LorenzVec(x=-566.4927269090077, y=44.028306470050296, z=-299.391975308642)
15:46:34 Added Nukekubi skulls at LorenzVec(x=-561.5, y=47.65625, z=-298.8125)
15:47:25 Added Nukekubi skulls at LorenzVec(x=-577.28125, y=27.4375, z=-328.5625)
15:47:45 Added Nukekubi skulls at LorenzVec(x=-551.21875, y=23.489583333333332, z=-314.7604166666667)
15:47:52 Added Nukekubi skulls at LorenzVec(x=-548.65625, y=29.15625, z=-310.4375)
15:48:00 Added Nukekubi skulls at LorenzVec(x=-578.0, y=12.34375, z=-345.40625)
15:48:26 Added Nukekubi skulls at LorenzVec(x=-607.65625, y=11.75, z=-337.96875)
15:48:27 Added Nukekubi skulls at LorenzVec(x=-559.15625, y=31.9375, z=-351.5625)
15:49:58 Added Nukekubi skulls at LorenzVec(x=-541.0625, y=21.9375, z=-311.40625)
15:50:05 Added Nukekubi skulls at LorenzVec(x=-580.0, y=13.0, z=-345.65625)
15:50:07 Added Nukekubi skulls at LorenzVec(x=-609.875, y=12.03125, z=-363.03125)
15:50:11 Added Nukekubi skulls at LorenzVec(x=-585.875, y=12.9375, z=-347.6875)
15:50:17 Added Nukekubi skulls at LorenzVec(x=-582.25, y=13.03125, z=-349.75)
15:50:18 Added Nukekubi skulls at LorenzVec(x=-589.8125, y=10.9375, z=-317.0625)
15:50:49 Added Nukekubi skulls at LorenzVec(x=-590.8892746913581, y=27.28240740740741, z=-336.3595679012346)
15:50:54 Added Nukekubi skulls at LorenzVec(x=-592.21875, y=27.03125, z=-337.15625)
15:51:05 Added Nukekubi skulls at LorenzVec(x=-549.4375, y=45.59375, z=-306.84375)
15:51:05 Added Nukekubi skulls at LorenzVec(x=-560.625, y=46.3125, z=-312.0625)
15:51:07 Added Nukekubi skulls at LorenzVec(x=-540.65625, y=20.5, z=-317.84375)
15:51:12 Added Nukekubi skulls at LorenzVec(x=-546.2320617434485, y=25.75679632122851, z=-317.2528107541571)
15:53:56 Added Nukekubi skulls at LorenzVec(x=-551.0446244855967, y=23.703060699588477, z=-314.92459705075447)
15:53:56 Added Nukekubi skulls at LorenzVec(x=-573.78125, y=14.875, z=-350.90625)
15:53:56 Added Nukekubi skulls at LorenzVec(x=-575.90625, y=13.71875, z=-347.71875)
15:54:22 Added Nukekubi skulls at LorenzVec(x=-613.25, y=11.84375, z=-333.5625)
15:55:01 Added Nukekubi skulls at LorenzVec(x=-543.65625, y=21.9375, z=-307.15625)
15:55:14 Added Nukekubi skulls at LorenzVec(x=-542.8229166666666, y=22.163194444444443, z=-310.125)
15:55:32 Added Nukekubi skulls at LorenzVec(x=-585.90625, y=26.9375, z=-341.3125)
15:56:54 Added Nukekubi skulls at LorenzVec(x=-587.4375, y=9.375, z=-314.40625)
16:01:03 Added Nukekubi skulls at LorenzVec(x=-531.21875, y=20.625, z=-312.59375)
16:01:07 Added Nukekubi skulls at LorenzVec(x=-537.6875, y=22.09375, z=-312.9375)
16:01:11 Added Nukekubi skulls at LorenzVec(x=-578.09375, y=13.03125, z=-353.3125)
16:01:14 Added Nukekubi skulls at LorenzVec(x=-583.1875, y=10.9375, z=-311.0625)
16:01:14 Added Nukekubi skulls at LorenzVec(x=-536.1875, y=21.9375, z=-315.1875)
16:01:17 Added Nukekubi skulls at LorenzVec(x=-577.4375, y=12.9375, z=-352.46875)
16:01:19 Reset everything (world change)
16:01:19 Reset everything (world change)
16:01:19 Reset everything (world change)
16:01:37 Reset everything (world change)
16:01:37 Reset everything (world change)
16:01:37 Reset everything (world change)
16:06:08 Added Nukekubi skulls at LorenzVec(x=-587.5520833333334, y=27.0, z=-331.8125)
16:06:10 Added Nukekubi skulls at LorenzVec(x=-534.1875, y=22.20138888888889, z=-298.6388888888889)
16:10:21 Added Nukekubi skulls at LorenzVec(x=-592.59375, y=28.6875, z=-333.21875)
16:10:23 Added Nukekubi skulls at LorenzVec(x=-543.59375, y=21.9375, z=-312.90625)
16:10:28 Added Nukekubi skulls at LorenzVec(x=-590.805917484255, y=29.89994667799436, z=-335.11842900952314)
16:11:32 Added Nukekubi skulls at LorenzVec(x=-557.1875, y=31.9375, z=-346.59375)
16:12:37 Added Nukekubi skulls at LorenzVec(x=-589.6608357042455, y=28.59272872012133, z=-326.8388240259345)
16:12:38 Added Nukekubi skulls at LorenzVec(x=-589.375, y=28.6875, z=-326.4375)
16:15:09 Added Nukekubi skulls at LorenzVec(x=-585.4895833333334, y=10.836805555555555, z=-310.95138888888886)
16:15:16 Added Nukekubi skulls at LorenzVec(x=-585.5, y=15.0625, z=-306.625)
16:17:15 Added Nukekubi skulls at LorenzVec(x=-593.53125, y=26.875, z=-326.8125)
16:17:15 Added Nukekubi skulls at LorenzVec(x=-577.96875, y=14.9375, z=-346.875)
16:17:16 Added Nukekubi skulls at LorenzVec(x=-590.59375, y=11.9375, z=-334.84375)
16:17:19 Added Nukekubi skulls at LorenzVec(x=-591.96875, y=27.03125, z=-330.8125)
16:17:25 Added Nukekubi skulls at LorenzVec(x=-592.875, y=26.9375, z=-331.3125)
16:17:26 Added Nukekubi skulls at LorenzVec(x=-585.34375, y=13.65625, z=-338.125)
16:19:51 Added Nukekubi skulls at LorenzVec(x=-575.1875, y=12.9375, z=-351.625)
16:20:45 Added Nukekubi skulls at LorenzVec(x=-575.03125, y=10.21875, z=-305.28125)
16:21:55 Added Nukekubi skulls at LorenzVec(x=-536.1875, y=20.3125, z=-317.40625)
16:22:32 Added Nukekubi skulls at LorenzVec(x=-578.1458333333334, y=11.114583333333334, z=-305.8611111111111)
16:22:42 Reset everything (world change)
16:22:43 Reset everything (world change)
16:22:43 Reset everything (world change)
16:29:31 Reset everything (world change)
16:29:31 Reset everything (world change)
16:29:32 Reset everything (world change)
16:34:15 Reset everything (world change)
16:34:15 Reset everything (world change)
16:34:16 Reset everything (world change)
16:34:41 Reset everything (world change)
16:34:41 Reset everything (world change)
16:34:41 Reset everything (world change)
16:34:41 Reset everything (world change)
16:34:42 Reset everything (world change)
16:40:10 Reset everything (world change)
16:40:10 Reset everything (world change)
16:40:10 Reset everything (world change)
16:40:19 Reset everything (world change)
16:40:20 Reset everything (world change)
16:40:20 Reset everything (world change)
16:40:20 Reset everything (world change)
16:40:20 Reset everything (world change)
16:54:51 Reset everything (world change)
16:54:51 Reset everything (world change)
16:54:51 Reset everything (world change)
16:55:41 Reset everything (world change)
16:55:41 Reset everything (world change)
16:55:42 Reset everything (world change)
16:55:42 Reset everything (world change)
16:55:42 Reset everything (world change)
17:07:49 Reset everything (world change)
17:07:49 Reset everything (world change)
17:07:49 Reset everything (world change)
17:13:05 Reset everything (world change)
17:13:06 Reset everything (world change)
17:13:06 Reset everything (world change)
17:13:06 Reset everything (world change)
17:13:06 Reset everything (world change)
17:43:58 Reset everything (world change)
17:43:58 Reset everything (world change)
17:43:59 Reset everything (world change)
17:45:35 Reset everything (world change)
17:45:36 Reset everything (world change)
17:45:36 Reset everything (world change)
17:46:22 Added Nukekubi skulls at LorenzVec(x=-596.71875, y=55.9375, z=-202.03125)
17:47:51 Reset everything (world change)
17:47:51 Reset everything (world change)
17:47:51 Reset everything (world change)
17:47:56 Reset everything (world change)
17:47:56 Reset everything (world change)
17:47:57 Reset everything (world change)
17:49:20 Added Nukekubi skulls at LorenzVec(x=-547.03125, y=22.1875, z=-317.65625)
17:51:17 Added Nukekubi skulls at LorenzVec(x=-598.09375, y=58.28125, z=-201.75)
17:51:22 Added Nukekubi skulls at LorenzVec(x=-597.1151042636906, y=56.0187053337059, z=-198.78637727424118)
17:51:28 Added Nukekubi skulls at LorenzVec(x=-603.4722222222222, y=56.052083333333336, z=-201.625)
17:51:35 Added Nukekubi skulls at LorenzVec(x=-601.90625, y=55.9375, z=-211.9375)
17:53:16 Added Nukekubi skulls at LorenzVec(x=-589.375, y=27.0, z=-327.78125)
17:55:14 Added Nukekubi skulls at LorenzVec(x=-538.9317129629629, y=21.71875, z=-313.13425925925924)
17:55:30 Added Nukekubi skulls at LorenzVec(x=-602.75, y=55.9375, z=-199.71875)
17:55:48 Added Nukekubi skulls at LorenzVec(x=-592.5625, y=55.9375, z=-202.65625)
17:56:30 Added Nukekubi skulls at LorenzVec(x=-537.65625, y=24.90625, z=-310.53125)
17:56:33 Added Nukekubi skulls at LorenzVec(x=-549.9479166666666, y=21.927083333333332, z=-318.9479166666667)
17:56:33 Added enderman with beacon at LorenzVec(x=-509.27289094650206, y=38.041666666666664, z=-274.3549382716049)
17:57:13 Added Nukekubi skulls at LorenzVec(x=-589.25, y=27.6875, z=-333.28125)
17:57:20 Added Nukekubi skulls at LorenzVec(x=-546.9073693034599, y=22.08540047248895, z=-315.1714550627445)
17:58:40 Added flying beacons at LorenzVec(x=-597.2708333333334, y=54.791666666666664, z=-200.89583333333334)
17:58:40 Replaced flying beacon with sitting beacon at LorenzVec(x=-591.0, y=55.0, z=-198.0)
17:58:41 Removed sitting beacon LorenzVec(x=-591.0, y=55.0, z=-198.0)
17:58:47 Added enderman with beacon at LorenzVec(x=-603.3298611111111, y=55.0, z=-203.5)
17:59:08 Added Nukekubi skulls at LorenzVec(x=-586.75, y=56.46875, z=-200.34375)
17:59:13 Added Nukekubi skulls at LorenzVec(x=-592.8541666666666, y=55.947916666666664, z=-204.29166666666666)
17:59:19 Added Nukekubi skulls at LorenzVec(x=-599.8125, y=55.9375, z=-204.28125)
17:59:23 Added Nukekubi skulls at LorenzVec(x=-544.125, y=22.875, z=-306.90625)
17:59:29 Added Nukekubi skulls at LorenzVec(x=-549.1875, y=24.25, z=-310.96875)
17:59:34 Added Nukekubi skulls at LorenzVec(x=-550.0625, y=22.03125, z=-315.40625)
17:59:37 Added Nukekubi skulls at LorenzVec(x=-598.78125, y=55.9375, z=-199.84375)
18:02:12 Added Nukekubi skulls at LorenzVec(x=-575.5, y=41.9375, z=-307.125)
18:02:54 Added enderman with beacon at LorenzVec(x=-574.2685185185185, y=51.0, z=-236.46527777777777)
18:03:04 Added Nukekubi skulls at LorenzVec(x=-538.214998348829, y=21.064597304780776, z=-316.8545461184779)
18:03:09 Added Nukekubi skulls at LorenzVec(x=-574.71875, y=53.09375, z=-233.0625)
18:04:22 Added enderman with beacon at LorenzVec(x=-578.6180555555555, y=51.0, z=-227.57638888888889)
18:04:32 Added Nukekubi skulls at LorenzVec(x=-572.375, y=51.5625, z=-235.96875)
18:04:54 Added Nukekubi skulls at LorenzVec(x=-593.0625, y=55.9375, z=-196.03125)
18:05:00 Added Nukekubi skulls at LorenzVec(x=-603.0516975308642, y=55.570216049382715, z=-199.12075617283952)
18:06:10 Added Nukekubi skulls at LorenzVec(x=-571.78125, y=51.9375, z=-238.5625)
18:06:54 Added enderman with beacon at LorenzVec(x=-517.6944444444445, y=38.300925925925924, z=-279.61689814814815)
18:07:02 Added enderman with beacon at LorenzVec(x=-512.7152777777778, y=38.0, z=-273.75231481481484)
18:07:30 Added flying beacons at LorenzVec(x=-528.125, y=37.78125, z=-229.34375)
18:10:21 Reset everything (world change)
18:10:22 Reset everything (world change)
18:10:22 Reset everything (world change)
18:10:24 Reset everything (world change)
18:10:25 Reset everything (world change)
18:10:25 Reset everything (world change)
18:13:11 Reset everything (world change)
18:13:12 Reset everything (world change)
18:13:12 Reset everything (world change)
18:41:24 Reset everything (world change)
18:41:24 Reset everything (world change)
18:41:25 Reset everything (world change)
18:46:32 Added Nukekubi skulls at LorenzVec(x=-537.78125, y=21.96875, z=-306.40625)
18:47:18 Reset everything (world change)
18:47:18 Reset everything (world change)
18:47:18 Reset everything (world change)
18:47:46 Reset everything (world change)
18:47:46 Reset everything (world change)
18:47:46 Reset everything (world change)
18:47:46 Reset everything (world change)
18:47:47 Reset everything (world change)
18:48:05 Reset everything (world change)
18:48:05 Reset everything (world change)
18:48:05 Reset everything (world change)
18:52:07 Reset everything (world change)
18:52:07 Reset everything (world change)
18:52:07 Reset everything (world change)
18:52:08 Reset everything (world change)
18:52:08 Reset everything (world change)
19:01:15 Reset everything (world change)
19:01:15 Reset everything (world change)
19:01:15 Reset everything (world change)
19:02:10 Reset everything (world change)
19:02:10 Reset everything (world change)
19:02:10 Reset everything (world change)
19:02:10 Reset everything (world change)
19:02:11 Reset everything (world change)
19:12:58 Reset everything (world change)
19:12:59 Reset everything (world change)
19:12:59 Reset everything (world change)
