23:56:25 [allowed] §aYou are still radiating with §bGenerosity§r§a!
23:56:25 [allowed] §f §r§r§r§f §r§r§r§1 §r§r§r§0 §r§r§r§2 §r§r§r§f §r§r§r§f §r§r§r§2 §r§r§r§0 §r§r§r§4 §r§r§r§3 §r§r§r§9 §r§r§r§2 §r§r§r§0 §r§r§r§0 §r§r§r§3 §r§r§r§9 §r§r§r§2 §r§r§r§0 §r§r§r§0 §r§r§r§3 §r§r§r§9 §r§r§r§2 §r§r§r§0 §r§r§r§0 
23:56:25 [allowed] §b[MVP§0+§b] KobeAim§f §6joined the lobby!
23:56:26 [allowed] §b[MVP§c+§b] Ertl205§f §6joined the lobby!
23:56:27 [allowed]  §b>§c>§a>§r §r§6[MVP§c++§6] Kaelyn§f §6joined the lobby!§r §a<§c<§b<
23:56:29 [allowed] §b[MVP§c+§b] quornball§f §6joined the lobby!
23:56:35 [allowed] §b[MVP§2+§b] Lunar_Bot§f §6joined the lobby!
23:56:36 [allowed] §b[MVP§c+§b] l3ez§f §6joined the lobby!
23:56:36 [allowed] §b[MVP§1+§b] FlatBall§f §6joined the lobby!
23:56:42 [allowed] §b[MVP§2+§b] TRISTAN5120§f §6joined the lobby!
23:57:00 [allowed] §b[MVP§a+§b] termgirl§f §6joined the lobby!
23:57:02 [allowed] §b[MVP§d+§b] GreyDiamond§f §6joined the lobby!
23:57:10 [allowed] §b[MVP§c+§b] ThePheonixFire§f §6joined the lobby!
23:57:14 [allowed]  §b>§c>§a>§r §r§6[MVP§2++§6] cantstopfalling§f §6joined the lobby!§r §a<§c<§b<
23:57:15 [allowed]  §b>§c>§a>§r §r§6[MVP§f++§6] FrAnEater§f §6joined the lobby!§r §a<§c<§b<
23:57:18 [allowed] §b[MVP§0+§b] cinnamon_chan0§f §6joined the lobby!
23:57:32 [allowed] §b[MVP§2+§b] SpaceDust101§f §6joined the lobby!
23:57:38 [allowed] §7Sending to server mini8U...
23:57:40 [allowed] §8 §r§8 §r§1 §r§3 §r§3 §r§7 §r§8 
23:57:40 [allowed] §aSince you've been away you earned §r§60 coins §r§aas interest in your personal bank account!
23:57:41 [allowed]  
23:57:41 [allowed] §f      §7You have §321 §7pending §3Bestiary Milestones §7to be claimed!
23:57:41 [allowed] §f                  §6§l>>> §6§lCLICK HERE§e to claim them! §6§l<<<
23:57:41 [allowed]   
23:57:41 [allowed] 
23:57:41 [allowed] §eWelcome to §r§aHypixel SkyBlock§r§e!
23:57:41 [allowed] 
23:57:41 [allowed] §eLatest update: §bSkyBlock v0.23 §e§lCLICK
23:57:43 [allowed] §aYou are playing on profile: §eCoconut§b (Co-op)
23:57:43 [allowed] §8Profile ID: 4ef1bd42-ec32-42d4-afba-b766eacde1e7
23:57:44 [allowed] §bBlazeKickers joined SkyBlock.
23:57:49 [allowed] 
23:57:49 [allowed] §6§k§lA§r §c§lFIRE SALE §r§6§k§lA
§r§c♨ §eSelling an item for a limited time!
§r§c   ♨ §5Gateway Endermite Skin §e(§a3,568 left§e)§c§r
§r§c♨ §a§l[WARP] §eTo Elizabeth in the next §c2d 18h 2m §eto grab yours!
23:57:49 [allowed] 
23:58:00 [allowed] §6[Bazaar] §r§7Claiming order...
23:58:00 [allowed] §6[Bazaar] §r§7§r§7Claimed §r§634,068,936 coins §r§7from selling §r§a8§r§7x §r§5Deep Sea Orb §r§7at §r§64,301,633 §r§7each!
23:58:09 [allowed] §b-----------------------------------------------------
23:58:09 [allowed] §b[MVP§r§0+§r§b] KobeAim§r§f §r§ecollected an auction for §r§62,969,998 coins§r§e!
23:58:09 [allowed] §b-----------------------------------------------------
23:58:09 [allowed] §eYou collected §r§62,969,998 coins §r§efrom selling §r§f§r§6Bat Person Helmet §r§eto §r§b[MVP§r§9+§r§b] Desinformado §r§ein an auction!
23:58:09 [allowed] §b-----------------------------------------------------
23:58:09 [allowed] §b[MVP§r§0+§r§b] KobeAim§r§f §r§ecollected an auction for §r§62,969,998 coins§r§e!
23:58:09 [allowed] §b-----------------------------------------------------
23:58:09 [allowed] §b-----------------------------------------------------
23:58:09 [allowed] §b[MVP§r§0+§r§b] KobeAim§r§f §r§ecollected an auction for §r§62,969,998 coins§r§e!
23:58:09 [allowed] §b-----------------------------------------------------
23:58:09 [allowed] §eYou collected §r§62,969,998 coins §r§efrom selling §r§f§r§6Bat Person Helmet §r§eto §r§a[VIP§r§6+§r§a] Prosavagedude §r§ein an auction!
23:58:09 [allowed] §eYou collected §r§62,969,998 coins §r§efrom selling §r§f§r§6Bat Person Helmet §r§eto §r§a[VIP§r§6+§r§a] Prosavagedude §r§ein an auction!
23:58:09 [allowed] §eYou collected §r§62,969,998 coins §r§efrom selling §r§f§r§6Bat Person Helmet §r§eto §r§a[VIP§r§6+§r§a] Prosavagedude §r§ein an auction!
23:58:09 [allowed] §b-----------------------------------------------------
23:58:09 [allowed] §b[MVP§r§0+§r§b] KobeAim§r§f §r§ecollected an auction for §r§62,969,998 coins§r§e!
23:58:09 [allowed] §b-----------------------------------------------------
23:58:09 [allowed] §b-----------------------------------------------------
23:58:09 [allowed] §b[MVP§r§0+§r§b] KobeAim§r§f §r§ecollected an auction for §r§62,969,998 coins§r§e!
23:58:09 [allowed] §b-----------------------------------------------------
23:58:09 [allowed] §eYou collected §r§62,969,998 coins §r§efrom selling §r§f§r§6Bat Person Helmet §r§eto §r§a[VIP§r§6+§r§a] Prosavagedude §r§ein an auction!
23:58:40 [allowed] §b-----------------------------------------------------
23:58:40 [allowed] §b[MVP§r§0+§r§b] KobeAim§r§f §r§ecancelled an auction for §r§6Bat Person Helmet§r§e!
23:58:40 [allowed] §b-----------------------------------------------------
23:58:40 [allowed] §eYou §r§ccanceled §r§eyour auction for §r§f§r§6Bat Person Helmet§r§e!
23:58:45 [allowed] §b-----------------------------------------------------
23:58:45 [allowed] §b[MVP§r§0+§r§b] KobeAim§r§f §r§ecancelled an auction for §r§6Bat Person Helmet§r§e!
23:58:45 [allowed] §b-----------------------------------------------------
23:58:45 [allowed] §eYou §r§ccanceled §r§eyour auction for §r§f§r§6Bat Person Helmet§r§e!
23:58:48 [allowed] §b-----------------------------------------------------
23:58:48 [allowed] §b[MVP§r§0+§r§b] KobeAim§r§f §r§ecancelled an auction for §r§6Bat Person Helmet§r§e!
23:58:48 [allowed] §b-----------------------------------------------------
23:58:48 [allowed] §eYou §r§ccanceled §r§eyour auction for §r§f§r§6Bat Person Helmet§r§e!
23:58:51 [allowed] §aYou cannot bid on your own auctions!
23:58:52 [allowed] §eYou §r§ccanceled §r§eyour auction for §r§f§r§6Bat Person Helmet§r§e!
23:58:52 [allowed] §b-----------------------------------------------------
23:58:52 [allowed] §b[MVP§r§0+§r§b] KobeAim§r§f §r§ecancelled an auction for §r§6Bat Person Helmet§r§e!
23:58:52 [allowed] §b-----------------------------------------------------
23:58:55 [allowed] §b-----------------------------------------------------
23:58:55 [allowed] §b[MVP§r§0+§r§b] KobeAim§r§f §r§ecancelled an auction for §r§6Bat Person Helmet§r§e!
23:58:55 [allowed] §b-----------------------------------------------------
23:58:55 [allowed] §eYou §r§ccanceled §r§eyour auction for §r§f§r§6Bat Person Helmet§r§e!
23:59:07 [allowed] §7Putting item in escrow...
23:59:07 [allowed] §7Setting up the auction...
23:59:07 [allowed] §eBIN Auction started for §r§f§r§6Bat Person Helmet§r§e!
23:59:07 [allowed] §b-----------------------------------------------------
23:59:07 [allowed] §b[MVP§r§0+§r§b] KobeAim§r§f §r§ecreated a BIN auction for §r§6Bat Person Helmet §r§eat §r§62,999,996 coins!
23:59:07 [allowed] §b-----------------------------------------------------
23:59:12 [allowed] §7Putting item in escrow...
23:59:13 [allowed] §7Setting up the auction...
23:59:13 [allowed] §eBIN Auction started for §r§f§r§6Bat Person Helmet§r§e!
23:59:13 [allowed] §b-----------------------------------------------------
23:59:13 [allowed] §b[MVP§r§0+§r§b] KobeAim§r§f §r§ecreated a BIN auction for §r§6Bat Person Helmet §r§eat §r§62,999,996 coins!
23:59:13 [allowed] §b-----------------------------------------------------
23:59:20 [allowed] §7Putting item in escrow...
23:59:20 [allowed] §7Setting up the auction...
23:59:20 [allowed] §eBIN Auction started for §r§f§r§6Bat Person Helmet§r§e!
23:59:20 [allowed] §b-----------------------------------------------------
23:59:20 [allowed] §b[MVP§r§0+§r§b] KobeAim§r§f §r§ecreated a BIN auction for §r§6Bat Person Helmet §r§eat §r§62,999,996 coins!
23:59:20 [allowed] §b-----------------------------------------------------
23:59:26 [allowed] §7Putting item in escrow...
23:59:26 [allowed] §7Setting up the auction...
23:59:26 [allowed] §eBIN Auction started for §r§f§r§6Bat Person Helmet§r§e!
23:59:26 [allowed] §b-----------------------------------------------------
23:59:26 [allowed] §b[MVP§r§0+§r§b] KobeAim§r§f §r§ecreated a BIN auction for §r§6Bat Person Helmet §r§eat §r§62,999,996 coins!
23:59:26 [allowed] §b-----------------------------------------------------
23:59:33 [allowed] §7Putting item in escrow...
23:59:33 [allowed] §7Setting up the auction...
23:59:33 [allowed] §eBIN Auction started for §r§f§r§6Bat Person Helmet§r§e!
23:59:33 [allowed] §b-----------------------------------------------------
23:59:33 [allowed] §b[MVP§r§0+§r§b] KobeAim§r§f §r§ecreated a BIN auction for §r§6Bat Person Helmet §r§eat §r§62,999,931 coins!
23:59:33 [allowed] §b-----------------------------------------------------
23:59:50 [allowed] §9§m-----------------------------------------------------
23:59:50 [allowed] §b[MVP§r§0+§r§b] KobeAim §r§einvited §r§7RoseTitan593144 §r§eto the party! They have §r§c60 §r§eseconds to accept.
23:59:50 [allowed] §9§m-----------------------------------------------------
23:59:54 [allowed] §9§m-----------------------------------------------------
23:59:54 [allowed] §b[MVP§r§0+§r§b] KobeAim §r§einvited §r§6[MVP§r§c++§r§6] BlazeKickers §r§eto the party! They have §r§c60 §r§eseconds to accept.
23:59:54 [allowed] §9§m-----------------------------------------------------
23:59:58 [allowed] §aYou are now in the §r§6PARTY§r§a channel
00:00:32 [allowed] §7Warping...
00:00:33 [allowed] §7Sending to server mini19DT...
00:00:34 [allowed] §8 §r§8 §r§1 §r§3 §r§3 §r§7 §r§8 
00:00:34 [allowed]  
00:00:34 [allowed] §f      §7You have §321 §7pending §3Bestiary Milestones §7to be claimed!
00:00:34 [allowed] §f                  §6§l>>> §6§lCLICK HERE§e to claim them! §6§l<<<
00:00:34 [allowed]   
00:00:37 [allowed] §aYou are playing on profile: §eCoconut§b (Co-op)
00:00:37 [allowed] §8Profile ID: 4ef1bd42-ec32-42d4-afba-b766eacde1e7
00:00:50 [allowed] §9§m-----------------------------------------------------
00:00:50 [allowed] §eThe party invite to §r§7RoseTitan593144 §r§ehas expired.
00:00:50 [allowed] §9§m-----------------------------------------------------
00:00:54 [allowed] §9§m-----------------------------------------------------
00:00:54 [allowed] §eThe party invite to §r§6[MVP§r§c++§r§6] BlazeKickers §r§ehas expired.
00:00:54 [allowed] §9§m-----------------------------------------------------
00:00:54 [allowed] §9§m-----------------------------------------------------
00:00:54 [allowed] §cThe party was disbanded because all invites expired and the party was empty.
00:00:54 [allowed] §9§m-----------------------------------------------------
00:00:56 [allowed] §f
00:00:56 [allowed] §4[WATCHDOG ANNOUNCEMENT]
00:00:56 [allowed] §fWatchdog has banned §r§c§l10,066§r§f players in the last 7 days.
00:00:56 [allowed] §fStaff have banned an additional §r§c§l10,523§r§f in the last 7 days.
00:00:56 [allowed] §cBlacklisted modifications are a bannable offense!
00:00:56 [allowed] §c
00:01:08 [allowed] §aYou bought §r§cJumbo Backpack Upgrade§r§a!
00:01:11 [allowed] §aYou bought §r§cJumbo Backpack Upgrade§r§a!
00:01:14 [allowed] §aYou bought §r§cJumbo Backpack Upgrade§r§a!
00:01:25 [allowed] §aRemoved backpack from slot 7!
00:01:30 [allowed] §aRemoved backpack from slot 15!
00:01:44 [allowed] §ePlacing backpack in slot 7...
00:01:44 [allowed] §aSuccess!
00:01:46 [allowed] §cPlease wait before doing this again.
00:01:47 [allowed] §cPlease wait before doing this again.
00:01:47 [allowed] §cPlease wait before doing this again.
00:01:48 [allowed] §cPlease wait before doing this again.
00:01:49 [allowed] §cPlease wait before doing this again.
00:01:49 [allowed] §ePlacing backpack in slot 15...
00:01:49 [allowed] §aSuccess!
00:02:16 [allowed] §7Warping you to your SkyBlock island...
00:02:16 [allowed] §7Sending to server mini8U...
00:02:18 [allowed] §8 §r§8 §r§1 §r§3 §r§3 §r§7 §r§8 
00:02:18 [allowed]  
00:02:18 [allowed] §f      §7You have §321 §7pending §3Bestiary Milestones §7to be claimed!
00:02:18 [allowed] §f                  §6§l>>> §6§lCLICK HERE§e to claim them! §6§l<<<
00:02:18 [allowed]   
00:02:20 [allowed] §aYou are playing on profile: §eCoconut§b (Co-op)
00:02:20 [allowed] §8Profile ID: 4ef1bd42-ec32-42d4-afba-b766eacde1e7
00:02:41 [allowed] §aRemoved backpack from slot 6!
00:02:42 [allowed] §aYou earned §r§2166 GEXP §r§afrom playing SkyBlock!
00:02:48 [allowed] §ePlacing backpack in slot 6...
00:02:48 [allowed] §aSuccess!
00:03:04 [allowed] §6[Bazaar] §r§7Putting goods in escrow...
00:03:04 [allowed] §6[Bazaar] §r§7Submitting buy order...
00:03:04 [allowed] §6[Bazaar] §r§7§r§eBuy Order Setup! §r§a1§r§7x §r§6Booster Cookie §r§7for §r§611,105,961 coins§r§7.
00:03:45 [allowed] §7Warping...
00:03:45 [allowed] §7Sending to server mini40A...
00:03:46 [allowed] §8 §r§8 §r§1 §r§3 §r§3 §r§7 §r§8 
00:03:47 [allowed]  
00:03:47 [allowed] §f      §7You have §321 §7pending §3Bestiary Milestones §7to be claimed!
00:03:47 [allowed] §f                  §6§l>>> §6§lCLICK HERE§e to claim them! §6§l<<<
00:03:47 [allowed]   
00:03:49 [allowed] §aYou are still radiating with §bGenerosity§r§a!
00:03:49 [allowed] §f §r§r§r§f §r§r§r§1 §r§r§r§0 §r§r§r§2 §r§r§r§f §r§r§r§f §r§r§r§2 §r§r§r§0 §r§r§r§4 §r§r§r§3 §r§r§r§9 §r§r§r§2 §r§r§r§0 §r§r§r§0 §r§r§r§3 §r§r§r§9 §r§r§r§2 §r§r§r§0 §r§r§r§0 §r§r§r§3 §r§r§r§9 §r§r§r§2 §r§r§r§0 §r§r§r§0 
00:03:49 [allowed] §b[MVP§c+§b] ModernMrPanda§f §6joined the lobby!
00:03:49 [allowed] §b[MVP§0+§b] KobeAim§f §6joined the lobby!
00:03:51 [allowed]   §r§f§l➤ §r§6You have reached your Hype limit! Add Hype to Prototype Lobby minigames by right-clicking with the Hype Diamond!
00:03:52 [allowed] §b[MVP§f+§b] TheRealScatha§f §6joined the lobby!
00:03:55 [allowed] §b[MVP§f+§b] LazyLlamas§f §6joined the lobby!
00:03:57 [allowed] §b[MVP§d+§b] DqtrM§f §6joined the lobby!
00:04:01 [allowed] §b[MVP§c+§b] MrCalzony§f §6joined the lobby!
00:04:05 [allowed] §b[MVP§f+§b] BeamerDreamer§f §6joined the lobby!
00:04:09 [allowed] §b[MVP§d+§b] rcthenoob§f §6joined the lobby!
00:04:10 [allowed] §b[MVP§6+§b] PuppyGirlPotat§f §6joined the lobby!
00:04:11 [allowed] §b[MVP§c+§b] DimerBut§f §6joined the lobby!
00:04:12 [allowed] §b[MVP§c+§b] bapshoot§f §6joined the lobby!
00:04:12 [allowed] §b[MVP§4+§b] Mario2D§f §6joined the lobby!
00:04:15 [allowed] §aYou purchased the §r§eKnight Skin§r§a!
00:04:15 [allowed] §aCollect your §r§5Knight Skin §r§ain your SkyBlock Jerry Deliveries!
00:04:15 [allowed] §b[MVP§c+§b] notnoemt§f §6joined the lobby!
00:04:16 [allowed] §b[MVP§c+§b] Sytce§f §6joined the lobby!
00:04:16 [allowed] §b[MVP§c+§b] Applesauce575757§f §6joined the lobby!
00:04:19 [allowed]  §b>§c>§a>§r §r§6[MVP§c++§6] Mimsch§f §6joined the lobby!§r §a<§c<§b<
00:04:20 [allowed] §b[MVP§e+§b] Enyahs§f §6joined the lobby!
00:04:22 [allowed] §b[MVP§0+§b] iUwUChee§f §6joined the lobby!
00:04:25 [allowed] §b[MVP§e+§b] Krakk3n§f §6joined the lobby!
00:04:27 [allowed] §aYou purchased the §r§eAbyssal Kuudra Pet Skin§r§a!
00:04:27 [allowed] §aCollect your §r§5Abyssal Kuudra Pet Skin §r§ain your SkyBlock Jerry Deliveries!
00:04:31 [allowed] §b[MVP§a+§b] zenith_360§f §6joined the lobby!
00:04:35 [allowed]  §b>§c>§a>§r §r§b[MVP§9++§b] Aquowl§f §6joined the lobby!§r §a<§c<§b<
00:04:38 [allowed] §b[MVP§0+§b] JamalFunkyToast§f §6joined the lobby!
00:04:40 [allowed]  §b>§c>§a>§r §r§6[MVP§d++§6] JnR_Phase§f §6joined the lobby!§r §a<§c<§b<
00:04:40 [allowed] §b[MVP§a+§b] DruidicMarksman§f §6joined the lobby!
00:04:43 [allowed] §aYou purchased the §r§eSummer Spray/Kill Note Bundle #2§r§a!
00:04:44 [allowed] §b[MVP§e+§b] GeekyCactus123§f §6joined the lobby!
00:04:48 [allowed] §b[MVP§c+§b] CommanderSunTzu§f §6joined the lobby!
00:04:48 [allowed] §aYou purchased the §r§eHermit Crab Island Topper§r§a!
00:04:49 [allowed] §b[MVP§8+§b] pacmanguy§f §6joined the lobby!
00:04:49 [allowed] §b[MVP§c+§b] KiraKirou§f §6joined the lobby!
00:04:49 [allowed] §b[MVP§6+§b] TheMultigaming§f §6joined the lobby!
00:04:50 [allowed] §b[MVP§c+§b] Gforlifer§f §6joined the lobby!
00:04:51 [allowed] §b[MVP§c+§b] notnoemt§f §6joined the lobby!
00:04:51 [allowed]  §b>§c>§a>§r §r§6[MVP§0++§6] minatur§f §6joined the lobby!§r §a<§c<§b<
00:04:51 [allowed] §b[MVP§c+§b] mucrochip§f §6joined the lobby!
00:04:53 [allowed] §b[MVP§d+§b] Allotox§f §6joined the lobby!
00:04:53 [allowed] §b[MVP§c+§b] BigBro31§f §6joined the lobby!
00:04:56 [allowed] §b[MVP§8+§b] AyoSiri§f §6joined the lobby!
00:04:57 [allowed] §aYou purchased the §r§eSailboat Island Topper§r§a!
00:04:58 [allowed] §b[MVP§f+§b] Wollams§f §6joined the lobby!
00:04:58 [allowed] §b[MVP§d+§b] Ch3ch3l§f §6joined the lobby!
00:04:58 [allowed] §b[MVP§d+§b] StatsmatTheKid§f §6joined the lobby!
00:05:00 [allowed] §aYou purchased the §r§eSummer Glyph Bundle #2§r§a!
00:05:00 [allowed] §b[MVP§c+§b] ThorCameron§f §6joined the lobby!
00:05:02 [allowed] §aYou purchased the §r§eSand Castle Gravestone§r§a!
00:05:03 [allowed] §b[MVP§f+§b] cole72§f §6joined the lobby!
00:05:04 [allowed] §aYou purchased the §r§eLighthouse Cage§r§a!
00:05:04 [allowed] §b[MVP§c+§b] Gruderar§f §6joined the lobby!
00:05:06 [allowed] §aYou purchased the §r§ePopsicle Cage§r§a!
00:05:07 [allowed] §aYou purchased the §r§eBlue Parrot Cage§r§a!
00:05:09 [allowed] §aYou purchased the §r§e2025 Summer Event Level Status§r§a!
00:05:12 [allowed] §aYou purchased the §r§eIron Golem: Rose Pet§r§a!
00:05:15 [allowed] §aYou purchased the §r§ePatio Furniture Bundle§r§a!
00:05:17 [allowed]  §b>§c>§a>§r §r§6[MVP§6++§6] Mr_Minecraft_Ash§f §6joined the lobby!§r §a<§c<§b<
00:05:17 [allowed] §aYou purchased the §r§eNeptune's Grace Fish Hook Trail§r§a!
00:05:19 [allowed] §b[MVP§9+§b] SumGuys§f §6joined the lobby!
00:05:20 [allowed] §b[MVP§c+§b] machzxz§f §6joined the lobby!
00:05:21 [allowed]  §b>§c>§a>§r §r§6[MVP§d++§6] CamerNoo§f §6joined the lobby!§r §a<§c<§b<
00:05:25 [allowed] §b[MVP§f+§b] TheTaylor09§f §6joined the lobby!
00:05:27 [allowed] §b[MVP§6+§b] vRelaxD§f §6joined the lobby!
00:05:29 [allowed] §b[MVP§d+§b] LeonPluuuz§f §6joined the lobby!
00:05:29 [allowed] §aYou purchased the §r§eWet Sand§r§a!
00:05:29 [allowed] §aFriend > §r§bturtil §r§ejoined.
00:05:30 [allowed] §b[MVP§c+§b] itsbabybruce§f §6joined the lobby!
00:05:30 [allowed] §aYou purchased the §r§eOminous Rain Fish Hook Trail§r§a!
00:05:44 [allowed] §b[MVP§c+§b] Blaszczykowsky§f §6joined the lobby!
00:05:44 [allowed] §b[MVP§a+§b] imacatgirlnya§f §6joined the lobby!
00:05:47 [allowed]  §b>§c>§a>§r §r§6[MVP§d++§6] NotEngiTbh§f §6joined the lobby!§r §a<§c<§b<
00:05:47 [allowed] §b[MVP§c+§b] Hatseflatsy§f §6joined the lobby!
00:05:47 [allowed] §b[MVP§d+§b] Mrbubblesnaps§f §6joined the lobby!
00:05:47 [allowed] §b[MVP§d+§b] FightForHer§f §6joined the lobby!
00:05:48 [allowed] §b[MVP§f+§b] Camel999§f §6joined the lobby!
00:05:51 [allowed] §aFriend > §r§bturtil §r§eleft.
00:05:52 [allowed] §7Sending to server mini84N...
00:05:53 [allowed] §8 §r§8 §r§1 §r§3 §r§3 §r§7 §r§8 
00:05:53 [allowed] §8[§r§710§r§8] §r§a[VIP] Turniptrude§f§r§f: im pretty new to ts whats a good mining set jw
00:05:55 [allowed]  
00:05:55 [allowed] §f      §7You have §321 §7pending §3Bestiary Milestones §7to be claimed!
00:05:55 [allowed] §f                  §6§l>>> §6§lCLICK HERE§e to claim them! §6§l<<<
00:05:55 [allowed]   
00:05:56 [allowed] 
00:05:56 [allowed] §eWelcome to §r§aHypixel SkyBlock§r§e!
00:05:56 [allowed] 
00:05:56 [allowed] §eLatest update: §bSkyBlock v0.23 §e§lCLICK
00:05:57 [allowed] §aYou are playing on profile: §eCoconut§b (Co-op)
00:05:57 [allowed] §8Profile ID: 4ef1bd42-ec32-42d4-afba-b766eacde1e7
00:06:03 [allowed] 
00:06:03 [allowed] §6§k§lA§r §c§lFIRE SALE §r§6§k§lA
§r§c♨ §eSelling an item for a limited time!
§r§c   ♨ §5Gateway Endermite Skin §e(§a3,567 left§e)§c§r
§r§c♨ §a§l[WARP] §eTo Elizabeth in the next §c2d 17h 53m §eto grab yours!
00:06:03 [allowed] 
00:06:14 [allowed] §8[§r§b201§r§8] §r§7✧ §r§7Bertolucho88§7§r§7: glacite the sorrow then divans
00:06:35 [allowed] §6[Sacks] §r§a+5§r§e items§r§e.§r§8 (Last 5s.)
00:06:36 [allowed] §bBlazeKickers joined SkyBlock.
00:06:53 [allowed]  §b§l» §6BlazeKickers §eis traveling to §aPrivate Island §e§lFOLLOW
00:06:53 [allowed] §e✆ §r§cAranya§r§e ✆ 
00:06:53 [allowed] §a✆ RING... §r §r§2§l[PICK UP]
00:06:54 [allowed] §a✆ RING... RING... §r §r§2§l[PICK UP]
00:06:54 [allowed] §a✆ RING... RING... RING... §r §r§2§l[PICK UP]
00:07:06 [allowed] §6[Bazaar] §r§7Putting goods in escrow...
00:07:06 [allowed] §6[Bazaar] §r§7Submitting sell offer...
00:07:07 [allowed] §6[Bazaar] §r§7§r§eSell Offer Setup! §r§a335§r§7x §r§9Orb of Energy §r§7for §r§64,855,257 coins§r§7.
00:07:07 [allowed] §6[Sacks] §r§c-335§r§e items§r§e.§r§8 (Last 5s.)
00:07:16 [allowed] §eMaxed the Supercraft to §r§b49x crafts§r§e!
00:07:17 [allowed] §eYou Supercrafted §r§r§r§9Enchanted Gold Block §r§8x49§r§e!
00:07:18 [allowed] §aMoved §r§e49 Enchanted Gold Block§r§a from your Sacks to your inventory.
00:07:23 [allowed] §6[Sacks] §r§a+49§r§e items§r§e, §r§c-7,889§r§e items§r§e.§r§8 (Last 6s.)
00:07:27 [allowed] §aYou sold §r§9Enchanted Gold Block§r§8 x49 §r§afor §r§63,763,200 Coins§r§a!
00:07:44 [allowed] §e[NPC] Leo§f: §rYou can unlock §aLeaftlet Armor §fby progressing through your §r§aOak Log Collection§r§f.
00:07:46 [allowed] §e[NPC] Leo§f: §rThere is a §bForest §rwest of the §bVillage §rwhere you can gather Oak Logs.
00:07:49 [allowed] §e[NPC] Leo§f: §rTo check your Collection progress and rewards, open the §r§aCollection Menu§r§f in your §r§aSkyBlock Menu§r§f.
00:08:05 [allowed] §6[Bazaar] §r§7Claiming order...
00:08:05 [allowed] §6[Bazaar] §r§7§r§7Claimed §r§a1§r§7x §r§6Booster Cookie §r§7worth §r§611,105,961 coins §r§7bought for §r§611,105,961 §r§7each!
00:08:06 [allowed] §eYou consumed a §r§6Booster Cookie§r§e! §r§dYummy!
00:08:09 [allowed]  §b§l» §6BlazeKickers §eis traveling to §aHub §e§lFOLLOW
00:08:11 [allowed] §cThere are blocks in the way!
00:08:14 [allowed] §bBlazeKickers joined SkyBlock.
00:08:15 [allowed] §cThere are blocks in the way!
00:08:31 [allowed] §cThere are blocks in the way!
00:08:32 [allowed] §cThere are blocks in the way!
00:08:50 [allowed] §cThere are blocks in the way!
00:08:53 [allowed] §cThere are blocks in the way!
00:08:55 [allowed] §cThere are blocks in the way!
00:09:21 [allowed] §cThere are blocks in the way!
00:09:22 [allowed] §cThere are blocks in the way!
00:09:22 [allowed] §cThere are blocks in the way!
00:09:23 [allowed] §cThere are blocks in the way!
00:09:24 [allowed] §cThere are blocks in the way!
00:09:25 [allowed] §cThere are blocks in the way!
00:09:27 [allowed] §cThere are blocks in the way!
00:09:27 [allowed] §cThere are blocks in the way!
00:09:28 [allowed] §cThere are blocks in the way!
00:09:28 [allowed] §cThere are blocks in the way!
00:09:29 [allowed] §cThere are blocks in the way!
00:09:31 [allowed] §cThere are blocks in the way!
00:09:37 [allowed] §cThere are blocks in the way!
00:09:37 [allowed] §cThere are blocks in the way!
00:09:47 [allowed] §aYou earned §r§2390 GEXP §r§afrom playing SkyBlock!
00:09:59 [allowed] §aFriend > §r§biiDemo §r§eleft.
00:11:06 [allowed] §a§aYou tipped 38 players in 15 different games!
00:11:18 [allowed] §aYou claimed §r§85x §r§5Stock of Stonks §r§afrom the §r§dStonks Auction§r§a!
00:11:20 [allowed] §aFriend > §r§bwitherfry §r§ejoined.
00:11:24 [allowed] §cCouldn't read '§r§73.1§r§c' as a number.
00:11:34 [allowed] §7Placing your bid...
00:11:34 [allowed] §aSuccessfully placed your Stonk bid of §r§63,100,000 Coins§r§a!
00:11:57 [allowed] §7Putting item in escrow...
00:11:57 [allowed] §7Setting up the auction...
00:11:57 [allowed] §eBIN Auction started for §r§f§r§6Bat Person Helmet§r§e!
00:11:57 [allowed] §b-----------------------------------------------------
00:11:57 [allowed] §b[MVP§r§0+§r§b] KobeAim§r§f §r§ecreated a BIN auction for §r§6Bat Person Helmet §r§eat §r§62,999,996 coins!
00:11:57 [allowed] §b-----------------------------------------------------
00:12:01 [allowed] §aYou bought §r§5Golden Fragment§r§a!
00:12:22 [allowed] §cThere are blocks in the way!
00:12:22 [allowed] §cThere are blocks in the way!
00:12:37 [allowed] §8[§r§712§r§8] §r§a[VIP§6+§a] SvenTheBen§f§r§f: party me for 60k
00:12:41 [allowed] §cThere are blocks in the way!
00:12:45 [allowed] §cThere are blocks in the way!
00:12:56 [allowed] §8[§r§712§r§8] §r§a[VIP§6+§a] SvenTheBen§f§r§f: party me if you want 100k
