13:50:41 HUB
13:50:52 NONE
13:50:53 THE_RIFT
13:51:12 PRIVATE_ISLAND_GUEST
13:51:16 NONE
13:51:16 DWARVEN_MINES
13:51:57 NONE
13:51:57 CRIMSON_ISLE
13:52:03 NONE
13:52:03 HUB
13:53:32 NONE
13:53:32 CRIMSON_ISLE
13:54:37 NONE
13:54:37 HUB
13:57:00 NONE
13:57:00 GARDEN
14:00:02 CRIMSON_ISLE
14:27:03 NONE
14:27:04 HUB
14:27:14 NONE
14:27:14 HUB
14:27:48 NONE
14:27:48 HUB
14:27:59 NONE
14:27:59 HUB
14:28:06 NONE
14:28:06 HUB
14:28:15 NONE
14:28:15 HUB
14:28:29 HUB
14:28:38 NONE
14:28:38 HUB
14:28:49 NONE
14:28:49 HUB
14:30:39 NONE
14:30:39 PRIVATE_ISLAND
14:31:12 NONE
14:31:13 HUB
14:31:18 NONE
14:31:19 HUB
14:31:36 NONE
14:31:36 HUB
14:31:52 NONE
14:31:53 HUB
14:32:07 NONE
14:32:08 HUB
14:32:18 NONE
14:32:19 HUB
14:32:27 NONE
14:32:28 HUB
14:32:37 NONE
14:32:37 HUB
14:32:50 NONE
14:32:50 HUB
14:32:59 NONE
14:33:00 HUB
14:38:02 NONE
14:38:04 PRIVATE_ISLAND
14:39:10 NONE
14:39:10 HUB
