13:56:53 
13:56:53 blocked link because:
13:56:53 isNotInSignAndOnSlot
13:56:53 
13:56:54 
13:56:54 blocked link because:
13:56:54 isNotInSignAndOnSlot
13:56:54 
13:56:54 allowed click
13:56:54 allowed click
13:56:54 allowed click
13:56:54 allowed click
13:56:54 allowed click
13:56:54 allowed click
13:56:54 allowed click
13:56:54 allowed click
13:56:54 allowed click
13:56:54 allowed click
13:56:54 allowed click
13:56:54 allowed click
13:56:54 allowed click
13:56:54 allowed click
13:56:54 allowed click
13:56:54 allowed click
13:56:54 allowed click
13:56:54 allowed click
13:56:54 allowed click
13:56:54 allowed click
13:56:54 allowed click
13:56:54 allowed click
13:56:54 allowed click
13:56:54 allowed click
13:56:54 allowed click
13:56:54 allowed click
13:56:54 allowed click
13:56:54 allowed click
13:56:54 allowed click
13:56:54 allowed click
13:56:54 allowed click
13:56:54 allowed click
13:56:54 allowed click
13:56:54 allowed click
13:56:54 allowed click
13:56:54 allowed click
13:56:54 allowed click
13:56:54 allowed click
13:56:54 allowed click
13:56:54 allowed click
13:56:54 allowed click
13:56:54 allowed click
13:56:54 allowed click
13:56:54 allowed click
13:56:54 allowed click
13:56:54 allowed click
13:56:54 allowed click
13:56:54 allowed click
13:56:54 allowed click
13:56:54 allowed click
13:56:54 allowed click
13:56:54 allowed click
13:56:54 allowed click
13:56:54 allowed click
13:56:54 allowed click
13:56:54 allowed click
13:56:54 allowed click
13:56:54 allowed click
13:56:54 allowed click
13:56:54 allowed click
13:56:54 allowed click
13:56:54 allowed click
13:56:54 allowed click
13:56:54 allowed click
13:56:54 allowed click
13:56:54 allowed click
13:56:54 allowed click
13:56:54 allowed click
13:56:54 allowed click
13:56:54 allowed click
13:56:54 allowed click
13:56:54 allowed click
13:56:54 allowed click
13:56:54 allowed click
13:56:54 allowed click
13:56:54 allowed click
13:56:54 allowed click
13:56:54 allowed click
13:56:54 allowed click
13:56:54 allowed click
13:56:54 allowed click
13:56:54 allowed click
13:56:54 allowed click
13:56:54 allowed click
13:56:54 allowed click
13:56:54 allowed click
13:56:54 allowed click
13:56:54 allowed click
13:56:54 allowed click
13:56:54 allowed click
13:56:54 allowed click
13:56:54 allowed click
13:56:54 allowed click
13:56:54 allowed click
13:56:54 allowed click
13:56:54 allowed click
13:56:54 allowed click
13:56:54 allowed click
13:56:54 allowed click
13:56:54 allowed click
13:56:54 allowed click
13:56:54 allowed click
13:56:54 allowed click
13:56:54 allowed click
13:56:54 allowed click
13:56:54 allowed click
13:56:54 allowed click
13:56:54 allowed click
13:56:54 allowed click
13:56:54 allowed click
13:56:54 allowed click
13:56:54 allowed click
13:56:55 allowed click
13:56:55 allowed click
13:56:55 allowed click
13:56:55 allowed click
13:56:55 allowed click
13:56:55 allowed click
13:56:55 allowed click
13:56:55 allowed click
13:58:59 allowed click
13:58:59 allowed click
13:58:59 allowed click
13:58:59 allowed click
13:58:59 allowed click
13:58:59 allowed click
13:58:59 allowed click
13:58:59 allowed click
13:58:59 allowed click
13:58:59 allowed click
13:58:59 allowed click
13:58:59 allowed click
13:58:59 allowed click
13:58:59 allowed click
13:59:00 allowed click
13:59:00 allowed click
13:59:00 allowed click
13:59:00 allowed click
13:59:00 allowed click
13:59:00 allowed click
13:59:00 allowed click
13:59:00 allowed click
13:59:00 allowed click
13:59:00 allowed click
13:59:00 allowed click
13:59:00 allowed click
13:59:00 allowed click
13:59:00 allowed click
13:59:00 allowed click
13:59:00 allowed click
13:59:00 allowed click
13:59:00 allowed click
13:59:00 allowed click
13:59:00 allowed click
13:59:00 allowed click
13:59:00 allowed click
13:59:00 allowed click
13:59:00 allowed click
13:59:00 allowed click
13:59:00 allowed click
13:59:00 allowed click
13:59:00 allowed click
13:59:00 allowed click
13:59:00 allowed click
13:59:00 allowed click
13:59:00 allowed click
13:59:00 allowed click
13:59:00 allowed click
13:59:00 allowed click
13:59:00 allowed click
13:59:00 allowed click
13:59:00 allowed click
13:59:00 allowed click
13:59:00 allowed click
13:59:00 allowed click
13:59:00 allowed click
13:59:01 allowed click
13:59:01 allowed click
13:59:01 allowed click
13:59:01 allowed click
13:59:03 
13:59:03 blocked link because:
13:59:03 neuFocus
13:59:03 
13:59:03 
13:59:03 blocked link because:
13:59:03 neuFocus
13:59:03 
13:59:03 
13:59:03 blocked link because:
13:59:03 neuFocus
13:59:03 
13:59:03 
13:59:03 blocked link because:
13:59:03 neuFocus
13:59:03 
13:59:03 
13:59:03 blocked link because:
13:59:03 neuFocus
13:59:03 
13:59:03 
13:59:03 blocked link because:
13:59:03 neuFocus
13:59:03 
13:59:03 
13:59:03 blocked link because:
13:59:03 neuFocus
13:59:03 
13:59:03 
13:59:03 blocked link because:
13:59:03 neuFocus
13:59:03 
13:59:03 allowed click
13:59:03 allowed click
13:59:03 allowed click
13:59:03 allowed click
13:59:03 allowed click
13:59:03 allowed click
13:59:03 allowed click
13:59:03 allowed click
13:59:03 allowed click
13:59:03 allowed click
13:59:03 allowed click
13:59:03 allowed click
13:59:03 allowed click
13:59:03 allowed click
13:59:03 allowed click
13:59:03 allowed click
13:59:03 allowed click
13:59:03 allowed click
13:59:03 allowed click
13:59:03 allowed click
13:59:03 allowed click
13:59:03 allowed click
13:59:03 allowed click
13:59:03 allowed click
13:59:03 allowed click
13:59:03 allowed click
13:59:03 allowed click
13:59:03 allowed click
13:59:03 allowed click
13:59:03 allowed click
13:59:03 allowed click
13:59:03 allowed click
13:59:03 allowed click
13:59:03 allowed click
13:59:03 allowed click
13:59:03 allowed click
13:59:03 allowed click
13:59:03 allowed click
13:59:03 allowed click
13:59:03 allowed click
13:59:09 
13:59:09 blocked link because:
13:59:09 neuFocus
13:59:09 
13:59:09 
13:59:09 blocked link because:
13:59:09 neuFocus
13:59:09 
13:59:09 
13:59:09 blocked link because:
13:59:09 neuFocus
13:59:09 
13:59:09 
13:59:09 blocked link because:
13:59:09 neuFocus
13:59:09 
13:59:09 
13:59:09 blocked link because:
13:59:09 neuFocus
13:59:09 
13:59:09 
13:59:09 blocked link because:
13:59:09 neuFocus
13:59:09 
13:59:09 
13:59:09 blocked link because:
13:59:09 neuFocus
13:59:09 
13:59:09 
13:59:09 blocked link because:
13:59:09 neuFocus
13:59:09 
13:59:09 
13:59:09 blocked link because:
13:59:09 neuFocus
13:59:09 
13:59:09 
13:59:09 blocked link because:
13:59:09 neuFocus
13:59:09 
13:59:09 
13:59:09 blocked link because:
13:59:09 neuFocus
13:59:09 
13:59:09 
13:59:09 blocked link because:
13:59:09 neuFocus
13:59:09 
13:59:09 
13:59:09 blocked link because:
13:59:09 neuFocus
13:59:09 
13:59:09 
13:59:09 blocked link because:
13:59:09 neuFocus
13:59:09 
13:59:09 
13:59:09 blocked link because:
13:59:09 neuFocus
13:59:09 
13:59:09 
13:59:09 blocked link because:
13:59:09 neuFocus
13:59:09 
13:59:09 
13:59:09 blocked link because:
13:59:09 neuFocus
13:59:09 
13:59:09 
13:59:09 blocked link because:
13:59:09 neuFocus
13:59:09 
13:59:09 
13:59:09 blocked link because:
13:59:09 neuFocus
13:59:09 
13:59:09 
13:59:09 blocked link because:
13:59:09 neuFocus
13:59:09 
13:59:09 
13:59:09 blocked link because:
13:59:09 neuFocus
13:59:09 
13:59:09 
13:59:09 blocked link because:
13:59:09 neuFocus
13:59:09 
13:59:09 
13:59:09 blocked link because:
13:59:09 neuFocus
13:59:09 
13:59:09 
13:59:09 blocked link because:
13:59:09 neuFocus
13:59:09 
13:59:09 
13:59:09 blocked link because:
13:59:09 neuFocus
13:59:09 
13:59:09 
13:59:09 blocked link because:
13:59:09 neuFocus
13:59:09 
13:59:09 
13:59:09 blocked link because:
13:59:09 neuFocus
13:59:09 
13:59:09 
13:59:09 blocked link because:
13:59:09 neuFocus
13:59:09 
13:59:09 
13:59:09 blocked link because:
13:59:09 neuFocus
13:59:09 
13:59:09 
13:59:09 blocked link because:
13:59:09 neuFocus
13:59:09 
13:59:09 
13:59:09 blocked link because:
13:59:09 neuFocus
13:59:09 
13:59:09 
13:59:09 blocked link because:
13:59:09 neuFocus
13:59:09 
13:59:09 
13:59:09 blocked link because:
13:59:09 neuFocus
13:59:09 
13:59:09 
13:59:09 blocked link because:
13:59:09 neuFocus
13:59:09 
13:59:09 
13:59:09 blocked link because:
13:59:09 neuFocus
13:59:09 
13:59:09 
13:59:09 blocked link because:
13:59:09 neuFocus
13:59:09 
13:59:09 
13:59:09 blocked link because:
13:59:09 neuFocus
13:59:09 
13:59:09 
13:59:09 blocked link because:
13:59:09 neuFocus
13:59:09 
13:59:09 
13:59:09 blocked link because:
13:59:09 neuFocus
13:59:09 
13:59:09 
13:59:09 blocked link because:
13:59:09 neuFocus
13:59:09 
13:59:09 
13:59:09 blocked link because:
13:59:09 neuFocus
13:59:09 
13:59:09 
13:59:09 blocked link because:
13:59:09 neuFocus
13:59:09 
13:59:09 
13:59:09 blocked link because:
13:59:09 neuFocus
13:59:09 
13:59:09 
13:59:09 blocked link because:
13:59:09 neuFocus
13:59:09 
13:59:09 
13:59:09 blocked link because:
13:59:09 neuFocus
13:59:09 
13:59:09 
13:59:09 blocked link because:
13:59:09 neuFocus
13:59:09 
13:59:09 
13:59:09 blocked link because:
13:59:09 neuFocus
13:59:09 
13:59:09 
13:59:09 blocked link because:
13:59:09 neuFocus
13:59:09 
13:59:09 
13:59:09 blocked link because:
13:59:09 neuFocus
13:59:09 
13:59:09 
13:59:09 blocked link because:
13:59:09 neuFocus
13:59:09 
13:59:09 
13:59:09 blocked link because:
13:59:09 neuFocus
13:59:09 
13:59:09 
13:59:09 blocked link because:
13:59:09 neuFocus
13:59:09 
13:59:09 
13:59:09 blocked link because:
13:59:09 neuFocus
13:59:09 
13:59:09 
13:59:09 blocked link because:
13:59:09 neuFocus
13:59:09 
13:59:09 
13:59:09 blocked link because:
13:59:09 neuFocus
13:59:09 
13:59:09 
13:59:09 blocked link because:
13:59:09 neuFocus
13:59:09 
13:59:09 
13:59:09 blocked link because:
13:59:09 neuFocus
13:59:09 
13:59:09 
13:59:09 blocked link because:
13:59:09 neuFocus
13:59:09 
13:59:09 
13:59:09 blocked link because:
13:59:09 neuFocus
13:59:09 
13:59:09 
13:59:09 blocked link because:
13:59:09 neuFocus
13:59:09 
13:59:09 
13:59:09 blocked link because:
13:59:09 neuFocus
13:59:09 
13:59:09 
13:59:09 blocked link because:
13:59:09 neuFocus
13:59:09 
13:59:09 
13:59:09 blocked link because:
13:59:09 neuFocus
13:59:09 
13:59:09 
13:59:09 blocked link because:
13:59:09 neuFocus
13:59:09 
13:59:09 
13:59:09 blocked link because:
13:59:09 neuFocus
13:59:09 
13:59:09 
13:59:09 blocked link because:
13:59:09 neuFocus
13:59:09 
13:59:09 
13:59:09 blocked link because:
13:59:09 neuFocus
13:59:09 
13:59:09 
13:59:09 blocked link because:
13:59:09 neuFocus
13:59:09 
13:59:09 
13:59:09 blocked link because:
13:59:09 neuFocus
13:59:09 
13:59:09 
13:59:09 blocked link because:
13:59:09 neuFocus
13:59:09 
13:59:09 
13:59:09 blocked link because:
13:59:09 neuFocus
13:59:09 
13:59:09 
13:59:09 blocked link because:
13:59:09 neuFocus
13:59:09 
13:59:09 
13:59:09 blocked link because:
13:59:09 neuFocus
13:59:09 
13:59:09 
13:59:09 blocked link because:
13:59:09 neuFocus
13:59:09 
13:59:09 
13:59:09 blocked link because:
13:59:09 neuFocus
13:59:09 
13:59:09 
13:59:09 blocked link because:
13:59:09 neuFocus
13:59:09 
13:59:09 
13:59:09 blocked link because:
13:59:09 neuFocus
13:59:09 
13:59:09 
13:59:09 blocked link because:
13:59:09 neuFocus
13:59:09 
13:59:09 
13:59:09 blocked link because:
13:59:09 neuFocus
13:59:09 
13:59:09 
13:59:09 blocked link because:
13:59:09 neuFocus
13:59:09 
13:59:09 
13:59:09 blocked link because:
13:59:09 neuFocus
13:59:09 
13:59:09 
13:59:09 blocked link because:
13:59:09 neuFocus
13:59:09 
13:59:09 
13:59:09 blocked link because:
13:59:09 neuFocus
13:59:09 
13:59:09 
13:59:09 blocked link because:
13:59:09 neuFocus
13:59:09 
13:59:09 
13:59:09 blocked link because:
13:59:09 neuFocus
13:59:09 
13:59:09 
13:59:09 blocked link because:
13:59:09 neuFocus
13:59:09 
13:59:09 
13:59:09 blocked link because:
13:59:09 neuFocus
13:59:09 
13:59:09 
13:59:09 blocked link because:
13:59:09 neuFocus
13:59:09 
13:59:09 
13:59:09 blocked link because:
13:59:09 neuFocus
13:59:09 
13:59:09 
13:59:09 blocked link because:
13:59:09 neuFocus
13:59:09 
13:59:09 
13:59:09 blocked link because:
13:59:09 neuFocus
13:59:09 
13:59:09 
13:59:09 blocked link because:
13:59:09 neuFocus
13:59:09 
13:59:09 
13:59:09 blocked link because:
13:59:09 neuFocus
13:59:09 
13:59:09 
13:59:09 blocked link because:
13:59:09 neuFocus
13:59:09 
13:59:09 
13:59:09 blocked link because:
13:59:09 neuFocus
13:59:09 
13:59:09 
13:59:09 blocked link because:
13:59:09 neuFocus
13:59:09 
13:59:09 
13:59:09 blocked link because:
13:59:09 neuFocus
13:59:09 
13:59:09 
13:59:09 blocked link because:
13:59:09 neuFocus
13:59:09 
13:59:09 
13:59:09 blocked link because:
13:59:09 neuFocus
13:59:09 
13:59:09 
13:59:09 blocked link because:
13:59:09 neuFocus
13:59:09 
13:59:09 
13:59:09 blocked link because:
13:59:09 neuFocus
13:59:09 
13:59:09 
13:59:09 blocked link because:
13:59:09 neuFocus
13:59:09 
13:59:09 
13:59:09 blocked link because:
13:59:09 neuFocus
13:59:09 
13:59:09 
13:59:09 blocked link because:
13:59:09 neuFocus
13:59:09 
13:59:09 
13:59:09 blocked link because:
13:59:09 neuFocus
13:59:09 
13:59:09 
13:59:09 blocked link because:
13:59:09 neuFocus
13:59:09 
13:59:09 
13:59:09 blocked link because:
13:59:09 neuFocus
13:59:09 
13:59:09 
13:59:09 blocked link because:
13:59:09 neuFocus
13:59:09 
13:59:09 
13:59:09 blocked link because:
13:59:09 neuFocus
13:59:09 
13:59:09 
13:59:09 blocked link because:
13:59:09 neuFocus
13:59:09 
13:59:09 
13:59:09 blocked link because:
13:59:09 neuFocus
13:59:09 
13:59:09 
13:59:09 blocked link because:
13:59:09 neuFocus
13:59:09 
13:59:09 
13:59:09 blocked link because:
13:59:09 neuFocus
13:59:09 
13:59:09 
13:59:09 blocked link because:
13:59:09 neuFocus
13:59:09 
13:59:09 
13:59:09 blocked link because:
13:59:09 neuFocus
13:59:09 
13:59:09 
13:59:09 blocked link because:
13:59:09 neuFocus
13:59:09 
13:59:09 
13:59:09 blocked link because:
13:59:09 neuFocus
13:59:09 
13:59:09 
13:59:09 blocked link because:
13:59:09 neuFocus
13:59:09 
13:59:09 
13:59:09 blocked link because:
13:59:09 neuFocus
13:59:09 
13:59:09 
13:59:09 blocked link because:
13:59:09 neuFocus
13:59:09 
13:59:09 
13:59:09 blocked link because:
13:59:09 neuFocus
13:59:09 
13:59:09 
13:59:09 blocked link because:
13:59:09 neuFocus
13:59:09 
13:59:09 
13:59:09 blocked link because:
13:59:09 neuFocus
13:59:09 
13:59:09 
13:59:09 blocked link because:
13:59:09 neuFocus
13:59:09 
13:59:09 
13:59:09 blocked link because:
13:59:09 neuFocus
13:59:09 
13:59:09 
13:59:09 blocked link because:
13:59:09 neuFocus
13:59:09 
13:59:09 
13:59:09 blocked link because:
13:59:09 neuFocus
13:59:09 
13:59:09 
13:59:09 blocked link because:
13:59:09 neuFocus
13:59:09 
13:59:09 
13:59:09 blocked link because:
13:59:09 neuFocus
13:59:09 
13:59:09 
13:59:09 blocked link because:
13:59:09 neuFocus
13:59:09 
13:59:09 
13:59:09 blocked link because:
13:59:09 neuFocus
13:59:09 
13:59:09 
13:59:09 blocked link because:
13:59:09 neuFocus
13:59:09 
13:59:10 
13:59:10 blocked link because:
13:59:10 neuFocus
13:59:10 
13:59:10 
13:59:10 blocked link because:
13:59:10 neuFocus
13:59:10 
13:59:10 
13:59:10 blocked link because:
13:59:10 neuFocus
13:59:10 
13:59:10 
13:59:10 blocked link because:
13:59:10 neuFocus
13:59:10 
13:59:10 
13:59:10 blocked link because:
13:59:10 neuFocus
13:59:10 
13:59:10 
13:59:10 blocked link because:
13:59:10 neuFocus
13:59:10 
13:59:10 
13:59:10 blocked link because:
13:59:10 neuFocus
13:59:10 
13:59:10 
13:59:10 blocked link because:
13:59:10 neuFocus
13:59:10 
13:59:10 
13:59:10 blocked link because:
13:59:10 neuFocus
13:59:10 
13:59:10 
13:59:10 blocked link because:
13:59:10 neuFocus
13:59:10 
13:59:10 
13:59:10 blocked link because:
13:59:10 neuFocus
13:59:10 
13:59:10 
13:59:10 blocked link because:
13:59:10 neuFocus
13:59:10 
13:59:10 
13:59:10 blocked link because:
13:59:10 neuFocus
13:59:10 
13:59:10 
13:59:10 blocked link because:
13:59:10 neuFocus
13:59:10 
13:59:10 
13:59:10 blocked link because:
13:59:10 neuFocus
13:59:10 
13:59:10 
13:59:10 blocked link because:
13:59:10 neuFocus
13:59:10 
13:59:10 
13:59:10 blocked link because:
13:59:10 neuFocus
13:59:10 
13:59:10 
13:59:10 blocked link because:
13:59:10 neuFocus
13:59:10 
13:59:10 
13:59:10 blocked link because:
13:59:10 neuFocus
13:59:10 
13:59:10 
13:59:10 blocked link because:
13:59:10 neuFocus
13:59:10 
13:59:10 
13:59:10 blocked link because:
13:59:10 neuFocus
13:59:10 
13:59:10 
13:59:10 blocked link because:
13:59:10 neuFocus
13:59:10 
13:59:10 
13:59:10 blocked link because:
13:59:10 neuFocus
13:59:10 
13:59:10 
13:59:10 blocked link because:
13:59:10 neuFocus
13:59:10 
13:59:10 
13:59:10 blocked link because:
13:59:10 neuFocus
13:59:10 
13:59:10 
13:59:10 blocked link because:
13:59:10 neuFocus
13:59:10 
13:59:10 
13:59:10 blocked link because:
13:59:10 neuFocus
13:59:10 
13:59:10 
13:59:10 blocked link because:
13:59:10 neuFocus
13:59:10 
13:59:10 
13:59:10 blocked link because:
13:59:10 neuFocus
13:59:10 
13:59:10 
13:59:10 blocked link because:
13:59:10 neuFocus
13:59:10 
13:59:10 
13:59:10 blocked link because:
13:59:10 neuFocus
13:59:10 
13:59:10 
13:59:10 blocked link because:
13:59:10 neuFocus
13:59:10 
13:59:10 
13:59:10 blocked link because:
13:59:10 neuFocus
13:59:10 
13:59:10 
13:59:10 blocked link because:
13:59:10 neuFocus
13:59:10 
13:59:10 
13:59:10 blocked link because:
13:59:10 neuFocus
13:59:10 
13:59:10 
13:59:10 blocked link because:
13:59:10 neuFocus
13:59:10 
13:59:10 
13:59:10 blocked link because:
13:59:10 neuFocus
13:59:10 
13:59:10 
13:59:10 blocked link because:
13:59:10 neuFocus
13:59:10 
13:59:10 
13:59:10 blocked link because:
13:59:10 neuFocus
13:59:10 
13:59:10 
13:59:10 blocked link because:
13:59:10 neuFocus
13:59:10 
13:59:10 
13:59:10 blocked link because:
13:59:10 neuFocus
13:59:10 
13:59:10 
13:59:10 blocked link because:
13:59:10 neuFocus
13:59:10 
13:59:10 
13:59:10 blocked link because:
13:59:10 neuFocus
13:59:10 
13:59:10 
13:59:10 blocked link because:
13:59:10 neuFocus
13:59:10 
13:59:10 
13:59:10 blocked link because:
13:59:10 neuFocus
13:59:10 
13:59:10 
13:59:10 blocked link because:
13:59:10 neuFocus
13:59:10 
13:59:10 
13:59:10 blocked link because:
13:59:10 neuFocus
13:59:10 
13:59:10 
13:59:10 blocked link because:
13:59:10 neuFocus
13:59:10 
13:59:10 
13:59:10 blocked link because:
13:59:10 neuFocus
13:59:10 
13:59:10 
13:59:10 blocked link because:
13:59:10 neuFocus
13:59:10 
13:59:10 
13:59:10 blocked link because:
13:59:10 neuFocus
13:59:10 
13:59:10 
13:59:10 blocked link because:
13:59:10 neuFocus
13:59:10 
13:59:10 
13:59:10 blocked link because:
13:59:10 neuFocus
13:59:10 
13:59:10 
13:59:10 blocked link because:
13:59:10 neuFocus
13:59:10 
13:59:10 
13:59:10 blocked link because:
13:59:10 neuFocus
13:59:10 
13:59:10 
13:59:10 blocked link because:
13:59:10 neuFocus
13:59:10 
13:59:10 
13:59:10 blocked link because:
13:59:10 neuFocus
13:59:10 
13:59:10 
13:59:10 blocked link because:
13:59:10 neuFocus
13:59:10 
13:59:10 
13:59:10 blocked link because:
13:59:10 neuFocus
13:59:10 
13:59:10 
13:59:10 blocked link because:
13:59:10 neuFocus
13:59:10 
13:59:10 
13:59:10 blocked link because:
13:59:10 neuFocus
13:59:10 
13:59:10 
13:59:10 blocked link because:
13:59:10 neuFocus
13:59:10 
13:59:10 
13:59:10 blocked link because:
13:59:10 neuFocus
13:59:10 
13:59:10 
13:59:10 blocked link because:
13:59:10 neuFocus
13:59:10 
13:59:10 
13:59:10 blocked link because:
13:59:10 neuFocus
13:59:10 
13:59:10 
13:59:10 blocked link because:
13:59:10 neuFocus
13:59:10 
13:59:10 
13:59:10 blocked link because:
13:59:10 neuFocus
13:59:10 
13:59:10 
13:59:10 blocked link because:
13:59:10 neuFocus
13:59:10 
13:59:10 
13:59:10 blocked link because:
13:59:10 neuFocus
13:59:10 
13:59:10 
13:59:10 blocked link because:
13:59:10 neuFocus
13:59:10 
13:59:10 
13:59:10 blocked link because:
13:59:10 neuFocus
13:59:10 
13:59:10 
13:59:10 blocked link because:
13:59:10 neuFocus
13:59:10 
13:59:10 
13:59:10 blocked link because:
13:59:10 neuFocus
13:59:10 
13:59:10 
13:59:10 blocked link because:
13:59:10 neuFocus
13:59:10 
13:59:10 
13:59:10 blocked link because:
13:59:10 neuFocus
13:59:10 
13:59:10 
13:59:10 blocked link because:
13:59:10 neuFocus
13:59:10 
13:59:10 
13:59:10 blocked link because:
13:59:10 neuFocus
13:59:10 
13:59:10 
13:59:10 blocked link because:
13:59:10 neuFocus
13:59:10 
13:59:10 
13:59:10 blocked link because:
13:59:10 neuFocus
13:59:10 
13:59:10 
13:59:10 blocked link because:
13:59:10 neuFocus
13:59:10 
13:59:10 
13:59:10 blocked link because:
13:59:10 neuFocus
13:59:10 
13:59:10 
13:59:10 blocked link because:
13:59:10 neuFocus
13:59:10 
13:59:10 
13:59:10 blocked link because:
13:59:10 neuFocus
13:59:10 
13:59:10 
13:59:10 blocked link because:
13:59:10 neuFocus
13:59:10 
13:59:10 
13:59:10 blocked link because:
13:59:10 neuFocus
13:59:10 
13:59:10 
13:59:10 blocked link because:
13:59:10 neuFocus
13:59:10 
13:59:10 
13:59:10 blocked link because:
13:59:10 neuFocus
13:59:10 
13:59:10 
13:59:10 blocked link because:
13:59:10 neuFocus
13:59:10 
13:59:10 allowed click
13:59:10 allowed click
13:59:10 allowed click
13:59:10 allowed click
13:59:10 allowed click
13:59:10 allowed click
13:59:49 
13:59:49 blocked link because:
13:59:49 isNotInSignAndOnSlot
13:59:49 
13:59:49 
13:59:49 blocked link because:
13:59:49 isNotInSignAndOnSlot
13:59:49 
13:59:49 allowed click
13:59:49 allowed click
13:59:49 allowed click
13:59:49 allowed click
13:59:49 allowed click
13:59:49 allowed click
13:59:49 allowed click
13:59:49 allowed click
13:59:49 allowed click
13:59:49 allowed click
13:59:49 allowed click
13:59:49 allowed click
13:59:49 allowed click
13:59:49 allowed click
13:59:49 allowed click
13:59:49 allowed click
13:59:49 allowed click
13:59:49 allowed click
13:59:49 allowed click
13:59:49 allowed click
13:59:49 allowed click
13:59:49 allowed click
13:59:49 allowed click
13:59:49 allowed click
13:59:49 allowed click
13:59:49 allowed click
13:59:49 allowed click
13:59:49 allowed click
13:59:49 allowed click
13:59:49 allowed click
13:59:49 allowed click
13:59:49 allowed click
13:59:49 allowed click
13:59:49 allowed click
13:59:49 allowed click
13:59:49 allowed click
13:59:49 allowed click
13:59:49 allowed click
13:59:49 allowed click
13:59:49 allowed click
13:59:49 allowed click
13:59:49 allowed click
13:59:49 allowed click
13:59:49 allowed click
13:59:49 allowed click
13:59:49 allowed click
13:59:49 allowed click
13:59:49 allowed click
13:59:49 allowed click
13:59:49 allowed click
13:59:49 allowed click
13:59:49 allowed click
13:59:49 allowed click
13:59:49 allowed click
13:59:50 allowed click
13:59:50 allowed click
13:59:50 allowed click
13:59:50 allowed click
13:59:50 allowed click
13:59:50 allowed click
13:59:50 allowed click
13:59:50 allowed click
13:59:50 allowed click
13:59:50 allowed click
13:59:50 allowed click
13:59:50 allowed click
13:59:50 allowed click
13:59:50 allowed click
13:59:50 allowed click
13:59:50 allowed click
13:59:50 allowed click
13:59:50 allowed click
13:59:50 allowed click
13:59:50 allowed click
13:59:50 allowed click
13:59:50 allowed click
13:59:50 allowed click
13:59:50 allowed click
13:59:50 allowed click
13:59:50 allowed click
13:59:50 allowed click
13:59:50 allowed click
13:59:50 allowed click
13:59:50 allowed click
13:59:50 allowed click
13:59:50 allowed click
13:59:50 allowed click
13:59:50 allowed click
13:59:50 allowed click
13:59:50 allowed click
13:59:50 allowed click
13:59:50 allowed click
13:59:50 allowed click
13:59:50 allowed click
13:59:50 allowed click
13:59:50 allowed click
13:59:50 allowed click
13:59:50 allowed click
13:59:50 allowed click
13:59:50 allowed click
13:59:50 allowed click
13:59:50 allowed click
13:59:50 allowed click
13:59:50 allowed click
13:59:50 allowed click
13:59:50 allowed click
13:59:50 allowed click
13:59:50 allowed click
13:59:50 allowed click
13:59:50 allowed click
13:59:50 allowed click
13:59:50 allowed click
13:59:50 allowed click
13:59:50 allowed click
13:59:50 allowed click
13:59:50 allowed click
13:59:50 allowed click
13:59:50 allowed click
13:59:50 allowed click
13:59:50 allowed click
13:59:50 allowed click
13:59:50 allowed click
13:59:50 allowed click
13:59:50 allowed click
13:59:50 allowed click
13:59:50 allowed click
13:59:50 allowed click
13:59:50 allowed click
13:59:50 allowed click
13:59:50 allowed click
13:59:50 allowed click
13:59:50 allowed click
13:59:50 allowed click
13:59:50 allowed click
13:59:50 allowed click
13:59:50 allowed click
13:59:50 allowed click
13:59:50 allowed click
13:59:50 allowed click
13:59:50 allowed click
13:59:50 allowed click
13:59:50 allowed click
13:59:50 allowed click
13:59:50 allowed click
13:59:50 allowed click
13:59:50 allowed click
13:59:50 allowed click
13:59:50 allowed click
13:59:50 allowed click
13:59:50 allowed click
13:59:50 allowed click
13:59:50 allowed click
13:59:50 allowed click
13:59:50 allowed click
13:59:50 allowed click
13:59:50 allowed click
13:59:50 allowed click
13:59:50 allowed click
13:59:50 allowed click
13:59:50 allowed click
13:59:50 allowed click
13:59:50 allowed click
13:59:50 allowed click
13:59:50 allowed click
13:59:50 allowed click
13:59:50 allowed click
13:59:50 allowed click
13:59:50 allowed click
13:59:50 allowed click
13:59:50 allowed click
13:59:50 allowed click
13:59:50 allowed click
13:59:50 allowed click
13:59:50 allowed click
13:59:50 allowed click
13:59:50 allowed click
13:59:50 allowed click
13:59:50 allowed click
13:59:50 allowed click
13:59:50 allowed click
13:59:50 allowed click
13:59:50 allowed click
13:59:50 allowed click
13:59:50 allowed click
13:59:50 allowed click
13:59:50 allowed click
13:59:50 allowed click
13:59:50 allowed click
13:59:50 allowed click
13:59:50 allowed click
13:59:50 allowed click
13:59:50 allowed click
