02:07:50 HUB
02:08:12 NONE
02:08:13 HUB
02:13:56 NONE
02:13:57 THE_RIFT
02:17:34 NONE
02:17:34 HUB
02:25:05 NONE
02:25:05 DUNGEON_HUB
02:29:47 NONE
02:29:49 CATACOMBS
02:43:20 NONE
02:43:20 DUNGEON_HUB
02:43:43 NONE
02:43:44 CATACOMBS
02:54:36 NONE
02:54:36 CATACOMBS
03:05:28 NONE
03:05:28 DUNGEON_HUB
03:05:32 NONE
03:05:32 CATACOMBS
03:05:43 NONE
03:05:43 DUNGEON_HUB
03:09:11 NONE
03:09:12 CATACOMBS
03:17:50 NONE
03:17:54 CATACOMBS
03:30:00 NONE
03:30:00 DUNGEON_HUB
03:31:14 NONE
03:31:15 THE_RIFT
03:31:20 NONE
03:31:21 HUB
