00:24:54 Trying to load config from config\skyhanni\config.json
00:24:54 load-config-now
00:24:55 Loaded config from file
00:24:55 Trying to load sacks from config\skyhanni\sacks.json
00:24:55 load-sacks-now
00:24:55 Loaded sacks from file
00:24:55 Trying to load friends from config\skyhanni\friends.json
00:24:55 load-friends-now
00:24:55 Loaded friends from file
00:24:55 Trying to load known_features from config\skyhanni\known_features.json
00:24:55 load-known_features-now
00:24:55 Loaded known_features from file
00:24:55 Trying to load jacob_contests from config\skyhanni\jacob_contests.json
00:24:55 load-jacob_contests-now
00:24:55 Loaded jacob_contests from file
00:24:55 Trying to load visual_words from config\skyhanni\visual_words.json
00:24:55 Setting visual_words to be blank as it did not exist. It will be saved once something is written to it
00:25:55 saveConfig: auto-save-60s
00:25:55 Saving config file
00:25:56 Saved config file successfully
00:25:56 saveConfig: auto-save-60s
00:25:56 Saving config file
00:25:56 Saved config file successfully
00:26:14 saveConfig: Updated known feature flags
00:26:14 Saving known_features file
00:26:14 Saved known_features file successfully
00:26:14 saveConfig: Updated known feature flags
00:26:14 Saving known_features file
00:26:14 Saved known_features file successfully
00:26:55 saveConfig: auto-save-60s
00:26:55 Saving config file
00:26:55 Saved config file successfully
00:26:55 saveConfig: auto-save-60s
00:26:55 Saving config file
00:26:55 Saved config file successfully
00:27:55 saveConfig: auto-save-60s
00:27:55 Saving config file
00:27:55 Saved config file successfully
00:27:55 saveConfig: auto-save-60s
00:27:55 Saving config file
00:27:56 Saved config file successfully
00:28:55 saveConfig: auto-save-60s
00:28:55 Saving config file
00:28:55 Saved config file successfully
00:28:55 saveConfig: auto-save-60s
00:28:55 Saving config file
00:28:55 Saved config file successfully
00:29:55 saveConfig: auto-save-60s
00:29:55 Saving config file
00:29:55 Saved config file successfully
00:29:55 saveConfig: auto-save-60s
00:29:55 Saving config file
00:29:55 Saved config file successfully
00:30:48 saveConfig: saving-data
00:30:48 Saving sacks file
00:30:48 Saved sacks file successfully
00:30:48 saveConfig: saving-data
00:30:48 Saving sacks file
00:30:48 Saved sacks file successfully
00:30:55 saveConfig: auto-save-60s
00:30:55 Saving config file
00:30:55 Saved config file successfully
00:30:55 saveConfig: auto-save-60s
00:30:55 Saving config file
00:30:55 Saved config file successfully
00:31:34 saveConfig: saving-data
00:31:34 Saving sacks file
00:31:34 Saved sacks file successfully
00:31:34 saveConfig: saving-data
00:31:34 Saving sacks file
00:31:34 Saved sacks file successfully
00:31:45 saveConfig: saving-data
00:31:45 Saving sacks file
00:31:45 Saved sacks file successfully
00:31:45 saveConfig: saving-data
00:31:45 Saving sacks file
00:31:45 Saved sacks file successfully
00:31:55 saveConfig: auto-save-60s
00:31:55 Saving config file
00:31:55 Saved config file successfully
00:31:55 saveConfig: auto-save-60s
00:31:55 Saving config file
00:31:55 Saved config file successfully
00:32:55 saveConfig: auto-save-60s
00:32:55 Saving config file
00:32:55 Saved config file successfully
00:32:55 saveConfig: auto-save-60s
00:32:55 Saving config file
00:32:55 Saved config file successfully
00:33:06 saveConfig: saving-data
00:33:06 Saving sacks file
00:33:06 Saved sacks file successfully
00:33:06 saveConfig: saving-data
00:33:06 Saving sacks file
00:33:06 Saved sacks file successfully
00:33:55 saveConfig: auto-save-60s
00:33:55 Saving config file
00:33:55 Saved config file successfully
00:33:55 saveConfig: auto-save-60s
00:33:55 Saving config file
00:33:55 Saved config file successfully
00:34:04 saveConfig: saving-data
00:34:04 Saving sacks file
00:34:04 Saved sacks file successfully
00:34:04 saveConfig: saving-data
00:34:04 Saving sacks file
00:34:04 Saved sacks file successfully
00:34:12 saveConfig: saving-data
00:34:12 Saving sacks file
00:34:12 Saved sacks file successfully
00:34:12 saveConfig: saving-data
00:34:12 Saving sacks file
00:34:12 Saved sacks file successfully
00:34:39 saveConfig: saving-data
00:34:39 Saving sacks file
00:34:39 Saved sacks file successfully
00:34:39 saveConfig: saving-data
00:34:39 Saving sacks file
00:34:39 Saved sacks file successfully
00:34:49 saveConfig: saving-data
00:34:49 Saving sacks file
00:34:49 Saved sacks file successfully
00:34:49 saveConfig: saving-data
00:34:49 Saving sacks file
00:34:49 Saved sacks file successfully
00:34:55 saveConfig: auto-save-60s
00:34:55 Saving config file
00:34:55 Saved config file successfully
00:34:55 saveConfig: auto-save-60s
00:34:55 Saving config file
00:34:55 Saved config file successfully
00:35:21 saveConfig: saving-data
00:35:21 Saving sacks file
00:35:21 Saved sacks file successfully
00:35:21 saveConfig: saving-data
00:35:21 Saving sacks file
00:35:21 Saved sacks file successfully
00:35:27 saveConfig: saving-data
00:35:27 Saving sacks file
00:35:27 Saved sacks file successfully
00:35:27 saveConfig: saving-data
00:35:27 Saving sacks file
00:35:27 Saved sacks file successfully
00:35:36 saveConfig: saving-data
00:35:36 Saving sacks file
00:35:36 Saved sacks file successfully
00:35:36 saveConfig: saving-data
00:35:36 Saving sacks file
00:35:36 Saved sacks file successfully
00:35:44 saveConfig: saving-data
00:35:44 Saving sacks file
00:35:44 Saved sacks file successfully
00:35:44 saveConfig: saving-data
00:35:44 Saving sacks file
00:35:44 Saved sacks file successfully
00:35:55 saveConfig: auto-save-60s
00:35:55 Saving config file
00:35:55 Saved config file successfully
00:35:55 saveConfig: auto-save-60s
00:35:55 Saving config file
00:35:55 Saved config file successfully
00:35:58 saveConfig: saving-data
00:35:58 Saving sacks file
00:35:58 Saved sacks file successfully
00:35:58 saveConfig: saving-data
00:35:58 Saving sacks file
00:35:58 Saved sacks file successfully
00:36:04 saveConfig: saving-data
00:36:04 Saving sacks file
00:36:04 Saved sacks file successfully
00:36:04 saveConfig: saving-data
00:36:04 Saving sacks file
00:36:04 Saved sacks file successfully
00:36:17 saveConfig: saving-data
00:36:17 Saving sacks file
00:36:17 Saved sacks file successfully
00:36:17 saveConfig: saving-data
00:36:17 Saving sacks file
00:36:17 Saved sacks file successfully
00:36:32 saveConfig: saving-data
00:36:32 Saving sacks file
00:36:32 Saved sacks file successfully
00:36:32 saveConfig: saving-data
00:36:32 Saving sacks file
00:36:32 Saved sacks file successfully
00:36:43 saveConfig: saving-data
00:36:43 Saving sacks file
00:36:43 Saved sacks file successfully
00:36:43 saveConfig: saving-data
00:36:43 Saving sacks file
00:36:43 Saved sacks file successfully
00:36:53 saveConfig: saving-data
00:36:53 Saving sacks file
00:36:53 Saved sacks file successfully
00:36:53 saveConfig: saving-data
00:36:53 Saving sacks file
00:36:53 Saved sacks file successfully
00:36:55 saveConfig: auto-save-60s
00:36:55 Saving config file
00:36:55 Saved config file successfully
00:36:55 saveConfig: auto-save-60s
00:36:55 Saving config file
00:36:55 Saved config file successfully
00:37:02 saveConfig: saving-data
00:37:02 Saving sacks file
00:37:02 Saved sacks file successfully
00:37:02 saveConfig: saving-data
00:37:02 Saving sacks file
00:37:02 Saved sacks file successfully
00:37:08 saveConfig: saving-data
00:37:08 Saving sacks file
00:37:08 Saved sacks file successfully
00:37:08 saveConfig: saving-data
00:37:08 Saving sacks file
00:37:08 Saved sacks file successfully
00:37:17 saveConfig: saving-data
00:37:17 Saving sacks file
00:37:17 Saved sacks file successfully
00:37:17 saveConfig: saving-data
00:37:17 Saving sacks file
00:37:17 Saved sacks file successfully
00:37:37 saveConfig: saving-data
00:37:37 Saving sacks file
00:37:38 Saved sacks file successfully
00:37:38 saveConfig: saving-data
00:37:38 Saving sacks file
00:37:38 Saved sacks file successfully
00:37:44 saveConfig: saving-data
00:37:44 Saving sacks file
00:37:44 Saved sacks file successfully
00:37:44 saveConfig: saving-data
00:37:44 Saving sacks file
00:37:44 Saved sacks file successfully
00:37:55 saveConfig: auto-save-60s
00:37:55 Saving config file
00:37:55 Saved config file successfully
00:37:55 saveConfig: auto-save-60s
00:37:55 Saving config file
00:37:55 Saved config file successfully
00:38:03 saveConfig: saving-data
00:38:03 Saving sacks file
00:38:03 Saved sacks file successfully
00:38:03 saveConfig: saving-data
00:38:03 Saving sacks file
00:38:03 Saved sacks file successfully
00:38:22 saveConfig: saving-data
00:38:22 Saving sacks file
00:38:22 Saved sacks file successfully
00:38:22 saveConfig: saving-data
00:38:22 Saving sacks file
00:38:22 Saved sacks file successfully
00:38:32 saveConfig: saving-data
00:38:32 Saving sacks file
00:38:32 Saved sacks file successfully
00:38:32 saveConfig: saving-data
00:38:32 Saving sacks file
00:38:32 Saved sacks file successfully
00:38:38 saveConfig: saving-data
00:38:38 Saving sacks file
00:38:38 Saved sacks file successfully
00:38:38 saveConfig: saving-data
00:38:38 Saving sacks file
00:38:38 Saved sacks file successfully
00:38:55 saveConfig: auto-save-60s
00:38:55 Saving config file
00:38:55 Saved config file successfully
00:38:55 saveConfig: auto-save-60s
00:38:55 Saving config file
00:38:55 Saved config file successfully
00:39:04 saveConfig: saving-data
00:39:04 Saving sacks file
00:39:04 Saved sacks file successfully
00:39:04 saveConfig: saving-data
00:39:04 Saving sacks file
00:39:04 Saved sacks file successfully
00:39:22 saveConfig: saving-data
00:39:22 Saving sacks file
00:39:22 Saved sacks file successfully
00:39:22 saveConfig: saving-data
00:39:22 Saving sacks file
00:39:22 Saved sacks file successfully
00:39:40 saveConfig: saving-data
00:39:40 Saving sacks file
00:39:40 Saved sacks file successfully
00:39:40 saveConfig: saving-data
00:39:40 Saving sacks file
00:39:40 Saved sacks file successfully
00:39:55 saveConfig: auto-save-60s
00:39:55 Saving config file
00:39:55 Saved config file successfully
00:39:55 saveConfig: auto-save-60s
00:39:55 Saving config file
00:39:55 Saved config file successfully
00:40:06 saveConfig: saving-data
00:40:06 Saving sacks file
00:40:06 Saved sacks file successfully
00:40:06 saveConfig: saving-data
00:40:06 Saving sacks file
00:40:06 Saved sacks file successfully
00:40:22 saveConfig: saving-data
00:40:22 Saving sacks file
00:40:22 Saved sacks file successfully
00:40:22 saveConfig: saving-data
00:40:22 Saving sacks file
00:40:22 Saved sacks file successfully
00:40:48 saveConfig: saving-data
00:40:48 Saving sacks file
00:40:48 Saved sacks file successfully
00:40:48 saveConfig: saving-data
00:40:48 Saving sacks file
00:40:48 Saved sacks file successfully
00:40:55 saveConfig: auto-save-60s
00:40:55 Saving config file
00:40:55 Saved config file successfully
00:40:55 saveConfig: auto-save-60s
00:40:55 Saving config file
00:40:55 Saved config file successfully
00:40:58 saveConfig: saving-data
00:40:58 Saving sacks file
00:40:58 Saved sacks file successfully
00:40:58 saveConfig: saving-data
00:40:58 Saving sacks file
00:40:58 Saved sacks file successfully
00:41:29 saveConfig: saving-data
00:41:29 Saving sacks file
00:41:29 Saved sacks file successfully
00:41:29 saveConfig: saving-data
00:41:29 Saving sacks file
00:41:29 Saved sacks file successfully
00:41:40 saveConfig: saving-data
00:41:40 Saving sacks file
00:41:40 Saved sacks file successfully
00:41:40 saveConfig: saving-data
00:41:40 Saving sacks file
00:41:40 Saved sacks file successfully
00:41:53 saveConfig: saving-data
00:41:53 Saving sacks file
00:41:53 Saved sacks file successfully
00:41:53 saveConfig: saving-data
00:41:53 Saving sacks file
00:41:53 Saved sacks file successfully
00:41:55 saveConfig: auto-save-60s
00:41:55 Saving config file
00:41:55 Saved config file successfully
00:41:55 saveConfig: auto-save-60s
00:41:55 Saving config file
00:41:55 Saved config file successfully
00:42:02 saveConfig: saving-data
00:42:02 Saving sacks file
00:42:02 Saved sacks file successfully
00:42:02 saveConfig: saving-data
00:42:02 Saving sacks file
00:42:02 Saved sacks file successfully
00:42:08 saveConfig: saving-data
00:42:08 Saving sacks file
00:42:08 Saved sacks file successfully
00:42:08 saveConfig: saving-data
00:42:08 Saving sacks file
00:42:08 Saved sacks file successfully
00:42:15 saveConfig: saving-data
00:42:15 Saving sacks file
00:42:15 Saved sacks file successfully
00:42:15 saveConfig: saving-data
00:42:15 Saving sacks file
00:42:15 Saved sacks file successfully
00:42:46 saveConfig: saving-data
00:42:46 Saving sacks file
00:42:46 Saved sacks file successfully
00:42:46 saveConfig: saving-data
00:42:46 Saving sacks file
00:42:46 Saved sacks file successfully
00:42:55 saveConfig: auto-save-60s
00:42:55 Saving config file
00:42:55 Saved config file successfully
00:42:55 saveConfig: auto-save-60s
00:42:55 Saving config file
00:42:55 Saved config file successfully
00:43:03 saveConfig: saving-data
00:43:03 Saving sacks file
00:43:03 Saved sacks file successfully
00:43:03 saveConfig: saving-data
00:43:03 Saving sacks file
00:43:03 Saved sacks file successfully
00:43:13 saveConfig: saving-data
00:43:13 Saving sacks file
00:43:13 Saved sacks file successfully
00:43:13 saveConfig: saving-data
00:43:13 Saving sacks file
00:43:13 Saved sacks file successfully
00:43:20 saveConfig: saving-data
00:43:20 Saving sacks file
00:43:20 Saved sacks file successfully
00:43:20 saveConfig: saving-data
00:43:20 Saving sacks file
00:43:20 Saved sacks file successfully
00:43:36 saveConfig: saving-data
00:43:36 Saving sacks file
00:43:36 Saved sacks file successfully
00:43:36 saveConfig: saving-data
00:43:36 Saving sacks file
00:43:36 Saved sacks file successfully
00:43:55 saveConfig: auto-save-60s
00:43:55 Saving config file
00:43:55 Saved config file successfully
00:43:55 saveConfig: auto-save-60s
00:43:55 Saving config file
00:43:55 Saved config file successfully
00:43:59 saveConfig: saving-data
00:43:59 Saving sacks file
00:43:59 Saved sacks file successfully
00:43:59 saveConfig: saving-data
00:43:59 Saving sacks file
00:43:59 Saved sacks file successfully
00:44:31 saveConfig: saving-data
00:44:31 Saving sacks file
00:44:31 Saved sacks file successfully
00:44:31 saveConfig: saving-data
00:44:31 Saving sacks file
00:44:31 Saved sacks file successfully
00:44:43 saveConfig: saving-data
00:44:43 Saving sacks file
00:44:43 Saved sacks file successfully
00:44:43 saveConfig: saving-data
00:44:43 Saving sacks file
00:44:43 Saved sacks file successfully
00:44:49 saveConfig: saving-data
00:44:49 Saving sacks file
00:44:49 Saved sacks file successfully
00:44:49 saveConfig: saving-data
00:44:49 Saving sacks file
00:44:49 Saved sacks file successfully
00:44:55 saveConfig: auto-save-60s
00:44:55 Saving config file
00:44:55 Saved config file successfully
00:44:55 saveConfig: auto-save-60s
00:44:55 Saving config file
00:44:55 saveConfig: saving-data
00:44:55 Saving sacks file
00:44:55 Saved config file successfully
00:44:55 Saved sacks file successfully
00:44:55 saveConfig: saving-data
00:44:55 Saving sacks file
00:44:56 Saved sacks file successfully
00:45:09 saveConfig: saving-data
00:45:09 Saving sacks file
00:45:09 Saved sacks file successfully
00:45:09 saveConfig: saving-data
00:45:09 Saving sacks file
00:45:09 Saved sacks file successfully
00:45:15 saveConfig: saving-data
00:45:15 Saving sacks file
00:45:15 Saved sacks file successfully
00:45:15 saveConfig: saving-data
00:45:15 Saving sacks file
00:45:15 Saved sacks file successfully
00:45:26 saveConfig: saving-data
00:45:26 Saving sacks file
00:45:26 Saved sacks file successfully
00:45:26 saveConfig: saving-data
00:45:26 Saving sacks file
00:45:26 Saved sacks file successfully
00:45:31 saveConfig: saving-data
00:45:31 Saving sacks file
00:45:31 Saved sacks file successfully
00:45:31 saveConfig: saving-data
00:45:31 Saving sacks file
00:45:31 Saved sacks file successfully
00:45:48 saveConfig: saving-data
00:45:48 Saving sacks file
00:45:48 Saved sacks file successfully
00:45:48 saveConfig: saving-data
00:45:48 Saving sacks file
00:45:48 Saved sacks file successfully
00:45:55 saveConfig: auto-save-60s
00:45:55 Saving config file
00:45:55 Saved config file successfully
00:45:55 saveConfig: auto-save-60s
00:45:55 Saving config file
00:45:55 Saved config file successfully
00:46:04 saveConfig: saving-data
00:46:04 Saving sacks file
00:46:04 Saved sacks file successfully
00:46:04 saveConfig: saving-data
00:46:04 Saving sacks file
00:46:04 Saved sacks file successfully
00:46:20 saveConfig: saving-data
00:46:20 Saving sacks file
00:46:20 Saved sacks file successfully
00:46:20 saveConfig: saving-data
00:46:20 Saving sacks file
00:46:20 Saved sacks file successfully
00:46:34 saveConfig: saving-data
00:46:34 Saving sacks file
00:46:34 Saved sacks file successfully
00:46:34 saveConfig: saving-data
00:46:34 Saving sacks file
00:46:34 Saved sacks file successfully
00:46:55 saveConfig: auto-save-60s
00:46:55 Saving config file
00:46:55 Saved config file successfully
00:46:55 saveConfig: auto-save-60s
00:46:55 Saving config file
00:46:55 Saved config file successfully
00:47:26 saveConfig: saving-data
00:47:26 Saving sacks file
00:47:26 Saved sacks file successfully
00:47:26 saveConfig: saving-data
00:47:26 Saving sacks file
00:47:26 Saved sacks file successfully
00:47:55 saveConfig: auto-save-60s
00:47:55 Saving config file
00:47:55 Saved config file successfully
00:47:55 saveConfig: auto-save-60s
00:47:55 Saving config file
00:47:55 Saved config file successfully
00:48:02 saveConfig: saving-data
00:48:02 Saving sacks file
00:48:02 Saved sacks file successfully
00:48:02 saveConfig: saving-data
00:48:02 Saving sacks file
00:48:02 Saved sacks file successfully
00:48:08 saveConfig: saving-data
00:48:08 Saving sacks file
00:48:08 Saved sacks file successfully
00:48:08 saveConfig: saving-data
00:48:08 Saving sacks file
00:48:08 Saved sacks file successfully
00:48:22 saveConfig: saving-data
00:48:22 Saving sacks file
00:48:22 Saved sacks file successfully
00:48:22 saveConfig: saving-data
00:48:22 Saving sacks file
00:48:22 Saved sacks file successfully
00:48:55 saveConfig: saving-data
00:48:55 Saving sacks file
00:48:55 Saved sacks file successfully
00:48:55 saveConfig: saving-data
00:48:55 Saving sacks file
00:48:55 Saved sacks file successfully
00:48:55 saveConfig: auto-save-60s
00:48:55 Saving config file
00:48:55 Saved config file successfully
00:48:55 saveConfig: auto-save-60s
00:48:55 Saving config file
00:48:55 Saved config file successfully
00:49:25 saveConfig: saving-data
00:49:25 Saving sacks file
00:49:25 Saved sacks file successfully
00:49:25 saveConfig: saving-data
00:49:25 Saving sacks file
00:49:25 Saved sacks file successfully
00:49:32 saveConfig: saving-data
00:49:32 Saving sacks file
00:49:32 Saved sacks file successfully
00:49:32 saveConfig: saving-data
00:49:32 Saving sacks file
00:49:32 Saved sacks file successfully
00:49:50 saveConfig: saving-data
00:49:50 Saving sacks file
00:49:50 Saved sacks file successfully
00:49:50 saveConfig: saving-data
00:49:50 Saving sacks file
00:49:50 Saved sacks file successfully
00:49:55 saveConfig: auto-save-60s
00:49:55 Saving config file
00:49:55 Saved config file successfully
00:49:55 saveConfig: auto-save-60s
00:49:55 Saving config file
00:49:55 Saved config file successfully
00:50:18 saveConfig: saving-data
00:50:18 Saving sacks file
00:50:18 Saved sacks file successfully
00:50:18 saveConfig: saving-data
00:50:18 Saving sacks file
00:50:18 Saved sacks file successfully
00:50:46 saveConfig: saving-data
00:50:46 Saving sacks file
00:50:46 Saved sacks file successfully
00:50:46 saveConfig: saving-data
00:50:46 Saving sacks file
00:50:46 Saved sacks file successfully
00:50:55 saveConfig: auto-save-60s
00:50:55 Saving config file
00:50:55 Saved config file successfully
00:50:55 saveConfig: auto-save-60s
00:50:55 Saving config file
00:50:55 Saved config file successfully
00:51:20 saveConfig: saving-data
00:51:20 Saving sacks file
00:51:20 Saved sacks file successfully
00:51:20 saveConfig: saving-data
00:51:20 Saving sacks file
00:51:20 Saved sacks file successfully
00:51:33 saveConfig: saving-data
00:51:33 Saving sacks file
00:51:33 Saved sacks file successfully
00:51:33 saveConfig: saving-data
00:51:33 Saving sacks file
00:51:33 Saved sacks file successfully
00:51:55 saveConfig: auto-save-60s
00:51:55 Saving config file
00:51:55 Saved config file successfully
00:51:55 saveConfig: auto-save-60s
00:51:55 Saving config file
00:51:55 Saved config file successfully
00:52:19 saveConfig: saving-data
00:52:19 Saving sacks file
00:52:19 Saved sacks file successfully
00:52:19 saveConfig: saving-data
00:52:19 Saving sacks file
00:52:19 Saved sacks file successfully
00:52:26 saveConfig: saving-data
00:52:26 Saving sacks file
00:52:26 Saved sacks file successfully
00:52:26 saveConfig: saving-data
00:52:26 Saving sacks file
00:52:26 Saved sacks file successfully
00:52:33 saveConfig: saving-data
00:52:33 Saving sacks file
00:52:33 Saved sacks file successfully
00:52:33 saveConfig: saving-data
00:52:33 Saving sacks file
00:52:33 Saved sacks file successfully
00:52:55 saveConfig: auto-save-60s
00:52:55 Saving config file
00:52:55 Saved config file successfully
00:52:55 saveConfig: auto-save-60s
00:52:55 Saving config file
00:52:55 Saved config file successfully
00:53:00 saveConfig: saving-data
00:53:00 Saving sacks file
00:53:00 Saved sacks file successfully
00:53:00 saveConfig: saving-data
00:53:00 Saving sacks file
00:53:00 Saved sacks file successfully
00:53:27 saveConfig: saving-data
00:53:27 Saving sacks file
00:53:27 Saved sacks file successfully
00:53:27 saveConfig: saving-data
00:53:27 Saving sacks file
00:53:27 Saved sacks file successfully
00:53:38 saveConfig: saving-data
00:53:38 Saving sacks file
00:53:39 Saved sacks file successfully
00:53:39 saveConfig: saving-data
00:53:39 Saving sacks file
00:53:39 Saved sacks file successfully
00:53:55 saveConfig: auto-save-60s
00:53:55 Saving config file
00:53:55 Saved config file successfully
00:53:55 saveConfig: auto-save-60s
00:53:55 Saving config file
00:53:55 Saved config file successfully
00:53:59 saveConfig: saving-data
00:53:59 Saving sacks file
00:53:59 Saved sacks file successfully
00:53:59 saveConfig: saving-data
00:53:59 Saving sacks file
00:53:59 Saved sacks file successfully
00:54:05 saveConfig: saving-data
00:54:05 Saving sacks file
00:54:05 Saved sacks file successfully
00:54:05 saveConfig: saving-data
00:54:05 Saving sacks file
00:54:05 Saved sacks file successfully
00:54:29 saveConfig: saving-data
00:54:29 Saving sacks file
00:54:29 Saved sacks file successfully
00:54:29 saveConfig: saving-data
00:54:29 Saving sacks file
00:54:30 Saved sacks file successfully
00:54:52 saveConfig: saving-data
00:54:52 Saving sacks file
00:54:52 Saved sacks file successfully
00:54:52 saveConfig: saving-data
00:54:52 Saving sacks file
00:54:52 Saved sacks file successfully
00:54:55 saveConfig: auto-save-60s
00:54:55 Saving config file
00:54:55 Saved config file successfully
00:54:55 saveConfig: auto-save-60s
00:54:55 Saving config file
00:54:55 Saved config file successfully
00:55:16 saveConfig: saving-data
00:55:16 Saving sacks file
00:55:16 Saved sacks file successfully
00:55:16 saveConfig: saving-data
00:55:16 Saving sacks file
00:55:16 Saved sacks file successfully
00:55:24 saveConfig: saving-data
00:55:24 Saving sacks file
00:55:24 Saved sacks file successfully
00:55:24 saveConfig: saving-data
00:55:24 Saving sacks file
00:55:24 Saved sacks file successfully
00:55:55 saveConfig: auto-save-60s
00:55:55 Saving config file
00:55:55 Saved config file successfully
00:55:55 saveConfig: auto-save-60s
00:55:55 Saving config file
00:55:55 Saved config file successfully
00:55:56 saveConfig: saving-data
00:55:56 Saving sacks file
00:55:56 Saved sacks file successfully
00:55:56 saveConfig: saving-data
00:55:56 Saving sacks file
00:55:56 Saved sacks file successfully
00:56:25 saveConfig: saving-data
00:56:25 Saving sacks file
00:56:25 Saved sacks file successfully
00:56:25 saveConfig: saving-data
00:56:25 Saving sacks file
00:56:25 Saved sacks file successfully
00:56:31 saveConfig: saving-data
00:56:31 Saving sacks file
00:56:31 Saved sacks file successfully
00:56:31 saveConfig: saving-data
00:56:31 Saving sacks file
00:56:31 Saved sacks file successfully
00:56:45 saveConfig: saving-data
00:56:45 Saving sacks file
00:56:45 Saved sacks file successfully
00:56:45 saveConfig: saving-data
00:56:45 Saving sacks file
00:56:45 Saved sacks file successfully
00:56:55 saveConfig: auto-save-60s
00:56:55 Saving config file
00:56:55 Saved config file successfully
00:56:55 saveConfig: auto-save-60s
00:56:55 Saving config file
00:56:55 Saved config file successfully
00:57:15 saveConfig: saving-data
00:57:15 Saving sacks file
00:57:15 Saved sacks file successfully
00:57:15 saveConfig: saving-data
00:57:15 Saving sacks file
00:57:15 Saved sacks file successfully
00:57:40 saveConfig: saving-data
00:57:40 Saving sacks file
00:57:40 Saved sacks file successfully
00:57:40 saveConfig: saving-data
00:57:40 Saving sacks file
00:57:40 Saved sacks file successfully
00:57:55 saveConfig: auto-save-60s
00:57:55 Saving config file
00:57:55 Saved config file successfully
00:57:55 saveConfig: auto-save-60s
00:57:55 Saving config file
00:57:55 Saved config file successfully
00:58:04 saveConfig: saving-data
00:58:04 Saving sacks file
00:58:04 Saved sacks file successfully
00:58:04 saveConfig: saving-data
00:58:04 Saving sacks file
00:58:04 Saved sacks file successfully
00:58:17 saveConfig: saving-data
00:58:17 Saving sacks file
00:58:17 Saved sacks file successfully
00:58:17 saveConfig: saving-data
00:58:17 Saving sacks file
00:58:17 Saved sacks file successfully
00:58:43 saveConfig: saving-data
00:58:43 Saving sacks file
00:58:43 Saved sacks file successfully
00:58:43 saveConfig: saving-data
00:58:43 Saving sacks file
00:58:43 Saved sacks file successfully
00:58:55 saveConfig: auto-save-60s
00:58:55 Saving config file
00:58:55 Saved config file successfully
00:58:55 saveConfig: auto-save-60s
00:58:55 Saving config file
00:58:55 Saved config file successfully
00:59:01 saveConfig: saving-data
00:59:01 Saving sacks file
00:59:01 Saved sacks file successfully
00:59:01 saveConfig: saving-data
00:59:01 Saving sacks file
00:59:01 Saved sacks file successfully
00:59:07 saveConfig: saving-data
00:59:07 Saving sacks file
00:59:07 Saved sacks file successfully
00:59:07 saveConfig: saving-data
00:59:07 Saving sacks file
00:59:07 Saved sacks file successfully
00:59:33 saveConfig: saving-data
00:59:33 Saving sacks file
00:59:33 Saved sacks file successfully
00:59:33 saveConfig: saving-data
00:59:33 Saving sacks file
00:59:33 Saved sacks file successfully
00:59:55 saveConfig: auto-save-60s
00:59:55 Saving config file
00:59:55 Saved config file successfully
00:59:55 saveConfig: auto-save-60s
00:59:55 Saving config file
00:59:55 Saved config file successfully
01:00:05 saveConfig: saving-data
01:00:05 Saving sacks file
01:00:05 Saved sacks file successfully
01:00:05 saveConfig: saving-data
01:00:05 Saving sacks file
01:00:05 Saved sacks file successfully
01:00:12 saveConfig: saving-data
01:00:12 Saving sacks file
01:00:12 Saved sacks file successfully
01:00:12 saveConfig: saving-data
01:00:12 Saving sacks file
01:00:12 Saved sacks file successfully
01:00:38 saveConfig: saving-data
01:00:38 Saving sacks file
01:00:38 Saved sacks file successfully
01:00:38 saveConfig: saving-data
01:00:38 Saving sacks file
01:00:38 Saved sacks file successfully
01:00:55 saveConfig: auto-save-60s
01:00:55 Saving config file
01:00:55 Saved config file successfully
01:00:55 saveConfig: auto-save-60s
01:00:55 Saving config file
01:00:55 Saved config file successfully
01:01:55 saveConfig: auto-save-60s
01:01:55 Saving config file
01:01:55 Saved config file successfully
01:01:55 saveConfig: auto-save-60s
01:01:55 Saving config file
01:01:55 Saved config file successfully
01:02:55 saveConfig: auto-save-60s
01:02:55 Saving config file
01:02:55 Saved config file successfully
01:02:55 saveConfig: auto-save-60s
01:02:55 Saving config file
01:02:55 Saved config file successfully
01:03:53 saveConfig: saving-data
01:03:53 Saving sacks file
01:03:53 Saved sacks file successfully
01:03:53 saveConfig: saving-data
01:03:53 Saving sacks file
01:03:53 Saved sacks file successfully
01:03:55 saveConfig: auto-save-60s
01:03:55 Saving config file
01:03:55 Saved config file successfully
01:03:55 saveConfig: auto-save-60s
01:03:55 Saving config file
01:03:55 Saved config file successfully
01:04:55 saveConfig: auto-save-60s
01:04:55 Saving config file
01:04:55 Saved config file successfully
01:04:55 saveConfig: auto-save-60s
01:04:55 Saving config file
01:04:55 Saved config file successfully
01:05:51 saveConfig: saving-data
01:05:51 Saving sacks file
01:05:51 Saved sacks file successfully
01:05:51 saveConfig: saving-data
01:05:51 Saving sacks file
01:05:51 Saved sacks file successfully
01:05:55 saveConfig: auto-save-60s
01:05:55 Saving config file
01:05:55 Saved config file successfully
01:05:55 saveConfig: auto-save-60s
01:05:55 Saving config file
01:05:55 Saved config file successfully
01:06:02 saveConfig: saving-data
01:06:02 Saving sacks file
01:06:02 Saved sacks file successfully
01:06:02 saveConfig: saving-data
01:06:02 Saving sacks file
01:06:02 Saved sacks file successfully
01:06:55 saveConfig: auto-save-60s
01:06:55 Saving config file
01:06:55 Saved config file successfully
01:06:55 saveConfig: auto-save-60s
01:06:55 Saving config file
01:06:55 Saved config file successfully
01:07:12 saveConfig: saving-data
01:07:12 Saving sacks file
01:07:12 Saved sacks file successfully
01:07:12 saveConfig: saving-data
01:07:12 Saving sacks file
01:07:12 Saved sacks file successfully
01:07:20 saveConfig: saving-data
01:07:20 Saving sacks file
01:07:20 Saved sacks file successfully
01:07:20 saveConfig: saving-data
01:07:20 Saving sacks file
01:07:20 Saved sacks file successfully
01:07:55 saveConfig: auto-save-60s
01:07:55 Saving config file
01:07:55 Saved config file successfully
01:07:55 saveConfig: auto-save-60s
01:07:55 Saving config file
01:07:55 Saved config file successfully
01:08:46 saveConfig: saving-data
01:08:46 Saving sacks file
01:08:46 Saved sacks file successfully
01:08:46 saveConfig: saving-data
01:08:46 Saving sacks file
01:08:46 Saved sacks file successfully
01:08:55 saveConfig: auto-save-60s
01:08:55 Saving config file
01:08:55 Saved config file successfully
01:08:55 saveConfig: auto-save-60s
01:08:55 Saving config file
01:08:55 Saved config file successfully
01:08:59 saveConfig: saving-data
01:08:59 Saving sacks file
01:08:59 Saved sacks file successfully
01:08:59 saveConfig: saving-data
01:08:59 Saving sacks file
01:08:59 Saved sacks file successfully
01:09:41 saveConfig: saving-data
01:09:41 Saving sacks file
01:09:41 Saved sacks file successfully
01:09:41 saveConfig: saving-data
01:09:41 Saving sacks file
01:09:41 Saved sacks file successfully
01:09:55 saveConfig: auto-save-60s
01:09:55 Saving config file
01:09:55 Saved config file successfully
01:09:55 saveConfig: auto-save-60s
01:09:55 Saving config file
01:09:55 Saved config file successfully
01:10:21 saveConfig: saving-data
01:10:21 Saving sacks file
01:10:21 Saved sacks file successfully
01:10:21 saveConfig: saving-data
01:10:21 Saving sacks file
01:10:21 Saved sacks file successfully
01:10:29 saveConfig: saving-data
01:10:29 Saving sacks file
01:10:29 Saved sacks file successfully
01:10:29 saveConfig: saving-data
01:10:29 Saving sacks file
01:10:29 Saved sacks file successfully
01:10:38 saveConfig: saving-data
01:10:38 Saving sacks file
01:10:38 Saved sacks file successfully
01:10:38 saveConfig: saving-data
01:10:38 Saving sacks file
01:10:38 Saved sacks file successfully
01:10:48 saveConfig: saving-data
01:10:48 Saving sacks file
01:10:48 Saved sacks file successfully
01:10:48 saveConfig: saving-data
01:10:48 Saving sacks file
01:10:48 Saved sacks file successfully
01:10:55 saveConfig: auto-save-60s
01:10:55 Saving config file
01:10:55 Saved config file successfully
01:10:55 saveConfig: auto-save-60s
01:10:55 Saving config file
01:10:55 Saved config file successfully
01:10:56 saveConfig: saving-data
01:10:56 Saving sacks file
01:10:56 Saved sacks file successfully
01:10:56 saveConfig: saving-data
01:10:56 Saving sacks file
01:10:56 Saved sacks file successfully
01:11:07 saveConfig: saving-data
01:11:07 Saving sacks file
01:11:07 Saved sacks file successfully
01:11:07 saveConfig: saving-data
01:11:07 Saving sacks file
01:11:07 Saved sacks file successfully
01:11:19 saveConfig: saving-data
01:11:19 Saving sacks file
01:11:19 Saved sacks file successfully
01:11:19 saveConfig: saving-data
01:11:19 Saving sacks file
01:11:19 Saved sacks file successfully
01:11:28 saveConfig: saving-data
01:11:28 Saving sacks file
01:11:28 Saved sacks file successfully
01:11:28 saveConfig: saving-data
01:11:28 Saving sacks file
01:11:28 Saved sacks file successfully
01:11:55 saveConfig: auto-save-60s
01:11:55 Saving config file
01:11:55 Saved config file successfully
01:11:55 saveConfig: auto-save-60s
01:11:55 Saving config file
01:11:55 Saved config file successfully
01:12:08 saveConfig: saving-data
01:12:08 Saving sacks file
01:12:08 Saved sacks file successfully
01:12:08 saveConfig: saving-data
01:12:08 Saving sacks file
01:12:08 Saved sacks file successfully
01:12:19 saveConfig: saving-data
01:12:19 Saving sacks file
01:12:19 Saved sacks file successfully
01:12:19 saveConfig: saving-data
01:12:19 Saving sacks file
01:12:19 Saved sacks file successfully
01:12:36 saveConfig: saving-data
01:12:36 Saving sacks file
01:12:36 Saved sacks file successfully
01:12:36 saveConfig: saving-data
01:12:36 Saving sacks file
01:12:36 Saved sacks file successfully
01:12:55 saveConfig: auto-save-60s
01:12:55 Saving config file
01:12:55 Saved config file successfully
01:12:55 saveConfig: auto-save-60s
01:12:55 Saving config file
01:12:55 Saved config file successfully
01:13:08 saveConfig: saving-data
01:13:08 Saving sacks file
01:13:08 Saved sacks file successfully
01:13:08 saveConfig: saving-data
01:13:08 Saving sacks file
01:13:08 Saved sacks file successfully
01:13:16 saveConfig: saving-data
01:13:16 Saving sacks file
01:13:16 Saved sacks file successfully
01:13:16 saveConfig: saving-data
01:13:16 Saving sacks file
01:13:16 Saved sacks file successfully
01:13:28 saveConfig: saving-data
01:13:28 Saving sacks file
01:13:28 Saved sacks file successfully
01:13:28 saveConfig: saving-data
01:13:28 Saving sacks file
01:13:28 Saved sacks file successfully
01:13:37 saveConfig: saving-data
01:13:37 Saving sacks file
01:13:37 Saved sacks file successfully
01:13:37 saveConfig: saving-data
01:13:37 Saving sacks file
01:13:37 Saved sacks file successfully
01:13:52 saveConfig: saving-data
01:13:52 Saving sacks file
01:13:52 Saved sacks file successfully
01:13:52 saveConfig: saving-data
01:13:52 Saving sacks file
01:13:52 Saved sacks file successfully
01:13:55 saveConfig: auto-save-60s
01:13:55 Saving config file
01:13:55 Saved config file successfully
01:13:55 saveConfig: auto-save-60s
01:13:55 Saving config file
01:13:55 Saved config file successfully
01:14:16 saveConfig: saving-data
01:14:16 Saving sacks file
01:14:16 Saved sacks file successfully
01:14:16 saveConfig: saving-data
01:14:16 Saving sacks file
01:14:16 Saved sacks file successfully
01:14:55 saveConfig: auto-save-60s
01:14:55 Saving config file
01:14:55 Saved config file successfully
01:14:55 saveConfig: auto-save-60s
01:14:55 Saving config file
01:14:55 Saved config file successfully
01:15:02 saveConfig: saving-data
01:15:02 Saving sacks file
01:15:02 Saved sacks file successfully
01:15:02 saveConfig: saving-data
01:15:02 Saving sacks file
01:15:02 Saved sacks file successfully
01:15:17 saveConfig: saving-data
01:15:17 Saving sacks file
01:15:17 Saved sacks file successfully
01:15:17 saveConfig: saving-data
01:15:17 Saving sacks file
01:15:17 Saved sacks file successfully
01:15:34 saveConfig: saving-data
01:15:34 Saving sacks file
01:15:34 Saved sacks file successfully
01:15:34 saveConfig: saving-data
01:15:34 Saving sacks file
01:15:34 Saved sacks file successfully
01:15:48 saveConfig: saving-data
01:15:48 Saving sacks file
01:15:48 Saved sacks file successfully
01:15:48 saveConfig: saving-data
01:15:48 Saving sacks file
01:15:48 Saved sacks file successfully
01:15:55 saveConfig: auto-save-60s
01:15:55 Saving config file
01:15:55 Saved config file successfully
01:15:55 saveConfig: auto-save-60s
01:15:55 Saving config file
01:15:55 Saved config file successfully
01:16:05 saveConfig: saving-data
01:16:05 Saving sacks file
01:16:05 Saved sacks file successfully
01:16:05 saveConfig: saving-data
01:16:05 Saving sacks file
01:16:05 Saved sacks file successfully
01:16:22 saveConfig: saving-data
01:16:22 Saving sacks file
01:16:22 Saved sacks file successfully
01:16:22 saveConfig: saving-data
01:16:22 Saving sacks file
01:16:22 Saved sacks file successfully
01:16:35 saveConfig: saving-data
01:16:35 Saving sacks file
01:16:35 Saved sacks file successfully
01:16:35 saveConfig: saving-data
01:16:35 Saving sacks file
01:16:35 Saved sacks file successfully
01:16:55 saveConfig: auto-save-60s
01:16:55 Saving config file
01:16:55 Saved config file successfully
01:16:55 saveConfig: auto-save-60s
01:16:55 Saving config file
01:16:55 Saved config file successfully
01:17:00 saveConfig: saving-data
01:17:00 Saving sacks file
01:17:00 Saved sacks file successfully
01:17:00 saveConfig: saving-data
01:17:00 Saving sacks file
01:17:00 Saved sacks file successfully
01:17:51 saveConfig: saving-data
01:17:51 Saving sacks file
01:17:51 Saved sacks file successfully
01:17:51 saveConfig: saving-data
01:17:51 Saving sacks file
01:17:51 Saved sacks file successfully
01:17:55 saveConfig: auto-save-60s
01:17:55 Saving config file
01:17:55 Saved config file successfully
01:17:55 saveConfig: auto-save-60s
01:17:55 Saving config file
01:17:55 Saved config file successfully
01:17:59 saveConfig: saving-data
01:17:59 Saving sacks file
01:17:59 Saved sacks file successfully
01:17:59 saveConfig: saving-data
01:17:59 Saving sacks file
01:17:59 Saved sacks file successfully
01:18:12 saveConfig: saving-data
01:18:12 Saving sacks file
01:18:12 Saved sacks file successfully
01:18:12 saveConfig: saving-data
01:18:12 Saving sacks file
01:18:12 Saved sacks file successfully
01:18:55 saveConfig: auto-save-60s
01:18:55 Saving config file
01:18:55 Saved config file successfully
01:18:55 saveConfig: auto-save-60s
01:18:55 Saving config file
01:18:55 Saved config file successfully
01:18:57 saveConfig: saving-data
01:18:57 Saving sacks file
01:18:57 Saved sacks file successfully
01:18:57 saveConfig: saving-data
01:18:57 Saving sacks file
01:18:57 Saved sacks file successfully
01:19:49 saveConfig: saving-data
01:19:49 Saving sacks file
01:19:49 Saved sacks file successfully
01:19:49 saveConfig: saving-data
01:19:49 Saving sacks file
01:19:49 Saved sacks file successfully
01:19:55 saveConfig: auto-save-60s
01:19:55 Saving config file
01:19:55 Saved config file successfully
01:19:55 saveConfig: auto-save-60s
01:19:55 Saving config file
01:19:55 Saved config file successfully
01:20:31 saveConfig: saving-data
01:20:31 Saving sacks file
01:20:31 Saved sacks file successfully
01:20:31 saveConfig: saving-data
01:20:31 Saving sacks file
01:20:31 Saved sacks file successfully
01:20:46 saveConfig: saving-data
01:20:46 Saving sacks file
01:20:46 Saved sacks file successfully
01:20:46 saveConfig: saving-data
01:20:46 Saving sacks file
01:20:46 Saved sacks file successfully
01:20:55 saveConfig: auto-save-60s
01:20:55 Saving config file
01:20:55 Saved config file successfully
01:20:55 saveConfig: auto-save-60s
01:20:55 Saving config file
01:20:55 Saved config file successfully
01:21:08 saveConfig: saving-data
01:21:08 Saving sacks file
01:21:08 Saved sacks file successfully
01:21:08 saveConfig: saving-data
01:21:08 Saving sacks file
01:21:08 Saved sacks file successfully
01:21:23 saveConfig: saving-data
01:21:23 Saving sacks file
01:21:23 Saved sacks file successfully
01:21:23 saveConfig: saving-data
01:21:23 Saving sacks file
01:21:23 Saved sacks file successfully
01:21:39 saveConfig: saving-data
01:21:39 Saving sacks file
01:21:39 Saved sacks file successfully
01:21:39 saveConfig: saving-data
01:21:39 Saving sacks file
01:21:39 Saved sacks file successfully
01:21:55 saveConfig: saving-data
01:21:55 Saving sacks file
01:21:55 Saved sacks file successfully
01:21:55 saveConfig: saving-data
01:21:55 Saving sacks file
01:21:55 Saved sacks file successfully
01:21:55 saveConfig: auto-save-60s
01:21:55 Saving config file
01:21:55 Saved config file successfully
01:21:55 saveConfig: auto-save-60s
01:21:55 Saving config file
01:21:55 Saved config file successfully
01:22:07 saveConfig: saving-data
01:22:07 Saving sacks file
01:22:07 Saved sacks file successfully
01:22:07 saveConfig: saving-data
01:22:07 Saving sacks file
01:22:07 Saved sacks file successfully
01:22:27 saveConfig: saving-data
01:22:27 Saving sacks file
01:22:27 Saved sacks file successfully
01:22:27 saveConfig: saving-data
01:22:27 Saving sacks file
01:22:27 Saved sacks file successfully
01:22:55 saveConfig: auto-save-60s
01:22:55 Saving config file
01:22:55 Saved config file successfully
01:22:55 saveConfig: auto-save-60s
01:22:55 Saving config file
01:22:55 Saved config file successfully
01:23:55 saveConfig: auto-save-60s
01:23:55 Saving config file
01:23:55 Saved config file successfully
01:23:55 saveConfig: auto-save-60s
01:23:55 Saving config file
01:23:55 Saved config file successfully
01:24:55 saveConfig: auto-save-60s
01:24:55 Saving config file
01:24:55 Saved config file successfully
01:24:55 saveConfig: auto-save-60s
01:24:55 Saving config file
01:24:55 Saved config file successfully
01:25:47 saveConfig: saving-data
01:25:47 Saving sacks file
01:25:47 Saved sacks file successfully
01:25:47 saveConfig: saving-data
01:25:47 Saving sacks file
01:25:47 Saved sacks file successfully
01:25:55 saveConfig: saving-data
01:25:55 Saving sacks file
01:25:55 Saved sacks file successfully
01:25:55 saveConfig: saving-data
01:25:55 Saving sacks file
01:25:55 saveConfig: auto-save-60s
01:25:55 Saving config file
01:25:55 Saved sacks file successfully
01:25:55 Saved config file successfully
01:25:55 saveConfig: auto-save-60s
01:25:55 Saving config file
01:25:55 Saved config file successfully
01:26:18 saveConfig: saving-data
01:26:18 Saving sacks file
01:26:18 Saved sacks file successfully
01:26:18 saveConfig: saving-data
01:26:18 Saving sacks file
01:26:18 Saved sacks file successfully
01:26:38 saveConfig: saving-data
01:26:38 Saving sacks file
01:26:38 Saved sacks file successfully
01:26:38 saveConfig: saving-data
01:26:38 Saving sacks file
01:26:38 Saved sacks file successfully
01:26:55 saveConfig: auto-save-60s
01:26:55 Saving config file
01:26:55 Saved config file successfully
01:26:55 saveConfig: auto-save-60s
01:26:55 Saving config file
01:26:55 Saved config file successfully
01:27:04 saveConfig: saving-data
01:27:04 Saving sacks file
01:27:04 Saved sacks file successfully
01:27:04 saveConfig: saving-data
01:27:04 Saving sacks file
01:27:04 Saved sacks file successfully
01:27:24 saveConfig: saving-data
01:27:24 Saving sacks file
01:27:24 Saved sacks file successfully
01:27:24 saveConfig: saving-data
01:27:24 Saving sacks file
01:27:24 Saved sacks file successfully
01:27:34 saveConfig: saving-data
01:27:34 Saving sacks file
01:27:34 Saved sacks file successfully
01:27:34 saveConfig: saving-data
01:27:34 Saving sacks file
01:27:34 Saved sacks file successfully
01:27:43 saveConfig: saving-data
01:27:43 Saving sacks file
01:27:43 Saved sacks file successfully
01:27:43 saveConfig: saving-data
01:27:43 Saving sacks file
01:27:43 Saved sacks file successfully
01:27:55 saveConfig: auto-save-60s
01:27:55 Saving config file
01:27:55 Saved config file successfully
01:27:55 saveConfig: auto-save-60s
01:27:55 Saving config file
01:27:55 Saved config file successfully
01:28:04 saveConfig: saving-data
01:28:04 Saving sacks file
01:28:04 Saved sacks file successfully
01:28:04 saveConfig: saving-data
01:28:04 Saving sacks file
01:28:04 Saved sacks file successfully
01:28:14 saveConfig: saving-data
01:28:14 Saving sacks file
01:28:14 Saved sacks file successfully
01:28:14 saveConfig: saving-data
01:28:14 Saving sacks file
01:28:14 Saved sacks file successfully
01:28:31 saveConfig: saving-data
01:28:31 Saving sacks file
01:28:31 Saved sacks file successfully
01:28:31 saveConfig: saving-data
01:28:31 Saving sacks file
01:28:31 Saved sacks file successfully
01:28:39 saveConfig: saving-data
01:28:39 Saving sacks file
01:28:39 Saved sacks file successfully
01:28:39 saveConfig: saving-data
01:28:39 Saving sacks file
01:28:39 Saved sacks file successfully
01:28:55 saveConfig: auto-save-60s
01:28:55 Saving config file
01:28:55 Saved config file successfully
01:28:55 saveConfig: auto-save-60s
01:28:55 Saving config file
01:28:55 Saved config file successfully
01:28:59 saveConfig: saving-data
01:28:59 Saving sacks file
01:28:59 Saved sacks file successfully
01:28:59 saveConfig: saving-data
01:28:59 Saving sacks file
01:28:59 Saved sacks file successfully
01:29:19 saveConfig: saving-data
01:29:19 Saving sacks file
01:29:19 Saved sacks file successfully
01:29:19 saveConfig: saving-data
01:29:19 Saving sacks file
01:29:19 Saved sacks file successfully
01:29:31 saveConfig: saving-data
01:29:31 Saving sacks file
01:29:31 Saved sacks file successfully
01:29:31 saveConfig: saving-data
01:29:31 Saving sacks file
01:29:31 Saved sacks file successfully
01:29:41 saveConfig: saving-data
01:29:41 Saving sacks file
01:29:41 Saved sacks file successfully
01:29:41 saveConfig: saving-data
01:29:41 Saving sacks file
01:29:41 Saved sacks file successfully
01:29:55 saveConfig: auto-save-60s
01:29:55 Saving config file
01:29:55 Saved config file successfully
01:29:55 saveConfig: auto-save-60s
01:29:55 Saving config file
01:29:55 Saved config file successfully
01:30:15 saveConfig: saving-data
01:30:15 Saving sacks file
01:30:15 Saved sacks file successfully
01:30:15 saveConfig: saving-data
01:30:15 Saving sacks file
01:30:15 Saved sacks file successfully
01:30:55 saveConfig: auto-save-60s
01:30:55 Saving config file
01:30:55 Saved config file successfully
01:30:55 saveConfig: auto-save-60s
01:30:55 Saving config file
01:30:55 Saved config file successfully
01:30:58 saveConfig: saving-data
01:30:58 Saving sacks file
01:30:58 Saved sacks file successfully
01:30:58 saveConfig: saving-data
01:30:58 Saving sacks file
01:30:58 Saved sacks file successfully
01:31:45 saveConfig: saving-data
01:31:45 Saving sacks file
01:31:45 Saved sacks file successfully
01:31:45 saveConfig: saving-data
01:31:45 Saving sacks file
01:31:45 Saved sacks file successfully
01:31:55 saveConfig: auto-save-60s
01:31:55 Saving config file
01:31:55 Saved config file successfully
01:31:55 saveConfig: auto-save-60s
01:31:55 Saving config file
01:31:55 Saved config file successfully
01:32:14 saveConfig: saving-data
01:32:14 Saving sacks file
01:32:14 Saved sacks file successfully
01:32:14 saveConfig: saving-data
01:32:14 Saving sacks file
01:32:15 Saved sacks file successfully
01:32:42 saveConfig: saving-data
01:32:42 Saving sacks file
01:32:42 Saved sacks file successfully
01:32:42 saveConfig: saving-data
01:32:42 Saving sacks file
01:32:42 Saved sacks file successfully
01:32:55 saveConfig: auto-save-60s
01:32:55 Saving config file
01:32:55 Saved config file successfully
01:32:55 saveConfig: auto-save-60s
01:32:55 Saving config file
01:32:55 Saved config file successfully
01:33:29 saveConfig: saving-data
01:33:29 Saving sacks file
01:33:29 Saved sacks file successfully
01:33:29 saveConfig: saving-data
01:33:29 Saving sacks file
01:33:29 Saved sacks file successfully
01:33:42 saveConfig: saving-data
01:33:42 Saving sacks file
01:33:42 Saved sacks file successfully
01:33:42 saveConfig: saving-data
01:33:42 Saving sacks file
01:33:42 Saved sacks file successfully
01:33:53 saveConfig: saving-data
01:33:53 Saving sacks file
01:33:53 Saved sacks file successfully
01:33:53 saveConfig: saving-data
01:33:53 Saving sacks file
01:33:53 Saved sacks file successfully
01:33:55 saveConfig: auto-save-60s
01:33:55 Saving config file
01:33:55 Saved config file successfully
01:33:55 saveConfig: auto-save-60s
01:33:55 Saving config file
01:33:55 Saved config file successfully
01:34:04 saveConfig: saving-data
01:34:04 Saving sacks file
01:34:04 Saved sacks file successfully
01:34:04 saveConfig: saving-data
01:34:04 Saving sacks file
01:34:04 Saved sacks file successfully
01:34:13 saveConfig: saving-data
01:34:13 Saving sacks file
01:34:13 Saved sacks file successfully
01:34:13 saveConfig: saving-data
01:34:13 Saving sacks file
01:34:13 Saved sacks file successfully
01:34:46 saveConfig: saving-data
01:34:46 Saving sacks file
01:34:47 Saved sacks file successfully
01:34:47 saveConfig: saving-data
01:34:47 Saving sacks file
01:34:47 Saved sacks file successfully
01:34:55 saveConfig: auto-save-60s
01:34:55 Saving config file
01:34:55 Saved config file successfully
01:34:55 saveConfig: auto-save-60s
01:34:55 Saving config file
01:34:55 Saved config file successfully
01:35:04 saveConfig: saving-data
01:35:04 Saving sacks file
01:35:04 Saved sacks file successfully
01:35:04 saveConfig: saving-data
01:35:04 Saving sacks file
01:35:04 Saved sacks file successfully
01:35:16 saveConfig: saving-data
01:35:16 Saving sacks file
01:35:16 Saved sacks file successfully
01:35:16 saveConfig: saving-data
01:35:16 Saving sacks file
01:35:16 Saved sacks file successfully
01:35:55 saveConfig: auto-save-60s
01:35:55 Saving config file
01:35:55 Saved config file successfully
01:35:55 saveConfig: auto-save-60s
01:35:55 Saving config file
01:35:55 Saved config file successfully
01:36:07 saveConfig: saving-data
01:36:07 Saving sacks file
01:36:07 Saved sacks file successfully
01:36:07 saveConfig: saving-data
01:36:07 Saving sacks file
01:36:07 Saved sacks file successfully
01:36:24 saveConfig: saving-data
01:36:24 Saving sacks file
01:36:24 Saved sacks file successfully
01:36:24 saveConfig: saving-data
01:36:24 Saving sacks file
01:36:24 Saved sacks file successfully
01:36:51 saveConfig: saving-data
01:36:51 Saving sacks file
01:36:51 Saved sacks file successfully
01:36:51 saveConfig: saving-data
01:36:51 Saving sacks file
01:36:51 Saved sacks file successfully
01:36:55 saveConfig: auto-save-60s
01:36:55 Saving config file
01:36:55 Saved config file successfully
01:36:55 saveConfig: auto-save-60s
01:36:55 Saving config file
01:36:55 Saved config file successfully
01:37:44 saveConfig: saving-data
01:37:44 Saving sacks file
01:37:44 Saved sacks file successfully
01:37:44 saveConfig: saving-data
01:37:44 Saving sacks file
01:37:44 Saved sacks file successfully
01:37:50 saveConfig: saving-data
01:37:50 Saving sacks file
01:37:50 Saved sacks file successfully
01:37:50 saveConfig: saving-data
01:37:50 Saving sacks file
01:37:50 Saved sacks file successfully
01:37:55 saveConfig: auto-save-60s
01:37:55 Saving config file
01:37:55 Saved config file successfully
01:37:55 saveConfig: auto-save-60s
01:37:55 Saving config file
01:37:55 Saved config file successfully
01:38:55 saveConfig: auto-save-60s
01:38:55 Saving config file
01:38:55 Saved config file successfully
01:38:55 saveConfig: auto-save-60s
01:38:55 Saving config file
01:38:55 Saved config file successfully
01:39:18 saveConfig: saving-data
01:39:18 Saving sacks file
01:39:18 Saved sacks file successfully
01:39:18 saveConfig: saving-data
01:39:18 Saving sacks file
01:39:18 Saved sacks file successfully
01:39:55 saveConfig: auto-save-60s
01:39:55 Saving config file
01:39:55 Saved config file successfully
01:39:55 saveConfig: auto-save-60s
01:39:55 Saving config file
01:39:55 Saved config file successfully
01:40:29 saveConfig: saving-data
01:40:29 Saving sacks file
01:40:29 Saved sacks file successfully
01:40:29 saveConfig: saving-data
01:40:29 Saving sacks file
01:40:29 Saved sacks file successfully
01:40:55 saveConfig: auto-save-60s
01:40:55 Saving config file
01:40:55 Saved config file successfully
01:40:55 saveConfig: auto-save-60s
01:40:55 Saving config file
01:40:55 Saved config file successfully
01:41:55 saveConfig: auto-save-60s
01:41:55 Saving config file
01:41:55 Saved config file successfully
01:41:55 saveConfig: auto-save-60s
01:41:55 Saving config file
01:41:55 Saved config file successfully
01:42:02 saveConfig: saving-data
01:42:02 Saving sacks file
01:42:02 Saved sacks file successfully
01:42:02 saveConfig: saving-data
01:42:02 Saving sacks file
01:42:02 Saved sacks file successfully
01:42:15 saveConfig: saving-data
01:42:15 Saving sacks file
01:42:15 Saved sacks file successfully
01:42:15 saveConfig: saving-data
01:42:15 Saving sacks file
01:42:15 Saved sacks file successfully
01:42:28 saveConfig: saving-data
01:42:28 Saving sacks file
01:42:28 Saved sacks file successfully
01:42:28 saveConfig: saving-data
01:42:28 Saving sacks file
01:42:28 Saved sacks file successfully
01:42:40 saveConfig: saving-data
01:42:40 Saving sacks file
01:42:40 Saved sacks file successfully
01:42:40 saveConfig: saving-data
01:42:40 Saving sacks file
01:42:40 Saved sacks file successfully
01:42:55 saveConfig: auto-save-60s
01:42:55 Saving config file
01:42:55 Saved config file successfully
01:42:55 saveConfig: auto-save-60s
01:42:55 Saving config file
01:42:55 Saved config file successfully
01:42:56 saveConfig: saving-data
01:42:56 Saving sacks file
01:42:56 Saved sacks file successfully
01:42:56 saveConfig: saving-data
01:42:56 Saving sacks file
01:42:56 Saved sacks file successfully
01:43:30 saveConfig: saving-data
01:43:30 Saving sacks file
01:43:30 Saved sacks file successfully
01:43:30 saveConfig: saving-data
01:43:30 Saving sacks file
01:43:30 Saved sacks file successfully
01:43:55 saveConfig: auto-save-60s
01:43:55 Saving config file
01:43:55 Saved config file successfully
01:43:55 saveConfig: auto-save-60s
01:43:55 Saving config file
01:43:55 Saved config file successfully
01:44:05 saveConfig: saving-data
01:44:05 Saving sacks file
01:44:05 Saved sacks file successfully
01:44:05 saveConfig: saving-data
01:44:05 Saving sacks file
01:44:06 Saved sacks file successfully
01:44:13 saveConfig: saving-data
01:44:13 Saving sacks file
01:44:13 Saved sacks file successfully
01:44:13 saveConfig: saving-data
01:44:13 Saving sacks file
01:44:13 Saved sacks file successfully
01:44:21 saveConfig: saving-data
01:44:21 Saving sacks file
01:44:21 Saved sacks file successfully
01:44:21 saveConfig: saving-data
01:44:21 Saving sacks file
01:44:21 Saved sacks file successfully
01:44:55 saveConfig: auto-save-60s
01:44:55 Saving config file
01:44:55 Saved config file successfully
01:44:55 saveConfig: auto-save-60s
01:44:55 Saving config file
01:44:55 Saved config file successfully
01:45:49 saveConfig: saving-data
01:45:49 Saving sacks file
01:45:49 Saved sacks file successfully
01:45:49 saveConfig: saving-data
01:45:49 Saving sacks file
01:45:49 Saved sacks file successfully
01:45:55 saveConfig: auto-save-60s
01:45:55 Saving config file
01:45:55 Saved config file successfully
01:45:55 saveConfig: auto-save-60s
01:45:55 Saving config file
01:45:55 Saved config file successfully
01:46:08 saveConfig: saving-data
01:46:08 Saving sacks file
01:46:08 Saved sacks file successfully
01:46:08 saveConfig: saving-data
01:46:08 Saving sacks file
01:46:08 Saved sacks file successfully
01:46:29 saveConfig: saving-data
01:46:29 Saving sacks file
01:46:29 Saved sacks file successfully
01:46:29 saveConfig: saving-data
01:46:29 Saving sacks file
01:46:29 Saved sacks file successfully
01:46:45 saveConfig: saving-data
01:46:45 Saving sacks file
01:46:45 Saved sacks file successfully
01:46:45 saveConfig: saving-data
01:46:45 Saving sacks file
01:46:45 Saved sacks file successfully
01:46:55 saveConfig: saving-data
01:46:55 Saving sacks file
01:46:55 Saved sacks file successfully
01:46:55 saveConfig: saving-data
01:46:55 Saving sacks file
01:46:55 Saved sacks file successfully
01:46:55 saveConfig: auto-save-60s
01:46:55 Saving config file
01:46:55 Saved config file successfully
01:46:55 saveConfig: auto-save-60s
01:46:55 Saving config file
01:46:55 Saved config file successfully
01:47:03 saveConfig: saving-data
01:47:03 Saving sacks file
01:47:03 Saved sacks file successfully
01:47:03 saveConfig: saving-data
01:47:03 Saving sacks file
01:47:03 Saved sacks file successfully
01:47:37 saveConfig: saving-data
01:47:37 Saving sacks file
01:47:37 Saved sacks file successfully
01:47:37 saveConfig: saving-data
01:47:37 Saving sacks file
01:47:37 Saved sacks file successfully
01:47:55 saveConfig: auto-save-60s
01:47:55 Saving config file
01:47:55 Saved config file successfully
01:47:55 saveConfig: auto-save-60s
01:47:55 Saving config file
01:47:55 Saved config file successfully
01:48:37 saveConfig: saving-data
01:48:37 Saving sacks file
01:48:37 Saved sacks file successfully
01:48:37 saveConfig: saving-data
01:48:37 Saving sacks file
01:48:37 Saved sacks file successfully
01:48:44 saveConfig: saving-data
01:48:44 Saving sacks file
01:48:44 Saved sacks file successfully
01:48:44 saveConfig: saving-data
01:48:44 Saving sacks file
01:48:44 Saved sacks file successfully
01:48:55 saveConfig: auto-save-60s
01:48:55 Saving config file
01:48:55 Saved config file successfully
01:48:55 saveConfig: auto-save-60s
01:48:55 Saving config file
01:48:55 Saved config file successfully
01:49:01 saveConfig: saving-data
01:49:01 Saving sacks file
01:49:01 Saved sacks file successfully
01:49:01 saveConfig: saving-data
01:49:01 Saving sacks file
01:49:01 Saved sacks file successfully
01:49:21 saveConfig: saving-data
01:49:21 Saving sacks file
01:49:21 Saved sacks file successfully
01:49:21 saveConfig: saving-data
01:49:21 Saving sacks file
01:49:21 Saved sacks file successfully
01:49:51 saveConfig: saving-data
01:49:51 Saving sacks file
01:49:51 Saved sacks file successfully
01:49:51 saveConfig: saving-data
01:49:51 Saving sacks file
01:49:51 Saved sacks file successfully
01:49:55 saveConfig: auto-save-60s
01:49:55 Saving config file
01:49:55 Saved config file successfully
01:49:55 saveConfig: auto-save-60s
01:49:55 Saving config file
01:49:55 Saved config file successfully
01:50:03 saveConfig: saving-data
01:50:03 Saving sacks file
01:50:03 Saved sacks file successfully
01:50:03 saveConfig: saving-data
01:50:03 Saving sacks file
01:50:03 Saved sacks file successfully
01:50:19 saveConfig: saving-data
01:50:19 Saving sacks file
01:50:19 Saved sacks file successfully
01:50:19 saveConfig: saving-data
01:50:19 Saving sacks file
01:50:19 Saved sacks file successfully
01:50:55 saveConfig: auto-save-60s
01:50:55 Saving config file
01:50:55 Saved config file successfully
01:50:55 saveConfig: auto-save-60s
01:50:55 Saving config file
01:50:55 Saved config file successfully
01:51:01 saveConfig: saving-data
01:51:01 Saving sacks file
01:51:01 Saved sacks file successfully
01:51:01 saveConfig: saving-data
01:51:01 Saving sacks file
01:51:01 Saved sacks file successfully
01:51:17 saveConfig: saving-data
01:51:17 Saving sacks file
01:51:17 Saved sacks file successfully
01:51:17 saveConfig: saving-data
01:51:17 Saving sacks file
01:51:17 Saved sacks file successfully
01:51:55 saveConfig: auto-save-60s
01:51:55 Saving config file
01:51:55 Saved config file successfully
01:51:55 saveConfig: auto-save-60s
01:51:55 Saving config file
01:51:55 Saved config file successfully
01:52:08 saveConfig: saving-data
01:52:08 Saving sacks file
01:52:08 Saved sacks file successfully
01:52:08 saveConfig: saving-data
01:52:08 Saving sacks file
01:52:08 Saved sacks file successfully
01:52:46 saveConfig: saving-data
01:52:46 Saving sacks file
01:52:46 Saved sacks file successfully
01:52:46 saveConfig: saving-data
01:52:46 Saving sacks file
01:52:46 Saved sacks file successfully
01:52:55 saveConfig: auto-save-60s
01:52:55 Saving config file
01:52:55 Saved config file successfully
01:52:55 saveConfig: auto-save-60s
01:52:55 Saving config file
01:52:55 Saved config file successfully
01:53:01 saveConfig: saving-data
01:53:01 Saving sacks file
01:53:01 Saved sacks file successfully
01:53:01 saveConfig: saving-data
01:53:01 Saving sacks file
01:53:01 Saved sacks file successfully
01:53:23 saveConfig: saving-data
01:53:23 Saving sacks file
01:53:23 Saved sacks file successfully
01:53:23 saveConfig: saving-data
01:53:23 Saving sacks file
01:53:23 Saved sacks file successfully
01:53:29 saveConfig: saving-data
01:53:29 Saving sacks file
01:53:29 Saved sacks file successfully
01:53:29 saveConfig: saving-data
01:53:29 Saving sacks file
01:53:29 Saved sacks file successfully
01:53:40 saveConfig: saving-data
01:53:40 Saving sacks file
01:53:40 Saved sacks file successfully
01:53:40 saveConfig: saving-data
01:53:40 Saving sacks file
01:53:40 Saved sacks file successfully
01:53:55 saveConfig: auto-save-60s
01:53:55 Saving config file
01:53:55 Saved config file successfully
01:53:55 saveConfig: auto-save-60s
01:53:55 Saving config file
01:53:55 Saved config file successfully
01:53:58 saveConfig: saving-data
01:53:58 Saving sacks file
01:53:58 Saved sacks file successfully
01:53:58 saveConfig: saving-data
01:53:58 Saving sacks file
01:53:58 Saved sacks file successfully
01:54:09 saveConfig: saving-data
01:54:09 Saving sacks file
01:54:09 Saved sacks file successfully
01:54:09 saveConfig: saving-data
01:54:09 Saving sacks file
01:54:09 Saved sacks file successfully
01:54:40 saveConfig: saving-data
01:54:40 Saving sacks file
01:54:40 Saved sacks file successfully
01:54:40 saveConfig: saving-data
01:54:40 Saving sacks file
01:54:40 Saved sacks file successfully
01:54:48 saveConfig: saving-data
01:54:48 Saving sacks file
01:54:48 Saved sacks file successfully
01:54:48 saveConfig: saving-data
01:54:48 Saving sacks file
01:54:48 Saved sacks file successfully
01:54:54 saveConfig: saving-data
01:54:54 Saving sacks file
01:54:54 Saved sacks file successfully
01:54:54 saveConfig: saving-data
01:54:54 Saving sacks file
01:54:54 Saved sacks file successfully
01:54:55 saveConfig: auto-save-60s
01:54:55 Saving config file
01:54:55 Saved config file successfully
01:54:55 saveConfig: auto-save-60s
01:54:55 Saving config file
01:54:55 Saved config file successfully
01:55:06 saveConfig: saving-data
01:55:06 Saving sacks file
01:55:06 Saved sacks file successfully
01:55:06 saveConfig: saving-data
01:55:06 Saving sacks file
01:55:06 Saved sacks file successfully
01:55:55 saveConfig: auto-save-60s
01:55:55 Saving config file
01:55:55 Saved config file successfully
01:55:55 saveConfig: auto-save-60s
01:55:55 Saving config file
01:55:55 Saved config file successfully
01:56:49 saveConfig: saving-data
01:56:49 Saving sacks file
01:56:49 Saved sacks file successfully
01:56:49 saveConfig: saving-data
01:56:49 Saving sacks file
01:56:49 Saved sacks file successfully
01:56:55 saveConfig: auto-save-60s
01:56:55 Saving config file
01:56:55 Saved config file successfully
01:56:55 saveConfig: auto-save-60s
01:56:55 Saving config file
01:56:55 Saved config file successfully
01:57:44 saveConfig: saving-data
01:57:44 Saving sacks file
01:57:44 Saved sacks file successfully
01:57:44 saveConfig: saving-data
01:57:44 Saving sacks file
01:57:44 Saved sacks file successfully
01:57:55 saveConfig: auto-save-60s
01:57:55 Saving config file
01:57:55 Saved config file successfully
01:57:55 saveConfig: auto-save-60s
01:57:55 Saving config file
01:57:55 Saved config file successfully
01:58:05 saveConfig: saving-data
01:58:05 Saving sacks file
01:58:05 Saved sacks file successfully
01:58:05 saveConfig: saving-data
01:58:05 Saving sacks file
01:58:05 Saved sacks file successfully
01:58:15 saveConfig: saving-data
01:58:15 Saving sacks file
01:58:15 Saved sacks file successfully
01:58:15 saveConfig: saving-data
01:58:15 Saving sacks file
01:58:15 Saved sacks file successfully
01:58:52 saveConfig: saving-data
01:58:52 Saving sacks file
01:58:52 Saved sacks file successfully
01:58:52 saveConfig: saving-data
01:58:52 Saving sacks file
01:58:52 Saved sacks file successfully
01:58:55 saveConfig: auto-save-60s
01:58:55 Saving config file
01:58:55 Saved config file successfully
01:58:55 saveConfig: auto-save-60s
01:58:55 Saving config file
01:58:55 Saved config file successfully
01:59:55 saveConfig: auto-save-60s
01:59:55 Saving config file
01:59:55 Saved config file successfully
01:59:55 saveConfig: auto-save-60s
01:59:55 Saving config file
01:59:55 Saved config file successfully
02:00:15 saveConfig: saving-data
02:00:15 Saving sacks file
02:00:15 Saved sacks file successfully
02:00:15 saveConfig: saving-data
02:00:15 Saving sacks file
02:00:15 Saved sacks file successfully
02:00:38 saveConfig: saving-data
02:00:38 Saving sacks file
02:00:38 Saved sacks file successfully
02:00:38 saveConfig: saving-data
02:00:38 Saving sacks file
02:00:38 Saved sacks file successfully
02:00:55 saveConfig: auto-save-60s
02:00:55 Saving config file
02:00:55 Saved config file successfully
02:00:55 saveConfig: auto-save-60s
02:00:55 Saving config file
02:00:55 Saved config file successfully
02:01:23 saveConfig: saving-data
02:01:23 Saving sacks file
02:01:23 Saved sacks file successfully
02:01:23 saveConfig: saving-data
02:01:23 Saving sacks file
02:01:23 Saved sacks file successfully
02:01:32 saveConfig: saving-data
02:01:32 Saving sacks file
02:01:32 Saved sacks file successfully
02:01:32 saveConfig: saving-data
02:01:32 Saving sacks file
02:01:33 Saved sacks file successfully
02:01:51 saveConfig: saving-data
02:01:51 Saving sacks file
02:01:51 Saved sacks file successfully
02:01:51 saveConfig: saving-data
02:01:51 Saving sacks file
02:01:51 Saved sacks file successfully
02:01:55 saveConfig: auto-save-60s
02:01:55 Saving config file
02:01:55 Saved config file successfully
02:01:55 saveConfig: auto-save-60s
02:01:55 Saving config file
02:01:55 Saved config file successfully
02:02:20 saveConfig: saving-data
02:02:20 Saving sacks file
02:02:20 Saved sacks file successfully
02:02:20 saveConfig: saving-data
02:02:20 Saving sacks file
02:02:20 Saved sacks file successfully
02:02:55 saveConfig: auto-save-60s
02:02:55 Saving config file
02:02:55 Saved config file successfully
02:02:55 saveConfig: auto-save-60s
02:02:55 Saving config file
02:02:55 Saved config file successfully
02:03:33 saveConfig: saving-data
02:03:33 Saving sacks file
02:03:33 Saved sacks file successfully
02:03:33 saveConfig: saving-data
02:03:33 Saving sacks file
02:03:33 Saved sacks file successfully
02:03:46 saveConfig: saving-data
02:03:46 Saving sacks file
02:03:46 Saved sacks file successfully
02:03:46 saveConfig: saving-data
02:03:46 Saving sacks file
02:03:46 Saved sacks file successfully
02:03:55 saveConfig: auto-save-60s
02:03:55 Saving config file
02:03:55 Saved config file successfully
02:03:55 saveConfig: auto-save-60s
02:03:55 Saving config file
02:03:55 Saved config file successfully
02:03:58 saveConfig: saving-data
02:03:58 Saving sacks file
02:03:58 Saved sacks file successfully
02:03:58 saveConfig: saving-data
02:03:58 Saving sacks file
02:03:58 Saved sacks file successfully
02:04:11 saveConfig: saving-data
02:04:11 Saving sacks file
02:04:11 Saved sacks file successfully
02:04:11 saveConfig: saving-data
02:04:11 Saving sacks file
02:04:11 Saved sacks file successfully
02:04:18 saveConfig: saving-data
02:04:18 Saving sacks file
02:04:18 Saved sacks file successfully
02:04:18 saveConfig: saving-data
02:04:18 Saving sacks file
02:04:18 Saved sacks file successfully
02:04:40 saveConfig: saving-data
02:04:40 Saving sacks file
02:04:40 Saved sacks file successfully
02:04:40 saveConfig: saving-data
02:04:40 Saving sacks file
02:04:40 Saved sacks file successfully
02:04:55 saveConfig: auto-save-60s
02:04:55 Saving config file
02:04:55 Saved config file successfully
02:04:55 saveConfig: auto-save-60s
02:04:55 Saving config file
02:04:55 Saved config file successfully
02:04:57 saveConfig: saving-data
02:04:57 Saving sacks file
02:04:57 Saved sacks file successfully
02:04:57 saveConfig: saving-data
02:04:57 Saving sacks file
02:04:57 Saved sacks file successfully
02:05:18 saveConfig: saving-data
02:05:18 Saving sacks file
02:05:18 Saved sacks file successfully
02:05:18 saveConfig: saving-data
02:05:18 Saving sacks file
02:05:18 Saved sacks file successfully
02:05:55 saveConfig: auto-save-60s
02:05:55 Saving config file
02:05:55 Saved config file successfully
02:05:55 saveConfig: auto-save-60s
02:05:55 Saving config file
02:05:55 Saved config file successfully
02:06:55 saveConfig: auto-save-60s
02:06:55 Saving config file
02:06:55 Saved config file successfully
02:06:55 saveConfig: auto-save-60s
02:06:55 Saving config file
02:06:55 Saved config file successfully
02:07:55 saveConfig: auto-save-60s
02:07:55 Saving config file
02:07:55 Saved config file successfully
02:07:55 saveConfig: auto-save-60s
02:07:55 Saving config file
02:07:55 Saved config file successfully
02:08:55 saveConfig: auto-save-60s
02:08:55 Saving config file
02:08:55 Saved config file successfully
02:08:55 saveConfig: auto-save-60s
02:08:55 Saving config file
02:08:55 Saved config file successfully
02:09:09 saveConfig: saving-data
02:09:09 Saving sacks file
02:09:09 Saved sacks file successfully
02:09:09 saveConfig: saving-data
02:09:09 Saving sacks file
02:09:09 Saved sacks file successfully
02:09:21 saveConfig: saving-data
02:09:21 Saving sacks file
02:09:21 Saved sacks file successfully
02:09:21 saveConfig: saving-data
02:09:21 Saving sacks file
02:09:21 Saved sacks file successfully
02:09:55 saveConfig: auto-save-60s
02:09:55 Saving config file
02:09:55 Saved config file successfully
02:09:55 saveConfig: auto-save-60s
02:09:55 Saving config file
02:09:55 Saved config file successfully
02:10:12 saveConfig: saving-data
02:10:12 Saving sacks file
02:10:12 Saved sacks file successfully
02:10:12 saveConfig: saving-data
02:10:12 Saving sacks file
02:10:12 Saved sacks file successfully
02:10:55 saveConfig: auto-save-60s
02:10:55 Saving config file
02:10:55 Saved config file successfully
02:10:55 saveConfig: auto-save-60s
02:10:55 Saving config file
02:10:55 Saved config file successfully
02:11:55 saveConfig: auto-save-60s
02:11:55 Saving config file
02:11:55 Saved config file successfully
02:11:55 saveConfig: auto-save-60s
02:11:55 Saving config file
02:11:55 Saved config file successfully
02:12:55 saveConfig: auto-save-60s
02:12:55 Saving config file
02:12:55 Saved config file successfully
02:12:55 saveConfig: auto-save-60s
02:12:55 Saving config file
02:12:55 Saved config file successfully
02:13:08 saveConfig: saving-data
02:13:08 Saving sacks file
02:13:08 Saved sacks file successfully
02:13:08 saveConfig: saving-data
02:13:08 Saving sacks file
02:13:08 Saved sacks file successfully
02:13:48 saveConfig: saving-data
02:13:48 Saving sacks file
02:13:48 Saved sacks file successfully
02:13:48 saveConfig: saving-data
02:13:48 Saving sacks file
02:13:48 Saved sacks file successfully
02:13:55 saveConfig: auto-save-60s
02:13:55 Saving config file
02:13:55 Saved config file successfully
02:13:55 saveConfig: auto-save-60s
02:13:55 Saving config file
02:13:55 Saved config file successfully
02:13:56 saveConfig: saving-data
02:13:56 Saving sacks file
02:13:56 Saved sacks file successfully
02:13:56 saveConfig: saving-data
02:13:56 Saving sacks file
02:13:56 Saved sacks file successfully
02:14:17 saveConfig: saving-data
02:14:17 Saving sacks file
02:14:17 Saved sacks file successfully
02:14:17 saveConfig: saving-data
02:14:17 Saving sacks file
02:14:17 Saved sacks file successfully
02:14:55 saveConfig: auto-save-60s
02:14:55 Saving config file
02:14:55 Saved config file successfully
02:14:55 saveConfig: auto-save-60s
02:14:55 Saving config file
02:14:55 Saved config file successfully
02:15:37 saveConfig: saving-data
02:15:37 Saving sacks file
02:15:37 Saved sacks file successfully
02:15:37 saveConfig: saving-data
02:15:37 Saving sacks file
02:15:37 Saved sacks file successfully
02:15:55 saveConfig: auto-save-60s
02:15:55 Saving config file
02:15:55 Saved config file successfully
02:15:55 saveConfig: auto-save-60s
02:15:55 Saving config file
02:15:55 Saved config file successfully
02:16:02 saveConfig: saving-data
02:16:02 Saving sacks file
02:16:02 Saved sacks file successfully
02:16:02 saveConfig: saving-data
02:16:02 Saving sacks file
02:16:02 Saved sacks file successfully
02:16:33 saveConfig: saving-data
02:16:33 Saving sacks file
02:16:33 Saved sacks file successfully
02:16:33 saveConfig: saving-data
02:16:33 Saving sacks file
02:16:33 Saved sacks file successfully
02:16:46 saveConfig: saving-data
02:16:46 Saving sacks file
02:16:47 Saved sacks file successfully
02:16:47 saveConfig: saving-data
02:16:47 Saving sacks file
02:16:47 Saved sacks file successfully
02:16:55 saveConfig: auto-save-60s
02:16:55 Saving config file
02:16:55 Saved config file successfully
02:16:55 saveConfig: auto-save-60s
02:16:55 Saving config file
02:16:55 Saved config file successfully
02:17:55 saveConfig: auto-save-60s
02:17:55 Saving config file
02:17:55 Saved config file successfully
02:17:55 saveConfig: auto-save-60s
02:17:55 Saving config file
02:17:55 Saved config file successfully
02:18:55 saveConfig: auto-save-60s
02:18:55 Saving config file
02:18:55 Saved config file successfully
02:18:55 saveConfig: auto-save-60s
02:18:55 Saving config file
02:18:55 Saved config file successfully
02:19:31 saveConfig: saving-data
02:19:31 Saving sacks file
02:19:31 Saved sacks file successfully
02:19:31 saveConfig: saving-data
02:19:31 Saving sacks file
02:19:31 Saved sacks file successfully
02:19:55 saveConfig: auto-save-60s
02:19:55 Saving config file
02:19:55 Saved config file successfully
02:19:55 saveConfig: auto-save-60s
02:19:55 Saving config file
02:19:55 Saved config file successfully
02:20:39 saveConfig: saving-data
02:20:39 Saving sacks file
02:20:39 Saved sacks file successfully
02:20:39 saveConfig: saving-data
02:20:39 Saving sacks file
02:20:39 Saved sacks file successfully
02:20:49 saveConfig: saving-data
02:20:49 Saving sacks file
02:20:49 Saved sacks file successfully
02:20:49 saveConfig: saving-data
02:20:49 Saving sacks file
02:20:49 Saved sacks file successfully
02:20:55 saveConfig: auto-save-60s
02:20:55 Saving config file
02:20:55 Saved config file successfully
02:20:55 saveConfig: auto-save-60s
02:20:55 Saving config file
02:20:55 Saved config file successfully
02:21:06 saveConfig: saving-data
02:21:06 Saving sacks file
02:21:06 Saved sacks file successfully
02:21:06 saveConfig: saving-data
02:21:06 Saving sacks file
02:21:06 Saved sacks file successfully
02:21:36 saveConfig: saving-data
02:21:36 Saving sacks file
02:21:36 Saved sacks file successfully
02:21:36 saveConfig: saving-data
02:21:36 Saving sacks file
02:21:36 Saved sacks file successfully
02:21:55 saveConfig: auto-save-60s
02:21:55 Saving config file
02:21:55 Saved config file successfully
02:21:55 saveConfig: auto-save-60s
02:21:55 Saving config file
02:21:55 Saved config file successfully
02:21:56 saveConfig: saving-data
02:21:56 Saving sacks file
02:21:56 Saved sacks file successfully
02:21:56 saveConfig: saving-data
02:21:56 Saving sacks file
02:21:56 Saved sacks file successfully
02:22:55 saveConfig: auto-save-60s
02:22:55 Saving config file
02:22:55 Saved config file successfully
02:22:55 saveConfig: auto-save-60s
02:22:55 Saving config file
02:22:55 Saved config file successfully
02:23:55 saveConfig: auto-save-60s
02:23:55 Saving config file
02:23:55 Saved config file successfully
02:23:55 saveConfig: auto-save-60s
02:23:55 Saving config file
02:23:55 Saved config file successfully
02:24:55 saveConfig: auto-save-60s
02:24:55 Saving config file
02:24:55 Saved config file successfully
02:24:55 saveConfig: auto-save-60s
02:24:55 Saving config file
02:24:55 Saved config file successfully
02:25:44 saveConfig: saving-data
02:25:44 Saving sacks file
02:25:44 Saved sacks file successfully
02:25:44 saveConfig: saving-data
02:25:44 Saving sacks file
02:25:44 Saved sacks file successfully
02:25:55 saveConfig: auto-save-60s
02:25:55 Saving config file
02:25:55 Saved config file successfully
02:25:55 saveConfig: auto-save-60s
02:25:55 Saving config file
02:25:55 Saved config file successfully
02:25:57 saveConfig: saving-data
02:25:57 Saving sacks file
02:25:57 Saved sacks file successfully
02:25:57 saveConfig: saving-data
02:25:57 Saving sacks file
02:25:57 Saved sacks file successfully
02:26:55 saveConfig: auto-save-60s
02:26:55 Saving config file
02:26:55 Saved config file successfully
02:26:55 saveConfig: auto-save-60s
02:26:55 Saving config file
02:26:55 Saved config file successfully
02:27:55 saveConfig: auto-save-60s
02:27:55 Saving config file
02:27:55 Saved config file successfully
02:27:55 saveConfig: auto-save-60s
02:27:55 Saving config file
02:27:55 Saved config file successfully
02:28:55 saveConfig: auto-save-60s
02:28:55 Saving config file
02:28:55 Saved config file successfully
02:28:55 saveConfig: auto-save-60s
02:28:55 Saving config file
02:28:55 Saved config file successfully
02:29:55 saveConfig: auto-save-60s
02:29:55 Saving config file
02:29:55 Saved config file successfully
02:29:55 saveConfig: auto-save-60s
02:29:55 Saving config file
02:29:56 Saved config file successfully
02:30:22 saveConfig: saving-data
02:30:22 Saving sacks file
02:30:22 Saved sacks file successfully
02:30:22 saveConfig: saving-data
02:30:22 Saving sacks file
02:30:22 Saved sacks file successfully
02:30:34 saveConfig: saving-data
02:30:34 Saving sacks file
02:30:34 Saved sacks file successfully
02:30:34 saveConfig: saving-data
02:30:34 Saving sacks file
02:30:34 Saved sacks file successfully
02:30:43 saveConfig: saving-data
02:30:43 Saving sacks file
02:30:43 Saved sacks file successfully
02:30:43 saveConfig: saving-data
02:30:43 Saving sacks file
02:30:43 Saved sacks file successfully
02:30:50 saveConfig: saving-data
02:30:50 Saving sacks file
02:30:50 Saved sacks file successfully
02:30:50 saveConfig: saving-data
02:30:50 Saving sacks file
02:30:50 Saved sacks file successfully
02:30:55 saveConfig: auto-save-60s
02:30:55 Saving config file
02:30:55 Saved config file successfully
02:30:55 saveConfig: auto-save-60s
02:30:55 Saving config file
02:30:55 Saved config file successfully
02:31:04 saveConfig: saving-data
02:31:04 Saving sacks file
02:31:04 Saved sacks file successfully
02:31:05 saveConfig: saving-data
02:31:05 Saving sacks file
02:31:05 Saved sacks file successfully
02:31:19 saveConfig: saving-data
02:31:19 Saving sacks file
02:31:19 Saved sacks file successfully
02:31:19 saveConfig: saving-data
02:31:19 Saving sacks file
02:31:19 Saved sacks file successfully
02:31:35 saveConfig: saving-data
02:31:35 Saving sacks file
02:31:35 Saved sacks file successfully
02:31:35 saveConfig: saving-data
02:31:35 Saving sacks file
02:31:35 Saved sacks file successfully
02:31:55 saveConfig: auto-save-60s
02:31:55 Saving config file
02:31:55 Saved config file successfully
02:31:55 saveConfig: auto-save-60s
02:31:55 Saving config file
02:31:55 Saved config file successfully
02:32:55 saveConfig: auto-save-60s
02:32:55 Saving config file
02:32:55 Saved config file successfully
02:32:55 saveConfig: auto-save-60s
02:32:55 Saving config file
02:32:55 Saved config file successfully
02:33:37 saveConfig: saving-data
02:33:37 Saving sacks file
02:33:37 Saved sacks file successfully
02:33:37 saveConfig: saving-data
02:33:37 Saving sacks file
02:33:37 Saved sacks file successfully
02:33:45 saveConfig: saving-data
02:33:45 Saving sacks file
02:33:45 Saved sacks file successfully
02:33:45 saveConfig: saving-data
02:33:45 Saving sacks file
02:33:45 Saved sacks file successfully
02:33:55 saveConfig: auto-save-60s
02:33:55 Saving config file
02:33:55 Saved config file successfully
02:33:55 saveConfig: auto-save-60s
02:33:55 Saving config file
02:33:55 Saved config file successfully
02:33:59 saveConfig: saving-data
02:33:59 Saving sacks file
02:33:59 Saved sacks file successfully
02:33:59 saveConfig: saving-data
02:33:59 Saving sacks file
02:33:59 Saved sacks file successfully
02:34:08 saveConfig: saving-data
02:34:08 Saving sacks file
02:34:08 Saved sacks file successfully
02:34:08 saveConfig: saving-data
02:34:08 Saving sacks file
02:34:08 Saved sacks file successfully
02:34:23 saveConfig: saving-data
02:34:23 Saving sacks file
02:34:23 Saved sacks file successfully
02:34:23 saveConfig: saving-data
02:34:23 Saving sacks file
02:34:23 Saved sacks file successfully
02:34:55 saveConfig: auto-save-60s
02:34:55 Saving config file
02:34:55 Saved config file successfully
02:34:55 saveConfig: auto-save-60s
02:34:55 Saving config file
02:34:55 Saved config file successfully
02:35:04 saveConfig: saving-data
02:35:04 Saving sacks file
02:35:04 Saved sacks file successfully
02:35:04 saveConfig: saving-data
02:35:04 Saving sacks file
02:35:04 Saved sacks file successfully
02:35:41 saveConfig: saving-data
02:35:41 Saving sacks file
02:35:41 Saved sacks file successfully
02:35:41 saveConfig: saving-data
02:35:41 Saving sacks file
02:35:41 Saved sacks file successfully
02:35:55 saveConfig: auto-save-60s
02:35:55 Saving config file
02:35:55 Saved config file successfully
02:35:55 saveConfig: auto-save-60s
02:35:55 Saving config file
02:35:55 Saved config file successfully
02:36:55 saveConfig: auto-save-60s
02:36:55 Saving config file
02:36:55 Saved config file successfully
02:36:55 saveConfig: auto-save-60s
02:36:55 Saving config file
02:36:55 Saved config file successfully
02:37:38 saveConfig: saving-data
02:37:38 Saving sacks file
02:37:38 Saved sacks file successfully
02:37:38 saveConfig: saving-data
02:37:38 Saving sacks file
02:37:38 Saved sacks file successfully
02:37:54 saveConfig: saving-data
02:37:54 Saving sacks file
02:37:54 Saved sacks file successfully
02:37:54 saveConfig: saving-data
02:37:54 Saving sacks file
02:37:54 Saved sacks file successfully
02:37:55 saveConfig: auto-save-60s
02:37:55 Saving config file
02:37:55 Saved config file successfully
02:37:55 saveConfig: auto-save-60s
02:37:55 Saving config file
02:37:55 Saved config file successfully
02:38:10 saveConfig: saving-data
02:38:10 Saving sacks file
02:38:10 Saved sacks file successfully
02:38:10 saveConfig: saving-data
02:38:10 Saving sacks file
02:38:10 Saved sacks file successfully
02:38:55 saveConfig: auto-save-60s
02:38:55 Saving config file
02:38:55 Saved config file successfully
02:38:55 saveConfig: auto-save-60s
02:38:55 Saving config file
02:38:55 Saved config file successfully
02:39:55 saveConfig: auto-save-60s
02:39:55 Saving config file
02:39:55 Saved config file successfully
02:39:55 saveConfig: auto-save-60s
02:39:55 Saving config file
02:39:55 Saved config file successfully
02:40:39 saveConfig: saving-data
02:40:39 Saving sacks file
02:40:39 Saved sacks file successfully
02:40:39 saveConfig: saving-data
02:40:39 Saving sacks file
02:40:39 Saved sacks file successfully
02:40:55 saveConfig: auto-save-60s
02:40:55 Saving config file
02:40:55 Saved config file successfully
02:40:55 saveConfig: auto-save-60s
02:40:55 Saving config file
02:40:55 Saved config file successfully
02:41:55 saveConfig: auto-save-60s
02:41:55 Saving config file
02:41:55 Saved config file successfully
02:41:55 saveConfig: auto-save-60s
02:41:55 Saving config file
02:41:55 Saved config file successfully
02:42:03 saveConfig: saving-data
02:42:03 Saving sacks file
02:42:03 Saved sacks file successfully
02:42:03 saveConfig: saving-data
02:42:03 Saving sacks file
02:42:03 Saved sacks file successfully
02:42:28 saveConfig: saving-data
02:42:28 Saving sacks file
02:42:28 Saved sacks file successfully
02:42:28 saveConfig: saving-data
02:42:28 Saving sacks file
02:42:28 Saved sacks file successfully
02:42:55 saveConfig: auto-save-60s
02:42:55 Saving config file
02:42:55 Saved config file successfully
02:42:55 saveConfig: auto-save-60s
02:42:55 Saving config file
02:42:55 Saved config file successfully
02:43:47 saveConfig: saving-data
02:43:47 Saving sacks file
02:43:47 Saved sacks file successfully
02:43:47 saveConfig: saving-data
02:43:47 Saving sacks file
02:43:47 Saved sacks file successfully
02:43:55 saveConfig: auto-save-60s
02:43:55 Saving config file
02:43:55 Saved config file successfully
02:43:55 saveConfig: auto-save-60s
02:43:55 Saving config file
02:43:55 Saved config file successfully
02:44:03 saveConfig: saving-data
02:44:03 Saving sacks file
02:44:03 Saved sacks file successfully
02:44:03 saveConfig: saving-data
02:44:03 Saving sacks file
02:44:03 Saved sacks file successfully
02:44:22 saveConfig: saving-data
02:44:22 Saving sacks file
02:44:23 Saved sacks file successfully
02:44:23 saveConfig: saving-data
02:44:23 Saving sacks file
02:44:23 Saved sacks file successfully
02:44:55 saveConfig: auto-save-60s
02:44:55 Saving config file
02:44:55 Saved config file successfully
02:44:55 saveConfig: auto-save-60s
02:44:55 Saving config file
02:44:55 Saved config file successfully
02:45:03 saveConfig: saving-data
02:45:03 Saving sacks file
02:45:03 Saved sacks file successfully
02:45:03 saveConfig: saving-data
02:45:03 Saving sacks file
02:45:03 Saved sacks file successfully
02:45:28 saveConfig: saving-data
02:45:28 Saving sacks file
02:45:28 Saved sacks file successfully
02:45:28 saveConfig: saving-data
02:45:28 Saving sacks file
02:45:28 Saved sacks file successfully
02:45:55 saveConfig: auto-save-60s
02:45:55 Saving config file
02:45:55 Saved config file successfully
02:45:55 saveConfig: auto-save-60s
02:45:55 Saving config file
02:45:55 Saved config file successfully
02:46:55 saveConfig: auto-save-60s
02:46:55 Saving config file
02:46:55 Saved config file successfully
02:46:55 saveConfig: auto-save-60s
02:46:55 Saving config file
02:46:55 Saved config file successfully
02:47:49 saveConfig: saving-data
02:47:49 Saving sacks file
02:47:49 Saved sacks file successfully
02:47:49 saveConfig: saving-data
02:47:49 Saving sacks file
02:47:49 Saved sacks file successfully
02:47:55 saveConfig: auto-save-60s
02:47:55 Saving config file
02:47:55 Saved config file successfully
02:47:55 saveConfig: auto-save-60s
02:47:55 Saving config file
02:47:55 Saved config file successfully
02:48:55 saveConfig: auto-save-60s
02:48:55 Saving config file
02:48:55 Saved config file successfully
02:48:55 saveConfig: auto-save-60s
02:48:55 Saving config file
02:48:55 Saved config file successfully
02:49:36 saveConfig: saving-data
02:49:36 Saving sacks file
02:49:36 Saved sacks file successfully
02:49:36 saveConfig: saving-data
02:49:36 Saving sacks file
02:49:36 Saved sacks file successfully
02:49:55 saveConfig: auto-save-60s
02:49:55 Saving config file
02:49:55 Saved config file successfully
02:49:55 saveConfig: auto-save-60s
02:49:55 Saving config file
02:49:55 Saved config file successfully
02:50:55 saveConfig: auto-save-60s
02:50:55 Saving config file
02:50:55 Saved config file successfully
02:50:55 saveConfig: auto-save-60s
02:50:55 Saving config file
02:50:55 Saved config file successfully
02:51:55 saveConfig: auto-save-60s
02:51:55 Saving config file
02:51:55 Saved config file successfully
02:51:55 saveConfig: auto-save-60s
02:51:55 Saving config file
02:51:55 Saved config file successfully
02:52:09 saveConfig: saving-data
02:52:09 Saving sacks file
02:52:09 Saved sacks file successfully
02:52:09 saveConfig: saving-data
02:52:09 Saving sacks file
02:52:09 Saved sacks file successfully
02:52:19 saveConfig: saving-data
02:52:19 Saving sacks file
02:52:19 Saved sacks file successfully
02:52:19 saveConfig: saving-data
02:52:19 Saving sacks file
02:52:19 Saved sacks file successfully
02:52:28 saveConfig: saving-data
02:52:28 Saving sacks file
02:52:28 Saved sacks file successfully
02:52:28 saveConfig: saving-data
02:52:28 Saving sacks file
02:52:28 Saved sacks file successfully
02:52:37 saveConfig: saving-data
02:52:37 Saving sacks file
02:52:37 Saved sacks file successfully
02:52:37 saveConfig: saving-data
02:52:37 Saving sacks file
02:52:37 Saved sacks file successfully
02:52:53 saveConfig: saving-data
02:52:53 Saving sacks file
02:52:53 Saved sacks file successfully
02:52:53 saveConfig: saving-data
02:52:53 Saving sacks file
02:52:53 Saved sacks file successfully
02:52:55 saveConfig: auto-save-60s
02:52:55 Saving config file
02:52:55 Saved config file successfully
02:52:55 saveConfig: auto-save-60s
02:52:55 Saving config file
02:52:55 Saved config file successfully
02:53:01 saveConfig: saving-data
02:53:01 Saving sacks file
02:53:01 Saved sacks file successfully
02:53:01 saveConfig: saving-data
02:53:01 Saving sacks file
02:53:01 Saved sacks file successfully
02:53:30 saveConfig: saving-data
02:53:30 Saving sacks file
02:53:30 Saved sacks file successfully
02:53:30 saveConfig: saving-data
02:53:30 Saving sacks file
02:53:30 Saved sacks file successfully
02:53:55 saveConfig: auto-save-60s
02:53:55 Saving config file
02:53:55 Saved config file successfully
02:53:55 saveConfig: auto-save-60s
02:53:55 Saving config file
02:53:55 Saved config file successfully
02:54:17 saveConfig: saving-data
02:54:17 Saving sacks file
02:54:17 Saved sacks file successfully
02:54:17 saveConfig: saving-data
02:54:17 Saving sacks file
02:54:17 Saved sacks file successfully
02:54:27 saveConfig: saving-data
02:54:27 Saving sacks file
02:54:27 Saved sacks file successfully
02:54:27 saveConfig: saving-data
02:54:27 Saving sacks file
02:54:27 Saved sacks file successfully
02:54:55 saveConfig: auto-save-60s
02:54:55 Saving config file
02:54:55 Saved config file successfully
02:54:55 saveConfig: auto-save-60s
02:54:55 Saving config file
02:54:55 Saved config file successfully
02:55:55 saveConfig: auto-save-60s
02:55:55 Saving config file
02:55:55 Saved config file successfully
02:55:55 saveConfig: auto-save-60s
02:55:55 Saving config file
02:55:55 Saved config file successfully
02:56:55 saveConfig: auto-save-60s
02:56:55 Saving config file
02:56:55 Saved config file successfully
02:56:55 saveConfig: auto-save-60s
02:56:55 Saving config file
02:56:55 Saved config file successfully
02:57:55 saveConfig: auto-save-60s
02:57:55 Saving config file
02:57:55 Saved config file successfully
02:57:55 saveConfig: auto-save-60s
02:57:55 Saving config file
02:57:55 Saved config file successfully
02:58:55 saveConfig: auto-save-60s
02:58:55 Saving config file
02:58:55 Saved config file successfully
02:58:55 saveConfig: auto-save-60s
02:58:55 Saving config file
02:58:55 Saved config file successfully
02:58:57 saveConfig: saving-data
02:58:57 Saving sacks file
02:58:57 Saved sacks file successfully
02:58:57 saveConfig: saving-data
02:58:57 Saving sacks file
02:58:57 Saved sacks file successfully
02:59:05 saveConfig: saving-data
02:59:05 Saving sacks file
02:59:05 Saved sacks file successfully
02:59:05 saveConfig: saving-data
02:59:05 Saving sacks file
02:59:05 Saved sacks file successfully
02:59:51 saveConfig: saving-data
02:59:51 Saving sacks file
02:59:51 Saved sacks file successfully
02:59:51 saveConfig: saving-data
02:59:51 Saving sacks file
02:59:51 Saved sacks file successfully
02:59:55 saveConfig: auto-save-60s
02:59:55 Saving config file
02:59:55 Saved config file successfully
02:59:55 saveConfig: auto-save-60s
02:59:55 Saving config file
02:59:55 Saved config file successfully
03:00:55 saveConfig: auto-save-60s
03:00:55 Saving config file
03:00:55 Saved config file successfully
03:00:55 saveConfig: auto-save-60s
03:00:55 Saving config file
03:00:55 Saved config file successfully
03:01:55 saveConfig: auto-save-60s
03:01:55 Saving config file
03:01:55 Saved config file successfully
03:01:55 saveConfig: auto-save-60s
03:01:55 Saving config file
03:01:55 Saved config file successfully
03:02:25 saveConfig: saving-data
03:02:25 Saving sacks file
03:02:25 Saved sacks file successfully
03:02:25 saveConfig: saving-data
03:02:25 Saving sacks file
03:02:26 Saved sacks file successfully
03:02:55 saveConfig: auto-save-60s
03:02:55 Saving config file
03:02:55 Saved config file successfully
03:02:55 saveConfig: auto-save-60s
03:02:55 Saving config file
03:02:55 Saved config file successfully
03:03:55 saveConfig: auto-save-60s
03:03:55 Saving config file
03:03:55 Saved config file successfully
03:03:55 saveConfig: auto-save-60s
03:03:55 Saving config file
03:03:55 Saved config file successfully
03:04:55 saveConfig: auto-save-60s
03:04:55 Saving config file
03:04:55 Saved config file successfully
03:04:55 saveConfig: auto-save-60s
03:04:55 Saving config file
03:04:55 Saved config file successfully
03:05:55 saveConfig: auto-save-60s
03:05:55 Saving config file
03:05:55 Saved config file successfully
03:05:55 saveConfig: auto-save-60s
03:05:55 Saving config file
03:05:55 Saved config file successfully
03:06:55 saveConfig: auto-save-60s
03:06:55 Saving config file
03:06:55 Saved config file successfully
03:06:55 saveConfig: auto-save-60s
03:06:55 Saving config file
03:06:55 Saved config file successfully
03:07:55 saveConfig: auto-save-60s
03:07:55 Saving config file
03:07:55 Saved config file successfully
03:07:55 saveConfig: auto-save-60s
03:07:55 Saving config file
03:07:55 Saved config file successfully
03:08:55 saveConfig: auto-save-60s
03:08:55 Saving config file
03:08:55 Saved config file successfully
03:08:55 saveConfig: auto-save-60s
03:08:55 Saving config file
03:08:55 Saved config file successfully
03:09:55 saveConfig: auto-save-60s
03:09:55 Saving config file
03:09:55 Saved config file successfully
03:09:55 saveConfig: auto-save-60s
03:09:55 Saving config file
03:09:55 Saved config file successfully
03:10:55 saveConfig: auto-save-60s
03:10:55 Saving config file
03:10:55 Saved config file successfully
03:10:55 saveConfig: auto-save-60s
03:10:55 Saving config file
03:10:55 Saved config file successfully
03:11:55 saveConfig: auto-save-60s
03:11:55 Saving config file
03:11:55 Saved config file successfully
03:11:55 saveConfig: auto-save-60s
03:11:55 Saving config file
03:11:55 Saved config file successfully
03:12:55 saveConfig: auto-save-60s
03:12:55 Saving config file
03:12:55 Saved config file successfully
03:12:55 saveConfig: auto-save-60s
03:12:55 Saving config file
03:12:55 Saved config file successfully
03:13:55 saveConfig: auto-save-60s
03:13:55 Saving config file
03:13:55 Saved config file successfully
03:13:55 saveConfig: auto-save-60s
03:13:55 Saving config file
03:13:55 Saved config file successfully
03:14:49 saveConfig: saving-data
03:14:49 Saving sacks file
03:14:49 Saved sacks file successfully
03:14:49 saveConfig: saving-data
03:14:49 Saving sacks file
03:14:49 Saved sacks file successfully
03:14:50 saveConfig: saving-data
03:14:50 Saving sacks file
03:14:50 Saved sacks file successfully
03:14:50 saveConfig: saving-data
03:14:50 Saving sacks file
03:14:50 Saved sacks file successfully
03:14:55 saveConfig: auto-save-60s
03:14:55 Saving config file
03:14:55 Saved config file successfully
03:14:55 saveConfig: auto-save-60s
03:14:55 Saving config file
03:14:55 Saved config file successfully
03:15:55 saveConfig: auto-save-60s
03:15:55 Saving config file
03:15:55 Saved config file successfully
03:15:55 saveConfig: auto-save-60s
03:15:55 Saving config file
03:15:55 Saved config file successfully
03:16:55 saveConfig: auto-save-60s
03:16:55 Saving config file
03:16:55 Saved config file successfully
03:16:55 saveConfig: auto-save-60s
03:16:55 Saving config file
03:16:55 Saved config file successfully
03:17:55 saveConfig: auto-save-60s
03:17:55 Saving config file
03:17:55 Saved config file successfully
03:17:55 saveConfig: auto-save-60s
03:17:55 Saving config file
03:17:55 Saved config file successfully
03:18:55 saveConfig: auto-save-60s
03:18:55 Saving config file
03:18:55 Saved config file successfully
03:18:55 saveConfig: auto-save-60s
03:18:55 Saving config file
03:18:55 Saved config file successfully
03:19:55 saveConfig: auto-save-60s
03:19:55 Saving config file
03:19:55 Saved config file successfully
03:19:55 saveConfig: auto-save-60s
03:19:55 Saving config file
03:19:55 Saved config file successfully
03:20:55 saveConfig: auto-save-60s
03:20:55 Saving config file
03:20:55 Saved config file successfully
03:20:55 saveConfig: auto-save-60s
03:20:55 Saving config file
03:20:55 Saved config file successfully
03:21:55 saveConfig: auto-save-60s
03:21:55 Saving config file
03:21:55 Saved config file successfully
03:21:55 saveConfig: auto-save-60s
03:21:55 Saving config file
03:21:55 Saved config file successfully
03:22:55 saveConfig: auto-save-60s
03:22:55 Saving config file
03:22:55 Saved config file successfully
03:22:55 saveConfig: auto-save-60s
03:22:55 Saving config file
03:22:55 Saved config file successfully
03:23:55 saveConfig: auto-save-60s
03:23:55 Saving config file
03:23:55 Saved config file successfully
03:23:55 saveConfig: auto-save-60s
03:23:55 Saving config file
03:23:55 Saved config file successfully
03:24:14 saveConfig: shutdown-hook
03:24:14 Saving config file
