14:35:47 §e[SkyHanni] Reloaded 7437 items in the NEU repo§r
14:36:10 §e[SkyHanni] §bYou have §31 §bmaterial in stash, §btotalling §31 type§b. §bClick to §3pickup §byour stash!§r
14:37:25 §e[SkyHanni] §b+2 SkyBlock XP §7(Accessory Bag§7)§b (85/100)§r
14:37:58 §e[SkyHanni] §b+4 SkyBlock XP §7(Accessory Bag§7)§b (89/100)§r
14:40:50 §e[SkyHanni] §b+7 SkyBlock XP §7(Essence Shop§7)§b (96/100)§r
14:41:11 §e[SkyHanni] §b+3 SkyBlock XP §7(Essence Shop§7)§b (99/100)§r
14:41:12 §e[SkyHanni] §b+5 SkyBlock XP §7(Essence Shop§7)§b (4/100)§r
14:41:48 §e[SkyHanni] You have gained §b575 §eBits.§r
14:43:53 §e[SkyHanni] Start a new slayer quest! The old slayer quest has failed!§r
14:46:33 §e[SkyHanni] Start a new slayer quest! The old slayer quest has failed!§r
14:48:51 §e[SkyHanni] You have gained §b24 §eBits.§r
14:50:49 §e[SkyHanni] You have gained §b24 §eBits.§r
14:52:05 §e[SkyHanni] §f                §r§eYour Weight: §r§a34§r
14:52:50 §e[SkyHanni] Start a new slayer quest! The old slayer quest has failed!§r
14:55:16 §e[SkyHanni] You have gained §b24 §eBits.§r
14:57:26 §e[SkyHanni] You have gained §b24 §eBits.§r
14:58:44 §e[SkyHanni] You have gained §b495 §eBits.§r
14:59:43 §e[SkyHanni] You have gained §b24 §eBits.§r
15:01:56 §e[SkyHanni] You have gained §b24 §eBits.§r
15:04:24 §e[SkyHanni] You have gained §b24 §eBits.§r
15:06:34 §e[SkyHanni] You have gained §b24 §eBits.§r
15:08:33 §e[SkyHanni] You have gained §b24 §eBits.§r
15:10:41 §e[SkyHanni] You have gained §b24 §eBits.§r
15:12:38 §e[SkyHanni] You have gained §b24 §eBits.§r
15:14:48 §e[SkyHanni] You have gained §b24 §eBits.§r
15:17:41 §e[SkyHanni] You have gained §b24 §eBits.§r
15:20:17 §e[SkyHanni] You have gained §b24 §eBits.§r
15:22:41 §e[SkyHanni] You have gained §b24 §eBits.§r
15:23:38 §e[SkyHanni] §f                §r§eYour Weight: §r§a10§r
15:24:34 §e[SkyHanni] You have gained §b24 §eBits.§r
15:26:44 §e[SkyHanni] You have gained §b24 §eBits.§r
15:29:01 §e[SkyHanni] You have gained §b24 §eBits.§r
