01:56:52 Trying to load config from config\skyhanni\config.json
01:56:52 load-config-now
01:56:53 Loaded config from file
01:56:53 Trying to load sacks from config\skyhanni\sacks.json
01:56:53 load-sacks-now
01:56:53 Loaded sacks from file
01:56:53 Trying to load friends from config\skyhanni\friends.json
01:56:53 load-friends-now
01:56:53 Loaded friends from file
01:56:53 Trying to load known_features from config\skyhanni\known_features.json
01:56:53 load-known_features-now
01:56:53 Loaded known_features from file
01:56:53 Trying to load jacob_contests from config\skyhanni\jacob_contests.json
01:56:53 load-jacob_contests-now
01:56:53 Loaded jacob_contests from file
01:56:53 Trying to load visual_words from config\skyhanni\visual_words.json
01:56:53 Setting visual_words to be blank as it did not exist. It will be saved once something is written to it
01:57:53 saveConfig: auto-save-60s
01:57:53 Saving config file
01:57:53 Saved config file successfully
01:57:53 saveConfig: auto-save-60s
01:57:53 Saving config file
01:57:53 Saved config file successfully
01:58:53 saveConfig: auto-save-60s
01:58:53 Saving config file
01:58:53 Saved config file successfully
01:58:53 saveConfig: auto-save-60s
01:58:53 Saving config file
01:58:53 Saved config file successfully
01:59:53 saveConfig: auto-save-60s
01:59:53 Saving config file
01:59:53 Saved config file successfully
01:59:53 saveConfig: auto-save-60s
01:59:53 Saving config file
01:59:53 Saved config file successfully
02:00:53 saveConfig: auto-save-60s
02:00:53 Saving config file
02:00:53 Saved config file successfully
02:00:53 saveConfig: auto-save-60s
02:00:53 Saving config file
02:00:53 Saved config file successfully
02:01:46 saveConfig: Updated known feature flags
02:01:46 Saving known_features file
02:01:46 Saved known_features file successfully
02:01:46 saveConfig: Updated known feature flags
02:01:46 Saving known_features file
02:01:47 Saved known_features file successfully
02:01:53 saveConfig: auto-save-60s
02:01:53 Saving config file
02:01:53 Saved config file successfully
02:01:53 saveConfig: auto-save-60s
02:01:53 Saving config file
02:01:53 Saved config file successfully
02:02:20 saveConfig: Save file
02:02:20 Saving friends file
02:02:20 Saved friends file successfully
02:02:20 saveConfig: Save file
02:02:20 Saving friends file
02:02:20 Saved friends file successfully
02:02:53 saveConfig: auto-save-60s
02:02:53 Saving config file
02:02:53 Saved config file successfully
02:02:53 saveConfig: auto-save-60s
02:02:53 Saving config file
02:02:53 Saved config file successfully
02:03:53 saveConfig: auto-save-60s
02:03:53 Saving config file
02:03:53 Saved config file successfully
02:03:53 saveConfig: auto-save-60s
02:03:53 Saving config file
02:03:53 Saved config file successfully
02:04:53 saveConfig: auto-save-60s
02:04:53 Saving config file
02:04:53 Saved config file successfully
02:04:53 saveConfig: auto-save-60s
02:04:53 Saving config file
02:04:53 Saved config file successfully
02:05:53 saveConfig: auto-save-60s
02:05:53 Saving config file
02:05:53 Saved config file successfully
02:05:53 saveConfig: auto-save-60s
02:05:53 Saving config file
02:05:53 Saved config file successfully
02:06:53 saveConfig: auto-save-60s
02:06:53 Saving config file
02:06:53 Saved config file successfully
02:06:53 saveConfig: auto-save-60s
02:06:53 Saving config file
02:06:53 Saved config file successfully
02:07:53 saveConfig: auto-save-60s
02:07:53 Saving config file
02:07:53 Saved config file successfully
02:07:53 saveConfig: auto-save-60s
02:07:53 Saving config file
02:07:53 Saved config file successfully
02:08:05 saveConfig: saving-data
02:08:05 Saving sacks file
02:08:05 Saved sacks file successfully
02:08:05 saveConfig: saving-data
02:08:05 Saving sacks file
02:08:05 Saved sacks file successfully
02:08:26 saveConfig: saving-data
02:08:26 Saving sacks file
02:08:26 Saved sacks file successfully
02:08:26 saveConfig: saving-data
02:08:26 Saving sacks file
02:08:26 Saved sacks file successfully
02:08:43 saveConfig: saving-data
02:08:43 Saving sacks file
02:08:43 Saved sacks file successfully
02:08:43 saveConfig: saving-data
02:08:43 Saving sacks file
02:08:43 Saved sacks file successfully
02:08:53 saveConfig: auto-save-60s
02:08:53 Saving config file
02:08:53 Saved config file successfully
02:08:53 saveConfig: auto-save-60s
02:08:53 Saving config file
02:08:53 Saved config file successfully
02:09:17 saveConfig: saving-data
02:09:17 Saving sacks file
02:09:17 Saved sacks file successfully
02:09:17 saveConfig: saving-data
02:09:17 Saving sacks file
02:09:17 Saved sacks file successfully
02:09:49 saveConfig: saving-data
02:09:49 Saving sacks file
02:09:49 Saved sacks file successfully
02:09:49 saveConfig: saving-data
02:09:49 Saving sacks file
02:09:49 Saved sacks file successfully
02:09:53 saveConfig: auto-save-60s
02:09:53 Saving config file
02:09:53 Saved config file successfully
02:09:53 saveConfig: auto-save-60s
02:09:53 Saving config file
02:09:53 Saved config file successfully
02:10:23 saveConfig: saving-data
02:10:23 Saving sacks file
02:10:23 Saved sacks file successfully
02:10:23 saveConfig: saving-data
02:10:23 Saving sacks file
02:10:23 Saved sacks file successfully
02:10:53 saveConfig: auto-save-60s
02:10:53 Saving config file
02:10:53 Saved config file successfully
02:10:53 saveConfig: auto-save-60s
02:10:53 Saving config file
02:10:53 Saved config file successfully
02:10:55 saveConfig: saving-data
02:10:55 Saving sacks file
02:10:55 Saved sacks file successfully
02:10:55 saveConfig: saving-data
02:10:55 Saving sacks file
02:10:55 Saved sacks file successfully
02:11:27 saveConfig: saving-data
02:11:27 Saving sacks file
02:11:27 Saved sacks file successfully
02:11:27 saveConfig: saving-data
02:11:27 Saving sacks file
02:11:27 Saved sacks file successfully
02:11:53 saveConfig: auto-save-60s
02:11:53 Saving config file
02:11:53 Saved config file successfully
02:11:53 saveConfig: auto-save-60s
02:11:53 Saving config file
02:11:53 Saved config file successfully
02:11:58 saveConfig: saving-data
02:11:58 Saving sacks file
02:11:58 Saved sacks file successfully
02:11:58 saveConfig: saving-data
02:11:58 Saving sacks file
02:11:58 Saved sacks file successfully
02:12:29 saveConfig: saving-data
02:12:29 Saving sacks file
02:12:29 Saved sacks file successfully
02:12:29 saveConfig: saving-data
02:12:29 Saving sacks file
02:12:29 Saved sacks file successfully
02:12:53 saveConfig: auto-save-60s
02:12:53 Saving config file
02:12:53 Saved config file successfully
02:12:53 saveConfig: auto-save-60s
02:12:53 Saving config file
02:12:53 Saved config file successfully
02:13:02 saveConfig: saving-data
02:13:02 Saving sacks file
02:13:02 Saved sacks file successfully
02:13:02 saveConfig: saving-data
02:13:02 Saving sacks file
02:13:02 Saved sacks file successfully
02:13:08 saveConfig: saving-data
02:13:08 Saving sacks file
02:13:08 Saved sacks file successfully
02:13:08 saveConfig: saving-data
02:13:08 Saving sacks file
02:13:08 Saved sacks file successfully
02:13:42 saveConfig: saving-data
02:13:42 Saving sacks file
02:13:42 Saved sacks file successfully
02:13:42 saveConfig: saving-data
02:13:42 Saving sacks file
02:13:42 Saved sacks file successfully
02:13:53 saveConfig: auto-save-60s
02:13:53 Saving config file
02:13:53 Saved config file successfully
02:13:53 saveConfig: auto-save-60s
02:13:53 Saving config file
02:13:53 Saved config file successfully
02:13:54 saveConfig: saving-data
02:13:54 Saving sacks file
02:13:54 Saved sacks file successfully
02:13:54 saveConfig: saving-data
02:13:54 Saving sacks file
02:13:54 Saved sacks file successfully
02:14:16 saveConfig: saving-data
02:14:16 Saving sacks file
02:14:16 Saved sacks file successfully
02:14:16 saveConfig: saving-data
02:14:16 Saving sacks file
02:14:16 Saved sacks file successfully
02:14:53 saveConfig: auto-save-60s
02:14:53 Saving config file
02:14:53 Saved config file successfully
02:14:53 saveConfig: auto-save-60s
02:14:53 Saving config file
02:14:53 Saved config file successfully
02:15:18 saveConfig: saving-data
02:15:18 Saving sacks file
02:15:18 Saved sacks file successfully
02:15:18 saveConfig: saving-data
02:15:18 Saving sacks file
02:15:18 Saved sacks file successfully
02:15:53 saveConfig: auto-save-60s
02:15:53 Saving config file
02:15:53 Saved config file successfully
02:15:53 saveConfig: auto-save-60s
02:15:53 Saving config file
02:15:53 Saved config file successfully
02:16:17 saveConfig: saving-data
02:16:17 Saving sacks file
02:16:17 Saved sacks file successfully
02:16:17 saveConfig: saving-data
02:16:17 Saving sacks file
02:16:17 Saved sacks file successfully
02:16:49 saveConfig: saving-data
02:16:49 Saving sacks file
02:16:49 Saved sacks file successfully
02:16:49 saveConfig: saving-data
02:16:49 Saving sacks file
02:16:49 Saved sacks file successfully
02:16:53 saveConfig: auto-save-60s
02:16:53 Saving config file
02:16:53 Saved config file successfully
02:16:53 saveConfig: auto-save-60s
02:16:53 Saving config file
02:16:53 Saved config file successfully
02:17:12 saveConfig: saving-data
02:17:12 Saving sacks file
02:17:12 Saved sacks file successfully
02:17:12 saveConfig: saving-data
02:17:12 Saving sacks file
02:17:12 Saved sacks file successfully
02:17:26 saveConfig: saving-data
02:17:26 Saving sacks file
02:17:27 Saved sacks file successfully
02:17:27 saveConfig: saving-data
02:17:27 Saving sacks file
02:17:27 Saved sacks file successfully
02:17:53 saveConfig: auto-save-60s
02:17:53 Saving config file
02:17:53 Saved config file successfully
02:17:53 saveConfig: auto-save-60s
02:17:53 Saving config file
02:17:53 Saved config file successfully
02:18:05 saveConfig: saving-data
02:18:05 Saving sacks file
02:18:06 Saved sacks file successfully
02:18:06 saveConfig: saving-data
02:18:06 Saving sacks file
02:18:06 Saved sacks file successfully
02:18:38 saveConfig: saving-data
02:18:38 Saving sacks file
02:18:38 Saved sacks file successfully
02:18:38 saveConfig: saving-data
02:18:38 Saving sacks file
02:18:38 Saved sacks file successfully
02:18:53 saveConfig: auto-save-60s
02:18:53 Saving config file
02:18:53 Saved config file successfully
02:18:53 saveConfig: auto-save-60s
02:18:53 Saving config file
02:18:53 Saved config file successfully
02:19:10 saveConfig: saving-data
02:19:10 Saving sacks file
02:19:10 Saved sacks file successfully
02:19:10 saveConfig: saving-data
02:19:10 Saving sacks file
02:19:10 Saved sacks file successfully
02:19:42 saveConfig: saving-data
02:19:42 Saving sacks file
02:19:42 Saved sacks file successfully
02:19:42 saveConfig: saving-data
02:19:42 Saving sacks file
02:19:42 Saved sacks file successfully
02:19:53 saveConfig: auto-save-60s
02:19:53 Saving config file
02:19:53 Saved config file successfully
02:19:53 saveConfig: auto-save-60s
02:19:53 Saving config file
02:19:53 Saved config file successfully
02:20:14 saveConfig: saving-data
02:20:14 Saving sacks file
02:20:14 Saved sacks file successfully
02:20:14 saveConfig: saving-data
02:20:14 Saving sacks file
02:20:14 Saved sacks file successfully
02:20:53 saveConfig: saving-data
02:20:53 Saving sacks file
02:20:53 Saved sacks file successfully
02:20:53 saveConfig: saving-data
02:20:53 Saving sacks file
02:20:53 Saved sacks file successfully
02:20:53 saveConfig: auto-save-60s
02:20:53 Saving config file
02:20:53 Saved config file successfully
02:20:53 saveConfig: auto-save-60s
02:20:53 Saving config file
02:20:53 Saved config file successfully
02:21:24 saveConfig: saving-data
02:21:24 Saving sacks file
02:21:24 Saved sacks file successfully
02:21:24 saveConfig: saving-data
02:21:24 Saving sacks file
02:21:24 Saved sacks file successfully
02:21:53 saveConfig: auto-save-60s
02:21:53 Saving config file
02:21:53 Saved config file successfully
02:21:53 saveConfig: auto-save-60s
02:21:53 Saving config file
02:21:53 Saved config file successfully
02:21:56 saveConfig: saving-data
02:21:56 Saving sacks file
02:21:56 Saved sacks file successfully
02:21:56 saveConfig: saving-data
02:21:56 Saving sacks file
02:21:56 Saved sacks file successfully
02:22:28 saveConfig: saving-data
02:22:28 Saving sacks file
02:22:28 Saved sacks file successfully
02:22:28 saveConfig: saving-data
02:22:28 Saving sacks file
02:22:28 Saved sacks file successfully
02:22:53 saveConfig: auto-save-60s
02:22:53 Saving config file
02:22:53 Saved config file successfully
02:22:53 saveConfig: auto-save-60s
02:22:53 Saving config file
02:22:53 Saved config file successfully
02:22:59 saveConfig: saving-data
02:22:59 Saving sacks file
02:22:59 Saved sacks file successfully
02:22:59 saveConfig: saving-data
02:22:59 Saving sacks file
02:22:59 Saved sacks file successfully
02:23:16 saveConfig: saving-data
02:23:16 Saving sacks file
02:23:16 Saved sacks file successfully
02:23:16 saveConfig: saving-data
02:23:16 Saving sacks file
02:23:16 Saved sacks file successfully
02:23:28 saveConfig: saving-data
02:23:28 Saving sacks file
02:23:28 Saved sacks file successfully
02:23:28 saveConfig: saving-data
02:23:28 Saving sacks file
02:23:28 Saved sacks file successfully
02:23:38 saveConfig: saving-data
02:23:38 Saving sacks file
02:23:38 Saved sacks file successfully
02:23:38 saveConfig: saving-data
02:23:38 Saving sacks file
02:23:38 Saved sacks file successfully
02:23:41 saveConfig: saving-data
02:23:41 Saving sacks file
02:23:41 Saved sacks file successfully
02:23:41 saveConfig: saving-data
02:23:41 Saving sacks file
02:23:41 Saved sacks file successfully
02:23:53 saveConfig: auto-save-60s
02:23:53 Saving config file
02:23:53 Saved config file successfully
02:23:53 saveConfig: auto-save-60s
02:23:53 Saving config file
02:23:53 Saved config file successfully
02:23:53 saveConfig: saving-data
02:23:53 Saving sacks file
02:23:53 Saved sacks file successfully
02:23:53 saveConfig: saving-data
02:23:53 Saving sacks file
02:23:53 Saved sacks file successfully
02:24:15 saveConfig: saving-data
02:24:15 Saving sacks file
02:24:15 Saved sacks file successfully
02:24:15 saveConfig: saving-data
02:24:15 Saving sacks file
02:24:15 Saved sacks file successfully
02:24:47 saveConfig: saving-data
02:24:47 Saving sacks file
02:24:47 Saved sacks file successfully
02:24:47 saveConfig: saving-data
02:24:47 Saving sacks file
02:24:47 Saved sacks file successfully
02:24:53 saveConfig: auto-save-60s
02:24:53 Saving config file
02:24:53 Saved config file successfully
02:24:53 saveConfig: auto-save-60s
02:24:53 Saving config file
02:24:53 Saved config file successfully
02:25:39 saveConfig: saving-data
02:25:39 Saving sacks file
02:25:39 Saved sacks file successfully
02:25:39 saveConfig: saving-data
02:25:39 Saving sacks file
02:25:39 Saved sacks file successfully
02:25:53 saveConfig: auto-save-60s
02:25:53 Saving config file
02:25:53 Saved config file successfully
02:25:53 saveConfig: auto-save-60s
02:25:53 Saving config file
02:25:53 Saved config file successfully
02:26:33 saveConfig: saving-data
02:26:33 Saving sacks file
02:26:33 Saved sacks file successfully
02:26:33 saveConfig: saving-data
02:26:33 Saving sacks file
02:26:33 Saved sacks file successfully
02:26:53 saveConfig: auto-save-60s
02:26:53 Saving config file
02:26:53 Saved config file successfully
02:26:53 saveConfig: auto-save-60s
02:26:53 Saving config file
02:26:53 Saved config file successfully
02:26:56 saveConfig: saving-data
02:26:56 Saving sacks file
02:26:56 Saved sacks file successfully
02:26:56 saveConfig: saving-data
02:26:56 Saving sacks file
02:26:56 Saved sacks file successfully
02:27:53 saveConfig: auto-save-60s
02:27:53 Saving config file
02:27:53 Saved config file successfully
02:27:53 saveConfig: auto-save-60s
02:27:53 Saving config file
02:27:53 Saved config file successfully
02:28:08 saveConfig: shutdown-hook
02:28:08 Saving config file
02:28:09 Saved config file successfully
02:28:09 saveConfig: shutdown-hook
02:28:09 Saving config file
