21:21:47 [allowed] §aYou are still radiating with §bGenerosity§r§a!
21:21:48 [allowed] §f §r§r§r§f §r§r§r§1 §r§r§r§0 §r§r§r§2 §r§r§r§f §r§r§r§f §r§r§r§2 §r§r§r§0 §r§r§r§4 §r§r§r§3 §r§r§r§9 §r§r§r§2 §r§r§r§0 §r§r§r§0 §r§r§r§3 §r§r§r§9 §r§r§r§2 §r§r§r§0 §r§r§r§0 §r§r§r§3 §r§r§r§9 §r§r§r§2 §r§r§r§0 §r§r§r§0 
21:21:48 [allowed] §b[MVP§0+§b] KobeAim§f §6joined the lobby!
21:21:48 [allowed] §aYou have §61 §aunclaimed achievement reward!
21:21:48 [allowed] §eClick here to view it!
21:21:48 [allowed] §b[MVP§c+§b] MrSkiperr§f §6joined the lobby!
21:21:48 [allowed]   §r§f§l➤ §r§6You have reached your Hype limit! Add Hype to Prototype Lobby minigames by right-clicking with the Hype Diamond!
21:21:50 [allowed] §b[MVP§c+§b] Nbollinger17§f §6joined the lobby!
21:21:54 [allowed] §b[MVP§2+§b] WarPops§f §6joined the lobby!
21:21:58 [allowed] §b[MVP§2+§b] NoseExhale§f §6joined the lobby!
21:22:00 [allowed] §b[MVP§c+§b] Daltonnpvp§f §6joined the lobby!
21:22:01 [allowed] §b[MVP§9+§b] Shaqs§f §6joined the lobby!
21:22:02 [allowed] §b[MVP§2+§b] aalatif_§f §6joined the lobby!
21:22:04 [allowed] §b[MVP§6+§b] Sebizooo§f §6joined the lobby!
21:22:05 [allowed] §b[MVP§c+§b] S1m0nXd99§f §6joined the lobby!
21:22:07 [allowed] §b[MVP§a+§b] MixerUnited8§f §6joined the lobby!
21:22:08 [allowed] §b[MVP§2+§b] electricbill§f §6joined the lobby!
21:22:08 [allowed] §b[MVP§c+§b] SneakyDice§f §6joined the lobby!
21:22:09 [allowed] §b[MVP§c+§b] _cornflake§f §6joined the lobby!
21:22:10 [allowed] §b[MVP§d+§b] rjl_§f §6joined the lobby!
21:22:10 [allowed] §b[MVP§f+§b] 4handles§f §6joined the lobby!
21:22:12 [allowed] §b[MVP§4+§b] Nazaryk§f §6joined the lobby!
21:22:15 [allowed] §b[MVP§c+§b] RayTheSurfer§f §6joined the lobby!
21:22:20 [allowed] §b[MVP§d+§b] lordlizard999§f §6joined the lobby!
21:22:21 [allowed] §b[MVP§f+§b] Aspect0909§f §6joined the lobby!
21:22:25 [allowed] §b[MVP§c+§b] xiaowei314§f §6joined the lobby!
21:22:26 [allowed] §b[MVP§f+§b] jawbussin§f §6joined the lobby!
21:22:26 [allowed] §b[MVP§3+§b] Lontalius§f §6joined the lobby!
21:22:29 [allowed] §b[MVP§c+§b] Sqweazzz§f §6joined the lobby!
21:22:33 [allowed] §b[MVP§d+§b] Haon0708§f §6joined the lobby!
21:22:35 [allowed] §b[MVP§2+§b] Rayan567§f §6joined the lobby!
21:22:36 [allowed] §b[MVP§6+§b] rakkernub§f §6joined the lobby!
21:22:36 [allowed] §b[MVP§a+§b] shotgvnz§f §6joined the lobby!
21:22:42 [allowed] §b[MVP§9+§b] WitherL0rd§f §6joined the lobby!
21:22:45 [allowed] §b[MVP§c+§b] VC_Dave§f §6joined the lobby!
21:22:47 [allowed] §b[MVP§a+§b] MaMo15§f §6joined the lobby!
21:22:57 [allowed] §b[MVP§c+§b] Brodog417§f §6joined the lobby!
21:23:04 [allowed] §b[MVP§c+§b] Sentii_0§f §6joined the lobby!
21:23:05 [allowed] §b[MVP§c+§b] BINGBONGUZZI§f §6joined the lobby!
21:23:09 [allowed] §b[MVP§2+§b] EisberAufCracker§f §6joined the lobby!
21:23:10 [allowed] §b[MVP§2+§b] BlueMochi§f §6joined the lobby!
21:23:11 [allowed] §b[MVP§c+§b] Defender12212§f §6joined the lobby!
21:23:11 [allowed] §b[MVP§4+§b] MohelBiznatch§f §6joined the lobby!
21:23:13 [allowed] §b[MVP§d+§b] 62HP§f §6joined the lobby!
21:23:18 [allowed] §b[MVP§4+§b] Garbaim§f §6joined the lobby!
21:23:20 [allowed] §b[MVP§6+§b] FutureSweat§f §6joined the lobby!
21:23:20 [allowed] §b[MVP§4+§b] ZardynAeratel§f §6joined the lobby!
21:23:22 [allowed] §b[MVP§2+§b] anti_knocback§f §6joined the lobby!
21:23:22 [allowed] §b[MVP§d+§b] Sbagettiman§f §6joined the lobby!
21:23:29 [allowed] §b[MVP§c+§b] dik6§f §6joined the lobby!
21:23:30 [allowed] §b[MVP§9+§b] digdiggydigger§f §6joined the lobby!
21:23:30 [allowed] §b[MVP§d+§b] Mushydraco§f §6joined the lobby!
21:23:32 [allowed] §b[MVP§a+§b] Svenebanan1§f §6joined the lobby!
21:23:34 [allowed] §b[MVP§2+§b] HedgehawkOne§f §6joined the lobby!
21:23:35 [allowed] §b[MVP§f+§b] vershire§f §6joined the lobby!
21:23:37 [allowed] §7Sending to server mini3CS...
21:23:38 [allowed] §8 §r§8 §r§1 §r§3 §r§3 §r§7 §r§8 
21:23:39 [allowed]  
21:23:39 [allowed] §f       §7You have §32 §7pending §3Bestiary Milestones §7to be claimed!
21:23:39 [allowed] §f                  §6§l>>> §6§lCLICK HERE§e to claim them! §6§l<<<
21:23:39 [allowed]   
21:23:40 [allowed] 
21:23:40 [allowed] §eWelcome to §r§aHypixel SkyBlock§r§e!
21:23:40 [allowed] 
21:23:40 [allowed] §eLatest update: §bSkyBlock v0.22.1 §e§lCLICK
21:23:41 [allowed] §aYou are playing on profile: §eCoconut§b (Co-op)
21:23:41 [allowed] §8Profile ID: 4ef1bd42-ec32-42d4-afba-b766eacde1e7
21:27:57 [allowed] §eYou collected §r§6999,999 coins §r§efrom selling §r§f§r§9Rod of Champions §r§eto §r§b[MVP§r§3+§r§b] Fix4Ever §r§ein an auction!
21:27:57 [allowed] §b-----------------------------------------------------
21:27:57 [allowed] §b[MVP§r§0+§r§b] KobeAim§r§f §r§ecollected an auction for §r§6999,999 coins§r§e!
21:27:57 [allowed] §b-----------------------------------------------------
21:27:57 [allowed] §b-----------------------------------------------------
21:27:57 [allowed] §b[MVP§r§0+§r§b] KobeAim§r§f §r§ecollected an auction for §r§6999,999 coins§r§e!
21:27:57 [allowed] §b-----------------------------------------------------
21:27:57 [allowed] §eYou collected §r§6999,999 coins §r§efrom selling §r§f§r§9Rod of Champions §r§eto §r§7ItsAnwi §r§ein an auction!
21:27:57 [allowed] §b-----------------------------------------------------
21:27:57 [allowed] §b[MVP§r§0+§r§b] KobeAim§r§f §r§ecollected an auction for §r§6999,999 coins§r§e!
21:27:57 [allowed] §b-----------------------------------------------------
21:27:57 [allowed] §eYou collected §r§6999,999 coins §r§efrom selling §r§f§r§9Rod of Champions §r§eto §r§a[VIP] quicktesters §r§ein an auction!
21:27:57 [allowed] §b-----------------------------------------------------
21:27:57 [allowed] §b[MVP§r§0+§r§b] KobeAim§r§f §r§ecollected an auction for §r§6999,999 coins§r§e!
21:27:57 [allowed] §b-----------------------------------------------------
21:27:57 [allowed] §eYou collected §r§6999,999 coins §r§efrom selling §r§f§r§9Rod of Champions §r§eto §r§a[VIP] Gustel__ §r§ein an auction!
21:27:57 [allowed] §b-----------------------------------------------------
21:27:57 [allowed] §b[MVP§r§0+§r§b] KobeAim§r§f §r§ecollected an auction for §r§6999,999 coins§r§e!
21:27:57 [allowed] §b-----------------------------------------------------
21:27:57 [allowed] §eYou collected §r§6999,999 coins §r§efrom selling §r§f§r§9Rod of Champions §r§eto §r§7Zalanya34 §r§ein an auction!
21:28:01 [allowed] §6[Bazaar] §r§7Claiming orders...
21:28:02 [allowed] §6[Bazaar] §r§7§r§7Claimed §r§62,578,104 coins §r§7from selling §r§a4§r§7x §r§9Blue Ring §r§7at §r§6651,859 §r§7each!
21:28:02 [allowed] §6[Bazaar] §r§7§r§7Claimed §r§61,975,208 coins §r§7from selling §r§a73§r§7x §r§9§r§cRed Gift §r§7at §r§627,366 §r§7each!
21:28:02 [allowed] §6[Bazaar] §r§7§r§7Claimed §r§617,498,299 coins §r§7from selling §r§a2§r§7x §r§6Free Will §r§7at §r§68,848,697 §r§7each!
21:28:02 [allowed] §6[Bazaar] §r§7§r§7Claimed §r§61,226,584 coins §r§7from selling §r§a100§r§7x §r§9Bezos §r§7at §r§612,405 §r§7each!
21:28:02 [allowed] §6[Bazaar] §r§7§r§7Claimed §r§61,552,110 coins §r§7from selling §r§a725§r§7x §r§aGreen Candy §r§7at §r§62,165.2 §r§7each!
21:28:02 [allowed] §6[Bazaar] §r§7§r§7Claimed §r§62,877,291 coins §r§7from selling §r§a1,344§r§7x §r§aGreen Candy §r§7at §r§62,165.2 §r§7each!
21:29:35 [allowed] §cThere are blocks in the way!
21:29:37 [allowed] §cThere are blocks in the way!
21:29:39 [allowed] §cThere are blocks in the way!
21:29:46 [allowed] §aYou earned §r§2156 GEXP §r§afrom playing SkyBlock!
21:30:17 [allowed] §cThere are blocks in the way!
21:30:18 [allowed] §cThere are blocks in the way!
21:30:20 [allowed] §cThere are blocks in the way!
21:30:45 [allowed] §cThere are blocks in the way!
21:30:46 [allowed] §cThere are blocks in the way!
21:30:49 [allowed] §cThere are blocks in the way!
21:30:51 [allowed] §cThere are blocks in the way!
21:30:52 [allowed] §cThere are blocks in the way!
21:30:53 [allowed] §cThere are blocks in the way!
21:30:54 [allowed] §cThere are blocks in the way!
21:30:55 [allowed] §cThere are blocks in the way!
21:30:56 [allowed] §cThere are blocks in the way!
21:30:57 [allowed] §cThere are blocks in the way!
21:30:58 [allowed] §cThere are blocks in the way!
21:31:00 [allowed] §cThere are blocks in the way!
21:31:01 [allowed] §cThere are blocks in the way!
21:31:03 [allowed] §cThere are blocks in the way!
21:31:03 [allowed] §cThere are blocks in the way!
21:31:04 [allowed] §cThere are blocks in the way!
21:31:05 [allowed] §cThere are blocks in the way!
21:32:05 [allowed] §cThere are blocks in the way!
21:32:05 [allowed] §cThere are blocks in the way!
21:32:07 [allowed] §cThere are blocks in the way!
21:32:08 [allowed] §cThere are blocks in the way!
21:32:10 [allowed] §cThere are blocks in the way!
21:32:13 [allowed] §cThere are blocks in the way!
21:32:14 [allowed] §cThere are blocks in the way!
21:32:15 [allowed] §cThere are blocks in the way!
21:32:16 [allowed] §cThere are blocks in the way!
21:32:19 [allowed] §cThere are blocks in the way!
21:32:19 [allowed] §bLime_452 §r§elaunched a §r§9Bat Firework §r§ein the Village. It's dropping candies for everyone!
21:32:20 [allowed] §cThere are blocks in the way!
21:32:21 [allowed] §cThere are blocks in the way!
21:32:22 [allowed] §cThere are blocks in the way!
21:32:38 [allowed] §6[Sacks] §r§a+10§r§e items§r§e.§r§8 (Last 10s.)
21:33:00 [allowed] §cThere are blocks in the way!
21:33:03 [allowed] §cThere are blocks in the way!
21:33:03 [allowed] §6[Sacks] §r§a+13§r§e items§r§e.§r§8 (Last 15s.)
21:33:12 [allowed] §6[Sacks] §r§a+1§r§e item§r§e.§r§8 (Last 5s.)
21:33:19 [allowed] §cThere are blocks in the way!
21:33:20 [allowed] §cThere are blocks in the way!
21:33:21 [allowed] §cThere are blocks in the way!
21:33:22 [allowed] §cThere are blocks in the way!
21:33:23 [allowed] §cThere are blocks in the way!
21:33:25 [allowed] §cThere are blocks in the way!
21:33:28 [allowed] §cThere are blocks in the way!
21:33:29 [allowed] §cThere are blocks in the way!
21:33:30 [allowed] §cThere are blocks in the way!
21:33:31 [allowed] §cThere are blocks in the way!
21:33:33 [allowed] §cThere are blocks in the way!
21:33:34 [allowed] §cThere are blocks in the way!
21:33:35 [allowed] §cThere are blocks in the way!
21:33:37 [allowed] §cThere are blocks in the way!
21:33:39 [allowed] §cThere are blocks in the way!
21:33:40 [allowed] §cThere are blocks in the way!
21:33:41 [allowed] §cThere are blocks in the way!
21:33:44 [allowed] §cThere are blocks in the way!
21:33:46 [allowed] §cThere are blocks in the way!
21:33:47 [allowed] §cThere are blocks in the way!
21:33:48 [allowed] §cThere are blocks in the way!
21:33:54 [allowed] §cThere are blocks in the way!
21:33:56 [allowed] §cThere are blocks in the way!
21:33:57 [allowed] §cThere are blocks in the way!
21:33:59 [allowed] §cThere are blocks in the way!
21:34:01 [allowed] §cThere are blocks in the way!
21:34:03 [allowed] §cThere are blocks in the way!
21:34:03 [allowed] §cThere are blocks in the way!
21:34:08 [allowed] §cThere are blocks in the way!
21:34:10 [allowed] §cThere are blocks in the way!
21:34:47 [allowed] §aYou earned §r§2578 GEXP §r§afrom playing SkyBlock!
21:36:08 [allowed] §a§aYou tipped 4 players in 9 different games!
21:37:50 [allowed] §aFriend > §r§aToastedBreadCrum §r§ejoined.
21:39:31 [allowed] §7Warping you to your SkyBlock island...
21:39:31 [allowed] §7Sending to server mini188BS...
21:39:33 [allowed] §8 §r§8 §r§1 §r§3 §r§3 §r§7 §r§8 
21:39:33 [allowed]  
21:39:33 [allowed] §f       §7You have §32 §7pending §3Bestiary Milestones §7to be claimed!
21:39:33 [allowed] §f                  §6§l>>> §6§lCLICK HERE§e to claim them! §6§l<<<
21:39:33 [allowed]   
21:39:35 [allowed] §aYou are playing on profile: §eCoconut§b (Co-op)
21:39:35 [allowed] §8Profile ID: 4ef1bd42-ec32-42d4-afba-b766eacde1e7
21:39:35 [allowed] §cThere are blocks in the way!
21:40:14 [allowed] §aFriend > §r§bSwantaBoi §r§eleft.
21:40:22 [allowed] §aFriend > §r§aToastedBreadCrum §r§eleft.
21:44:32 [allowed] §aYou earned §r§275 GEXP §r§afrom playing SkyBlock!
21:50:10 [allowed] §aFriend > §r§bdeathybroxd §r§ejoined.
21:51:10 [allowed] §cYou already tipped everyone that has boosters active, so there isn't anybody to be tipped right now!
22:00:11 [allowed] §aFriend > §r§bmawiek §r§ejoined.
22:00:17 [allowed] §f
22:00:17 [allowed] §4[WATCHDOG ANNOUNCEMENT]
22:00:17 [allowed] §fWatchdog has banned §r§c§l12,003§r§f players in the last 7 days.
22:00:17 [allowed] §fStaff have banned an additional §r§c§l12,105§r§f in the last 7 days.
22:00:17 [allowed] §cBlacklisted modifications are a bannable offense!
22:00:17 [allowed] §c
22:06:10 [allowed] §cYou already tipped everyone that has boosters active, so there isn't anybody to be tipped right now!
22:13:18 [allowed] §aFriend > §r§bdeathybroxd §r§eleft.
22:19:32 [allowed] §cThis block is already occupied!
22:19:39 [allowed] §cThere are blocks in the way!
22:19:56 [allowed] §cThere are blocks in the way!
22:19:56 [allowed] §cThere are blocks in the way!
22:20:00 [allowed] §cThere are blocks in the way!
22:20:02 [allowed] §cThere are blocks in the way!
22:20:06 [allowed] §cThere are blocks in the way!
22:20:09 [allowed] §cThere are blocks in the way!
22:20:15 [allowed] §cThere are blocks in the way!
22:20:18 [allowed] §cThere are blocks in the way!
22:20:19 [allowed] §cThere are blocks in the way!
22:20:59 [allowed] §cThere are blocks in the way!
22:21:10 [allowed] §cYou already tipped everyone that has boosters active, so there isn't anybody to be tipped right now!
22:23:51 [allowed] §aFriend > §r§bdeathybroxd §r§ejoined.
22:24:41 [allowed] §aYou earned §r§2255 GEXP §r§afrom playing SkyBlock!
22:24:50 [allowed] §aFriend > §r§bdeathybroxd §r§eleft.
22:25:50 [allowed] §aFriend > §r§bMatteke42 §r§ejoined.
22:26:15 [allowed] §dFrom §r§b[MVP§r§6+§r§b] Matteke42§r§7: §r§7yoooo
22:26:20 [allowed] §dTo §r§b[MVP§r§6+§r§b] Matteke42§r§7: §r§7Hey UwU
22:26:35 [allowed] §6[Sacks] §r§a+25§r§e items§r§e.§r§8 (Last 11s.)
22:26:48 [allowed] §dFrom §r§b[MVP§r§6+§r§b] Matteke42§r§7: §r§7what you doing
22:26:52 [allowed] §6[Sacks] §r§a+18§r§e items§r§e.§r§8 (Last 14s.)
22:26:53 [allowed] §dTo §r§b[MVP§r§6+§r§b] Matteke42§r§7: §r§7gooning
22:27:04 [allowed] §dFrom §r§b[MVP§r§6+§r§b] Matteke42§r§7: §r§7dair
22:27:08 [allowed] §dFrom §r§b[MVP§r§6+§r§b] Matteke42§r§7: §r§7fair
22:27:18 [allowed] §6[Sacks] §r§a+34§r§e items§r§e.§r§8 (Last 23s.)
22:27:40 [allowed] §7Warping...
22:27:40 [allowed] §7Sending to server mini191DP...
22:27:41 [allowed] §8 §r§8 §r§1 §r§3 §r§3 §r§7 §r§8 
22:27:42 [allowed]  
22:27:42 [allowed] §f       §7You have §32 §7pending §3Bestiary Milestones §7to be claimed!
22:27:42 [allowed] §f                  §6§l>>> §6§lCLICK HERE§e to claim them! §6§l<<<
22:27:42 [allowed]   
22:27:44 [allowed] §aYou are playing on profile: §eCoconut§b (Co-op)
22:27:44 [allowed] §8Profile ID: 4ef1bd42-ec32-42d4-afba-b766eacde1e7
22:27:56 [allowed] §cThere are blocks in the way!
22:28:01 [allowed] §7Warping you to your SkyBlock island...
22:28:02 [allowed] §7Sending to server mini17DA...
22:28:03 [allowed] §8 §r§8 §r§1 §r§3 §r§3 §r§7 §r§8 
22:28:04 [allowed]  
22:28:04 [allowed] §f       §7You have §32 §7pending §3Bestiary Milestones §7to be claimed!
22:28:04 [allowed] §f                  §6§l>>> §6§lCLICK HERE§e to claim them! §6§l<<<
22:28:04 [allowed]   
22:28:05 [allowed] §aYou are playing on profile: §eCoconut§b (Co-op)
22:28:05 [allowed] §8Profile ID: 4ef1bd42-ec32-42d4-afba-b766eacde1e7
22:28:08 [allowed] §cThere are blocks in the way!
22:28:10 [allowed] §cThere are blocks in the way!
22:29:44 [allowed] §b[SkyBlock] §r§b[MVP§r§6+§r§b] Matteke42§r§f §r§eis visiting §r§aYour Island§r§e!
22:33:03 [allowed] §aYou earned §r§283 GEXP §r§afrom playing SkyBlock!
22:34:13 [allowed] §6[Bazaar] §r§7Cancelling order...
22:34:13 [allowed] §6[Bazaar] §r§7§r§cCancelled! §r§7Refunded §r§a1,088§r§7x §r§fWhite Gift §r§7from cancelling Sell Offer!
22:34:17 [allowed] §6[Bazaar] §r§7Putting goods in escrow...
22:34:17 [allowed] §6[Bazaar] §r§7Submitting sell offer...
22:34:17 [allowed] §6[Bazaar] §r§7§r§eSell Offer Setup! §r§a1,088§r§7x §r§fWhite Gift §r§7for §r§64,385,766 coins§r§7.
22:34:23 [allowed] §6[Bazaar] §r§7Cancelling order...
22:34:23 [allowed] §6[Bazaar] §r§7§r§cCancelled! §r§7Refunded §r§a518§r§7x §r§fWhite Gift §r§7from cancelling Sell Offer!
22:34:25 [allowed] §6[Bazaar] §r§7Putting goods in escrow...
22:34:25 [allowed] §6[Bazaar] §r§7Submitting sell offer...
22:34:25 [allowed] §6[Bazaar] §r§7§r§eSell Offer Setup! §r§a518§r§7x §r§fWhite Gift §r§7for §r§62,088,076 coins§r§7.
22:34:30 [allowed] §6[Bazaar] §r§7Cancelling order...
22:34:30 [allowed] §6[Bazaar] §r§7§r§cCancelled! §r§7Refunded §r§a24§r§7x §r§5Spell Powder §r§7from cancelling Sell Offer!
22:34:32 [allowed] §6[Bazaar] §r§7Putting goods in escrow...
22:34:32 [allowed] §6[Bazaar] §r§7Submitting sell offer...
22:34:32 [allowed] §6[Bazaar] §r§7§r§eSell Offer Setup! §r§a24§r§7x §r§5Spell Powder §r§7for §r§61,067,916 coins§r§7.
22:34:37 [allowed] §6[Bazaar] §r§7Cancelling order...
22:34:37 [allowed] §6[Bazaar] §r§7§r§cCancelled! §r§7Refunded §r§a11§r§7x §r§5Compact Ooze §r§7from cancelling Sell Offer!
22:34:40 [allowed] §6[Bazaar] §r§7Putting goods in escrow...
22:34:40 [allowed] §6[Bazaar] §r§7Submitting sell offer...
22:34:40 [allowed] §6[Bazaar] §r§7§r§eSell Offer Setup! §r§a11§r§7x §r§5Compact Ooze §r§7for §r§61,957,716 coins§r§7.
22:34:43 [allowed] §6[Bazaar] §r§7Cancelling order...
22:34:43 [allowed] §6[Bazaar] §r§7§r§cCancelled! §r§7Refunded §r§a5§r§7x §r§aEnchanted Golden Carrot §r§7from cancelling Sell Offer!
22:34:48 [allowed] §b[SkyBlock] §r§b[MVP§r§6+§r§b] Matteke42§r§f §r§eis visiting §r§aYour Garden§r§e!
22:34:52 [allowed] §cThere are blocks in the way!
22:34:54 [allowed] §6[Sacks] §r§a+5§r§e items§r§e.§r§8 (Last 5s.)
22:34:58 [allowed] §7Warping...
22:34:58 [allowed] §7Sending to server mini68DG...
22:35:00 [allowed] §8 §r§8 §r§1 §r§3 §r§3 §r§7 §r§8 
22:35:00 [allowed]  
22:35:00 [allowed] §f       §7You have §32 §7pending §3Bestiary Milestones §7to be claimed!
22:35:00 [allowed] §f                  §6§l>>> §6§lCLICK HERE§e to claim them! §6§l<<<
22:35:00 [allowed]   
22:35:00 [allowed] §6§lGROSS! §7While you were offline, §2Pests §7spawned in §aPlots §r§b2§r§7, §r§b17§r§7, §r§b1§r§7, §r§b7§r§7 and §r§b12§r§r§7!
22:35:00 [allowed] §7Your §r§6☘ Farming Fortune §r§7has been reduced by §r§475%§r§7!
22:35:00 [allowed] §7Click on a plot's name in chat to teleport to it!
22:35:02 [allowed] §aYou are playing on profile: §eCoconut§b (Co-op)
22:35:02 [allowed] §8Profile ID: 4ef1bd42-ec32-42d4-afba-b766eacde1e7
22:35:02 [allowed] §eYou have §r§a1 guest §r§eon your island!
22:35:02 [allowed] §8[§r§3249§r§8] §r§7ф §r§b[MVP§r§0+§r§b] KobeAim§r§f: heyyyyy
22:35:14 [allowed] §cAutopet §eequipped your §7[Lvl 89] §6Hedgehog§e! §a§lVIEW RULE
22:35:29 [allowed] §6[Sacks] §r§a+67§r§e items§r§e.§r§8 (Last 5s.)
22:35:43 [allowed] §6[Sacks] §r§a+123§r§e items§r§e.§r§8 (Last 9s.)
22:35:50 [allowed] §aYour Garden is no longer infested and your §r§6☘ Farming Fortune §r§ahas returned to normal!
22:35:56 [allowed] §6[Sacks] §r§a+219§r§e items§r§e.§r§8 (Last 10s.)
22:36:02 [allowed] §6[Sacks] §r§a+31§r§e items§r§e.§r§8 (Last 5s.)
22:36:10 [allowed] §6[Sacks] §r§a+163§r§e items§r§e.§r§8 (Last 5s.)
22:36:12 [allowed] §a§aYou tipped 5 players in 9 different games!
22:36:20 [allowed] §6[Sacks] §r§a+112§r§e items§r§e.§r§8 (Last 5s.)
22:36:28 [allowed] §6§m-----------------------------------------
22:36:28 [allowed] §cYou cannot say the same message twice!
22:36:28 [allowed] §6§m-----------------------------------------
22:36:31 [allowed] §7Warping...
22:36:35 [allowed] §aYou released all Pests from Trap §r§2#3§r§7!
22:36:36 [allowed] §aYou released all Pests from Trap §r§2#1§r§7!
22:36:36 [allowed] §aYour Garden is no longer infested and your §r§6☘ Farming Fortune §r§ahas returned to normal!
22:36:37 [allowed] §6§lRARE DROP! §aRodent Revolution Vinyl §6(§6+1,081☘)
22:36:37 [allowed] §aYou released all Pests from Trap §r§2#2§r§7!
22:36:42 [allowed] §aYou sold §r§aRodent Revolution Vinyl§r§8 x1 §r§afor §r§650,000 Coins§r§a!
22:36:44 [allowed] §6[Sacks] §r§a+740§r§e items§r§e.§r§8 (Last 7s.)
22:36:45 [allowed] §aTeleported you to §r§aThe Barn§r§a!
22:36:51 [allowed] §e[NPC] §aAdventurer§f: §r§fDarn it, I'll have to find another farmer then.
22:37:22 [allowed] §8[§r§3249§r§8] §r§7ф §r§b[MVP§r§0+§r§b] KobeAim§r§f: Hey UwU
22:37:25 [allowed] §8[§r§3254§r§8] §r§b[MVP§6+§b] Matteke42§f§r§f: yooo
22:37:30 [allowed] §8[§r§3249§r§8] §r§7ф §r§b[MVP§r§0+§r§b] KobeAim§r§f: wat dooee je
22:37:35 [allowed] §cThere are blocks in the way!
22:37:35 [allowed] §cThere are blocks in the way!
22:37:35 [allowed] §8[§r§3254§r§8] §r§b[MVP§6+§b] Matteke42§f§r§f: niks
22:38:23 [allowed] §6[Sacks] §r§a+578§r§e items§r§e.§r§8 (Last 30s.)
22:38:36 [allowed] §8[§r§3254§r§8] §r§b[MVP§6+§b] Matteke42§f§r§f: wa doe gij?
22:38:44 [allowed] §8[§r§3249§r§8] §r§7ф §r§b[MVP§r§0+§r§b] KobeAim§r§f: plot clearen
22:38:47 [allowed] §6[Sacks] §r§a+40§r§e items§r§e.§r§8 (Last 21s.)
22:38:55 [allowed] §8[§r§3254§r§8] §r§b[MVP§6+§b] Matteke42§f§r§f: welk plot
22:39:01 [allowed] §8[§r§3249§r§8] §r§7ф §r§b[MVP§r§0+§r§b] KobeAim§r§f: 23
22:39:03 [allowed] §cThere are blocks in the way!
22:39:13 [allowed] §6[Sacks] §r§a+310§r§e items§r§e.§r§8 (Last 24s.)
22:39:29 [allowed] §6[Sacks] §r§a+2§r§e items§r§e.§r§8 (Last 7s.)
22:39:32 [allowed] §cThere are blocks in the way!
22:39:40 [allowed] §8[§r§3254§r§8] §r§b[MVP§6+§b] Matteke42§f§r§f: en wrm
22:39:45 [allowed] §6[Sacks] §r§a+3§r§e items§r§e.§r§8 (Last 11s.)
22:39:49 [allowed] §aYou earned §r§2555 GEXP §r§afrom playing SkyBlock!
22:39:51 [allowed] §6[Sacks] §r§a+1§r§e item§r§e.§r§8 (Last 5s.)
22:40:15 [allowed] §8[§r§3249§r§8] §r§7ф §r§b[MVP§r§0+§r§b] KobeAim§r§f: der was is iets da als ge uncleared plots had dat die gereset waren en ge ze opnieuw moest kopen dus ik clear voor zeker heid
22:40:26 [allowed] §6[Sacks] §r§a+1§r§e item§r§e.§r§8 (Last 5s.)
22:40:27 [allowed] §8[§r§3249§r§8] §r§7ф §r§b[MVP§r§0+§r§b] KobeAim§r§f: en zo is het ook gedaan
22:40:32 [allowed] §cThere are blocks in the way!
22:40:36 [allowed] §cThere are blocks in the way!
22:40:36 [allowed] §6[Sacks] §r§a+1§r§e item§r§e.§r§8 (Last 5s.)
22:40:42 [allowed] §6[Sacks] §r§a+1§r§e item§r§e.§r§8 (Last 5s.)
22:40:48 [allowed] §cYou need to clean this plot before you can build on it!
22:40:51 [allowed] §cYou need to clean this plot before you can build on it!
22:40:58 [allowed] §cThis block is already occupied!
22:41:02 [allowed] §8[§r§3254§r§8] §r§b[MVP§6+§b] Matteke42§f§r§f: goesting om sebiet iet samen te doen
22:41:09 [allowed] §8[§r§3249§r§8] §r§7ф §r§b[MVP§r§0+§r§b] KobeAim§r§f: kga sebuet ******n en slapen
22:41:12 [allowed] §8[§r§3249§r§8] §r§7ф §r§b[MVP§r§0+§r§b] KobeAim§r§f: btuh
22:41:13 [allowed] §8[§r§3254§r§8] §r§b[MVP§6+§b] Matteke42§f§r§f: ok
22:41:14 [allowed] §8[§r§3249§r§8] §r§7ф §r§b[MVP§r§0+§r§b] KobeAim§r§f: shower
22:41:17 [allowed] §8[§r§3249§r§8] §r§7ф §r§b[MVP§r§0+§r§b] KobeAim§r§f: en slapen
22:41:19 [allowed] §7Warping you to your SkyBlock island...
22:41:19 [allowed] §7Sending to server mini154CG...
22:41:20 [allowed] §8 §r§8 §r§1 §r§3 §r§3 §r§7 §r§8 
22:41:21 [allowed]  
22:41:21 [allowed] §f       §7You have §32 §7pending §3Bestiary Milestones §7to be claimed!
22:41:21 [allowed] §f                  §6§l>>> §6§lCLICK HERE§e to claim them! §6§l<<<
22:41:21 [allowed]   
22:41:23 [allowed] §aYou are playing on profile: §eCoconut§b (Co-op)
22:41:23 [allowed] §8Profile ID: 4ef1bd42-ec32-42d4-afba-b766eacde1e7
22:41:54 [allowed] §6[Bazaar] §eYour §6Sell Offer §efor §a11§7x §5Compact Ooze §ewas filled!
22:41:58 [allowed] §6[Bazaar] §r§7Claiming orders...
22:41:58 [allowed] §6[Bazaar] §r§7§r§7Claimed §r§61,957,716 coins §r§7from selling §r§a11§r§7x §r§5Compact Ooze §r§7at §r§6179,999 §r§7each!
22:42:02 [allowed] §7Warping...
22:42:02 [allowed] §7Sending to server mini68DG...
22:42:04 [allowed] §8 §r§8 §r§1 §r§3 §r§3 §r§7 §r§8 
22:42:04 [allowed]  
22:42:04 [allowed] §f       §7You have §32 §7pending §3Bestiary Milestones §7to be claimed!
22:42:04 [allowed] §f                  §6§l>>> §6§lCLICK HERE§e to claim them! §6§l<<<
22:42:04 [allowed]   
22:42:06 [allowed] §aYou are playing on profile: §eCoconut§b (Co-op)
22:42:06 [allowed] §8Profile ID: 4ef1bd42-ec32-42d4-afba-b766eacde1e7
22:42:06 [allowed] §eYou have §r§a1 guest §r§eon your island!
22:42:10 [allowed] §aTeleported you to §r§aPlot §r§7- §r§b23§r§a!
22:42:50 [allowed] §cYou cannot edit blocks in this area!
22:42:52 [allowed] §cYou cannot edit blocks in this area!
22:42:53 [allowed] §cYou cannot edit blocks in this area!
22:42:53 [allowed] §cYou cannot edit blocks in this area!
22:42:53 [allowed] §cYou cannot edit blocks in this area!
22:42:57 [allowed] §aTeleported you to §r§aThe Barn§r§a!
22:43:03 [allowed] §aInserted §r§257,492.8 §r§aOrganic Matter from your sacks!
22:43:06 [allowed] §cThere are blocks in the way!
22:43:09 [allowed] §6[Sacks] §r§c-896§r§e items§r§e.§r§8 (Last 5s.)
22:43:18 [allowed] §cThere are blocks in the way!
22:43:18 [allowed] §e[NPC] §bSam§f: §rOh, have you met my friends here? They like to host farming contests and sell cool new tools!
22:43:24 [allowed] §6§lOFFER ACCEPTED §r§8with §r§aXalx §r§8(§r§a§lUNCOMMON§r§8)
22:43:24 [allowed] 
22:43:24 [allowed]   §r§a§lREWARDS
22:43:24 [allowed]     §r§8+§r§215 §r§7Garden Experience
22:43:24 [allowed]     §r§8+§r§34.1k §r§7Farming XP
22:43:24 [allowed]     §r§8+§r§c28 Copper
22:43:24 [allowed]     §r§8+§r§b10 Bits
22:43:24 [allowed]     §r§7§fMysterious Crop
22:43:24 [allowed] 
22:43:30 [allowed] §6[Sacks] §r§c-256§r§e items§r§e.§r§8 (Last 5s.)
22:43:31 [allowed] §aYou bought §r§fSam's Scythe §r§afor §r§62,000 Coins§r§a!
22:43:31 [allowed] §aYou bought §r§aGarden Scythe§r§a!
22:43:37 [allowed] §aTeleported you to §r§aPlot §r§7- §r§b23§r§a!
22:43:47 [allowed] §6[Sacks] §r§a+3§r§e items§r§e.§r§8 (Last 7s.)
22:44:17 [allowed] §6[Sacks] §r§a+16§r§e items§r§e.§r§8 (Last 28s.)
22:44:50 [allowed] §aYou earned §r§2550 GEXP §r§afrom playing SkyBlock!
22:44:53 [allowed] §6[Sacks] §r§a+33§r§e items§r§e.§r§8 (Last 30s.)
22:45:24 [allowed] §6[Sacks] §r§a+48§r§e items§r§e.§r§8 (Last 30s.)
22:45:56 [allowed] §6[Sacks] §r§a+49§r§e items§r§e.§r§8 (Last 30s.)
22:46:28 [allowed] §6[Sacks] §r§a+71§r§e items§r§e.§r§8 (Last 30s.)
22:46:52 [allowed] §6[Sacks] §r§a+20§r§e items§r§e.§r§8 (Last 24s.)
22:46:58 [allowed] §6[Sacks] §r§a+6§r§e items§r§e.§r§8 (Last 5s.)
22:47:10 [allowed] §6[Sacks] §r§a+4§r§e items§r§e.§r§8 (Last 9s.)
22:47:23 [allowed] §6[Sacks] §r§a+6§r§e items§r§e.§r§8 (Last 11s.)
22:47:39 [allowed] §6[Sacks] §r§a+6§r§e items§r§e.§r§8 (Last 13s.)
22:47:47 [allowed] §6[Sacks] §r§a+1§r§e item§r§e.§r§8 (Last 5s.)
22:47:48 [allowed] §aPlot §r§7- §r§b23 §r§ais now clean!
22:47:55 [allowed] §6[Sacks] §r§a+1§r§e item§r§e.§r§8 (Last 5s.)
22:48:32 [allowed] §aTeleported you to §r§aPlot §r§7- §r§b23§r§a!
22:48:37 [allowed] §aStarted pasting §r§bCleared §r§apreset on Garden §r§aPlot §r§7- §r§b23§r§a!
22:48:37 [allowed] §eRemember, you have to be on the island for the resources to be planted!
22:48:37 [allowed] §c§lWARNING! §r§fBlocks that you break on this plot will not drop items while using a custom preset!
22:49:51 [allowed] §aYou earned §r§2750 GEXP §r§afrom playing SkyBlock!
22:50:33 [allowed] §aTeleported you to §r§aThe Barn§r§a!
22:50:52 [allowed] §dRabbit Dog §r§7has been promoted to §r§7[214§r§7] §r§dExecutive§r§7!
22:50:53 [allowed] §d§lTIME TOWER! §r§7Your §r§6Chocolate Factory §r§7production has increased by §r§6+1.5x §r§7for §r§a1h§r§7!
22:50:56 [allowed] §7Sending to server mini19BE...
22:50:57 [allowed] §8 §r§8 §r§1 §r§3 §r§3 §r§7 §r§8 
22:50:57 [allowed] §d§lINFUSED! §r§7Used one of your free Rift charges!
22:50:57 [allowed] §8If this was unintended, you can leave at no cost whatsoever.
22:50:58 [allowed]  
22:50:58 [allowed] §f       §7You have §32 §7pending §3Bestiary Milestones §7to be claimed!
22:50:58 [allowed] §f                  §6§l>>> §6§lCLICK HERE§e to claim them! §6§l<<<
22:50:58 [allowed]   
22:51:00 [allowed] §e[NPC] Wizard§f: §r§fThe greatest §dmagic §fcomes from the courage to venture into the unknown.
22:51:00 [allowed] §aYou are playing on profile: §eCoconut§b (Co-op)
22:51:00 [allowed] §8Profile ID: 4ef1bd42-ec32-42d4-afba-b766eacde1e7
22:51:00 [allowed] §e[NPC] Wizard§f: §r§fAn entity we call §5Enigma §fhas decided to live at the base of the tower.
22:51:02 [allowed] §e[NPC] Wizard§f: §r§fI can barely understand it.
22:51:03 [allowed] §b§lSPLIT! §r§cYou will leave the game in 10 seconds.
22:51:03 [allowed] §b§lSPLIT! §r§7If you want to continue playing, click §r§b§l§a§lHERE
22:51:03 [allowed] §6§lROUND 1§r§6§l: §r§eYou chose §r§a§lSPLIT §r§eand gained §r§53,000 Motes§r§e!
22:51:08 [allowed] §6§lROUND 2§r§6§l: §r§eYou chose §r§a§lSPLIT §r§eand gained §r§53,000 Motes§r§e!
22:51:10 [allowed] §6§lROUND 3§r§6§l: §r§eYou chose §r§a§lSPLIT §r§eand gained §r§53,000 Motes§r§e!
22:51:11 [allowed] §6§lROUND 4§r§6§l: §r§eYou chose §r§a§lSPLIT §r§eand gained §r§53,000 Motes§r§e!
22:51:13 [allowed] §6§lROUND 5 §r§6(§r§6§lFINAL§r§6)§r§6§l: §r§eYou chose §r§a§lSPLIT §r§eand gained §r§53,000 Motes§r§e!
22:51:13 [allowed] §eYou earned §r§515,000 Motes §r§ein this match!
22:51:13 [allowed] §eYour opponent earned §r§515,000 Motes §r§ein this match!
22:51:14 [allowed] §a§aYou tipped 1 player in 1 game!
22:51:16 [allowed] §cThere are blocks in the way!
22:51:20 [allowed] §eYou used §r§a§r§a21m41s ф Rift Time §r§eto teleport to §r§fMountaintop§r§e!
22:51:21 [allowed] §5§l▬▬▬▬▬▬▬▬▬▬▬▬▬▬▬▬▬▬▬▬▬▬▬▬▬▬▬▬▬▬▬▬▬▬▬▬▬▬▬▬▬▬▬▬▬▬▬▬▬▬▬▬▬▬▬▬▬▬▬▬▬▬▬▬
22:51:21 [allowed]   §r§d§lRIFT INSTABILITY WARNING
22:51:21 [allowed]     §r§7Venturing in the §r§dRift §r§7breaches spacetime.
22:51:21 [allowed]     §r§7You have §r§a46m40sф §r§7left before the rift collapses!
22:51:21 [allowed]     §r§8Your dimensional infusion has been consumed!
22:51:21 [allowed] §5§l▬▬▬▬▬▬▬▬▬▬▬▬▬▬▬▬▬▬▬▬▬▬▬▬▬▬▬▬▬▬▬▬▬▬▬▬▬▬▬▬▬▬▬▬▬▬▬▬▬▬▬▬▬▬▬▬▬▬▬▬▬▬▬▬
22:52:00 [allowed] §d§lRIFTASTIC! §r§b[MVP§r§6+§r§b] 1LOV3L3AN§r§f §r§ehas secured §r§cGlobulate Timecharm §r§einto their gallery! §r§6gg§r§e!
22:52:05 [allowed] §8[§r§a145§r§8] §r§7⸎ §r§a[VIP] Nalootti§f§r§f: gg
22:52:09 [allowed] §aYou earned §r§225 GEXP §r§afrom playing SkyBlock!
22:52:11 [allowed] §8[§r§a121§r§8] §r§7ᛃ §r§b[MVP] PHvision2725§f§r§f: can someone help w hot dogs record thing
22:52:30 [allowed] §8[§r§a145§r§8] §r§7⸎ §r§a[VIP] Nalootti§f§r§f: In the village?
22:52:31 [allowed] §cCouldn't read this number!
22:52:35 [allowed] §aYou have selected number §r§d100§r§a!
22:52:36 [allowed] §8[§r§a121§r§8] §r§7ᛃ §r§b[MVP] PHvision2725§f§r§f: yh
22:52:37 [allowed] §b[MVP§r§f+§r§b] NeveNoodle§r§f §r§eclaimed the §r§fMirrorverse §r§ereward! §r§fgg§r§e!
22:52:38 [allowed] §8[§r§a145§r§8] §r§7⸎ §r§a[VIP] Nalootti§f§r§f: sure
22:52:40 [allowed] §8[§r§728§r§8] §r§b[MVP§6+§b] 1LOV3L3AN§f§r§f: bacte?
22:52:41 [allowed] §aYou have selected number §r§d13§r§a!
22:52:43 [allowed] §8[§r§a121§r§8] §r§7ᛃ §r§b[MVP] PHvision2725§f§r§f: ty
22:52:58 [allowed] §cThis ability is on cooldown for 12s.
22:52:58 [allowed] §5§lORB! §r§dPicked up §r§5+25 Motes§r§d, recovered §r§a+2ф Rift Time§r§d!
22:52:59 [allowed] §8[§r§e116§r§8] §r§a[VIP] RegentFox765046§f§r§f: i can do bactre
22:53:02 [allowed] §eYou used §r§a§r§a10m00s ф Rift Time §r§eto enter §r§6Barrier Street§r§e!
22:53:03 [allowed] §e[NPC] §5Damia§f: §r§fThere are not many constants in the multiverse.
22:53:05 [allowed] §e[NPC] §5Damia§f: §r§fBut one of them is that §6Shen §fis ALWAYS the §6richest §fperson.
22:53:07 [allowed] §e[NPC] §5Damia§f: §r§fIn every single dimension he's by FAR the §6wealthiest §fbeing.
22:53:09 [allowed] §e[NPC] §5Damia§f: §r§fAnd in every dimension I'm his assistant.
22:53:10 [allowed] §eSelect an option: §r§a[§aWhy?§a] 
22:53:20 [allowed] §8[§r§728§r§8] §r§b[MVP§6+§b] 1LOV3L3AN§f§r§f: peasse help me
22:53:45 [allowed] §5§lORB! §r§dPicked up §r§5+25 Motes§r§d, recovered §r§a+2ф Rift Time§r§d!
22:54:05 [allowed] §7Warping...
22:54:05 [allowed] §7Sending to server mega39D...
22:54:06 [allowed] §8 §r§8 §r§1 §r§3 §r§3 §r§7 §r§8 
22:54:06 [allowed]  
22:54:06 [allowed] §f       §7You have §32 §7pending §3Bestiary Milestones §7to be claimed!
22:54:06 [allowed] §f                  §6§l>>> §6§lCLICK HERE§e to claim them! §6§l<<<
22:54:06 [allowed]   
22:54:09 [allowed] §aYou are playing on profile: §eCoconut§b (Co-op)
22:54:09 [allowed] §8Profile ID: 4ef1bd42-ec32-42d4-afba-b766eacde1e7
22:54:16 [allowed] §cThere are blocks in the way!
22:54:19 [allowed] §cThere are blocks in the way!
22:54:21 [allowed] §cThere are blocks in the way!
22:54:22 [allowed] §cThere are blocks in the way!
22:54:23 [allowed] §cThere are blocks in the way!
22:54:29 [allowed] §cThere are blocks in the way!
22:54:34 [allowed] §aFriend > §r§bMatteke42 §r§eleft.
22:54:37 [allowed] §6[Sacks] §r§a+11§r§e items§r§e.§r§8 (Last 6s.)
22:54:37 [allowed] §cThere are blocks in the way!
22:54:39 [allowed] §cThere are blocks in the way!
22:54:40 [allowed] §cThere are blocks in the way!
22:54:41 [allowed] §cThere are blocks in the way!
22:54:54 [allowed] §cThere are blocks in the way!
22:54:55 [allowed] §cThere are blocks in the way!
22:55:24 [allowed] §8[§r§f52§r§8] §r§70neKiII§7§r§7: Rlly good deals on my ah check it out
22:55:50 [allowed] §aFriend > §r§bMatteke42 §r§ejoined.
22:56:01 [allowed] §9§m-----------------------------------------------------
22:56:01 [allowed] §cCouldn't find a player with that name!
22:56:01 [allowed] §9§m-----------------------------------------------------
22:56:23 [allowed] §9§m-----------------------------------------------------
22:56:23 [allowed] §cYou cannot invite that player since they're not online.
22:56:23 [allowed] §9§m-----------------------------------------------------
22:56:24 [allowed] §e[NPC] Clerk Seraphine§f: §r§fWelcome to the §bCommunity Center§f!
22:56:25 [allowed] §e[NPC] Clerk Seraphine§f: §r§fContribute to community projects, upgrade your account, and more by talking to §dElizabeth§f!
22:56:27 [allowed] §e[NPC] Clerk Seraphine§f: §r§fYou can also vote in the §bmayor elections §fby heading through the warp behind me!
22:56:31 [allowed] §dWarped to §r§bElection Room§r§d!
22:56:40 [allowed] §aYou earned §r§2208 GEXP §r§afrom playing SkyBlock!
22:56:41 [allowed] §b-----------------------------------------------------
22:56:41 [allowed] §eYou changed your vote to §r§bAatrox §r§ein the §r§bYear 425 Elections§r§e!
22:56:41 [allowed] §eAs a §bFamous Player§e, your vote counts for §a20§e.
22:56:41 [allowed] §b-----------------------------------------------------
22:56:53 [allowed] §cThere are blocks in the way!
22:56:57 [allowed] §8[§r§a158§r§8] §r§a[VIP] PxrpleGalaxy§f§r§f: Bid on my ah to help for my first Hyperion ever!!! (Only if you have money you don't need lol)
22:57:00 [allowed] §dWarped to §r§bCommunity Center§r§d!
22:57:06 [allowed] §8[§r§5385§r§8] §r§6〣 §r§b[MVP§c+§b] KetchupDose§f§r§f: Lowballing 1.5b / items 10m+ / visit me :)
22:57:16 [allowed] §8[§r§b233§r§8] §r§a[VIP§6+§a] ozboza§f§r§f: lowballing with 550m purse
22:57:42 [allowed] §8[§r§b233§r§8] §r§a[VIP§6+§a] ozboza§f§r§f: visit me 600m lowball
22:58:09 [allowed] §8[§r§f52§r§8] §r§a[VIP§6+§a] BlackVortex82§f§r§f: LOWBALLING 250mil /visit BlackVortex82 (No dyes or skins)
22:58:32 [allowed] §8[§r§e101§r§8] §r§7ᛃ §r§a[VIP] nqtn§f§r§f: lowballing 250m purse easy to scam /visit nqtn
22:59:06 [allowed] §cThere are blocks in the way!
22:59:10 [allowed] §e[NPC] Jacobus§f: §rAn investment in knowledge pays the best interest.
22:59:13 [allowed] §eUpgraded accessory bag size by §r§6+2 Slots §r§efor §r§612,000,000 Coins§r§e!
22:59:15 [allowed] §eUpgraded accessory bag size by §r§6+2 Slots §r§efor §r§612,000,000 Coins§r§e!
22:59:20 [allowed] §8[§r§b236§r§8] §r§b[MVP§0+§b] HalfCooked§f§r§f: чо вы суки
22:59:21 [allowed] §8[§r§b236§r§8] §r§b[MVP§0+§b] HalfCooked§f§r§f: как дела?
22:59:29 [allowed] §aYour §r§eTuning Points §r§awere auto-assigned as convenience!
22:59:40 [allowed] §eUpgraded accessory bag size by §r§6+2 Slots §r§efor §r§612,000,000 Coins§r§e!
22:59:47 [allowed] §8[§r§f41§r§8] §r§7Chillydragon_65§7§r§7: selling t9 sheep minion for 3 mil /p me
22:59:47 [allowed] §7Warping you to your SkyBlock island...
22:59:48 [allowed] §7Sending to server mini193BQ...
22:59:49 [allowed] §8 §r§8 §r§1 §r§3 §r§3 §r§7 §r§8 
22:59:49 [allowed]  
22:59:49 [allowed] §f       §7You have §32 §7pending §3Bestiary Milestones §7to be claimed!
22:59:49 [allowed] §f                  §6§l>>> §6§lCLICK HERE§e to claim them! §6§l<<<
22:59:49 [allowed]   
22:59:51 [allowed] §aYou are playing on profile: §eCoconut§b (Co-op)
22:59:51 [allowed] §8Profile ID: 4ef1bd42-ec32-42d4-afba-b766eacde1e7
23:00:28 [allowed] §aYour §r§eTuning Points §r§awere auto-assigned as convenience!
23:00:41 [allowed] §7Warping...
23:00:41 [allowed] §7Sending to server mini71AA...
23:00:42 [allowed] §8 §r§8 §r§1 §r§3 §r§3 §r§7 §r§8 
23:00:42 [allowed]  
23:00:42 [allowed] §f       §7You have §32 §7pending §3Bestiary Milestones §7to be claimed!
23:00:42 [allowed] §f                  §6§l>>> §6§lCLICK HERE§e to claim them! §6§l<<<
23:00:42 [allowed]   
23:00:43 [allowed] §cYou may only use this command after 4s on the server!
23:00:44 [allowed] §aYou are playing on profile: §eCoconut§b (Co-op)
23:00:44 [allowed] §8Profile ID: 4ef1bd42-ec32-42d4-afba-b766eacde1e7
23:01:09 [allowed] §7Putting coins in escrow...
23:01:09 [allowed] §7Processing purchase...
23:01:09 [allowed] §eYou purchased §r§f§r§f§r§9Piggy Bank §r§efor §r§67,570,000 coins§r§e!
23:01:09 [allowed] §7Claiming BIN auction...
23:01:10 [allowed] §eYou claimed §r§f§r§9Piggy Bank §r§efrom §r§b[MVP§r§d+§r§b] LottaTime§r§e's auction!
23:02:18 [allowed] §8[§r§f73§r§8] §r§7bubiskewl§7§r§7: guys can you go to the map? im doing the fruit bowl thing
23:02:27 [allowed] §c ☠ §r§7§r§aBladecraft_YT§r§7 fell into the void§r§7.
23:03:23 [allowed] §6[Bazaar] §r§7Putting goods in escrow...
23:03:23 [allowed] §6[Bazaar] §r§7Submitting buy order...
23:03:23 [allowed] §6[Bazaar] §r§7§r§eBuy Order Setup! §r§a32§r§7x §r§9Griffin Feather §r§7for §r§64,093,331 coins§r§7.
23:03:27 [allowed] §aFriend > §r§boGodbridger §r§ejoined.
23:03:31 [allowed] §8[§r§e111§r§8] §r§a[VIP] KylolstI§f§r§f: go to lobby and do it next to the bz
23:03:45 [allowed] §8[§r§e111§r§8] §r§a[VIP] KylolstI§f§r§f: lobby 1
23:03:47 [allowed] §eThis player doesn't have any active auctions!
23:03:48 [allowed] §8[§r§f73§r§8] §r§7bubiskewl§7§r§7: i did im missing 8
23:03:52 [allowed] §8[§r§f73§r§8] §r§7bubiskewl§7§r§7: need banana
23:03:56 [allowed] §8[§r§f73§r§8] §r§7bubiskewl§7§r§7: blueberry
23:04:00 [allowed] §8[§r§f73§r§8] §r§7bubiskewl§7§r§7: kiwi
23:04:04 [allowed] §aYou earned §r§2188 GEXP §r§afrom playing SkyBlock!
23:04:04 [allowed] §eThis player doesn't have any active auctions!
23:04:09 [allowed] §8[§r§f73§r§8] §r§7bubiskewl§7§r§7: and a few more
23:06:19 [allowed] §cYou already tipped everyone that has boosters active, so there isn't anybody to be tipped right now!
23:06:54 [allowed] §6[Bazaar] §eYour §6Sell Offer §efor §a1,088§7x §fWhite Gift §ewas filled!
23:07:28 [allowed] §cThere are blocks in the way!
23:07:37 [allowed] §6[Bazaar] §r§7Claiming order...
23:07:37 [allowed] §6[Bazaar] §r§7§r§7Claimed §r§64,385,766 coins §r§7from selling §r§a1,088§r§7x §r§fWhite Gift §r§7at §r§64,076.9 §r§7each!
23:07:38 [allowed] §6[Bazaar] §r§7Claiming order...
23:07:38 [allowed] §6[Bazaar] §r§7§r§7Claimed §r§61,995,362 coins §r§7from selling §r§a495§r§7x §r§fWhite Gift §r§7at §r§64,076.9 §r§7each!
23:08:27 [allowed] §cYou can't use abilities while on a launch pad!
23:08:28 [allowed] §7Sending to server mini1014P...
23:08:29 [allowed] §8 §r§8 §r§1 §r§3 §r§3 §r§7 §r§8 
23:08:30 [allowed]  
23:08:30 [allowed] §f       §7You have §32 §7pending §3Bestiary Milestones §7to be claimed!
23:08:30 [allowed] §f                  §6§l>>> §6§lCLICK HERE§e to claim them! §6§l<<<
23:08:30 [allowed]   
23:08:32 [allowed] §cThere are blocks in the way!
23:08:32 [allowed] §aYou are playing on profile: §eCoconut§b (Co-op)
23:08:32 [allowed] §8Profile ID: 4ef1bd42-ec32-42d4-afba-b766eacde1e7
23:08:34 [allowed] §cThere are blocks in the way!
23:08:53 [allowed] §cThere are blocks in the way!
23:08:54 [allowed] §cThere are blocks in the way!
23:08:54 [allowed] §cThere are blocks in the way!
23:08:54 [allowed] §cThere are blocks in the way!
23:09:12 [allowed] §e[NPC] Trevor§f: §rYou will have 10 minutes to find the mob from when you accept the task.
23:09:14 [allowed] §e[NPC] Trevor§f: §rAny longer than that and the animal will run away!
23:09:14 [allowed] 
§r§b§lAccept the trapper's task to hunt the animal?§r
§r§7Click an option: §r§a§l[YES]§r§7 - §r§c§l[NO]
23:09:16 [allowed] §e[NPC] Trevor§f: §rYou can find your §a§lUNTRACKABLE §fanimal near the §bMushroom Gorge§f.
23:09:16 [allowed] §cThis prompt is invalid or has expired.
23:09:27 [allowed] §cThere are blocks in the way!
23:09:56 [allowed] §aYou earned §r§263 GEXP §r§afrom playing SkyBlock!
23:10:52 [allowed] §cThere are blocks in the way!
23:11:00 [allowed] §6[Sacks] §r§a+14§r§e items§r§e.§r§8 (Last 5s.)
23:11:04 [allowed] §cThere are blocks in the way!
23:11:07 [allowed] §cThere are blocks in the way!
23:11:16 [allowed] §aFriend > §r§bbobsimulator69 §r§ejoined.
23:11:18 [allowed] §cThere are blocks in the way!
23:11:21 [allowed] §cThere are blocks in the way!
23:11:24 [allowed] §cThere are blocks in the way!
23:11:26 [allowed] §cThere are blocks in the way!
23:11:32 [allowed] §cThere are blocks in the way!
23:11:40 [allowed] §cThere are blocks in the way!
23:11:42 [allowed] §cThere are blocks in the way!
23:11:43 [allowed] §cThere are blocks in the way!
23:11:44 [allowed] §cThere are blocks in the way!
23:11:45 [allowed] §cThere are blocks in the way!
23:11:52 [allowed] §cThere are blocks in the way!
23:11:55 [allowed] §cThere are blocks in the way!
23:12:06 [allowed] §cThere are blocks in the way!
23:12:08 [allowed] §cThere are blocks in the way!
23:12:10 [allowed] §aKilling the animal rewarded you §r§55 pelts§r§a.
23:12:10 [allowed] §aReturn to the Trapper soon to get a new animal to hunt!
23:12:19 [allowed] §e[NPC] Trevor§f: §rYou will have 10 minutes to find the mob from when you accept the task.
23:12:21 [allowed] §e[NPC] Trevor§f: §rAny longer than that and the animal will run away!
23:12:21 [allowed] 
§r§b§lAccept the trapper's task to hunt the animal?§r
§r§7Click an option: §r§a§l[YES]§r§7 - §r§c§l[NO]
23:12:22 [allowed] §e[NPC] Trevor§f: §rYou can find your §f§lTRACKABLE §fanimal near the §eDesert Settlement§f.
23:12:33 [allowed] §aKilling the animal rewarded you §r§53 pelts§r§a.
23:12:33 [allowed] §aReturn to the Trapper soon to get a new animal to hunt!
23:12:39 [allowed] §cYou haven't unlocked this fast travel destination!
23:12:49 [allowed] §cThere are blocks in the way!
23:12:49 [allowed] §cThere are blocks in the way!
23:12:49 [allowed] §cThere are blocks in the way!
23:12:49 [allowed] §cThere are blocks in the way!
23:12:55 [allowed] §e[NPC] Trevor§f: §rYou will have 10 minutes to find the mob from when you accept the task.
23:12:57 [allowed] §e[NPC] Trevor§f: §rAny longer than that and the animal will run away!
23:12:57 [allowed] 
§r§b§lAccept the trapper's task to hunt the animal?§r
§r§7Click an option: §r§a§l[YES]§r§7 - §r§c§l[NO]
23:12:58 [allowed] §e[NPC] Trevor§f: §rYou can find your §f§lTRACKABLE §fanimal near the §bMushroom Gorge§f.
23:13:05 [allowed] §cThere are blocks in the way!
23:13:06 [allowed] §cThe animal sent you flying!
23:13:07 [allowed] §aKilling the animal rewarded you §r§53 pelts§r§a.
23:13:07 [allowed] §aReturn to the Trapper soon to get a new animal to hunt!
23:13:08 [allowed] §cThere are blocks in the way!
23:13:08 [allowed] §cThere are blocks in the way!
23:13:13 [allowed] §6[Bazaar] §eYour §aBuy Order §efor §a32§7x §9Griffin Feather §ewas filled!
23:13:17 [allowed] §e[NPC] Trevor§f: §rSorry, I don't have any animals for you to hunt.
23:13:18 [allowed] §e[NPC] Trevor§f: §rTry coming back in §a2s§r!
23:13:19 [allowed] §6[Bazaar] §r§7Claiming order...
23:13:19 [allowed] §6[Bazaar] §r§7§r§7Claimed §r§a32§r§7x §r§9Griffin Feather §r§7worth §r§64,093,331 coins §r§7bought for §r§6127,917 §r§7each!
23:13:31 [allowed] §eYou Supercrafted §r§r§r§9Beastmaster Crest§r§e!
23:13:35 [allowed] §6[Sacks] §r§c-256§r§e items§r§e.§r§8 (Last 5s.)
23:13:49 [allowed] §6[Bazaar] §r§7Putting goods in escrow...
23:13:49 [allowed] §6[Bazaar] §r§7Submitting buy order...
23:13:49 [allowed] §6[Bazaar] §r§7§r§eBuy Order Setup! §r§a128§r§7x §r§9Griffin Feather §r§7for §r§616,373,325 coins§r§7.
23:13:59 [allowed] §6[Bazaar] §r§7Putting goods in escrow...
23:13:59 [allowed] §6[Bazaar] §r§7Submitting buy order...
23:13:59 [allowed] §6[Bazaar] §r§7§r§eBuy Order Setup! §r§a4§r§7x §r§5Enchanted Ancient Claw §r§7for §r§612,204 coins§r§7.
23:14:10 [allowed]  
23:14:10 [allowed] §f                          §r§3§lSKYBLOCK LEVEL UP
23:14:10 [allowed] §f                             §r§3Level §r§8249 ➡ §r§8[§r§3250§r§8]
23:14:10 [allowed]  
23:14:10 [allowed] §f                                  §r§6§lREWARDS
23:14:10 [allowed] §f                        §r§fSideways Smiley Emblem §r§7§lツ
23:14:10 [allowed] §f                               §r§8+§r§a1 §r§c❁ Strength
23:14:10 [allowed] §f                                 §r§8+§r§a5 §r§c❤ Health
23:14:10 [allowed]  
23:14:20 [allowed] §e[NPC] Trevor§f: §rYou will have 10 minutes to find the mob from when you accept the task.
23:14:22 [allowed] §e[NPC] Trevor§f: §rAny longer than that and the animal will run away!
23:14:22 [allowed] 
§r§b§lAccept the trapper's task to hunt the animal?§r
§r§7Click an option: §r§a§l[YES]§r§7 - §r§c§l[NO]
23:14:22 [allowed] §e[NPC] Trevor§f: §rYou can find your §9§lUNDETECTED §fanimal near the §bMushroom Gorge§f.
23:14:29 [allowed] §aKilling the animal rewarded you §r§57 pelts§r§a.
23:14:29 [allowed] §aReturn to the Trapper soon to get a new animal to hunt!
23:14:35 [allowed] §e[NPC] Trevor§f: §rSorry, I don't have any animals for you to hunt.
23:14:36 [allowed] §e[NPC] Trevor§f: §rTry coming back in §a8s§r!
23:14:40 [allowed] §e[NPC] Trevor§f: §rSorry, I don't have any animals for you to hunt.
23:14:41 [allowed] §e[NPC] Trevor§f: §rTry coming back in §a3s§r!
23:14:41 [allowed] §e[NPC] Trevor§f: §rSorry, I don't have any animals for you to hunt.
23:14:42 [allowed] §e[NPC] Trevor§f: §rTry coming back in §a2s§r!
23:14:42 [allowed] §e[NPC] Trevor§f: §rSorry, I don't have any animals for you to hunt.
23:14:43 [allowed] §e[NPC] Trevor§f: §rTry coming back in §a1s§r!
23:14:43 [allowed] §e[NPC] Trevor§f: §rYou will have 10 minutes to find the mob from when you accept the task.
23:14:45 [allowed] §e[NPC] Trevor§f: §rAny longer than that and the animal will run away!
23:14:45 [allowed] 
§r§b§lAccept the trapper's task to hunt the animal?§r
§r§7Click an option: §r§a§l[YES]§r§7 - §r§c§l[NO]
23:14:46 [allowed] §e[NPC] Trevor§f: §rYou can find your §f§lTRACKABLE §fanimal near the §bOasis§f.
23:14:55 [allowed] §aKilling the animal rewarded you §r§53 pelts§r§a.
23:14:55 [allowed] §aReturn to the Trapper soon to get a new animal to hunt!
23:14:57 [allowed] §aYou earned §r§2635 GEXP §r§afrom playing SkyBlock!
23:15:01 [allowed] §cThere are blocks in the way!
23:15:04 [allowed] §e[NPC] Trevor§f: §rSorry, I don't have any animals for you to hunt.
23:15:05 [allowed] §e[NPC] Trevor§f: §rTry coming back in §a2s§r!
23:15:06 [allowed] §e[NPC] Trevor§f: §rSorry, I don't have any animals for you to hunt.
23:15:07 [allowed] §e[NPC] Trevor§f: §rTry coming back in §a1s§r!
23:15:08 [allowed] §e[NPC] Trevor§f: §rYou will have 10 minutes to find the mob from when you accept the task.
23:15:10 [allowed] §e[NPC] Trevor§f: §rAny longer than that and the animal will run away!
23:15:10 [allowed] 
§r§b§lAccept the trapper's task to hunt the animal?§r
§r§7Click an option: §r§a§l[YES]§r§7 - §r§c§l[NO]
23:15:11 [allowed] §e[NPC] Trevor§f: §rYou can find your §9§lUNDETECTED §fanimal near the §eDesert Mountain§f.
23:15:23 [allowed] §6[Bazaar] §eYour §6Sell Offer §efor §a518§7x §fWhite Gift §ewas filled!
23:15:24 [allowed] §cThere are blocks in the way!
23:15:26 [allowed] §cThere are blocks in the way!
23:15:28 [allowed] §6[Bazaar] §r§7Claiming order...
23:15:28 [allowed] §6[Bazaar] §r§7§r§7Claimed §r§692,714 coins §r§7from selling §r§a23§r§7x §r§fWhite Gift §r§7at §r§64,076.9 §r§7each!
23:15:39 [allowed] §aKilling the animal rewarded you §r§57 pelts§r§a.
23:15:39 [allowed] §aReturn to the Trapper soon to get a new animal to hunt!
23:15:40 [allowed] §cThere are blocks in the way!
23:15:44 [allowed] §e[NPC] Trevor§f: §rYou will have 10 minutes to find the mob from when you accept the task.
23:15:46 [allowed] §e[NPC] Trevor§f: §rAny longer than that and the animal will run away!
23:15:46 [allowed] 
§r§b§lAccept the trapper's task to hunt the animal?§r
§r§7Click an option: §r§a§l[YES]§r§7 - §r§c§l[NO]
23:15:47 [allowed] §e[NPC] Trevor§f: §rYou can find your §9§lUNDETECTED §fanimal near the §bMushroom Gorge§f.
23:16:00 [allowed] §cThere are blocks in the way!
23:16:03 [allowed] §cThere are blocks in the way!
23:16:20 [allowed] §aFriend > §r§bbobsimulator69 §r§eleft.
23:16:21 [allowed] §cThere are blocks in the way!
23:16:24 [allowed] §cThere are blocks in the way!
23:16:26 [allowed] §cThere are blocks in the way!
23:16:38 [allowed] §cThere are blocks in the way!
23:16:47 [allowed] §cThere are blocks in the way!
23:16:52 [allowed] §cThere are blocks in the way!
23:17:05 [allowed] §cThe pig made a stench, you feel nauseous!
23:17:07 [allowed] §cThis ability is on cooldown for 30s.
23:17:10 [allowed] §aKilling the animal rewarded you §r§57 pelts§r§a.
23:17:10 [allowed] §aReturn to the Trapper soon to get a new animal to hunt!
23:17:15 [allowed] §e[NPC] Trevor§f: §rYou will have 10 minutes to find the mob from when you accept the task.
23:17:17 [allowed] §e[NPC] Trevor§f: §rAny longer than that and the animal will run away!
23:17:17 [allowed] 
§r§b§lAccept the trapper's task to hunt the animal?§r
§r§7Click an option: §r§a§l[YES]§r§7 - §r§c§l[NO]
23:17:18 [allowed] §e[NPC] Trevor§f: §rYou can find your §a§lUNTRACKABLE §fanimal near the §bMushroom Gorge§f.
23:17:37 [allowed] §cThere are blocks in the way!
23:17:45 [allowed] §cThere are blocks in the way!
23:17:45 [allowed] §cThere are blocks in the way!
23:18:00 [allowed] §cThere are blocks in the way!
23:18:00 [allowed] §cThere are blocks in the way!
23:18:13 [allowed] §cThere are blocks in the way!
23:18:17 [allowed] §cThere are blocks in the way!
23:18:18 [allowed] §cThere are blocks in the way!
23:18:21 [allowed] §cThere are blocks in the way!
23:18:23 [allowed] §cThere are blocks in the way!
23:18:24 [allowed] §cThere are blocks in the way!
23:18:33 [allowed] §c ☠ §r§7§r§7JessGamer77§r§7 fell into the void§r§7.
23:18:35 [allowed] §cThere are blocks in the way!
23:18:37 [allowed] §aKilling the animal rewarded you §r§55 pelts§r§a.
23:18:37 [allowed] §aReturn to the Trapper soon to get a new animal to hunt!
23:18:41 [allowed] §cThere are blocks in the way!
23:18:43 [allowed] §e[NPC] Trevor§f: §rYou will have 10 minutes to find the mob from when you accept the task.
23:18:44 [allowed] §cThere are blocks in the way!
23:18:45 [allowed] §e[NPC] Trevor§f: §rAny longer than that and the animal will run away!
23:18:45 [allowed] 
§r§b§lAccept the trapper's task to hunt the animal?§r
§r§7Click an option: §r§a§l[YES]§r§7 - §r§c§l[NO]
23:18:46 [allowed] §e[NPC] Trevor§f: §rYou can find your §a§lUNTRACKABLE §fanimal near the §bOasis§f.
23:18:53 [allowed] §c ☠ §r§7§r§7JessGamer77§r§7 fell into the void§r§7.
23:18:58 [allowed] §cThere are blocks in the way!
23:18:58 [allowed] §cThere are blocks in the way!
23:19:03 [allowed] §aKilling the animal rewarded you §r§55 pelts§r§a.
23:19:03 [allowed] §aReturn to the Trapper soon to get a new animal to hunt!
23:19:12 [allowed] §e[NPC] Trevor§f: §rYou will have 10 minutes to find the mob from when you accept the task.
23:19:14 [allowed] §e[NPC] Trevor§f: §rAny longer than that and the animal will run away!
23:19:14 [allowed] 
§r§b§lAccept the trapper's task to hunt the animal?§r
§r§7Click an option: §r§a§l[YES]§r§7 - §r§c§l[NO]
23:19:14 [allowed] §e[NPC] Trevor§f: §rYou can find your §f§lTRACKABLE §fanimal near the §bMushroom Gorge§f.
23:19:17 [allowed] §cThere are blocks in the way!
23:19:19 [allowed] §cThere are blocks in the way!
23:19:20 [allowed] §cThere are blocks in the way!
23:19:20 [allowed] §cThere are blocks in the way!
23:19:24 [allowed] §cThere are blocks in the way!
23:19:26 [allowed] §cThere are blocks in the way!
23:19:31 [allowed] §cThere are blocks in the way!
23:19:44 [allowed] §cThere are blocks in the way!
23:19:46 [allowed] §cThere are blocks in the way!
23:19:50 [allowed] §cThere are blocks in the way!
23:19:56 [allowed] §cThere are blocks in the way!
23:19:58 [allowed] §cThere are blocks in the way!
23:19:58 [allowed] §cThere are blocks in the way!
23:19:59 [allowed] §aYou earned §r§2715 GEXP §r§afrom playing SkyBlock!
23:20:00 [allowed] §cThere are blocks in the way!
23:20:01 [allowed] §cThere are blocks in the way!
23:20:02 [allowed] §cThere are blocks in the way!
23:20:10 [allowed] §cThere are blocks in the way!
23:20:10 [allowed] §aKilling the animal rewarded you §r§53 pelts§r§a.
23:20:10 [allowed] §aReturn to the Trapper soon to get a new animal to hunt!
23:20:13 [allowed] §cThere are blocks in the way!
23:20:13 [allowed] §cThere are blocks in the way!
23:20:16 [allowed] §e[NPC] Trevor§f: §rYou will have 10 minutes to find the mob from when you accept the task.
23:20:18 [allowed] §e[NPC] Trevor§f: §rAny longer than that and the animal will run away!
23:20:18 [allowed] 
§r§b§lAccept the trapper's task to hunt the animal?§r
§r§7Click an option: §r§a§l[YES]§r§7 - §r§c§l[NO]
23:20:18 [allowed] §cThere are blocks in the way!
23:20:19 [allowed] §e[NPC] Trevor§f: §rYou can find your §a§lUNTRACKABLE §fanimal near the §bOasis§f.
23:20:40 [allowed] §cThere are blocks in the way!
23:20:42 [allowed] §cThere are blocks in the way!
23:20:47 [allowed] §cThere are blocks in the way!
23:20:51 [allowed] §cThere are blocks in the way!
23:20:52 [allowed] §cThere are blocks in the way!
23:20:53 [allowed] §cThere are blocks in the way!
23:20:55 [allowed] §c ☠ §r§7§r§7JessGamer77§r§7 fell into the void§r§7.
23:21:01 [allowed] §cThere are blocks in the way!
23:21:02 [allowed] §cThere are blocks in the way!
23:21:05 [allowed] §cThere are blocks in the way!
23:21:06 [allowed] §cThere are blocks in the way!
23:21:08 [allowed] §cThere are blocks in the way!
23:21:10 [allowed] §c ☠ §r§7§r§7JessGamer77§r§7 fell into the void§r§7.
23:21:18 [allowed] §cThere are blocks in the way!
23:21:18 [allowed] §cYou already tipped everyone that has boosters active, so there isn't anybody to be tipped right now!
23:21:21 [allowed] §cThere are blocks in the way!
23:21:24 [allowed] §aKilling the animal rewarded you §r§55 pelts§r§a.
23:21:24 [allowed] §aReturn to the Trapper soon to get a new animal to hunt!
23:21:27 [allowed] §cThere are blocks in the way!
23:21:30 [allowed] §cThere are blocks in the way!
23:21:32 [allowed] §cThere are blocks in the way!
23:21:32 [allowed] §e[NPC] Trevor§f: §rYou will have 10 minutes to find the mob from when you accept the task.
23:21:34 [allowed] §e[NPC] Trevor§f: §rAny longer than that and the animal will run away!
23:21:34 [allowed] 
§r§b§lAccept the trapper's task to hunt the animal?§r
§r§7Click an option: §r§a§l[YES]§r§7 - §r§c§l[NO]
23:21:35 [allowed] §e[NPC] Trevor§f: §rYou can find your §9§lUNDETECTED §fanimal near the §bGlowing Mushroom Cave§f.
23:21:37 [allowed] §cThere are blocks in the way!
23:21:37 [allowed] §cThere are blocks in the way!
23:21:47 [allowed] §cThere are blocks in the way!
23:21:48 [allowed] §cThere are blocks in the way!
23:21:49 [allowed] §cThere are blocks in the way!
23:21:54 [allowed] §cThere are blocks in the way!
23:21:57 [allowed] §6[Sacks] §r§a+11§r§e items§r§e.§r§8 (Last 5s.)
23:21:57 [allowed] §cThere are blocks in the way!
23:21:58 [allowed] §cThere are blocks in the way!
23:22:00 [allowed] §cThere are blocks in the way!
23:22:03 [allowed] §aKilling the animal rewarded you §r§57 pelts§r§a.
23:22:03 [allowed] §aReturn to the Trapper soon to get a new animal to hunt!
23:22:12 [allowed] §7Warping...
23:22:13 [allowed] §7Sending to server mini36U...
23:22:14 [allowed] §8 §r§8 §r§1 §r§3 §r§3 §r§7 §r§8 
23:22:14 [allowed]  
23:22:14 [allowed] §f       §7You have §32 §7pending §3Bestiary Milestones §7to be claimed!
23:22:14 [allowed] §f                  §6§l>>> §6§lCLICK HERE§e to claim them! §6§l<<<
23:22:14 [allowed]   
23:22:16 [allowed] §aYou are playing on profile: §eCoconut§b (Co-op)
23:22:16 [allowed] §8Profile ID: 4ef1bd42-ec32-42d4-afba-b766eacde1e7
23:22:19 [allowed] §cThere are blocks in the way!
23:22:19 [allowed] §cThere are blocks in the way!
23:22:19 [allowed] §cThere are blocks in the way!
23:22:29 [allowed] §cYou don't have enough Bits!
23:22:35 [allowed] §7Warping...
23:22:35 [allowed] §7Sending to server mini146CR...
23:22:36 [allowed] §8 §r§8 §r§1 §r§3 §r§3 §r§7 §r§8 
23:22:36 [allowed]  
23:22:36 [allowed] §f       §7You have §32 §7pending §3Bestiary Milestones §7to be claimed!
23:22:36 [allowed] §f                  §6§l>>> §6§lCLICK HERE§e to claim them! §6§l<<<
23:22:36 [allowed]   
23:22:39 [allowed] §aYou are playing on profile: §eCoconut§b (Co-op)
23:22:39 [allowed] §8Profile ID: 4ef1bd42-ec32-42d4-afba-b766eacde1e7
23:22:46 [allowed] §aYou summoned your §r§6Tiger§r§a!
23:22:57 [allowed] §7Your Giant's Sword hit §r§c1 §r§7enemy for §r§c750,016 §r§7damage.
23:23:18 [allowed] §cThis ability is on cooldown for 9s.
23:23:18 [allowed] §cThis ability is on cooldown for 9s.
23:23:37 [allowed] §a§l▬▬▬▬▬▬▬▬▬▬▬▬▬▬▬▬▬▬▬▬▬▬▬▬▬▬▬▬▬▬▬▬▬▬▬▬▬▬▬▬▬▬▬▬▬▬▬▬▬▬▬▬▬▬▬▬▬▬▬▬▬▬▬▬
23:23:37 [allowed] §f                            §r§6§lBLADESOUL DOWN!
23:23:37 [allowed] 
23:23:37 [allowed] §f                  §r§b[MVP§r§0+§r§b] KobeAim§r§f §r§7dealt the final blow.
23:23:37 [allowed] 
23:23:37 [allowed] §f            §r§e§l1st Damager §r§7- §r§b[MVP§r§0+§r§b] KobeAim§r§f §r§7- §r§e60,061,284
23:23:37 [allowed] 
23:23:37 [allowed] §f                 §r§eYour Damage: §r§a60,061,284 §r§7(Position #1)
23:23:37 [allowed] §f                     §r§eRunecrafting: §r§d+782 XP §r§eBits: §r§b+40
23:23:37 [allowed] 
23:23:37 [allowed] §a§l▬▬▬▬▬▬▬▬▬▬▬▬▬▬▬▬▬▬▬▬▬▬▬▬▬▬▬▬▬▬▬▬▬▬▬▬▬▬▬▬▬▬▬▬▬▬▬▬▬▬▬▬▬▬▬▬▬▬▬▬▬▬▬▬
23:23:38 [allowed] §a§lYou healed yourself for 429.6 health!
23:23:50 [allowed] §aYou earned §r§230 GEXP §r§afrom playing SkyBlock!
23:24:33 [allowed] §cThere are blocks in the way!
23:24:41 [allowed] §6[Sacks] §r§a+50§r§e items§r§e.§r§8 (Last 8s.)
23:26:05 [allowed] §8[§r§b230§r§8] §r§7α §r§b[MVP§8+§b] Trusp§f§r§f: x: -465, y: 39, z: -427 | RAGNAROK | @s2mbza8a
23:26:06 [allowed] §cThere are blocks in the way!
23:26:09 [allowed] §cThere are blocks in the way!
23:26:13 [allowed] §cThere are blocks in the way!
23:26:17 [allowed] §cThere are blocks in the way!
23:26:17 [allowed] §cThere are blocks in the way!
23:26:23 [allowed] §cThere are blocks in the way!
23:26:34 [allowed] §c ☠ §r§7You were killed by Ragnarok§r§7§r§7.
23:26:40 [allowed] §c ☠ §r§7You were killed by Ragnarok§r§7§r§7.
23:26:44 [allowed] §c ☠ §r§7You were killed by Ragnarok§r§7§r§7.
23:26:57 [allowed] §c ☠ §r§7You were killed by Ragnarok§r§7§r§7.
23:27:00 [allowed] §cThere are blocks in the way!
23:27:00 [allowed] §cThere are blocks in the way!
23:27:04 [allowed] §c ☠ §r§7You were killed by Ragnarok§r§7§r§7.
23:27:09 [allowed] §a§lYou healed yourself for 430.2 health!
23:27:10 [allowed] §cThere are blocks in the way!
23:27:12 [allowed] §cThere are blocks in the way!
23:27:14 [allowed] §cThere are blocks in the way!
23:27:14 [allowed] §c ☠ §r§7You were killed by Ragnarok§r§7§r§7.
23:27:16 [allowed] §cThere are blocks in the way!
23:27:17 [allowed] §cThere are blocks in the way!
23:27:18 [allowed] §c ☠ §r§7You were killed by Ragnarok§r§7§r§7.
23:27:27 [allowed] §a§lYou healed yourself for 430.2 health!
23:27:27 [allowed] §a§lYou healed yourself for 430.2 health!
23:27:34 [allowed] §a§lYou healed yourself for 430.2 health!
23:27:37 [allowed] §a§lYou healed yourself for 430.2 health!
23:27:41 [allowed] §cNo more charges, next one in §r§e0.9§r§cs!
23:27:46 [allowed] §a§lYou healed yourself for 430.2 health!
23:27:51 [allowed] §cNo more charges, next one in §r§e10§r§cs!
23:27:52 [allowed] §cThere are blocks in the way!
23:27:54 [allowed] §cNo more charges, next one in §r§e6.5§r§cs!
23:27:54 [allowed] §cThere are blocks in the way!
23:28:00 [allowed] §cNo more charges, next one in §r§e0.3§r§cs!
23:28:06 [allowed] §cThere are blocks in the way!
23:28:21 [allowed] §a§lYou healed yourself for 423.6 health!
23:28:23 [allowed] §c ☠ §r§7§r§bTrusp§r§7 was killed by Ragnarok§r§7§r§7.
23:28:23 [allowed] §c ☠ §r§7You were killed by Ragnarok§r§7§r§7.
23:28:25 [allowed] §cThere are blocks in the way!
23:28:26 [allowed] §cThere are blocks in the way!
23:28:26 [allowed] §cThere are blocks in the way!
23:28:29 [allowed] §a§lYou healed yourself for 423.6 health!
23:28:29 [allowed] §cNo more charges, next one in §r§e14.8§r§cs!
23:28:33 [allowed] §cNo more charges, next one in §r§e10.7§r§cs!
23:28:34 [allowed] §cThere are blocks in the way!
23:28:36 [allowed] §c ☠ §r§7§r§bTrusp§r§7 was killed by Ragnarok§r§7§r§7.
23:28:46 [allowed] §a§lYou healed yourself for 423 health!
23:28:46 [allowed] §cNo more charges, next one in §r§e14.9§r§cs!
23:28:47 [allowed] §c ☠ §r§7You were killed by Ragnarok§r§7§r§7.
23:28:49 [allowed] §cThere are blocks in the way!
23:28:51 [allowed] §cThere are blocks in the way!
23:28:51 [allowed] §aYou earned §r§2541 GEXP §r§afrom playing SkyBlock!
23:28:53 [allowed] §c ☠ §r§7You were killed by Ragnarok§r§7§r§7.
23:28:55 [allowed] §cThere are blocks in the way!
23:28:57 [allowed] §c ☠ §r§7§r§bTrusp§r§7 was killed by Ragnarok§r§7§r§7.
23:29:03 [allowed] §c ☠ §r§7You were killed by Ragnarok§r§7§r§7.
23:29:05 [allowed] §cThere are blocks in the way!
23:29:05 [allowed] §cThere are blocks in the way!
23:29:08 [allowed] §c ☠ §r§7You were killed by Ragnarok§r§7§r§7.
23:29:09 [allowed] §c ☠ §r§7§r§bTrusp§r§7 was killed by Ragnarok§r§7§r§7.
23:29:13 [allowed] §a§lYou healed yourself for 423 health!
23:29:15 [allowed] §cNo more charges, next one in §r§e13.4§r§cs!
23:29:16 [allowed] §3§l▬▬▬▬▬▬▬▬▬▬▬▬▬▬▬▬▬▬▬▬▬▬▬▬▬▬▬▬▬▬▬▬▬▬▬▬▬▬▬▬▬▬▬▬▬▬▬▬▬▬▬▬▬▬▬▬▬▬▬▬▬▬▬▬
23:29:16 [allowed]  
23:29:16 [allowed] §f                                  §6§lBESTIARY
23:29:16 [allowed] §f                             §b§lRagnarok §7§8I §8➡§b §bII
23:29:16 [allowed] 
23:29:16 [allowed] §f                                  §r§6§lREWARDS
23:29:16 [allowed] §f                        §r§8+§r§a2 Ragnarok §r§b✯ Magic Find
23:29:16 [allowed] §f                         §r§8+§r§a2 Ragnarok §r§c❁ Strength
23:29:16 [allowed] §f                            §r§8+§r§62% §r§aRagnarok §r§7coins
23:29:16 [allowed] §f                    §r§8+§r§a50% §r§7chance for extra XP orbs
23:29:16 [allowed] §f                               §r§8+§r§b1 SkyBlock XP
23:29:16 [allowed] 
23:29:16 [allowed] §3§l▬▬▬▬▬▬▬▬▬▬▬▬▬▬▬▬▬▬▬▬▬▬▬▬▬▬▬▬▬▬▬▬▬▬▬▬▬▬▬▬▬▬▬▬▬▬▬▬▬▬▬▬▬▬▬▬▬▬▬▬▬▬▬▬
23:29:16 [allowed] §e§lLOOT SHARE §r§r§r§fYou received loot for assisting §r§bTrusp§r§f!
23:29:16 [allowed] §cNo more charges, next one in §r§e12§r§cs!
23:29:22 [allowed] §6[Sacks] §r§a+32§r§e items§r§e.§r§8 (Last 5s.)
23:29:39 [allowed] §cThere are blocks in the way!
23:29:52 [allowed] §7Warping...
23:29:52 [allowed] §7Sending to server mini92CV...
23:29:53 [allowed] §8 §r§8 §r§1 §r§3 §r§3 §r§7 §r§8 
23:29:53 [allowed]  
23:29:53 [allowed] §f       §7You have §32 §7pending §3Bestiary Milestones §7to be claimed!
23:29:53 [allowed] §f                  §6§l>>> §6§lCLICK HERE§e to claim them! §6§l<<<
23:29:53 [allowed]   
23:29:55 [allowed] §aYou are playing on profile: §eCoconut§b (Co-op)
23:29:55 [allowed] §8Profile ID: 4ef1bd42-ec32-42d4-afba-b766eacde1e7
23:30:03 [allowed] §aYou bought §r§cAbiphone Contacts Trio§r§a!
23:30:05 [allowed] §aYou've §r§a§oelevated §r§ayour Abiphone contacts limit by §r§b+3§r§a!
23:32:37 [allowed] §aYou earned §r§2113 GEXP §r§afrom playing SkyBlock!
23:33:02 [allowed] §e[NPC] Zog§f: §b✆ §f§r§fYou know KobeAim, I'm a pet lover.
23:33:03 [allowed] §e[NPC] Zog§f: §b✆ §f§r§fSo my abiphone contacts list is §lFILLED §fwith §lTONS §fof other pet lovers.
23:33:05 [allowed] §e[NPC] Zog§f: §b✆ §f§r§fI don't want to sound too gamey but...
23:33:06 [allowed] §e[NPC] Zog§f: §b✆ §f§r§fIf you had 5 §aMax Lvl §fpets of §6Legendary §ftier or better in your pet menu...
23:33:08 [allowed] §e[NPC] Zog§f: §b✆ §f§r§fThat would show me you're a pet lover too!
23:33:11 [allowed] §e[NPC] Zog§f: §b✆ §f§r§fWow, you're a true pet lover!
23:33:13 [allowed] §e[NPC] Zog§f: §b✆ §f§r§fYou doubled my §lHUGE §fcontacts list too!
23:33:14 [allowed] §e[NPC] Zog§f: §b✆ §f§r§fNow there's both §bKat §fAND you!
23:33:14 [allowed] §b✆ Zog §r§fhas been added to your Abiphone's contacts!
23:34:00 [allowed] §8[§r§77§r§8] §r§7Elixir_Kid§7§r§7: can anyone spare any coins?
23:34:13 [allowed] §aFriend > §r§boGodbridger §r§eleft.
23:34:45 [allowed] §7Finding player...
23:34:46 [allowed] §7Sending a visit request...
23:34:46 [allowed] §7Sending to server mini152DV...
23:34:48 [allowed] §8 §r§8 §r§1 §r§3 §r§3 §r§7 §r§8 
23:34:48 [allowed] §f§m-----------------------------------------------------
§r§cYou should NEVER enter your Microsoft account details anywhere but on official Microsoft services!

§r§cExternal links from untrusted sources should be avoided.
§r§f§m-----------------------------------------------------
23:34:48 [allowed]  
23:34:48 [allowed] §f       §7You have §32 §7pending §3Bestiary Milestones §7to be claimed!
23:34:48 [allowed] §f                  §6§l>>> §6§lCLICK HERE§e to claim them! §6§l<<<
23:34:48 [allowed]   
23:34:50 [allowed] §aYou are playing on profile: §eCoconut§b (Co-op)
23:34:50 [allowed] §8Profile ID: 4ef1bd42-ec32-42d4-afba-b766eacde1e7
23:34:52 [allowed] §7Sending to server mini69BR...
23:34:54 [allowed] §8 §r§8 §r§1 §r§3 §r§3 §r§7 §r§8 
23:34:54 [allowed]  
23:34:54 [allowed] §f       §7You have §32 §7pending §3Bestiary Milestones §7to be claimed!
23:34:54 [allowed] §f                  §6§l>>> §6§lCLICK HERE§e to claim them! §6§l<<<
23:34:54 [allowed]   
23:34:56 [allowed] §e[NPC] Trevor§f: §rYou will have 10 minutes to find the mob from when you accept the task.
23:34:56 [allowed] §aYou are playing on profile: §eCoconut§b (Co-op)
23:34:56 [allowed] §8Profile ID: 4ef1bd42-ec32-42d4-afba-b766eacde1e7
23:34:58 [allowed] §e[NPC] Trevor§f: §rAny longer than that and the animal will run away!
23:34:58 [allowed] 
§r§b§lAccept the trapper's task to hunt the animal?§r
§r§7Click an option: §r§a§l[YES]§r§7 - §r§c§l[NO]
23:34:58 [allowed] §e[NPC] Trevor§f: §rI couldn't locate any animals. Come back in a little bit!
23:34:59 [allowed] §e[NPC] Trevor§f: §b✆ §f§r§fEh, I still have an Abiflip.
23:35:00 [allowed] §e[NPC] Trevor§f: §b✆ §f§r§fIt has 3 contact slots and I already have Tammy and Tony.
23:35:02 [allowed] §e[NPC] Trevor§f: §b✆ §f§r§fI heard the new models are nice, but they're too smart for me!
23:35:05 [allowed] §e[NPC] Trevor§f: §b✆ §f§r§fI could add you for let's say... §524 Pelts §fand §61,000,000 coins§f?
23:35:05 [allowed] §a§l[PAY PELTS AND COINS] 
23:35:09 [allowed] §e[NPC] Trevor§f: §b✆ §f§r§fThat's awesome, but now my Abiflip is full.
23:35:09 [allowed] §b✆ Trevor §r§fhas been added to your Abiphone's contacts!
23:35:11 [allowed] §e[NPC] Trevor§f: §rYou will have 10 minutes to find the mob from when you accept the task.
23:35:12 [allowed] §e[NPC] Trevor§f: §rAny longer than that and the animal will run away!
23:35:13 [allowed] 
§r§b§lAccept the trapper's task to hunt the animal?§r
§r§7Click an option: §r§a§l[YES]§r§7 - §r§c§l[NO]
23:35:14 [allowed] §e[NPC] Trevor§f: §rYou can find your §5§lENDANGERED §fanimal near the §eDesert Mountain§f.
23:35:25 [allowed] §cThe chicken blinded you!
23:35:25 [allowed] §aKilling the animal rewarded you §r§59 pelts§r§a.
23:35:25 [allowed] §aReturn to the Trapper soon to get a new animal to hunt!
23:35:27 [allowed] §cThere are blocks in the way!
23:35:27 [allowed] §cThere are blocks in the way!
23:35:30 [allowed] §cThere are blocks in the way!
23:35:31 [allowed] §cThere are blocks in the way!
23:35:34 [allowed] §e[NPC] Trevor§f: §rYou will have 10 minutes to find the mob from when you accept the task.
23:35:36 [allowed] §e[NPC] Trevor§f: §rAny longer than that and the animal will run away!
23:35:36 [allowed] 
§r§b§lAccept the trapper's task to hunt the animal?§r
§r§7Click an option: §r§a§l[YES]§r§7 - §r§c§l[NO]
23:35:36 [allowed] §e[NPC] Trevor§f: §rYou can find your §f§lTRACKABLE §fanimal near the §2Overgrown Mushroom Cave§f.
23:35:40 [allowed] §cThere are blocks in the way!
23:35:41 [allowed] §cThere are blocks in the way!
23:35:41 [allowed] §cThere are blocks in the way!
23:35:45 [allowed] §cThere are blocks in the way!
23:35:46 [allowed] §cThere are blocks in the way!
23:35:52 [allowed] §cThere are blocks in the way!
23:35:52 [allowed] §cThere are blocks in the way!
23:36:10 [allowed] §6[Sacks] §r§a+6§r§e items§r§e.§r§8 (Last 5s.)
23:36:17 [allowed] §6[Sacks] §r§a+19§r§e items§r§e.§r§8 (Last 5s.)
23:36:20 [allowed] §aKilling the animal rewarded you §r§53 pelts§r§a.
23:36:20 [allowed] §aReturn to the Trapper soon to get a new animal to hunt!
23:36:21 [allowed] §a§aYou tipped 4 players in 9 different games!
23:36:23 [allowed] §cThere are blocks in the way!
23:36:24 [allowed] §cThere are blocks in the way!
23:36:29 [allowed] §cThere are blocks in the way!
23:36:31 [allowed] §e[NPC] Trevor§f: §rYou will have 10 minutes to find the mob from when you accept the task.
23:36:32 [allowed] §cThere are blocks in the way!
23:36:33 [allowed] §e[NPC] Trevor§f: §rAny longer than that and the animal will run away!
23:36:33 [allowed] 
§r§b§lAccept the trapper's task to hunt the animal?§r
§r§7Click an option: §r§a§l[YES]§r§7 - §r§c§l[NO]
23:36:33 [allowed] §e[NPC] Trevor§f: §rYou can find your §a§lUNTRACKABLE §fanimal near the §eDesert Mountain§f.
23:36:49 [allowed] §aKilling the animal rewarded you §r§55 pelts§r§a.
23:36:49 [allowed] §aReturn to the Trapper soon to get a new animal to hunt!
23:36:54 [allowed] §e[NPC] Trevor§f: §rYou will have 10 minutes to find the mob from when you accept the task.
23:36:56 [allowed] §e[NPC] Trevor§f: §rAny longer than that and the animal will run away!
23:36:56 [allowed] 
§r§b§lAccept the trapper's task to hunt the animal?§r
§r§7Click an option: §r§a§l[YES]§r§7 - §r§c§l[NO]
23:36:56 [allowed] §e[NPC] Trevor§f: §rYou can find your §f§lTRACKABLE §fanimal near the §2Overgrown Mushroom Cave§f.
23:37:01 [allowed] §cThere are blocks in the way!
23:37:06 [allowed] §aKilling the animal rewarded you §r§53 pelts§r§a.
23:37:06 [allowed] §aReturn to the Trapper soon to get a new animal to hunt!
23:37:07 [allowed] §cThere are blocks in the way!
23:37:07 [allowed] §cThere are blocks in the way!
23:37:09 [allowed] §cThere are blocks in the way!
23:37:09 [allowed] §cThere are blocks in the way!
23:37:10 [allowed] §cThere are blocks in the way!
23:37:10 [allowed] §cThere are blocks in the way!
23:37:13 [allowed] §cThere are blocks in the way!
23:37:13 [allowed] §cThere are blocks in the way!
23:37:13 [allowed] §cThere are blocks in the way!
23:37:15 [allowed] §cThere are blocks in the way!
23:37:17 [allowed] §e[NPC] Trevor§f: §rYou will have 10 minutes to find the mob from when you accept the task.
23:37:18 [allowed] §cThere are blocks in the way!
23:37:19 [allowed] §cThere are blocks in the way!
23:37:19 [allowed] §e[NPC] Trevor§f: §rAny longer than that and the animal will run away!
23:37:19 [allowed] 
§r§b§lAccept the trapper's task to hunt the animal?§r
§r§7Click an option: §r§a§l[YES]§r§7 - §r§c§l[NO]
23:37:20 [allowed] §cThere are blocks in the way!
23:37:20 [allowed] §e[NPC] Trevor§f: §rYou can find your §f§lTRACKABLE §fanimal near the §2Overgrown Mushroom Cave§f.
23:37:25 [allowed] §cThere are blocks in the way!
23:37:29 [allowed] §aKilling the animal rewarded you §r§53 pelts§r§a.
23:37:29 [allowed] §aReturn to the Trapper soon to get a new animal to hunt!
23:37:29 [allowed] §cThere are blocks in the way!
23:37:40 [allowed] §cThere are blocks in the way!
23:37:42 [allowed] §cThere are blocks in the way!
23:37:44 [allowed] §7Warping...
23:37:44 [allowed] §7Sending to server mini5AN...
23:37:45 [allowed] §8 §r§8 §r§1 §r§3 §r§3 §r§7 §r§8 
23:37:45 [allowed]  
23:37:45 [allowed] §f       §7You have §32 §7pending §3Bestiary Milestones §7to be claimed!
23:37:45 [allowed] §f                  §6§l>>> §6§lCLICK HERE§e to claim them! §6§l<<<
23:37:45 [allowed]   
23:37:47 [allowed] §cThere are blocks in the way!
23:37:47 [allowed] §cThere are blocks in the way!
23:37:47 [allowed] §cThere are blocks in the way!
23:37:47 [allowed] §cThere are blocks in the way!
23:37:47 [allowed] §cThere are blocks in the way!
23:37:47 [allowed] §cThere are blocks in the way!
23:37:47 [allowed] §cThere are blocks in the way!
23:37:47 [allowed] §aYou are playing on profile: §eCoconut§b (Co-op)
23:37:47 [allowed] §8Profile ID: 4ef1bd42-ec32-42d4-afba-b766eacde1e7
23:37:51 [allowed] §8[§r§e114§r§8] §r§a[VIP] Lost_and_refound§f§r§f: 16335 rounds in stamina
23:37:57 [allowed] §cThere are blocks in the way!
23:37:59 [allowed] §8[§r§e114§r§8] §r§a[VIP] Lost_and_refound§f§r§f: is this person inside the server room or something
23:38:16 [allowed] §aYou bought §r§aAbiphone X Plus §r§afor §r§6985,000 Coins§r§a!
23:38:55 [allowed] §7Warping...
23:38:55 [allowed] §7Sending to server mini13AN...
23:38:56 [allowed] §8 §r§8 §r§1 §r§3 §r§3 §r§7 §r§8 
23:38:57 [allowed]  
23:38:57 [allowed] §f       §7You have §32 §7pending §3Bestiary Milestones §7to be claimed!
23:38:57 [allowed] §f                  §6§l>>> §6§lCLICK HERE§e to claim them! §6§l<<<
23:38:57 [allowed]   
23:38:59 [allowed] §aYou are playing on profile: §eCoconut§b (Co-op)
23:38:59 [allowed] §8Profile ID: 4ef1bd42-ec32-42d4-afba-b766eacde1e7
23:38:59 [allowed] §cThere are blocks in the way!
23:39:01 [allowed] §e[NPC] §2Jotraeline Greatforge§f: §b✆ §f§rYou have an Abiphone! I've always wanted one!
23:39:02 [allowed] §e[NPC] §2Jotraeline Greatforge§f: §b✆ §f§rI could tinker with it while I wait here...
23:39:04 [allowed] §e[NPC] §2Jotraeline Greatforge§f: §b✆ §f§rAnd if I had one, I would totally add you!
23:39:04 [allowed] §a§l[GIVE ABIPHONE] 
23:39:07 [allowed] §e[NPC] §2Jotraeline Greatforge§f: §b✆ §f§rThe cheapest Abiphone, I see..
23:39:08 [allowed] §e[NPC] §2Jotraeline Greatforge§f: §b✆ §f§rWell here's my contact. :/
23:39:08 [allowed] §b✆ §r§2Jotraeline Greatforge §r§fhas been added to your Abiphone's contacts!
23:39:58 [allowed] §cUnknown destination! Check the Fast Travel menu to view options!
23:40:02 [allowed] §7Warping...
23:40:02 [allowed] §7Sending to server mega7C...
23:40:03 [allowed] §8 §r§8 §r§1 §r§3 §r§3 §r§7 §r§8 
23:40:03 [allowed] §8[§r§a124§r§8] §r§7⎊ §r§a[VIP] dotxet_8§f§r§f: justasimpleguy, /chat p
23:40:03 [allowed]  
23:40:03 [allowed] §f       §7You have §32 §7pending §3Bestiary Milestones §7to be claimed!
23:40:03 [allowed] §f                  §6§l>>> §6§lCLICK HERE§e to claim them! §6§l<<<
23:40:03 [allowed]   
23:40:05 [allowed] §aYou are playing on profile: §eCoconut§b (Co-op)
23:40:05 [allowed] §8Profile ID: 4ef1bd42-ec32-42d4-afba-b766eacde1e7
23:40:08 [allowed] §8[§r§a129§r§8] §r§b[MVP§4+§b] maxie_boi10§f§r§f: From this bright beginning came foth the bud of a new minecraft client
23:40:16 [allowed] §cThere are blocks in the way!
23:40:16 [allowed] §cThere are blocks in the way!
23:40:17 [allowed] §8[§r§2173§r§8] §r§7GodlyGamer2§7§r§7: Blue is greener than purple for sure
23:40:18 [allowed] §7Warping...
23:40:19 [allowed] §7Sending to server mini242W...
23:40:20 [allowed] §8 §r§8 §r§1 §r§3 §r§3 §r§7 §r§8 
23:40:20 [allowed]  
23:40:20 [allowed] §f       §7You have §32 §7pending §3Bestiary Milestones §7to be claimed!
23:40:20 [allowed] §f                  §6§l>>> §6§lCLICK HERE§e to claim them! §6§l<<<
23:40:20 [allowed]   
23:40:22 [allowed] §aYou are playing on profile: §eCoconut§b (Co-op)
23:40:22 [allowed] §8Profile ID: 4ef1bd42-ec32-42d4-afba-b766eacde1e7
23:40:27 [allowed] §8[§5376§8] §6✿ §r§b[MVP§f+§b] NetherDude9000§f §7♲§7 is holding §r§8[§aSword of Bad Health§8]
23:41:58 [allowed] §cThere are blocks in the way!
23:41:58 [allowed] §cThere are blocks in the way!
23:41:58 [allowed] §cThere are blocks in the way!
23:41:58 [allowed] §cThere are blocks in the way!
23:41:59 [allowed] §cThere are blocks in the way!
23:41:59 [allowed] §cThere are blocks in the way!
23:42:03 [allowed] §8[§2192§8] §r§a[VIP] Tinkster__§f§7 is holding §r§8[§5Warped Aspect of the Void§8]
23:42:04 [allowed] §cThere are blocks in the way!
23:42:11 [allowed] §cThere are blocks in the way!
23:42:45 [allowed] §aYou completed the maintenance on the relay!
23:42:45 [allowed] §eYour §r§59f™ Operator Chip §r§ehas been upgraded!
23:42:58 [allowed] §e✆ RING... 
23:42:58 [allowed] §e✆ RING... RING... 
23:42:59 [allowed] §e✆ RING... RING... RING... 
23:42:59 [allowed] §e[NPC] §dTia the Fairy§f: §b✆ §f§r§fThe next relay is on top of the shack next to the shady inn right here close to the pond.
23:43:01 [allowed] §e[NPC] §dTia the Fairy§f: §b✆ §f§r§fUsually we wouldn't have a relay serve so few people, but we were paid generously by anonymous contributors!
23:43:04 [allowed] §e[NPC] §dTia the Fairy§f: §b✆ §f§r§fSo generously in fact that we also share some of the data from the 9f™ Network with one of the mayor candidates.
23:43:06 [allowed] §e[NPC] §dTia the Fairy§f: §b✆ §f§r§fBut hey, let's keep this between us!
23:43:08 [allowed] §e[NPC] §dTia the Fairy§f: §b✆ §f§r§f§oThey'll know §fif you tell anyone.
23:43:34 [allowed] §cThere are blocks in the way!
23:43:50 [allowed] §cThere are blocks in the way!
23:43:57 [allowed] §aYou earned §r§2200 GEXP §r§afrom playing SkyBlock!
