22:35:00 [NEW_VISITOR_ARRIVED] §a§r§aAdventurer §r§ehas arrived on your §r§aGarden§r§e!
22:35:24 [PEST_DROP] §eYou received §a67x Enchanted Potato §efor killing a §2Locust§e!
22:35:34 [PEST_DROP] §eYou received §a24x Enchanted Red Mushroom §efor killing a §2Slug§e!
22:35:38 [PEST_DROP] §eYou received §a98x Enchanted Potato §efor killing a §2Locust§e!
22:35:46 [PEST_DROP] §eYou received §a106x Enchanted Carrot §efor killing a §2Cricket§e!
22:35:50 [PEST_DROP] §eYou received §a113x Enchanted Potato §efor killing a §2Locust§e!
22:35:57 [PEST_DROP] §eYou received §a31x Enchanted Wheat §efor killing a §2Fly§e!
22:36:05 [PEST_DROP] §eYou received §a162x Enchanted Melon §efor killing an §2Earthworm§e!
22:36:15 [PEST_DROP] §eYou received §a112x Enchanted Potato §efor killing a §2Locust§e!
22:36:36 [PEST_DROP] §eYou received §a98x Enchanted Potato §efor killing a §2Locust§e!
22:36:36 [PEST_DROP] §eYou received §a1x Honey Jar §efor killing a §2Field Mouse§e!
22:36:36 [PEST_DROP] §eYou received §a1x Plant Matter §efor killing a §2Field Mouse§e!
22:36:36 [PEST_DROP] §eYou received §a159x Enchanted Potato §efor killing a §2Field Mouse§e!
22:36:36 [PEST_DROP] §eYou received §a1x Tasty Cheese §efor killing a §2Field Mouse§e!
22:36:36 [PEST_DROP] §eYou received §a1x Compost §efor killing a §2Field Mouse§e!
22:36:36 [PEST_DROP] §eYou received §a1x Dung §efor killing a §2Field Mouse§e!
22:36:36 [PEST_DROP] §eYou received §a93x Enchanted Cocoa Beans §efor killing a §2Moth§e!
22:36:37 [PEST_DROP] §eYou received §a32x Enchanted Pumpkin §efor killing a §2Rat§e!
22:36:37 [PEST_DROP] §eYou received §a31x Enchanted Pumpkin §efor killing a §2Rat§e!
22:36:37 [PEST_DROP] §eYou received §a112x Enchanted Potato §efor killing a §2Locust§e!
22:36:38 [PEST_DROP] §eYou received §a112x Enchanted Potato §efor killing a §2Locust§e!
22:36:38 [PEST_DROP] §eYou received §a32x Enchanted Pumpkin §efor killing a §2Rat§e!
22:36:38 [PEST_DROP] §eYou received §a65x Enchanted Cactus Green §efor killing a §2Mite§e!
22:36:49 [GARDEN_VISITOR_MESSAGE] §e[NPC] §aAdventurer§f: §r§fExploring the whole wide world makes me hungry, I could take some fresh potatoes.
22:38:30 [NEW_VISITOR_ARRIVED] §a§r§aXalx §r§ehas arrived on your §r§aGarden§r§e!
22:43:22 [GARDEN_VISITOR_MESSAGE] §e[NPC] §aXalx§f: §r§fHello gardener, I've been looking for some sugar to grow my new crop. Wanna try it?
22:43:24 [GARDEN_VISITOR_MESSAGE] §e[NPC] §aXalx§f: §r§fDarn humans, you don't understand how to use things...
22:50:31 [NEW_VISITOR_ARRIVED] §a§r§aEmissary Wilson §r§ehas arrived on your §r§aGarden§r§e!
22:50:36 [GARDEN_VISITOR_MESSAGE] §e[NPC] §aEmissary Wilson§f: §r§fThe King's least favorite vegetable is carrot, so he sent me, his favorite emissary, to make it better!
22:50:47 [GARDEN_VISITOR_MESSAGE] §e[NPC] §aEmissary Wilson§f: §r§fI'm not sure if the carrots would have worked anyways...
