21:21:01 §e[SkyHanni] Reloaded 7436 items in the NEU repo§r
21:23:53 §e[SkyHanni] You have gained §b495 §eBits.§r
21:54:20 §e[SkyHanni] You have gained §b495 §eBits.§r
22:24:26 §e[SkyHanni] You have gained §b495 §eBits.§r
22:35:25 §e[SkyHanni] You have gained §b10 §eBits.§r
22:35:34 §e[SkyHanni] You have gained §b10 §eBits.§r
22:35:39 §e[SkyHanni] You have gained §b10 §eBits.§r
22:35:46 §e[SkyHanni] You have gained §b10 §eBits.§r
22:35:52 §e[SkyHanni] You have gained §b10 §eBits.§r
22:35:53 §e[SkyHanni] §cSpaceman §eis visiting your garden!§r
22:35:53 §e[SkyHanni] §aAdventurer §eis visiting your garden!§r
22:35:57 §e[SkyHanni] You have gained §b10 §eBits.§r
22:36:06 §e[SkyHanni] You have gained §b10 §eBits.§r
22:36:15 §e[SkyHanni] You have gained §b10 §eBits.§r
22:36:17 §e[SkyHanni] Loaded Potato milestone data from tab list!§r
22:36:36 §e[SkyHanni] You have gained §b30 §eBits.§r
22:36:37 §e[SkyHanni] You have gained §b30 §eBits.§r
22:36:39 §e[SkyHanni] You have gained §b30 §eBits.§r
22:36:47 §e[SkyHanni] Found Visitor Reward §cSpace Helmet§e!§r
22:41:00 §e[SkyHanni] Click here to load 123 more collected egg locations from NEU PV!§r
22:41:00 §e[SkyHanni] Click here to load Trophy Fishing data from NEU PV!§r
22:43:24 §e[SkyHanni] You have gained §b10 §eBits.§r
22:50:32 §e[SkyHanni] §aEmissary Wilson §eis visiting your garden!§r
22:54:06 §e[SkyHanni] Gained §d15,050 motes §ethis Rift session! (§d288k/h§e)§r
22:54:31 §e[SkyHanni] Start a new slayer quest! You have no Auto-Slayer active!§r
22:55:03 §e[SkyHanni] You have gained §b495 §eBits.§r
22:59:14 §e[SkyHanni] §b+2 SkyBlock XP §7(Bag Upgrades§7)§b (76/100)§r
22:59:16 §e[SkyHanni] §b+2 SkyBlock XP §7(Bag Upgrades§7)§b (78/100)§r
22:59:28 §e[SkyHanni] §b+3 SkyBlock XP §7(Accessory Bag§7)§b (87/100)§r
22:59:29 §e[SkyHanni] §b+3 SkyBlock XP §7(Accessory Bag§7)§b (90/100)§r
22:59:40 §e[SkyHanni] §b+2 SkyBlock XP §7(Bag Upgrades§7)§b (92/100)§r
23:00:03 §e[SkyHanni] §b+3 SkyBlock XP §7(Accessory Bag§7)§b (95/100)§r
23:01:23 §e[SkyHanni] §b+3 SkyBlock XP §7(Accessory Bag§7)§b (98/100)§r
23:14:08 §e[SkyHanni] §b+3 SkyBlock XP §7(Accessory Bag§7)§b (1/100)§r
23:23:38 §e[SkyHanni] You have gained §b40 §eBits.§r
23:25:35 §e[SkyHanni] You have gained §b495 §eBits.§r
23:33:14 §e[SkyHanni] §b+10 SkyBlock XP §7(Zog§7)§b (12/100)§r
23:35:09 §e[SkyHanni] §b+10 SkyBlock XP §7(Trevor§7)§b (22/100)§r
23:39:09 §e[SkyHanni] §b+10 SkyBlock XP §7(§2Jotraeline Greatforge§7)§b (32/100)§r
23:42:34 §c[SkyHanni] Tia Relay Helper error: Too much background noise! Try turning off the music and then try again.§r
23:42:34 §e[SkyHanni] Click here to run /togglemusic§r
