19:41:02 `8gn77i77wm`113 missed {
 is already Found: false).
 Position: LorenzVec(x=84.0, y=224.0, z=-118.0)
 DistanceC: 1.7241951651378997
Relative Position: LorenzVec(x=1.7241951651378997, y=0.0, z=1.546393515968333)
 }
19:41:59 `9ob3g17q62`153 missed {
 is already Found: false).
 Position: LorenzVec(x=181.5, y=150.0, z=60.5)
 DistanceC: 8.384063738221414
Relative Position: LorenzVec(x=6.194874491688097, y=-2.765576083091247, z=-8.384063738221414)
 }
19:42:09 `Zombie`1096086 missed {
 is already Found: false).
 Position: LorenzVec(x=-50.0, y=104.0, z=71.0)
 DistanceC: 4.764591835412823
Relative Position: LorenzVec(x=-4.764591835412823, y=-18.0, z=0.6785501617322609)
 }
19:42:41 `Slime`123 missed {
 is already Found: false).
 Position: LorenzVec(x=46.5, y=132.1875, z=24.5)
 DistanceC: 9.262489548492816
Relative Position: LorenzVec(x=9.262489548492816, y=-1.940585360140318, z=5.460783581980397)
 }
19:42:49 `0km4058ohs`251 missed {
 is already Found: false).
 Position: LorenzVec(x=-24.5, y=71.0, z=-58.5)
 DistanceC: 21.477863813672496
Relative Position: LorenzVec(x=-21.477863813672496, y=1.0, z=16.144654055238817)
 }
19:42:51 `hwohh5olg0`528 missed {
 is already Found: false).
 Position: LorenzVec(x=-6.5, y=55.0, z=-95.5)
 DistanceC: 11.544896809700433
Relative Position: LorenzVec(x=-11.544896809700433, y=-15.0, z=-3.90637936452994)
 }
19:42:56 `Villager`359 missed {
 is already Found: false).
 Position: LorenzVec(x=-21.5, y=68.0, z=-124.5)
 DistanceC: 23.502179543684434
Relative Position: LorenzVec(x=-19.80000001192093, y=-4.0625, z=-23.502179543684434)
 }
19:43:44 `7l91v66j6f`228 missed {
 is already Found: false).
 Position: LorenzVec(x=22.0, y=71.0, z=-45.5)
 DistanceC: 23.363182971027193
Relative Position: LorenzVec(x=-23.363182971027193, y=-13.535840625044557, z=-6.884375467832577)
 }
19:43:45 `04q98niinp`347 missed {
 is already Found: false).
 Position: LorenzVec(x=65.5, y=71.0, z=-61.5)
 DistanceC: 21.20697482169841
Relative Position: LorenzVec(x=21.20697482169841, y=-17.1315633992116, z=-20.521525633592184)
 }
19:43:55 `Villager`355 missed {
 is already Found: false).
 Position: LorenzVec(x=28.5, y=69.0, z=-57.5)
 DistanceC: 17.424437930059753
Relative Position: LorenzVec(x=-16.996212049620226, y=-12.0, z=-17.424437930059753)
 }
19:43:55 `8f0e0q0e5l`229 missed {
 is already Found: false).
 Position: LorenzVec(x=25.0, y=65.0, z=-41.0)
 DistanceC: 20.4867421744857
Relative Position: LorenzVec(x=-20.4867421744857, y=-16.0, z=-0.4275999637335275)
 }
19:43:56 `Witch`344 missed {
 is already Found: false).
 Position: LorenzVec(x=41.5, y=70.0, z=-63.5)
 DistanceC: 21.583557475456686
Relative Position: LorenzVec(x=-3.919858104734246, y=-12.854893299348362, z=-21.583557475456686)
 }
19:44:58 `Villager`353 missed {
 is already Found: false).
 Position: LorenzVec(x=-7.5, y=70.0, z=-75.5)
 DistanceC: 23.0
Relative Position: LorenzVec(x=15.0, y=0.0, z=-23.0)
 }
19:44:58 `4p2714ys64`529 missed {
 is already Found: false).
 Position: LorenzVec(x=-32.5, y=71.0, z=-76.5)
 DistanceC: 24.0
Relative Position: LorenzVec(x=-10.0, y=1.0, z=-24.0)
 }
19:46:46 `f9mkx4jkgx`11 missed {
 is already Found: false).
 Position: LorenzVec(x=-11.5, y=78.0, z=-337.5)
 DistanceC: 24.0
Relative Position: LorenzVec(x=-7.0, y=18.0, z=24.0)
 }
19:47:57 `Zombie`30037 missed {
 is already Found: false).
 Position: LorenzVec(x=40.53125, y=100.0, z=-13.03125)
 DistanceC: 15.597299522757005
Relative Position: LorenzVec(x=8.11669935510514, y=-58.0, z=15.597299522757005)
 }
