19:22:51 [allowed] §aYou are still radiating with §bGenerosity§r§a!
19:22:51 [allowed] §f §r§r§r§f §r§r§r§1 §r§r§r§0 §r§r§r§2 §r§r§r§f §r§r§r§f §r§r§r§2 §r§r§r§0 §r§r§r§4 §r§r§r§3 §r§r§r§9 §r§r§r§2 §r§r§r§0 §r§r§r§0 §r§r§r§3 §r§r§r§9 §r§r§r§2 §r§r§r§0 §r§r§r§0 §r§r§r§3 §r§r§r§9 §r§r§r§2 §r§r§r§0 §r§r§r§0 
19:22:51 [allowed] §b[MVP§0+§b] KobeAim§f §6joined the lobby!
19:22:51 [allowed] §b[MVP§d+§b] BiggieCheese911§f §6joined the lobby!
19:22:51 [allowed]   §r§f§l➤ §r§6You have reached your Hype limit! Add Hype to Prototype Lobby minigames by right-clicking with the Hype Diamond!
19:22:54 [allowed] §b[MVP§6+§b] Hillo955§f §6joined the lobby!
19:22:55 [allowed] §7Sending to server mini28BN...
19:22:57 [allowed] §8 §r§8 §r§1 §r§3 §r§3 §r§7 §r§8 
19:22:57 [allowed]  
19:22:57 [allowed] §f       §7You have §38 §7pending §3Bestiary Milestones §7to be claimed!
19:22:57 [allowed] §f                  §6§l>>> §6§lCLICK HERE§e to claim them! §6§l<<<
19:22:57 [allowed]   
19:22:59 [allowed] 
19:22:59 [allowed] §eWelcome to §r§aHypixel SkyBlock§r§e! §r§d§l6TH ANNIVERSARY!
19:22:59 [allowed] §eEarn §r§a+20% §r§eDungeons and Skill EXP and §r§b+10✯ Magic Find§r§e!
19:22:59 [allowed] 
19:22:59 [allowed] §eLatest update: §bSkyBlock v0.22.1 §e§lCLICK
19:22:59 [allowed] §aYou are playing on profile: §eCoconut§b (Co-op)
19:22:59 [allowed] §8Profile ID: 4ef1bd42-ec32-42d4-afba-b766eacde1e7
19:23:00 [allowed]  
19:23:00 [STASH_COMPACT] §f                     §7You have §a1 §7item stashed away!
19:23:00 [STASH_COMPACT] §f                  §6§l>>> §6§lCLICK HERE§e to pick it up! §6§l<<<
19:23:00 [STASH_COMPACT]   
19:23:12 [allowed] §2Guild > §r§bThomasBaguette §r§ejoined.
19:23:13 [allowed] §2Guild > §r§bThomasBaguette §r§eleft.
19:23:15 [allowed] §2Guild > §r§bThomasBaguette §r§ejoined.
19:23:28 [allowed] §bThomasBaguette joined SkyBlock.
19:23:29 [allowed]  
19:23:29 [STASH_COMPACT] §f                     §7You have §a1 §7item stashed away!
19:23:29 [STASH_COMPACT] §f                  §6§l>>> §6§lCLICK HERE§e to pick it up! §6§l<<<
19:23:29 [STASH_COMPACT]   
19:24:26 [allowed] §9§m-----------------------------------------------------
19:24:26 [allowed] §bBlazeKickers §r§cis already in the party.
19:24:26 [allowed] §9§m-----------------------------------------------------
19:24:26 [allowed] §9§m-----------------------------------------------------
19:24:26 [allowed] §b[MVP§r§0+§r§b] KobeAim §r§einvited §r§b[MVP§r§6+§r§b] ThomasBaguette §r§eto the party! They have §r§c60 §r§eseconds to accept.
19:24:26 [allowed] §9§m-----------------------------------------------------
19:24:26 [allowed] §9§m-----------------------------------------------------
19:24:26 [allowed] §b[MVP§r§0+§r§b] KobeAim §r§einvited §r§b[MVP§r§c+§r§b] Sainx_ §r§eto the party! They have §r§c60 §r§eseconds to accept.
19:24:26 [allowed] §9§m-----------------------------------------------------
19:24:29 [allowed]  
19:24:29 [STASH_COMPACT] §f                     §7You have §a1 §7item stashed away!
19:24:29 [STASH_COMPACT] §f                  §6§l>>> §6§lCLICK HERE§e to pick it up! §6§l<<<
19:24:29 [STASH_COMPACT]   
19:25:26 [allowed] §9§m-----------------------------------------------------
19:25:26 [allowed] §eThe party invite to §r§b[MVP§r§6+§r§b] ThomasBaguette §r§ehas expired.
19:25:26 [allowed] §9§m-----------------------------------------------------
19:25:26 [allowed] §9§m-----------------------------------------------------
19:25:26 [allowed] §eThe party invite to §r§b[MVP§r§c+§r§b] Sainx_ §r§ehas expired.
19:25:26 [allowed] §9§m-----------------------------------------------------
19:25:30 [allowed]  
19:25:30 [STASH_COMPACT] §f                     §7You have §a1 §7item stashed away!
19:25:30 [STASH_COMPACT] §f                  §6§l>>> §6§lCLICK HERE§e to pick it up! §6§l<<<
19:25:30 [STASH_COMPACT]   
19:25:34 [allowed] §6§lRARE REWARD! §r§a100milmidas §r§efound a §r§6Recombobulator 3000 §r§ein their Bedrock Chest§r§e!
19:26:30 [allowed]  
19:26:31 [STASH_COMPACT] §f                     §7You have §a1 §7item stashed away!
19:26:31 [STASH_COMPACT] §f                  §6§l>>> §6§lCLICK HERE§e to pick it up! §6§l<<<
19:26:31 [STASH_COMPACT]   
19:26:38 [allowed] §d§lHOPPITY'S HUNT §r§dA §r§9Chocolate Lunch Egg §r§dhas appeared!
19:26:41 [allowed] §aFriend > §r§bMatteke42 §r§ejoined.
19:26:53 [allowed] §8[§r§a136§r§8] §r§a[VIP] LightSkinCurls§f§r§f: best ultimate enchant for juju shortbow?
19:27:01 [allowed] §8[§r§3266§r§8] §r§6§lᛝ §r§a[VIP§6+§a] iulica2§f§r§f: soul eater
19:27:30 [allowed] §9§m-----------------------------------------------------
19:27:30 [allowed] §bBlazeKickers §r§cis already in the party.
19:27:30 [allowed] §9§m-----------------------------------------------------
19:27:30 [allowed] §9§m-----------------------------------------------------
19:27:30 [allowed] §b[MVP§r§0+§r§b] KobeAim §r§einvited §r§b[MVP§r§c+§r§b] Sainx_ §r§eto the party! They have §r§c60 §r§eseconds to accept.
19:27:30 [allowed] §9§m-----------------------------------------------------
19:27:30 [allowed] §9§m-----------------------------------------------------
19:27:30 [allowed] §b[MVP§r§0+§r§b] KobeAim §r§einvited §r§b[MVP§r§6+§r§b] ThomasBaguette §r§eto the party! They have §r§c60 §r§eseconds to accept.
19:27:30 [allowed] §9§m-----------------------------------------------------
19:27:31 [allowed]  
19:27:31 [STASH_COMPACT] §f                     §7You have §a1 §7item stashed away!
19:27:31 [STASH_COMPACT] §f                  §6§l>>> §6§lCLICK HERE§e to pick it up! §6§l<<<
19:27:31 [STASH_COMPACT]   
19:27:35 [allowed] §8[§r§a136§r§8] §r§a[VIP] LightSkinCurls§f§r§f: some ppl say duplex no?
19:27:40 [allowed] §8[§r§a136§r§8] §r§a[VIP] LightSkinCurls§f§r§f: isnt soul eater only for melee
19:27:43 [allowed] §9§m-----------------------------------------------------
19:27:43 [allowed] §b[MVP§r§0+§r§b] KobeAim §r§einvited §r§b[MVP§r§6+§r§b] Matteke42 §r§eto the party! They have §r§c60 §r§eseconds to accept.
19:27:43 [allowed] §9§m-----------------------------------------------------
19:27:44 [allowed] §8[§r§b211§r§8] §r§6§l⸕ §r§a[VIP§6+§a] matt1610§f§r§f: nah
19:27:45 [allowed] §9§m-----------------------------------------------------
19:27:45 [allowed] §b[MVP§r§6+§r§b] Matteke42 §r§ejoined the party.
19:27:45 [allowed] §9§m-----------------------------------------------------
19:27:45 [allowed] §8[§r§b233§r§8] §r§6§lᛝ §r§a[VIP] Nightexz§f§r§f: no
19:27:48 [allowed]  §9§l» §bMatteke42 §eis traveling to §aCrimson Isle §e§lFOLLOW
19:27:52 [allowed] §cThere are blocks in the way!
19:27:55 [allowed] §cThere are blocks in the way!
19:27:55 [allowed] §cThere are blocks in the way!
19:27:56 [allowed] §cThere are blocks in the way!
19:27:56 [allowed] §cThere are blocks in the way!
19:27:58 [allowed] §cThere are blocks in the way!
19:27:58 [allowed] §cThere are blocks in the way!
19:28:00 [allowed] §cThere are blocks in the way!
19:28:00 [allowed] §cThere are blocks in the way!
19:28:00 [allowed] §cThere are blocks in the way!
19:28:00 [allowed] §cThere are blocks in the way!
19:28:01 [allowed] §cThere are blocks in the way!
19:28:01 [allowed] §cThere are blocks in the way!
19:28:02 [allowed] §cThere are blocks in the way!
19:28:02 [allowed] §cThere are blocks in the way!
19:28:03 [allowed] §cThere are blocks in the way!
19:28:03 [allowed] §cThere are blocks in the way!
19:28:04 [allowed] §cThere are blocks in the way!
19:28:04 [allowed] §cThere are blocks in the way!
19:28:05 [allowed] §8[§r§b211§r§8] §r§6§l⸕ §r§a[VIP§6+§a] matt1610§f§r§f: what do you want to do with the juju
19:28:10 [allowed] §cThere are blocks in the way!
19:28:10 [allowed] §8[§r§a136§r§8] §r§a[VIP] LightSkinCurls§f§r§f: kill wym
19:28:10 [allowed] §cThere are blocks in the way!
19:28:12 [allowed] §8[§r§a136§r§8] §r§a[VIP] LightSkinCurls§f§r§f: use it?
19:28:13 [allowed] §cThere are blocks in the way!
19:28:16 [allowed] §cThere are blocks in the way!
19:28:16 [allowed] §cThere are blocks in the way!
19:28:16 [allowed] §cThere are blocks in the way!
19:28:17 [allowed] §8[§r§b211§r§8] §r§6§l⸕ §r§a[VIP§6+§a] matt1610§f§r§f: for what?
19:28:17 [allowed] §9§m-----------------------------------------------------
19:28:17 [allowed] §b[MVP§r§c+§r§b] Sainx_ §r§ejoined the party.
19:28:17 [allowed] §9§m-----------------------------------------------------
19:28:19 [allowed] §cThere are blocks in the way!
19:28:19 [allowed] §cThere are blocks in the way!
19:28:19 [allowed] §cThere are blocks in the way!
19:28:19 [allowed] §cThere are blocks in the way!
19:28:20 [allowed] §cThere are blocks in the way!
19:28:20 [allowed] §cThere are blocks in the way!
19:28:20 [allowed] §8[§r§a136§r§8] §r§a[VIP] LightSkinCurls§f§r§f: oh dungeons
19:28:21 [allowed] §cThere are blocks in the way!
19:28:21 [allowed] §cThere are blocks in the way!
19:28:27 [allowed] §cThere are blocks in the way!
19:28:27 [allowed] §cThere are blocks in the way!
19:28:29 [allowed] §cThere are blocks in the way!
19:28:30 [allowed] §9§m-----------------------------------------------------
19:28:30 [allowed] §eThe party invite to §r§b[MVP§r§6+§r§b] ThomasBaguette §r§ehas expired.
19:28:30 [allowed] §9§m-----------------------------------------------------
19:28:32 [allowed]  
19:28:32 [STASH_COMPACT] §f                     §7You have §a1 §7item stashed away!
19:28:32 [STASH_COMPACT] §f                  §6§l>>> §6§lCLICK HERE§e to pick it up! §6§l<<<
19:28:32 [STASH_COMPACT]   
19:28:32 [allowed] §8[§r§b211§r§8] §r§6§l⸕ §r§a[VIP§6+§a] matt1610§f§r§f: get soul eater
19:28:35 [allowed] §8[§r§a136§r§8] §r§a[VIP] LightSkinCurls§f§r§f: okty
19:28:39 [allowed] §8[§r§3266§r§8] §r§6§lᛝ §r§a[VIP§6+§a] iulica2§f§r§f: yh
19:28:45 [allowed] §cThere are blocks in the way!
19:28:46 [allowed] §cThere are blocks in the way!
19:28:47 [allowed] §8[§r§3266§r§8] §r§6§lᛝ §r§a[VIP§6+§a] iulica2§f§r§f: duplex only for bosses
19:29:00 [allowed] §cThere are blocks in the way!
19:29:02 [allowed] §6§lRARE REWARD! §r§ahug0xd §r§efound a §r§5Spirit Wing §r§ein their Obsidian Chest§r§e!
19:29:02 [allowed] §cThere are blocks in the way!
19:29:02 [allowed] §cThere are blocks in the way!
19:29:02 [allowed] §cThere are blocks in the way!
19:29:02 [allowed] §cThere are blocks in the way!
19:29:06 [allowed] §cThere are blocks in the way!
19:29:06 [allowed] §cThere are blocks in the way!
19:29:06 [allowed] §cThere are blocks in the way!
19:29:07 [allowed] §6§lRARE REWARD! §r§ahug0xd §r§efound a §r§6Recombobulator 3000 §r§ein their Obsidian Chest§r§e!
19:29:09 [allowed] §cThere are blocks in the way!
19:29:10 [allowed] §9§m-----------------------------------------------------
19:29:10 [allowed] §b[MVP§r§6+§r§b] Matteke42 §r§ehas disconnected, they have §r§c5 §r§eminutes to rejoin before they are removed from the party.
19:29:10 [allowed] §9§m-----------------------------------------------------
19:29:10 [allowed] §aFriend > §r§bMatteke42 §r§eleft.
19:29:10 [allowed] §cThere are blocks in the way!
19:29:10 [allowed] §cThere are blocks in the way!
19:29:10 [allowed] §cThere are blocks in the way!
19:29:12 [allowed] §cThere are blocks in the way!
19:29:12 [allowed] §cThere are blocks in the way!
19:29:14 [allowed] §cThere are blocks in the way!
19:29:14 [allowed] §cThere are blocks in the way!
19:29:28 [allowed] §9§m-----------------------------------------------------
19:29:28 [allowed] §6Party Members (4)
19:29:28 [allowed] §f
19:29:28 [allowed] §eParty Leader: §r§b[MVP§r§0+§r§b] KobeAim §r§a●
19:29:28 [allowed] §eParty Members: §r§b[MVP§r§c+§r§b] BlazeKickers§r§a ● §r§b[MVP§r§c+§r§b] Sainx_§r§a ● §r§b[MVP§r§6+§r§b] Matteke42§r§c ● 
19:29:28 [allowed] §9§m-----------------------------------------------------
19:29:28 [allowed] §aYou earned §r§2225 GEXP §r§afrom playing SkyBlock!
19:29:32 [allowed]  
19:29:32 [STASH_COMPACT] §f                     §7You have §a1 §7item stashed away!
19:29:32 [STASH_COMPACT] §f                  §6§l>>> §6§lCLICK HERE§e to pick it up! §6§l<<<
19:29:32 [STASH_COMPACT]   
19:29:34 [allowed] §9§m-----------------------------------------------------
19:29:34 [allowed] §bSainx_ §r§cis already in the party.
19:29:34 [allowed] §9§m-----------------------------------------------------
19:29:34 [allowed] §9§m-----------------------------------------------------
19:29:34 [allowed] §bBlazeKickers §r§cis already in the party.
19:29:34 [allowed] §9§m-----------------------------------------------------
19:29:35 [allowed] §9§m-----------------------------------------------------
19:29:35 [allowed] §b[MVP§r§0+§r§b] KobeAim §r§einvited §r§b[MVP§r§6+§r§b] ThomasBaguette §r§eto the party! They have §r§c60 §r§eseconds to accept.
19:29:35 [allowed] §9§m-----------------------------------------------------
19:29:49 [allowed] §cThere are blocks in the way!
19:29:49 [allowed] §cThere are blocks in the way!
19:29:52 [allowed] §cThere are blocks in the way!
19:29:52 [allowed] §cThere are blocks in the way!
19:29:53 [allowed] §cThere are blocks in the way!
19:29:54 [allowed] §cThere are blocks in the way!
19:29:54 [allowed] §cThere are blocks in the way!
19:29:57 [allowed] §cThere are blocks in the way!
19:30:09 [allowed] §cThere are blocks in the way!
19:30:12 [allowed] §cThere are blocks in the way!
19:30:12 [allowed] §cThere are blocks in the way!
19:30:13 [allowed] §cThere are blocks in the way!
19:30:14 [allowed] §cThere are blocks in the way!
19:30:16 [allowed] §cThere are blocks in the way!
19:30:28 [allowed] §cThere are blocks in the way!
19:30:29 [allowed] §cThere are blocks in the way!
19:30:33 [allowed]  
19:30:33 [STASH_COMPACT] §f                     §7You have §a1 §7item stashed away!
19:30:33 [STASH_COMPACT] §f                  §6§l>>> §6§lCLICK HERE§e to pick it up! §6§l<<<
19:30:33 [STASH_COMPACT]   
19:30:35 [allowed] §9§m-----------------------------------------------------
19:30:35 [allowed] §eThe party invite to §r§b[MVP§r§6+§r§b] ThomasBaguette §r§ehas expired.
19:30:35 [allowed] §9§m-----------------------------------------------------
19:30:39 [allowed] §aFriend > §r§bbanperiodcramps §r§ejoined.
19:31:13 [allowed] §6[Bazaar] §r§7Putting goods in escrow...
19:31:13 [allowed] §6[Bazaar] §r§7Submitting buy order...
19:31:13 [allowed] §6[Bazaar] §r§7§r§eBuy Order Setup! §r§a16§r§7x §r§d§lSoul Eater I §r§7for §r§616,871,573 coins§r§7.
19:31:17 [allowed] §cThere are blocks in the way!
19:31:20 [allowed] §cThere are blocks in the way!
19:31:34 [allowed]  
19:31:34 [STASH_COMPACT] §f                     §7You have §a1 §7item stashed away!
19:31:34 [STASH_COMPACT] §f                  §6§l>>> §6§lCLICK HERE§e to pick it up! §6§l<<<
19:31:34 [STASH_COMPACT]   
19:31:38 [allowed] §aFriend > §r§bMatteke42 §r§ejoined.
19:31:38 [allowed] §9§m-----------------------------------------------------
19:31:38 [allowed] §b[MVP§r§6+§r§b] Matteke42 §r§ehas rejoined.
19:31:38 [allowed] §9§m-----------------------------------------------------
19:32:26 [allowed]  §b§l» §bThomasBaguette §eis traveling to §aPrivate Island §e§lFOLLOW
19:32:26 [allowed]  §9§l» §bMatteke42 §eis traveling to §aPrivate Island §e§lFOLLOW
19:32:29 [allowed] §d§lHOPPITY'S HUNT §r§dA §r§aChocolate Dinner Egg §r§dhas appeared!
19:32:34 [allowed]  
19:32:34 [STASH_COMPACT] §f                     §7You have §a1 §7item stashed away!
19:32:34 [STASH_COMPACT] §f                  §6§l>>> §6§lCLICK HERE§e to pick it up! §6§l<<<
19:32:34 [STASH_COMPACT]   
19:32:52 [allowed]  §b§l» §bThomasBaguette §eis traveling to §aCrystal Hollows §e§lFOLLOW
19:33:35 [allowed]  
19:33:35 [STASH_COMPACT] §f                     §7You have §a1 §7item stashed away!
19:33:35 [STASH_COMPACT] §f                  §6§l>>> §6§lCLICK HERE§e to pick it up! §6§l<<<
19:33:35 [STASH_COMPACT]   
19:34:00 [allowed] §6[Bazaar] §r§7Claiming order...
19:34:00 [allowed] §6[Bazaar] §r§7§r§7Claimed §r§a10§r§7x §r§d§lSoul Eater I §r§7worth §r§610,544,733 coins §r§7bought for §r§61,054,473 §r§7each!
19:34:25 [allowed] §6[Bazaar] §r§7Executing instant sell...
19:34:26 [allowed] §6[Bazaar] §r§7Sold §r§a1§r§7x §r§d§lUltimate Wise I §r§7for §r§6108,747 coins§r§7!
19:34:30 [allowed] §6[Bazaar] §r§7Cancelling order...
19:34:30 [allowed] §aYou earned §r§2571 GEXP §r§afrom playing SkyBlock!
19:34:31 [allowed] §6[Bazaar] §r§7§r§cCancelled! §r§7Refunded §r§66,326,840 coins §r§7from cancelling Buy Order!
19:34:35 [allowed]  
19:34:35 [STASH_COMPACT] §f                     §7You have §a1 §7item stashed away!
19:34:35 [STASH_COMPACT] §f                  §6§l>>> §6§lCLICK HERE§e to pick it up! §6§l<<<
19:34:35 [STASH_COMPACT]   
19:34:42 [allowed] §9§m-----------------------------------------------------
19:34:42 [allowed] §b[MVP§r§c+§r§b] BlazeKickers §r§ehas disconnected, they have §r§c5 §r§eminutes to rejoin before they are removed from the party.
19:34:42 [allowed] §9§m-----------------------------------------------------
19:34:42 [allowed] §2Guild > §r§bBlazeKickers §r§eleft.
19:34:48 [allowed] §8[§r§738§r§8] §r§b[MVP§d+§b] 2Head19§f§r§f: Ever wanted to be in a sit-down restaurant in skyblock? /visit 2Head19 (now with live music)
19:34:52 [allowed] §6[Bazaar] §r§7Putting goods in escrow...
19:34:52 [allowed] §6[Bazaar] §r§7Submitting buy order...
19:34:52 [allowed] §6[Bazaar] §r§7§r§eBuy Order Setup! §r§a6§r§7x §r§d§lSoul Eater I §r§7for §r§66,326,843 coins§r§7.
19:34:56 [allowed] §cThere are blocks in the way!
19:35:18 [allowed] §c§lYour inventory is full!
19:35:23 [allowed] §aYou salvaged §b8 §aitems for:
19:35:23 [allowed]    §r§f40x §r§dUndead Essence§r§f!
19:35:24 [allowed] §cWhoa! Slow down there!
19:35:24 [allowed] §cWhoa! Slow down there!
19:35:26 [allowed] §5§lEXTRA! §r§a§lDOUBLED SALVAGED ESSENCE:
19:35:26 [allowed]    §r§f15x §r§dUndead Essence§r§f!
19:35:26 [allowed] §aYou salvaged §b10 §aitems for:
19:35:26 [allowed]    §r§f150x §r§dUndead Essence§r§f!
19:35:35 [allowed] §cWhoa! Slow down there!
19:35:35 [allowed] §cWhoa! Slow down there!
19:35:36 [allowed]  
19:35:36 [STASH_COMPACT] §f                     §7You have §a1 §7item stashed away!
19:35:36 [STASH_COMPACT] §f                  §6§l>>> §6§lCLICK HERE§e to pick it up! §6§l<<<
19:35:36 [STASH_COMPACT]   
19:35:36 [allowed] §cWhoa! Slow down there!
19:35:37 [allowed] §5§lEXTRA! §r§a§lDOUBLED SALVAGED ESSENCE:
19:35:37 [allowed]    §r§f15x §r§dUndead Essence§r§f!
19:35:37 [allowed] §aYou salvaged §b5 §aitems for:
19:35:37 [allowed]    §r§f50x §r§dUndead Essence§r§f!
19:35:37 [allowed]    §r§f5x §r§dWither Essence§r§f!
19:35:41 [allowed] §d§lTIME TOWER! §r§7Your §r§6Chocolate Factory §r§7production has increased by §r§6+1.5x §r§7for §r§a1h§r§7!
19:35:43 [allowed] §d§lHOPPITY'S HUNT §r§dYou found a §r§cHitman Egg§r§d!
19:35:43 [allowed] §D§LHOPPITY'S HUNT §7You found §aGadget §7(§A§LUNCOMMON§7)!
19:35:43 [allowed] §d§lNEW RABBIT! §6+2 Chocolate §7and §6+0.003x Chocolate §7per second!
19:36:06 [allowed] §6[Bazaar] §r§7Claiming order...
19:36:07 [allowed] §6[Bazaar] §r§7§r§7Claimed §r§a2§r§7x §r§d§lSoul Eater I §r§7worth §r§62,108,948 coins §r§7bought for §r§61,054,474 §r§7each!
19:36:25 [allowed] §6[Bazaar] §r§7Cancelling order...
19:36:25 [allowed] §6[Bazaar] §r§7§r§cCancelled! §r§7Refunded §r§64,217,895 coins §r§7from cancelling Buy Order!
19:36:32 [allowed] §6[Bazaar] §r§7Putting goods in escrow...
19:36:32 [allowed] §6[Bazaar] §r§7Submitting buy order...
19:36:32 [allowed] §6[Bazaar] §r§7§r§eBuy Order Setup! §r§a4§r§7x §r§d§lSoul Eater I §r§7for §r§64,217,897 coins§r§7.
19:36:35 [allowed] §cThere are blocks in the way!
19:36:36 [allowed] §cThere are blocks in the way!
19:36:36 [allowed]  
19:36:36 [STASH_COMPACT] §f                     §7You have §a1 §7item stashed away!
19:36:36 [STASH_COMPACT] §f                  §6§l>>> §6§lCLICK HERE§e to pick it up! §6§l<<<
19:36:36 [STASH_COMPACT]   
19:36:36 [allowed] §cThere are blocks in the way!
19:36:37 [allowed] §cThere are blocks in the way!
19:36:37 [allowed] §cThere are blocks in the way!
19:36:37 [allowed] §cThere are blocks in the way!
19:36:37 [allowed] §cThere are blocks in the way!
19:36:37 [allowed] §cThere are blocks in the way!
19:36:37 [allowed] §cThere are blocks in the way!
19:36:38 [allowed] §cThere are blocks in the way!
19:36:38 [allowed] §cThere are blocks in the way!
19:36:38 [allowed] §cThere are blocks in the way!
19:36:38 [allowed] §cThere are blocks in the way!
19:36:38 [allowed] §cThere are blocks in the way!
19:36:39 [allowed] §cThere are blocks in the way!
19:36:39 [allowed] §cThere are blocks in the way!
19:36:39 [allowed] §cThere are blocks in the way!
19:36:39 [allowed] §cThere are blocks in the way!
19:36:39 [allowed] §cThere are blocks in the way!
19:36:39 [allowed] §cThere are blocks in the way!
19:36:39 [allowed] §cThere are blocks in the way!
19:36:40 [allowed] §cThere are blocks in the way!
19:36:40 [allowed] §cThere are blocks in the way!
19:36:41 [allowed] §cThere are blocks in the way!
19:36:41 [allowed] §cThere are blocks in the way!
19:36:41 [allowed] §cThere are blocks in the way!
19:36:41 [allowed] §cThere are blocks in the way!
19:36:42 [allowed] §cThere are blocks in the way!
19:36:42 [allowed] §cThere are blocks in the way!
19:36:42 [allowed] §cThere are blocks in the way!
19:36:43 [allowed] §cThere are blocks in the way!
19:36:44 [allowed] §cThere are blocks in the way!
19:36:44 [allowed] §cThere are blocks in the way!
19:36:45 [allowed] §cThere are blocks in the way!
19:36:45 [allowed] §cThere are blocks in the way!
19:36:46 [allowed] §cThere are blocks in the way!
19:36:46 [allowed] §cThere are blocks in the way!
19:36:47 [allowed] §cThere are blocks in the way!
19:36:54 [allowed] §cThere are blocks in the way!
19:36:55 [allowed] §cThere are blocks in the way!
19:36:56 [allowed] §cThere are blocks in the way!
19:36:56 [allowed] §cThere are blocks in the way!
19:36:57 [allowed] §cThere are blocks in the way!
19:36:58 [allowed] §cThere are blocks in the way!
19:36:58 [allowed] §cThere are blocks in the way!
19:37:00 [allowed] §cThere are blocks in the way!
19:37:01 [allowed] §cThere are blocks in the way!
19:37:01 [allowed] §8[§r§b219§r§8] §r§7§l℻ §r§6[MVP§a++§6] shotgvnz§f§r§f: selling m1-m3 carries // and selling t4 eman carries /party me
19:37:02 [allowed] §cThere are blocks in the way!
19:37:04 [allowed] §cThere are blocks in the way!
19:37:05 [allowed] §cThere are blocks in the way!
19:37:06 [allowed] §cThere are blocks in the way!
19:37:07 [allowed] §cThere are blocks in the way!
19:37:08 [allowed] §cThere are blocks in the way!
19:37:09 [allowed] §cThere are blocks in the way!
19:37:10 [allowed] §cThere are blocks in the way!
19:37:10 [allowed] §cThere are blocks in the way!
19:37:12 [allowed] §cThere are blocks in the way!
19:37:12 [allowed] §cThere are blocks in the way!
19:37:13 [allowed] §cThere are blocks in the way!
19:37:14 [allowed] §cThere are blocks in the way!
19:37:14 [allowed] §cThere are blocks in the way!
19:37:14 [allowed] §cThere are blocks in the way!
19:37:15 [allowed] §cThere are blocks in the way!
19:37:15 [allowed] §cThere are blocks in the way!
19:37:15 [allowed] §a§aYou tipped 2 players in 7 different games!
19:37:28 [allowed] §6§lRARE REWARD! §r§aicyzinho §r§efound a §r§5Fuming Potato Book §r§ein their Bedrock Chest§r§e!
19:37:28 [allowed] §6§lRARE REWARD! §r§aicyzinho §r§efound a §r§5Shadow Assassin Boots §r§ein their Bedrock Chest§r§e!
19:37:29 [allowed] §cThere are blocks in the way!
19:37:29 [allowed] §cThere are blocks in the way!
19:37:29 [allowed] §cThere are blocks in the way!
19:37:30 [allowed] §cThere are blocks in the way!
19:37:30 [allowed] §cThere are blocks in the way!
19:37:30 [allowed] §cThere are blocks in the way!
19:37:30 [allowed] §cThere are blocks in the way!
19:37:30 [allowed] §cThere are blocks in the way!
19:37:31 [allowed] §cThere are blocks in the way!
19:37:31 [allowed] §cThere are blocks in the way!
19:37:37 [allowed]  
19:37:37 [STASH_COMPACT] §f                     §7You have §a1 §7item stashed away!
19:37:37 [STASH_COMPACT] §f                  §6§l>>> §6§lCLICK HERE§e to pick it up! §6§l<<<
19:37:37 [STASH_COMPACT]   
19:37:50 [allowed] §cThere are blocks in the way!
19:37:50 [allowed] §cThere are blocks in the way!
19:37:53 [allowed] §cThere are blocks in the way!
19:37:54 [allowed] §cThere are blocks in the way!
19:37:54 [allowed] §cThere are blocks in the way!
19:37:57 [allowed] §cThere are blocks in the way!
19:37:57 [allowed] §cThere are blocks in the way!
19:37:58 [allowed] §cThere are blocks in the way!
19:38:08 [allowed] §cThere are blocks in the way!
19:38:08 [allowed] §cThere are blocks in the way!
19:38:08 [allowed] §cThere are blocks in the way!
19:38:11 [allowed] §aFriend > §r§bskelette §r§ejoined.
19:38:12 [allowed] §cThere are blocks in the way!
19:38:12 [allowed] §cThere are blocks in the way!
19:38:14 [allowed] §cThere are blocks in the way!
19:38:15 [allowed] §cThere are blocks in the way!
19:38:16 [allowed] §cThere are blocks in the way!
19:38:18 [allowed] §cThere are blocks in the way!
19:38:18 [allowed] §cThere are blocks in the way!
19:38:18 [allowed] §cThere are blocks in the way!
19:38:18 [allowed] §cThere are blocks in the way!
19:38:24 [allowed]  §9§l» §bSainx_ §eis traveling to §aHub §e§lFOLLOW
19:38:37 [allowed]  
19:38:38 [STASH_COMPACT] §f                     §7You have §a1 §7item stashed away!
19:38:38 [STASH_COMPACT] §f                  §6§l>>> §6§lCLICK HERE§e to pick it up! §6§l<<<
19:38:38 [STASH_COMPACT]   
19:38:59 [allowed] §cThere are blocks in the way!
19:39:01 [allowed] §cThere are blocks in the way!
19:39:02 [allowed] §cThere are blocks in the way!
19:39:03 [allowed] §cThere are blocks in the way!
19:39:03 [allowed] §cThere are blocks in the way!
19:39:11 [allowed] §cThere are blocks in the way!
19:39:13 [allowed] §cThere are blocks in the way!
19:39:13 [allowed] §cThere are blocks in the way!
19:39:14 [allowed] §cThere are blocks in the way!
19:39:14 [allowed] §cThere are blocks in the way!
19:39:15 [allowed] §cThere are blocks in the way!
19:39:16 [allowed] §cThere are blocks in the way!
19:39:17 [allowed] §cThere are blocks in the way!
19:39:18 [allowed] §cThere are blocks in the way!
19:39:19 [allowed] §cThere are blocks in the way!
19:39:19 [allowed] §cThere are blocks in the way!
19:39:20 [allowed] §cThere are blocks in the way!
19:39:21 [allowed] §cThere are blocks in the way!
19:39:22 [allowed] §cThere are blocks in the way!
19:39:22 [allowed] §cThere are blocks in the way!
19:39:23 [allowed] §cThere are blocks in the way!
19:39:23 [allowed] §cThere are blocks in the way!
19:39:24 [allowed] §cThere are blocks in the way!
19:39:25 [allowed] §cThere are blocks in the way!
19:39:26 [allowed] §cThere are blocks in the way!
19:39:26 [allowed] §cThere are blocks in the way!
19:39:27 [allowed] §cThere are blocks in the way!
19:39:31 [allowed] §cThere are blocks in the way!
19:39:33 [allowed] §cThere are blocks in the way!
19:39:33 [allowed] §aYou earned §r§2685 GEXP §r§afrom playing SkyBlock!
19:39:36 [allowed] §cThere are blocks in the way!
19:39:38 [allowed] §cThere are blocks in the way!
19:39:38 [allowed]  
19:39:38 [STASH_COMPACT] §f                     §7You have §a1 §7item stashed away!
19:39:38 [STASH_COMPACT] §f                  §6§l>>> §6§lCLICK HERE§e to pick it up! §6§l<<<
19:39:38 [STASH_COMPACT]   
19:39:40 [allowed] §cThere are blocks in the way!
19:39:41 [allowed] §cThere are blocks in the way!
19:39:41 [allowed] §cThere are blocks in the way!
19:39:42 [allowed] §9§m-----------------------------------------------------
19:39:42 [allowed] §b[MVP§r§c+§r§b] BlazeKickers §r§ewas removed from your party because they disconnected.
19:39:42 [allowed] §9§m-----------------------------------------------------
19:39:48 [allowed] §cThere are blocks in the way!
19:39:50 [allowed] §cThere are blocks in the way!
19:39:50 [allowed] §cThere are blocks in the way!
19:39:52 [allowed] §cThere are blocks in the way!
19:39:53 [allowed] §cThere are blocks in the way!
19:39:54 [allowed] §cThere are blocks in the way!
19:39:54 [allowed] §cThere are blocks in the way!
19:39:56 [allowed] §cThere are blocks in the way!
