00:51:26 [allowed] §aYou are still radiating with §bGenerosity§r§a!
00:51:26 [allowed] §f §r§r§r§f §r§r§r§1 §r§r§r§0 §r§r§r§2 §r§r§r§f §r§r§r§f §r§r§r§2 §r§r§r§0 §r§r§r§4 §r§r§r§3 §r§r§r§9 §r§r§r§2 §r§r§r§0 §r§r§r§0 §r§r§r§3 §r§r§r§9 §r§r§r§2 §r§r§r§0 §r§r§r§0 §r§r§r§3 §r§r§r§9 §r§r§r§2 §r§r§r§0 §r§r§r§0 
00:51:26 [allowed] §b[MVP§0+§b] KobeAim§f §6joined the lobby!
00:51:26 [allowed] §b[MVP§d+§b] JibbeMC§f §6joined the lobby!
00:51:26 [allowed] §b[MVP§c+§b] BLASEPDOG§f §6joined the lobby!
00:51:26 [allowed]   §r§f§l➤ §r§6You have reached your Hype limit! Add Hype to Prototype Lobby minigames by right-clicking with the Hype Diamond!
00:51:28 [allowed] §b[MVP§c+§b] ManOfBick§f §6joined the lobby!
00:51:31 [allowed] §7Sending to server mini98U...
00:51:32 [allowed] §8 §r§8 §r§1 §r§3 §r§3 §r§7 §r§8 
00:51:34 [allowed]  
00:51:34 [allowed] §f      §7You have §320 §7pending §3Bestiary Milestones §7to be claimed!
00:51:34 [allowed] §f                  §6§l>>> §6§lCLICK HERE§e to claim them! §6§l<<<
00:51:34 [allowed]   
00:51:35 [allowed] 
00:51:35 [allowed] §eWelcome to §r§aHypixel SkyBlock§r§e!
00:51:35 [allowed] 
00:51:35 [allowed] §eLatest update: §bSkyBlock v0.23 §e§lCLICK
00:51:36 [allowed] §aYou are playing on profile: §eCoconut§b (Co-op)
00:51:36 [allowed] §8Profile ID: 4ef1bd42-ec32-42d4-afba-b766eacde1e7
00:51:42 [allowed] 
00:51:42 [allowed] §6§k§lA§r §c§lFIRE SALE §r§6§k§lA
§r§c♨ §eSelling an item for a limited time!
§r§c   ♨ §5Gateway Endermite Skin §e(§a4,152 left§e)§c§r
§r§c♨ §a§l[WARP] §eTo Elizabeth in the next §c3d 17h 8m §eto grab yours!
00:51:42 [allowed] 
00:52:28 [allowed] §6[Bazaar] §r§7Executing instant buy...
00:52:28 [allowed] §6[Bazaar] §r§7Bought §r§a1,856§r§7x §r§fPrismarine Crystals §r§7for §r§6810,369 coins§r§7!
00:52:28 [allowed] §c§lYour inventory is full!
00:52:34 [allowed] §eMaxed the Supercraft to §r§b928x crafts§r§e!
00:52:35 [allowed] §cYou do not have enough inventory/sacks space for the outputs of this Supercraft!
00:52:36 [allowed] §cYou do not have enough inventory/sacks space for the outputs of this Supercraft!
00:52:44 [allowed] §6[Sacks] §r§a+1,856§r§e items§r§e.§r§8 (Last 5s.)
00:52:45 [allowed] §eMaxed the Supercraft to §r§b928x crafts§r§e!
00:52:45 [allowed] §eYou Supercrafted §r§r§r§9Whale Bait §r§8x928§r§e!
00:52:51 [allowed] §6[Sacks] §r§c-7,424§r§e items§r§e.§r§8 (Last 5s.)
00:53:02 [allowed] §6[Bazaar] §r§7Executing instant buy...
00:53:03 [allowed] §6[Bazaar] §r§7Bought §r§a1,856§r§7x §r§fPrismarine Crystals §r§7for §r§6810,875 coins§r§7!
00:53:06 [allowed] §cYou cannot put this item in the Sack of Sacks!
00:53:06 [allowed] §cYou cannot put this item in the Sack of Sacks!
00:53:13 [allowed] §6[Sacks] §r§a+1,856§r§e items§r§e.§r§8 (Last 5s.)
00:53:17 [allowed] §eMaxed the Supercraft to §r§b464x crafts§r§e!
00:53:17 [allowed] §eYou Supercrafted §r§r§r§9Whale Bait §r§8x464§r§e!
00:53:23 [allowed] §6[Sacks] §r§c-3,712§r§e items§r§e.§r§8 (Last 5s.)
00:53:45 [allowed] §aYou equipped a §r§dSnowy Gillsplash Cloak §r§6✪✪✪✪§r§a!
00:53:45 [allowed] §aYou equipped a §r§5Snowy Thunderbolt Necklace§r§a!
00:53:45 [allowed] §aYou equipped a §r§6Snowy Magma Lord Gauntlet§r§a!
00:53:46 [allowed] §aYou equipped a §r§dSnowy Gillsplash Belt §r§6✪✪✪✪§r§a!
00:54:26 [allowed] §7Putting coins in escrow...
00:54:26 [allowed] §7Processing purchase...
00:54:26 [allowed] §eYou purchased §r§f§r§f§r§5Minos Relic §r§efor §r§642,222,222 coins§r§e!
00:54:26 [allowed] §7Claiming BIN auction...
00:54:26 [allowed] §eYou claimed §r§f§r§5Minos Relic §r§efrom §r§b[MVP§r§f+§r§b] JenykFan77§r§e's auction!
00:54:29 [allowed] §aYou summoned your §r§6Black Cat§r§a!
00:54:32 [allowed] §aYour pet is now holding §r§5Minos Relic§r§a.
00:54:35 [allowed] §7Warping...
00:54:37 [allowed] §cThere are blocks in the way!
00:54:40 [allowed] §cThere are blocks in the way!
00:54:41 [allowed] §cThere are blocks in the way!
00:54:51 [allowed] §cAutopet §eequipped your §7[Lvl 100] §dFlying Fish§e! §a§lVIEW RULE
00:54:59 [allowed] §cAutopet §eequipped your §7[Lvl 100] §dBat§e! §a§lVIEW RULE
00:56:49 [allowed] §aYou earned §r§2543 GEXP §r§afrom playing SkyBlock!
00:57:54 [allowed] §8[§r§713§r§8] §r§b[MVP§c+§b] PauTheCow§f§r§f: can someone make me a clay minion
00:58:04 [allowed] §cThere are blocks in the way!
00:58:11 [allowed] §aYou summoned your §r§dFlying Fish§r§a!
00:58:11 [allowed] §cAutopet §eequipped your §7[Lvl 100] §dBat§e! §a§lVIEW RULE
00:58:20 [allowed] §cAutopet §eequipped your §7[Lvl 100] §dFlying Fish§e! §a§lVIEW RULE
00:58:22 [allowed] §aA Squid appeared.
00:58:26 [allowed] §aYou caught a Sea Walker.
00:58:32 [allowed] §aA Squid appeared.
00:58:36 [allowed] §aYou've discovered a Guardian Defender of the sea.
00:58:38 [allowed] §aYou've discovered a Guardian Defender of the sea.
00:58:45 [allowed] §aYou caught a Sea Walker.
00:58:46 [allowed] §a§l+5 Kill Combo §r§b+3% §r§b✯ Magic Find
00:58:50 [allowed] §aYou caught a Sea Walker.
00:58:53 [allowed] §6[Sacks] §r§a+140§r§e items§r§e.§r§8 (Last 30s.)
00:58:56 [allowed] §aFriend > §r§aCooldudePL §r§ejoined.
00:58:58 [allowed] §cYour Kill Combo has expired! You reached a 7 Kill Combo!
00:59:00 [allowed] §2Guild > §r§6BlazeKickers §r§ejoined.
00:59:06 [allowed] §aYou caught a Sea Walker.
00:59:13 [allowed] §aYou've discovered a Guardian Defender of the sea.
00:59:17 [allowed] §aA Squid appeared.
00:59:21 [allowed] §aThe Rider of the Deep has emerged.
00:59:25 [allowed] §aYou've discovered a Guardian Defender of the sea.
00:59:25 [allowed] §a§l+5 Kill Combo §r§b+3% §r§b✯ Magic Find
00:59:29 [allowed] §aIt looks like you've disrupted the Sea Witch's brewing session. Watch out, she's furious!
00:59:32 [allowed] §aIt looks like you've disrupted the Sea Witch's brewing session. Watch out, she's furious!
00:59:36 [allowed] §aHuh? A Catfish!
00:59:37 [allowed] §6[Sacks] §r§a+129§r§e items§r§e.§r§8 (Last 30s.)
00:59:39 [allowed] §aPitch darkness reveals a Night Squid.
00:59:45 [allowed] §6[Sacks] §r§a+79§r§e items§r§e.§r§8 (Last 5s.)
00:59:46 [allowed] §cYour Kill Combo has expired! You reached a 8 Kill Combo!
00:59:57 [allowed] §aA Squid appeared.
00:59:58 [allowed]  §b§l» §6BlazeKickers §eis traveling to §aHub §e§lFOLLOW
01:00:02 [allowed] §aYou caught a §fNight Squid §aShard!
01:00:07 [allowed] §aA Squid appeared.
01:00:09 [allowed] §aThe Rider of the Deep has emerged.
01:00:13 [allowed] §aA Squid appeared.
01:00:14 [allowed] §a§l+5 Kill Combo §r§b+3% §r§b✯ Magic Find
01:00:18 [allowed] §aA Squid appeared.
01:00:24 [allowed] §aYou reeled in a Sea Archer.
01:00:24 [allowed] §6[Sacks] §r§a+53§r§e items§r§e.§r§8 (Last 30s.)
01:00:26 [allowed] §aA Squid appeared.
01:00:26 [allowed] §cYour Kill Combo has expired! You reached a 6 Kill Combo!
01:00:34 [allowed] §aYou caught a §fSea Archer §aShard!
01:00:39 [allowed] §aIt looks like you've disrupted the Sea Witch's brewing session. Watch out, she's furious!
01:00:43 [allowed] §aYou caught a Sea Walker.
01:00:46 [allowed] §aIt looks like you've disrupted the Sea Witch's brewing session. Watch out, she's furious!
01:00:51 [allowed] §aA Squid appeared.
01:00:56 [allowed] §aYou stumbled upon a Sea Guardian.
01:00:58 [allowed] §6[Sacks] §r§a+76§r§e items§r§e.§r§8 (Last 30s.)
01:01:00 [allowed] §aA Squid appeared.
01:01:01 [allowed] §a§l+5 Kill Combo §r§b+3% §r§b✯ Magic Find
01:01:04 [allowed] §aYou reeled in a Sea Archer.
01:01:07 [allowed] §aYou caught a Sea Walker.
01:01:09 [allowed] §cYour Kill Combo has expired! You reached a 6 Kill Combo!
01:01:13 [allowed] §aYou caught §7x2 §fSea Archer §aShards§a!
01:01:14 [allowed] §aThe Rider of the Deep has emerged.
01:01:17 [allowed] §aThe Rider of the Deep has emerged.
01:01:21 [allowed] §aHuh? A Catfish!
01:01:22 [allowed] §a§l+5 Kill Combo §r§b+3% §r§b✯ Magic Find
01:01:28 [allowed] §6[Sacks] §r§a+121§r§e items§r§e.§r§8 (Last 27s.)
01:01:28 [allowed] §6You used Syphon on 7 Shards!
01:01:28 [allowed] §a+1 Fisherman Attribute §r§7(Level 6) - 7 more to upgrade!
01:01:28 [allowed] §a+3 Undead Ruler Attribute §r§7(Level 2) - 1 more to upgrade!
01:01:28 [allowed] §a+3 Monster Bait Attribute §r§7(Level 6) - 6 more to upgrade!
01:01:28 [allowed] §3§l▬▬▬▬▬▬▬▬▬▬▬▬▬▬▬▬▬▬▬▬▬▬▬▬▬▬▬▬▬▬▬▬▬▬▬▬▬▬▬▬▬▬▬▬▬▬▬▬▬▬▬▬▬▬▬▬▬▬▬▬▬▬▬▬
01:01:28 [allowed]   §r§b§lATTRIBUTE LEVEL UP
01:01:28 [allowed] 
01:01:28 [allowed]   §r§6Undead Ruler §8I➜§3II
01:01:28 [allowed] 
01:01:28 [allowed]   §r§a§lREWARDS
01:01:28 [allowed]     §r§7§8+§b1 SkyBlock XP
01:01:28 [allowed] §3§l▬▬▬▬▬▬▬▬▬▬▬▬▬▬▬▬▬▬▬▬▬▬▬▬▬▬▬▬▬▬▬▬▬▬▬▬▬▬▬▬▬▬▬▬▬▬▬▬▬▬▬▬▬▬▬▬▬▬▬▬▬▬▬▬
01:01:29 [allowed] §cYour Kill Combo has expired! You reached a 5 Kill Combo!
01:01:44 [allowed] §6[Bazaar] §r§7Putting goods in escrow...
01:01:44 [allowed] §6[Bazaar] §r§7Submitting buy order...
01:01:44 [allowed] §6[Bazaar] §r§7§r§eBuy Order Setup! §r§a6§r§7x §r§fSea Archer §r§7for §r§6973,729 coins§r§7.
01:01:57 [allowed] §aYou earned §r§2681 GEXP §r§afrom playing SkyBlock!
01:02:19 [allowed] §f §r§r§r§f §r§r§r§1 §r§r§r§0 §r§r§r§2 §r§r§r§f §r§r§r§f §r§r§r§2 §r§r§r§0 §r§r§r§4 §r§r§r§3 §r§r§r§9 §r§r§r§2 §r§r§r§0 §r§r§r§0 §r§r§r§3 §r§r§r§9 §r§r§r§2 §r§r§r§0 §r§r§r§0 §r§r§r§3 §r§r§r§9 §r§r§r§2 §r§r§r§0 §r§r§r§0 
01:02:19 [allowed] §b[MVP§6+§b] KobesButler§f §6joined the lobby!
01:02:19 [allowed] §b[MVP§c+§b] loukacool2000§f §6joined the lobby!
01:02:19 [allowed] §aYou have §b1 §aunclaimed leveling reward!
01:02:19 [allowed] §eClick here to view it!
01:02:19 [allowed] §b[MVP§f+§b] specialnon§f §6joined the lobby!
01:02:21 [allowed]   §r§f§l➤ §r§6You have reached your Hype limit! Add Hype to Prototype Lobby minigames by right-clicking with the Hype Diamond!
01:02:21 [allowed] §7Sending to server mini160CH...
01:02:23 [allowed] §8 §r§8 §r§1 §r§3 §r§3 §r§7 §r§8 
01:02:23 [allowed]  
01:02:23 [allowed] §f       §7You have §37 §7pending §3Bestiary Milestones §7to be claimed!
01:02:23 [allowed] §f                  §6§l>>> §6§lCLICK HERE§e to claim them! §6§l<<<
01:02:23 [allowed]   
01:02:24 [allowed] 
01:02:24 [allowed] §eWelcome to §r§aHypixel SkyBlock§r§e!
01:02:24 [allowed] 
01:02:24 [allowed] §eLatest update: §bSkyBlock v0.23 §e§lCLICK
01:02:25 [allowed] §aYou are playing on profile: §eRaspberry§b (Co-op)
01:02:25 [allowed] §8Profile ID: 4ef1bd42-ec32-42d4-afba-b766eacde1e7
01:02:26 [allowed]  
01:02:38 [allowed] §b§m--------------§r§f  §r§aGuild: Message Of The Day  §r§b§m--------------
01:02:38 [allowed] §b| §r§eFriend request from §r§d[PIG§r§b+++§r§d] Technoblade
01:02:38 [allowed] §b| §r§a§l[ACCEPT] §r§8- §r§c§l[DENY] §r§8- §r§7§l[IGNORE]
01:02:38 [allowed] §b§m-----------------------------------------------------
01:02:38 [allowed] §aYou are still radiating with §bGenerosity§r§a!
01:02:38 [allowed] §f §r§r§r§f §r§r§r§1 §r§r§r§0 §r§r§r§2 §r§r§r§f §r§r§r§f §r§r§r§2 §r§r§r§0 §r§r§r§4 §r§r§r§3 §r§r§r§9 §r§r§r§2 §r§r§r§0 §r§r§r§0 §r§r§r§3 §r§r§r§9 §r§r§r§2 §r§r§r§0 §r§r§r§0 §r§r§r§3 §r§r§r§9 §r§r§r§2 §r§r§r§0 §r§r§r§0 
01:02:38 [allowed] §b[MVP§0+§b] KobeAim§f §6joined the lobby!
01:02:40 [allowed]   §r§f§l➤ §r§6You have reached your Hype limit! Add Hype to Prototype Lobby minigames by right-clicking with the Hype Diamond!
01:02:41 [allowed] §7Sending to server mini4P...
01:02:42 [allowed] §8 §r§8 §r§1 §r§3 §r§3 §r§7 §r§8 
01:02:42 [allowed]  
01:02:42 [allowed] §f      §7You have §320 §7pending §3Bestiary Milestones §7to be claimed!
01:02:42 [allowed] §f                  §6§l>>> §6§lCLICK HERE§e to claim them! §6§l<<<
01:02:42 [allowed]   
01:02:44 [allowed] 
01:02:44 [allowed] §eWelcome to §r§aHypixel SkyBlock§r§e!
01:02:44 [allowed] 
01:02:44 [allowed] §eLatest update: §bSkyBlock v0.23 §e§lCLICK
01:02:44 [allowed] §aYou are playing on profile: §eCoconut§b (Co-op)
01:02:44 [allowed] §8Profile ID: 4ef1bd42-ec32-42d4-afba-b766eacde1e7
01:02:51 [allowed] 
01:02:51 [allowed] §6§k§lA§r §c§lFIRE SALE §r§6§k§lA
§r§c♨ §eSelling an item for a limited time!
§r§c   ♨ §5Gateway Endermite Skin §e(§a4,152 left§e)§c§r
§r§c♨ §a§l[WARP] §eTo Elizabeth in the next §c3d 16h 57m §eto grab yours!
01:02:51 [allowed] 
01:02:52 [allowed] §cThere are blocks in the way!
01:03:50 [allowed] §7Warping you to your SkyBlock island...
01:03:50 [allowed] §7Sending to server mini155AD...
01:03:52 [allowed] §8 §r§8 §r§1 §r§3 §r§3 §r§7 §r§8 
01:03:52 [allowed]  
01:03:52 [allowed] §f      §7You have §320 §7pending §3Bestiary Milestones §7to be claimed!
01:03:52 [allowed] §f                  §6§l>>> §6§lCLICK HERE§e to claim them! §6§l<<<
01:03:52 [allowed]   
01:03:54 [allowed] §aYou are playing on profile: §eCoconut§b (Co-op)
01:03:54 [allowed] §8Profile ID: 4ef1bd42-ec32-42d4-afba-b766eacde1e7
01:03:59 [allowed]  §b§l» §6BlazeKickers §eis traveling to §aPrivate Island §e§lFOLLOW
01:05:36 [allowed] §cAutopet §eequipped your §7[Lvl 100] §dBat§e! §a§lVIEW RULE
01:05:50 [allowed] §6[Bazaar] §r§7Executing instant buy...
01:05:50 [allowed] §6[Bazaar] §r§7Bought §r§a1§r§7x §r§5Power Crystal §r§7for §r§6602,233 coins§r§7!
01:05:55 [allowed] §b-----------------------------------------------------
01:05:55 [allowed] §b[MVP§r§0+§r§b] KobeAim §r§ahas set the beacon profile stat to §r§3+5α Sea Creature Chance§r§a.
01:05:55 [allowed] §b-----------------------------------------------------
01:05:57 [allowed]  §b§l» §6BlazeKickers §eis traveling to §aHub §e§lFOLLOW
01:06:01 [allowed] §bBlazeKickers joined SkyBlock.
01:06:20 [allowed] §7Warping...
01:06:20 [allowed] §7Sending to server mini61D...
01:06:21 [allowed] §8 §r§8 §r§1 §r§3 §r§3 §r§7 §r§8 
01:06:22 [allowed]  
01:06:22 [allowed] §f      §7You have §320 §7pending §3Bestiary Milestones §7to be claimed!
01:06:22 [allowed] §f                  §6§l>>> §6§lCLICK HERE§e to claim them! §6§l<<<
01:06:22 [allowed]   
01:06:24 [allowed] §cYou may only use this command after 4s on the server!
01:06:24 [allowed] §aYou are playing on profile: §eCoconut§b (Co-op)
01:06:24 [allowed] §8Profile ID: 4ef1bd42-ec32-42d4-afba-b766eacde1e7
01:06:29 [allowed] §a§aYou tipped 20 players in 15 different games!
01:06:47 [allowed] §7Putting coins in escrow...
01:06:47 [allowed] §7Processing purchase...
01:06:47 [allowed] §eYou purchased §r§f§r§f§r§cAccessory Enrichment Swapper §r§efor §r§6254,000 coins§r§e!
01:06:47 [allowed] §7Claiming BIN auction...
01:06:47 [allowed] §eYou claimed §r§f§r§cAccessory Enrichment Swapper §r§efrom §r§b[MVP§r§a+§r§b] Smakos§r§e's auction!
01:06:51 [allowed] §aSwapped §r§e12 §r§aenrichments to Sea Creature Chance!
01:07:32 [allowed] §6[Bazaar] §r§7Claiming order...
01:07:32 [allowed] §6[Bazaar] §r§7§r§7Claimed §r§614,636,157 coins §r§7from selling §r§a1§r§7x §r§5First Master Star §r§7at §r§614,783,997 §r§7each!
01:07:38 [allowed] §6[Bazaar] §r§7Cancelling order...
01:07:38 [allowed] §6[Bazaar] §r§7§r§cCancelled! §r§7Refunded §r§a2§r§7x §r§6Magma Lord Fragment §r§7from cancelling Sell Offer!
01:07:58 [allowed] §cThere are blocks in the way!
01:07:59 [allowed] §cThere are blocks in the way!
01:08:36 [allowed] §8[§r§d347§r§8] §r§b♔ §r§b[MVP§f+§b] 8ladee§f§r§f: w macro daddyStop1
01:08:43 [allowed] §aYou are now in the §r§6SKYBLOCK CO-OP§r§a channel
01:08:44 [allowed] §bCo-op > §b[MVP§0+§b] KobeAim§f: §richy
01:08:49 [allowed] §bCo-op > §b[MVP§0+§b] KobeAim§f: §richth
01:08:56 [allowed] §cThere are blocks in the way!
01:08:57 [allowed] §cThere are blocks in the way!
01:08:59 [allowed] §cThere are blocks in the way!
01:09:00 [allowed] §cThere are blocks in the way!
01:09:12 [allowed] §cThere are blocks in the way!
01:09:13 [allowed] §aYou earned §r§2231 GEXP §r§afrom playing SkyBlock!
01:09:14 [allowed] §cThere are blocks in the way!
01:09:15 [allowed] §cThere are blocks in the way!
01:09:55 [allowed] §6[Bazaar] §r§7Putting goods in escrow...
01:09:55 [allowed] §6[Bazaar] §r§7Submitting buy order...
01:09:55 [allowed] §6[Bazaar] §r§7§r§eBuy Order Setup! §r§a3§r§7x §r§5Lava Shell §r§7for §r§6900,008 coins§r§7.
01:10:06 [allowed] §eMaxed the Supercraft to §r§b51x crafts§r§e!
01:10:06 [allowed] §eYou Supercrafted §r§r§r§5Silver Magmafish §r§8x51§r§e!
01:10:12 [allowed] §6[Sacks] §r§a+51§r§e items§r§e, §r§c-4,080§r§e items§r§e.§r§8 (Last 5s.)
01:10:15 [allowed] §eMaxed the Supercraft to §r§b22x crafts§r§e!
01:10:16 [allowed] §eYou Supercrafted §r§r§r§6Gold Magmafish §r§8x22§r§e!
01:10:21 [allowed] §6[Sacks] §r§a+22§r§e items§r§e, §r§c-1,760§r§e items§r§e.§r§8 (Last 5s.)
01:10:23 [allowed] §cYou may not edit the number of crafts for this recipe!
01:10:24 [allowed] §eYou Supercrafted §r§r§r§dDiamond Magmafish§r§e!
01:10:29 [allowed] §6[Sacks] §r§c-20§r§e items§r§e.§r§8 (Last 5s.)
01:10:51 [allowed] §6[Bazaar] §r§7Putting goods in escrow...
01:10:52 [allowed] §6[Bazaar] §r§7Submitting buy order...
01:10:52 [allowed] §6[Bazaar] §r§7§r§eBuy Order Setup! §r§a20§r§7x §r§6Gold Magmafish §r§7for §r§67,566,480 coins§r§7.
01:11:09 [allowed] §7Warping you to your SkyBlock island...
01:11:10 [allowed] §7Sending to server mini1013T...
01:11:12 [allowed] §8 §r§8 §r§1 §r§3 §r§3 §r§7 §r§8 
01:11:13 [allowed]  §b§l» §6BlazeKickers §eis traveling to §aPrivate Island §e§lFOLLOW
01:11:17 [allowed]  
01:11:17 [allowed] §f      §7You have §320 §7pending §3Bestiary Milestones §7to be claimed!
01:11:17 [allowed] §f                  §6§l>>> §6§lCLICK HERE§e to claim them! §6§l<<<
01:11:17 [allowed]   
01:11:23 [allowed] §aYou are playing on profile: §eCoconut§b (Co-op)
01:11:23 [allowed] §8Profile ID: 4ef1bd42-ec32-42d4-afba-b766eacde1e7
01:12:36 [allowed]  §b§l» §6BlazeKickers §eis traveling to §aHub §e§lFOLLOW
01:12:40 [allowed] §bBlazeKickers joined SkyBlock.
01:12:42 [allowed] §7Warping...
01:12:42 [allowed] §7Sending to server mini20V...
01:12:43 [allowed] §8 §r§8 §r§1 §r§3 §r§3 §r§7 §r§8 
01:12:43 [allowed]  
01:12:43 [allowed] §f      §7You have §320 §7pending §3Bestiary Milestones §7to be claimed!
01:12:43 [allowed] §f                  §6§l>>> §6§lCLICK HERE§e to claim them! §6§l<<<
01:12:43 [allowed]   
01:12:45 [allowed] §aYou are playing on profile: §eCoconut§b (Co-op)
01:12:45 [allowed] §8Profile ID: 4ef1bd42-ec32-42d4-afba-b766eacde1e7
01:13:26 [allowed] 
01:13:26 [allowed] §6§k§lA§r §c§lFIRE SALE §r§6§k§lA
§r§c♨ §eSelling an item for a limited time!
§r§c   ♨ §5Gateway Endermite Skin §e(§a4,133 left§e)§c§r
§r§c♨ §a§l[WARP] §eTo Elizabeth in the next §c3d 16h 46m §eto grab yours!
01:13:26 [allowed] 
01:13:39 [allowed] §7Putting coins in escrow...
01:13:39 [allowed] §7Processing purchase...
01:13:39 [allowed] §eYou purchased §r§f§r§f§r§cAccessory Enrichment Swapper §r§efor §r§6250,000 coins§r§e!
01:13:39 [allowed] §7Claiming BIN auction...
01:13:39 [allowed] §eYou claimed §r§f§r§cAccessory Enrichment Swapper §r§efrom §r§b[MVP§r§9+§r§b] SilverGamez_3§r§e's auction!
01:13:45 [allowed] §aSwapped §r§e1 §r§aenrichments to Sea Creature Chance!
01:14:06 [allowed] §cYou cannot put this item in the Accessory Bag!
01:14:18 [allowed] §cUnknown destination! Check the Fast Travel menu to view options!
01:14:26 [allowed] §7Warping...
01:14:37 [allowed] §aYou retrieved your §r§6Shark Scale Armor §r§afrom the §r§3Museum§r§a!
01:14:37 [allowed] §7It still counts towards your §r§3Museum§r§7 progress, but not towards your §r§6total item value§r§7.
01:14:51 [allowed] §7Warping you to your SkyBlock island...
01:14:51 [allowed] §7Sending to server mini190AU...
01:14:53 [allowed] §8 §r§8 §r§1 §r§3 §r§3 §r§7 §r§8 
01:14:53 [allowed]  
01:14:53 [allowed] §f      §7You have §320 §7pending §3Bestiary Milestones §7to be claimed!
01:14:53 [allowed] §f                  §6§l>>> §6§lCLICK HERE§e to claim them! §6§l<<<
01:14:53 [allowed]   
01:14:55 [allowed] §aYou are playing on profile: §eCoconut§b (Co-op)
01:14:55 [allowed] §8Profile ID: 4ef1bd42-ec32-42d4-afba-b766eacde1e7
01:15:31 [allowed] §6[Bazaar] §r§7Claiming order...
01:15:32 [allowed] §6[Bazaar] §r§7§r§7Claimed §r§a4§r§7x §r§6Gold Magmafish §r§7worth §r§61,513,296 coins §r§7bought for §r§6378,324 §r§7each!
01:15:33 [allowed] §6[Bazaar] §r§7Cancelling order...
01:15:33 [allowed] §6[Bazaar] §r§7§r§cCancelled! §r§7Refunded §r§66,053,184 coins §r§7from cancelling Buy Order!
01:15:43 [allowed] §6[Bazaar] §r§7Putting goods in escrow...
01:15:43 [allowed] §6[Bazaar] §r§7Submitting buy order...
01:15:43 [allowed] §6[Bazaar] §r§7§r§eBuy Order Setup! §r§a16§r§7x §r§6Gold Magmafish §r§7for §r§66,053,184 coins§r§7.
01:15:52 [allowed] §6[Sacks] §r§a+4§r§e items§r§e.§r§8 (Last 5s.)
01:16:04 [allowed]  §b§l» §6BlazeKickers §eis traveling to §aPrivate Island §e§lFOLLOW
01:16:19 [allowed] §6[Bazaar] §r§7Cancelling order...
01:16:20 [allowed] §6[Bazaar] §r§7§r§cCancelled! §r§7Refunded §r§a2§r§7x §r§d§lLast Stand I §r§7from cancelling Sell Offer!
01:16:22 [allowed] §6[Bazaar] §r§7Putting goods in escrow...
01:16:22 [allowed] §6[Bazaar] §r§7Submitting sell offer...
01:16:22 [allowed] §6[Bazaar] §r§7§r§eSell Offer Setup! §r§a2§r§7x §r§d§lLast Stand I §r§7for §r§6421,036 coins§r§7.
01:16:26 [allowed] §6[Bazaar] §r§7Claiming order...
01:16:26 [allowed] §6[Bazaar] §r§7§r§7Claimed §r§a1§r§7x §r§fSea Archer §r§7worth §r§6162,288 coins §r§7bought for §r§6162,288 §r§7each!
01:16:27 [allowed] §7You sent §aa §fSea Archer Shard §7to your §aHunting Box§7.
01:16:30 [allowed] §6[Bazaar] §r§7Cancelling order...
01:16:30 [allowed] §6[Bazaar] §r§7§r§cCancelled! §r§7Refunded §r§6811,441 coins §r§7from cancelling Buy Order!
01:16:37 [allowed] §6[Bazaar] §r§7Putting goods in escrow...
01:16:37 [allowed] §6[Bazaar] §r§7Submitting buy order...
01:16:37 [allowed] §6[Bazaar] §r§7§r§eBuy Order Setup! §r§a5§r§7x §r§fSea Archer §r§7for §r§6811,444 coins§r§7.
01:16:44 [allowed] §6[Bazaar] §r§7Cancelling order...
01:16:44 [allowed] §6[Bazaar] §r§7§r§cCancelled! §r§7Refunded §r§6900,008 coins §r§7from cancelling Buy Order!
01:16:50 [allowed] §6[Bazaar] §r§7Putting goods in escrow...
01:16:50 [allowed] §6[Bazaar] §r§7Submitting buy order...
01:16:50 [allowed] §6[Bazaar] §r§7§r§eBuy Order Setup! §r§a3§r§7x §r§5Lava Shell §r§7for §r§6900,008 coins§r§7.
01:17:22 [allowed] §cThere are blocks in the way!
01:17:23 [allowed] §cThere are blocks in the way!
01:17:38 [allowed] §cThere are blocks in the way!
01:17:38 [allowed] §cThere are blocks in the way!
01:17:39 [allowed] §cThere are blocks in the way!
01:17:49 [allowed]  §b§l» §6BlazeKickers §eis traveling to §aHub §e§lFOLLOW
01:17:55 [allowed] §6[Bazaar] §r§7Claiming order...
01:17:55 [allowed] §6[Bazaar] §r§7§r§7Claimed §r§a2§r§7x §r§fSea Archer §r§7worth §r§6324,577 coins §r§7bought for §r§6162,289 §r§7each!
01:17:56 [allowed] §7You sent §a2 §fSea Archer Shards §7to your §aHunting Box§7.
01:18:04 [allowed] §6[Bazaar] §r§7Cancelling order...
01:18:04 [allowed] §6[Bazaar] §r§7§r§cCancelled! §r§7Refunded §r§66,053,184 coins §r§7from cancelling Buy Order!
01:18:14 [allowed] §6[Bazaar] §r§7Putting goods in escrow...
01:18:14 [allowed] §6[Bazaar] §r§7Submitting buy order...
01:18:14 [allowed] §6[Bazaar] §r§7§r§eBuy Order Setup! §r§a2,560§r§7x §r§5Silver Magmafish §r§7for §r§610,582,016 coins§r§7.
01:18:20 [allowed] §6[Bazaar] §r§7Cancelling order...
01:18:20 [allowed] §6[Bazaar] §r§7§r§cCancelled! §r§7Refunded §r§610,582,016 coins §r§7from cancelling Buy Order!
01:18:29 [allowed] §6[Bazaar] §eYour §aBuy Order §efor §a5§7x §fSea Archer §ewas filled!
01:18:33 [allowed] §6[Bazaar] §r§7Putting goods in escrow...
01:18:33 [allowed] §6[Bazaar] §r§7Submitting buy order...
01:18:33 [allowed] §6[Bazaar] §r§7§r§eBuy Order Setup! §r§a14§r§7x §r§6Gold Magmafish §r§7for §r§65,296,539 coins§r§7.
01:18:36 [allowed] §6[Bazaar] §r§7Claiming order...
01:18:36 [allowed] §6[Bazaar] §r§7§r§7Claimed §r§a3§r§7x §r§fSea Archer §r§7worth §r§6486,866 coins §r§7bought for §r§6162,289 §r§7each!
01:18:37 [allowed] §7You sent §a3 §fSea Archer Shards §7to your §aHunting Box§7.
01:18:41 [allowed] §6You used Syphon on 6 Shards!
01:18:41 [allowed] §a+6 Monster Bait Attribute §r§7(Level 7) - 14 more to upgrade!
01:18:41 [allowed] §3§l▬▬▬▬▬▬▬▬▬▬▬▬▬▬▬▬▬▬▬▬▬▬▬▬▬▬▬▬▬▬▬▬▬▬▬▬▬▬▬▬▬▬▬▬▬▬▬▬▬▬▬▬▬▬▬▬▬▬▬▬▬▬▬▬
01:18:41 [allowed]   §r§b§lATTRIBUTE LEVEL UP
01:18:41 [allowed] 
01:18:41 [allowed]   §r§6Monster Bait §8VI➜§3VII
01:18:41 [allowed] 
01:18:41 [allowed]   §r§a§lREWARDS
01:18:41 [allowed]     §r§7§8+§b1 SkyBlock XP
01:18:41 [allowed] §3§l▬▬▬▬▬▬▬▬▬▬▬▬▬▬▬▬▬▬▬▬▬▬▬▬▬▬▬▬▬▬▬▬▬▬▬▬▬▬▬▬▬▬▬▬▬▬▬▬▬▬▬▬▬▬▬▬▬▬▬▬▬▬▬▬
01:18:50 [allowed] §7Warping...
01:18:51 [allowed] §7Sending to server mini197BR...
01:18:52 [allowed] §8 §r§8 §r§1 §r§3 §r§3 §r§7 §r§8 
01:18:52 [allowed]  
01:18:52 [allowed] §f      §7You have §320 §7pending §3Bestiary Milestones §7to be claimed!
01:18:52 [allowed] §f                  §6§l>>> §6§lCLICK HERE§e to claim them! §6§l<<<
01:18:52 [allowed]   
01:18:54 [allowed] §aYou claimed §r§85x §r§5Stock of Stonks §r§afrom the §r§dStonks Auction§r§a!
01:18:54 [allowed] §aYou are playing on profile: §eCoconut§b (Co-op)
01:18:54 [allowed] §8Profile ID: 4ef1bd42-ec32-42d4-afba-b766eacde1e7
01:18:58 [allowed] §7Placing your bid...
01:18:58 [allowed] §aSuccessfully placed your Stonk bid of §r§63,100,000 Coins§r§a!
01:19:00 [allowed] §aYou bought §r§9Freshly-Minted Coins§r§a!
01:19:00 [allowed] §aYou bought §r§9Freshly-Minted Coins§r§a!
01:19:01 [allowed] §aYou bought §r§9Freshly-Minted Coins§r§a!
01:19:08 [allowed] §aYou bought §r§5Golden Fragment§r§a!
01:20:39 [allowed] §eYou Supercrafted §r§r§r§fTalisman of Coins§r§e!
01:20:45 [allowed] §6[Sacks] §r§c-25§r§e items§r§e.§r§8 (Last 5s.)
01:20:56 [allowed] §7Putting item in escrow...
01:20:56 [allowed] §7Setting up the auction...
01:20:56 [allowed] §b-----------------------------------------------------
01:20:56 [allowed] §b[MVP§r§0+§r§b] KobeAim§r§f §r§ecreated a BIN auction for §r§aRing of Coins §r§eat §r§69,999,999 coins!
01:20:56 [allowed] §b-----------------------------------------------------
01:20:56 [allowed] §eBIN Auction started for §r§f§r§aRing of Coins§r§e!
01:21:13 [allowed] §6[Bazaar] §r§7Claiming order...
01:21:13 [allowed] §6[Bazaar] §r§7§r§7Claimed §r§a1§r§7x §r§5Lava Shell §r§7worth §r§6300,003 coins §r§7bought for §r§6300,003 §r§7each!
01:21:22 [allowed] §6[Sacks] §r§a+1§r§e item§r§e.§r§8 (Last 5s.)
01:21:30 [allowed] §a§aYou tipped 7 players in 4 different games!
01:21:34 [allowed] §7Warping you to your SkyBlock island...
01:21:34 [allowed] §7Sending to server mini146BW...
01:21:36 [allowed] §8 §r§8 §r§1 §r§3 §r§3 §r§7 §r§8 
01:21:36 [allowed]  
01:21:36 [allowed] §f      §7You have §320 §7pending §3Bestiary Milestones §7to be claimed!
01:21:36 [allowed] §f                  §6§l>>> §6§lCLICK HERE§e to claim them! §6§l<<<
01:21:36 [allowed]   
01:21:38 [allowed] §aYou are playing on profile: §eCoconut§b (Co-op)
01:21:38 [allowed] §8Profile ID: 4ef1bd42-ec32-42d4-afba-b766eacde1e7
01:22:01 [allowed] §cThere are blocks in the way!
01:22:04 [allowed] §cThere are blocks in the way!
01:22:15 [allowed] §6[Bazaar] §r§7Putting goods in escrow...
01:22:15 [allowed] §6[Bazaar] §r§7Submitting buy order...
01:22:15 [allowed] §6[Bazaar] §r§7§r§eBuy Order Setup! §r§a4§r§7x §r§5Dragon Horn §r§7for §r§644,610,793 coins§r§7.
01:22:31 [allowed] §6[Bazaar] §r§7Cancelling order...
01:22:31 [allowed] §6[Bazaar] §r§7§r§cCancelled! §r§7Refunded §r§644,610,793 coins §r§7from cancelling Buy Order!
01:22:43 [allowed] §6[Bazaar] §r§7Putting goods in escrow...
01:22:43 [allowed] §6[Bazaar] §r§7Submitting buy order...
01:22:43 [allowed] §6[Bazaar] §r§7§r§eBuy Order Setup! §r§a4§r§7x §r§5Dragon Horn §r§7for §r§644,610,793 coins§r§7.
01:22:45 [allowed] §cThere are blocks in the way!
01:22:51 [allowed] §cThere are blocks in the way!
01:22:58 [allowed] §cThere are blocks in the way!
01:23:20 [allowed] §6[Bazaar] §r§7Cancelling order...
01:23:20 [allowed] §6[Bazaar] §r§7§r§cCancelled! §r§7Refunded §r§644,610,793 coins §r§7from cancelling Buy Order!
01:23:33 [allowed] §6[Sacks] §r§a+31§r§e items§r§e.§r§8 (Last 15s.)
