20:53:47 THE_END
20:56:07 NONE
20:56:07 HUB
20:56:29 NONE
20:56:29 HUB
20:57:51 NONE
20:57:51 PRIVATE_ISLAND_GUEST
20:58:07 NONE
20:58:08 HUB
20:58:14 NONE
20:58:14 HUB
22:37:24 NONE
22:37:24 HUB
22:37:35 HUB
23:17:51 NONE
23:17:51 PRIVATE_ISLAND
23:21:14 NONE
23:21:15 HUB
23:23:52 NONE
23:23:52 THE_END
23:25:42 NONE
23:25:42 HUB
23:25:48 NONE
23:25:49 THE_END
23:31:38 NONE
23:31:38 HUB
23:31:42 NONE
23:31:43 THE_END
23:34:46 NONE
23:34:47 PRIVATE_ISLAND
23:34:52 NONE
23:34:53 THE_RIFT
23:35:29 NONE
23:35:29 PRIVATE_ISLAND_GUEST
23:35:42 NONE
23:35:42 DWARVEN_MINES
23:36:37 NONE
23:36:38 GARDEN
23:38:52 NONE
23:38:52 THE_END
23:39:08 NONE
23:39:08 THE_END
23:39:47 NONE
23:39:47 PRIVATE_ISLAND_GUEST
23:40:12 NONE
23:40:12 THE_END
00:03:47 NONE
00:03:48 HUB
00:06:27 THE_END
00:34:15 PRIVATE_ISLAND
00:36:43 NONE
00:36:44 HUB
00:41:59 NONE
00:41:59 THE_END
00:42:16 NONE
00:42:16 THE_END
00:54:08 NONE
00:54:09 CRIMSON_ISLE
00:55:22 NONE
00:55:22 THE_END
00:55:52 NONE
00:55:52 THE_END
02:23:24 NONE
02:23:24 THE_RIFT
02:23:52 NONE
02:23:53 HUB
02:29:45 NONE
02:29:46 THE_END
02:59:23 CRIMSON_ISLE
03:00:31 NONE
03:00:31 PRIVATE_ISLAND_GUEST
03:00:44 NONE
03:00:44 DEEP_CAVERNS
03:04:01 NONE
03:04:01 DWARVEN_MINES
03:05:26 NONE
03:05:26 HUB
03:08:02 NONE
03:08:02 DUNGEON_HUB
03:10:35 NONE
03:10:36 CRIMSON_ISLE
03:12:35 NONE
03:12:36 HUB
03:14:17 NONE
03:14:18 CRIMSON_ISLE
03:22:02 DUNGEON_HUB
03:23:45 NONE
03:23:46 CATACOMBS
03:26:24 NONE
03:26:24 DUNGEON_HUB
03:27:04 CATACOMBS
03:30:01 NONE
03:30:01 CATACOMBS
03:30:32 NONE
03:30:32 DUNGEON_HUB
03:30:44 NONE
03:30:44 CATACOMBS
03:32:45 DUNGEON_HUB
03:33:03 CATACOMBS
03:33:29 NONE
03:33:29 DUNGEON_HUB
03:33:50 NONE
03:33:50 CATACOMBS
03:34:02 NONE
03:34:03 DUNGEON_HUB
03:34:45 NONE
03:34:45 CATACOMBS
03:34:49 NONE
03:34:49 DUNGEON_HUB
03:35:48 NONE
03:35:48 CATACOMBS
03:38:07 NONE
03:38:07 DUNGEON_HUB
03:38:16 NONE
03:38:16 CATACOMBS
03:39:01 NONE
03:39:01 DUNGEON_HUB
03:39:22 NONE
03:39:22 CATACOMBS
03:39:30 NONE
03:39:31 DUNGEON_HUB
03:40:02 NONE
03:40:02 CATACOMBS
03:40:10 NONE
03:40:10 DUNGEON_HUB
03:40:59 NONE
03:41:00 CATACOMBS
03:43:12 NONE
03:43:12 DUNGEON_HUB
03:43:20 NONE
03:43:21 CATACOMBS
03:44:59 NONE
03:45:00 DUNGEON_HUB
03:45:11 NONE
03:45:12 CATACOMBS
03:45:17 NONE
03:45:17 DUNGEON_HUB
03:45:46 HUB
03:45:51 NONE
03:45:51 DUNGEON_HUB
03:46:00 NONE
03:46:00 CATACOMBS
03:46:06 NONE
03:46:06 DUNGEON_HUB
03:46:33 NONE
03:46:33 HUB
03:46:53 NONE
03:46:53 CATACOMBS
03:49:11 NONE
03:49:11 DUNGEON_HUB
03:50:45 NONE
03:50:45 HUB
03:50:52 NONE
03:50:52 DUNGEON_HUB
03:51:04 NONE
03:51:05 CATACOMBS
03:51:11 NONE
03:51:11 DUNGEON_HUB
03:51:47 NONE
03:51:47 HUB
03:51:55 NONE
03:51:55 DUNGEON_HUB
03:52:04 NONE
03:52:04 CATACOMBS
03:52:09 NONE
03:52:09 DUNGEON_HUB
03:52:19 HUB
03:52:22 NONE
03:52:23 DUNGEON_HUB
03:52:46 NONE
03:52:46 HUB
03:52:52 NONE
03:52:53 DUNGEON_HUB
03:53:03 NONE
03:53:03 CATACOMBS
03:53:09 NONE
03:53:09 DUNGEON_HUB
03:53:19 NONE
03:53:20 HUB
03:53:23 NONE
03:53:23 DUNGEON_HUB
03:53:34 NONE
03:53:34 CATACOMBS
03:58:24 NONE
03:58:24 DUNGEON_HUB
03:59:45 NONE
03:59:45 CRIMSON_ISLE
03:59:53 NONE
03:59:53 CRIMSON_ISLE
04:00:39 NONE
04:00:39 DUNGEON_HUB
04:00:50 NONE
04:00:50 CATACOMBS
04:01:23 NONE
04:01:23 CATACOMBS
