20:55:12 
20:55:12 blocked link because:
20:55:12 isNotInSignAndOnSlot
20:55:12 
20:55:13 allowed click
20:55:13 allowed click
20:55:13 allowed click
20:55:13 allowed click
20:55:13 allowed click
20:55:13 allowed click
20:55:13 allowed click
20:55:13 allowed click
20:55:13 allowed click
20:55:13 allowed click
20:55:13 allowed click
20:55:13 allowed click
20:55:13 allowed click
20:55:13 allowed click
20:55:13 allowed click
20:55:13 allowed click
20:55:13 allowed click
20:55:13 allowed click
20:55:13 allowed click
20:55:13 allowed click
20:55:13 allowed click
20:55:13 allowed click
20:55:13 allowed click
20:55:13 allowed click
20:55:14 allowed click
20:55:14 allowed click
20:55:14 allowed click
20:55:14 allowed click
20:55:14 allowed click
20:55:14 allowed click
20:55:14 allowed click
20:55:14 allowed click
20:55:14 allowed click
20:55:14 allowed click
20:55:14 allowed click
20:55:14 allowed click
20:55:14 allowed click
20:55:14 allowed click
20:55:14 allowed click
20:55:14 allowed click
20:55:14 allowed click
20:55:14 allowed click
20:55:14 allowed click
20:55:14 allowed click
20:55:14 allowed click
20:55:14 allowed click
20:55:14 allowed click
20:55:14 allowed click
20:55:14 allowed click
20:55:14 allowed click
20:55:14 allowed click
20:55:14 allowed click
20:55:14 allowed click
20:55:14 allowed click
20:55:14 allowed click
20:55:14 allowed click
20:55:14 allowed click
20:55:14 allowed click
20:55:14 allowed click
20:55:14 allowed click
20:55:14 allowed click
20:55:14 allowed click
20:55:14 allowed click
20:55:14 allowed click
21:16:03 
21:16:03 blocked link because:
21:16:03 isNotInSignAndOnSlot
21:16:03 
21:16:04 allowed click
21:16:04 allowed click
21:16:04 allowed click
21:16:04 allowed click
21:16:04 allowed click
21:16:04 allowed click
21:16:04 allowed click
21:16:04 allowed click
21:16:04 allowed click
21:16:04 allowed click
21:16:04 allowed click
21:16:04 allowed click
21:16:04 allowed click
21:16:04 allowed click
21:16:04 allowed click
21:16:04 allowed click
21:16:04 allowed click
21:16:04 allowed click
21:16:04 allowed click
21:16:04 allowed click
21:16:04 allowed click
21:16:04 allowed click
21:16:04 allowed click
21:16:04 allowed click
21:16:04 allowed click
21:16:04 allowed click
21:16:04 allowed click
21:16:04 allowed click
21:16:04 allowed click
21:16:04 allowed click
21:16:04 allowed click
21:16:04 allowed click
21:16:04 allowed click
21:16:04 allowed click
21:16:04 allowed click
21:16:04 allowed click
21:16:04 allowed click
21:16:04 allowed click
21:16:04 allowed click
21:16:04 allowed click
21:16:04 allowed click
21:16:04 allowed click
21:16:04 allowed click
21:16:04 allowed click
21:16:04 allowed click
21:16:04 allowed click
21:16:04 allowed click
21:16:04 allowed click
21:16:04 allowed click
21:16:04 allowed click
21:16:04 allowed click
21:16:04 allowed click
21:16:04 allowed click
21:16:04 allowed click
21:16:04 allowed click
21:16:04 allowed click
21:16:04 allowed click
21:16:04 allowed click
21:16:04 allowed click
21:16:04 allowed click
21:16:04 allowed click
21:16:04 allowed click
21:16:04 allowed click
21:16:04 allowed click
21:16:04 allowed click
21:16:04 allowed click
21:16:04 allowed click
21:16:04 allowed click
21:16:04 allowed click
21:16:04 allowed click
21:16:04 allowed click
21:16:04 allowed click
21:16:04 allowed click
21:16:04 allowed click
21:16:04 allowed click
21:16:04 allowed click
21:16:04 allowed click
21:16:04 allowed click
21:16:04 allowed click
21:16:04 allowed click
21:16:04 allowed click
21:16:04 allowed click
21:16:04 allowed click
21:16:04 allowed click
21:16:04 allowed click
21:16:04 allowed click
21:16:04 allowed click
21:16:04 allowed click
21:16:04 allowed click
21:16:04 allowed click
21:16:04 allowed click
21:16:04 allowed click
21:16:04 allowed click
21:16:04 allowed click
21:16:04 allowed click
21:16:04 allowed click
21:16:04 allowed click
21:16:04 allowed click
21:16:04 allowed click
21:16:04 allowed click
21:16:04 allowed click
21:16:04 allowed click
21:16:04 allowed click
21:16:04 allowed click
21:16:04 allowed click
21:16:04 allowed click
21:16:04 allowed click
21:16:04 allowed click
21:16:04 allowed click
21:16:04 allowed click
21:16:04 allowed click
21:16:04 allowed click
21:16:04 allowed click
21:16:04 allowed click
21:16:04 allowed click
21:16:04 allowed click
21:16:31 allowed click
21:16:31 allowed click
21:16:31 allowed click
21:16:31 allowed click
21:16:31 allowed click
21:16:31 allowed click
21:16:31 allowed click
21:16:31 allowed click
21:16:31 allowed click
21:16:31 allowed click
21:16:31 allowed click
21:16:31 allowed click
21:16:31 allowed click
21:16:31 allowed click
21:16:31 allowed click
21:16:31 allowed click
21:16:31 allowed click
21:16:31 allowed click
21:16:31 allowed click
21:16:31 allowed click
21:16:31 allowed click
21:16:31 allowed click
21:16:31 allowed click
21:16:31 allowed click
21:16:31 allowed click
21:16:31 allowed click
21:16:31 allowed click
21:16:31 allowed click
21:16:31 allowed click
21:16:31 allowed click
21:16:31 allowed click
21:16:31 allowed click
21:16:31 allowed click
21:16:31 allowed click
21:16:31 allowed click
21:16:31 allowed click
21:16:31 allowed click
21:16:31 allowed click
21:16:31 allowed click
21:16:31 allowed click
21:16:31 allowed click
21:16:31 allowed click
21:16:31 allowed click
21:16:31 allowed click
21:16:31 allowed click
21:16:31 allowed click
21:16:31 allowed click
21:16:31 allowed click
21:16:31 allowed click
21:16:31 allowed click
21:16:31 allowed click
21:16:31 allowed click
21:16:31 allowed click
21:16:31 allowed click
21:16:31 allowed click
21:16:31 allowed click
21:16:31 allowed click
21:16:31 allowed click
21:16:31 allowed click
21:16:31 allowed click
21:16:31 allowed click
21:16:31 allowed click
21:16:31 allowed click
21:16:31 allowed click
21:16:31 allowed click
21:16:31 allowed click
21:16:31 allowed click
21:16:31 allowed click
21:16:31 allowed click
21:16:31 allowed click
21:16:31 allowed click
21:16:31 allowed click
21:16:31 allowed click
21:16:31 allowed click
21:16:31 allowed click
21:16:31 allowed click
21:16:31 allowed click
21:16:31 allowed click
21:16:31 allowed click
21:16:31 allowed click
21:16:31 allowed click
21:16:31 allowed click
21:16:31 allowed click
21:16:31 allowed click
21:16:31 allowed click
21:16:31 allowed click
21:16:31 allowed click
21:16:31 allowed click
21:16:31 allowed click
21:16:31 allowed click
21:16:31 allowed click
21:16:31 allowed click
21:16:32 allowed click
21:16:32 allowed click
21:16:32 allowed click
21:16:32 allowed click
21:16:32 allowed click
21:16:32 allowed click
21:16:32 allowed click
21:16:32 allowed click
21:16:32 allowed click
21:16:32 allowed click
21:16:32 allowed click
21:16:32 allowed click
21:16:32 allowed click
21:16:32 allowed click
21:16:32 allowed click
21:16:32 allowed click
21:16:32 allowed click
21:16:32 allowed click
21:16:32 allowed click
21:16:32 allowed click
21:16:32 allowed click
21:16:32 allowed click
21:16:32 allowed click
21:16:32 allowed click
21:16:32 allowed click
21:16:32 allowed click
21:16:32 allowed click
21:16:32 allowed click
21:16:32 allowed click
21:16:32 allowed click
21:16:32 allowed click
21:16:32 allowed click
21:16:32 allowed click
21:16:32 allowed click
21:16:32 allowed click
21:16:32 allowed click
21:16:32 allowed click
21:16:32 allowed click
21:16:32 allowed click
21:16:32 allowed click
21:16:32 allowed click
21:16:32 allowed click
21:16:32 allowed click
21:16:32 allowed click
21:16:32 allowed click
21:16:32 allowed click
21:16:32 allowed click
21:16:32 allowed click
21:16:32 allowed click
21:16:32 allowed click
21:16:32 allowed click
21:16:32 allowed click
21:16:32 allowed click
21:16:32 allowed click
21:16:32 allowed click
21:16:32 allowed click
21:16:32 allowed click
21:16:32 allowed click
21:16:32 allowed click
21:16:32 allowed click
21:16:32 allowed click
21:16:32 allowed click
21:16:32 allowed click
21:16:32 allowed click
21:16:32 allowed click
21:16:32 allowed click
21:16:32 allowed click
21:16:32 allowed click
21:16:32 allowed click
21:16:32 allowed click
21:16:32 allowed click
21:16:32 allowed click
21:16:32 allowed click
21:16:32 allowed click
21:16:32 allowed click
21:16:32 allowed click
21:16:32 allowed click
21:16:32 allowed click
21:16:32 allowed click
21:16:32 allowed click
21:16:32 allowed click
21:16:32 allowed click
21:16:32 allowed click
21:16:32 allowed click
21:16:32 allowed click
21:16:32 allowed click
21:16:32 allowed click
21:16:32 allowed click
21:16:32 allowed click
21:16:32 allowed click
21:16:32 allowed click
21:16:32 allowed click
21:16:32 allowed click
21:16:32 allowed click
21:16:32 allowed click
21:16:32 allowed click
21:16:32 allowed click
21:16:32 allowed click
21:16:32 allowed click
21:16:32 allowed click
21:16:32 allowed click
21:16:32 allowed click
21:16:32 allowed click
21:16:32 allowed click
21:16:32 allowed click
21:16:32 allowed click
21:16:32 allowed click
21:16:32 allowed click
21:16:32 allowed click
21:16:32 allowed click
21:16:32 allowed click
21:16:32 allowed click
21:16:32 allowed click
21:16:32 allowed click
21:16:32 allowed click
21:16:32 allowed click
21:16:32 allowed click
21:16:32 allowed click
21:16:32 allowed click
21:16:32 allowed click
21:16:32 allowed click
21:16:32 allowed click
21:16:32 allowed click
21:16:32 allowed click
21:16:32 allowed click
21:16:32 allowed click
21:16:32 allowed click
21:16:32 allowed click
21:16:32 allowed click
21:16:32 allowed click
21:16:32 allowed click
21:16:32 allowed click
21:16:32 allowed click
21:16:32 allowed click
21:16:32 allowed click
21:16:32 allowed click
21:16:32 allowed click
21:16:32 allowed click
21:16:32 allowed click
21:16:32 allowed click
21:16:32 allowed click
21:16:32 allowed click
21:16:32 allowed click
21:16:32 allowed click
21:48:49 
21:48:49 blocked link because:
21:48:49 isNotInSignAndOnSlot
21:48:49 
21:48:49 
21:48:49 blocked link because:
21:48:49 isNotInSignAndOnSlot
21:48:49 
21:48:49 allowed click
21:48:49 allowed click
21:48:49 allowed click
21:48:49 allowed click
21:54:05 
21:54:05 blocked link because:
21:54:05 isNotInSignAndOnSlot
21:54:05 
21:54:05 
21:54:05 blocked link because:
21:54:05 isNotInSignAndOnSlot
21:54:05 
21:54:06 allowed click
21:54:06 allowed click
21:54:06 allowed click
21:54:06 allowed click
21:54:06 allowed click
21:54:06 allowed click
21:54:06 allowed click
21:54:06 allowed click
21:54:06 allowed click
21:54:06 allowed click
21:54:06 allowed click
21:54:06 allowed click
21:54:06 allowed click
21:54:06 allowed click
21:54:06 allowed click
21:54:06 allowed click
21:54:06 allowed click
21:54:06 allowed click
21:54:06 allowed click
21:54:06 allowed click
21:54:06 allowed click
21:54:06 allowed click
21:54:06 allowed click
21:54:06 allowed click
21:54:06 allowed click
21:54:06 allowed click
21:54:06 allowed click
21:54:06 allowed click
21:54:06 allowed click
21:54:06 allowed click
21:54:06 allowed click
21:54:06 allowed click
21:54:06 allowed click
21:54:06 allowed click
21:54:06 allowed click
21:54:06 allowed click
21:54:06 allowed click
21:54:06 allowed click
21:54:06 allowed click
21:54:06 allowed click
21:54:06 allowed click
21:54:06 allowed click
21:54:06 allowed click
21:54:06 allowed click
21:54:06 allowed click
21:54:06 allowed click
21:54:06 allowed click
21:54:06 allowed click
21:54:06 allowed click
21:54:06 allowed click
21:54:06 allowed click
21:54:06 allowed click
21:54:06 allowed click
21:54:06 allowed click
21:54:06 allowed click
21:54:06 allowed click
21:54:06 allowed click
21:54:06 allowed click
21:54:06 allowed click
21:54:06 allowed click
21:54:06 allowed click
21:54:06 allowed click
21:54:06 allowed click
21:54:06 allowed click
21:54:06 allowed click
21:54:06 allowed click
21:54:06 allowed click
21:54:06 allowed click
21:54:06 allowed click
21:54:06 allowed click
21:54:06 allowed click
21:54:06 allowed click
21:54:06 allowed click
21:54:06 allowed click
21:54:06 allowed click
21:54:06 allowed click
21:54:06 allowed click
21:54:06 allowed click
21:54:06 allowed click
21:54:06 allowed click
21:54:06 allowed click
21:54:06 allowed click
21:54:06 allowed click
21:54:06 allowed click
21:54:06 allowed click
21:54:06 allowed click
21:54:06 allowed click
21:54:06 allowed click
21:54:06 allowed click
21:54:06 allowed click
21:54:06 allowed click
21:54:06 allowed click
21:54:06 allowed click
21:54:06 allowed click
21:54:06 allowed click
21:54:06 allowed click
21:54:06 allowed click
21:54:06 allowed click
21:54:06 allowed click
21:54:06 allowed click
21:54:06 allowed click
21:54:06 allowed click
21:54:06 allowed click
21:54:06 allowed click
21:54:06 allowed click
21:54:06 allowed click
21:54:06 allowed click
21:54:06 allowed click
21:54:06 allowed click
21:54:06 allowed click
21:54:06 allowed click
21:54:06 allowed click
21:54:06 allowed click
21:54:06 allowed click
21:54:06 allowed click
21:54:06 allowed click
21:54:06 allowed click
21:54:06 allowed click
21:54:06 allowed click
21:54:06 allowed click
21:54:06 allowed click
21:54:06 allowed click
21:54:06 allowed click
21:54:06 allowed click
21:54:06 allowed click
21:54:06 allowed click
21:54:06 allowed click
21:54:06 allowed click
21:54:06 allowed click
21:54:06 allowed click
21:54:06 allowed click
21:54:06 allowed click
21:54:06 allowed click
21:54:06 allowed click
21:54:06 allowed click
21:54:06 allowed click
21:54:06 allowed click
21:54:06 allowed click
21:54:06 allowed click
21:54:06 allowed click
21:54:06 allowed click
21:54:06 allowed click
21:54:06 allowed click
21:54:06 allowed click
21:54:06 allowed click
21:54:06 allowed click
21:54:06 allowed click
21:54:06 allowed click
21:54:06 allowed click
21:54:06 allowed click
21:54:06 allowed click
21:54:06 allowed click
21:54:06 allowed click
21:54:06 allowed click
21:54:06 allowed click
21:54:06 allowed click
21:54:07 allowed click
21:54:07 allowed click
21:54:07 allowed click
21:54:07 allowed click
21:54:07 allowed click
21:54:07 allowed click
21:54:07 allowed click
21:54:07 allowed click
21:54:07 allowed click
21:54:07 allowed click
21:54:07 allowed click
21:54:07 allowed click
21:54:07 allowed click
21:54:07 allowed click
21:54:07 allowed click
21:54:07 allowed click
21:54:07 allowed click
21:54:07 allowed click
21:54:07 allowed click
21:54:07 allowed click
21:54:07 allowed click
21:54:07 allowed click
21:54:07 allowed click
21:54:07 allowed click
22:40:49 
22:40:49 blocked link because:
22:40:49 isNotInSignAndOnSlot
22:40:49 
22:40:49 
22:40:49 blocked link because:
22:40:49 isNotInSignAndOnSlot
22:40:49 
22:40:49 allowed click
22:40:49 allowed click
22:40:49 allowed click
22:40:49 allowed click
22:40:49 allowed click
22:40:49 allowed click
22:40:49 allowed click
22:40:49 allowed click
22:40:49 allowed click
22:40:49 allowed click
22:40:49 allowed click
22:40:49 allowed click
22:40:49 allowed click
22:40:49 allowed click
22:40:49 allowed click
22:40:49 allowed click
22:40:49 allowed click
22:40:49 allowed click
22:40:49 allowed click
22:40:49 allowed click
22:40:49 allowed click
22:40:49 allowed click
22:40:49 allowed click
22:40:49 allowed click
22:40:49 allowed click
22:40:49 allowed click
22:40:49 allowed click
22:40:49 allowed click
22:40:49 allowed click
22:40:49 allowed click
22:40:49 allowed click
22:40:49 allowed click
22:40:49 allowed click
22:40:49 allowed click
22:40:49 allowed click
22:40:49 allowed click
22:40:49 allowed click
22:40:49 allowed click
22:40:49 allowed click
22:40:49 allowed click
22:40:49 allowed click
22:40:49 allowed click
22:40:49 allowed click
22:40:49 allowed click
22:40:49 allowed click
22:40:49 allowed click
22:40:49 allowed click
22:40:49 allowed click
22:40:49 allowed click
22:40:49 allowed click
22:40:49 allowed click
22:40:49 allowed click
22:40:49 allowed click
22:40:49 allowed click
22:40:49 allowed click
22:40:49 allowed click
22:40:49 allowed click
22:40:49 allowed click
22:40:49 allowed click
22:40:49 allowed click
22:40:49 allowed click
22:40:49 allowed click
22:40:49 allowed click
22:40:49 allowed click
22:40:49 allowed click
22:40:49 allowed click
22:40:49 allowed click
22:40:49 allowed click
22:40:49 allowed click
22:40:49 allowed click
22:40:49 allowed click
22:40:49 allowed click
22:40:49 allowed click
22:40:49 allowed click
22:40:49 allowed click
22:40:49 allowed click
22:40:49 allowed click
22:40:49 allowed click
22:40:49 allowed click
22:40:49 allowed click
22:40:49 allowed click
22:40:49 allowed click
22:40:49 allowed click
22:40:49 allowed click
22:40:49 allowed click
22:40:49 allowed click
22:40:49 allowed click
22:40:49 allowed click
22:40:49 allowed click
22:40:49 allowed click
22:40:49 allowed click
22:40:49 allowed click
22:40:50 allowed click
22:40:50 allowed click
22:40:50 allowed click
22:40:50 allowed click
22:40:50 allowed click
22:40:50 allowed click
22:40:50 allowed click
22:40:50 allowed click
22:40:50 allowed click
22:40:50 allowed click
22:40:50 allowed click
22:40:50 allowed click
22:40:50 allowed click
22:40:50 allowed click
22:40:50 allowed click
22:40:50 allowed click
22:40:50 allowed click
22:40:50 allowed click
22:40:50 allowed click
22:40:50 allowed click
22:40:50 allowed click
22:40:50 allowed click
22:40:50 allowed click
22:40:50 allowed click
22:40:50 allowed click
22:40:50 allowed click
22:40:50 allowed click
22:40:50 allowed click
22:40:50 allowed click
22:40:50 allowed click
22:40:50 allowed click
22:40:50 allowed click
22:40:50 allowed click
22:40:50 allowed click
22:40:50 allowed click
22:40:50 allowed click
22:40:50 allowed click
22:40:50 allowed click
22:40:50 allowed click
22:40:50 allowed click
22:40:50 allowed click
22:40:50 allowed click
22:40:50 allowed click
22:40:50 allowed click
22:40:50 allowed click
22:40:50 allowed click
22:40:50 allowed click
22:40:50 allowed click
22:40:50 allowed click
22:40:50 allowed click
22:40:50 allowed click
22:40:50 allowed click
22:40:50 allowed click
22:40:50 allowed click
22:40:50 allowed click
22:40:50 allowed click
22:40:50 allowed click
22:40:50 allowed click
22:40:50 allowed click
22:40:50 allowed click
22:40:50 allowed click
22:40:50 allowed click
22:40:50 allowed click
22:40:50 allowed click
22:40:50 allowed click
22:40:50 allowed click
22:40:50 allowed click
22:40:50 allowed click
22:40:50 allowed click
22:40:50 allowed click
22:40:50 allowed click
22:40:50 allowed click
22:40:50 allowed click
22:40:50 allowed click
22:40:50 allowed click
22:40:50 allowed click
22:40:50 allowed click
22:40:50 allowed click
22:40:50 allowed click
22:40:50 allowed click
22:40:50 allowed click
22:40:50 allowed click
22:40:50 allowed click
22:40:50 allowed click
22:40:50 allowed click
22:40:50 allowed click
22:40:50 allowed click
22:40:50 allowed click
22:40:50 allowed click
22:40:50 allowed click
22:40:50 allowed click
22:40:50 allowed click
22:40:50 allowed click
22:40:50 allowed click
22:40:50 allowed click
22:40:50 allowed click
22:40:50 allowed click
22:40:50 allowed click
22:40:50 allowed click
22:40:50 allowed click
22:40:50 allowed click
22:40:50 allowed click
22:40:50 allowed click
22:40:50 allowed click
22:40:50 allowed click
22:40:50 allowed click
22:40:50 allowed click
22:40:50 allowed click
22:40:50 allowed click
22:40:50 allowed click
22:40:50 allowed click
22:40:50 allowed click
22:40:50 allowed click
22:40:50 allowed click
22:40:50 allowed click
22:40:50 allowed click
22:40:50 allowed click
22:40:50 allowed click
22:40:50 allowed click
22:40:50 allowed click
22:40:50 allowed click
22:40:50 allowed click
22:40:50 allowed click
22:40:50 allowed click
22:40:50 allowed click
22:40:50 allowed click
22:40:50 allowed click
22:40:50 allowed click
22:40:50 allowed click
22:40:50 allowed click
22:40:50 allowed click
22:40:50 allowed click
22:40:50 allowed click
22:40:50 allowed click
22:40:50 allowed click
22:40:50 allowed click
22:40:50 allowed click
22:40:50 allowed click
22:40:50 allowed click
22:40:50 allowed click
22:40:50 allowed click
22:40:50 allowed click
22:40:50 allowed click
22:40:50 allowed click
22:40:50 allowed click
22:40:50 allowed click
22:40:50 allowed click
22:40:50 allowed click
22:40:50 allowed click
22:40:50 allowed click
22:40:50 allowed click
22:40:50 allowed click
22:40:50 allowed click
22:40:50 allowed click
22:40:50 allowed click
22:40:50 allowed click
22:40:50 allowed click
22:40:50 allowed click
22:40:50 allowed click
22:40:50 allowed click
22:40:50 allowed click
22:40:50 allowed click
22:40:50 allowed click
22:40:50 allowed click
22:40:50 allowed click
22:40:50 allowed click
22:40:50 allowed click
22:40:50 allowed click
22:40:50 allowed click
22:40:50 allowed click
22:40:50 allowed click
22:40:50 allowed click
22:40:50 allowed click
22:40:50 allowed click
22:40:50 allowed click
22:40:50 allowed click
22:40:50 allowed click
22:40:50 allowed click
22:40:50 allowed click
22:40:50 allowed click
22:40:50 allowed click
22:40:50 allowed click
22:40:50 allowed click
22:40:50 allowed click
22:40:50 allowed click
22:40:50 allowed click
22:40:50 allowed click
22:40:50 allowed click
22:40:50 allowed click
22:40:50 allowed click
22:40:50 allowed click
22:40:50 allowed click
22:40:50 allowed click
22:40:50 allowed click
22:40:50 allowed click
22:40:50 allowed click
22:40:50 allowed click
22:40:50 allowed click
22:40:50 allowed click
22:40:50 allowed click
22:40:50 allowed click
22:40:50 allowed click
22:40:50 allowed click
22:40:50 allowed click
22:40:50 allowed click
22:40:50 allowed click
22:40:50 allowed click
22:40:50 allowed click
22:40:50 allowed click
22:40:50 allowed click
22:40:50 allowed click
22:40:50 allowed click
22:40:50 allowed click
22:40:50 allowed click
22:40:50 allowed click
22:40:50 allowed click
22:40:50 allowed click
22:40:50 allowed click
22:40:50 allowed click
22:40:50 allowed click
22:40:50 allowed click
22:40:50 allowed click
22:40:50 allowed click
22:40:50 allowed click
22:40:50 allowed click
22:40:50 allowed click
22:40:50 allowed click
22:40:50 allowed click
22:40:51 allowed click
22:40:51 allowed click
22:40:51 allowed click
22:40:51 allowed click
22:40:51 allowed click
22:40:51 allowed click
22:40:51 allowed click
22:40:51 allowed click
22:40:51 allowed click
22:40:51 allowed click
22:40:51 allowed click
22:40:51 allowed click
22:40:51 allowed click
22:40:51 allowed click
22:40:51 allowed click
22:40:51 allowed click
22:40:51 allowed click
22:40:51 allowed click
22:40:51 allowed click
22:40:51 allowed click
22:40:51 allowed click
22:40:51 allowed click
22:40:51 allowed click
22:40:51 allowed click
22:40:51 allowed click
22:40:51 allowed click
22:40:51 allowed click
22:40:51 allowed click
22:40:51 allowed click
22:40:51 allowed click
22:40:51 allowed click
22:40:51 allowed click
22:40:51 allowed click
22:40:51 allowed click
22:40:51 allowed click
22:40:51 allowed click
22:40:51 allowed click
22:40:51 allowed click
22:40:51 allowed click
22:40:51 allowed click
22:40:51 allowed click
22:40:51 allowed click
22:40:51 allowed click
22:40:51 allowed click
22:40:51 allowed click
22:40:51 allowed click
22:40:51 allowed click
22:40:51 allowed click
22:40:51 allowed click
22:40:51 allowed click
22:40:51 allowed click
22:40:51 allowed click
22:40:51 allowed click
22:40:51 allowed click
22:40:51 allowed click
22:40:51 allowed click
22:40:51 allowed click
22:40:51 allowed click
22:40:51 allowed click
22:40:51 allowed click
22:40:51 allowed click
22:40:51 allowed click
22:40:51 allowed click
22:40:51 allowed click
22:40:51 allowed click
22:40:51 allowed click
22:40:51 allowed click
22:40:51 allowed click
22:40:51 allowed click
22:40:51 allowed click
22:40:51 allowed click
22:40:51 allowed click
22:40:51 allowed click
22:40:51 allowed click
22:40:51 allowed click
22:40:51 allowed click
22:40:51 allowed click
22:40:51 allowed click
22:40:51 allowed click
22:40:51 allowed click
22:40:51 allowed click
22:40:51 allowed click
22:40:51 allowed click
22:40:51 allowed click
22:40:51 allowed click
22:40:51 allowed click
22:40:51 allowed click
22:40:51 allowed click
22:40:51 allowed click
22:40:51 allowed click
22:40:51 allowed click
22:40:51 allowed click
22:40:51 allowed click
22:40:51 allowed click
22:40:51 allowed click
22:40:51 allowed click
22:40:51 allowed click
22:40:51 allowed click
22:40:51 allowed click
22:40:51 allowed click
22:40:51 allowed click
22:40:51 allowed click
22:40:51 allowed click
22:40:51 allowed click
22:40:51 allowed click
22:40:51 allowed click
22:40:51 allowed click
22:40:51 allowed click
22:40:51 allowed click
22:40:51 allowed click
22:40:51 allowed click
22:40:51 allowed click
22:40:51 allowed click
22:40:51 allowed click
22:40:51 allowed click
22:40:51 allowed click
22:40:51 allowed click
22:40:51 allowed click
22:40:51 allowed click
22:40:51 allowed click
22:40:51 allowed click
22:40:51 allowed click
22:40:51 allowed click
22:40:51 allowed click
22:40:51 allowed click
22:40:51 allowed click
22:40:51 allowed click
22:40:51 allowed click
22:40:51 allowed click
22:40:51 allowed click
22:40:51 allowed click
22:40:51 allowed click
22:40:51 allowed click
22:40:51 allowed click
22:40:51 allowed click
22:40:51 allowed click
22:40:51 allowed click
22:40:51 allowed click
22:40:51 allowed click
22:40:51 allowed click
22:40:51 allowed click
22:40:51 allowed click
22:40:51 allowed click
22:40:51 allowed click
22:40:51 allowed click
22:40:51 allowed click
22:40:51 allowed click
22:40:51 allowed click
22:40:51 allowed click
22:40:51 allowed click
22:40:51 allowed click
22:40:51 allowed click
22:40:51 allowed click
22:40:51 allowed click
22:40:51 allowed click
22:40:51 allowed click
22:40:51 allowed click
22:40:51 allowed click
22:40:51 allowed click
22:40:51 allowed click
22:40:51 allowed click
22:40:51 allowed click
22:40:51 allowed click
22:40:51 allowed click
22:40:51 allowed click
22:40:51 allowed click
22:40:51 allowed click
22:40:51 allowed click
22:40:51 allowed click
22:40:51 allowed click
22:40:51 allowed click
22:40:51 allowed click
22:40:51 allowed click
22:40:51 allowed click
22:40:51 allowed click
22:40:51 allowed click
22:40:51 allowed click
22:40:51 allowed click
22:40:51 allowed click
22:40:51 allowed click
22:40:51 allowed click
22:40:51 allowed click
22:40:51 allowed click
22:40:51 allowed click
22:40:51 allowed click
22:40:51 allowed click
22:40:51 allowed click
22:40:51 allowed click
22:40:51 allowed click
22:40:51 allowed click
22:40:51 allowed click
22:40:51 allowed click
22:40:51 allowed click
22:40:51 allowed click
22:40:51 allowed click
22:40:51 allowed click
22:40:52 allowed click
22:40:52 allowed click
22:40:52 allowed click
22:40:52 allowed click
22:40:52 allowed click
22:40:52 allowed click
22:40:52 allowed click
22:40:52 allowed click
22:40:52 allowed click
22:40:52 allowed click
22:40:52 allowed click
22:40:52 allowed click
22:40:52 allowed click
22:40:52 allowed click
22:40:52 allowed click
22:40:52 allowed click
22:40:52 allowed click
22:40:52 allowed click
22:40:52 allowed click
22:40:52 allowed click
22:40:52 allowed click
22:40:52 allowed click
22:40:52 allowed click
22:40:52 allowed click
22:40:52 allowed click
22:40:52 allowed click
22:40:52 allowed click
22:40:52 allowed click
22:40:52 allowed click
22:40:52 allowed click
22:40:52 allowed click
22:40:52 allowed click
22:40:52 allowed click
22:40:52 allowed click
22:40:52 allowed click
22:40:52 allowed click
22:40:52 allowed click
22:40:52 allowed click
22:40:52 allowed click
22:40:52 allowed click
22:40:52 allowed click
22:40:52 allowed click
22:40:52 allowed click
22:40:52 allowed click
22:40:52 allowed click
22:40:52 allowed click
22:40:52 allowed click
22:40:52 allowed click
22:40:52 allowed click
22:40:52 allowed click
22:40:52 allowed click
22:40:52 allowed click
22:40:52 allowed click
22:40:52 allowed click
22:40:52 allowed click
22:40:52 allowed click
22:40:52 allowed click
22:40:52 allowed click
22:40:52 allowed click
22:40:52 allowed click
22:40:52 allowed click
22:40:52 allowed click
22:40:52 allowed click
22:40:52 allowed click
22:40:52 allowed click
22:40:52 allowed click
22:40:52 allowed click
22:40:52 allowed click
22:40:52 allowed click
22:40:52 allowed click
22:40:52 allowed click
22:40:52 allowed click
22:40:52 allowed click
22:40:52 allowed click
22:40:52 allowed click
22:40:52 allowed click
22:40:52 allowed click
22:40:52 allowed click
22:40:52 allowed click
22:40:52 allowed click
22:40:52 allowed click
22:40:52 allowed click
22:40:52 allowed click
22:40:52 allowed click
22:40:52 allowed click
22:40:52 allowed click
22:40:52 allowed click
22:40:52 allowed click
22:40:52 allowed click
22:40:52 allowed click
22:40:52 allowed click
22:40:52 allowed click
22:40:52 allowed click
22:40:52 allowed click
22:40:52 allowed click
22:40:52 allowed click
22:40:52 allowed click
22:40:52 allowed click
22:40:52 allowed click
22:40:52 allowed click
22:40:52 allowed click
22:40:52 allowed click
22:40:52 allowed click
22:40:52 allowed click
22:40:52 allowed click
22:40:52 allowed click
22:40:52 allowed click
22:40:52 allowed click
22:40:52 allowed click
22:40:52 allowed click
22:40:52 allowed click
22:40:52 allowed click
22:40:52 allowed click
22:40:52 allowed click
22:40:52 allowed click
22:40:52 allowed click
22:40:52 allowed click
22:40:52 allowed click
22:40:52 allowed click
22:40:52 allowed click
22:40:52 allowed click
22:40:52 allowed click
22:40:52 allowed click
22:40:52 allowed click
22:40:52 allowed click
22:40:52 allowed click
22:40:52 allowed click
22:40:52 allowed click
22:40:52 allowed click
22:40:52 allowed click
22:40:52 allowed click
22:40:52 allowed click
22:40:52 allowed click
22:40:52 allowed click
22:40:52 allowed click
22:40:52 allowed click
22:40:52 allowed click
22:40:52 allowed click
22:40:52 allowed click
22:40:52 allowed click
22:40:52 allowed click
22:40:52 allowed click
22:40:52 allowed click
22:40:52 allowed click
22:40:52 allowed click
22:40:52 allowed click
22:40:52 allowed click
22:40:52 allowed click
22:40:52 allowed click
22:40:52 allowed click
22:40:52 allowed click
22:40:52 allowed click
22:42:38 
22:42:38 blocked link because:
22:42:38 isNotInSignAndOnSlot
22:42:38 
22:42:38 
22:42:38 blocked link because:
22:42:38 isNotInSignAndOnSlot
22:42:38 
23:15:50 allowed click
23:15:50 allowed click
23:15:50 allowed click
23:15:50 allowed click
23:15:51 allowed click
23:15:51 allowed click
23:15:51 allowed click
23:15:51 allowed click
23:15:51 allowed click
23:15:51 allowed click
23:15:51 allowed click
23:15:51 allowed click
23:15:51 allowed click
23:15:51 allowed click
23:15:51 allowed click
23:15:51 allowed click
23:15:51 allowed click
23:15:51 allowed click
23:15:51 allowed click
23:15:51 allowed click
23:15:51 allowed click
23:15:51 allowed click
23:15:51 allowed click
23:15:51 allowed click
23:15:51 allowed click
23:15:51 allowed click
23:15:51 allowed click
23:15:51 allowed click
23:15:51 allowed click
23:15:51 allowed click
23:15:51 allowed click
23:15:51 allowed click
23:15:51 allowed click
23:15:51 allowed click
23:15:51 allowed click
23:15:51 allowed click
23:15:51 allowed click
23:15:51 allowed click
23:15:51 allowed click
23:15:51 allowed click
23:15:51 allowed click
23:15:51 allowed click
23:15:51 allowed click
23:15:51 allowed click
23:15:51 allowed click
23:15:51 allowed click
23:15:51 allowed click
23:15:51 allowed click
23:15:51 allowed click
23:15:51 allowed click
23:15:51 allowed click
23:15:51 allowed click
23:15:51 allowed click
23:15:51 allowed click
23:15:51 allowed click
23:15:51 allowed click
23:15:51 allowed click
23:15:51 allowed click
23:15:51 allowed click
23:15:51 allowed click
23:15:51 allowed click
23:15:51 allowed click
23:15:51 allowed click
23:15:51 allowed click
23:15:51 allowed click
23:15:51 allowed click
23:15:51 allowed click
23:15:51 allowed click
23:15:51 allowed click
23:15:51 allowed click
23:15:51 allowed click
23:15:51 allowed click
23:15:51 allowed click
23:15:51 allowed click
23:15:51 allowed click
23:15:51 allowed click
23:15:51 allowed click
23:15:51 allowed click
23:15:51 allowed click
23:15:51 allowed click
23:15:51 allowed click
23:15:51 allowed click
23:15:51 allowed click
23:15:51 allowed click
23:15:51 allowed click
23:15:51 allowed click
23:15:51 allowed click
23:15:51 allowed click
23:15:51 allowed click
23:15:51 allowed click
23:15:51 allowed click
23:15:51 allowed click
23:15:51 allowed click
23:15:51 allowed click
23:15:51 allowed click
23:15:51 allowed click
23:15:51 allowed click
23:15:51 allowed click
23:15:51 allowed click
23:15:51 allowed click
23:15:51 allowed click
23:15:51 allowed click
23:15:51 allowed click
23:15:51 allowed click
23:15:51 allowed click
23:15:51 allowed click
23:15:51 allowed click
23:15:51 allowed click
23:15:51 allowed click
23:15:51 allowed click
23:15:51 allowed click
23:15:51 allowed click
23:15:51 allowed click
23:15:51 allowed click
23:15:51 allowed click
23:15:51 allowed click
23:15:51 allowed click
23:15:51 allowed click
23:15:51 allowed click
23:15:51 allowed click
23:15:51 allowed click
23:15:51 allowed click
23:15:51 allowed click
23:15:51 allowed click
23:15:51 allowed click
23:15:51 allowed click
23:15:51 allowed click
23:15:51 allowed click
23:15:51 allowed click
23:15:51 allowed click
23:15:51 allowed click
23:15:51 allowed click
23:15:51 allowed click
23:15:51 allowed click
23:15:51 allowed click
23:15:51 allowed click
23:15:51 allowed click
23:15:51 allowed click
23:15:51 allowed click
23:15:51 allowed click
23:15:51 allowed click
23:15:51 allowed click
23:15:51 allowed click
23:15:51 allowed click
23:15:51 allowed click
23:15:51 allowed click
23:15:51 allowed click
23:15:51 allowed click
23:15:51 allowed click
23:15:51 allowed click
23:15:51 allowed click
23:15:51 allowed click
23:15:51 allowed click
23:15:51 allowed click
23:15:51 allowed click
23:15:51 allowed click
23:15:51 allowed click
23:15:51 allowed click
23:15:51 allowed click
23:15:51 allowed click
23:15:51 allowed click
23:15:51 allowed click
23:15:51 allowed click
23:15:51 allowed click
23:15:51 allowed click
23:36:45 
23:36:45 blocked link because:
23:36:45 isNotInSignAndOnSlot
23:36:45 
23:36:45 
23:36:45 blocked link because:
23:36:45 isNotInSignAndOnSlot
23:36:45 
23:36:45 allowed click
23:36:45 allowed click
23:36:45 allowed click
23:36:45 allowed click
23:36:45 allowed click
23:36:45 allowed click
23:36:45 allowed click
23:36:45 allowed click
23:36:45 allowed click
23:36:45 allowed click
23:36:45 allowed click
23:36:45 allowed click
23:36:45 allowed click
23:36:45 allowed click
23:36:45 allowed click
23:36:45 allowed click
23:36:45 allowed click
23:36:45 allowed click
23:36:45 allowed click
23:36:45 allowed click
23:36:45 allowed click
23:36:45 allowed click
23:36:45 allowed click
23:36:45 allowed click
23:36:45 allowed click
23:36:45 allowed click
23:36:45 allowed click
23:36:45 allowed click
23:36:45 allowed click
23:36:45 allowed click
23:36:45 allowed click
23:36:45 allowed click
23:36:45 allowed click
23:36:45 allowed click
23:36:45 allowed click
23:36:45 allowed click
23:36:45 allowed click
23:36:45 allowed click
23:36:45 allowed click
23:36:45 allowed click
23:36:45 allowed click
23:36:45 allowed click
23:36:45 allowed click
23:36:45 allowed click
23:36:45 allowed click
23:36:45 allowed click
23:36:45 allowed click
23:36:45 allowed click
23:36:45 allowed click
23:36:45 allowed click
23:36:45 allowed click
23:36:45 allowed click
23:36:45 allowed click
23:36:45 allowed click
23:36:45 allowed click
23:36:45 allowed click
23:36:45 allowed click
23:36:45 allowed click
23:36:45 allowed click
23:36:45 allowed click
23:36:45 allowed click
23:36:45 allowed click
23:36:45 allowed click
23:36:45 allowed click
23:36:45 allowed click
23:36:45 allowed click
23:36:45 allowed click
23:36:45 allowed click
23:36:45 allowed click
23:36:45 allowed click
23:36:45 allowed click
23:36:45 allowed click
23:36:45 allowed click
23:36:45 allowed click
23:36:45 allowed click
23:36:45 allowed click
23:36:45 allowed click
23:36:45 allowed click
23:36:45 allowed click
23:36:45 allowed click
23:36:45 allowed click
23:36:45 allowed click
23:36:45 allowed click
23:36:45 allowed click
23:36:45 allowed click
23:36:45 allowed click
23:36:45 allowed click
23:36:45 allowed click
23:36:45 allowed click
23:36:45 allowed click
23:36:45 allowed click
23:36:45 allowed click
23:36:45 allowed click
23:36:45 allowed click
23:36:45 allowed click
23:36:45 allowed click
23:36:45 allowed click
23:36:45 allowed click
23:36:45 allowed click
23:36:45 allowed click
23:36:45 allowed click
23:36:45 allowed click
23:36:45 allowed click
23:36:45 allowed click
23:36:45 allowed click
23:36:45 allowed click
23:36:45 allowed click
23:36:45 allowed click
23:36:45 allowed click
23:36:45 allowed click
23:36:45 allowed click
23:36:45 allowed click
23:36:46 allowed click
23:36:46 allowed click
23:36:46 allowed click
23:36:46 allowed click
23:36:46 allowed click
23:36:46 allowed click
23:36:46 allowed click
23:36:46 allowed click
23:36:46 allowed click
23:36:46 allowed click
23:36:46 allowed click
23:36:46 allowed click
23:36:46 allowed click
23:36:46 allowed click
23:36:46 allowed click
23:36:46 allowed click
23:36:46 allowed click
23:36:46 allowed click
23:36:46 allowed click
23:36:46 allowed click
23:36:46 allowed click
23:36:46 allowed click
23:36:46 allowed click
23:36:46 allowed click
23:36:46 allowed click
23:36:46 allowed click
23:36:46 allowed click
23:36:46 allowed click
23:36:46 allowed click
23:36:46 allowed click
23:36:46 allowed click
23:36:46 allowed click
23:36:46 allowed click
23:36:46 allowed click
23:36:46 allowed click
23:36:46 allowed click
23:36:46 allowed click
23:36:46 allowed click
23:36:46 allowed click
23:36:46 allowed click
23:36:46 allowed click
23:36:46 allowed click
23:36:46 allowed click
23:36:46 allowed click
23:36:46 allowed click
23:36:46 allowed click
23:36:46 allowed click
23:36:46 allowed click
23:36:46 allowed click
23:36:46 allowed click
23:36:46 allowed click
23:36:46 allowed click
23:36:46 allowed click
23:36:46 allowed click
23:36:46 allowed click
23:36:46 allowed click
23:36:46 allowed click
23:36:46 allowed click
23:36:46 allowed click
23:36:46 allowed click
23:36:46 allowed click
23:36:46 allowed click
23:36:46 allowed click
23:36:46 allowed click
23:36:46 allowed click
23:36:46 allowed click
23:36:46 allowed click
23:36:46 allowed click
23:36:46 allowed click
23:36:46 allowed click
23:36:46 allowed click
23:36:46 allowed click
23:36:46 allowed click
23:36:46 allowed click
23:36:46 allowed click
23:36:46 allowed click
23:36:46 allowed click
23:36:46 allowed click
23:36:46 allowed click
23:36:46 allowed click
23:36:46 allowed click
23:36:46 allowed click
23:36:46 allowed click
23:36:46 allowed click
23:36:46 allowed click
23:36:46 allowed click
23:36:46 allowed click
23:36:46 allowed click
23:36:46 allowed click
23:36:46 allowed click
23:36:46 allowed click
23:36:46 allowed click
23:39:05 
23:39:05 blocked link because:
23:39:05 isNotInSignAndOnSlot
23:39:05 
23:39:05 
23:39:05 blocked link because:
23:39:05 isNotInSignAndOnSlot
23:39:05 
23:39:05 allowed click
23:39:05 allowed click
23:39:05 allowed click
23:39:05 allowed click
23:39:05 allowed click
23:39:05 allowed click
23:39:05 allowed click
23:39:05 allowed click
23:39:05 allowed click
23:39:05 allowed click
23:39:05 allowed click
23:39:05 allowed click
23:39:05 allowed click
23:39:05 allowed click
23:39:05 allowed click
23:39:05 allowed click
23:39:05 allowed click
23:39:05 allowed click
23:39:05 allowed click
23:39:05 allowed click
23:39:05 allowed click
23:39:05 allowed click
23:39:05 allowed click
23:39:05 allowed click
23:39:05 allowed click
23:39:05 allowed click
23:39:05 allowed click
23:39:05 allowed click
23:39:05 allowed click
23:39:05 allowed click
23:39:05 allowed click
23:39:05 allowed click
23:39:05 allowed click
23:39:05 allowed click
23:39:05 allowed click
23:39:05 allowed click
23:39:05 allowed click
23:39:05 allowed click
23:39:05 allowed click
23:39:05 allowed click
23:39:05 allowed click
23:39:05 allowed click
23:39:05 allowed click
23:39:05 allowed click
23:39:05 allowed click
23:39:05 allowed click
23:39:05 allowed click
23:39:05 allowed click
23:39:05 allowed click
23:39:05 allowed click
23:39:05 allowed click
23:39:05 allowed click
23:39:05 allowed click
23:39:05 allowed click
23:39:05 allowed click
23:39:05 allowed click
23:39:05 allowed click
23:39:05 allowed click
23:39:05 allowed click
23:39:05 allowed click
23:39:05 allowed click
23:39:05 allowed click
23:39:05 allowed click
23:39:05 allowed click
23:39:05 allowed click
23:39:05 allowed click
23:39:05 allowed click
23:39:05 allowed click
23:39:05 allowed click
23:39:05 allowed click
23:39:05 allowed click
23:39:05 allowed click
23:39:05 allowed click
23:39:05 allowed click
23:39:05 allowed click
23:39:05 allowed click
23:39:06 allowed click
23:39:06 allowed click
23:39:06 allowed click
23:39:06 allowed click
23:39:06 allowed click
23:39:06 allowed click
23:39:06 allowed click
23:39:06 allowed click
23:39:06 allowed click
23:39:06 allowed click
23:39:06 allowed click
23:39:06 allowed click
23:39:06 allowed click
23:39:06 allowed click
23:39:06 allowed click
23:39:06 allowed click
23:39:06 allowed click
23:39:06 allowed click
23:39:06 allowed click
23:39:06 allowed click
23:39:06 allowed click
23:39:06 allowed click
23:39:06 allowed click
23:39:06 allowed click
23:39:06 allowed click
23:39:06 allowed click
23:39:06 allowed click
23:39:06 allowed click
23:39:06 allowed click
23:39:06 allowed click
23:39:06 allowed click
23:39:06 allowed click
23:39:06 allowed click
23:39:06 allowed click
23:39:06 allowed click
23:39:06 allowed click
23:39:06 allowed click
23:39:06 allowed click
23:39:06 allowed click
23:39:06 allowed click
23:39:06 allowed click
23:39:06 allowed click
23:39:06 allowed click
23:39:06 allowed click
23:39:06 allowed click
23:39:06 allowed click
23:39:06 allowed click
23:39:06 allowed click
23:39:06 allowed click
23:39:06 allowed click
23:39:06 allowed click
23:39:06 allowed click
23:39:06 allowed click
23:39:06 allowed click
23:39:06 allowed click
23:39:06 allowed click
02:14:05 
02:14:05 blocked link because:
02:14:05 isNotInSignAndOnSlot
02:14:05 
02:14:05 
02:14:05 blocked link because:
02:14:05 isNotInSignAndOnSlot
02:14:05 
03:05:57 allowed click
03:05:57 allowed click
03:05:57 allowed click
03:05:57 allowed click
03:05:57 allowed click
03:05:57 allowed click
03:05:57 allowed click
03:05:57 allowed click
03:05:57 allowed click
03:05:57 allowed click
03:05:57 allowed click
03:05:57 allowed click
03:05:57 allowed click
03:05:57 allowed click
03:05:57 allowed click
03:05:57 allowed click
03:05:57 allowed click
03:05:57 allowed click
03:05:57 allowed click
03:05:57 allowed click
03:05:57 allowed click
03:05:57 allowed click
03:05:57 allowed click
03:05:57 allowed click
03:05:57 allowed click
03:05:57 allowed click
03:05:57 allowed click
03:05:57 allowed click
03:05:57 allowed click
03:05:57 allowed click
03:05:57 allowed click
03:05:57 allowed click
03:05:57 allowed click
03:05:57 allowed click
03:05:57 allowed click
03:05:57 allowed click
03:05:57 allowed click
03:05:57 allowed click
03:05:57 allowed click
03:05:57 allowed click
03:05:57 allowed click
03:05:57 allowed click
03:05:57 allowed click
03:05:57 allowed click
03:05:57 allowed click
03:05:57 allowed click
03:05:57 allowed click
03:05:57 allowed click
03:05:57 allowed click
03:05:57 allowed click
03:05:57 allowed click
03:05:57 allowed click
03:05:57 allowed click
03:05:57 allowed click
03:05:57 allowed click
03:05:57 allowed click
03:05:57 allowed click
03:05:57 allowed click
03:05:57 allowed click
03:05:57 allowed click
03:05:57 allowed click
03:05:57 allowed click
03:05:57 allowed click
03:05:57 allowed click
03:05:57 allowed click
03:05:57 allowed click
03:05:57 allowed click
03:05:57 allowed click
03:05:57 allowed click
03:05:57 allowed click
03:05:57 allowed click
03:05:57 allowed click
03:05:57 allowed click
03:05:57 allowed click
03:05:57 allowed click
03:05:57 allowed click
03:05:57 allowed click
03:05:57 allowed click
03:05:57 allowed click
03:05:57 allowed click
03:05:57 allowed click
03:05:57 allowed click
03:05:57 allowed click
03:05:57 allowed click
03:05:57 allowed click
03:05:57 allowed click
03:05:57 allowed click
03:05:57 allowed click
03:05:57 allowed click
03:05:57 allowed click
03:05:57 allowed click
03:05:57 allowed click
03:05:57 allowed click
03:05:57 allowed click
03:05:57 allowed click
03:05:57 allowed click
03:05:57 allowed click
03:05:57 allowed click
03:05:57 allowed click
03:05:57 allowed click
03:05:57 allowed click
03:05:57 allowed click
03:05:57 allowed click
03:05:57 allowed click
03:05:57 allowed click
03:05:57 allowed click
03:05:57 allowed click
03:05:57 allowed click
03:05:57 allowed click
03:05:57 allowed click
03:05:57 allowed click
03:05:57 allowed click
03:05:57 allowed click
03:05:57 allowed click
03:05:57 allowed click
03:05:57 allowed click
03:05:57 allowed click
03:05:57 allowed click
03:05:57 allowed click
03:05:57 allowed click
03:05:57 allowed click
03:05:57 allowed click
03:05:57 allowed click
03:05:57 allowed click
03:05:57 allowed click
03:05:57 allowed click
03:05:57 allowed click
03:05:57 allowed click
03:05:57 allowed click
03:05:57 allowed click
03:05:57 allowed click
03:05:57 allowed click
03:05:57 allowed click
03:05:57 allowed click
03:05:57 allowed click
03:05:57 allowed click
03:05:57 allowed click
03:05:57 allowed click
03:05:57 allowed click
03:05:57 allowed click
03:05:57 allowed click
03:05:57 allowed click
03:05:57 allowed click
03:05:57 allowed click
03:05:57 allowed click
03:05:57 allowed click
03:05:57 allowed click
03:05:57 allowed click
03:05:57 allowed click
03:05:57 allowed click
03:05:57 allowed click
03:05:57 allowed click
03:05:57 allowed click
03:05:57 allowed click
03:05:57 allowed click
03:05:57 allowed click
03:05:57 allowed click
03:05:57 allowed click
03:05:57 allowed click
03:05:57 allowed click
03:05:57 allowed click
03:05:57 allowed click
03:05:57 allowed click
03:05:57 allowed click
03:05:57 allowed click
03:05:57 allowed click
03:05:57 allowed click
03:05:57 allowed click
03:05:57 allowed click
03:05:57 allowed click
03:05:57 allowed click
03:05:57 allowed click
03:05:57 allowed click
03:05:57 allowed click
03:05:57 allowed click
03:05:57 allowed click
03:05:57 allowed click
03:05:57 allowed click
03:05:57 allowed click
03:05:57 allowed click
03:05:57 allowed click
03:05:57 allowed click
03:05:57 allowed click
03:05:57 allowed click
03:05:57 allowed click
03:05:57 allowed click
03:05:57 allowed click
03:05:57 allowed click
03:05:57 allowed click
03:05:57 allowed click
03:05:57 allowed click
03:05:57 allowed click
03:05:57 allowed click
03:05:57 allowed click
03:05:57 allowed click
03:05:57 allowed click
03:05:57 allowed click
03:05:57 allowed click
03:05:57 allowed click
03:05:57 allowed click
03:05:57 allowed click
03:05:57 allowed click
03:05:57 allowed click
03:05:57 allowed click
03:05:58 allowed click
03:05:58 allowed click
03:05:58 allowed click
03:05:58 allowed click
03:05:58 allowed click
03:05:58 allowed click
03:05:58 allowed click
03:05:58 allowed click
03:05:58 allowed click
03:05:58 allowed click
03:05:58 allowed click
03:05:58 allowed click
03:05:58 allowed click
03:05:58 allowed click
03:05:58 allowed click
03:05:58 allowed click
03:05:58 allowed click
03:05:58 allowed click
03:05:58 allowed click
03:05:58 allowed click
03:05:58 allowed click
03:05:58 allowed click
03:05:58 allowed click
03:05:58 allowed click
03:05:58 allowed click
03:05:58 allowed click
03:05:58 allowed click
03:05:58 allowed click
03:05:58 allowed click
03:05:58 allowed click
03:05:58 allowed click
03:05:58 allowed click
03:05:58 allowed click
03:05:58 allowed click
03:05:58 allowed click
03:05:58 allowed click
03:05:58 allowed click
03:05:58 allowed click
03:05:58 allowed click
03:05:58 allowed click
03:05:58 allowed click
03:05:58 allowed click
03:05:58 allowed click
03:05:58 allowed click
03:05:58 allowed click
03:05:58 allowed click
03:05:58 allowed click
03:05:58 allowed click
03:05:58 allowed click
03:05:58 allowed click
03:05:58 allowed click
03:05:58 allowed click
03:05:58 allowed click
03:05:58 allowed click
03:05:58 allowed click
03:05:58 allowed click
03:05:58 allowed click
03:05:58 allowed click
03:05:58 allowed click
03:05:58 allowed click
03:05:58 allowed click
03:05:58 allowed click
03:05:58 allowed click
03:05:58 allowed click
03:05:58 allowed click
03:05:58 allowed click
03:05:58 allowed click
03:05:58 allowed click
03:05:58 allowed click
03:05:58 allowed click
03:05:58 allowed click
03:05:58 allowed click
03:05:58 allowed click
03:05:58 allowed click
03:05:58 allowed click
03:05:58 allowed click
03:05:58 allowed click
03:05:58 allowed click
03:05:58 allowed click
03:05:58 allowed click
03:05:58 allowed click
03:05:58 allowed click
03:05:58 allowed click
03:05:58 allowed click
03:05:58 allowed click
03:05:58 allowed click
03:05:58 allowed click
03:05:58 allowed click
03:05:58 allowed click
03:05:58 allowed click
03:05:58 allowed click
03:05:58 allowed click
03:05:58 allowed click
03:05:58 allowed click
03:05:58 allowed click
03:05:58 allowed click
03:05:58 allowed click
03:05:58 allowed click
03:05:58 allowed click
03:05:58 allowed click
03:05:58 allowed click
03:05:58 allowed click
03:05:58 allowed click
03:05:58 allowed click
03:05:58 allowed click
03:05:58 allowed click
03:05:58 allowed click
03:05:58 allowed click
03:05:58 allowed click
03:05:58 allowed click
03:05:58 allowed click
03:05:58 allowed click
03:05:58 allowed click
03:05:58 allowed click
03:05:58 allowed click
03:05:58 allowed click
03:05:58 allowed click
03:05:58 allowed click
03:05:58 allowed click
03:05:58 allowed click
03:05:58 allowed click
03:05:58 allowed click
03:05:58 allowed click
03:05:58 allowed click
03:05:58 allowed click
03:05:58 allowed click
03:05:58 allowed click
03:05:58 allowed click
03:05:58 allowed click
03:05:58 allowed click
03:05:58 allowed click
03:05:58 allowed click
03:05:58 allowed click
03:05:58 allowed click
03:05:58 allowed click
03:05:58 allowed click
03:05:58 allowed click
03:05:58 allowed click
03:05:58 allowed click
03:05:58 allowed click
03:05:58 allowed click
03:05:58 allowed click
03:05:58 allowed click
03:05:58 allowed click
03:05:58 allowed click
03:05:58 allowed click
03:05:58 allowed click
03:05:58 allowed click
03:05:58 allowed click
03:05:58 allowed click
03:05:58 allowed click
03:05:58 allowed click
03:05:58 allowed click
03:05:58 allowed click
03:05:58 allowed click
03:05:58 allowed click
03:05:58 allowed click
03:05:58 allowed click
03:05:58 allowed click
03:05:58 allowed click
03:05:58 allowed click
03:05:58 allowed click
03:05:58 allowed click
03:05:58 allowed click
03:05:58 allowed click
03:05:58 allowed click
03:05:58 allowed click
03:05:58 allowed click
03:05:58 allowed click
03:05:58 allowed click
03:05:58 allowed click
03:05:58 allowed click
03:05:58 allowed click
03:05:58 allowed click
03:05:58 allowed click
03:05:58 allowed click
03:05:58 allowed click
03:05:58 allowed click
03:05:58 allowed click
03:05:58 allowed click
03:05:58 allowed click
03:05:58 allowed click
03:05:58 allowed click
03:05:58 allowed click
03:05:58 allowed click
03:05:58 allowed click
03:05:58 allowed click
03:05:58 allowed click
03:09:19 
03:09:19 blocked link because:
03:09:19 isNotInSignAndOnSlot
03:09:19 
03:09:19 
03:09:19 blocked link because:
03:09:19 isNotInSignAndOnSlot
03:09:19 
03:09:19 allowed click
03:09:19 allowed click
03:09:19 allowed click
03:09:19 allowed click
03:09:19 allowed click
03:09:19 allowed click
03:09:19 allowed click
03:09:19 allowed click
03:09:19 allowed click
03:09:19 allowed click
03:09:19 allowed click
03:09:19 allowed click
03:09:19 allowed click
03:09:19 allowed click
03:09:19 allowed click
03:09:19 allowed click
03:09:19 allowed click
03:09:19 allowed click
03:09:19 allowed click
03:09:19 allowed click
03:09:19 allowed click
03:09:19 allowed click
03:09:19 allowed click
03:09:19 allowed click
03:09:19 allowed click
03:09:19 allowed click
03:09:19 allowed click
03:09:19 allowed click
03:09:19 allowed click
03:09:19 allowed click
03:09:19 allowed click
03:09:19 allowed click
03:09:19 allowed click
03:09:19 allowed click
03:09:19 allowed click
03:09:19 allowed click
03:09:19 allowed click
03:09:19 allowed click
03:09:19 allowed click
03:09:19 allowed click
03:09:19 allowed click
03:09:19 allowed click
03:09:19 allowed click
03:09:19 allowed click
03:09:19 allowed click
03:09:19 allowed click
03:09:19 allowed click
03:09:19 allowed click
03:09:19 allowed click
03:09:19 allowed click
03:09:19 allowed click
03:09:19 allowed click
03:09:19 allowed click
03:09:19 allowed click
03:09:19 allowed click
03:09:19 allowed click
03:09:19 allowed click
03:09:19 allowed click
03:09:19 allowed click
03:09:19 allowed click
03:09:19 allowed click
03:09:19 allowed click
03:09:19 allowed click
03:09:19 allowed click
03:09:19 allowed click
03:09:19 allowed click
03:09:19 allowed click
03:09:19 allowed click
03:09:19 allowed click
03:09:19 allowed click
03:09:19 allowed click
03:09:19 allowed click
03:09:19 allowed click
03:09:19 allowed click
03:09:19 allowed click
03:09:19 allowed click
03:09:19 allowed click
03:09:19 allowed click
03:09:19 allowed click
03:09:19 allowed click
03:09:19 allowed click
03:09:19 allowed click
03:09:19 allowed click
03:09:19 allowed click
03:09:19 allowed click
03:09:19 allowed click
03:09:19 allowed click
03:09:19 allowed click
03:09:19 allowed click
03:09:19 allowed click
03:09:19 allowed click
03:09:19 allowed click
03:09:20 allowed click
03:09:20 allowed click
03:09:20 allowed click
03:09:20 allowed click
03:09:20 allowed click
03:09:20 allowed click
03:09:20 allowed click
03:09:20 allowed click
03:09:20 allowed click
03:09:20 allowed click
03:09:20 allowed click
03:09:20 allowed click
03:09:20 allowed click
03:09:20 allowed click
03:09:20 allowed click
03:09:20 allowed click
03:09:20 allowed click
03:09:20 allowed click
03:09:20 allowed click
03:09:20 allowed click
03:09:20 allowed click
03:09:20 allowed click
03:09:20 allowed click
03:09:20 allowed click
03:09:20 allowed click
03:09:20 allowed click
03:09:20 allowed click
03:09:20 allowed click
03:09:20 allowed click
03:09:20 allowed click
03:09:20 allowed click
03:09:20 allowed click
03:09:20 allowed click
03:09:20 allowed click
03:09:20 allowed click
03:09:20 allowed click
03:09:20 allowed click
03:09:20 allowed click
03:09:20 allowed click
03:09:20 allowed click
03:09:20 allowed click
03:09:20 allowed click
03:09:20 allowed click
03:09:20 allowed click
03:09:20 allowed click
03:09:20 allowed click
03:09:20 allowed click
03:09:20 allowed click
03:09:20 allowed click
03:09:20 allowed click
03:09:20 allowed click
03:09:20 allowed click
03:09:20 allowed click
03:09:20 allowed click
03:09:20 allowed click
03:09:20 allowed click
03:09:20 allowed click
03:09:20 allowed click
03:09:20 allowed click
03:09:20 allowed click
03:09:20 allowed click
03:09:20 allowed click
03:09:20 allowed click
03:09:20 allowed click
03:09:20 allowed click
03:09:20 allowed click
03:09:20 allowed click
03:09:20 allowed click
03:09:20 allowed click
03:09:20 allowed click
03:09:20 allowed click
03:09:20 allowed click
03:09:20 allowed click
03:09:20 allowed click
03:09:20 allowed click
03:09:20 allowed click
03:09:20 allowed click
03:09:20 allowed click
03:09:20 allowed click
03:09:20 allowed click
03:09:20 allowed click
03:09:20 allowed click
03:09:20 allowed click
03:09:20 allowed click
03:09:20 allowed click
03:09:20 allowed click
03:09:20 allowed click
03:09:20 allowed click
03:09:20 allowed click
03:09:20 allowed click
03:09:20 allowed click
03:09:20 allowed click
03:09:20 allowed click
03:09:20 allowed click
03:09:20 allowed click
03:09:20 allowed click
03:09:20 allowed click
03:09:20 allowed click
03:09:20 allowed click
03:09:20 allowed click
03:09:20 allowed click
03:09:20 allowed click
03:09:20 allowed click
03:09:20 allowed click
03:09:20 allowed click
03:09:20 allowed click
03:09:20 allowed click
03:09:20 allowed click
03:09:20 allowed click
03:09:20 allowed click
03:09:20 allowed click
03:09:20 allowed click
03:09:20 allowed click
03:09:20 allowed click
03:09:20 allowed click
03:09:20 allowed click
03:09:20 allowed click
03:09:20 allowed click
03:09:20 allowed click
03:09:20 allowed click
03:09:20 allowed click
03:09:20 allowed click
03:09:20 allowed click
03:09:20 allowed click
03:09:20 allowed click
03:09:20 allowed click
03:09:20 allowed click
03:09:20 allowed click
03:09:20 allowed click
03:09:20 allowed click
03:09:20 allowed click
03:09:20 allowed click
03:09:20 allowed click
03:09:20 allowed click
03:09:20 allowed click
03:09:20 allowed click
03:09:20 allowed click
03:09:20 allowed click
03:09:20 allowed click
03:09:20 allowed click
03:09:20 allowed click
03:09:20 allowed click
03:09:20 allowed click
03:09:20 allowed click
03:09:20 allowed click
03:09:20 allowed click
03:09:20 allowed click
03:09:20 allowed click
03:09:20 allowed click
03:09:20 allowed click
03:09:20 allowed click
03:09:20 allowed click
03:09:20 allowed click
03:09:20 allowed click
03:09:20 allowed click
03:09:20 allowed click
03:09:20 allowed click
03:09:20 allowed click
03:09:20 allowed click
03:09:20 allowed click
03:09:21 allowed click
03:09:21 allowed click
03:09:21 allowed click
03:09:21 allowed click
03:09:21 allowed click
03:09:21 allowed click
03:09:21 allowed click
03:09:21 allowed click
03:09:21 allowed click
03:09:21 allowed click
03:09:21 allowed click
03:09:21 allowed click
03:09:21 allowed click
03:09:21 allowed click
03:09:21 allowed click
03:09:21 allowed click
03:09:21 allowed click
03:09:21 allowed click
03:09:21 allowed click
03:09:21 allowed click
03:09:21 allowed click
03:09:21 allowed click
03:09:21 allowed click
03:09:21 allowed click
03:09:21 allowed click
03:09:21 allowed click
03:09:21 allowed click
03:09:21 allowed click
03:09:21 allowed click
03:09:21 allowed click
03:09:21 allowed click
03:09:21 allowed click
03:09:21 allowed click
03:09:21 allowed click
03:09:21 allowed click
03:09:21 allowed click
03:09:21 allowed click
03:09:21 allowed click
03:09:21 allowed click
03:09:21 allowed click
03:09:21 allowed click
03:09:21 allowed click
03:09:21 allowed click
03:09:21 allowed click
03:09:21 allowed click
03:09:21 allowed click
03:09:21 allowed click
03:09:21 allowed click
03:09:21 allowed click
03:09:21 allowed click
03:09:21 allowed click
03:09:21 allowed click
03:09:21 allowed click
03:09:21 allowed click
03:09:21 allowed click
03:09:21 allowed click
03:09:21 allowed click
03:09:21 allowed click
03:09:21 allowed click
03:09:21 allowed click
03:09:21 allowed click
03:09:21 allowed click
03:09:21 allowed click
03:09:21 allowed click
03:09:21 allowed click
03:09:21 allowed click
03:09:21 allowed click
03:09:21 allowed click
03:09:21 allowed click
03:09:21 allowed click
03:09:21 allowed click
03:09:21 allowed click
03:09:21 allowed click
03:09:21 allowed click
03:09:21 allowed click
03:09:21 allowed click
03:09:21 allowed click
03:09:21 allowed click
03:09:21 allowed click
03:09:21 allowed click
03:09:21 allowed click
03:09:21 allowed click
03:09:21 allowed click
03:09:21 allowed click
03:09:21 allowed click
03:09:21 allowed click
03:09:21 allowed click
03:09:21 allowed click
03:09:21 allowed click
03:09:21 allowed click
03:09:21 allowed click
03:09:21 allowed click
03:09:21 allowed click
03:09:21 allowed click
03:09:21 allowed click
03:09:21 allowed click
03:09:21 allowed click
03:09:21 allowed click
03:09:21 allowed click
03:09:21 allowed click
03:09:21 allowed click
03:09:21 allowed click
03:09:21 allowed click
03:09:21 allowed click
03:09:21 allowed click
03:09:21 allowed click
03:09:21 allowed click
03:09:21 allowed click
03:09:21 allowed click
03:09:21 allowed click
03:09:21 allowed click
03:09:21 allowed click
03:09:21 allowed click
03:09:21 allowed click
03:09:21 allowed click
03:09:21 allowed click
03:09:21 allowed click
03:09:21 allowed click
03:09:21 allowed click
03:09:21 allowed click
03:09:21 allowed click
03:09:21 allowed click
03:09:21 allowed click
03:09:21 allowed click
03:09:21 allowed click
03:09:21 allowed click
03:09:21 allowed click
03:09:21 allowed click
03:09:21 allowed click
03:09:21 allowed click
03:09:21 allowed click
03:09:21 allowed click
03:09:21 allowed click
03:09:21 allowed click
03:09:21 allowed click
03:09:21 allowed click
03:09:21 allowed click
03:09:21 allowed click
03:09:21 allowed click
03:09:21 allowed click
03:09:21 allowed click
03:09:21 allowed click
03:09:21 allowed click
03:09:21 allowed click
03:09:22 allowed click
03:09:22 allowed click
03:09:22 allowed click
03:09:22 allowed click
03:09:22 allowed click
03:09:22 allowed click
03:09:22 allowed click
03:09:22 allowed click
03:09:22 allowed click
03:09:22 allowed click
03:09:22 allowed click
03:09:22 allowed click
03:09:22 allowed click
03:09:22 allowed click
03:09:22 allowed click
03:09:22 allowed click
03:09:22 allowed click
03:09:22 allowed click
03:09:22 allowed click
03:09:22 allowed click
03:09:22 allowed click
03:09:22 allowed click
03:09:22 allowed click
03:09:22 allowed click
03:09:22 allowed click
03:09:22 allowed click
03:09:22 allowed click
03:09:22 allowed click
03:09:22 allowed click
03:09:22 allowed click
03:09:22 allowed click
03:09:22 allowed click
03:09:22 allowed click
03:09:22 allowed click
03:09:22 allowed click
03:09:22 allowed click
03:09:22 allowed click
03:09:22 allowed click
03:09:22 allowed click
03:09:22 allowed click
03:09:22 allowed click
03:09:22 allowed click
03:09:22 allowed click
03:09:22 allowed click
03:09:22 allowed click
03:09:22 allowed click
03:09:22 allowed click
03:09:22 allowed click
03:09:22 allowed click
03:09:22 allowed click
03:09:22 allowed click
03:09:22 allowed click
03:09:22 allowed click
03:09:22 allowed click
03:09:22 allowed click
03:09:22 allowed click
03:09:22 allowed click
03:09:22 allowed click
03:09:22 allowed click
03:09:22 allowed click
03:09:22 allowed click
03:09:22 allowed click
03:09:22 allowed click
03:09:22 allowed click
03:09:22 allowed click
03:09:22 allowed click
03:09:22 allowed click
03:09:22 allowed click
03:09:22 allowed click
03:09:22 allowed click
03:09:22 allowed click
03:09:22 allowed click
03:09:22 allowed click
03:09:22 allowed click
03:09:22 allowed click
03:09:22 allowed click
03:09:22 allowed click
03:09:22 allowed click
03:09:22 allowed click
03:09:22 allowed click
03:09:22 allowed click
03:09:22 allowed click
03:09:22 allowed click
03:09:22 allowed click
03:09:22 allowed click
03:09:22 allowed click
03:09:22 allowed click
03:09:22 allowed click
03:09:22 allowed click
03:09:22 allowed click
03:09:22 allowed click
03:09:22 allowed click
03:09:22 allowed click
03:09:22 allowed click
03:09:22 allowed click
03:09:22 allowed click
03:09:22 allowed click
03:09:22 allowed click
03:09:22 allowed click
03:09:22 allowed click
03:09:22 allowed click
03:09:22 allowed click
03:09:22 allowed click
03:09:22 allowed click
03:09:22 allowed click
03:09:22 allowed click
03:09:22 allowed click
03:09:22 allowed click
03:09:22 allowed click
03:09:22 allowed click
03:09:22 allowed click
03:09:22 allowed click
03:09:22 allowed click
03:09:22 allowed click
03:09:22 allowed click
03:09:22 allowed click
03:23:20 
03:23:20 blocked link because:
03:23:20 isNotInSignAndOnSlot
03:23:20 
03:23:20 
03:23:20 blocked link because:
03:23:20 isNotInSignAndOnSlot
03:23:20 
03:23:20 allowed click
03:23:20 allowed click
03:23:20 allowed click
03:23:20 allowed click
03:23:20 allowed click
03:23:20 allowed click
03:23:20 allowed click
03:23:20 allowed click
03:23:20 allowed click
03:23:20 allowed click
03:23:20 allowed click
03:23:20 allowed click
03:23:20 allowed click
03:23:20 allowed click
03:23:20 allowed click
03:23:20 allowed click
03:23:21 allowed click
03:23:21 allowed click
03:23:21 allowed click
03:23:21 allowed click
03:23:21 allowed click
03:23:21 allowed click
03:23:21 allowed click
03:23:21 allowed click
03:23:21 allowed click
03:23:21 allowed click
03:23:21 allowed click
03:23:21 allowed click
03:23:21 allowed click
03:23:21 allowed click
03:23:21 allowed click
03:23:21 allowed click
03:23:21 allowed click
03:23:21 allowed click
03:23:21 allowed click
03:23:21 allowed click
03:23:21 allowed click
03:23:21 allowed click
03:23:21 allowed click
03:23:21 allowed click
03:23:21 allowed click
03:23:21 allowed click
03:23:21 allowed click
03:23:21 allowed click
03:23:21 allowed click
03:23:21 allowed click
03:23:21 allowed click
03:23:21 allowed click
03:23:21 allowed click
03:23:21 allowed click
03:23:21 allowed click
03:23:21 allowed click
03:23:21 allowed click
03:23:21 allowed click
03:23:21 allowed click
03:23:21 allowed click
03:23:21 allowed click
03:23:21 allowed click
03:23:21 allowed click
03:23:21 allowed click
03:23:21 allowed click
03:23:21 allowed click
03:23:21 allowed click
03:23:21 allowed click
03:23:21 allowed click
03:23:21 allowed click
03:23:21 allowed click
03:23:21 allowed click
03:23:21 allowed click
03:23:21 allowed click
03:23:21 allowed click
03:23:21 allowed click
03:23:21 allowed click
03:23:21 allowed click
03:23:21 allowed click
03:23:21 allowed click
03:23:21 allowed click
03:23:21 allowed click
03:23:21 allowed click
03:23:21 allowed click
03:23:21 allowed click
03:23:21 allowed click
03:23:21 allowed click
03:23:21 allowed click
