23:34:32 Trying to load config from config\skyhanni\config.json
23:34:32 load-config-now
23:34:33 Loaded config from file
23:34:33 Trying to load sacks from config\skyhanni\sacks.json
23:34:33 load-sacks-now
23:34:33 Loaded sacks from file
23:34:33 Trying to load friends from config\skyhanni\friends.json
23:34:33 load-friends-now
23:34:33 Loaded friends from file
23:34:33 Trying to load known_features from config\skyhanni\known_features.json
23:34:33 load-known_features-now
23:34:33 Loaded known_features from file
23:34:33 Trying to load jacob_contests from config\skyhanni\jacob_contests.json
23:34:33 load-jacob_contests-now
23:34:33 Loaded jacob_contests from file
23:34:33 Trying to load visual_words from config\skyhanni\visual_words.json
23:34:33 Setting visual_words to be blank as it did not exist. It will be saved once something is written to it
23:35:33 saveConfig: auto-save-60s
23:35:33 Saving config file
23:35:33 Saved config file successfully
23:35:33 saveConfig: auto-save-60s
23:35:33 Saving config file
23:35:33 Saved config file successfully
23:36:05 saveConfig: Updated known feature flags
23:36:05 Saving known_features file
23:36:05 Saved known_features file successfully
23:36:05 saveConfig: Updated known feature flags
23:36:05 Saving known_features file
23:36:05 Saved known_features file successfully
23:36:33 saveConfig: auto-save-60s
23:36:33 Saving config file
23:36:33 Saved config file successfully
23:36:33 saveConfig: auto-save-60s
23:36:33 Saving config file
23:36:33 Saved config file successfully
23:37:33 saveConfig: auto-save-60s
23:37:33 Saving config file
23:37:33 Saved config file successfully
23:37:33 saveConfig: auto-save-60s
23:37:33 Saving config file
23:37:33 Saved config file successfully
23:38:33 saveConfig: auto-save-60s
23:38:33 Saving config file
23:38:33 Saved config file successfully
23:38:33 saveConfig: auto-save-60s
23:38:33 Saving config file
23:38:33 Saved config file successfully
23:39:33 saveConfig: auto-save-60s
23:39:33 Saving config file
23:39:33 Saved config file successfully
23:39:33 saveConfig: auto-save-60s
23:39:33 Saving config file
23:39:33 Saved config file successfully
23:40:33 saveConfig: auto-save-60s
23:40:33 Saving config file
23:40:33 Saved config file successfully
23:40:33 saveConfig: auto-save-60s
23:40:33 Saving config file
23:40:33 Saved config file successfully
23:41:33 saveConfig: auto-save-60s
23:41:33 Saving config file
23:41:33 Saved config file successfully
23:41:33 saveConfig: auto-save-60s
23:41:33 Saving config file
23:41:33 Saved config file successfully
23:42:33 saveConfig: auto-save-60s
23:42:33 Saving config file
23:42:33 Saved config file successfully
23:42:33 saveConfig: auto-save-60s
23:42:33 Saving config file
23:42:33 Saved config file successfully
23:43:33 saveConfig: auto-save-60s
23:43:33 Saving config file
23:43:33 Saved config file successfully
23:43:33 saveConfig: auto-save-60s
23:43:33 Saving config file
23:43:33 Saved config file successfully
23:44:33 saveConfig: auto-save-60s
23:44:33 Saving config file
23:44:33 Saved config file successfully
23:44:33 saveConfig: auto-save-60s
23:44:33 Saving config file
23:44:33 Saved config file successfully
23:45:33 saveConfig: auto-save-60s
23:45:33 Saving config file
23:45:33 Saved config file successfully
23:45:33 saveConfig: auto-save-60s
23:45:33 Saving config file
23:45:33 Saved config file successfully
23:46:33 saveConfig: auto-save-60s
23:46:33 Saving config file
23:46:33 Saved config file successfully
23:46:33 saveConfig: auto-save-60s
23:46:33 Saving config file
23:46:33 Saved config file successfully
23:47:33 saveConfig: auto-save-60s
23:47:33 Saving config file
23:47:33 Saved config file successfully
23:47:33 saveConfig: auto-save-60s
23:47:33 Saving config file
23:47:33 Saved config file successfully
23:48:33 saveConfig: auto-save-60s
23:48:33 Saving config file
23:48:33 Saved config file successfully
23:48:33 saveConfig: auto-save-60s
23:48:33 Saving config file
23:48:33 Saved config file successfully
23:49:33 saveConfig: auto-save-60s
23:49:33 Saving config file
23:49:33 Saved config file successfully
23:49:33 saveConfig: auto-save-60s
23:49:33 Saving config file
23:49:33 Saved config file successfully
23:50:33 saveConfig: auto-save-60s
23:50:33 Saving config file
23:50:33 Saved config file successfully
23:50:33 saveConfig: auto-save-60s
23:50:33 Saving config file
23:50:33 Saved config file successfully
23:51:33 saveConfig: auto-save-60s
23:51:33 Saving config file
23:51:33 Saved config file successfully
23:51:33 saveConfig: auto-save-60s
23:51:33 Saving config file
23:51:33 Saved config file successfully
23:52:33 saveConfig: auto-save-60s
23:52:33 Saving config file
23:52:33 Saved config file successfully
23:52:33 saveConfig: auto-save-60s
23:52:33 Saving config file
23:52:33 Saved config file successfully
23:53:33 saveConfig: auto-save-60s
23:53:33 Saving config file
23:53:33 Saved config file successfully
23:53:33 saveConfig: auto-save-60s
23:53:33 Saving config file
23:53:33 Saved config file successfully
23:54:33 saveConfig: auto-save-60s
23:54:33 Saving config file
23:54:33 Saved config file successfully
23:54:33 saveConfig: auto-save-60s
23:54:33 Saving config file
23:54:33 Saved config file successfully
23:55:33 saveConfig: auto-save-60s
23:55:33 Saving config file
23:55:33 Saved config file successfully
23:55:33 saveConfig: auto-save-60s
23:55:33 Saving config file
23:55:33 Saved config file successfully
23:56:33 saveConfig: auto-save-60s
23:56:33 Saving config file
23:56:33 Saved config file successfully
23:56:33 saveConfig: auto-save-60s
23:56:33 Saving config file
23:56:33 Saved config file successfully
23:57:33 saveConfig: auto-save-60s
23:57:33 Saving config file
23:57:33 Saved config file successfully
23:57:33 saveConfig: auto-save-60s
23:57:33 Saving config file
23:57:33 Saved config file successfully
23:58:33 saveConfig: auto-save-60s
23:58:33 Saving config file
23:58:33 Saved config file successfully
23:58:33 saveConfig: auto-save-60s
23:58:33 Saving config file
23:58:33 Saved config file successfully
23:59:33 saveConfig: auto-save-60s
23:59:33 Saving config file
23:59:33 Saved config file successfully
23:59:33 saveConfig: auto-save-60s
23:59:33 Saving config file
23:59:33 Saved config file successfully
00:00:33 saveConfig: auto-save-60s
00:00:33 Saving config file
00:00:33 Saved config file successfully
00:00:33 saveConfig: auto-save-60s
00:00:33 Saving config file
00:00:33 Saved config file successfully
00:01:33 saveConfig: auto-save-60s
00:01:33 Saving config file
00:01:33 Saved config file successfully
00:01:33 saveConfig: auto-save-60s
00:01:33 Saving config file
00:01:33 Saved config file successfully
00:01:48 saveConfig: saving-data
00:01:48 Saving sacks file
00:01:48 Saved sacks file successfully
00:01:48 saveConfig: saving-data
00:01:48 Saving sacks file
00:01:48 Saved sacks file successfully
00:02:05 saveConfig: saving-data
00:02:05 Saving sacks file
00:02:05 Saved sacks file successfully
00:02:05 saveConfig: saving-data
00:02:05 Saving sacks file
00:02:05 Saved sacks file successfully
00:02:13 saveConfig: saving-data
00:02:13 Saving sacks file
00:02:13 Saved sacks file successfully
00:02:13 saveConfig: saving-data
00:02:13 Saving sacks file
00:02:14 Saved sacks file successfully
00:02:30 saveConfig: saving-data
00:02:30 Saving sacks file
00:02:30 Saved sacks file successfully
00:02:30 saveConfig: saving-data
00:02:30 Saving sacks file
00:02:30 Saved sacks file successfully
00:02:33 saveConfig: auto-save-60s
00:02:33 Saving config file
00:02:33 Saved config file successfully
00:02:33 saveConfig: auto-save-60s
00:02:33 Saving config file
00:02:33 Saved config file successfully
00:02:49 saveConfig: saving-data
00:02:49 Saving sacks file
00:02:49 Saved sacks file successfully
00:02:49 saveConfig: saving-data
00:02:49 Saving sacks file
00:02:49 Saved sacks file successfully
00:02:59 saveConfig: saving-data
00:02:59 Saving sacks file
00:02:59 Saved sacks file successfully
00:02:59 saveConfig: saving-data
00:02:59 Saving sacks file
00:02:59 Saved sacks file successfully
00:03:33 saveConfig: auto-save-60s
00:03:33 Saving config file
00:03:33 Saved config file successfully
00:03:33 saveConfig: auto-save-60s
00:03:33 Saving config file
00:03:33 Saved config file successfully
00:04:33 saveConfig: auto-save-60s
00:04:33 Saving config file
00:04:33 Saved config file successfully
00:04:33 saveConfig: auto-save-60s
00:04:33 Saving config file
00:04:33 Saved config file successfully
00:05:33 saveConfig: auto-save-60s
00:05:33 Saving config file
00:05:33 Saved config file successfully
00:05:33 saveConfig: auto-save-60s
00:05:33 Saving config file
00:05:33 Saved config file successfully
00:06:33 saveConfig: auto-save-60s
00:06:33 Saving config file
00:06:33 Saved config file successfully
00:06:33 saveConfig: auto-save-60s
00:06:33 Saving config file
00:06:33 Saved config file successfully
00:07:33 saveConfig: auto-save-60s
00:07:33 Saving config file
00:07:33 Saved config file successfully
00:07:33 saveConfig: auto-save-60s
00:07:33 Saving config file
00:07:33 Saved config file successfully
00:08:33 saveConfig: auto-save-60s
00:08:33 Saving config file
00:08:33 Saved config file successfully
00:08:33 saveConfig: auto-save-60s
00:08:33 Saving config file
00:08:33 Saved config file successfully
00:09:15 saveConfig: shutdown-hook
00:09:15 Saving config file
00:09:15 Saved config file successfully
00:09:15 saveConfig: shutdown-hook
00:09:15 Saving config file
00:09:15 Saved config file successfully
