12:11:08 [GARDEN_VISITOR_MESSAGE] §e[NPC] §aEmissary Ceanna§f: §r§fThe King's favorite emissary is here to request potatoes for the King's great feast! 
12:11:10 [GARDEN_VISITOR_MESSAGE] §e[NPC] §aEmissary Ceanna§f: §r§fMaybe the King will even announce me as his favorite at the feast!
12:11:10 [GARDEN_VISITOR_MESSAGE] §e[NPC] §9Gold Forger§f: §r§fDo Golden Carrots taste different than normal ones? I've actually never tried one before so I am pretty curious how they taste.
12:11:13 [GARDEN_VISITOR_MESSAGE] §e[NPC] §9Gold Forger§f: §r§fThey would've probably tasted bad anyways...
12:11:13 [GARDEN_VISITOR_MESSAGE] §e[NPC] §aRhys§f: §r§fI found an unexplored cave while mining for titanium. But it's too dark to see in there, even for me! Can you spare any glowing pumpkins?
12:11:15 [GARDEN_VISITOR_MESSAGE] §e[NPC] §aRhys§f: §r§fWell then, I will even mine in total darkness if I must!
12:11:15 [GARDEN_VISITOR_MESSAGE] §e[NPC] §aTrevor§f: §r§fI've been tracking an animal for the past few days. Got anything I could use as bait?
12:11:18 [GARDEN_VISITOR_MESSAGE] §e[NPC] §aTrevor§f: §r§fLooks like I'll have to catch it the old fashioned way.
12:11:26 [PEST_DROP] §eYou received §a67x Enchanted Potato §efor killing a §2Locust§e!
12:11:32 [PEST_DROP] §eYou received §a85x Enchanted Potato §efor killing a §2Locust§e!
12:11:46 [PEST_DROP] §eYou received §a99x Enchanted Potato §efor killing a §2Locust§e!
12:11:54 [PEST_DROP] §eYou received §a108x Enchanted Potato §efor killing a §2Locust§e!
12:12:00 [PEST_DROP] §eYou received §a112x Enchanted Potato §efor killing a §2Locust§e!
12:12:03 [PEST_DROP] §eYou received §a112x Enchanted Potato §efor killing a §2Locust§e!
12:12:07 [PEST_DROP] §eYou received §a113x Enchanted Potato §efor killing a §2Locust§e!
12:12:13 [PEST_DROP] §eYou received §a92x Enchanted Nether Wart §efor killing a §2Beetle§e!
12:12:19 [PEST_DROP] §eYou received §a32x Enchanted Pumpkin §efor killing a §2Rat§e!
12:12:19 [PEST_DROP] §eYou received §a32x Enchanted Pumpkin §efor killing a §2Rat§e!
12:12:19 [PEST_DROP] §eYou received §a32x Enchanted Pumpkin §efor killing a §2Rat§e!
12:12:20 [PEST_DROP] §eYou received §a139x Enchanted Nether Wart §efor killing a §2Field Mouse§e!
12:12:20 [PEST_DROP] §eYou received §a1x Honey Jar §efor killing a §2Field Mouse§e!
12:12:20 [PEST_DROP] §eYou received §a1x Plant Matter §efor killing a §2Field Mouse§e!
12:12:20 [PEST_DROP] §eYou received §a1x Tasty Cheese §efor killing a §2Field Mouse§e!
12:12:20 [PEST_DROP] §eYou received §a1x Compost §efor killing a §2Field Mouse§e!
12:12:20 [PEST_DROP] §eYou received §a1x Dung §efor killing a §2Field Mouse§e!
12:12:20 [PEST_DROP] §eYou received §a32x Enchanted Wheat §efor killing a §2Fly§e!
12:12:20 [PEST_DROP] §eYou received §a162x Enchanted Melon §efor killing an §2Earthworm§e!
12:12:22 [PEST_DROP] §eYou received §a112x Enchanted Potato §efor killing a §2Locust§e!
12:12:22 [PEST_DROP] §eYou received §a1x Honey Jar §efor killing a §2Field Mouse§e!
12:12:22 [PEST_DROP] §eYou received §a1x Plant Matter §efor killing a §2Field Mouse§e!
12:12:22 [PEST_DROP] §eYou received §a1x Tasty Cheese §efor killing a §2Field Mouse§e!
12:12:22 [PEST_DROP] §eYou received §a1x Compost §efor killing a §2Field Mouse§e!
12:12:22 [PEST_DROP] §eYou received §a48x Enchanted Red Mushroom §efor killing a §2Field Mouse§e!
12:12:22 [PEST_DROP] §eYou received §a1x Dung §efor killing a §2Field Mouse§e!
12:12:22 [PEST_DROP] §eYou received §a111x Enchanted Carrot §efor killing a §2Cricket§e!
12:33:02 [SLAYER_RNG_METER]    §dRNG Meter §f- §d488,225 Stored XP
12:35:16 [SLAYER_RNG_METER]    §dRNG Meter §f- §d489,725 Stored XP
12:37:53 [SLAYER_RNG_METER]    §dRNG Meter §f- §d491,225 Stored XP
12:40:09 [SLAYER_RNG_METER]    §dRNG Meter §f- §d492,725 Stored XP
14:35:36 [GARDEN_VISITOR_MESSAGE] §e[NPC] §aFriendly Hiker§f: §r§fThat's alright. I can always head into the Oasis to hunt down some sheep.
14:35:37 [GARDEN_VISITOR_MESSAGE] §e[NPC] §9Grandma Wolf§f: §r§fMy little child, you don't look so good. You should eat something. I have an idea, give me some ingredients and I'll make you a nice soup.
14:35:39 [GARDEN_VISITOR_MESSAGE] §e[NPC] §9Grandma Wolf§f: §r§fI will make you a meal that you won't forget!
14:35:40 [GARDEN_VISITOR_MESSAGE] §e[NPC] §aGimley§f: §r§fbUuUrP!?!?
14:35:41 [GARDEN_VISITOR_MESSAGE] §e[NPC] §aGimley§f: §r§fBURP BURP!?!
14:35:41 [GARDEN_VISITOR_MESSAGE] §e[NPC] §9Lumina§f: §r§fI'm looking to make some Jack o' Lanterns to help light up the Crystal Hollows - maybe you can help me out?
14:35:53 [GARDEN_VISITOR_MESSAGE] §e[NPC] §9Lumina§f: §r§fNice doin' business with ya! Here's some copper in return.
16:40:00 [STASH_COMPACT] §f                 §7You have §334 §7materials stashed away!
16:40:00 [STASH_COMPACT] §f               §8(This totals 1 type of material stashed!)
16:40:00 [STASH_COMPACT] §f                §3§l>>> §3§lCLICK HERE§b to pick them up! §3§l<<<
16:40:00 [STASH_COMPACT]   
