11:52:07 §e[SkyHanni] Reloaded 7436 items in the NEU repo§r
12:12:09 §e[SkyHanni] Loaded Potato milestone data from tab list!§r
12:23:20 §e[SkyHanni] Low on arrows §e(100 left)§r
12:24:50 §e[SkyHanni] Low on arrows §e(86 left)§r
12:36:13 §e[SkyHanni] §eRemoved invalid Profile Upgrade information.§r
12:45:14 §e[SkyHanni] §b+10 SkyBlock XP §7(Rusty§7)§b (56/100)§r
12:46:26 §e[SkyHanni] §b+10 SkyBlock XP §7(Plumber Joe§7)§b (66/100)§r
12:48:56 §e[SkyHanni] §b+10 SkyBlock XP §7(§5Pablo§7)§b (76/100)§r
12:50:11 §e[SkyHanni] §b+10 SkyBlock XP §7(§5Rollim§7)§b (86/100)§r
12:52:03 §e[SkyHanni] §b+10 SkyBlock XP §7(Maxwell§7)§b (96/100)§r
12:55:08 §e[SkyHanni] §b+10 SkyBlock XP §7(§5Maddox the Slayer§7)§b (6/100)§r
12:58:13 §e[SkyHanni] §b+10 SkyBlock XP §7(§5Igrupan§7)§b (16/100)§r
12:59:41 §e[SkyHanni] §b+10 SkyBlock XP §7(§dKaus§7)§b (26/100)§r
13:02:23 §e[SkyHanni] §b+10 SkyBlock XP §7(§cAranya§7)§b (36/100)§r
13:06:35 §e[SkyHanni] SkyHanni has a even faster fairy soul pathfinding logic. click here to enable it.§r
13:09:45 §e[SkyHanni] §cYour Time Tower just expired and has 1 charge remaining. Click here to open the Chocolate Factory Menu.§r
13:14:39 §e[SkyHanni] §b+1 SkyBlock XP §7(HOTM Progression§7)§b (37/100)§r
13:15:07 §e[SkyHanni] §b+1 SkyBlock XP §7(HOTM Progression§7)§b (38/100)§r
13:15:52 §e[SkyHanni] §b+1 SkyBlock XP §7(HOTM Progression§7)§b (39/100)§r
13:17:14 §e[SkyHanni] §b+1 SkyBlock XP §7(HOTM Progression§7)§b (44/100)§r
13:17:50 §e[SkyHanni] §b+1 SkyBlock XP §7(HOTM Progression§7)§b (45/100)§r
13:20:20 §e[SkyHanni] §b+1 SkyBlock XP §7(HOTM Progression§7)§b (46/100)§r
13:21:06 §e[SkyHanni] §b+1 SkyBlock XP §7(HOTM Progression§7)§b (47/100)§r
13:22:52 §e[SkyHanni] §b+2 SkyBlock XP §7(HOTM Progression§7)§b (49/100)§r
13:24:19 §e[SkyHanni] §b+3 SkyBlock XP §7(HOTM Progression§7)§b (52/100)§r
13:48:59 §e[SkyHanni] §b+1 SkyBlock XP §7(HOTM Progression§7)§b (53/100)§r
13:52:19 §e[SkyHanni] §b+1 SkyBlock XP §7(HOTM Progression§7)§b (54/100)§r
14:10:43 §e[SkyHanni] §b+6 SkyBlock XP §7(Crafted Minion§7)§b (74/100)§r
14:10:46 §e[SkyHanni] §b+12 SkyBlock XP §7(Crafted Minion§7)§b (86/100)§r
14:10:47 §e[SkyHanni] §b+24 SkyBlock XP §7(Crafted Minion§7)§b (10/100)§r
14:17:49 §e[SkyHanni] §b+8 SkyBlock XP §7(Accessory Bag§7)§b (18/100)§r
14:32:19 §e[SkyHanni] §b+4 SkyBlock XP §7(Accessory Bag§7)§b (22/100)§r
14:35:14 §e[SkyHanni] §b+10 SkyBlock XP §7(Queen Mismyla§7)§b (32/100)§r
14:35:33 §e[SkyHanni] §aFriendly Hiker §eis visiting your garden!§r
14:35:33 §e[SkyHanni] §9Grandma Wolf §eis visiting your garden!§r
14:35:33 §e[SkyHanni] §aGimley §eis visiting your garden!§r
14:35:33 §e[SkyHanni] §9Lumina §eis visiting your garden!§r
14:36:56 §e[SkyHanni] §b+10 SkyBlock XP §7(Jacob§7)§b (42/100)§r
14:37:08 §e[SkyHanni] §b+10 SkyBlock XP §7(Anita§7)§b (52/100)§r
14:37:36 §e[SkyHanni] §b+2 SkyBlock XP §7(Accessory Bag§7)§b (54/100)§r
16:19:45 §e[SkyHanni] Gained §d48,750 motes §ethis Rift session! (§d11k/h§e)§r
16:20:22 §e[SkyHanni] §b+2 SkyBlock XP §7(Accessory Bag§7)§b (56/100)§r
16:33:23 §e[SkyHanni] §lCLICK HERE§r§e to grab §ax66 §9§9Enchanted Melon Block§e from sacks!§r
16:34:30 §e[SkyHanni] §lCLICK HERE§r§e to grab §ax41 §9§aEnchanted Golden Carrot§e from sacks!§r
16:40:00 §e[SkyHanni] §bYou have §334 §bmaterials in stash, §btotalling §31 type§b. §bClick to §3pickup §byour stash!§r
16:56:27 §e[SkyHanni] §b+10 SkyBlock XP §7(George§7)§b (66/100)§r
16:56:34 §e[SkyHanni] You have gained §b495 §eBits.§r
16:57:20 §e[SkyHanni] §b+10 SkyBlock XP §7(§dTia the Fairy§7)§b (76/100)§r
17:05:12 §c[SkyHanni] Tia Relay Helper error: Too much background noise! Try turning off the music and then try again.§r
17:05:12 §e[SkyHanni] Click here to run /togglemusic§r
17:05:33 §c[SkyHanni] Tia Relay Helper error: Too much background noise! Try turning off the music and then try again.§r
17:05:33 §e[SkyHanni] Click here to run /togglemusic§r
17:05:47 §c[SkyHanni] Tia Relay Helper error: Too much background noise! Try turning off the music and then try again.§r
17:05:47 §e[SkyHanni] Click here to run /togglemusic§r
