19:20:29 Trying to load config from config\skyhanni\config.json
19:20:29 load-config-now
19:20:30 Loaded config from file
19:20:30 Trying to load sacks from config\skyhanni\sacks.json
19:20:30 load-sacks-now
19:20:31 Loaded sacks from file
19:20:31 Trying to load friends from config\skyhanni\friends.json
19:20:31 load-friends-now
19:20:31 Loaded friends from file
19:20:31 Trying to load known_features from config\skyhanni\known_features.json
19:20:31 load-known_features-now
19:20:31 Loaded known_features from file
19:20:31 Trying to load jacob_contests from config\skyhanni\jacob_contests.json
19:20:31 load-jacob_contests-now
19:20:31 Loaded jacob_contests from file
19:20:31 Trying to load visual_words from config\skyhanni\visual_words.json
19:20:31 Setting visual_words to be blank as it did not exist. It will be saved once something is written to it
19:21:31 saveConfig: auto-save-60s
19:21:31 Saving config file
19:21:31 Saved config file successfully
19:21:31 saveConfig: auto-save-60s
19:21:31 Saving config file
19:21:31 Saved config file successfully
19:22:31 saveConfig: auto-save-60s
19:22:31 Saving config file
19:22:31 Saved config file successfully
19:22:31 saveConfig: auto-save-60s
19:22:31 Saving config file
19:22:31 Saved config file successfully
19:22:52 saveConfig: Updated known feature flags
19:22:52 Saving known_features file
19:22:52 Saved known_features file successfully
19:22:52 saveConfig: Updated known feature flags
19:22:52 Saving known_features file
19:22:52 Saved known_features file successfully
19:23:31 saveConfig: auto-save-60s
19:23:31 Saving config file
19:23:31 Saved config file successfully
19:23:31 saveConfig: auto-save-60s
19:23:31 Saving config file
19:23:31 Saved config file successfully
19:24:31 saveConfig: auto-save-60s
19:24:31 Saving config file
19:24:31 Saved config file successfully
19:24:31 saveConfig: auto-save-60s
19:24:31 Saving config file
19:24:31 Saved config file successfully
19:25:31 saveConfig: auto-save-60s
19:25:31 Saving config file
19:25:31 Saved config file successfully
19:25:31 saveConfig: auto-save-60s
19:25:31 Saving config file
19:25:31 Saved config file successfully
19:26:31 saveConfig: auto-save-60s
19:26:31 Saving config file
19:26:31 Saved config file successfully
19:26:31 saveConfig: auto-save-60s
19:26:31 Saving config file
19:26:31 Saved config file successfully
19:27:31 saveConfig: auto-save-60s
19:27:31 Saving config file
19:27:31 Saved config file successfully
19:27:31 saveConfig: auto-save-60s
19:27:31 Saving config file
19:27:31 Saved config file successfully
19:28:31 saveConfig: auto-save-60s
19:28:31 Saving config file
19:28:31 Saved config file successfully
19:28:31 saveConfig: auto-save-60s
19:28:31 Saving config file
19:28:31 Saved config file successfully
19:29:31 saveConfig: auto-save-60s
19:29:31 Saving config file
19:29:31 Saved config file successfully
19:29:31 saveConfig: auto-save-60s
19:29:31 Saving config file
19:29:31 Saved config file successfully
19:30:31 saveConfig: auto-save-60s
19:30:31 Saving config file
19:30:31 Saved config file successfully
19:30:31 saveConfig: auto-save-60s
19:30:31 Saving config file
19:30:31 Saved config file successfully
19:31:31 saveConfig: auto-save-60s
19:31:31 Saving config file
19:31:31 Saved config file successfully
19:31:31 saveConfig: auto-save-60s
19:31:31 Saving config file
19:31:31 Saved config file successfully
19:32:31 saveConfig: auto-save-60s
19:32:31 Saving config file
19:32:31 Saved config file successfully
19:32:31 saveConfig: auto-save-60s
19:32:31 Saving config file
19:32:31 Saved config file successfully
19:33:31 saveConfig: auto-save-60s
19:33:31 Saving config file
19:33:31 Saved config file successfully
19:33:31 saveConfig: auto-save-60s
19:33:31 Saving config file
19:33:31 Saved config file successfully
19:34:31 saveConfig: auto-save-60s
19:34:31 Saving config file
19:34:31 Saved config file successfully
19:34:31 saveConfig: auto-save-60s
19:34:31 Saving config file
19:34:31 Saved config file successfully
19:35:31 saveConfig: auto-save-60s
19:35:31 Saving config file
19:35:31 Saved config file successfully
19:35:31 saveConfig: auto-save-60s
19:35:31 Saving config file
19:35:31 Saved config file successfully
19:36:31 saveConfig: auto-save-60s
19:36:31 Saving config file
19:36:31 Saved config file successfully
19:36:31 saveConfig: auto-save-60s
19:36:31 Saving config file
19:36:31 Saved config file successfully
19:37:31 saveConfig: auto-save-60s
19:37:31 Saving config file
19:37:31 Saved config file successfully
19:37:31 saveConfig: auto-save-60s
19:37:31 Saving config file
19:37:31 Saved config file successfully
19:38:31 saveConfig: auto-save-60s
19:38:31 Saving config file
19:38:31 Saved config file successfully
19:38:31 saveConfig: auto-save-60s
19:38:31 Saving config file
19:38:31 Saved config file successfully
19:39:31 saveConfig: auto-save-60s
19:39:31 Saving config file
19:39:31 Saved config file successfully
19:39:31 saveConfig: auto-save-60s
19:39:31 Saving config file
19:39:31 Saved config file successfully
19:39:58 saveConfig: shutdown-hook
19:39:58 Saving config file
