12:54:13 [PEST_DROP] §eYou received §a20x Enchanted Wheat §efor killing a §2Fly§e!
12:54:23 [PEST_DROP] §eYou received §a72x Enchanted Nether Wart §efor killing a §2Beetle§e!
12:54:25 [PEST_DROP] §eYou received §a102x Enchanted Potato §efor killing a §2Locust§e!
12:54:34 [PEST_DROP] §eYou received §a31x Enchanted Wheat §efor killing a §2Fly§e!
12:54:45 [PEST_DROP] §eYou received §a97x Enchanted Cocoa Beans §efor killing a §2Moth§e!
12:54:55 [PEST_DROP] §eYou received §a116x Enchanted Potato §efor killing a §2Locust§e!
12:55:03 [PEST_DROP] §eYou received §a115x Enchanted Potato §efor killing a §2Locust§e!
12:55:08 [PEST_DROP] §eYou received §a115x Enchanted Potato §efor killing a §2Locust§e!
12:55:15 [PEST_DROP] §eYou received §a115x Enchanted Carrot §efor killing a §2Cricket§e!
12:55:15 [PEST_DROP] §eYou received §a1x Honey Jar §efor killing a §2Field Mouse§e!
12:55:15 [PEST_DROP] §eYou received §a1x Plant Matter §efor killing a §2Field Mouse§e!
12:55:15 [PEST_DROP] §eYou received §a172x Enchanted Potato §efor killing a §2Field Mouse§e!
12:55:15 [PEST_DROP] §eYou received §a1x Tasty Cheese §efor killing a §2Field Mouse§e!
12:55:15 [PEST_DROP] §eYou received §a1x Compost §efor killing a §2Field Mouse§e!
12:55:15 [PEST_DROP] §eYou received §a1x Dung §efor killing a §2Field Mouse§e!
12:55:15 [PEST_DROP] §eYou received §a96x Enchanted Cocoa Beans §efor killing a §2Moth§e!
12:55:16 [PEST_DROP] §eYou received §a66x Enchanted Cactus Green §efor killing a §2Mite§e!
12:55:16 [PEST_DROP] §eYou received §a67x Enchanted Cactus Green §efor killing a §2Mite§e!
12:55:16 [PEST_DROP] §eYou received §a66x Enchanted Cactus Green §efor killing a §2Mite§e!
12:55:17 [PEST_DROP] §eYou received §a33x Enchanted Pumpkin §efor killing a §2Rat§e!
12:55:17 [PEST_DROP] §eYou received §a66x Enchanted Cactus Green §efor killing a §2Mite§e!
12:55:17 [PEST_DROP] §eYou received §a33x Enchanted Wheat §efor killing a §2Fly§e!
12:55:29 [GARDEN_VISITOR_MESSAGE] §e[NPC] §aTerry§f: §r§fAhoy, §bKobeAim§f! People always tell me they like ice cream, but ice never really tastes like anything for me!
12:55:31 [GARDEN_VISITOR_MESSAGE] §e[NPC] §aTerry§f: §r§fI'll keep crunching on those ice cubes, maybe I am missing something.
12:55:31 [GARDEN_VISITOR_MESSAGE] §e[NPC] §aFisherman Gerald§f: §r§fA Carrot King has been scaring off all the good fish, I need to deal with it before I lose more fish.
12:55:33 [GARDEN_VISITOR_MESSAGE] §e[NPC] §aFisherman Gerald§f: §r§fS'alright, we are all busy some days.
12:55:34 [GARDEN_VISITOR_MESSAGE] §e[NPC] §9Gold Forger§f: §r§fDo Golden Carrots taste different than normal ones? I've actually never tried one before so I am pretty curious how they taste.
12:55:37 [GARDEN_VISITOR_MESSAGE] §e[NPC] §9Gold Forger§f: §r§fThey would've probably tasted bad anyways...
12:55:37 [GARDEN_VISITOR_MESSAGE] §e[NPC] §aFelix§f: §r§fYou won't be able to store any items in the Garden, you should keep them on your Private Island!
12:55:39 [GARDEN_VISITOR_MESSAGE] §e[NPC] §aFelix§f: §r§fMaybe next time.
13:47:00 [PUZZLE_FAIL] §c§lPUZZLE FAIL! §r§7zandkorrel_ §r§ekilled a Blaze in the wrong order! §r§4Y§r§ci§r§6k§r§ee§r§as§r§2!
14:02:21 [COMPACT_POTION_EFFECT] §a§lBUFF! §fYou have gained §r§4Regeneration IV§r§f! Press TAB or type /effects to view your active effects!
14:02:21 [COMPACT_POTION_EFFECT] §a§lBUFF! §fYou have gained §r§4Strength IV§r§f! Press TAB or type /effects to view your active effects!
14:02:21 [COMPACT_POTION_EFFECT] §a§lBUFF! §fYou have gained §r§4Critical III§r§f! Press TAB or type /effects to view your active effects!
14:02:21 [COMPACT_POTION_EFFECT] §a§lBUFF! §fYou have gained §r§9Speed IV§r§f! Press TAB or type /effects to view your active effects!
14:02:21 [COMPACT_POTION_EFFECT] §a§lBUFF! §fYou have gained §r§aResistance IV§r§f! Press TAB or type /effects to view your active effects!
14:02:21 [COMPACT_POTION_EFFECT] §a§lBUFF! §fYou have gained §r§bArchery III§r§f! Press TAB or type /effects to view your active effects!
14:21:03 [PUZZLE_FAIL] §c§lPUZZLE FAIL! §r§aDatAnt §r§ekilled a Blaze in the wrong order! §r§4Y§r§ci§r§6k§r§ee§r§as§r§2!
14:23:56 [STASH_COMPACT] §eOne or more items didn't fit in your inventory and were added to your material stash! §6Click here §eto pick them up!
14:23:56 [STASH_COMPACT] §eOne or more items didn't fit in your inventory and were added to your item stash! §6Click here §eto pick them up!
14:24:08 [STASH_COMPACT] §f                   §7You have §31 §7material stashed away!
14:24:08 [STASH_COMPACT] §f               §8(This totals 1 type of material stashed!)
14:24:08 [STASH_COMPACT] §f                  §3§l>>> §3§lCLICK HERE§b to pick it up! §3§l<<<
14:24:08 [STASH_COMPACT]   
14:25:09 [STASH_COMPACT] §f                   §7You have §31 §7material stashed away!
14:25:09 [STASH_COMPACT] §f               §8(This totals 1 type of material stashed!)
14:25:09 [STASH_COMPACT] §f                  §3§l>>> §3§lCLICK HERE§b to pick it up! §3§l<<<
14:25:09 [STASH_COMPACT]   
14:26:09 [STASH_COMPACT] §f                   §7You have §31 §7material stashed away!
14:26:09 [STASH_COMPACT] §f               §8(This totals 1 type of material stashed!)
14:26:09 [STASH_COMPACT] §f                  §3§l>>> §3§lCLICK HERE§b to pick it up! §3§l<<<
14:26:09 [STASH_COMPACT]   
14:27:11 [STASH_COMPACT] §f                   §7You have §31 §7material stashed away!
14:27:11 [STASH_COMPACT] §f               §8(This totals 1 type of material stashed!)
14:27:11 [STASH_COMPACT] §f                  §3§l>>> §3§lCLICK HERE§b to pick it up! §3§l<<<
14:27:11 [STASH_COMPACT]   
14:28:13 [STASH_COMPACT] §f                   §7You have §31 §7material stashed away!
14:28:13 [STASH_COMPACT] §f               §8(This totals 1 type of material stashed!)
14:28:13 [STASH_COMPACT] §f                  §3§l>>> §3§lCLICK HERE§b to pick it up! §3§l<<<
14:28:13 [STASH_COMPACT]   
14:28:19 [STASH_COMPACT] §f                   §7You have §31 §7material stashed away!
14:28:19 [STASH_COMPACT] §f               §8(This totals 1 type of material stashed!)
14:28:19 [STASH_COMPACT] §f                  §3§l>>> §3§lCLICK HERE§b to pick it up! §3§l<<<
14:28:19 [STASH_COMPACT]   
14:29:19 [STASH_COMPACT] §f                   §7You have §31 §7material stashed away!
14:29:19 [STASH_COMPACT] §f               §8(This totals 1 type of material stashed!)
14:29:19 [STASH_COMPACT] §f                  §3§l>>> §3§lCLICK HERE§b to pick it up! §3§l<<<
14:29:19 [STASH_COMPACT]   
14:30:32 [STASH_COMPACT] §f                   §7You have §31 §7material stashed away!
14:30:32 [STASH_COMPACT] §f               §8(This totals 1 type of material stashed!)
14:30:32 [STASH_COMPACT] §f                  §3§l>>> §3§lCLICK HERE§b to pick it up! §3§l<<<
14:30:32 [STASH_COMPACT]   
14:31:32 [STASH_COMPACT] §f                   §7You have §31 §7material stashed away!
14:31:32 [STASH_COMPACT] §f               §8(This totals 1 type of material stashed!)
14:31:32 [STASH_COMPACT] §f                  §3§l>>> §3§lCLICK HERE§b to pick it up! §3§l<<<
14:31:32 [STASH_COMPACT]   
14:32:33 [STASH_COMPACT] §f                   §7You have §31 §7material stashed away!
14:32:33 [STASH_COMPACT] §f               §8(This totals 1 type of material stashed!)
14:32:33 [STASH_COMPACT] §f                  §3§l>>> §3§lCLICK HERE§b to pick it up! §3§l<<<
14:32:33 [STASH_COMPACT]   
