12:49:52 §e[SkyHanni] Reloaded 7437 items in the NEU repo§r
12:50:14 §e[SkyHanni] You have gained §b1,485 §eBits.§r
12:52:50 §e[SkyHanni] You have gained §b20 §eBits.§r
12:53:06 §e[SkyHanni] You have gained §b20 §eBits.§r
12:53:58 §e[SkyHanni] Gained §d21,000 motes §ethis Rift session! (§d1.8M/h§e)§r
12:54:14 §e[SkyHanni] You have gained §b10 §eBits.§r
12:54:24 §e[SkyHanni] You have gained §b10 §eBits.§r
12:54:26 §e[SkyHanni] You have gained §b10 §eBits.§r
12:54:35 §e[SkyHanni] You have gained §b10 §eBits.§r
12:54:37 §e[SkyHanni] Loaded Wheat milestone data from tab list!§r
12:54:46 §e[SkyHanni] You have gained §b10 §eBits.§r
12:54:56 §e[SkyHanni] You have gained §b10 §eBits.§r
12:54:58 §e[SkyHanni] Loaded Potato milestone data from tab list!§r
12:55:04 §e[SkyHanni] You have gained §b10 §eBits.§r
12:55:09 §e[SkyHanni] You have gained §b10 §eBits.§r
12:55:10 §e[SkyHanni] §cSpaceman §eis visiting your garden!§r
12:55:10 §e[SkyHanni] §aTerry §eis visiting your garden!§r
12:55:10 §e[SkyHanni] §aFisherman Gerald §eis visiting your garden!§r
12:55:10 §e[SkyHanni] §9Gold Forger §eis visiting your garden!§r
12:55:10 §e[SkyHanni] §aFelix §eis visiting your garden!§r
12:55:16 §e[SkyHanni] You have gained §b50 §eBits.§r
12:55:16 §e[SkyHanni] Loaded Cocoa Beans milestone data from tab list!§r
12:55:18 §e[SkyHanni] You have gained §b70 §eBits.§r
13:27:19 §e[SkyHanni] §fYou were in Limbo for §e11m 56s§f.§r
13:27:47 §e[SkyHanni] You have gained §b655 §eBits.§r
13:33:40 §e[SkyHanni] You have gained §b24 §eBits.§r
13:36:02 §e[SkyHanni] You have gained §b48 §eBits.§r
13:38:20 §e[SkyHanni] Start a new slayer quest! The old slayer quest has failed!§r
13:40:14 §e[SkyHanni] §f                §r§eYour Weight: §r§a29§r
13:40:30 §e[SkyHanni] You have gained §b24 §eBits.§r
13:42:22 §e[SkyHanni] You have gained §b24 §eBits.§r
13:47:00 §e[SkyHanni] §c§lPUZZLE FAILED! §r§bzandkorrel_ §r§efailed a puzzle. 
§eClick here to get §5Architect's First Draft §7(§e7x left§7)§r
14:02:21 §a§lPotion Effect! §r§4Regeneration IV§r
14:02:21 §a§lPotion Effect! §r§4Strength IV§r
14:02:21 §a§lPotion Effect! §r§4Critical III§r
14:02:21 §a§lPotion Effect! §r§9Speed IV§r
14:02:21 §a§lPotion Effect! §r§aResistance IV§r
14:02:21 §a§lPotion Effect! §r§bArchery III§r
14:21:03 §e[SkyHanni] §c§lPUZZLE FAILED! §r§bDatAnt §r§efailed a puzzle. 
§eClick here to get §5Architect's First Draft §7(§e6x left§7)§r
14:24:08 §e[SkyHanni] §bYou have §31 §bmaterial in stash, §btotalling §31 type§b. §bClick to §3pickup §byour stash!§r
