15:10:33 §eYou received §a41x Enchanted Cactus Green §efor killing a §2Mite§e!
15:10:33 §eYou received §a74x Enchanted Cocoa Beans §efor killing a §2Moth§e!
15:10:37 §eYou received §a85x Enchanted Nether Wart §efor killing a §2Beetle§e!
15:10:44 §eYou received §a113x Enchanted Potato §efor killing a §2Locust§e!
15:10:54 §eYou received §a118x Enchanted Potato §efor killing a §2Locust§e!
15:11:00 §eYou received §a118x Enchanted Potato §efor killing a §2Locust§e!
15:11:08 §eYou received §a118x Enchanted Potato §efor killing a §2Locust§e!
15:11:14 §eYou received §a119x Enchanted Potato §efor killing a §2Locust§e!
15:11:25 §eYou received §a117x Enchanted Carrot §efor killing a §2Cricket§e!
15:11:25 §eYou received §a98x Enchanted Cocoa Beans §efor killing a §2Moth§e!
15:11:25 §eYou received §a1x Honey Jar §efor killing a §2Field Mouse§e!
15:11:25 §eYou received §a1x Plant Matter §efor killing a §2Field Mouse§e!
15:11:25 §eYou received §a147x Enchanted Cocoa Beans §efor killing a §2Field Mouse§e!
15:11:25 §eYou received §a1x Tasty Cheese §efor killing a §2Field Mouse§e!
15:11:25 §eYou received §a1x Compost §efor killing a §2Field Mouse§e!
15:11:25 §eYou received §a1x Dung §efor killing a §2Field Mouse§e!
15:11:27 §eYou received §a60x Enchanted Cactus Green §efor killing a §2Mite§e!
15:11:27 §eYou received §a1x Honey Jar §efor killing a §2Field Mouse§e!
15:11:27 §eYou received §a1x Plant Matter §efor killing a §2Field Mouse§e!
15:11:27 §eYou received §a1x Tasty Cheese §efor killing a §2Field Mouse§e!
15:11:27 §eYou received §a1x Compost §efor killing a §2Field Mouse§e!
15:11:27 §eYou received §a48x Enchanted Red Mushroom §efor killing a §2Field Mouse§e!
15:11:27 §eYou received §a1x Dung §efor killing a §2Field Mouse§e!
15:11:27 §eYou received §a118x Enchanted Potato §efor killing a §2Locust§e!
15:11:27 §eYou received §a34x Enchanted Pumpkin §efor killing a §2Rat§e!
15:11:27 §eYou received §a68x Enchanted Cactus Green §efor killing a §2Mite§e!
15:11:28 §eYou received §a118x Enchanted Potato §efor killing a §2Locust§e!
