22:32:22 HUB
22:32:33 NONE
22:43:59 HUB
22:44:40 NONE
22:44:40 PRIVATE_ISLAND
22:45:35 NONE
22:45:35 CRIMSON_ISLE
22:45:40 NONE
22:45:41 HUB
22:51:14 NONE
22:51:15 THE_RIFT
22:51:55 NONE
22:51:56 HUB
22:55:26 NONE
22:58:25 HUB
23:55:20 NONE
23:56:37 HUB
23:56:46 NONE
23:56:47 PRIVATE_ISLAND
23:57:03 NONE
23:57:03 HUB
00:27:11 NONE
00:27:12 THE_RIFT
00:27:16 NONE
00:27:16 HUB
00:38:01 NONE
00:38:01 PRIVATE_ISLAND
00:39:27 NONE
00:39:27 DUNGEON_HUB
00:40:37 CATACOMBS
00:41:34 NONE
00:41:34 DUNGEON_HUB
00:42:18 CATACOMBS
00:51:04 NONE
00:51:07 CATACOMBS
00:51:09 NONE
00:51:10 DUNGEON_HUB
00:52:52 NONE
00:52:52 HUB
00:55:19 NONE
00:55:26 DARK_AUCTION
01:02:00 NONE
01:02:00 HUB
01:03:52 NONE
01:03:53 HUB
01:12:34 NONE
01:12:36 CRIMSON_ISLE
