12:55:56 [STASH_COMPACT] §f                 §7You have §337 §7materials stashed away!
12:55:56 [STASH_COMPACT] §f               §8(This totals 1 type of material stashed!)
12:55:56 [STASH_COMPACT] §f                §3§l>>> §3§lCLICK HERE§b to pick them up! §3§l<<<
12:55:56 [STASH_COMPACT]   
13:03:58 [STASH_COMPACT] §f               §7You have §350,432 §7materials stashed away!
13:03:58 [STASH_COMPACT] §f               §8(This totals 1 type of material stashed!)
13:03:58 [STASH_COMPACT] §f                §3§l>>> §3§lCLICK HERE§b to pick them up! §3§l<<<
13:03:58 [STASH_COMPACT]   
14:12:13 [PEST_DROP] §eYou received §a66x Enchanted Carrot §efor killing a §2Cricket§e!
14:12:25 [PEST_DROP] §eYou received §a85x Enchanted Potato §efor killing a §2Locust§e!
14:12:29 [PEST_DROP] §eYou received §a99x Enchanted Potato §efor killing a §2Locust§e!
14:12:37 [PEST_DROP] §eYou received §a62x Enchanted Cactus Green §efor killing a §2Mite§e!
14:12:58 [PEST_DROP] §eYou received §a112x Enchanted Potato §efor killing a §2Locust§e!
14:13:19 [PEST_DROP] §eYou received §a64x Enchanted Cactus Green §efor killing a §2Mite§e!
14:13:27 [PEST_DROP] §eYou received §a112x Enchanted Potato §efor killing a §2Locust§e!
14:13:33 [PEST_DROP] §eYou received §a65x Enchanted Cactus Green §efor killing a §2Mite§e!
14:13:39 [PEST_DROP] §eYou received §a32x Enchanted Brown Mushroom §efor killing a §2Slug§e!
14:13:39 [PEST_DROP] §eYou received §a31x Enchanted Brown Mushroom §efor killing a §2Slug§e!
14:13:39 [PEST_DROP] §eYou received §a32x Enchanted Red Mushroom §efor killing a §2Slug§e!
14:13:40 [PEST_DROP] §eYou received §a57x Enchanted Cactus Green §efor killing a §2Mite§e!
14:13:40 [PEST_DROP] §eYou received §a62x Enchanted Cactus Green §efor killing a §2Mite§e!
14:13:40 [PEST_DROP] §eYou received §a65x Enchanted Cactus Green §efor killing a §2Mite§e!
14:13:41 [PEST_DROP] §eYou received §a32x Enchanted Pumpkin §efor killing a §2Rat§e!
14:13:41 [PEST_DROP] §eYou received §a32x Enchanted Pumpkin §efor killing a §2Rat§e!
14:13:41 [PEST_DROP] §eYou received §a65x Enchanted Cactus Green §efor killing a §2Mite§e!
14:14:09 [GARDEN_VISITOR_MESSAGE] §e[NPC] §9Bartender§f: §r§fI want to make some new brews, do you think you can give me some ingredients to work with?
14:14:12 [GARDEN_VISITOR_MESSAGE] §e[NPC] §9Bartender§f: §r§fHard times we are in. Take care!
14:14:12 [GARDEN_VISITOR_MESSAGE] §e[NPC] §aTrevor§f: §r§fI've been tracking an animal for the past few days. Got anything I could use as bait?
14:14:14 [GARDEN_VISITOR_MESSAGE] §e[NPC] §aTrevor§f: §r§fLooks like I'll have to catch it the old fashioned way.
14:14:15 [GARDEN_VISITOR_MESSAGE] §e[NPC] §aTom§f: §r§fI don't have a recipe for you, however I'd happily take some crops.
14:14:17 [GARDEN_VISITOR_MESSAGE] §e[NPC] §aTom§f: §r§fI'll be sure to come by next time.
14:14:18 [GARDEN_VISITOR_MESSAGE] §e[NPC] §aEmissary Ceanna§f: §r§fThe King's favorite emissary is here to request potatoes for the King's great feast! 
14:14:21 [GARDEN_VISITOR_MESSAGE] §e[NPC] §aEmissary Ceanna§f: §r§fMaybe the King will even announce me as his favorite at the feast!
14:15:33 [NEW_VISITOR_ARRIVED] §9§r§9Emissary Sisko §r§ehas arrived on your §r§aGarden§r§e!
14:15:39 [GARDEN_VISITOR_MESSAGE] §e[NPC] §9Emissary Sisko§f: §r§fI've heard I can find the best mushrooms here, and as the King's favorite emissary I will bring them to him!
14:17:57 [GARDEN_VISITOR_MESSAGE] §e[NPC] §9Emissary Sisko§f: §r§fMy standing as the King's favorite emissary is secured as soon as I bring these back home!
14:27:33 [NEW_VISITOR_ARRIVED] §9§r§9Bartender §r§ehas arrived on your §r§aGarden§r§e!
14:27:40 [GARDEN_VISITOR_MESSAGE] §e[NPC] §9Bartender§f: §r§fI want to make some new brews, do you think you can give me some ingredients to work with?
