12:53:16 §e[SkyHanni] Reloaded 7436 items in the NEU repo§r
12:55:56 §e[SkyHanni] §bYou have §337 §bmaterials in stash, §btotalling §31 type§b. §bClick to §3pickup §byour stash!§r
12:56:09 §e[SkyHanni] You have gained §b495 §eBits.§r
13:00:04 §c[SkyHanni] Couldn't find an item with this name or identifier!§r
13:00:38 §e[SkyHanni] You have gained §b20 §eBits.§r
13:01:33 §e[SkyHanni] §b+1 SkyBlock XP §7(HOTM Progression§7)§b (69/100)§r
13:01:33 §e[SkyHanni] You have gained §b40 §eBits.§r
13:03:58 §e[SkyHanni] §bYou have §350k §bmaterials in stash, §btotalling §31 type§b. §bClick to §3pickup §byour stash!§r
13:04:21 §e[SkyHanni] §lCLICK HERE§r§e to grab §ax90 §9§9Concentrated Stone§e from sacks!§r
13:26:24 §e[SkyHanni] You have gained §b990 §eBits.§r
13:46:47 §e[SkyHanni] You have gained §b20 §eBits.§r
13:48:09 §e[SkyHanni] You have gained §b40 §eBits.§r
13:48:47 §e[SkyHanni] You have gained §b59 §eBits.§r
13:48:50 §e[SkyHanni] You have gained §b79 §eBits.§r
13:56:53 §e[SkyHanni] You have gained §b495 §eBits.§r
14:04:42 §e[SkyHanni] §cYour Time Tower just expired and has 2 charges remaining. Click here to open the Chocolate Factory Menu.§r
14:12:14 §e[SkyHanni] You have gained §b10 §eBits.§r
14:12:26 §e[SkyHanni] You have gained §b10 §eBits.§r
14:12:29 §e[SkyHanni] You have gained §b10 §eBits.§r
14:12:30 §e[SkyHanni] Loaded Potato milestone data from tab list!§r
14:12:38 §e[SkyHanni] You have gained §b10 §eBits.§r
14:12:58 §e[SkyHanni] You have gained §b10 §eBits.§r
14:13:19 §e[SkyHanni] You have gained §b10 §eBits.§r
14:13:28 §e[SkyHanni] You have gained §b10 §eBits.§r
14:13:34 §e[SkyHanni] You have gained §b10 §eBits.§r
14:13:40 §e[SkyHanni] You have gained §b40 §eBits.§r
14:13:41 §e[SkyHanni] You have gained §b40 §eBits.§r
14:13:42 §e[SkyHanni] You have gained §b30 §eBits.§r
14:13:42 §e[SkyHanni] §aEmissary Ceanna §eis visiting your garden!§r
14:14:17 §e[SkyHanni] You have gained §b10 §eBits.§r
14:14:21 §e[SkyHanni] §b+1 SkyBlock XP §7(HOTM Progression§7)§b (90/100)§r
14:14:21 §e[SkyHanni] You have gained §b20 §eBits.§r
14:15:34 §e[SkyHanni] §9Emissary Sisko §eis visiting your garden!§r
14:17:48 §e[SkyHanni] §lCLICK HERE§r§e to grab §ax14 §9§9Enchanted Red Mushroom Block§e from sacks!§r
14:17:54 §e[SkyHanni] Found Visitor Reward §cSpace Helmet§e!§r
14:17:55 §e[SkyHanni] §9Emissary Sisko §eis visiting your garden!§r
14:17:57 §e[SkyHanni] You have gained §b10 §eBits.§r
14:27:32 §e[SkyHanni] You have gained §b495 §eBits.§r
14:27:34 §e[SkyHanni] §9Bartender §eis visiting your garden!§r
14:30:03 §e[SkyHanni] Click here to load 123 more collected egg locations from NEU PV!§r
14:30:03 §e[SkyHanni] Click here to load Trophy Fishing data from NEU PV!§r
14:58:00 §e[SkyHanni] You have gained §b495 §eBits.§r
15:04:46 §e[SkyHanni] §cYour Time Tower just expired and has 1 charge remaining. Click here to open the Chocolate Factory Menu.§r
