23:58:01 `§bSam `992922 missed {
 is already Found: false).
 Position: LorenzVec(x=14.5, y=100.0, z=-16.5)
 DistanceC: 23.747434223646767
Relative Position: LorenzVec(x=13.550513739269896, y=0.0, z=-23.747434223646767)
 }
00:00:41 `Villager`359 missed {
 is already Found: false).
 Position: LorenzVec(x=-21.5, y=68.0, z=-124.5)
 DistanceC: 23.21256801578292
Relative Position: LorenzVec(x=-19.80000001192093, y=-4.0625, z=-23.21256801578292)
 }
00:01:22 `Villager`363 missed {
 is already Found: false).
 Position: LorenzVec(x=28.0, y=70.0, z=-116.0)
 DistanceC: 22.497419852784176
Relative Position: LorenzVec(x=22.497419852784176, y=-1.0, z=-22.42017250942608)
 }
00:01:38 `w8vz2m7xe8`498 missed {
 is already Found: false).
 Position: LorenzVec(x=23.0, y=77.0, z=-69.5)
 DistanceC: 19.908867263539488
Relative Position: LorenzVec(x=19.908867263539488, y=7.0, z=18.538232525405277)
 }
00:01:38 `m2v3qv50y7`497 missed {
 is already Found: false).
 Position: LorenzVec(x=23.0, y=71.0, z=-69.0)
 DistanceC: 19.908867263539488
Relative Position: LorenzVec(x=19.908867263539488, y=1.0, z=19.038232525405277)
 }
00:03:18 `§bSam `992922 missed {
 is already Found: false).
 Position: LorenzVec(x=14.5, y=100.0, z=-16.5)
 DistanceC: 21.7089440948332
Relative Position: LorenzVec(x=20.484435940851277, y=0.0, z=-21.7089440948332)
 }
00:06:12 `Villager`359 missed {
 is already Found: false).
 Position: LorenzVec(x=-21.5, y=68.0, z=-124.5)
 DistanceC: 23.74282511979827
Relative Position: LorenzVec(x=-19.80000001192093, y=-4.0625, z=-23.74282511979827)
 }
00:06:42 `r605f484uw`228 missed {
 is already Found: false).
 Position: LorenzVec(x=22.0, y=71.0, z=-45.5)
 DistanceC: 13.144145901459439
Relative Position: LorenzVec(x=6.923747399045457, y=1.0, z=13.144145901459439)
 }
00:06:43 `Villager`375 missed {
 is already Found: false).
 Position: LorenzVec(x=38.5, y=68.0, z=-46.5)
 DistanceC: 23.423747399045457
Relative Position: LorenzVec(x=23.423747399045457, y=-2.0, z=12.144145901459439)
 }
00:07:37 `iv4d2d0a94`244 missed {
 is already Found: false).
 Position: LorenzVec(x=-42.5, y=72.0, z=-54.5)
 DistanceC: 20.70637992435927
Relative Position: LorenzVec(x=-19.800000011920933, y=2.0, z=20.70637992435927)
 }
00:07:37 `y9kk536089`592 missed {
 is already Found: false).
 Position: LorenzVec(x=0.5, y=70.0, z=-90.5)
 DistanceC: 23.199999988079067
Relative Position: LorenzVec(x=23.199999988079067, y=0.0, z=-15.293620075640732)
 }
00:07:39 `jdn80a99n3`420 missed {
 is already Found: false).
 Position: LorenzVec(x=-46.5, y=73.0, z=-90.5)
 DistanceC: 23.800000011920933
Relative Position: LorenzVec(x=-23.800000011920933, y=3.0, z=-15.293620075640732)
 }
00:07:41 `0t6720gxwg`530 missed {
 is already Found: false).
 Position: LorenzVec(x=-6.5, y=55.0, z=-95.5)
 DistanceC: 20.29362007564073
Relative Position: LorenzVec(x=16.199999988079067, y=-15.0, z=-20.29362007564073)
 }
00:08:06 `694b5a1069`246 missed {
 is already Found: false).
 Position: LorenzVec(x=-55.5, y=72.0, z=-56.5)
 DistanceC: 22.38976292063697
Relative Position: LorenzVec(x=-22.38976292063697, y=2.0, z=18.19999998807907)
 }
00:08:22 `v10297ne52`18 missed {
 is already Found: false).
 Position: LorenzVec(x=-3.5, y=72.0, z=-101.5)
 DistanceC: 11.052539897929979
Relative Position: LorenzVec(x=11.052539897929979, y=2.0, z=-10.399190170150888)
 }
00:08:30 `Zombie`337001 missed {
 is already Found: false).
 Position: LorenzVec(x=24.46875, y=69.0, z=-29.25)
 DistanceC: 19.446332737556013
Relative Position: LorenzVec(x=19.446332737556013, y=-12.132993659646488, z=15.033514347393073)
 }
00:08:34 `r605f484uw`228 missed {
 is already Found: false).
 Position: LorenzVec(x=22.0, y=71.0, z=-45.5)
 DistanceC: 5.737636698996127
Relative Position: LorenzVec(x=2.927840905283901, y=-19.020000010728836, z=-5.737636698996127)
 }
00:08:41 `Zombie`385049 missed {
 is already Found: false).
 Position: LorenzVec(x=52.083333333333336, y=70.0, z=-31.302083333333332)
 DistanceC: 4.228202526958821
Relative Position: LorenzVec(x=-2.7796335757749304, y=-19.078815772674403, z=-4.228202526958821)
 }
00:08:56 `r605f484uw`228 missed {
 is already Found: false).
 Position: LorenzVec(x=22.0, y=71.0, z=-45.5)
 DistanceC: 6.99661626724879
Relative Position: LorenzVec(x=-0.12963438713448028, y=-21.09935711385296, z=-6.99661626724879)
 }
00:09:59 `r605f484uw`228 missed {
 is already Found: false).
 Position: LorenzVec(x=22.0, y=71.0, z=-45.5)
 DistanceC: 15.92313174407606
Relative Position: LorenzVec(x=-15.92313174407606, y=-2.1315633992116005, z=12.132544886476623)
 }
00:10:00 `Villager`514 missed {
 is already Found: false).
 Position: LorenzVec(x=56.5, y=69.0, z=-39.5)
 DistanceC: 19.23344978117391
Relative Position: LorenzVec(x=16.04959838522261, y=-11.970441480937453, z=19.23344978117391)
 }
00:11:21 `8e2efx309h`531 missed {
 is already Found: false).
 Position: LorenzVec(x=-32.5, y=71.0, z=-76.5)
 DistanceC: 18.972561661969763
Relative Position: LorenzVec(x=18.972561661969763, y=-1.0, z=-17.80000001192093)
 }
00:12:26 Something Went Wrong!
00:12:54 `8e2efx309h`531 missed {
 is already Found: false).
 Position: LorenzVec(x=-32.5, y=71.0, z=-76.5)
 DistanceC: 21.154773498641717
Relative Position: LorenzVec(x=-21.154773498641717, y=1.0, z=-20.167798942025442)
 }
