08:14:59 §e[SkyHanni] Reloaded 7473 items in the NEU repo§r
08:15:52 §e[SkyHanni] You have gained §b532 §eBits.§r
08:18:10 §e[SkyHanni] You have reached the maximum extra Superpairs clicks from this add-on!§r
08:18:38 §e[SkyHanni] You have reached the maximum extra Superpairs clicks from this add-on!§r
08:23:34 §e[SkyHanni] Gained §d30,150 motes §ethis Rift session! (§d592k/h§e)§r
08:29:56 §e[SkyHanni] §b+3 SkyBlock XP §7(Pet Score§7)§b (18/100)§r
08:36:43 §e[SkyHanni] §eTo edit hidden GUI elements:
 §7- §e1. Set a key in /sh edit.
 §7- §e2. Click that key while the GUI element is visible.§r
08:45:52 §e[SkyHanni] You have gained §b532 §eBits.§r
09:15:58 §e[SkyHanni] You have gained §b532 §eBits.§r
09:28:18 §e[SkyHanni] §eTo edit hidden GUI elements:
 §7- §e1. Set a key in /sh edit.
 §7- §e2. Click that key while the GUI element is visible.§r
09:29:03 §e[SkyHanni] Are you sure you want to reset your total Sea Creature Tracker? Click here to confirm.§r
09:29:14 §e[SkyHanni] Are you sure you want to reset your total Sea Creature Tracker? Click here to confirm.§r
09:29:15 §e[SkyHanni] Reset total Sea Creature Tracker!§r
09:29:26 §e[SkyHanni] Are you sure you want to reset your total Fishing Profit Tracker? Click here to confirm.§r
09:29:27 §e[SkyHanni] Reset total Fishing Profit Tracker!§r
09:46:01 §e[SkyHanni] You have gained §b532 §eBits.§r
09:56:18 §e[SkyHanni] §lCLICK HERE§r§e to grab §ax126 §9§aEnchanted Lily Pad§e from sacks!§r
10:10:35 §e[SkyHanni] §lCLICK HERE§r§e to grab §ax126 §9§aEnchanted Rotten Flesh§e from sacks!§r
10:16:07 §e[SkyHanni] You have gained §b532 §eBits.§r
10:46:16 §e[SkyHanni] You have gained §b532 §eBits.§r
11:16:24 §e[SkyHanni] You have gained §b1,064 §eBits.§r
11:35:27 §e[SkyHanni] §lCLICK HERE§r§e to grab §ax126 §9§aEnchanted Ice§e from sacks!§r
11:37:53 §e[SkyHanni] Gained §d40,025 motes §ethis Rift session! (§d2M/h§e)§r
11:46:30 §e[SkyHanni] You have gained §b532 §eBits.§r
12:16:45 §e[SkyHanni] You have gained §b532 §eBits.§r
12:36:17 §e[SkyHanni] §cYour Time Tower just expired and has 1 charge remaining. Click here to open the Chocolate Factory Menu.§r
12:46:58 §e[SkyHanni] You have gained §b532 §eBits.§r
13:04:37 §e[SkyHanni] §b+3 SkyBlock XP §7(Pet Score§7)§b (27/100)§r
13:09:03 §e[SkyHanni] You have gained §b21 §eBits.§r
13:10:15 §e[SkyHanni] You have gained §b21 §eBits.§r
13:12:09 §e[SkyHanni] You have gained §b21 §eBits.§r
13:17:22 §e[SkyHanni] You have gained §b1,064 §eBits.§r
13:18:37 §e[SkyHanni] You have gained §b64 §eBits.§r
13:19:26 §e[SkyHanni] §b+5 SkyBlock XP §7(Museum Donations§7)§b (32/100)§r
13:22:05 §e[SkyHanni] §lCLICK HERE§r§e to grab §ax126 §9§aEnchanted Coal§e from sacks!§r
13:25:44 §e[SkyHanni] §lCLICK HERE§r§e to grab §ax12 §9§aEnchanted Diamond§e from sacks!§r
13:25:47 §e[SkyHanni] §lCLICK HERE§r§e to grab §ax5 §9§9Enchanted Diamond Block§e from sacks!§r
13:25:56 §e[SkyHanni] §lCLICK HERE§r§e to grab §ax17 §9§aEnchanted Clay§e from sacks!§r
13:25:58 §e[SkyHanni] §lCLICK HERE§r§e to grab §ax5 §9§9Enchanted Clay Block§e from sacks!§r
13:47:40 §e[SkyHanni] You have gained §b532 §eBits.§r
13:50:03 §e[SkyHanni] §b[MVP§0+§b] KobeAim §l§efound an inquisitor at §l§c-35 75 140!§r
13:50:28 §e[SkyHanni] Inquisitor from §b[MVP§0+§b] KobeAim §enot found, deleting.§r
13:51:42 §e[SkyHanni] You have gained §b9 §eBits.§r
13:51:57 §e[SkyHanni] You have gained §b9 §eBits.§r
13:52:15 §e[SkyHanni] You have gained §b9 §eBits.§r
13:52:19 §e[SkyHanni] Are you sure you want to reset your total Diana Profit Tracker? Click here to confirm.§r
13:52:21 §e[SkyHanni] Reset total Diana Profit Tracker!§r
13:52:24 §e[SkyHanni] Are you sure you want to reset your total Mythological Creature Tracker? Click here to confirm.§r
13:52:27 §e[SkyHanni] Reset total Mythological Creature Tracker!§r
13:52:30 §e[SkyHanni] You have gained §b9 §eBits.§r
13:53:19 §e[SkyHanni] You have gained §b9 §eBits.§r
13:53:27 §e[SkyHanni] You have gained §b9 §eBits.§r
13:54:08 §e[SkyHanni] You have gained §b9 §eBits.§r
13:54:30 §e[SkyHanni] You have gained §b9 §eBits.§r
13:54:57 §e[SkyHanni] You have gained §b9 §eBits.§r
13:55:52 §e[SkyHanni] §b[MVP§9+§b] Crybear08 §l§efound an inquisitor at §l§c117 76 -11!§r
13:56:31 §e[SkyHanni] Inquisitor from §b[MVP§9+§b] Crybear08 §enot found, deleting.§r
13:56:47 §e[SkyHanni] §b+1 SkyBlock XP §7(Mythological Kills§7)§b (33/100)§r
13:57:06 §e[SkyHanni] You have gained §b9 §eBits.§r
13:57:28 §e[SkyHanni] §b[MVP§0+§b] KobeAim §l§efound an inquisitor at §l§c62 84 69!§r
13:58:11 §e[SkyHanni] Inquisitor from §b[MVP§0+§b] KobeAim §enot found, deleting.§r
13:58:17 §e[SkyHanni] You have gained §b9 §eBits.§r
13:59:09 §e[SkyHanni] You have gained §b9 §eBits.§r
13:59:33 §e[SkyHanni] §a[VIP§6+§a] FelsFeuer349907 §l§efound an inquisitor at §l§c-258 91 108!§r
14:00:02 §e[SkyHanni] Inquisitor from §a[VIP§6+§a] FelsFeuer349907 §enot found, deleting.§r
14:00:10 §e[SkyHanni] You have gained §b9 §eBits.§r
14:00:16 §e[SkyHanni] You have gained §b9 §eBits.§r
14:00:18 §e[SkyHanni] Detected not having access to warp point §bDark Auction§e!§r
14:00:18 §e[SkyHanni] Use §c/shresetburrowwarps §eonce you have activated this travel scroll.§r
14:01:41 §e[SkyHanni] You have gained §b18 §eBits.§r
14:02:15 §e[SkyHanni] You have gained §b9 §eBits.§r
14:02:48 §e[SkyHanni] You have gained §b9 §eBits.§r
14:03:37 §e[SkyHanni] You have gained §b9 §eBits.§r
14:03:54 §e[SkyHanni] You have gained §b9 §eBits.§r
14:04:30 §e[SkyHanni] You have gained §b9 §eBits.§r
14:05:13 §e[SkyHanni] You have gained §b9 §eBits.§r
14:05:30 §e[SkyHanni] You have gained §b9 §eBits.§r
14:05:44 §e[SkyHanni] You have gained §b9 §eBits.§r
14:06:06 §e[SkyHanni] You have gained §b9 §eBits.§r
14:06:39 §e[SkyHanni] You have gained §b9 §eBits.§r
14:07:48 §e[SkyHanni] You have gained §b9 §eBits.§r
14:08:23 §e[SkyHanni] You have gained §b9 §eBits.§r
14:08:27 §e[SkyHanni] §a[VIP§6+§a] FelsFeuer349907 §l§efound an inquisitor at §l§c-84 72 7!§r
14:08:27 §e[SkyHanni] You have gained §b9 §eBits.§r
14:08:57 §e[SkyHanni] Inquisitor from §a[VIP§6+§a] FelsFeuer349907 §enot found, deleting.§r
14:09:29 §e[SkyHanni] You have gained §b9 §eBits.§r
14:09:57 §e[SkyHanni] You have gained §b9 §eBits.§r
14:10:31 §e[SkyHanni] You have gained §b18 §eBits.§r
14:10:50 §e[SkyHanni] You have gained §b9 §eBits.§r
14:11:28 §e[SkyHanni] You have gained §b9 §eBits.§r
14:12:09 §e[SkyHanni] You have gained §b18 §eBits.§r
14:13:38 §e[SkyHanni] You have gained §b9 §eBits.§r
14:13:41 §e[SkyHanni] §b[MVP§9+§b] Crybear08 §l§efound an inquisitor at §l§c-194 74 -82!§r
14:14:11 §e[SkyHanni] Inquisitor from §b[MVP§9+§b] Crybear08 §enot found, deleting.§r
14:14:20 §e[SkyHanni] You have gained §b18 §eBits.§r
14:14:25 §e[SkyHanni] You have gained §b9 §eBits.§r
14:15:15 §e[SkyHanni] You have gained §b9 §eBits.§r
14:15:49 §e[SkyHanni] You have gained §b9 §eBits.§r
14:16:07 §e[SkyHanni] You have gained §b9 §eBits.§r
14:16:58 §e[SkyHanni] You have gained §b9 §eBits.§r
14:17:20 §e[SkyHanni] You have gained §b18 §eBits.§r
14:17:50 §e[SkyHanni] You have gained §b532 §eBits.§r
14:18:02 §e[SkyHanni] You have gained §b9 §eBits.§r
14:18:34 §e[SkyHanni] You have gained §b18 §eBits.§r
14:20:24 §e[SkyHanni] You have gained §b9 §eBits.§r
14:20:38 §e[SkyHanni] You have gained §b9 §eBits.§r
14:21:34 §e[SkyHanni] You have gained §b9 §eBits.§r
14:22:04 §e[SkyHanni] You have gained §b9 §eBits.§r
14:22:40 §e[SkyHanni] You have gained §b9 §eBits.§r
14:23:17 §e[SkyHanni] You have gained §b18 §eBits.§r
14:24:03 §e[SkyHanni] You have gained §b9 §eBits.§r
14:24:05 §e[SkyHanni] You have gained §b9 §eBits.§r
14:24:56 §e[SkyHanni] You have gained §b9 §eBits.§r
14:25:25 §e[SkyHanni] You have gained §b9 §eBits.§r
14:25:54 §e[SkyHanni] §b+1 SkyBlock XP §7(Mythological Kills§7)§b (35/100)§r
14:26:07 §e[SkyHanni] You have gained §b9 §eBits.§r
14:26:20 §e[SkyHanni] You have gained §b9 §eBits.§r
14:26:44 §e[SkyHanni] You have gained §b9 §eBits.§r
14:27:02 §e[SkyHanni] You have gained §b18 §eBits.§r
14:27:15 §e[SkyHanni] You have gained §b9 §eBits.§r
14:28:22 §e[SkyHanni] You have gained §b9 §eBits.§r
14:29:29 §e[SkyHanni] You have gained §b18 §eBits.§r
14:29:59 §e[SkyHanni] You have gained §b9 §eBits.§r
14:31:30 §e[SkyHanni] You have gained §b9 §eBits.§r
14:31:38 §e[SkyHanni] You have gained §b9 §eBits.§r
14:33:44 §e[SkyHanni] You have gained §b9 §eBits.§r
14:34:31 §e[SkyHanni] §b[MVP§9+§b] 80DPS §l§efound an inquisitor at §l§c-165 72 -123!§r
14:35:08 §e[SkyHanni] Inquisitor from §b[MVP§9+§b] 80DPS §enot found, deleting.§r
14:36:49 §e[SkyHanni] You have gained §b9 §eBits.§r
14:37:08 §e[SkyHanni] You have gained §b9 §eBits.§r
14:37:24 §e[SkyHanni] You have gained §b9 §eBits.§r
14:37:54 §e[SkyHanni] You have gained §b9 §eBits.§r
14:38:22 §e[SkyHanni] You have gained §b9 §eBits.§r
14:38:55 §e[SkyHanni] You have gained §b9 §eBits.§r
14:39:19 §e[SkyHanni] You have gained §b9 §eBits.§r
14:39:56 §e[SkyHanni] You have gained §b9 §eBits.§r
14:40:19 §e[SkyHanni] §6[MVP§c++§6] DerLucabtw §l§efound an inquisitor at §l§c-137 73 -13!§r
14:40:56 §e[SkyHanni] Inquisitor from §6[MVP§c++§6] DerLucabtw §enot found, deleting.§r
14:42:00 §e[SkyHanni] You have gained §b9 §eBits.§r
14:42:19 §e[SkyHanni] You have gained §b18 §eBits.§r
14:42:42 §e[SkyHanni] You have gained §b9 §eBits.§r
14:43:17 §e[SkyHanni] You have gained §b9 §eBits.§r
14:44:32 §e[SkyHanni] You have gained §b9 §eBits.§r
14:45:04 §e[SkyHanni] You have gained §b9 §eBits.§r
14:45:20 §e[SkyHanni] You have gained §b9 §eBits.§r
14:46:02 §e[SkyHanni] You have gained §b18 §eBits.§r
14:46:56 §e[SkyHanni] You have gained §b9 §eBits.§r
14:46:59 §e[SkyHanni] You have gained §b18 §eBits.§r
14:47:06 §e[SkyHanni] You have gained §b9 §eBits.§r
14:47:58 §e[SkyHanni] You have gained §b1,064 §eBits.§r
14:50:59 §e[SkyHanni] You have gained §b9 §eBits.§r
14:51:21 §e[SkyHanni] §6[MVP§c++§6] DerLucabtw §l§efound an inquisitor at §l§c-169 75 -60!§r
14:51:59 §e[SkyHanni] Inquisitor from §6[MVP§c++§6] DerLucabtw §enot found, deleting.§r
14:52:17 §e[SkyHanni] You have gained §b9 §eBits.§r
14:53:07 §e[SkyHanni] You have gained §b9 §eBits.§r
14:53:31 §e[SkyHanni] You have gained §b9 §eBits.§r
14:53:33 §e[SkyHanni] §6[MVP§0++§6] superijs §l§efound an inquisitor at §l§c54 80 85!§r
14:54:03 §e[SkyHanni] Inquisitor from §6[MVP§0++§6] superijs §enot found, deleting.§r
14:54:57 §e[SkyHanni] You have gained §b9 §eBits.§r
14:55:37 §e[SkyHanni] You have gained §b9 §eBits.§r
14:55:49 §e[SkyHanni] You have gained §b9 §eBits.§r
14:57:39 §e[SkyHanni] You have gained §b9 §eBits.§r
14:58:23 §e[SkyHanni] You have gained §b9 §eBits.§r
14:58:38 §e[SkyHanni] You have gained §b9 §eBits.§r
14:58:45 §e[SkyHanni] You have gained §b9 §eBits.§r
14:59:11 §e[SkyHanni] §b[MVP§c+§b] Itsdatdude22 §l§efound an inquisitor at §l§c-243 86 34!§r
14:59:38 §e[SkyHanni] Inquisitor from §b[MVP§c+§b] Itsdatdude22 §enot found, deleting.§r
15:00:00 §e[SkyHanni] You have gained §b18 §eBits.§r
15:00:35 §e[SkyHanni] You have gained §b9 §eBits.§r
15:01:02 §e[SkyHanni] §b[MVP§c+§b] Itsdatdude22 §l§efound an inquisitor at §l§c85 76 -158!§r
15:01:45 §e[SkyHanni] Inquisitor from §b[MVP§c+§b] Itsdatdude22 §enot found, deleting.§r
15:02:02 §e[SkyHanni] You have gained §b9 §eBits.§r
15:02:39 §e[SkyHanni] You have gained §b9 §eBits.§r
15:02:52 §e[SkyHanni] §b+1 SkyBlock XP §7(Mythological Kills§7)§b (36/100)§r
15:03:08 §e[SkyHanni] You have gained §b9 §eBits.§r
15:03:56 §e[SkyHanni] You have gained §b9 §eBits.§r
15:04:03 §e[SkyHanni] You have gained §b9 §eBits.§r
15:04:52 §e[SkyHanni] You have gained §b9 §eBits.§r
15:05:49 §e[SkyHanni] You have gained §b9 §eBits.§r
15:06:44 §e[SkyHanni] You have gained §b9 §eBits.§r
15:07:17 §e[SkyHanni] You have gained §b27 §eBits.§r
15:07:45 §e[SkyHanni] You have gained §b9 §eBits.§r
15:08:10 §e[SkyHanni] You have gained §b9 §eBits.§r
15:08:41 §e[SkyHanni] You have gained §b9 §eBits.§r
15:09:20 §e[SkyHanni] You have gained §b9 §eBits.§r
15:09:40 §e[SkyHanni] You have gained §b9 §eBits.§r
15:10:23 §e[SkyHanni] You have gained §b9 §eBits.§r
15:11:09 §e[SkyHanni] You have gained §b9 §eBits.§r
15:11:47 §e[SkyHanni] You have gained §b9 §eBits.§r
15:12:05 §e[SkyHanni] You have gained §b18 §eBits.§r
15:12:08 §e[SkyHanni] §b[MVP§c+§b] Itsdatdude22 §l§efound an inquisitor at §l§c-174 80 3!§r
15:12:34 §e[SkyHanni] Inquisitor from §b[MVP§c+§b] Itsdatdude22 §enot found, deleting.§r
15:13:01 §e[SkyHanni] You have gained §b9 §eBits.§r
15:13:32 §e[SkyHanni] You have gained §b9 §eBits.§r
15:14:03 §e[SkyHanni] You have gained §b18 §eBits.§r
15:15:57 §e[SkyHanni] You have gained §b18 §eBits.§r
15:16:31 §e[SkyHanni] You have gained §b9 §eBits.§r
15:17:01 §e[SkyHanni] You have gained §b9 §eBits.§r
15:17:54 §e[SkyHanni] §6[MVP§c++§6] DerLucabtw §l§efound an inquisitor at §l§c-170 76 -33!§r
15:18:30 §e[SkyHanni] Inquisitor from §6[MVP§c++§6] DerLucabtw §enot found, deleting.§r
15:18:32 §e[SkyHanni] You have gained §b1,064 §eBits.§r
15:18:59 §e[SkyHanni] You have gained §b9 §eBits.§r
15:19:14 §e[SkyHanni] You have gained §b18 §eBits.§r
15:19:47 §e[SkyHanni] You have gained §b9 §eBits.§r
15:20:06 §e[SkyHanni] You have gained §b9 §eBits.§r
15:20:51 §e[SkyHanni] You have gained §b9 §eBits.§r
15:20:58 §e[SkyHanni] You have gained §b9 §eBits.§r
15:22:40 §e[SkyHanni] You have gained §b9 §eBits.§r
15:22:46 §e[SkyHanni] You have gained §b18 §eBits.§r
15:23:50 §e[SkyHanni] You have gained §b9 §eBits.§r
15:23:56 §e[SkyHanni] §b[MVP§0+§b] KobeAim §l§efound an inquisitor at §l§c-180 85 57!§r
15:24:39 §e[SkyHanni] Inquisitor from §b[MVP§0+§b] KobeAim §enot found, deleting.§r
15:25:41 §e[SkyHanni] You have gained §b9 §eBits.§r
15:26:09 §e[SkyHanni] You have gained §b9 §eBits.§r
15:27:36 §e[SkyHanni] You have gained §b9 §eBits.§r
15:28:01 §e[SkyHanni] You have gained §b9 §eBits.§r
15:28:20 §e[SkyHanni] You have gained §b9 §eBits.§r
15:28:45 §e[SkyHanni] You have gained §b9 §eBits.§r
15:29:26 §e[SkyHanni] You have gained §b9 §eBits.§r
15:30:20 §e[SkyHanni] You have gained §b9 §eBits.§r
15:30:56 §e[SkyHanni] You have gained §b9 §eBits.§r
15:31:19 §e[SkyHanni] You have gained §b9 §eBits.§r
15:31:32 §e[SkyHanni] You have gained §b9 §eBits.§r
15:31:58 §e[SkyHanni] You have gained §b9 §eBits.§r
15:32:26 §e[SkyHanni] You have gained §b9 §eBits.§r
15:32:51 §e[SkyHanni] §6[MVP§c++§6] DerLucabtw §l§efound an inquisitor at §l§c-199 75 -52!§r
15:33:27 §e[SkyHanni] Inquisitor from §6[MVP§c++§6] DerLucabtw §enot found, deleting.§r
15:33:46 §e[SkyHanni] You have gained §b9 §eBits.§r
15:34:33 §e[SkyHanni] You have gained §b9 §eBits.§r
15:35:44 §e[SkyHanni] Could not find Diana Guess using sound and particles, please try again. (Was this a funny sound easter egg?)§r
15:36:08 §e[SkyHanni] §cError detecting Diana Guess! §eClick here to set the particle quality to high!§r
15:37:03 §e[SkyHanni] You have gained §b9 §eBits.§r
15:37:23 §e[SkyHanni] §b+1 SkyBlock XP §7(Mythological Kills§7)§b (38/100)§r
15:37:38 §e[SkyHanni] You have gained §b9 §eBits.§r
15:37:58 §e[SkyHanni] You have gained §b9 §eBits.§r
15:38:27 §e[SkyHanni] You have gained §b9 §eBits.§r
15:39:16 §e[SkyHanni] You have gained §b9 §eBits.§r
15:40:21 §e[SkyHanni] You have gained §b18 §eBits.§r
15:40:27 §e[SkyHanni] You have gained §b9 §eBits.§r
15:40:48 §e[SkyHanni] You have gained §b18 §eBits.§r
15:41:36 §e[SkyHanni] You have gained §b9 §eBits.§r
15:42:01 §e[SkyHanni] You have gained §b9 §eBits.§r
15:42:29 §e[SkyHanni] You have gained §b9 §eBits.§r
15:43:09 §e[SkyHanni] You have gained §b9 §eBits.§r
15:43:37 §e[SkyHanni] You have gained §b9 §eBits.§r
15:44:18 §e[SkyHanni] You have gained §b9 §eBits.§r
15:45:12 §e[SkyHanni] You have gained §b9 §eBits.§r
15:45:26 §e[SkyHanni] You have gained §b9 §eBits.§r
15:46:24 §e[SkyHanni] You have gained §b9 §eBits.§r
15:46:51 §e[SkyHanni] You have gained §b18 §eBits.§r
15:47:40 §e[SkyHanni] You have gained §b9 §eBits.§r
15:47:46 §e[SkyHanni] §b[MVP§c+§b] agentblackcat §l§efound an inquisitor at §l§c-235 91 35!§r
15:48:15 §e[SkyHanni] Inquisitor from §b[MVP§c+§b] agentblackcat §enot found, deleting.§r
15:48:43 §e[SkyHanni] You have gained §b532 §eBits.§r
15:48:54 §e[SkyHanni] You have gained §b9 §eBits.§r
15:49:20 §e[SkyHanni] You have gained §b9 §eBits.§r
15:49:38 §e[SkyHanni] You have gained §b9 §eBits.§r
15:50:11 §e[SkyHanni] You have gained §b9 §eBits.§r
15:50:37 §e[SkyHanni] You have gained §b9 §eBits.§r
15:50:54 §e[SkyHanni] You have gained §b9 §eBits.§r
15:51:36 §e[SkyHanni] You have gained §b9 §eBits.§r
15:52:14 §e[SkyHanni] You have gained §b18 §eBits.§r
15:52:30 §e[SkyHanni] §b[MVP§0+§b] KobeAim §l§efound an inquisitor at §l§c-214 91 40!§r
15:53:09 §e[SkyHanni] Inquisitor from §b[MVP§0+§b] KobeAim §enot found, deleting.§r
