19:38:48 [allowed] §aYou are still radiating with §bGenerosity§r§a!
19:38:48 [allowed] §f §r§r§r§f §r§r§r§1 §r§r§r§0 §r§r§r§2 §r§r§r§f §r§r§r§f §r§r§r§2 §r§r§r§0 §r§r§r§4 §r§r§r§3 §r§r§r§9 §r§r§r§2 §r§r§r§0 §r§r§r§0 §r§r§r§3 §r§r§r§9 §r§r§r§2 §r§r§r§0 §r§r§r§0 §r§r§r§3 §r§r§r§9 §r§r§r§2 §r§r§r§0 §r§r§r§0 
19:38:48 [allowed] §b§m--------------§r§f  §r§aGuild: Message Of The Day  §r§b§m--------------
19:38:48 [allowed] §b| §r§eFriend request from §r§d[PIG§r§b+++§r§d] Technoblade
19:38:48 [allowed] §b| §r§a§l[ACCEPT] §r§8- §r§c§l[DENY] §r§8- §r§7§l[IGNORE]
19:38:48 [allowed] §b§m-----------------------------------------------------
19:38:48 [allowed] §b[MVP§c+§b] D4v1d0§f §6joined the lobby!
19:38:48 [allowed] §b[MVP§0+§b] KobeAim§f §6joined the lobby!
19:38:53 [allowed] §aFriend > §r§aToastedBreadCrum §r§ejoined.
19:38:54 [allowed] §aFriend > §r§aToastedBreadCrum §r§eleft.
19:38:55 [allowed] §aFriend > §r§aToastedBreadCrum §r§eleft.
19:38:57 [allowed] §aFriend > §r§aToastedBreadCrum §r§ejoined.
19:38:57 [allowed] §b[MVP§e+§b] mitica79§f §6joined the lobby!
19:39:00 [allowed] §7Sending to server mini196P...
19:39:01 [allowed] §8 §r§8 §r§1 §r§3 §r§3 §r§7 §r§8 
19:39:01 [allowed] §aSince you've been away you earned §r§672,000 coins §r§aas interest in your personal bank account!
19:39:01 [allowed] §b-----------------------------------------------------
19:39:01 [allowed] §aYou have just received §r§6468,000 coins §r§aas interest in your co-op bank account!
19:39:01 [allowed] §b-----------------------------------------------------
19:39:02 [allowed] 
19:39:02 [allowed] §eWelcome to §r§aHypixel SkyBlock§r§e!
19:39:02 [allowed] 
19:39:02 [allowed] §eLatest update: §bSkyBlock v0.22.1 §e§lCLICK
19:39:03 [allowed] §aYou are playing on profile: §eCoconut§b (Co-op)
19:39:03 [allowed] §8Profile ID: 4ef1bd42-ec32-42d4-afba-b766eacde1e7
19:39:04 [allowed] §6§lALLOWANCE! §r§eYou earned §r§650,000 coins§r§e!
19:39:07 [allowed] §d§lTIME TOWER! §r§7Your §r§6Chocolate Factory §r§7production has increased by §r§6+1.5x §r§7for §r§a1h§r§7!
19:39:08 [allowed] §dRabbit Dog §r§7has been promoted to §r§7[212§r§7] §r§dExecutive§r§7!
19:39:11 [allowed] §d§lHOPPITY'S HUNT §r§dYou found a §r§cHitman Egg§r§d!
19:39:11 [allowed] §D§LHOPPITY'S HUNT §7You found §fZack §7(§F§LCOMMON§7)!
19:39:11 [allowed] §7§lDUPLICATE RABBIT! §6+6,255,716 Chocolate
19:39:11 [allowed] §d§lHOPPITY'S HUNT §r§dYou found a §r§cHitman Egg§r§d!
19:39:11 [allowed] §D§LHOPPITY'S HUNT §7You found §fSnoppy §7(§F§LCOMMON§7)!
19:39:11 [allowed] §7§lDUPLICATE RABBIT! §6+6,824,418 Chocolate
19:39:11 [allowed] §d§lHOPPITY'S HUNT §r§dYou found a §r§cHitman Egg§r§d!
19:39:11 [allowed] §D§LHOPPITY'S HUNT §7You found §5Simba §7(§5§LEPIC§7)!
19:39:11 [allowed] §7§lDUPLICATE RABBIT! §6+62,557,166 Chocolate
19:39:11 [allowed] §d§lHOPPITY'S HUNT §r§dYou found a §r§cHitman Egg§r§d!
19:39:11 [allowed] §D§LHOPPITY'S HUNT §7You found §aAlexa §7(§A§LUNCOMMON§7)!
19:39:11 [allowed] §7§lDUPLICATE RABBIT! §6+12,511,433 Chocolate
19:39:11 [allowed] §d§lHOPPITY'S HUNT §r§dYou found a §r§cHitman Egg§r§d!
19:39:11 [allowed] §D§LHOPPITY'S HUNT §7You found §fDigger §7(§F§LCOMMON§7)!
19:39:11 [allowed] §7§lDUPLICATE RABBIT! §6+6,824,418 Chocolate
19:39:11 [allowed] §d§lHOPPITY'S HUNT §r§dYou found a §r§cHitman Egg§r§d!
19:39:11 [allowed] §D§LHOPPITY'S HUNT §7You found §fJames §7(§F§LCOMMON§7)!
19:39:11 [allowed] §7§lDUPLICATE RABBIT! §6+7,393,119 Chocolate
19:39:11 [allowed] §d§lHOPPITY'S HUNT §r§dYou found a §r§cHitman Egg§r§d!
19:39:11 [allowed] §D§LHOPPITY'S HUNT §7You found §aJelly Bean §7(§A§LUNCOMMON§7)!
19:39:11 [allowed] §d§lNEW RABBIT! §6+2 Chocolate §7and §6+0.003x Chocolate §7per second!
19:39:31 [allowed] §7Your Witherborn hit §r§c3 §r§7enemies for §r§c5,828,278 §r§7damage.
19:39:58 [allowed] §aMoved §r§e2 Oak Wood§r§a from your Sacks to your inventory.
19:40:04 [allowed] §6[Sacks] §r§c-2§r§e items§r§e.§r§8 (Last 5s.)
19:40:12 [allowed] §7Finding player...
19:40:13 [allowed] §7Sending a visit request...
19:40:13 [allowed] §7Sending to server mini9CR...
19:40:15 [allowed] §8 §r§8 §r§1 §r§3 §r§3 §r§7 §r§8 
19:40:15 [allowed] §f§m-----------------------------------------------------
§r§cYou should NEVER enter your Microsoft account details anywhere but on official Microsoft services!

§r§cExternal links from untrusted sources should be avoided.
§r§f§m-----------------------------------------------------
19:40:17 [allowed] §aYou are playing on profile: §eCoconut§b (Co-op)
19:40:17 [allowed] §8Profile ID: 4ef1bd42-ec32-42d4-afba-b766eacde1e7
19:40:25 [allowed] §d§lYum! §r§eYou gain §r§c+2⫽ Ferocity §r§efor §r§a48 §r§ehours!
19:40:25 [allowed] §d§lYum! §r§eYou gain §r§f+10✦ Speed §r§efor §r§a48 §r§ehours!
19:40:26 [allowed] §cThis ability is disabled while guesting!
19:40:26 [allowed] §d§lYum! §r§eYou gain §r§a+3❈ Defense §r§efor §r§a48 §r§ehours!
19:40:27 [allowed] §d§lYum! §r§eYou gain §r§b+5✎ Intelligence §r§efor §r§a48 §r§ehours!
19:40:27 [allowed] §d§lYum! §r§eYou gain §r§6+5☘ Mining Fortune §r§efor §r§a48 §r§ehours!
19:40:28 [allowed] §d§lYum! §r§eYou gain §r§3+1α Sea Creature Chance §r§efor §r§a48 §r§ehours!
19:40:28 [allowed] §d§lYum! §r§eYou gain §r§a+10ф Rift Time §r§efor §r§a48 §r§ehours!
19:40:29 [allowed] §d§lYum! §r§eYou gain §r§4+1♨ Vitality §r§efor §r§a48 §r§ehours!
19:40:29 [allowed] §d§lYum! §r§eYou gain §r§6+5☘ Farming Fortune §r§efor §r§a48 §r§ehours!
19:40:30 [allowed] §d§lYum! §r§eYou gain §r§b+1✯ Magic Find §r§efor §r§a48 §r§ehours!
19:40:30 [allowed] §d§lYum! §r§eYou gain §r§f+1❂ True Defense §r§efor §r§a48 §r§ehours!
19:40:31 [allowed] §d§lYum! §r§eYou gain §r§b+1❄ Cold Resistance §r§efor §r§a48 §r§ehours!
19:40:32 [allowed] §d§lYum! §r§eYou gain §r§c+10❤ Health §r§efor §r§a48 §r§ehours!
19:40:33 [allowed] §d§lYum! §r§eYou gain §r§6+5☘ Foraging Fortune §r§efor §r§a48 §r§ehours!
19:40:33 [allowed] §d§lYum! §r§eYou gain §r§d+1♣ Pet Luck §r§efor §r§a48 §r§ehours!
19:40:34 [allowed] §d§lYum! §r§eYou gain §r§c+2❁ Strength §r§efor §r§a48 §r§ehours!
19:40:52 [allowed] §7Sending to server mini64E...
19:40:53 [allowed] §8 §r§8 §r§1 §r§3 §r§3 §r§7 §r§8 
19:40:56 [allowed] §aYou are playing on profile: §eCoconut§b (Co-op)
19:40:56 [allowed] §8Profile ID: 4ef1bd42-ec32-42d4-afba-b766eacde1e7
19:41:00 [allowed] §e[NPC] Fetchur§f: §rhi i need your help maybe
19:41:02 [allowed] §e[NPC] Fetchur§f: §rim looking for some stuff, dont remember the name tbh
19:41:03 [allowed] §e[NPC] Fetchur§f: §rits tall and can be opened
19:41:05 [allowed] §e[NPC] Fetchur§f: §ri need 1 pls
19:41:08 [allowed] §e[NPC] Fetchur§f: §rthanks thats probably what i needed
19:41:08 [allowed] §aYou received these rewards:
19:41:08 [allowed]   §r§8+§r§620,000 Coins
19:41:08 [allowed]   §r§8+§r§21,000 Mithril Powder
19:41:08 [allowed]   §r§8+§r§b20 Bits
19:41:09 [allowed] §e[NPC] Fetchur§f: §rtake some gifts!
19:41:11 [allowed] §cThere are blocks in the way!
19:41:12 [allowed] §cThere are blocks in the way!
19:41:16 [allowed] §7Warping...
19:41:20 [allowed] §c ☠ §r§7§r§bANGCarriered§r§7 was killed by §r§5Star Sentry§r§7§r§7.
19:41:30 [allowed] §6[Bazaar] §r§7Putting goods in escrow...
19:41:30 [allowed] §6[Bazaar] §r§7Submitting sell offer...
19:41:30 [allowed] §6[Bazaar] §r§7§r§eSell Offer Setup! §r§a5§r§7x §r§6Refined Titanium §r§7for §r§62,847,576 coins§r§7.
19:41:34 [allowed] §cThere are blocks in the way!
19:41:35 [allowed] §cThere are blocks in the way!
19:41:36 [allowed] §cThere are blocks in the way!
19:41:38 [allowed] §cThere are blocks in the way!
19:41:38 [allowed] §cThere are blocks in the way!
19:41:39 [allowed] §cThere are blocks in the way!
19:41:39 [allowed] §cThere are blocks in the way!
19:41:40 [allowed] §cThere are blocks in the way!
19:41:41 [allowed] §cThere are blocks in the way!
19:41:42 [allowed] §cThere are blocks in the way!
19:41:44 [allowed] §cThere are blocks in the way!
19:41:48 [allowed] §cThere are blocks in the way!
19:41:49 [allowed] §cThere are blocks in the way!
19:41:50 [allowed] §cThere are blocks in the way!
19:41:51 [allowed] §cThere are blocks in the way!
19:41:52 [allowed] §cThere are blocks in the way!
19:41:55 [allowed] §c ☠ §r§7§r§bANGCarriered§r§7 was killed by §r§5Star Sentry§r§7§r§7.
19:42:03 [allowed] §7Sending to server mini187BC...
19:42:04 [allowed] §8 §r§8 §r§1 §r§3 §r§3 §r§7 §r§8 
19:42:04 [allowed] §d§lINFUSED! §r§7Used one of your free Rift charges!
19:42:04 [allowed] §8If this was unintended, you can leave at no cost whatsoever.
19:42:05 [allowed] §cYou may only use this menu after 4s on the server!
19:42:06 [allowed] §aYou are playing on profile: §eCoconut§b (Co-op)
19:42:06 [allowed] §8Profile ID: 4ef1bd42-ec32-42d4-afba-b766eacde1e7
19:42:06 [allowed] §cPlease wait a moment before opening this again.
19:42:06 [allowed] §c ☠ §r§7§r§bItIsToast_fyi§r§7 fell into the void§r§7.
19:42:14 [allowed] §6§lROUND 1§r§6§l: §r§eYou chose §r§a§lSPLIT §r§eand gained §r§53,000 Motes§r§e!
19:42:16 [allowed] §6§lROUND 2§r§6§l: §r§eYou chose §r§a§lSPLIT §r§eand gained §r§53,000 Motes§r§e!
19:42:19 [allowed] §6§lROUND 3§r§6§l: §r§eYou chose §r§a§lSPLIT §r§eand gained §r§53,000 Motes§r§e!
19:42:21 [allowed] §6§lROUND 4§r§6§l: §r§eYou chose §r§a§lSPLIT §r§eand gained §r§53,000 Motes§r§e!
19:42:23 [allowed] §c ☠ §r§7§r§bItIsToast_fyi§r§7 fell into the void§r§7.
19:42:23 [allowed] §6§lROUND 5§r§6§l: §r§eYou chose §r§a§lSPLIT §r§eand gained §r§53,000 Motes§r§e!
19:42:26 [allowed] §6§lROUND 6§r§6§l: §r§eYou chose §r§a§lSPLIT §r§eand gained §r§53,000 Motes§r§e!
19:42:27 [allowed] §6§lROUND 7§r§6§l: §r§eYou chose §r§a§lSPLIT §r§eand gained §r§53,000 Motes§r§e!
19:42:29 [allowed] §6§lROUND 8 §r§6(§r§6§lFINAL§r§6)§r§6§l: §r§eYou chose §r§a§lSPLIT §r§eand gained §r§53,000 Motes§r§e!
19:42:29 [allowed] §eYou earned §r§524,000 Motes §r§ein this match!
19:42:29 [allowed] §eYour opponent earned §r§524,000 Motes §r§ein this match!
19:42:36 [allowed] §eYou used §r§a§r§a21m41s ф Rift Time §r§eto teleport to §r§fMountaintop§r§e!
19:42:37 [allowed] §5§l▬▬▬▬▬▬▬▬▬▬▬▬▬▬▬▬▬▬▬▬▬▬▬▬▬▬▬▬▬▬▬▬▬▬▬▬▬▬▬▬▬▬▬▬▬▬▬▬▬▬▬▬▬▬▬▬▬▬▬▬▬▬▬▬
19:42:37 [allowed]   §r§d§lRIFT INSTABILITY WARNING
19:42:37 [allowed]     §r§7Venturing in the §r§dRift §r§7breaches spacetime.
19:42:37 [allowed]     §r§7You have §r§a46m40sф §r§7left before the rift collapses!
19:42:37 [allowed]     §r§8Your dimensional infusion has been consumed!
19:42:37 [allowed] §5§l▬▬▬▬▬▬▬▬▬▬▬▬▬▬▬▬▬▬▬▬▬▬▬▬▬▬▬▬▬▬▬▬▬▬▬▬▬▬▬▬▬▬▬▬▬▬▬▬▬▬▬▬▬▬▬▬▬▬▬▬▬▬▬▬
19:42:40 [allowed] §c ☠ §r§7§r§bItIsToast_fyi§r§7 fell into the void§r§7.
19:42:42 [allowed] §7Warping...
19:42:42 [allowed] §7Sending to server mini10CP...
19:42:43 [allowed] §8 §r§8 §r§1 §r§3 §r§3 §r§7 §r§8 
19:42:46 [allowed] §aYou are playing on profile: §eCoconut§b (Co-op)
19:42:46 [allowed] §8Profile ID: 4ef1bd42-ec32-42d4-afba-b766eacde1e7
19:42:53 [allowed] §7Claiming upgrade...
19:42:54 [allowed] §eYou claimed the §r§aIsland Size III §r§eupgrade!
19:43:03 [allowed] §7Starting profile upgrade...
19:43:03 [allowed] §eYou started the §r§aGuests Limit I §r§eupgrade!
19:43:23 [allowed] §6[Sacks] §r§a+5§r§e items§r§e.§r§8 (Last 5s.)
19:43:30 [allowed] §cThere are blocks in the way!
19:43:31 [allowed] §cThere are blocks in the way!
19:43:32 [allowed] §cThere are blocks in the way!
19:43:36 [allowed] §cThere are blocks in the way!
19:43:41 [allowed] §cThere are blocks in the way!
19:43:42 [allowed] §cThere are blocks in the way!
19:43:42 [allowed] §cThere are blocks in the way!
19:43:42 [allowed] §cThere are blocks in the way!
19:43:43 [allowed] §cThere are blocks in the way!
19:43:44 [allowed] §cThere are blocks in the way!
19:43:46 [allowed] §cThere are blocks in the way!
19:43:47 [allowed] §cThere are blocks in the way!
19:43:49 [allowed] §cThere are blocks in the way!
19:43:50 [allowed] §cThere are blocks in the way!
19:43:50 [allowed] §cThere are blocks in the way!
19:43:50 [allowed] §cThere are blocks in the way!
19:43:51 [allowed] §cThere are blocks in the way!
19:43:52 [allowed] §cThere are blocks in the way!
19:43:53 [allowed] §cThere are blocks in the way!
19:43:53 [allowed] §cThere are blocks in the way!
19:43:53 [allowed] §cThere are blocks in the way!
19:43:54 [allowed] §cThere are blocks in the way!
19:43:55 [allowed] §cThere are blocks in the way!
19:43:55 [allowed] §cThere are blocks in the way!
19:43:56 [allowed] §cThere are blocks in the way!
19:43:56 [allowed] §cThere are blocks in the way!
19:43:57 [allowed] §cThere are blocks in the way!
19:43:57 [allowed] §cThere are blocks in the way!
19:43:58 [allowed] §cThere are blocks in the way!
19:43:59 [allowed] §cThere are blocks in the way!
19:43:59 [allowed] §cThere are blocks in the way!
19:44:00 [allowed] §cThere are blocks in the way!
19:44:01 [allowed] §cThere are blocks in the way!
19:44:01 [allowed] §cThere are blocks in the way!
19:44:02 [allowed] §cThere are blocks in the way!
19:44:08 [allowed] §cThere are blocks in the way!
19:44:11 [allowed] §cThere are blocks in the way!
19:44:11 [allowed] §cThere are blocks in the way!
19:44:12 [allowed] §cThere are blocks in the way!
19:44:12 [allowed] §cThere are blocks in the way!
19:44:13 [allowed] §cThere are blocks in the way!
19:44:13 [allowed] §cThere are blocks in the way!
19:44:15 [allowed] §cThere are blocks in the way!
19:44:15 [allowed] §cThere are blocks in the way!
19:44:18 [allowed] §cThere are blocks in the way!
19:44:18 [allowed] §cThere are blocks in the way!
19:44:19 [allowed] §cThere are blocks in the way!
19:44:19 [allowed] §cThere are blocks in the way!
19:44:20 [allowed] §cThere are blocks in the way!
19:44:20 [allowed] §cThere are blocks in the way!
19:44:21 [allowed] §cThere are blocks in the way!
19:44:21 [allowed] §cThere are blocks in the way!
19:44:22 [allowed] §cThere are blocks in the way!
19:44:22 [allowed] §8[§r§70§r§8] §r§a[VIP] SneakiestOdin§f§r§f: yo lemme get sum for free
19:44:23 [allowed] §cThere are blocks in the way!
19:44:23 [allowed] §cThere are blocks in the way!
19:44:24 [allowed] §cThere are blocks in the way!
19:44:25 [allowed] §cThere are blocks in the way!
19:44:25 [allowed] §cThere are blocks in the way!
19:44:25 [allowed] §cThere are blocks in the way!
19:44:26 [allowed] §cThere are blocks in the way!
19:44:27 [allowed] §cThere are blocks in the way!
19:44:27 [allowed] §cThere are blocks in the way!
19:44:27 [allowed] §cThere are blocks in the way!
19:44:28 [allowed] §cThere are blocks in the way!
19:44:28 [allowed] §cThere are blocks in the way!
19:44:29 [allowed] §cThere are blocks in the way!
19:44:29 [allowed] §cThere are blocks in the way!
19:44:30 [allowed] §cThere are blocks in the way!
19:44:30 [allowed] §cThere are blocks in the way!
19:44:31 [allowed] §cThere are blocks in the way!
19:44:31 [allowed] §cThere are blocks in the way!
19:44:32 [allowed] §cThere are blocks in the way!
19:44:33 [allowed] §cThere are blocks in the way!
19:44:33 [allowed] §cThere are blocks in the way!
19:44:34 [allowed] §cThere are blocks in the way!
19:44:34 [allowed] §cThere are blocks in the way!
19:44:34 [allowed] §cThere are blocks in the way!
19:44:35 [allowed] §8[§r§70§r§8] §r§a[VIP] SneakiestOdin§f§r§f: just joined game
19:44:35 [allowed] §cThere are blocks in the way!
19:44:35 [allowed] §6[Bazaar] §eYour §6Sell Offer §efor §a5§7x §6Refined Titanium §ewas filled!
19:44:35 [allowed] §cThere are blocks in the way!
19:44:39 [allowed] §6[Bazaar] §r§7Claiming order...
19:44:39 [allowed] §6[Bazaar] §r§7§r§7Claimed §r§62,847,576 coins §r§7from selling §r§a5§r§7x §r§6Refined Titanium §r§7at §r§6575,995 §r§7each!
19:44:45 [allowed] §cThere are blocks in the way!
19:44:45 [allowed] §cThere are blocks in the way!
19:44:47 [allowed] §cThere are blocks in the way!
19:44:49 [allowed] §cThere are blocks in the way!
19:44:51 [allowed] §cThere are blocks in the way!
19:44:53 [allowed] §cThere are blocks in the way!
19:44:54 [allowed] §cThere are blocks in the way!
19:44:54 [allowed] §cThere are blocks in the way!
19:44:54 [allowed] §cThere are blocks in the way!
19:44:54 [allowed] §cThere are blocks in the way!
19:44:55 [allowed] §cThere are blocks in the way!
19:44:55 [allowed] §cThere are blocks in the way!
19:44:55 [allowed] §cThere are blocks in the way!
19:44:55 [allowed] §cThere are blocks in the way!
19:44:56 [allowed] §cThere are blocks in the way!
19:44:56 [allowed] §cThere are blocks in the way!
19:44:56 [allowed] §cThere are blocks in the way!
19:44:56 [allowed] §cThere are blocks in the way!
19:44:56 [allowed] §cThere are blocks in the way!
19:44:56 [allowed] §cThere are blocks in the way!
19:44:56 [allowed] §cThere are blocks in the way!
19:44:56 [allowed] §cThere are blocks in the way!
19:44:57 [allowed] §cThere are blocks in the way!
19:44:57 [allowed] §cThere are blocks in the way!
19:44:57 [allowed] §cThere are blocks in the way!
19:44:57 [allowed] §cThere are blocks in the way!
19:44:57 [allowed] §cThere are blocks in the way!
19:44:57 [allowed] §cThere are blocks in the way!
19:44:57 [allowed] §cThere are blocks in the way!
19:44:57 [allowed] §cThere are blocks in the way!
19:45:01 [allowed] §cThere are blocks in the way!
19:45:01 [allowed] §cThere are blocks in the way!
19:45:01 [allowed] §cThere are blocks in the way!
19:45:01 [allowed] §cThere are blocks in the way!
19:45:01 [allowed] §cThere are blocks in the way!
19:45:01 [allowed] §cThere are blocks in the way!
19:45:02 [allowed] §cThere are blocks in the way!
19:45:02 [allowed] §cThere are blocks in the way!
19:45:02 [allowed] §cThere are blocks in the way!
19:45:02 [allowed] §cThere are blocks in the way!
19:45:02 [allowed] §cThere are blocks in the way!
19:45:02 [allowed] §cThere are blocks in the way!
19:45:12 [allowed] §cThere are blocks in the way!
19:45:12 [allowed] §cThere are blocks in the way!
19:45:12 [allowed] §cThere are blocks in the way!
19:45:12 [allowed] §cThere are blocks in the way!
19:45:13 [allowed] §cThere are blocks in the way!
19:45:13 [allowed] §cThere are blocks in the way!
19:45:13 [allowed] §cThere are blocks in the way!
19:45:13 [allowed] §cThere are blocks in the way!
19:45:14 [allowed] §cThere are blocks in the way!
19:45:14 [allowed] §cThere are blocks in the way!
19:45:14 [allowed] §cThere are blocks in the way!
19:45:14 [allowed] §cThere are blocks in the way!
19:45:14 [allowed] §cThere are blocks in the way!
19:45:14 [allowed] §cThere are blocks in the way!
19:45:14 [allowed] §cThere are blocks in the way!
19:45:14 [allowed] §cThere are blocks in the way!
19:45:14 [allowed] §cThere are blocks in the way!
19:45:14 [allowed] §cThere are blocks in the way!
19:45:14 [allowed] §cThere are blocks in the way!
19:45:14 [allowed] §cThere are blocks in the way!
19:45:24 [allowed] §cThere are blocks in the way!
19:45:32 [allowed] §cThere are blocks in the way!
19:45:34 [allowed] §7Sending to server mini147AH...
19:45:35 [allowed] §8 §r§8 §r§1 §r§3 §r§3 §r§7 §r§8 
19:45:38 [allowed] §aYou are playing on profile: §eCoconut§b (Co-op)
19:45:38 [allowed] §8Profile ID: 4ef1bd42-ec32-42d4-afba-b766eacde1e7
19:45:39 [allowed] §cThere are blocks in the way!
19:45:40 [allowed] §cThere are blocks in the way!
19:45:41 [allowed] §cThere are blocks in the way!
19:45:43 [allowed] §cThere are blocks in the way!
19:45:43 [allowed] §cThere are blocks in the way!
19:45:44 [allowed] §cThere are blocks in the way!
19:45:58 [allowed] §cThere are blocks in the way!
19:46:09 [allowed] §aYou used your §r§6Mining Speed Boost §r§aPickaxe Ability!
19:46:19 [allowed] §cYour Mining Speed Boost has expired!
19:46:26 [allowed] §cThere are blocks in the way!
19:46:36 [allowed] §aFriend > §r§aToastedBreadCrum §r§eleft.
19:46:36 [allowed] §6[Sacks] §r§a+1,031§r§e items§r§e.§r§8 (Last 30s.)
19:46:37 [allowed] §cThere are blocks in the way!
19:46:38 [allowed] §cThere are blocks in the way!
19:46:40 [allowed] §cThere are blocks in the way!
19:46:43 [allowed] §aYou earned §r§215 GEXP §r§afrom playing SkyBlock!
19:46:44 [allowed] §8[§r§77§r§8] §r§a[VIP§6+§a] 4d3§f§r§f: wsp
19:46:50 [allowed] §cYour pickaxe ability is on cooldown for 80s.
19:46:59 [allowed] §cThere are blocks in the way!
19:47:08 [allowed] §8[§r§a128§r§8] §r§7§l⸕ §r§a[VIP] Tinniercart§f§r§f: how can I craft maddox batphone
19:47:21 [allowed] §6[Sacks] §r§a+768§r§e items§r§e.§r§8 (Last 30s.)
19:47:24 [allowed] §8[§r§72§r§8] §r§7itsnightfroster§7§r§7: how can i travel to the deep caverns
19:47:32 [allowed] §cYou can't use abilities while on a launch pad!
19:47:32 [allowed] §cYou can't use abilities while on a launch pad!
19:47:33 [allowed] §7Sending to server mini66CD...
19:47:34 [allowed] §8 §r§8 §r§1 §r§3 §r§3 §r§7 §r§8 
19:47:37 [allowed] §aYou are playing on profile: §eCoconut§b (Co-op)
19:47:37 [allowed] §8Profile ID: 4ef1bd42-ec32-42d4-afba-b766eacde1e7
19:47:47 [allowed] §cThere are blocks in the way!
19:47:51 [allowed] §cThere are blocks in the way!
19:47:51 [allowed] §cThere are blocks in the way!
19:47:58 [allowed] §cThere are blocks in the way!
19:47:58 [allowed] §cThere are blocks in the way!
19:47:58 [allowed] §cThere are blocks in the way!
19:48:09 [allowed] §6[Sacks] §r§a+770§r§e items§r§e.§r§8 (Last 30s.)
19:48:14 [allowed] §a§l+5 Kill Combo §r§b+3% §r§b✯ Magic Find
19:48:21 [allowed] §3§l▬▬▬▬▬▬▬▬▬▬▬▬▬▬▬▬▬▬▬▬▬▬▬▬▬▬▬▬▬▬▬▬▬▬▬▬▬▬▬▬▬▬▬▬▬▬▬▬▬▬▬▬▬▬▬▬▬▬▬▬▬▬▬▬
19:48:21 [allowed]  
19:48:21 [allowed] §f                                  §6§lBESTIARY
19:48:21 [allowed] §f                       §b§lRedstone Pigman §7§8IV §8➡§b §bV
19:48:21 [allowed] 
19:48:21 [allowed] §f                                  §r§6§lREWARDS
19:48:21 [allowed] §f                    §r§8+§r§a2 Redstone Pigman §r§b✯ Magic Find
19:48:21 [allowed] §f                    §r§8+§r§a2 Redstone Pigman §r§c❁ Strength
19:48:21 [allowed] §f                        §r§8+§r§62% §r§aRedstone Pigman §r§7coins
19:48:21 [allowed] §f                    §r§8+§r§a50% §r§7chance for extra XP orbs
19:48:21 [allowed] §f                               §r§8+§r§b1 SkyBlock XP
19:48:21 [allowed] 
19:48:21 [allowed] §3§l▬▬▬▬▬▬▬▬▬▬▬▬▬▬▬▬▬▬▬▬▬▬▬▬▬▬▬▬▬▬▬▬▬▬▬▬▬▬▬▬▬▬▬▬▬▬▬▬▬▬▬▬▬▬▬▬▬▬▬▬▬▬▬▬
19:48:23 [allowed] §a§l+10 Kill Combo §r§8+§r§610 §r§7coins per kill
19:48:30 [allowed] §9§l+15 Kill Combo §r§b+3% §r§b✯ Magic Find
19:48:36 [allowed] §6[Sacks] §r§a+74§r§e items§r§e.§r§8 (Last 26s.)
19:48:37 [allowed] §5§l+20 Kill Combo §r§8§r§3+15☯ Combat Wisdom
19:48:39 [allowed] §5§l+25 Kill Combo §r§b+3% §r§b✯ Magic Find
19:48:42 [allowed] §cYour Kill Combo has expired! You reached a 25 Kill Combo!
19:48:50 [allowed] §6[Sacks] §r§a+45§r§e items§r§e.§r§8 (Last 13s.)
19:48:53 [allowed] §a§l+5 Kill Combo §r§b+3% §r§b✯ Magic Find
19:48:59 [allowed] §6[Sacks] §r§a+10§r§e items§r§e.§r§8 (Last 7s.)
19:49:01 [allowed] §cYour Kill Combo has expired! You reached a 5 Kill Combo!
19:49:05 [allowed] §7Your Witherborn hit §r§c1 §r§7enemy for §r§c2,530,105.2 §r§7damage.
19:49:08 [allowed] §cThere are blocks in the way!
19:49:25 [allowed] §a§l+5 Kill Combo §r§b+3% §r§b✯ Magic Find
19:49:32 [allowed] §a§l+10 Kill Combo §r§8+§r§610 §r§7coins per kill
19:49:36 [allowed] §6[Sacks] §r§a+296§r§e items§r§e.§r§8 (Last 30s.)
19:49:39 [allowed] §9§l+15 Kill Combo §r§b+3% §r§b✯ Magic Find
19:49:45 [allowed] §cYour Kill Combo has expired! You reached a 17 Kill Combo!
19:49:46 [allowed] §6[Sacks] §r§a+79§r§e items§r§e.§r§8 (Last 9s.)
19:49:46 [allowed] §cThere are blocks in the way!
19:49:52 [allowed] §a§l+5 Kill Combo §r§b+3% §r§b✯ Magic Find
19:49:57 [allowed] §cThere are blocks in the way!
19:49:57 [allowed] §cThere are blocks in the way!
19:50:01 [allowed] §6[Sacks] §r§a+9§r§e items§r§e.§r§8 (Last 12s.)
19:50:03 [allowed] §a§l+10 Kill Combo §r§8+§r§610 §r§7coins per kill
19:50:12 [allowed] §9§l+15 Kill Combo §r§b+3% §r§b✯ Magic Find
19:50:18 [allowed] §5§l+20 Kill Combo §r§8§r§3+15☯ Combat Wisdom
19:50:20 [allowed] §cThere are blocks in the way!
19:50:28 [allowed] §5§l+25 Kill Combo §r§b+3% §r§b✯ Magic Find
19:50:32 [allowed] §6[Sacks] §r§a+43§r§e items§r§e.§r§8 (Last 30s.)
19:50:34 [allowed] §cYour Kill Combo has expired! You reached a 29 Kill Combo!
19:50:40 [allowed] §cThere are blocks in the way!
19:50:41 [allowed] §cThere are blocks in the way!
19:50:44 [allowed] §a§l+5 Kill Combo §r§b+3% §r§b✯ Magic Find
19:50:51 [allowed] §a§l+10 Kill Combo §r§8+§r§610 §r§7coins per kill
19:50:52 [allowed] §cThere are blocks in the way!
19:50:56 [allowed] §a§aYou tipped 14 players in 15 different games!
19:51:00 [allowed] §9§l+15 Kill Combo §r§b+3% §r§b✯ Magic Find
19:51:02 [allowed] §cThere are blocks in the way!
19:51:04 [allowed] §cYour Kill Combo has expired! You reached a 15 Kill Combo!
19:51:06 [allowed] §6[Sacks] §r§a+126§r§e items§r§e.§r§8 (Last 30s.)
19:51:11 [allowed] §a§l+5 Kill Combo §r§b+3% §r§b✯ Magic Find
19:51:16 [allowed] §a§l+10 Kill Combo §r§8+§r§610 §r§7coins per kill
19:51:17 [allowed] §cThere are blocks in the way!
19:51:19 [allowed] §cThere are blocks in the way!
19:51:25 [allowed] §cThere are blocks in the way!
19:51:25 [allowed] §cYour Kill Combo has expired! You reached a 14 Kill Combo!
19:51:28 [allowed] §3§l▬▬▬▬▬▬▬▬▬▬▬▬▬▬▬▬▬▬▬▬▬▬▬▬▬▬▬▬▬▬▬▬▬▬▬▬▬▬▬▬▬▬▬▬▬▬▬▬▬▬▬▬▬▬▬▬▬▬▬▬▬▬▬▬
19:51:28 [allowed]  
19:51:28 [allowed] §f                                  §6§lBESTIARY
19:51:28 [allowed] §f                          §b§lEmerald Slime §7§8IV §8➡§b §bV
19:51:28 [allowed] 
19:51:28 [allowed] §f                                  §r§6§lREWARDS
19:51:28 [allowed] §f                      §r§8+§r§a2 Emerald Slime §r§b✯ Magic Find
19:51:28 [allowed] §f                      §r§8+§r§a2 Emerald Slime §r§c❁ Strength
19:51:28 [allowed] §f                          §r§8+§r§62% §r§aEmerald Slime §r§7coins
19:51:28 [allowed] §f                    §r§8+§r§a50% §r§7chance for extra XP orbs
19:51:28 [allowed] §f                               §r§8+§r§b1 SkyBlock XP
19:51:28 [allowed] 
19:51:28 [allowed]   §r§f                         §6§lBESTIARY MILESTONE
19:51:28 [allowed]   §r§f                               §8CCXVIII➡§eCCXIX
19:51:28 [allowed] 
19:51:28 [allowed] §3§l▬▬▬▬▬▬▬▬▬▬▬▬▬▬▬▬▬▬▬▬▬▬▬▬▬▬▬▬▬▬▬▬▬▬▬▬▬▬▬▬▬▬▬▬▬▬▬▬▬▬▬▬▬▬▬▬▬▬▬▬▬▬▬▬
19:51:33 [allowed] §a§l+5 Kill Combo §r§b+3% §r§b✯ Magic Find
19:51:36 [allowed] §6[Sacks] §r§a+264§r§e items§r§e.§r§8 (Last 30s.)
19:51:39 [allowed] §6§lRARE DROP! §r§9Miner Helmet §r§b(+§r§b131% §r§b✯ Magic Find§r§b)
19:51:42 [allowed] §cYou must double tap the drop button to drop this item!
19:51:42 [allowed] §cYou can disable this in the §r§fSettings§r§c in your §r§aSkyBlock Menu§r§c!
19:51:42 [allowed] §c ☠ §r§7§r§7MrBeast902§r§7 was killed by Emerald Slime§r§7§r§7.
19:51:43 [allowed] §cYou must double tap the drop button to drop this item!
19:51:43 [allowed] §cYou can disable this in the §r§fSettings§r§c in your §r§aSkyBlock Menu§r§c!
19:51:45 [allowed] §6[Sacks] §r§a+66§r§e items§r§e.§r§8 (Last 8s.)
19:51:47 [allowed] §cYour Kill Combo has expired! You reached a 8 Kill Combo!
19:51:53 [allowed] §c ☠ §r§7§r§bAcuteSet125609§r§7 was killed by Miner Zombie§r§7§r§7.
19:51:55 [allowed] §a§l+5 Kill Combo §r§b+3% §r§b✯ Magic Find
19:52:01 [allowed] §a§l+10 Kill Combo §r§8+§r§610 §r§7coins per kill
19:52:05 [allowed] §9§l+15 Kill Combo §r§b+3% §r§b✯ Magic Find
19:52:11 [allowed] §5§l+20 Kill Combo §r§8§r§3+15☯ Combat Wisdom
19:52:16 [allowed] §cYour Kill Combo has expired! You reached a 22 Kill Combo!
19:52:18 [allowed] §6[Sacks] §r§a+208§r§e items§r§e.§r§8 (Last 30s.)
19:52:20 [allowed] §3§l▬▬▬▬▬▬▬▬▬▬▬▬▬▬▬▬▬▬▬▬▬▬▬▬▬▬▬▬▬▬▬▬▬▬▬▬▬▬▬▬▬▬▬▬▬▬▬▬▬▬▬▬▬▬▬▬▬▬▬▬▬▬▬▬
19:52:20 [allowed]  
19:52:20 [allowed] §f                                  §6§lBESTIARY
19:52:20 [allowed] §f                        §b§lMiner Skeleton §7§8II §8➡§b §bIII
19:52:20 [allowed] 
19:52:20 [allowed] §f                                  §r§6§lREWARDS
19:52:20 [allowed] §f                     §r§8+§r§a2 Miner Skeleton §r§b✯ Magic Find
19:52:20 [allowed] §f                      §r§8+§r§a2 Miner Skeleton §r§c❁ Strength
19:52:20 [allowed] §f                         §r§8+§r§62% §r§aMiner Skeleton §r§7coins
19:52:20 [allowed] §f                    §r§8+§r§a50% §r§7chance for extra XP orbs
19:52:20 [allowed] §f                               §r§8+§r§b1 SkyBlock XP
19:52:20 [allowed] 
19:52:20 [allowed] §3§l▬▬▬▬▬▬▬▬▬▬▬▬▬▬▬▬▬▬▬▬▬▬▬▬▬▬▬▬▬▬▬▬▬▬▬▬▬▬▬▬▬▬▬▬▬▬▬▬▬▬▬▬▬▬▬▬▬▬▬▬▬▬▬▬
19:52:24 [allowed] §a§l+5 Kill Combo §r§b+3% §r§b✯ Magic Find
19:52:31 [allowed] §6[Sacks] §r§a+78§r§e items§r§e.§r§8 (Last 12s.)
19:52:33 [allowed] §a§l+10 Kill Combo §r§8+§r§610 §r§7coins per kill
19:52:36 [allowed] §7Your Witherborn hit §r§c1 §r§7enemy for §r§c1,942,759.3 §r§7damage.
19:52:38 [allowed] §c ☠ §r§7§r§7Heidi03§r§7 was killed by Emerald Slime§r§7§r§7.
19:52:38 [allowed] §cThere are blocks in the way!
19:52:44 [allowed] §cYour Kill Combo has expired! You reached a 14 Kill Combo!
19:52:49 [allowed] §a§l+5 Kill Combo §r§b+3% §r§b✯ Magic Find
19:52:56 [allowed] §a§l+10 Kill Combo §r§8+§r§610 §r§7coins per kill
