01:07:20 Trying to load config from config\skyhanni\config.json
01:07:20 load-config-now
01:07:21 Loaded config from file
01:07:21 Trying to load sacks from config\skyhanni\sacks.json
01:07:21 load-sacks-now
01:07:21 Loaded sacks from file
01:07:21 Trying to load friends from config\skyhanni\friends.json
01:07:21 load-friends-now
01:07:22 Loaded friends from file
01:07:22 Trying to load known_features from config\skyhanni\known_features.json
01:07:22 load-known_features-now
01:07:22 Loaded known_features from file
01:07:22 Trying to load jacob_contests from config\skyhanni\jacob_contests.json
01:07:22 load-jacob_contests-now
01:07:22 Loaded jacob_contests from file
01:07:22 Trying to load visual_words from config\skyhanni\visual_words.json
01:07:22 Setting visual_words to be blank as it did not exist. It will be saved once something is written to it
01:08:22 saveConfig: auto-save-60s
01:08:22 Saving config file
01:08:22 Saved config file successfully
01:08:22 saveConfig: auto-save-60s
01:08:22 Saving config file
01:08:22 Saved config file successfully
01:09:22 saveConfig: auto-save-60s
01:09:22 Saving config file
01:09:22 Saved config file successfully
01:09:22 saveConfig: auto-save-60s
01:09:22 Saving config file
01:09:22 Saved config file successfully
01:09:59 saveConfig: Updated known feature flags
01:09:59 Saving known_features file
01:09:59 Saved known_features file successfully
01:09:59 saveConfig: Updated known feature flags
01:09:59 Saving known_features file
01:09:59 Saved known_features file successfully
01:10:22 saveConfig: auto-save-60s
01:10:22 Saving config file
01:10:22 Saved config file successfully
01:10:22 saveConfig: auto-save-60s
01:10:22 Saving config file
01:10:22 Saved config file successfully
01:11:14 saveConfig: saving-data
01:11:14 Saving sacks file
01:11:14 Saved sacks file successfully
01:11:14 saveConfig: saving-data
01:11:14 Saving sacks file
01:11:14 Saved sacks file successfully
01:11:22 saveConfig: auto-save-60s
01:11:22 Saving config file
01:11:22 Saved config file successfully
01:11:22 saveConfig: auto-save-60s
01:11:22 Saving config file
01:11:22 Saved config file successfully
01:12:22 saveConfig: auto-save-60s
01:12:22 Saving config file
01:12:22 Saved config file successfully
01:12:22 saveConfig: auto-save-60s
01:12:22 Saving config file
01:12:22 Saved config file successfully
01:13:22 saveConfig: auto-save-60s
01:13:22 Saving config file
01:13:22 Saved config file successfully
01:13:22 saveConfig: auto-save-60s
01:13:22 Saving config file
01:13:22 Saved config file successfully
01:14:22 saveConfig: auto-save-60s
01:14:22 Saving config file
01:14:22 Saved config file successfully
01:14:22 saveConfig: auto-save-60s
01:14:22 Saving config file
01:14:22 Saved config file successfully
01:15:22 saveConfig: auto-save-60s
01:15:22 Saving config file
01:15:22 Saved config file successfully
01:15:22 saveConfig: auto-save-60s
01:15:22 Saving config file
01:15:22 Saved config file successfully
01:16:22 saveConfig: auto-save-60s
01:16:22 Saving config file
01:16:22 Saved config file successfully
01:16:22 saveConfig: auto-save-60s
01:16:22 Saving config file
01:16:22 Saved config file successfully
01:17:22 saveConfig: auto-save-60s
01:17:22 Saving config file
01:17:22 Saved config file successfully
01:17:22 saveConfig: auto-save-60s
01:17:22 Saving config file
01:17:22 Saved config file successfully
01:18:22 saveConfig: auto-save-60s
01:18:22 Saving config file
01:18:22 Saved config file successfully
01:18:22 saveConfig: auto-save-60s
01:18:22 Saving config file
01:18:22 Saved config file successfully
01:19:22 saveConfig: auto-save-60s
01:19:22 Saving config file
01:19:22 Saved config file successfully
01:19:22 saveConfig: auto-save-60s
01:19:22 Saving config file
01:19:22 Saved config file successfully
01:20:22 saveConfig: auto-save-60s
01:20:22 Saving config file
01:20:22 Saved config file successfully
01:20:22 saveConfig: auto-save-60s
01:20:22 Saving config file
01:20:22 Saved config file successfully
01:21:22 saveConfig: auto-save-60s
01:21:22 Saving config file
01:21:22 Saved config file successfully
01:21:22 saveConfig: auto-save-60s
01:21:22 Saving config file
01:21:22 Saved config file successfully
01:22:22 saveConfig: auto-save-60s
01:22:22 Saving config file
01:22:22 Saved config file successfully
01:22:22 saveConfig: auto-save-60s
01:22:22 Saving config file
01:22:22 Saved config file successfully
01:23:22 saveConfig: auto-save-60s
01:23:22 Saving config file
01:23:22 Saved config file successfully
01:23:22 saveConfig: auto-save-60s
01:23:22 Saving config file
01:23:22 Saved config file successfully
01:24:22 saveConfig: auto-save-60s
01:24:22 Saving config file
01:24:22 Saved config file successfully
01:24:22 saveConfig: auto-save-60s
01:24:22 Saving config file
01:24:22 Saved config file successfully
01:25:22 saveConfig: auto-save-60s
01:25:22 Saving config file
01:25:22 Saved config file successfully
01:25:22 saveConfig: auto-save-60s
01:25:22 Saving config file
01:25:22 Saved config file successfully
01:26:22 saveConfig: auto-save-60s
01:26:22 Saving config file
01:26:22 Saved config file successfully
01:26:22 saveConfig: auto-save-60s
01:26:22 Saving config file
01:26:22 Saved config file successfully
01:27:22 saveConfig: auto-save-60s
01:27:22 Saving config file
01:27:22 Saved config file successfully
01:27:22 saveConfig: auto-save-60s
01:27:22 Saving config file
01:27:22 Saved config file successfully
01:28:22 saveConfig: auto-save-60s
01:28:22 Saving config file
01:28:22 Saved config file successfully
01:28:22 saveConfig: auto-save-60s
01:28:22 Saving config file
01:28:22 Saved config file successfully
01:29:22 saveConfig: auto-save-60s
01:29:22 Saving config file
01:29:22 Saved config file successfully
01:29:22 saveConfig: auto-save-60s
01:29:22 Saving config file
01:29:22 Saved config file successfully
01:30:22 saveConfig: auto-save-60s
01:30:22 Saving config file
01:30:22 Saved config file successfully
01:30:22 saveConfig: auto-save-60s
01:30:22 Saving config file
01:30:22 Saved config file successfully
01:31:18 saveConfig: saving-data
01:31:18 Saving sacks file
01:31:18 Saved sacks file successfully
01:31:18 saveConfig: saving-data
01:31:18 Saving sacks file
01:31:18 Saved sacks file successfully
01:31:22 saveConfig: auto-save-60s
01:31:22 Saving config file
01:31:22 Saved config file successfully
01:31:22 saveConfig: auto-save-60s
01:31:22 Saving config file
01:31:22 Saved config file successfully
01:32:22 saveConfig: auto-save-60s
01:32:22 Saving config file
01:32:22 Saved config file successfully
01:32:22 saveConfig: auto-save-60s
01:32:22 Saving config file
01:32:22 Saved config file successfully
01:33:22 saveConfig: auto-save-60s
01:33:22 Saving config file
01:33:22 Saved config file successfully
01:33:22 saveConfig: auto-save-60s
01:33:22 Saving config file
01:33:22 Saved config file successfully
01:34:22 saveConfig: auto-save-60s
01:34:22 Saving config file
01:34:22 Saved config file successfully
01:34:22 saveConfig: auto-save-60s
01:34:22 Saving config file
01:34:22 Saved config file successfully
01:35:22 saveConfig: auto-save-60s
01:35:22 Saving config file
01:35:22 Saved config file successfully
01:35:22 saveConfig: auto-save-60s
01:35:22 Saving config file
01:35:22 Saved config file successfully
01:36:22 saveConfig: auto-save-60s
01:36:22 Saving config file
01:36:22 Saved config file successfully
01:36:22 saveConfig: auto-save-60s
01:36:22 Saving config file
01:36:22 Saved config file successfully
01:37:22 saveConfig: auto-save-60s
01:37:22 Saving config file
01:37:22 Saved config file successfully
01:37:22 saveConfig: auto-save-60s
01:37:22 Saving config file
01:37:22 Saved config file successfully
01:38:22 saveConfig: auto-save-60s
01:38:22 Saving config file
01:38:22 Saved config file successfully
01:38:22 saveConfig: auto-save-60s
01:38:22 Saving config file
01:38:22 Saved config file successfully
01:39:22 saveConfig: auto-save-60s
01:39:22 Saving config file
01:39:22 Saved config file successfully
01:39:22 saveConfig: auto-save-60s
01:39:22 Saving config file
01:39:22 Saved config file successfully
01:40:22 saveConfig: auto-save-60s
01:40:22 Saving config file
01:40:22 Saved config file successfully
01:40:22 saveConfig: auto-save-60s
01:40:22 Saving config file
01:40:22 Saved config file successfully
01:41:22 saveConfig: auto-save-60s
01:41:22 Saving config file
01:41:22 Saved config file successfully
01:41:22 saveConfig: auto-save-60s
01:41:22 Saving config file
01:41:22 Saved config file successfully
01:42:22 saveConfig: auto-save-60s
01:42:22 Saving config file
01:42:22 Saved config file successfully
01:42:22 saveConfig: auto-save-60s
01:42:22 Saving config file
01:42:22 Saved config file successfully
01:43:22 saveConfig: auto-save-60s
01:43:22 Saving config file
01:43:22 Saved config file successfully
01:43:22 saveConfig: auto-save-60s
01:43:22 Saving config file
01:43:22 Saved config file successfully
01:44:22 saveConfig: auto-save-60s
01:44:22 Saving config file
01:44:22 Saved config file successfully
01:44:22 saveConfig: auto-save-60s
01:44:22 Saving config file
01:44:22 Saved config file successfully
01:45:22 saveConfig: auto-save-60s
01:45:22 Saving config file
01:45:22 Saved config file successfully
01:45:22 saveConfig: auto-save-60s
01:45:22 Saving config file
01:45:22 Saved config file successfully
01:46:22 saveConfig: auto-save-60s
01:46:22 Saving config file
01:46:22 Saved config file successfully
01:46:22 saveConfig: auto-save-60s
01:46:22 Saving config file
01:46:22 Saved config file successfully
01:47:22 saveConfig: auto-save-60s
01:47:22 Saving config file
01:47:22 Saved config file successfully
01:47:22 saveConfig: auto-save-60s
01:47:22 Saving config file
01:47:22 Saved config file successfully
01:48:22 saveConfig: auto-save-60s
01:48:22 Saving config file
01:48:22 Saved config file successfully
01:48:22 saveConfig: auto-save-60s
01:48:22 Saving config file
01:48:22 Saved config file successfully
01:49:22 saveConfig: auto-save-60s
01:49:22 Saving config file
01:49:22 Saved config file successfully
01:49:22 saveConfig: auto-save-60s
01:49:22 Saving config file
01:49:22 Saved config file successfully
01:50:22 saveConfig: auto-save-60s
01:50:22 Saving config file
01:50:22 Saved config file successfully
01:50:22 saveConfig: auto-save-60s
01:50:22 Saving config file
01:50:22 Saved config file successfully
01:51:22 saveConfig: auto-save-60s
01:51:22 Saving config file
01:51:22 Saved config file successfully
01:51:22 saveConfig: auto-save-60s
01:51:22 Saving config file
01:51:22 Saved config file successfully
01:52:22 saveConfig: auto-save-60s
01:52:22 Saving config file
01:52:22 Saved config file successfully
01:52:22 saveConfig: auto-save-60s
01:52:22 Saving config file
01:52:22 Saved config file successfully
01:53:22 saveConfig: auto-save-60s
01:53:22 Saving config file
01:53:22 Saved config file successfully
01:53:22 saveConfig: auto-save-60s
01:53:22 Saving config file
01:53:22 Saved config file successfully
01:54:22 saveConfig: auto-save-60s
01:54:22 Saving config file
01:54:22 Saved config file successfully
01:54:22 saveConfig: auto-save-60s
01:54:22 Saving config file
01:54:22 Saved config file successfully
01:54:59 saveConfig: saving-data
01:54:59 Saving sacks file
01:54:59 Saved sacks file successfully
01:54:59 saveConfig: saving-data
01:54:59 Saving sacks file
01:54:59 Saved sacks file successfully
01:55:22 saveConfig: auto-save-60s
01:55:22 Saving config file
01:55:22 Saved config file successfully
01:55:22 saveConfig: auto-save-60s
01:55:22 Saving config file
01:55:22 Saved config file successfully
01:56:22 saveConfig: auto-save-60s
01:56:22 Saving config file
01:56:22 Saved config file successfully
01:56:22 saveConfig: auto-save-60s
01:56:22 Saving config file
01:56:22 Saved config file successfully
01:57:22 saveConfig: auto-save-60s
01:57:22 Saving config file
01:57:22 Saved config file successfully
01:57:22 saveConfig: auto-save-60s
01:57:22 Saving config file
01:57:22 Saved config file successfully
01:58:22 saveConfig: auto-save-60s
01:58:22 Saving config file
01:58:22 Saved config file successfully
01:58:22 saveConfig: auto-save-60s
01:58:22 Saving config file
01:58:22 Saved config file successfully
01:59:22 saveConfig: auto-save-60s
01:59:22 Saving config file
01:59:22 Saved config file successfully
01:59:22 saveConfig: auto-save-60s
01:59:22 Saving config file
01:59:22 Saved config file successfully
02:00:22 saveConfig: auto-save-60s
02:00:22 Saving config file
02:00:22 Saved config file successfully
02:00:22 saveConfig: auto-save-60s
02:00:22 Saving config file
02:00:22 Saved config file successfully
02:01:11 saveConfig: saving-data
02:01:11 Saving sacks file
02:01:11 Saved sacks file successfully
02:01:11 saveConfig: saving-data
02:01:11 Saving sacks file
02:01:11 Saved sacks file successfully
02:01:22 saveConfig: auto-save-60s
02:01:22 Saving config file
02:01:22 Saved config file successfully
02:01:22 saveConfig: auto-save-60s
02:01:22 Saving config file
02:01:22 Saved config file successfully
02:01:43 saveConfig: saving-data
02:01:43 Saving sacks file
02:01:43 Saved sacks file successfully
02:01:43 saveConfig: saving-data
02:01:43 Saving sacks file
02:01:43 Saved sacks file successfully
02:02:14 saveConfig: saving-data
02:02:14 Saving sacks file
02:02:14 Saved sacks file successfully
02:02:14 saveConfig: saving-data
02:02:14 Saving sacks file
02:02:14 Saved sacks file successfully
02:02:22 saveConfig: auto-save-60s
02:02:22 Saving config file
02:02:22 Saved config file successfully
02:02:22 saveConfig: auto-save-60s
02:02:22 Saving config file
02:02:22 Saved config file successfully
02:02:47 saveConfig: saving-data
02:02:47 Saving sacks file
02:02:47 Saved sacks file successfully
02:02:47 saveConfig: saving-data
02:02:47 Saving sacks file
02:02:47 Saved sacks file successfully
02:03:20 saveConfig: saving-data
02:03:20 Saving sacks file
02:03:20 Saved sacks file successfully
02:03:20 saveConfig: saving-data
02:03:20 Saving sacks file
02:03:20 Saved sacks file successfully
02:03:22 saveConfig: auto-save-60s
02:03:22 Saving config file
02:03:22 Saved config file successfully
02:03:22 saveConfig: auto-save-60s
02:03:22 Saving config file
02:03:22 Saved config file successfully
02:03:59 saveConfig: saving-data
02:03:59 Saving sacks file
02:03:59 Saved sacks file successfully
02:03:59 saveConfig: saving-data
02:03:59 Saving sacks file
02:03:59 Saved sacks file successfully
02:04:22 saveConfig: auto-save-60s
02:04:22 Saving config file
02:04:22 Saved config file successfully
02:04:22 saveConfig: auto-save-60s
02:04:22 Saving config file
02:04:22 Saved config file successfully
02:04:33 saveConfig: saving-data
02:04:33 Saving sacks file
02:04:33 Saved sacks file successfully
02:04:33 saveConfig: saving-data
02:04:33 Saving sacks file
02:04:33 Saved sacks file successfully
02:05:04 saveConfig: saving-data
02:05:04 Saving sacks file
02:05:04 Saved sacks file successfully
02:05:04 saveConfig: saving-data
02:05:04 Saving sacks file
02:05:04 Saved sacks file successfully
02:05:22 saveConfig: auto-save-60s
02:05:22 Saving config file
02:05:22 Saved config file successfully
02:05:22 saveConfig: auto-save-60s
02:05:22 Saving config file
02:05:22 Saved config file successfully
02:05:35 saveConfig: saving-data
02:05:35 Saving sacks file
02:05:35 Saved sacks file successfully
02:05:35 saveConfig: saving-data
02:05:35 Saving sacks file
02:05:35 Saved sacks file successfully
02:05:46 saveConfig: saving-data
02:05:46 Saving sacks file
02:05:46 Saved sacks file successfully
02:05:46 saveConfig: saving-data
02:05:46 Saving sacks file
02:05:46 Saved sacks file successfully
02:06:20 saveConfig: saving-data
02:06:20 Saving sacks file
02:06:20 Saved sacks file successfully
02:06:20 saveConfig: saving-data
02:06:20 Saving sacks file
02:06:20 Saved sacks file successfully
02:06:22 saveConfig: auto-save-60s
02:06:22 Saving config file
02:06:22 Saved config file successfully
02:06:22 saveConfig: auto-save-60s
02:06:22 Saving config file
02:06:22 Saved config file successfully
02:06:52 saveConfig: saving-data
02:06:52 Saving sacks file
02:06:52 Saved sacks file successfully
02:06:52 saveConfig: saving-data
02:06:52 Saving sacks file
02:06:52 Saved sacks file successfully
02:07:22 saveConfig: auto-save-60s
02:07:22 Saving config file
02:07:22 Saved config file successfully
02:07:22 saveConfig: auto-save-60s
02:07:22 Saving config file
02:07:22 Saved config file successfully
02:07:23 saveConfig: saving-data
02:07:23 Saving sacks file
02:07:23 Saved sacks file successfully
02:07:23 saveConfig: saving-data
02:07:23 Saving sacks file
02:07:23 Saved sacks file successfully
02:07:32 saveConfig: saving-data
02:07:32 Saving sacks file
02:07:32 Saved sacks file successfully
02:07:32 saveConfig: saving-data
02:07:32 Saving sacks file
02:07:32 Saved sacks file successfully
02:08:03 saveConfig: saving-data
02:08:03 Saving sacks file
02:08:03 Saved sacks file successfully
02:08:03 saveConfig: saving-data
02:08:03 Saving sacks file
02:08:03 Saved sacks file successfully
02:08:20 saveConfig: saving-data
02:08:20 Saving sacks file
02:08:20 Saved sacks file successfully
02:08:20 saveConfig: saving-data
02:08:20 Saving sacks file
02:08:20 Saved sacks file successfully
02:08:22 saveConfig: auto-save-60s
02:08:22 Saving config file
02:08:22 Saved config file successfully
02:08:22 saveConfig: auto-save-60s
02:08:22 Saving config file
02:08:22 Saved config file successfully
02:08:53 saveConfig: saving-data
02:08:53 Saving sacks file
02:08:53 Saved sacks file successfully
02:08:53 saveConfig: saving-data
02:08:53 Saving sacks file
02:08:53 Saved sacks file successfully
02:09:06 saveConfig: saving-data
02:09:06 Saving sacks file
02:09:06 Saved sacks file successfully
02:09:06 saveConfig: saving-data
02:09:06 Saving sacks file
02:09:06 Saved sacks file successfully
02:09:17 saveConfig: saving-data
02:09:17 Saving sacks file
02:09:17 Saved sacks file successfully
02:09:17 saveConfig: saving-data
02:09:17 Saving sacks file
02:09:17 Saved sacks file successfully
02:09:22 saveConfig: auto-save-60s
02:09:22 Saving config file
02:09:22 Saved config file successfully
02:09:22 saveConfig: auto-save-60s
02:09:22 Saving config file
02:09:22 Saved config file successfully
02:10:03 saveConfig: saving-data
02:10:03 Saving sacks file
02:10:03 Saved sacks file successfully
02:10:03 saveConfig: saving-data
02:10:03 Saving sacks file
02:10:03 Saved sacks file successfully
02:10:13 saveConfig: saving-data
02:10:13 Saving sacks file
02:10:13 Saved sacks file successfully
02:10:13 saveConfig: saving-data
02:10:13 Saving sacks file
02:10:13 Saved sacks file successfully
02:10:22 saveConfig: auto-save-60s
02:10:22 Saving config file
02:10:22 Saved config file successfully
02:10:22 saveConfig: auto-save-60s
02:10:22 Saving config file
02:10:22 Saved config file successfully
02:10:46 saveConfig: saving-data
02:10:46 Saving sacks file
02:10:46 Saved sacks file successfully
02:10:46 saveConfig: saving-data
02:10:46 Saving sacks file
02:10:46 Saved sacks file successfully
02:11:05 saveConfig: saving-data
02:11:05 Saving sacks file
02:11:05 Saved sacks file successfully
02:11:05 saveConfig: saving-data
02:11:05 Saving sacks file
02:11:05 Saved sacks file successfully
02:11:22 saveConfig: auto-save-60s
02:11:22 Saving config file
02:11:22 Saved config file successfully
02:11:22 saveConfig: auto-save-60s
02:11:22 Saving config file
02:11:22 Saved config file successfully
02:11:36 saveConfig: saving-data
02:11:36 Saving sacks file
02:11:36 Saved sacks file successfully
02:11:36 saveConfig: saving-data
02:11:36 Saving sacks file
02:11:36 Saved sacks file successfully
02:12:15 saveConfig: saving-data
02:12:15 Saving sacks file
02:12:15 Saved sacks file successfully
02:12:15 saveConfig: saving-data
02:12:15 Saving sacks file
02:12:15 Saved sacks file successfully
02:12:22 saveConfig: auto-save-60s
02:12:22 Saving config file
02:12:22 Saved config file successfully
02:12:22 saveConfig: auto-save-60s
02:12:22 Saving config file
02:12:22 Saved config file successfully
02:12:47 saveConfig: saving-data
02:12:47 Saving sacks file
02:12:47 Saved sacks file successfully
02:12:47 saveConfig: saving-data
02:12:47 Saving sacks file
02:12:47 Saved sacks file successfully
02:13:18 saveConfig: saving-data
02:13:18 Saving sacks file
02:13:18 Saved sacks file successfully
02:13:18 saveConfig: saving-data
02:13:18 Saving sacks file
02:13:18 Saved sacks file successfully
02:13:22 saveConfig: auto-save-60s
02:13:22 Saving config file
02:13:22 Saved config file successfully
02:13:22 saveConfig: auto-save-60s
02:13:22 Saving config file
02:13:22 Saved config file successfully
02:13:42 saveConfig: saving-data
02:13:42 Saving sacks file
02:13:42 Saved sacks file successfully
02:13:42 saveConfig: saving-data
02:13:42 Saving sacks file
02:13:42 Saved sacks file successfully
02:14:16 saveConfig: saving-data
02:14:16 Saving sacks file
02:14:16 Saved sacks file successfully
02:14:16 saveConfig: saving-data
02:14:16 Saving sacks file
02:14:16 Saved sacks file successfully
02:14:22 saveConfig: auto-save-60s
02:14:22 Saving config file
02:14:22 Saved config file successfully
02:14:22 saveConfig: auto-save-60s
02:14:22 Saving config file
02:14:22 Saved config file successfully
02:14:47 saveConfig: saving-data
02:14:47 Saving sacks file
02:14:47 Saved sacks file successfully
02:14:47 saveConfig: saving-data
02:14:47 Saving sacks file
02:14:47 Saved sacks file successfully
02:15:19 saveConfig: saving-data
02:15:19 Saving sacks file
02:15:19 Saved sacks file successfully
02:15:19 saveConfig: saving-data
02:15:19 Saving sacks file
02:15:19 Saved sacks file successfully
02:15:22 saveConfig: auto-save-60s
02:15:22 Saving config file
02:15:22 Saved config file successfully
02:15:22 saveConfig: auto-save-60s
02:15:22 Saving config file
02:15:22 Saved config file successfully
02:15:26 saveConfig: saving-data
02:15:26 Saving sacks file
02:15:26 Saved sacks file successfully
02:15:26 saveConfig: saving-data
02:15:26 Saving sacks file
02:15:26 Saved sacks file successfully
02:15:57 saveConfig: saving-data
02:15:57 Saving sacks file
02:15:57 Saved sacks file successfully
02:15:57 saveConfig: saving-data
02:15:57 Saving sacks file
02:15:58 Saved sacks file successfully
02:16:22 saveConfig: saving-data
02:16:22 Saving sacks file
02:16:22 Saved sacks file successfully
02:16:22 saveConfig: saving-data
02:16:22 Saving sacks file
02:16:22 saveConfig: auto-save-60s
02:16:22 Saving config file
02:16:22 Saved sacks file successfully
02:16:22 Saved config file successfully
02:16:22 saveConfig: auto-save-60s
02:16:22 Saving config file
02:16:22 Saved config file successfully
02:16:35 saveConfig: saving-data
02:16:35 Saving sacks file
02:16:35 Saved sacks file successfully
02:16:35 saveConfig: saving-data
02:16:35 Saving sacks file
02:16:35 Saved sacks file successfully
02:17:07 saveConfig: saving-data
02:17:07 Saving sacks file
02:17:07 Saved sacks file successfully
02:17:07 saveConfig: saving-data
02:17:07 Saving sacks file
02:17:07 Saved sacks file successfully
02:17:22 saveConfig: auto-save-60s
02:17:22 Saving config file
02:17:22 Saved config file successfully
02:17:22 saveConfig: auto-save-60s
02:17:22 Saving config file
02:17:22 Saved config file successfully
02:17:38 saveConfig: saving-data
02:17:38 Saving sacks file
02:17:38 Saved sacks file successfully
02:17:38 saveConfig: saving-data
02:17:38 Saving sacks file
02:17:38 Saved sacks file successfully
02:17:44 saveConfig: saving-data
02:17:44 Saving sacks file
02:17:44 Saved sacks file successfully
02:17:44 saveConfig: saving-data
02:17:44 Saving sacks file
02:17:44 Saved sacks file successfully
02:18:22 saveConfig: auto-save-60s
02:18:22 Saving config file
02:18:22 Saved config file successfully
02:18:22 saveConfig: auto-save-60s
02:18:22 Saving config file
02:18:22 Saved config file successfully
02:18:37 saveConfig: saving-data
02:18:37 Saving sacks file
02:18:37 Saved sacks file successfully
02:18:37 saveConfig: saving-data
02:18:37 Saving sacks file
02:18:37 Saved sacks file successfully
02:19:10 saveConfig: saving-data
02:19:10 Saving sacks file
02:19:10 Saved sacks file successfully
02:19:10 saveConfig: saving-data
02:19:10 Saving sacks file
02:19:10 Saved sacks file successfully
02:19:21 saveConfig: saving-data
02:19:21 Saving sacks file
02:19:21 Saved sacks file successfully
02:19:21 saveConfig: saving-data
02:19:21 Saving sacks file
02:19:21 Saved sacks file successfully
02:19:22 saveConfig: auto-save-60s
02:19:22 Saving config file
02:19:22 Saved config file successfully
02:19:22 saveConfig: auto-save-60s
02:19:22 Saving config file
02:19:22 Saved config file successfully
02:19:52 saveConfig: saving-data
02:19:52 Saving sacks file
02:19:52 Saved sacks file successfully
02:19:52 saveConfig: saving-data
02:19:52 Saving sacks file
02:19:52 Saved sacks file successfully
02:20:16 saveConfig: saving-data
02:20:16 Saving sacks file
02:20:16 Saved sacks file successfully
02:20:16 saveConfig: saving-data
02:20:16 Saving sacks file
02:20:16 Saved sacks file successfully
02:20:22 saveConfig: auto-save-60s
02:20:22 Saving config file
02:20:22 Saved config file successfully
02:20:22 saveConfig: auto-save-60s
02:20:22 Saving config file
02:20:22 Saved config file successfully
02:21:22 saveConfig: auto-save-60s
02:21:22 Saving config file
02:21:22 Saved config file successfully
02:21:22 saveConfig: auto-save-60s
02:21:22 Saving config file
02:21:22 Saved config file successfully
02:22:07 saveConfig: saving-data
02:22:07 Saving sacks file
02:22:07 Saved sacks file successfully
02:22:07 saveConfig: saving-data
02:22:07 Saving sacks file
02:22:07 Saved sacks file successfully
02:22:22 saveConfig: auto-save-60s
02:22:22 Saving config file
02:22:22 Saved config file successfully
02:22:22 saveConfig: auto-save-60s
02:22:22 Saving config file
02:22:22 Saved config file successfully
02:22:28 saveConfig: saving-data
02:22:28 Saving sacks file
02:22:28 Saved sacks file successfully
02:22:28 saveConfig: saving-data
02:22:28 Saving sacks file
02:22:28 Saved sacks file successfully
02:22:38 saveConfig: saving-data
02:22:38 Saving sacks file
02:22:38 Saved sacks file successfully
02:22:38 saveConfig: saving-data
02:22:38 Saving sacks file
02:22:38 Saved sacks file successfully
02:23:12 saveConfig: saving-data
02:23:12 Saving sacks file
02:23:12 Saved sacks file successfully
02:23:12 saveConfig: saving-data
02:23:12 Saving sacks file
02:23:12 Saved sacks file successfully
02:23:21 saveConfig: saving-data
02:23:21 Saving sacks file
02:23:21 Saved sacks file successfully
02:23:21 saveConfig: saving-data
02:23:21 Saving sacks file
02:23:21 Saved sacks file successfully
02:23:22 saveConfig: auto-save-60s
02:23:22 Saving config file
02:23:22 Saved config file successfully
02:23:22 saveConfig: auto-save-60s
02:23:22 Saving config file
02:23:22 Saved config file successfully
02:23:54 saveConfig: saving-data
02:23:54 Saving sacks file
02:23:54 Saved sacks file successfully
02:23:54 saveConfig: saving-data
02:23:54 Saving sacks file
02:23:54 Saved sacks file successfully
02:24:22 saveConfig: auto-save-60s
02:24:22 Saving config file
02:24:22 Saved config file successfully
02:24:22 saveConfig: auto-save-60s
02:24:22 Saving config file
02:24:22 Saved config file successfully
02:24:22 saveConfig: saving-data
02:24:22 Saving sacks file
02:24:22 Saved sacks file successfully
02:24:22 saveConfig: saving-data
02:24:22 Saving sacks file
02:24:22 Saved sacks file successfully
02:24:41 saveConfig: saving-data
02:24:41 Saving sacks file
02:24:41 Saved sacks file successfully
02:24:41 saveConfig: saving-data
02:24:41 Saving sacks file
02:24:41 Saved sacks file successfully
02:24:49 saveConfig: saving-data
02:24:49 Saving sacks file
02:24:49 Saved sacks file successfully
02:24:49 saveConfig: saving-data
02:24:49 Saving sacks file
02:24:49 Saved sacks file successfully
02:25:12 saveConfig: saving-data
02:25:12 Saving sacks file
02:25:12 Saved sacks file successfully
02:25:12 saveConfig: saving-data
02:25:12 Saving sacks file
02:25:12 Saved sacks file successfully
02:25:22 saveConfig: auto-save-60s
02:25:22 Saving config file
02:25:22 Saved config file successfully
02:25:22 saveConfig: auto-save-60s
02:25:22 Saving config file
02:25:22 Saved config file successfully
02:25:33 saveConfig: saving-data
02:25:33 Saving sacks file
02:25:33 Saved sacks file successfully
02:25:33 saveConfig: saving-data
02:25:33 Saving sacks file
02:25:33 Saved sacks file successfully
02:26:04 saveConfig: saving-data
02:26:04 Saving sacks file
02:26:04 Saved sacks file successfully
02:26:04 saveConfig: saving-data
02:26:04 Saving sacks file
02:26:04 Saved sacks file successfully
02:26:22 saveConfig: auto-save-60s
02:26:22 Saving config file
02:26:22 Saved config file successfully
02:26:22 saveConfig: auto-save-60s
02:26:22 Saving config file
02:26:22 Saved config file successfully
02:26:37 saveConfig: saving-data
02:26:37 Saving sacks file
02:26:37 Saved sacks file successfully
02:26:37 saveConfig: saving-data
02:26:37 Saving sacks file
02:26:37 Saved sacks file successfully
02:27:10 saveConfig: saving-data
02:27:10 Saving sacks file
02:27:10 Saved sacks file successfully
02:27:10 saveConfig: saving-data
02:27:10 Saving sacks file
02:27:10 Saved sacks file successfully
02:27:22 saveConfig: auto-save-60s
02:27:22 Saving config file
02:27:22 Saved config file successfully
02:27:22 saveConfig: auto-save-60s
02:27:22 Saving config file
02:27:22 Saved config file successfully
02:27:31 saveConfig: saving-data
02:27:31 Saving sacks file
02:27:32 Saved sacks file successfully
02:27:32 saveConfig: saving-data
02:27:32 Saving sacks file
02:27:32 Saved sacks file successfully
02:28:03 saveConfig: saving-data
02:28:03 Saving sacks file
02:28:03 Saved sacks file successfully
02:28:03 saveConfig: saving-data
02:28:03 Saving sacks file
02:28:03 Saved sacks file successfully
02:28:22 saveConfig: auto-save-60s
02:28:22 Saving config file
02:28:22 Saved config file successfully
02:28:22 saveConfig: auto-save-60s
02:28:22 Saving config file
02:28:22 Saved config file successfully
02:28:34 saveConfig: saving-data
02:28:34 Saving sacks file
02:28:34 Saved sacks file successfully
02:28:34 saveConfig: saving-data
02:28:34 Saving sacks file
02:28:34 Saved sacks file successfully
02:29:05 saveConfig: saving-data
02:29:05 Saving sacks file
02:29:05 Saved sacks file successfully
02:29:05 saveConfig: saving-data
02:29:05 Saving sacks file
02:29:05 Saved sacks file successfully
02:29:22 saveConfig: auto-save-60s
02:29:22 Saving config file
02:29:22 Saved config file successfully
02:29:22 saveConfig: auto-save-60s
02:29:22 Saving config file
02:29:22 Saved config file successfully
02:29:39 saveConfig: saving-data
02:29:39 Saving sacks file
02:29:39 Saved sacks file successfully
02:29:39 saveConfig: saving-data
02:29:39 Saving sacks file
02:29:39 Saved sacks file successfully
02:30:10 saveConfig: saving-data
02:30:10 Saving sacks file
02:30:10 Saved sacks file successfully
02:30:10 saveConfig: saving-data
02:30:10 Saving sacks file
02:30:10 Saved sacks file successfully
02:30:22 saveConfig: auto-save-60s
02:30:22 Saving config file
02:30:22 Saved config file successfully
02:30:22 saveConfig: auto-save-60s
02:30:22 Saving config file
02:30:22 Saved config file successfully
02:30:41 saveConfig: saving-data
02:30:41 Saving sacks file
02:30:41 Saved sacks file successfully
02:30:41 saveConfig: saving-data
02:30:41 Saving sacks file
02:30:41 Saved sacks file successfully
02:31:22 saveConfig: auto-save-60s
02:31:22 Saving config file
02:31:22 Saved config file successfully
02:31:22 saveConfig: auto-save-60s
02:31:22 Saving config file
02:31:22 Saved config file successfully
02:31:30 saveConfig: saving-data
02:31:30 Saving sacks file
02:31:30 Saved sacks file successfully
02:31:30 saveConfig: saving-data
02:31:30 Saving sacks file
02:31:30 Saved sacks file successfully
02:32:03 saveConfig: saving-data
02:32:03 Saving sacks file
02:32:03 Saved sacks file successfully
02:32:03 saveConfig: saving-data
02:32:03 Saving sacks file
02:32:03 Saved sacks file successfully
02:32:22 saveConfig: auto-save-60s
02:32:22 Saving config file
02:32:22 Saved config file successfully
02:32:22 saveConfig: auto-save-60s
02:32:22 Saving config file
02:32:22 Saved config file successfully
02:32:36 saveConfig: saving-data
02:32:36 Saving sacks file
02:32:36 Saved sacks file successfully
02:32:36 saveConfig: saving-data
02:32:36 Saving sacks file
02:32:36 Saved sacks file successfully
02:32:45 saveConfig: saving-data
02:32:45 Saving sacks file
02:32:45 Saved sacks file successfully
02:32:45 saveConfig: saving-data
02:32:45 Saving sacks file
02:32:45 Saved sacks file successfully
02:33:20 saveConfig: saving-data
02:33:20 Saving sacks file
02:33:20 Saved sacks file successfully
02:33:20 saveConfig: saving-data
02:33:20 Saving sacks file
02:33:20 Saved sacks file successfully
02:33:22 saveConfig: auto-save-60s
02:33:22 Saving config file
02:33:22 Saved config file successfully
02:33:22 saveConfig: auto-save-60s
02:33:22 Saving config file
02:33:22 Saved config file successfully
02:33:56 saveConfig: saving-data
02:33:56 Saving sacks file
02:33:56 Saved sacks file successfully
02:33:56 saveConfig: saving-data
02:33:56 Saving sacks file
02:33:56 Saved sacks file successfully
02:34:22 saveConfig: auto-save-60s
02:34:22 Saving config file
02:34:22 Saved config file successfully
02:34:22 saveConfig: auto-save-60s
02:34:22 Saving config file
02:34:22 Saved config file successfully
02:34:29 saveConfig: saving-data
02:34:29 Saving sacks file
02:34:29 Saved sacks file successfully
02:34:29 saveConfig: saving-data
02:34:29 Saving sacks file
02:34:29 Saved sacks file successfully
02:35:00 saveConfig: saving-data
02:35:00 Saving sacks file
02:35:00 Saved sacks file successfully
02:35:00 saveConfig: saving-data
02:35:00 Saving sacks file
02:35:00 Saved sacks file successfully
02:35:22 saveConfig: auto-save-60s
02:35:22 Saving config file
02:35:22 Saved config file successfully
02:35:22 saveConfig: auto-save-60s
02:35:22 Saving config file
02:35:22 Saved config file successfully
02:35:31 saveConfig: saving-data
02:35:31 Saving sacks file
02:35:31 Saved sacks file successfully
02:35:31 saveConfig: saving-data
02:35:31 Saving sacks file
02:35:31 Saved sacks file successfully
02:35:54 saveConfig: saving-data
02:35:54 Saving sacks file
02:35:54 Saved sacks file successfully
02:35:54 saveConfig: saving-data
02:35:54 Saving sacks file
02:35:54 Saved sacks file successfully
02:36:22 saveConfig: auto-save-60s
02:36:22 Saving config file
02:36:22 Saved config file successfully
02:36:22 saveConfig: auto-save-60s
02:36:22 Saving config file
02:36:22 Saved config file successfully
02:36:32 saveConfig: saving-data
02:36:32 Saving sacks file
02:36:32 Saved sacks file successfully
02:36:32 saveConfig: saving-data
02:36:32 Saving sacks file
02:36:32 Saved sacks file successfully
02:37:04 saveConfig: saving-data
02:37:04 Saving sacks file
02:37:04 Saved sacks file successfully
02:37:04 saveConfig: saving-data
02:37:04 Saving sacks file
02:37:04 Saved sacks file successfully
02:37:22 saveConfig: auto-save-60s
02:37:22 Saving config file
02:37:22 Saved config file successfully
02:37:22 saveConfig: auto-save-60s
02:37:22 Saving config file
02:37:22 Saved config file successfully
02:37:36 saveConfig: saving-data
02:37:36 Saving sacks file
02:37:36 Saved sacks file successfully
02:37:36 saveConfig: saving-data
02:37:36 Saving sacks file
02:37:37 Saved sacks file successfully
02:38:01 saveConfig: saving-data
02:38:01 Saving sacks file
02:38:02 Saved sacks file successfully
02:38:02 saveConfig: saving-data
02:38:02 Saving sacks file
02:38:02 Saved sacks file successfully
02:38:22 saveConfig: auto-save-60s
02:38:22 Saving config file
02:38:22 Saved config file successfully
02:38:22 saveConfig: auto-save-60s
02:38:22 Saving config file
02:38:22 Saved config file successfully
02:38:34 saveConfig: saving-data
02:38:34 Saving sacks file
02:38:34 Saved sacks file successfully
02:38:34 saveConfig: saving-data
02:38:34 Saving sacks file
02:38:34 Saved sacks file successfully
02:39:07 saveConfig: saving-data
02:39:07 Saving sacks file
02:39:07 Saved sacks file successfully
02:39:07 saveConfig: saving-data
02:39:07 Saving sacks file
02:39:07 Saved sacks file successfully
02:39:22 saveConfig: auto-save-60s
02:39:22 Saving config file
02:39:22 Saved config file successfully
02:39:22 saveConfig: auto-save-60s
02:39:22 Saving config file
02:39:22 Saved config file successfully
02:39:39 saveConfig: saving-data
02:39:39 Saving sacks file
02:39:39 Saved sacks file successfully
02:39:39 saveConfig: saving-data
02:39:39 Saving sacks file
02:39:39 Saved sacks file successfully
02:40:10 saveConfig: saving-data
02:40:10 Saving sacks file
02:40:10 Saved sacks file successfully
02:40:10 saveConfig: saving-data
02:40:10 Saving sacks file
02:40:10 Saved sacks file successfully
02:40:22 saveConfig: auto-save-60s
02:40:22 Saving config file
02:40:22 Saved config file successfully
02:40:22 saveConfig: auto-save-60s
02:40:22 Saving config file
02:40:22 Saved config file successfully
02:40:41 saveConfig: saving-data
02:40:41 Saving sacks file
02:40:41 Saved sacks file successfully
02:40:41 saveConfig: saving-data
02:40:41 Saving sacks file
02:40:41 Saved sacks file successfully
02:41:12 saveConfig: saving-data
02:41:12 Saving sacks file
02:41:12 Saved sacks file successfully
02:41:12 saveConfig: saving-data
02:41:12 Saving sacks file
02:41:12 Saved sacks file successfully
02:41:22 saveConfig: auto-save-60s
02:41:22 Saving config file
02:41:22 Saved config file successfully
02:41:22 saveConfig: auto-save-60s
02:41:22 Saving config file
02:41:22 Saved config file successfully
02:41:44 saveConfig: saving-data
02:41:44 Saving sacks file
02:41:44 Saved sacks file successfully
02:41:44 saveConfig: saving-data
02:41:44 Saving sacks file
02:41:44 Saved sacks file successfully
02:42:15 saveConfig: saving-data
02:42:15 Saving sacks file
02:42:15 Saved sacks file successfully
02:42:15 saveConfig: saving-data
02:42:15 Saving sacks file
02:42:15 Saved sacks file successfully
02:42:22 saveConfig: auto-save-60s
02:42:22 Saving config file
02:42:22 Saved config file successfully
02:42:22 saveConfig: auto-save-60s
02:42:22 Saving config file
02:42:22 Saved config file successfully
02:42:22 saveConfig: saving-data
02:42:22 Saving sacks file
02:42:22 Saved sacks file successfully
02:42:22 saveConfig: saving-data
02:42:22 Saving sacks file
02:42:22 Saved sacks file successfully
02:42:54 saveConfig: saving-data
02:42:54 Saving sacks file
02:42:54 Saved sacks file successfully
02:42:54 saveConfig: saving-data
02:42:54 Saving sacks file
02:42:54 Saved sacks file successfully
02:43:06 saveConfig: saving-data
02:43:06 Saving sacks file
02:43:06 Saved sacks file successfully
02:43:06 saveConfig: saving-data
02:43:06 Saving sacks file
02:43:06 Saved sacks file successfully
02:43:22 saveConfig: auto-save-60s
02:43:22 Saving config file
02:43:22 Saved config file successfully
02:43:22 saveConfig: auto-save-60s
02:43:22 Saving config file
02:43:22 Saved config file successfully
02:43:37 saveConfig: saving-data
02:43:37 Saving sacks file
02:43:37 Saved sacks file successfully
02:43:37 saveConfig: saving-data
02:43:37 Saving sacks file
02:43:37 Saved sacks file successfully
02:43:49 saveConfig: saving-data
02:43:49 Saving sacks file
02:43:49 Saved sacks file successfully
02:43:49 saveConfig: saving-data
02:43:49 Saving sacks file
02:43:49 Saved sacks file successfully
02:44:00 saveConfig: saving-data
02:44:00 Saving sacks file
02:44:00 Saved sacks file successfully
02:44:00 saveConfig: saving-data
02:44:00 Saving sacks file
02:44:00 Saved sacks file successfully
02:44:22 saveConfig: auto-save-60s
02:44:22 Saving config file
02:44:22 Saved config file successfully
02:44:22 saveConfig: auto-save-60s
02:44:22 Saving config file
02:44:22 Saved config file successfully
02:44:31 saveConfig: saving-data
02:44:31 Saving sacks file
02:44:31 Saved sacks file successfully
02:44:31 saveConfig: saving-data
02:44:31 Saving sacks file
02:44:31 Saved sacks file successfully
02:45:03 saveConfig: saving-data
02:45:03 Saving sacks file
02:45:03 Saved sacks file successfully
02:45:03 saveConfig: saving-data
02:45:03 Saving sacks file
02:45:04 Saved sacks file successfully
02:45:19 saveConfig: saving-data
02:45:19 Saving sacks file
02:45:19 Saved sacks file successfully
02:45:19 saveConfig: saving-data
02:45:19 Saving sacks file
02:45:20 Saved sacks file successfully
02:45:22 saveConfig: auto-save-60s
02:45:22 Saving config file
02:45:22 Saved config file successfully
02:45:22 saveConfig: auto-save-60s
02:45:22 Saving config file
02:45:22 Saved config file successfully
02:45:35 saveConfig: saving-data
02:45:35 Saving sacks file
02:45:35 Saved sacks file successfully
02:45:35 saveConfig: saving-data
02:45:35 Saving sacks file
02:45:35 Saved sacks file successfully
02:46:07 saveConfig: saving-data
02:46:07 Saving sacks file
02:46:07 Saved sacks file successfully
02:46:07 saveConfig: saving-data
02:46:07 Saving sacks file
02:46:07 Saved sacks file successfully
02:46:22 saveConfig: auto-save-60s
02:46:22 Saving config file
02:46:22 Saved config file successfully
02:46:22 saveConfig: auto-save-60s
02:46:22 Saving config file
02:46:22 Saved config file successfully
02:46:38 saveConfig: saving-data
02:46:38 Saving sacks file
02:46:38 Saved sacks file successfully
02:46:38 saveConfig: saving-data
02:46:38 Saving sacks file
02:46:38 Saved sacks file successfully
02:47:09 saveConfig: saving-data
02:47:09 Saving sacks file
02:47:09 Saved sacks file successfully
02:47:09 saveConfig: saving-data
02:47:09 Saving sacks file
02:47:09 Saved sacks file successfully
02:47:22 saveConfig: auto-save-60s
02:47:22 Saving config file
02:47:22 Saved config file successfully
02:47:22 saveConfig: auto-save-60s
02:47:22 Saving config file
02:47:22 Saved config file successfully
02:47:42 saveConfig: saving-data
02:47:42 Saving sacks file
02:47:42 Saved sacks file successfully
02:47:42 saveConfig: saving-data
02:47:42 Saving sacks file
02:47:42 Saved sacks file successfully
02:48:15 saveConfig: saving-data
02:48:15 Saving sacks file
02:48:15 Saved sacks file successfully
02:48:15 saveConfig: saving-data
02:48:15 Saving sacks file
02:48:15 Saved sacks file successfully
02:48:22 saveConfig: auto-save-60s
02:48:22 Saving config file
02:48:22 Saved config file successfully
02:48:22 saveConfig: auto-save-60s
02:48:22 Saving config file
02:48:22 Saved config file successfully
02:48:40 saveConfig: saving-data
02:48:40 Saving sacks file
02:48:40 Saved sacks file successfully
02:48:40 saveConfig: saving-data
02:48:40 Saving sacks file
02:48:40 Saved sacks file successfully
02:49:12 saveConfig: saving-data
02:49:12 Saving sacks file
02:49:12 Saved sacks file successfully
02:49:12 saveConfig: saving-data
02:49:12 Saving sacks file
02:49:12 Saved sacks file successfully
02:49:22 saveConfig: auto-save-60s
02:49:22 Saving config file
02:49:22 Saved config file successfully
02:49:22 saveConfig: auto-save-60s
02:49:22 Saving config file
02:49:22 Saved config file successfully
02:49:43 saveConfig: saving-data
02:49:43 Saving sacks file
02:49:43 Saved sacks file successfully
02:49:43 saveConfig: saving-data
02:49:43 Saving sacks file
02:49:43 Saved sacks file successfully
02:50:17 saveConfig: saving-data
02:50:17 Saving sacks file
02:50:17 Saved sacks file successfully
02:50:17 saveConfig: saving-data
02:50:17 Saving sacks file
02:50:17 Saved sacks file successfully
02:50:22 saveConfig: auto-save-60s
02:50:22 Saving config file
02:50:22 Saved config file successfully
02:50:22 saveConfig: auto-save-60s
02:50:22 Saving config file
02:50:22 Saved config file successfully
02:50:48 saveConfig: saving-data
02:50:48 Saving sacks file
02:50:48 Saved sacks file successfully
02:50:48 saveConfig: saving-data
02:50:48 Saving sacks file
02:50:48 Saved sacks file successfully
02:51:15 saveConfig: saving-data
02:51:15 Saving sacks file
02:51:15 Saved sacks file successfully
02:51:15 saveConfig: saving-data
02:51:15 Saving sacks file
02:51:15 Saved sacks file successfully
02:51:22 saveConfig: auto-save-60s
02:51:22 Saving config file
02:51:22 Saved config file successfully
02:51:22 saveConfig: auto-save-60s
02:51:22 Saving config file
02:51:22 Saved config file successfully
02:51:35 saveConfig: saving-data
02:51:35 Saving sacks file
02:51:35 Saved sacks file successfully
02:51:35 saveConfig: saving-data
02:51:35 Saving sacks file
02:51:35 Saved sacks file successfully
02:52:08 saveConfig: saving-data
02:52:08 Saving sacks file
02:52:08 Saved sacks file successfully
02:52:08 saveConfig: saving-data
02:52:08 Saving sacks file
02:52:08 Saved sacks file successfully
02:52:22 saveConfig: auto-save-60s
02:52:22 Saving config file
02:52:22 Saved config file successfully
02:52:22 saveConfig: auto-save-60s
02:52:22 Saving config file
02:52:22 Saved config file successfully
02:52:35 saveConfig: saving-data
02:52:35 Saving sacks file
02:52:35 Saved sacks file successfully
02:52:35 saveConfig: saving-data
02:52:35 Saving sacks file
02:52:35 Saved sacks file successfully
02:53:07 saveConfig: saving-data
02:53:07 Saving sacks file
02:53:07 Saved sacks file successfully
02:53:07 saveConfig: saving-data
02:53:07 Saving sacks file
02:53:07 Saved sacks file successfully
02:53:22 saveConfig: auto-save-60s
02:53:22 Saving config file
02:53:22 Saved config file successfully
02:53:22 saveConfig: auto-save-60s
02:53:22 Saving config file
02:53:22 Saved config file successfully
02:53:40 saveConfig: saving-data
02:53:40 Saving sacks file
02:53:40 Saved sacks file successfully
02:53:40 saveConfig: saving-data
02:53:40 Saving sacks file
02:53:40 Saved sacks file successfully
02:53:55 saveConfig: saving-data
02:53:55 Saving sacks file
02:53:55 Saved sacks file successfully
02:53:55 saveConfig: saving-data
02:53:55 Saving sacks file
02:53:55 Saved sacks file successfully
02:54:04 saveConfig: saving-data
02:54:04 Saving sacks file
02:54:04 Saved sacks file successfully
02:54:04 saveConfig: saving-data
02:54:04 Saving sacks file
02:54:04 Saved sacks file successfully
02:54:22 saveConfig: auto-save-60s
02:54:22 Saving config file
02:54:22 Saved config file successfully
02:54:22 saveConfig: auto-save-60s
02:54:22 Saving config file
02:54:22 Saved config file successfully
02:54:36 saveConfig: saving-data
02:54:36 Saving sacks file
02:54:37 Saved sacks file successfully
02:54:37 saveConfig: saving-data
02:54:37 Saving sacks file
02:54:37 Saved sacks file successfully
02:54:47 saveConfig: saving-data
02:54:47 Saving sacks file
02:54:47 Saved sacks file successfully
02:54:47 saveConfig: saving-data
02:54:47 Saving sacks file
02:54:48 Saved sacks file successfully
02:55:13 saveConfig: saving-data
02:55:13 Saving sacks file
02:55:13 Saved sacks file successfully
02:55:13 saveConfig: saving-data
02:55:13 Saving sacks file
02:55:13 Saved sacks file successfully
02:55:22 saveConfig: auto-save-60s
02:55:22 Saving config file
02:55:22 Saved config file successfully
02:55:22 saveConfig: auto-save-60s
02:55:22 Saving config file
02:55:22 Saved config file successfully
02:55:58 saveConfig: saving-data
02:55:58 Saving sacks file
02:55:58 Saved sacks file successfully
02:55:58 saveConfig: saving-data
02:55:58 Saving sacks file
02:55:58 Saved sacks file successfully
02:56:18 saveConfig: saving-data
02:56:18 Saving sacks file
02:56:18 Saved sacks file successfully
02:56:18 saveConfig: saving-data
02:56:18 Saving sacks file
02:56:18 Saved sacks file successfully
02:56:22 saveConfig: auto-save-60s
02:56:22 Saving config file
02:56:22 Saved config file successfully
02:56:22 saveConfig: auto-save-60s
02:56:22 Saving config file
02:56:22 Saved config file successfully
02:56:29 saveConfig: saving-data
02:56:29 Saving sacks file
02:56:29 Saved sacks file successfully
02:56:29 saveConfig: saving-data
02:56:29 Saving sacks file
02:56:29 Saved sacks file successfully
02:56:41 saveConfig: saving-data
02:56:41 Saving sacks file
02:56:41 Saved sacks file successfully
02:56:41 saveConfig: saving-data
02:56:41 Saving sacks file
02:56:41 Saved sacks file successfully
02:56:50 saveConfig: saving-data
02:56:50 Saving sacks file
02:56:50 Saved sacks file successfully
02:56:50 saveConfig: saving-data
02:56:50 Saving sacks file
02:56:50 Saved sacks file successfully
02:57:06 saveConfig: saving-data
02:57:06 Saving sacks file
02:57:06 Saved sacks file successfully
02:57:06 saveConfig: saving-data
02:57:06 Saving sacks file
02:57:06 Saved sacks file successfully
02:57:21 saveConfig: saving-data
02:57:21 Saving sacks file
02:57:21 Saved sacks file successfully
02:57:21 saveConfig: saving-data
02:57:21 Saving sacks file
02:57:21 Saved sacks file successfully
02:57:22 saveConfig: auto-save-60s
02:57:22 Saving config file
02:57:22 Saved config file successfully
02:57:22 saveConfig: auto-save-60s
02:57:22 Saving config file
02:57:22 Saved config file successfully
02:57:53 saveConfig: saving-data
02:57:53 Saving sacks file
02:57:53 Saved sacks file successfully
02:57:53 saveConfig: saving-data
02:57:53 Saving sacks file
02:57:53 Saved sacks file successfully
02:58:16 saveConfig: saving-data
02:58:16 Saving sacks file
02:58:16 Saved sacks file successfully
02:58:16 saveConfig: saving-data
02:58:16 Saving sacks file
02:58:16 Saved sacks file successfully
02:58:22 saveConfig: auto-save-60s
02:58:22 Saving config file
02:58:22 Saved config file successfully
02:58:22 saveConfig: auto-save-60s
02:58:22 Saving config file
02:58:22 Saved config file successfully
02:58:28 saveConfig: saving-data
02:58:28 Saving sacks file
02:58:28 Saved sacks file successfully
02:58:28 saveConfig: saving-data
02:58:28 Saving sacks file
02:58:28 Saved sacks file successfully
02:58:50 saveConfig: saving-data
02:58:50 Saving sacks file
02:58:50 Saved sacks file successfully
02:58:50 saveConfig: saving-data
02:58:50 Saving sacks file
02:58:50 Saved sacks file successfully
02:58:59 saveConfig: saving-data
02:58:59 Saving sacks file
02:58:59 Saved sacks file successfully
02:58:59 saveConfig: saving-data
02:58:59 Saving sacks file
02:58:59 Saved sacks file successfully
02:59:16 saveConfig: saving-data
02:59:16 Saving sacks file
02:59:16 Saved sacks file successfully
02:59:16 saveConfig: saving-data
02:59:16 Saving sacks file
02:59:16 Saved sacks file successfully
02:59:22 saveConfig: auto-save-60s
02:59:22 Saving config file
02:59:22 Saved config file successfully
02:59:22 saveConfig: auto-save-60s
02:59:22 Saving config file
02:59:22 Saved config file successfully
02:59:41 saveConfig: saving-data
02:59:41 Saving sacks file
02:59:41 Saved sacks file successfully
02:59:41 saveConfig: saving-data
02:59:41 Saving sacks file
02:59:41 Saved sacks file successfully
03:00:00 saveConfig: saving-data
03:00:00 Saving sacks file
03:00:00 Saved sacks file successfully
03:00:00 saveConfig: saving-data
03:00:00 Saving sacks file
03:00:00 Saved sacks file successfully
03:00:10 saveConfig: saving-data
03:00:10 Saving sacks file
03:00:10 Saved sacks file successfully
03:00:10 saveConfig: saving-data
03:00:10 Saving sacks file
03:00:10 Saved sacks file successfully
03:00:22 saveConfig: auto-save-60s
03:00:22 Saving config file
03:00:22 Saved config file successfully
03:00:22 saveConfig: auto-save-60s
03:00:22 Saving config file
03:00:22 Saved config file successfully
03:00:42 saveConfig: saving-data
03:00:42 Saving sacks file
03:00:42 Saved sacks file successfully
03:00:42 saveConfig: saving-data
03:00:42 Saving sacks file
03:00:42 Saved sacks file successfully
03:01:00 saveConfig: saving-data
03:01:00 Saving sacks file
03:01:00 Saved sacks file successfully
03:01:00 saveConfig: saving-data
03:01:00 Saving sacks file
03:01:00 Saved sacks file successfully
03:01:22 saveConfig: auto-save-60s
03:01:22 Saving config file
03:01:22 Saved config file successfully
03:01:22 saveConfig: auto-save-60s
03:01:22 Saving config file
03:01:22 Saved config file successfully
03:01:40 saveConfig: saving-data
03:01:40 Saving sacks file
03:01:40 Saved sacks file successfully
03:01:40 saveConfig: saving-data
03:01:40 Saving sacks file
03:01:40 Saved sacks file successfully
03:02:13 saveConfig: saving-data
03:02:13 Saving sacks file
03:02:13 Saved sacks file successfully
03:02:13 saveConfig: saving-data
03:02:13 Saving sacks file
03:02:13 Saved sacks file successfully
03:02:22 saveConfig: auto-save-60s
03:02:22 Saving config file
03:02:22 Saved config file successfully
03:02:22 saveConfig: auto-save-60s
03:02:22 Saving config file
03:02:22 Saved config file successfully
03:02:44 saveConfig: saving-data
03:02:44 Saving sacks file
03:02:44 Saved sacks file successfully
03:02:44 saveConfig: saving-data
03:02:44 Saving sacks file
03:02:44 Saved sacks file successfully
03:03:17 saveConfig: saving-data
03:03:17 Saving sacks file
03:03:17 Saved sacks file successfully
03:03:17 saveConfig: saving-data
03:03:17 Saving sacks file
03:03:17 Saved sacks file successfully
03:03:22 saveConfig: auto-save-60s
03:03:22 Saving config file
03:03:22 Saved config file successfully
03:03:22 saveConfig: auto-save-60s
03:03:22 Saving config file
03:03:22 Saved config file successfully
03:03:49 saveConfig: saving-data
03:03:49 Saving sacks file
03:03:50 Saved sacks file successfully
03:03:50 saveConfig: saving-data
03:03:50 Saving sacks file
03:03:50 Saved sacks file successfully
03:04:21 saveConfig: saving-data
03:04:21 Saving sacks file
03:04:21 Saved sacks file successfully
03:04:21 saveConfig: saving-data
03:04:21 Saving sacks file
03:04:21 Saved sacks file successfully
03:04:22 saveConfig: auto-save-60s
03:04:22 Saving config file
03:04:22 Saved config file successfully
03:04:22 saveConfig: auto-save-60s
03:04:22 Saving config file
03:04:22 Saved config file successfully
03:04:46 saveConfig: saving-data
03:04:46 Saving sacks file
03:04:46 Saved sacks file successfully
03:04:46 saveConfig: saving-data
03:04:46 Saving sacks file
03:04:46 Saved sacks file successfully
03:05:22 saveConfig: auto-save-60s
03:05:22 Saving config file
03:05:22 Saved config file successfully
03:05:22 saveConfig: auto-save-60s
03:05:22 Saving config file
03:05:22 Saved config file successfully
03:06:22 saveConfig: auto-save-60s
03:06:22 Saving config file
03:06:22 Saved config file successfully
03:06:22 saveConfig: auto-save-60s
03:06:22 Saving config file
03:06:22 Saved config file successfully
03:07:22 saveConfig: auto-save-60s
03:07:22 Saving config file
03:07:22 Saved config file successfully
03:07:22 saveConfig: auto-save-60s
03:07:22 Saving config file
03:07:22 Saved config file successfully
03:08:22 saveConfig: auto-save-60s
03:08:22 Saving config file
03:08:22 Saved config file successfully
03:08:22 saveConfig: auto-save-60s
03:08:22 Saving config file
03:08:22 Saved config file successfully
03:09:22 saveConfig: auto-save-60s
03:09:22 Saving config file
03:09:22 Saved config file successfully
03:09:22 saveConfig: auto-save-60s
03:09:22 Saving config file
03:09:22 Saved config file successfully
03:10:22 saveConfig: auto-save-60s
03:10:22 Saving config file
03:10:22 Saved config file successfully
03:10:22 saveConfig: auto-save-60s
03:10:22 Saving config file
03:10:22 Saved config file successfully
03:11:22 saveConfig: auto-save-60s
03:11:22 Saving config file
03:11:22 Saved config file successfully
03:11:22 saveConfig: auto-save-60s
03:11:22 Saving config file
03:11:22 Saved config file successfully
03:12:22 saveConfig: auto-save-60s
03:12:22 Saving config file
03:12:22 Saved config file successfully
03:12:22 saveConfig: auto-save-60s
03:12:22 Saving config file
03:12:22 Saved config file successfully
03:13:22 saveConfig: auto-save-60s
03:13:22 Saving config file
03:13:22 Saved config file successfully
03:13:22 saveConfig: auto-save-60s
03:13:22 Saving config file
03:13:22 Saved config file successfully
03:14:22 saveConfig: auto-save-60s
03:14:22 Saving config file
03:14:22 Saved config file successfully
03:14:22 saveConfig: auto-save-60s
03:14:22 Saving config file
03:14:22 Saved config file successfully
03:14:49 saveConfig: shutdown-hook
03:14:49 Saving config file
