23:36:49 `ux68ht7h1v`521 missed {
 is already Found: false).
 Position: LorenzVec(x=-29.5, y=57.0, z=-90.5)
 DistanceC: 19.848427687804218
Relative Position: LorenzVec(x=-13.324486263877585, y=-13.0, z=-19.848427687804218)
 }
23:37:27 `gr3wpt0i98`528 missed {
 is already Found: false).
 Position: LorenzVec(x=-6.5, y=55.0, z=-95.5)
 DistanceC: 22.099538192445138
Relative Position: LorenzVec(x=8.28532546879067, y=-15.0, z=-22.099538192445138)
 }
23:37:46 `Villager`357 missed {
 is already Found: false).
 Position: LorenzVec(x=-25.6875, y=68.0, z=-103.09375)
 DistanceC: 22.87317869243823
Relative Position: LorenzVec(x=-15.611005275413556, y=-2.0, z=-22.87317869243823)
 }
23:38:09 `gr3wpt0i98`528 missed {
 is already Found: false).
 Position: LorenzVec(x=-6.5, y=55.0, z=-95.5)
 DistanceC: 23.57499998807907
Relative Position: LorenzVec(x=17.044207883764486, y=-20.0, z=-23.57499998807907)
 }
23:38:59 `21v7z2ix3r`228 missed {
 is already Found: false).
 Position: LorenzVec(x=22.0, y=71.0, z=-45.5)
 DistanceC: 18.915771417510626
Relative Position: LorenzVec(x=18.915771417510626, y=1.0, z=6.856745376292807)
 }
23:39:08 `n3bim03cg5`335 missed {
 is already Found: false).
 Position: LorenzVec(x=15.5, y=72.0, z=-21.5)
 DistanceC: 23.71904087099123
Relative Position: LorenzVec(x=17.88620247502234, y=-4.0, z=23.71904087099123)
 }
23:39:46 `b1unn79766`246 missed {
 is already Found: false).
 Position: LorenzVec(x=-55.5, y=72.0, z=-56.5)
 DistanceC: 22.122247847556146
Relative Position: LorenzVec(x=-22.122247847556146, y=2.0, z=18.19999998807907)
 }
23:41:57 `gr3wpt0i98`528 missed {
 is already Found: false).
 Position: LorenzVec(x=-6.5, y=55.0, z=-95.5)
 DistanceC: 18.073832149760463
Relative Position: LorenzVec(x=16.43793049681443, y=-15.0, z=-18.073832149760463)
 }
23:45:01 `21v7z2ix3r`228 missed {
 is already Found: false).
 Position: LorenzVec(x=22.0, y=71.0, z=-45.5)
 DistanceC: 9.050000011920929
Relative Position: LorenzVec(x=9.050000011920929, y=-9.0, z=-2.4492938505599113)
 }
23:45:57 `Witch`344 missed {
 is already Found: false).
 Position: LorenzVec(x=41.5, y=70.0, z=-63.5)
 DistanceC: 21.333093527201267
Relative Position: LorenzVec(x=21.333093527201267, y=-10.5, z=-17.402608854578098)
 }
23:47:13 `Villager`359 missed {
 is already Found: false).
 Position: LorenzVec(x=-21.5, y=68.0, z=-124.5)
 DistanceC: 22.5526609620794
Relative Position: LorenzVec(x=-19.80000001192093, y=-4.0, z=-22.5526609620794)
 }
23:51:18 `ux68ht7h1v`521 missed {
 is already Found: false).
 Position: LorenzVec(x=-29.5, y=57.0, z=-90.5)
 DistanceC: 23.2393885549173
Relative Position: LorenzVec(x=-23.2393885549173, y=-13.0, z=-5.125866644968326)
 }
00:01:06 `w7e56v0add`245 missed {
 is already Found: false).
 Position: LorenzVec(x=-51.0, y=72.0, z=-60.5)
 DistanceC: 20.30000001192093
Relative Position: LorenzVec(x=-20.30000001192093, y=2.0, z=15.703696945293501)
 }
00:01:19 `Villager`355 missed {
 is already Found: false).
 Position: LorenzVec(x=28.5, y=69.0, z=-57.5)
 DistanceC: 21.99257522632952
Relative Position: LorenzVec(x=19.31321208631722, y=-1.0, z=21.99257522632952)
 }
00:01:19 `y2855kwd4b`333 missed {
 is already Found: false).
 Position: LorenzVec(x=31.5, y=70.0, z=-94.5)
 DistanceC: 22.31321208631722
Relative Position: LorenzVec(x=22.31321208631722, y=0.0, z=-15.00742477367048)
 }
00:01:21 `sj14sp97om`332 missed {
 is already Found: false).
 Position: LorenzVec(x=31.5, y=71.0, z=-101.5)
 DistanceC: 22.31321208631722
Relative Position: LorenzVec(x=22.31321208631722, y=1.0, z=-22.00742477367048)
 }
00:03:40 `Zombie`74634 missed {
 is already Found: false).
 Position: LorenzVec(x=-50.0, y=104.0, z=71.0)
 DistanceC: 5.6003567341316085
Relative Position: LorenzVec(x=-2.6819259544155756, y=-18.0, z=-5.6003567341316085)
 }
00:04:21 `8xuze31vgn`228 missed {
 is already Found: false).
 Position: LorenzVec(x=22.0, y=71.0, z=-45.5)
 DistanceC: 19.58527061811857
Relative Position: LorenzVec(x=14.397471268128882, y=1.0, z=19.58527061811857)
 }
00:05:10 `yz9044u548`345 missed {
 is already Found: false).
 Position: LorenzVec(x=-78.0, y=70.0, z=-70.0)
 DistanceC: 22.860087661167206
Relative Position: LorenzVec(x=-22.033812451307014, y=0.0, z=-22.860087661167206)
 }
00:05:24 `1zb644c57s`529 missed {
 is already Found: false).
 Position: LorenzVec(x=-32.5, y=71.0, z=-76.5)
 DistanceC: 19.020743047233758
Relative Position: LorenzVec(x=19.020743047233758, y=-1.0, z=-17.80000001192093)
 }
00:05:46 `8xuze31vgn`228 missed {
 is already Found: false).
 Position: LorenzVec(x=22.0, y=71.0, z=-45.5)
 DistanceC: 22.263882434946737
Relative Position: LorenzVec(x=3.300000011920929, y=-10.0, z=22.263882434946737)
 }
00:05:48 `kpy212hz06`334 missed {
 is already Found: false).
 Position: LorenzVec(x=38.5, y=70.0, z=-88.5)
 DistanceC: 18.13025275468766
Relative Position: LorenzVec(x=17.323951406615965, y=-14.0, z=-18.13025275468766)
 }
00:05:49 `Villager`375 missed {
 is already Found: false).
 Position: LorenzVec(x=38.5, y=68.0, z=-46.5)
 DistanceC: 17.575501278050382
Relative Position: LorenzVec(x=17.3746085213657, y=-19.132993659646488, z=17.575501278050382)
 }
00:05:52 `zix053ia89`592 missed {
 is already Found: false).
 Position: LorenzVec(x=0.5, y=70.0, z=-90.5)
 DistanceC: 22.43668293870347
Relative Position: LorenzVec(x=-22.43668293870347, y=-15.020000010728836, z=-17.76014420323338)
 }
00:06:44 `76o5ez561e`335 missed {
 is already Found: false).
 Position: LorenzVec(x=15.5, y=72.0, z=-21.5)
 DistanceC: 23.890594471466528
Relative Position: LorenzVec(x=14.840649058576147, y=-3.0, z=23.890594471466528)
 }
00:07:17 `12u509m572`244 missed {
 is already Found: false).
 Position: LorenzVec(x=-42.5, y=72.0, z=-54.5)
 DistanceC: 20.39617626374459
Relative Position: LorenzVec(x=-20.39617626374459, y=-17.0, z=8.397716232985921)
 }
00:07:17 `u65tmlmh48`341 missed {
 is already Found: false).
 Position: LorenzVec(x=-41.5, y=70.0, z=-64.5)
 DistanceC: 19.39617626374459
Relative Position: LorenzVec(x=-19.39617626374459, y=-19.0, z=-1.6022837670140788)
 }
00:07:17 `5f56g4s1x9`530 missed {
 is already Found: false).
 Position: LorenzVec(x=-39.5, y=70.0, z=-78.90625)
 DistanceC: 17.39617626374459
Relative Position: LorenzVec(x=-17.39617626374459, y=-19.0, z=-16.00853376701408)
 }
00:07:20 `qh8330gn7o`421 missed {
 is already Found: false).
 Position: LorenzVec(x=-31.0, y=73.0, z=-85.5)
 DistanceC: 22.60228376701408
Relative Position: LorenzVec(x=-8.89617626374459, y=-16.0, z=-22.60228376701408)
 }
00:07:20 `v35a8y6ony`422 missed {
 is already Found: false).
 Position: LorenzVec(x=-36.0, y=73.0, z=-85.5)
 DistanceC: 22.60228376701408
Relative Position: LorenzVec(x=-13.89617626374459, y=-16.0, z=-22.60228376701408)
 }
00:07:46 `Villager`365 missed {
 is already Found: false).
 Position: LorenzVec(x=17.5, y=70.0, z=-99.0)
 DistanceC: 22.968375521108683
Relative Position: LorenzVec(x=11.455536823454898, y=0.0, z=-22.968375521108683)
 }
00:07:47 `Villager`355 missed {
 is already Found: false).
 Position: LorenzVec(x=28.5, y=69.0, z=-57.5)
 DistanceC: 22.4555368234549
Relative Position: LorenzVec(x=22.4555368234549, y=-1.0, z=18.531624478891317)
 }
00:08:24 `Villager`355 missed {
 is already Found: false).
 Position: LorenzVec(x=28.5, y=69.0, z=-57.5)
 DistanceC: 20.99303546073425
Relative Position: LorenzVec(x=20.99303546073425, y=-1.0, z=19.369838984385396)
 }
00:08:25 `a8e75699o3`333 missed {
 is already Found: false).
 Position: LorenzVec(x=31.5, y=70.0, z=-94.5)
 DistanceC: 23.99303546073425
Relative Position: LorenzVec(x=23.99303546073425, y=0.0, z=-17.630161015614604)
 }
00:08:25 `0f8k628thv`528 missed {
 is already Found: false).
 Position: LorenzVec(x=-6.5, y=55.0, z=-95.5)
 DistanceC: 18.630161015614604
Relative Position: LorenzVec(x=-14.006964539265748, y=-15.0, z=-18.630161015614604)
 }
