23:54:04 [allowed] §aYou are still radiating with §bGenerosity§r§a!
23:54:04 [allowed] §f §r§r§r§f §r§r§r§1 §r§r§r§0 §r§r§r§2 §r§r§r§f §r§r§r§f §r§r§r§2 §r§r§r§0 §r§r§r§4 §r§r§r§3 §r§r§r§9 §r§r§r§2 §r§r§r§0 §r§r§r§0 §r§r§r§3 §r§r§r§9 §r§r§r§2 §r§r§r§0 §r§r§r§0 §r§r§r§3 §r§r§r§9 §r§r§r§2 §r§r§r§0 §r§r§r§0 
23:54:04 [allowed] §b[MVP§0+§b] KobeAim§f §6joined the lobby!
23:54:05 [allowed] §b[MVP§c+§b] xFaios§f §6joined the lobby!
23:54:05 [allowed] §b[MVP§c+§b] Ikun27§f §6joined the lobby!
23:54:11 [allowed] §b[MVP§f+§b] Kosmexx§f §6joined the lobby!
23:54:13 [allowed] §7Sending to server mini147AJ...
23:54:15 [allowed] §8 §r§8 §r§1 §r§3 §r§3 §r§7 §r§8 
23:54:15 [allowed] §aSince you've been away you earned §r§60 coins §r§aas interest in your personal bank account!
23:54:15 [allowed] §b-----------------------------------------------------
23:54:15 [allowed] §aYou have just received §r§6468,000 coins §r§aas interest in your co-op bank account!
23:54:15 [allowed] §b-----------------------------------------------------
23:54:16 [allowed] 
23:54:16 [allowed] §eWelcome to §r§aHypixel SkyBlock§r§e!
23:54:16 [allowed] 
23:54:16 [allowed] §eLatest update: §bSkyBlock v0.22.1 §e§lCLICK
23:54:17 [allowed] §aYou are playing on profile: §eCoconut§b (Co-op)
23:54:17 [allowed] §8Profile ID: 4ef1bd42-ec32-42d4-afba-b766eacde1e7
23:54:18 [allowed] §6§lALLOWANCE! §r§eYou earned §r§650,000 coins§r§e!
23:54:24 [allowed] §dRabbit Granny §r§7has been promoted to §r§7[218§r§7] §r§dExecutive§r§7!
23:54:24 [allowed] §d§lTIME TOWER! §r§7Your §r§6Chocolate Factory §r§7production has increased by §r§6+1.5x §r§7for §r§a1h§r§7!
23:54:25 [allowed] §dRabbit Uncle §r§7has been promoted to §r§7[215§r§7] §r§dExecutive§r§7!
23:54:27 [allowed] §d§lHOPPITY'S HUNT §r§dYou found a §r§cHitman Egg§r§d!
23:54:27 [allowed] §D§LHOPPITY'S HUNT §7You found §fGizmo §7(§F§LCOMMON§7)!
23:54:27 [allowed] §7§lDUPLICATE RABBIT! §6+5,955,622 Chocolate
23:54:27 [allowed] §d§lHOPPITY'S HUNT §r§dYou found a §r§cHitman Egg§r§d!
23:54:27 [allowed] §D§LHOPPITY'S HUNT §7You found §aFitch §7(§A§LUNCOMMON§7)!
23:54:27 [allowed] §7§lDUPLICATE RABBIT! §6+11,911,244 Chocolate
23:54:27 [allowed] §d§lHOPPITY'S HUNT §r§dYou found a §r§cHitman Egg§r§d!
23:54:27 [allowed] §D§LHOPPITY'S HUNT §7You found §fTagalong §7(§F§LCOMMON§7)!
23:54:27 [allowed] §7§lDUPLICATE RABBIT! §6+6,497,042 Chocolate
23:54:27 [allowed] §d§lHOPPITY'S HUNT §r§dYou found a §r§cHitman Egg§r§d!
23:54:27 [allowed] §D§LHOPPITY'S HUNT §7You found §fFluffy §7(§F§LCOMMON§7)!
23:54:27 [allowed] §7§lDUPLICATE RABBIT! §6+5,955,622 Chocolate
23:54:27 [allowed] §d§lHOPPITY'S HUNT §r§dYou found a §r§cHitman Egg§r§d!
23:54:27 [allowed] §D§LHOPPITY'S HUNT §7You found §fCupcake §7(§F§LCOMMON§7)!
23:54:28 [allowed] §d§lNEW RABBIT! §6+1 Chocolate §7and §6+0.002x Chocolate §7per second!
23:54:28 [allowed] §d§lHOPPITY'S HUNT §r§dYou found a §r§cHitman Egg§r§d!
23:54:28 [allowed] §D§LHOPPITY'S HUNT §7You found §fPorter §7(§F§LCOMMON§7)!
23:54:28 [allowed] §d§lNEW RABBIT! §6+1 Chocolate §7and §6+0.002x Chocolate §7per second!
23:54:28 [allowed] §d§lHOPPITY'S HUNT §r§dYou found a §r§cHitman Egg§r§d!
23:54:28 [allowed] §D§LHOPPITY'S HUNT §7You found §aCottonball §7(§A§LUNCOMMON§7)!
23:54:28 [allowed] §7§lDUPLICATE RABBIT! §6+11,923,758 Chocolate
23:54:30 [allowed] §d§lHOPPITY'S HUNT §r§fEmber §r§dcan now be found in eggs!
23:54:45 [allowed] §c ☠ §r§7§r§aJonasRage§r§7 was killed by Quazii§r§7§r§7.
23:54:46 [allowed] §7Your Witherborn hit §r§c1 §r§7enemy for §r§c972,340.5 §r§7damage.
23:55:02 [allowed] §7Your Giant's Sword hit §r§c1 §r§7enemy for §r§c753,766 §r§7damage.
23:55:02 [allowed] §cThis ability is on cooldown for 30s.
23:55:05 [allowed] §a§lYou healed yourself for 428.7 health!
23:55:15 [allowed] §aYou gained 20 Reputation for killing the miniboss!
23:55:15 [allowed] §a§l▬▬▬▬▬▬▬▬▬▬▬▬▬▬▬▬▬▬▬▬▬▬▬▬▬▬▬▬▬▬▬▬▬▬▬▬▬▬▬▬▬▬▬▬▬▬▬▬▬▬▬▬▬▬▬▬▬▬▬▬▬▬▬▬
23:55:15 [allowed] §f                            §r§6§lBLADESOUL DOWN!
23:55:15 [allowed] 
23:55:15 [allowed] §f                  §r§b[MVP§r§0+§r§b] KobeAim§r§f §r§7dealt the final blow.
23:55:15 [allowed] 
23:55:15 [allowed] §f            §r§e§l1st Damager §r§7- §r§b[MVP§r§0+§r§b] KobeAim§r§f §r§7- §r§e50,707,507
23:55:15 [allowed] 
23:55:15 [allowed] §f                 §r§eYour Damage: §r§a50,707,507 §r§7(Position #1)
23:55:15 [allowed] §f                           §r§eRunecrafting: §r§d+740 XP
23:55:15 [allowed] 
23:55:15 [allowed] §a§l▬▬▬▬▬▬▬▬▬▬▬▬▬▬▬▬▬▬▬▬▬▬▬▬▬▬▬▬▬▬▬▬▬▬▬▬▬▬▬▬▬▬▬▬▬▬▬▬▬▬▬▬▬▬▬▬▬▬▬▬▬▬▬▬
23:55:15 [allowed] §7Your Witherborn hit §r§c1 §r§7enemy for §r§c972,340.5 §r§7damage.
23:55:24 [allowed] §cThere are blocks in the way!
23:55:24 [allowed] §cThere are blocks in the way!
23:55:24 [allowed] §cThere are blocks in the way!
23:55:25 [allowed] §cThere are blocks in the way!
23:55:53 [allowed] §7Your Witherborn hit §r§c1 §r§7enemy for §r§c1,238,212 §r§7damage.
23:55:57 [allowed] §8Depositing coins...
23:55:57 [allowed] §aYou have deposited §r§68.3M coins§r§a! You now have §r§68.3M coins §r§ain your account!
23:56:00 [allowed] §7Your Giant's Sword hit §r§c1 §r§7enemy for §r§c580,265 §r§7damage.
23:56:15 [allowed] §6[Sacks] §r§a+28§r§e items§r§e.§r§8 (Last 5s.)
23:56:16 [allowed] §cThis ability is on cooldown for 15s.
23:56:31 [allowed] §7Your Giant's Sword hit §r§c1 §r§7enemy for §r§c221,611 §r§7damage.
23:56:31 [allowed] §cThis ability is on cooldown for 30s.
23:56:31 [allowed] §aYou gained 20 Reputation for killing the miniboss!
23:56:31 [allowed] §a§l▬▬▬▬▬▬▬▬▬▬▬▬▬▬▬▬▬▬▬▬▬▬▬▬▬▬▬▬▬▬▬▬▬▬▬▬▬▬▬▬▬▬▬▬▬▬▬▬▬▬▬▬▬▬▬▬▬▬▬▬▬▬▬▬
23:56:31 [allowed] §f                           §r§6§lMAGE OUTLAW DOWN!
23:56:31 [allowed] 
23:56:31 [allowed] §f                  §r§b[MVP§r§0+§r§b] KobeAim§r§f §r§7dealt the final blow.
23:56:31 [allowed] 
23:56:31 [allowed] §f            §r§e§l1st Damager §r§7- §r§b[MVP§r§0+§r§b] KobeAim§r§f §r§7- §r§e70,323,097
23:56:31 [allowed] 
23:56:31 [allowed] §f                 §r§eYour Damage: §r§a70,323,097 §r§7(Position #1)
23:56:31 [allowed] §f                           §r§eRunecrafting: §r§d+824 XP
23:56:31 [allowed] 
23:56:31 [allowed] §a§l▬▬▬▬▬▬▬▬▬▬▬▬▬▬▬▬▬▬▬▬▬▬▬▬▬▬▬▬▬▬▬▬▬▬▬▬▬▬▬▬▬▬▬▬▬▬▬▬▬▬▬▬▬▬▬▬▬▬▬▬▬▬▬▬
23:56:38 [allowed] §6[Sacks] §r§a+10§r§e items§r§e.§r§8 (Last 5s.)
23:56:38 [allowed] §aYou earned §r§2190 GEXP §r§afrom playing SkyBlock!
23:56:42 [allowed] §7Sending to server mini200DC...
23:56:43 [allowed] §8 §r§8 §r§1 §r§3 §r§3 §r§7 §r§8 
23:56:46 [allowed] §aYou are playing on profile: §eCoconut§b (Co-op)
23:56:46 [allowed] §8Profile ID: 4ef1bd42-ec32-42d4-afba-b766eacde1e7
23:56:49 [allowed] §6§lROUND 1§r§6§l: §r§eYou chose §r§a§lSPLIT §r§eand gained §r§53,000 Motes§r§e!
23:56:51 [allowed] §6§lROUND 2§r§6§l: §r§eYou chose §r§a§lSPLIT §r§eand gained §r§53,000 Motes§r§e!
23:56:53 [allowed] §6§lROUND 3§r§6§l: §r§eYou chose §r§a§lSPLIT §r§eand gained §r§53,000 Motes§r§e!
23:56:55 [allowed] §6§lROUND 4§r§6§l: §r§eYou chose §r§a§lSPLIT §r§eand gained §r§53,000 Motes§r§e!
23:56:56 [allowed] §6§lROUND 5§r§6§l: §r§eYou chose §r§a§lSPLIT §r§eand gained §r§53,000 Motes§r§e!
23:56:58 [allowed] §6§lROUND 6§r§6§l: §r§eYou chose §r§a§lSPLIT §r§eand gained §r§53,000 Motes§r§e!
23:57:00 [allowed] §6§lROUND 7§r§6§l: §r§eYou chose §r§a§lSPLIT §r§eand gained §r§53,000 Motes§r§e!
23:57:01 [allowed] §6§lROUND 8§r§6§l: §r§eYou chose §r§a§lSPLIT §r§eand gained §r§53,000 Motes§r§e!
23:57:03 [allowed] §6§lROUND 9 §r§6(§r§6§lFINAL§r§6)§r§6§l: §r§eYou chose §r§c§lSTEAL §r§eand gained §r§55,000 Motes§r§e!
23:57:03 [allowed] §eYou earned §r§529,000 Motes §r§ein this match!
23:57:03 [allowed] §eYour opponent earned §r§524,000 Motes §r§ein this match!
23:57:09 [allowed] §eYou used §r§a§r§a21m41s ф Rift Time §r§eto teleport to §r§fMountaintop§r§e!
23:57:10 [allowed] §5§l▬▬▬▬▬▬▬▬▬▬▬▬▬▬▬▬▬▬▬▬▬▬▬▬▬▬▬▬▬▬▬▬▬▬▬▬▬▬▬▬▬▬▬▬▬▬▬▬▬▬▬▬▬▬▬▬▬▬▬▬▬▬▬▬
23:57:10 [allowed]   §r§d§lRIFT INSTABILITY WARNING
23:57:10 [allowed]     §r§7Venturing in the §r§dRift §r§7breaches spacetime.
23:57:10 [allowed]     §r§7You have §r§a46m40sф §r§7left before the rift collapses!
23:57:10 [allowed]     §r§8Your dimensional infusion has been consumed!
23:57:10 [allowed] §5§l▬▬▬▬▬▬▬▬▬▬▬▬▬▬▬▬▬▬▬▬▬▬▬▬▬▬▬▬▬▬▬▬▬▬▬▬▬▬▬▬▬▬▬▬▬▬▬▬▬▬▬▬▬▬▬▬▬▬▬▬▬▬▬▬
23:57:11 [allowed] §b[MVP§r§e+§r§b] PlugaPt§r§f §r§eclaimed the §r§fMirrorverse §r§ereward! §r§fgg§r§e!
23:57:13 [allowed] §e[NPC] Ubik Von Neumann§f: §rWelcome back, §bKobeAim§f.
23:57:16 [allowed] §e[NPC] Ubik Von Neumann§f: §rThe previous revolution had §911,127 §fparticipants with an average choice of §a26.21§f.
23:57:21 [allowed] §e[NPC] Ubik Von Neumann§f: §rYour choice was §a13§f.
23:57:23 [allowed] §e[NPC] Ubik Von Neumann§f: §rExemplary! Your choice was among the closest §610% §fto half of the average!
23:57:27 [allowed] §e[NPC] Ubik Von Neumann§f: §rA true demonstration of wit.
23:57:30 [allowed] §e[NPC] Ubik Von Neumann§f: §r§fYou receive a §d§6Free Will§f.
23:57:31 [allowed] §aYou claimed a §r§6Free Will§r§a!
23:57:31 [allowed] §e[NPC] Ubik Von Neumann§f: §rLet's see if you can succeed again this revolution.
23:57:35 [allowed] §aFriend > §r§biiDemo §r§eleft.
23:57:35 [allowed] §aYou have selected number §r§d13§r§a!
23:57:42 [allowed] §8[§r§b213§r§8] §r§7§l㋖ §r§b[MVP§e+§b] Ferreyra§f§r§f: woo
23:57:45 [allowed] §8[§r§b213§r§8] §r§7§l㋖ §r§b[MVP§e+§b] Ferreyra§f§r§f: VERY RARE DROP! (McGrubber's Burger) (+5% ✯ Magic Find)
23:57:48 [allowed] §cThere are blocks in the way!
23:57:51 [allowed] §eYou used §r§a§r§a5s ф Rift Time §r§eto teleport to §r§dWizard Tower§r§e!
23:57:52 [allowed] §cThis ability is on cooldown for 9s.
23:57:53 [allowed] §8[§r§9305§r§8] §r§b♔ §r§b[MVP§6+§b] Zythexar§f§r§f: W
23:57:55 [allowed] §aYou earned §r§220 GEXP §r§afrom playing SkyBlock!
23:58:14 [allowed] §7Warping...
23:58:15 [allowed] §7Sending to server mini63DJ...
23:58:16 [allowed] §8 §r§8 §r§1 §r§3 §r§3 §r§7 §r§8 
23:58:18 [allowed] §aYou are playing on profile: §eCoconut§b (Co-op)
23:58:18 [allowed] §8Profile ID: 4ef1bd42-ec32-42d4-afba-b766eacde1e7
23:58:22 [allowed] §aYou bought §r§fCheap Coffee §r§afor §r§61,000 Coins§r§a!
23:58:27 [allowed] §cThere are blocks in the way!
23:58:28 [allowed] §cThere are blocks in the way!
23:58:33 [allowed] §cThere are blocks in the way!
23:58:37 [allowed] §cThere are blocks in the way!
23:58:50 [allowed] §7Finding player...
23:58:50 [allowed] §cCouldn't find this Hypixel player!
23:58:52 [allowed] §7Finding player...
23:58:53 [allowed] §7Sending a visit request...
23:58:53 [allowed] §7Sending to server mini182DJ...
23:58:55 [allowed] §8 §r§8 §r§1 §r§3 §r§3 §r§7 §r§8 
23:58:55 [allowed] §f§m-----------------------------------------------------
§r§cYou should NEVER enter your Microsoft account details anywhere but on official Microsoft services!

§r§cExternal links from untrusted sources should be avoided.
§r§f§m-----------------------------------------------------
23:58:57 [allowed] §aYou are playing on profile: §eCoconut§b (Co-op)
23:58:57 [allowed] §8Profile ID: 4ef1bd42-ec32-42d4-afba-b766eacde1e7
23:58:58 [allowed] §7Sending to server mini24CC...
23:58:59 [allowed] §8 §r§8 §r§1 §r§3 §r§3 §r§7 §r§8 
23:59:02 [allowed] §cThere are blocks in the way!
23:59:02 [allowed] §aYou are playing on profile: §eCoconut§b (Co-op)
23:59:02 [allowed] §8Profile ID: 4ef1bd42-ec32-42d4-afba-b766eacde1e7
23:59:04 [allowed] §e[NPC] Fetchur§f: §rhi i need your help maybe
23:59:05 [allowed] §e[NPC] Fetchur§f: §rim looking for some stuff, dont remember the name tbh
23:59:07 [allowed] §e[NPC] Fetchur§f: §rits hot and gives energy
23:59:08 [allowed] §e[NPC] Fetchur§f: §ri need 1 pls
23:59:09 [allowed] §e[NPC] Fetchur§f: §rthanks thats probably what i needed
23:59:09 [allowed] §aYou received these rewards:
23:59:09 [allowed]   §r§8+§r§620,000 Coins
23:59:09 [allowed]   §r§8+§r§21,000 Mithril Powder
23:59:10 [allowed] §a§l▬▬▬▬▬▬▬▬▬▬▬▬▬▬▬▬▬▬▬▬▬▬▬▬▬▬▬▬▬▬▬▬▬▬▬▬▬▬▬▬▬▬▬▬▬▬▬▬▬▬▬▬▬▬▬▬▬▬▬▬▬▬▬▬
23:59:10 [allowed] §f                      §r§d§lBETTER TOGETHER ENDED!
23:59:10 [allowed] §f                           §r§7Passive Active Event
23:59:10 [allowed] 
23:59:10 [allowed] §f   The festival has ended, but the Dwarven cooperative spirit
23:59:10 [allowed] §f§r§f                                 never dies.
23:59:10 [allowed] §a§l▬▬▬▬▬▬▬▬▬▬▬▬▬▬▬▬▬▬▬▬▬▬▬▬▬▬▬▬▬▬▬▬▬▬▬▬▬▬▬▬▬▬▬▬▬▬▬▬▬▬▬▬▬▬▬▬▬▬▬▬▬▬▬▬
23:59:10 [allowed] §e[NPC] Fetchur§f: §rtake some gifts!
23:59:17 [allowed] §cThere are blocks in the way!
23:59:21 [allowed] §e[NPC] §dPuzzler§f: §r▶▲Come▲ ◀back◀ ▼▶tomorrow▶▶
23:59:24 [allowed] §7Warping...
23:59:28 [allowed] §6The sound of pickaxes clashing against the rock has attracted the attention of the §r§6§lPOWDER GHAST!
23:59:28 [allowed] §eFind the §r§6Powder Ghast§r§e near the §r§bDivan's Gateway§r§e!
23:59:29 [allowed] §cRequires Tungsten Collection III
23:59:29 [allowed] §cRequires Heart of the Mountain Tier 7
23:59:32 [allowed] §5§l✯ §r§eA §r§5Fallen Star §r§ehas crashed at §r§bRoyal Mines§r§e! Nearby ore and Powder drops are amplified!
23:59:36 [allowed] §cRequires §r§5Heart of the Mountain Tier 6§r§c.
23:59:40 [allowed] Unknown command. Type "/help" for help. ('hubn')
23:59:41 [allowed] §6[Sacks] §r§c-80§r§e items§r§e.§r§8 (Last 10s.)
23:59:41 [allowed] §7Warping...
23:59:41 [allowed] §7Sending to server mini190J...
23:59:43 [allowed] §8 §r§8 §r§1 §r§3 §r§3 §r§7 §r§8 
23:59:45 [allowed] §aYou are playing on profile: §eCoconut§b (Co-op)
23:59:45 [allowed] §8Profile ID: 4ef1bd42-ec32-42d4-afba-b766eacde1e7
23:59:51 [allowed] §6[Bazaar] §r§7Putting goods in escrow...
23:59:51 [allowed] §6[Bazaar] §r§7Submitting sell offer...
23:59:51 [allowed] §6[Bazaar] §r§7§r§eSell Offer Setup! §r§a5§r§7x §r§6Refined Titanium §r§7for §r§62,951,349 coins§r§7.
23:59:51 [allowed] §8[§r§f50§r§8] §r§7Davis05211013§7§r§7: can some one give me 5mil
23:59:59 [allowed] §8[§r§712§r§8] §r§b[MVP§c+§b] Tachanky§f§r§f: no
00:00:03 [allowed] §cThere are blocks in the way!
00:00:06 [allowed] §f
00:00:06 [allowed] §4[WATCHDOG ANNOUNCEMENT]
00:00:06 [allowed] §fWatchdog has banned §r§c§l12,558§r§f players in the last 7 days.
00:00:06 [allowed] §fStaff have banned an additional §r§c§l12,331§r§f in the last 7 days.
00:00:06 [allowed] §cBlacklisted modifications are a bannable offense!
00:00:06 [allowed] §c
00:00:06 [allowed] §8[§r§f50§r§8] §r§7Davis05211013§7§r§7: ok
00:00:09 [allowed] §cThere are blocks in the way!
00:00:10 [allowed] §cThere are blocks in the way!
00:00:12 [allowed] §6[Bazaar] §eYour §6Sell Offer §efor §a5§7x §6Refined Titanium §ewas filled!
00:00:17 [allowed] §6[Bazaar] §r§7Claiming order...
00:00:17 [allowed] §6[Bazaar] §r§7§r§7Claimed §r§62,951,349 coins §r§7from selling §r§a5§r§7x §r§6Refined Titanium §r§7at §r§6596,986 §r§7each!
00:00:18 [allowed] §6[Bazaar] §r§7Claiming order...
00:00:18 [allowed] §6[Bazaar] §r§7§r§7Claimed §r§6957,629 coins §r§7from selling §r§a1§r§7x §r§9Chyme §r§7at §r§6968,525 §r§7each!
00:00:22 [allowed] §cThere are blocks in the way!
00:00:23 [allowed] §cThere are blocks in the way!
00:00:24 [allowed] §cThere are blocks in the way!
00:00:36 [allowed] §b-----------------------------------------------------
00:00:36 [allowed] §b[MVP§r§0+§r§b] KobeAim§r§f §r§ecollected an auction for §r§6999,999 coins§r§e!
00:00:36 [allowed] §b-----------------------------------------------------
00:00:36 [allowed] §eYou collected §r§6999,999 coins §r§efrom selling §r§f§r§9Bonzo's Mask §r§eto §r§b[MVP§r§3+§r§b] fighter101 §r§ein an auction!
00:00:48 [allowed] §cThere are blocks in the way!
00:00:49 [allowed] §cThere are blocks in the way!
00:00:51 [allowed] §d§lHOPPITY'S HUNT §r§dA §r§6Chocolate Breakfast Egg §r§dhas appeared!
00:00:52 [allowed] §cThere are blocks in the way!
00:00:55 [allowed] §cThere are blocks in the way!
00:00:59 [allowed] §cThere are blocks in the way!
00:01:01 [allowed] §d§lHOPPITY'S HUNT §r§dYou found a §r§6Chocolate Brunch Egg §r§din the §r§eBazaar Alley§r§d!
00:01:01 [allowed] §D§LHOPPITY'S HUNT §7You found §aAshes §7(§A§LUNCOMMON§7)!
00:01:01 [allowed] §7§lDUPLICATE RABBIT! §6+14,091,714 Chocolate
00:01:06 [allowed] §cThere are blocks in the way!
00:01:08 [allowed] §cThere are blocks in the way!
00:02:04 [allowed] §cThere are blocks in the way!
00:02:14 [allowed] §cThere are blocks in the way!
00:02:16 [allowed] §cThere are blocks in the way!
00:02:43 [allowed] §8Depositing coins...
00:02:43 [allowed] §aYou have deposited §r§64.9M coins§r§a! You now have §r§613.2M coins §r§ain your account!
00:02:54 [allowed] §cThere are blocks in the way!
00:02:55 [allowed] §cThere are blocks in the way!
00:02:57 [allowed] §cThere are blocks in the way!
00:03:00 [allowed] §cThere are blocks in the way!
00:03:01 [allowed] §cThere are blocks in the way!
00:03:02 [allowed] §cThere are blocks in the way!
00:03:03 [allowed] §cThere are blocks in the way!
00:03:04 [allowed] §cThere are blocks in the way!
00:03:06 [allowed] §cThere are blocks in the way!
00:03:08 [allowed] §cThere are blocks in the way!
00:03:09 [allowed] §cThere are blocks in the way!
00:03:10 [allowed] §cThere are blocks in the way!
00:03:11 [allowed] §cThere are blocks in the way!
00:03:12 [allowed] §cThere are blocks in the way!
00:03:14 [allowed] §cThere are blocks in the way!
00:03:14 [allowed] §cThere are blocks in the way!
00:03:14 [allowed] §cThere are blocks in the way!
00:03:18 [allowed] §cThere are blocks in the way!
00:03:19 [allowed] §cThere are blocks in the way!
00:03:19 [allowed] §cThere are blocks in the way!
00:03:21 [allowed] §cThere are blocks in the way!
00:03:24 [allowed] §cThere are blocks in the way!
00:03:25 [allowed] §cThere are blocks in the way!
00:03:27 [allowed] §cThere are blocks in the way!
00:03:29 [allowed] §cThere are blocks in the way!
00:03:30 [allowed] §cThere are blocks in the way!
00:03:37 [allowed] §cThere are blocks in the way!
00:03:38 [allowed] §cThere are blocks in the way!
00:03:42 [allowed] §cThere are blocks in the way!
00:03:44 [allowed] §cThere are blocks in the way!
00:03:45 [allowed] §cThere are blocks in the way!
00:03:50 [allowed] §7Warping...
00:03:50 [allowed] §7Sending to server mini10N...
00:03:52 [allowed] §8 §r§8 §r§1 §r§3 §r§3 §r§7 §r§8 
00:03:54 [allowed] §aYou are playing on profile: §eCoconut§b (Co-op)
00:03:54 [allowed] §8Profile ID: 4ef1bd42-ec32-42d4-afba-b766eacde1e7
00:04:00 [allowed] §cThere are blocks in the way!
00:04:01 [allowed] §cThere are blocks in the way!
00:04:23 [allowed] §cThere are blocks in the way!
00:04:24 [allowed] §6[Sacks] §r§a+6§r§e items§r§e.§r§8 (Last 5s.)
00:04:29 [allowed] §cThere are blocks in the way!
00:04:30 [allowed] §cThere are blocks in the way!
00:04:30 [allowed] §cThere are blocks in the way!
00:04:30 [allowed] §cThere are blocks in the way!
00:04:30 [allowed] §cThere are blocks in the way!
00:04:30 [allowed] §cThere are blocks in the way!
00:04:34 [allowed] §7Your Witherborn hit §r§c1 §r§7enemy for §r§c1,260,340.5 §r§7damage.
00:04:41 [allowed] §cThere are blocks in the way!
00:04:50 [allowed] §c ☠ §r§7§r§bSpnal§r§7 was killed by §r§8§lBladesoul§r§7§r§7.
00:05:22 [allowed] §7Your Giant's Sword hit §r§c1 §r§7enemy for §r§c753,766 §r§7damage.
00:05:22 [allowed] §cThis ability is on cooldown for 30s.
00:05:22 [allowed] §cThis ability is on cooldown for 30s.
00:05:22 [allowed] §cThis ability is on cooldown for 30s.
00:05:23 [allowed] §7Your Witherborn hit §r§c1 §r§7enemy for §r§c1,260,340.5 §r§7damage.
00:05:36 [allowed] §aYou completed your Miniboss quest! Visit the Town Board to claim the rewards.
00:05:36 [allowed] §a§l▬▬▬▬▬▬▬▬▬▬▬▬▬▬▬▬▬▬▬▬▬▬▬▬▬▬▬▬▬▬▬▬▬▬▬▬▬▬▬▬▬▬▬▬▬▬▬▬▬▬▬▬▬▬▬▬▬▬▬▬▬▬▬▬
00:05:36 [allowed] §f                           §r§6§lMAGE OUTLAW DOWN!
00:05:36 [allowed] 
00:05:36 [allowed] §f                  §r§b[MVP§r§0+§r§b] KobeAim§r§f §r§7dealt the final blow.
00:05:36 [allowed] 
00:05:36 [allowed] §f            §r§e§l1st Damager §r§7- §r§b[MVP§r§0+§r§b] KobeAim§r§f §r§7- §r§e70,247,882
00:05:36 [allowed] 
00:05:36 [allowed] §f                 §r§eYour Damage: §r§a70,247,882 §r§7(Position #1)
00:05:36 [allowed] §f                           §r§eRunecrafting: §r§d+824 XP
00:05:36 [allowed] 
00:05:36 [allowed] §a§l▬▬▬▬▬▬▬▬▬▬▬▬▬▬▬▬▬▬▬▬▬▬▬▬▬▬▬▬▬▬▬▬▬▬▬▬▬▬▬▬▬▬▬▬▬▬▬▬▬▬▬▬▬▬▬▬▬▬▬▬▬▬▬▬
00:05:39 [allowed] §cThere are blocks in the way!
00:05:44 [allowed] §6[Sacks] §r§a+10§r§e items§r§e.§r§8 (Last 5s.)
00:05:47 [allowed] §cThere are blocks in the way!
00:05:51 [allowed] §a+100 Mage Reputation
00:05:51 [allowed] §3+15,000 Combat XP
00:05:56 [allowed] §6[Sacks] §r§a+1§r§e item§r§e.§r§8 (Last 5s.)
00:06:01 [allowed] §a+50 Mage Reputation
00:06:01 [allowed] §aYour §r§6Tiger §r§aleveled up to level §r§991§r§a!
00:06:01 [allowed] §3+5,000 Combat XP
00:06:05 [allowed] §cThere are blocks in the way!
00:06:06 [allowed] §6[Sacks] §r§a+10§r§e items§r§e, §r§c-20§r§e items§r§e.§r§8 (Last 5s.)
00:06:09 [allowed] §3§l▬▬▬▬▬▬▬▬▬▬▬▬▬▬▬▬▬▬▬▬▬▬▬▬▬▬▬▬▬▬▬▬▬▬▬▬▬▬▬▬▬▬▬▬▬▬▬▬▬▬▬▬▬▬▬▬▬▬▬▬▬▬▬▬
00:06:09 [allowed]  
00:06:09 [allowed] §f                                  §6§lBESTIARY
00:06:09 [allowed] §f                         §b§lMushroom Bull §7§8X §8➡§b §bXI
00:06:09 [allowed] 
00:06:09 [allowed] §f                                  §r§6§lREWARDS
00:06:09 [allowed] §f                     §r§8+§r§a4 Mushroom Bull §r§b✯ Magic Find
00:06:09 [allowed] §f                      §r§8+§r§a4 Mushroom Bull §r§c❁ Strength
00:06:09 [allowed] §f                         §r§8+§r§62% §r§aMushroom Bull §r§7coins
00:06:09 [allowed] §f                    §r§8+§r§a50% §r§7chance for extra XP orbs
00:06:09 [allowed] §f                               §r§8+§r§b1 SkyBlock XP
00:06:09 [allowed] 
00:06:09 [allowed] §3§l▬▬▬▬▬▬▬▬▬▬▬▬▬▬▬▬▬▬▬▬▬▬▬▬▬▬▬▬▬▬▬▬▬▬▬▬▬▬▬▬▬▬▬▬▬▬▬▬▬▬▬▬▬▬▬▬▬▬▬▬▬▬▬▬
00:06:12 [allowed] §cThis ability is on cooldown for 13s.
00:06:19 [allowed] §a§l+5 Kill Combo §r§b+3% §r§b✯ Magic Find
00:06:31 [allowed] §cThere are blocks in the way!
00:06:31 [allowed] §6[Sacks] §r§a+40§r§e items§r§e.§r§8 (Last 21s.)
00:06:32 [allowed] §cYour Kill Combo has expired! You reached a 8 Kill Combo!
00:06:37 [allowed] §6[Sacks] §r§a+22§r§e items§r§e.§r§8 (Last 5s.)
00:06:42 [allowed] §d§lHOPPITY'S HUNT §r§dA §r§9Chocolate Lunch Egg §r§dhas appeared!
00:06:48 [allowed] §c ☠ §r§7§r§7SpongeBob2§r§7 was killed by §r§cMagma Glare§r§7§r§7.
00:06:49 [allowed] §c ☠ §r§7You were killed by §r§cMagma Glare§r§7§r§7.
00:06:49 [allowed] §cYou died and lost 970.5 coins!
00:06:54 [allowed] §cThere are blocks in the way!
00:06:57 [allowed] §cThere are blocks in the way!
00:06:58 [allowed] §7Your Witherborn hit §r§c1 §r§7enemy for §r§c1,942,569.7 §r§7damage.
00:06:58 [allowed] §cThere are blocks in the way!
00:06:58 [allowed] §cThere are blocks in the way!
00:07:04 [allowed] §6[Sacks] §r§a+3§r§e items§r§e.§r§8 (Last 5s.)
00:07:29 [allowed] §c ☠ §r§7§r§bcaptjutch§r§7 was killed by §r§8§lBladesoul§r§7§r§7.
00:07:32 [allowed] §cFind a way to reach the top of the stomach!
00:07:38 [allowed] §c ☠ §r§7§r§7SpongeBob2§r§7 was killed by §r§cMagma Glare§r§7§r§7.
00:07:47 [allowed] §cAbilities are disabled in this area!
00:07:49 [allowed] §6[Sacks] §r§a+3§r§e items§r§e.§r§8 (Last 5s.)
00:07:51 [allowed] §cThere are blocks in the way!
00:07:56 [allowed] §cThere are blocks in the way!
00:08:00 [allowed] §7Your Witherborn hit §r§c1 §r§7enemy for §r§c2,329,792.9 §r§7damage.
00:08:03 [allowed] §7Your Giant's Sword hit §r§c3 §r§7enemies for §r§c1,740,795 §r§7damage.
00:08:03 [allowed] §cThis ability is on cooldown for 30s.
00:08:13 [allowed] §a§lYou healed yourself for 428.7 health!
00:08:14 [allowed] §a§aYou tipped 5 players in 10 different games!
00:08:24 [allowed] §cThere are blocks in the way!
00:08:33 [allowed] §a§l+5 Kill Combo §r§b+3% §r§b✯ Magic Find
00:08:36 [allowed] §a§l+10 Kill Combo §r§8+§r§610 §r§7coins per kill
00:08:42 [allowed] §6[Sacks] §r§a+41§r§e items§r§e.§r§8 (Last 11s.)
00:08:42 [allowed] §cYour Kill Combo has expired! You reached a 11 Kill Combo!
00:08:42 [allowed] §cThere are blocks in the way!
00:08:52 [allowed] §7Finding player...
00:08:54 [allowed] §7Sending a visit request...
00:08:54 [allowed] §7Sending to server mini182DJ...
00:08:56 [allowed] §8 §r§8 §r§1 §r§3 §r§3 §r§7 §r§8 
00:08:56 [allowed] §f§m-----------------------------------------------------
§r§cYou should NEVER enter your Microsoft account details anywhere but on official Microsoft services!

§r§cExternal links from untrusted sources should be avoided.
§r§f§m-----------------------------------------------------
00:08:58 [allowed] §aYou are playing on profile: §eCoconut§b (Co-op)
00:08:58 [allowed] §8Profile ID: 4ef1bd42-ec32-42d4-afba-b766eacde1e7
00:08:59 [allowed] §7Sending to server mini19M...
00:09:00 [allowed] §8 §r§8 §r§1 §r§3 §r§3 §r§7 §r§8 
00:09:02 [allowed] §cThere are blocks in the way!
00:09:02 [allowed] §cThere are blocks in the way!
00:09:02 [allowed] §cThere are blocks in the way!
00:09:02 [allowed] §aYou are playing on profile: §eCoconut§b (Co-op)
00:09:02 [allowed] §8Profile ID: 4ef1bd42-ec32-42d4-afba-b766eacde1e7
00:09:07 [allowed] §d§lHOPPITY'S HUNT §r§dYou found a §r§9Chocolate Lunch Egg §r§dunderneath the gold gate§r§d!
00:09:08 [allowed] §D§LHOPPITY'S HUNT §7You found §fBruno §7(§F§LCOMMON§7)!
00:09:08 [allowed] §7§lDUPLICATE RABBIT! §6+5,961,879 Chocolate
00:09:14 [allowed] §cThere are blocks in the way!
00:09:14 [allowed] §cThere are blocks in the way!
00:09:15 [allowed] §cThere are blocks in the way!
00:09:18 [allowed] §e[NPC] §dPuzzler§f: §r§d▲§5▶§b◀§d▲§d▲§5▶§a▼§5▶§d▲§d▲
00:09:21 [allowed] §e[NPC] §dPuzzler§f: §r§a✌✓
00:09:21 [allowed] §e[NPC] §dPuzzler§f: §r▶▶Nice!  ▲Here, ◀have ▼some◀ ▶Mithril Powder!▲
00:09:21 [allowed] §dPuzzler§r§6 gave you §r§21,000 Mithril Powder §r§6for solving the puzzle!
00:09:28 [allowed] §cThere are blocks in the way!
00:09:28 [allowed] §2Guild > §r§bKobesButler §r§ejoined.
00:09:32 [allowed] §cThere are blocks in the way!
00:09:35 [allowed] §cThere are blocks in the way!
00:09:36 [allowed] §cThere are blocks in the way!
00:09:37 [allowed] §cThere are blocks in the way!
00:09:38 [allowed] §cThere are blocks in the way!
00:09:46 [allowed] §cThere are blocks in the way!
00:09:56 [allowed] §cThere are blocks in the way!
00:09:59 [allowed] §cThere are blocks in the way!
00:10:02 [allowed] §cThere are blocks in the way!
00:10:03 [allowed] §cThere are blocks in the way!
00:10:16 [allowed] §c§r§eYou need the §r§dCookie Buff §r§eto use this feature!
00:10:16 [allowed] §eObtain a §r§6Booster Cookie §r§efrom the community shop in the hub!
00:10:20 [allowed] §c ☠ §r§7§r§7rahulcp§r§7 was killed by Glacite Walker§r§7§r§7.
00:10:24 [allowed] §cThere are blocks in the way!
00:10:25 [allowed] §cThere are blocks in the way!
00:10:37 [allowed] §cThere are blocks in the way!
00:10:38 [allowed] §cThere are blocks in the way!
00:10:39 [allowed] §cThere are blocks in the way!
00:10:47 [allowed] §cThere are blocks in the way!
00:10:48 [allowed] §cThere are blocks in the way!
00:10:51 [allowed] §cThere are blocks in the way!
00:10:53 [allowed] §cThere are blocks in the way!
00:11:07 [allowed] §cThere are blocks in the way!
00:11:09 [allowed] §cThere are blocks in the way!
00:11:10 [allowed] §cThere are blocks in the way!
00:11:11 [allowed] §cThere are blocks in the way!
00:11:15 [allowed] §cThere are blocks in the way!
00:11:16 [allowed] §cThere are blocks in the way!
00:11:19 [allowed] §cThere are blocks in the way!
00:11:32 [allowed] §cThere are blocks in the way!
00:11:44 [allowed] §7Warping...
00:11:44 [allowed] §7Sending to server mini20DM...
00:11:46 [allowed] §8 §r§8 §r§1 §r§3 §r§3 §r§7 §r§8 
00:11:48 [allowed] §aYou are playing on profile: §eCoconut§b (Co-op)
00:11:48 [allowed] §8Profile ID: 4ef1bd42-ec32-42d4-afba-b766eacde1e7
00:11:54 [allowed] §cWhoa! Slow down there!
00:11:54 [allowed] §aYou salvaged §b6 §aitems for:
00:11:54 [allowed]    §r§f30x §r§dCrimson Essence§r§f!
00:11:58 [allowed] §7Warping you to your SkyBlock island...
00:11:58 [allowed] §7Sending to server mini98AQ...
00:12:00 [allowed] §8 §r§8 §r§1 §r§3 §r§3 §r§7 §r§8 
00:12:02 [allowed] §aYou are playing on profile: §eCoconut§b (Co-op)
00:12:02 [allowed] §8Profile ID: 4ef1bd42-ec32-42d4-afba-b766eacde1e7
00:12:07 [allowed] §cMushroom Soup Flight expires in §r§e30s§r§c
00:12:27 [allowed] §cMushroom Soup Flight expires in §r§e10s§r§c
00:12:32 [allowed] §cMushroom Soup Flight expires in §r§e5s§r§c
00:12:33 [allowed] §cMushroom Soup Flight expires in §r§e4s§r§c
00:12:34 [allowed] §cMushroom Soup Flight expires in §r§e3s§r§c
00:12:35 [allowed] §cMushroom Soup Flight expires in §r§e2s§r§c
00:12:36 [allowed] §cMushroom Soup Flight expires in §r§e1s§r§c
00:12:37 [allowed] §cMushroom Soup Flight has expired!
00:12:45 [allowed] §e§oWhat was in that soup?
00:12:45 [allowed] §aYou can now fly for §r§c2§r§a minutes.
00:12:46 [allowed] §e§oWhat was in that soup?
00:12:46 [allowed] §aYour flight has been extended for §r§c2§r§a extra minutes.
00:12:49 [allowed] §7Warping...
00:12:49 [allowed] §7Sending to server mini15H...
00:12:51 [allowed] §8 §r§8 §r§1 §r§3 §r§3 §r§7 §r§8 
00:12:51 [allowed] §2§lGOTCHA! §7Your traps caught a §2Pest §7in §aPlot §r§b18§r§r§7!
00:12:52 [allowed] §6§lGROSS! §7While you were offline, §2Pests §7spawned in §aPlots §r§b5§r§7, §r§b4§r§7, §r§b18§r§7, §r§b12§r§7, §r§b3§r§7, §r§b8§r§7 and §r§b7§r§r§7!
00:12:52 [allowed] §7Your §r§6☘ Farming Fortune §r§7has been reduced by §r§475%§r§7!
00:12:52 [allowed] §7Click on a plot's name in chat to teleport to it!
00:12:53 [allowed] §aYou are playing on profile: §eCoconut§b (Co-op)
00:12:53 [allowed] §8Profile ID: 4ef1bd42-ec32-42d4-afba-b766eacde1e7
00:13:02 [allowed] §cAutopet §eequipped your §7[Lvl 88] §6Hedgehog§e! §a§lVIEW RULE
00:13:04 [allowed] §aYour §r§6Hedgehog §r§aleveled up to level §r§989§r§a!
00:13:14 [allowed] §6[Sacks] §r§a+186§r§e items§r§e.§r§8 (Last 10s.)
00:13:20 [allowed] §6§lRARE DROP! §aNot Just a Pest Vinyl §6(§6+1,052☘)
00:13:22 [allowed] §cThere are blocks in the way!
00:13:23 [allowed] §cThere are blocks in the way!
00:13:26 [allowed] §6[Sacks] §r§a+173§r§e items§r§e.§r§8 (Last 8s.)
00:13:36 [allowed] §aYour Garden is no longer infested and your §r§6☘ Farming Fortune §r§ahas returned to normal!
00:13:42 [allowed] §6[Sacks] §r§a+115§r§e items§r§e.§r§8 (Last 5s.)
00:13:52 [allowed] §6[Sacks] §r§a+33§r§e items§r§e.§r§8 (Last 5s.)
00:14:05 [allowed] §6[Sacks] §r§a+115§r§e items§r§e.§r§8 (Last 5s.)
00:14:08 [allowed] §7Warping...
00:14:11 [allowed] §6[Sacks] §r§a+33§r§e items§r§e.§r§8 (Last 5s.)
00:14:14 [allowed] §7You removed a §r§5Mouse Trap§r§7. (2/3)
00:14:15 [allowed] §6§lRARE DROP! §aCicada Symphony Vinyl §6(§6+1,116☘)
00:14:21 [allowed] §6[Sacks] §r§a+344§r§e items§r§e.§r§8 (Last 5s.)
00:14:21 [allowed] §7You placed a §r§5Mouse Trap§r§7. (3/3)
00:14:35 [allowed] §aYou released all Pests from Trap §r§2#1§r§7!
00:14:36 [allowed] §aYou released all Pests from Trap §r§2#2§r§7!
00:14:36 [allowed] §aYour Garden is no longer infested and your §r§6☘ Farming Fortune §r§ahas returned to normal!
00:14:38 [allowed] Unknown command. Type "/help" for help. ('sackjs')
00:14:43 [allowed] §6[Sacks] §r§a+476§r§e items§r§e.§r§8 (Last 6s.)
00:14:49 [allowed] §6[Sacks] §r§c-7§r§e items§r§e.§r§8 (Last 5s.)
00:15:07 [allowed] §e[NPC] Jacob§f: §rMy contest has started!
00:15:09 [allowed] §e[NPC] Jacob§f: §rYour §9Anita's Artifact §fis giving you §6+25☘ Wheat Fortune §fduring the contest!
00:15:17 [allowed] §aTeleported you to §r§aThe Barn§r§a!
00:15:32 [allowed] §6§lOFFER ACCEPTED §r§8with §r§aLiam §r§8(§r§a§lUNCOMMON§r§8)
00:15:32 [allowed] 
00:15:32 [allowed]   §r§a§lREWARDS
00:15:32 [allowed]     §r§8+§r§215 §r§7Garden Experience
00:15:32 [allowed]     §r§8+§r§314.2k §r§7Farming XP
00:15:32 [allowed]     §r§8+§r§c23 Copper
00:15:32 [allowed] 
00:15:38 [allowed] §aInserted §r§257,590.4 §r§aOrganic Matter from your sacks!
00:15:41 [allowed] §aInserted §r§220,000 Fuel §r§afrom your sacks!
00:15:45 [allowed] §cMushroom Soup Flight expires in §r§e60s§r§c
00:15:47 [allowed] §6[Sacks] §r§c-1,300§r§e items§r§e.§r§8 (Last 14s.)
00:16:09 [allowed] §cThere are blocks in the way!
00:16:09 [allowed] §cThere are blocks in the way!
00:16:15 [allowed] §cMushroom Soup Flight expires in §r§e30s§r§c
00:16:26 [allowed] Unknown command. Type "/help" for help. ('ois')
00:16:28 [allowed] §7Warping you to your SkyBlock island...
00:16:28 [allowed] §7Sending to server mini98AQ...
00:16:30 [allowed] §8 §r§8 §r§1 §r§3 §r§3 §r§7 §r§8 
00:16:32 [allowed] §aYou are playing on profile: §eCoconut§b (Co-op)
00:16:32 [allowed] §8Profile ID: 4ef1bd42-ec32-42d4-afba-b766eacde1e7
00:16:36 [allowed] §cMushroom Soup Flight expires in §r§e10s§r§c
00:16:41 [allowed] §cMushroom Soup Flight expires in §r§e5s§r§c
00:16:42 [allowed] §cMushroom Soup Flight expires in §r§e4s§r§c
00:16:43 [allowed] §cMushroom Soup Flight expires in §r§e3s§r§c
00:16:44 [allowed] §cMushroom Soup Flight expires in §r§e2s§r§c
00:16:45 [allowed] §cMushroom Soup Flight expires in §r§e1s§r§c
00:16:46 [allowed] §cMushroom Soup Flight has expired!
00:17:18 [allowed] §aYou summoned your §r§6Ammonite§r§a!
00:17:43 [allowed] §aYour §r§6Ammonite §r§aleveled up to level §r§979§r§a!
00:17:59 [allowed] §6[Sacks] §r§a+4,703§r§e items§r§e.§r§8 (Last 30s.)
00:18:04 [allowed] §aYour §r§6Ammonite §r§aleveled up to level §r§980§r§a!
00:18:15 [allowed] §6[Sacks] §r§a+1,586§r§e items§r§e.§r§8 (Last 14s.)
00:18:26 [allowed] §aYou summoned your §r§6Tiger§r§a!
00:18:29 [allowed] §8[§r§a151§r§8] §r§b[MVP§c+§b] KobesButler§f§r§f: d
00:18:38 [allowed] §cThere are blocks in the way!
00:18:45 [allowed] §cThere are blocks in the way!
00:18:48 [allowed] §7Warping...
00:18:48 [allowed] §7Sending to server mini22BF...
00:18:49 [allowed] §8 §r§8 §r§1 §r§3 §r§3 §r§7 §r§8 
00:18:52 [allowed] §aYou are playing on profile: §eCoconut§b (Co-op)
00:18:52 [allowed] §8Profile ID: 4ef1bd42-ec32-42d4-afba-b766eacde1e7
00:18:59 [allowed] §dWarped to §r§bElection Room§r§d!
00:19:08 [allowed] §cThis ability is on cooldown for 23s.
00:19:09 [allowed] §cThis ability is on cooldown for 22s.
00:19:16 [allowed]  §b§l» §bKobesButler §eis traveling to §aHub §e§lFOLLOW
00:19:16 [allowed] §8[§r§3269§r§8] §r§b§lᛝ §r§a[VIP] Blazzich§f§r§f: Buying fishing minion t11 for 1.1m - /visit Blazzich
00:19:18 [allowed] §dWarped to §r§bCommunity Center§r§d!
00:19:29 [allowed] §cThere are blocks in the way!
00:19:30 [allowed] §cThere are blocks in the way!
00:19:31 [allowed] §cThere are blocks in the way!
00:19:32 [allowed] §cThere are blocks in the way!
00:19:33 [allowed] §cThere are blocks in the way!
00:19:34 [allowed] §cThere are blocks in the way!
00:19:37 [allowed] §cThere are blocks in the way!
00:19:51 [allowed] §cThere are blocks in the way!
00:19:54 [allowed] §cThere are blocks in the way!
00:20:02 [allowed] §cThere are blocks in the way!
00:20:17 [allowed]  §b§l» §bKobesButler §eis traveling to §aPrivate Island §e§lFOLLOW
00:20:32 [allowed] §aYou sold §r§aCicada Symphony Vinyl§r§8 x1 §r§afor §r§650,000 Coins§r§a!
00:20:33 [allowed] §aYou sold §r§aNot Just a Pest Vinyl§r§8 x1 §r§afor §r§650,000 Coins§r§a!
00:20:41 [allowed] §cThere are blocks in the way!
00:20:46 [allowed] §c ☠ §r§7§r§baacidd§r§7 was killed by Revenant Horror§r§7§r§7.
00:20:51 [allowed] §d§lHOPPITY'S HUNT §r§dA §r§6Chocolate Brunch Egg §r§dhas appeared!
00:20:55 [allowed] §cThere are blocks in the way!
00:20:56 [allowed] §cThere are blocks in the way!
00:21:02 [allowed] §8Withdrawing coins...
00:21:02 [allowed] §aYou have withdrawn §r§613.2M coins§r§a! You now have §r§60 coins §r§ain your account!
00:21:41 [allowed] §6[Bazaar] §r§7Putting goods in escrow...
00:21:41 [allowed] §6[Bazaar] §r§7Submitting buy order...
00:21:41 [allowed] §6[Bazaar] §r§7§r§eBuy Order Setup! §r§a1§r§7x §r§6Booster Cookie §r§7for §r§611,900,002 coins§r§7.
00:21:51 [allowed] §8Depositing coins...
00:21:51 [allowed] §aYou have deposited §r§61.5M coins§r§a! You now have §r§61.5M coins §r§ain your account!
00:22:45 [allowed] §cThere are blocks in the way!
00:22:46 [allowed] §cThere are blocks in the way!
00:22:48 [allowed] §cThere are blocks in the way!
00:23:13 [allowed] §aYou earned §r§2473 GEXP §r§afrom playing SkyBlock!
00:23:20 [allowed] §cYou already tipped everyone that has boosters active, so there isn't anybody to be tipped right now!
00:23:29 [allowed] §8Withdrawing coins...
00:23:29 [allowed] §aWithdrew §r§673.7M coins§r§a! There's now §r§60 coins §r§aleft in the account!
00:23:34 [allowed] §8Depositing coins...
00:23:35 [allowed] §aDeposited §r§673.7M coins§r§a! There's now §r§673.7M coins §r§ain the account!
00:23:43 [allowed] §6[Bazaar] §r§7Cancelling order...
00:23:43 [allowed] §6[Bazaar] §r§7§r§cCancelled! §r§7Refunded §r§611,900,002 coins §r§7from cancelling Buy Order!
00:23:53 [allowed] §8Withdrawing coins...
00:23:53 [allowed] §aYou have withdrawn §r§61.5M coins§r§a! You now have §r§60 coins §r§ain your account!
00:23:58 [allowed] §6[Bazaar] §r§7Putting goods in escrow...
00:23:58 [allowed] §6[Bazaar] §r§7Submitting buy order...
00:23:58 [allowed] §6[Bazaar] §r§7§r§eBuy Order Setup! §r§a1§r§7x §r§6Booster Cookie §r§7for §r§611,900,002 coins§r§7.
00:24:08 [allowed] §6[Bazaar] §r§7Cancelling order...
00:24:08 [allowed] §6[Bazaar] §r§7§r§cCancelled! §r§7Refunded §r§611,900,002 coins §r§7from cancelling Buy Order!
00:24:21 [allowed] §6[Bazaar] §r§7Putting goods in escrow...
00:24:21 [allowed] §6[Bazaar] §r§7Submitting buy order...
00:24:21 [allowed] §6[Bazaar] §r§7§r§eBuy Order Setup! §r§a1§r§7x §r§6Booster Cookie §r§7for §r§611,900,002 coins§r§7.
00:24:43 [allowed] §6[Bazaar] §r§7Cancelling order...
00:24:43 [allowed] §6[Bazaar] §r§7§r§cCancelled! §r§7Refunded §r§611,900,002 coins §r§7from cancelling Buy Order!
00:24:47 [allowed] §cThere are blocks in the way!
00:24:48 [allowed] §cThere are blocks in the way!
00:24:56 [allowed] §cThere are blocks in the way!
00:25:05 [allowed] §cThere are blocks in the way!
00:25:06 [allowed] §cThere are blocks in the way!
00:25:11 [allowed] §cThere are blocks in the way!
00:25:12 [allowed] §cThere are blocks in the way!
00:25:13 [allowed] §cThere are blocks in the way!
00:25:31 [allowed] §cThere are blocks in the way!
00:25:32 [allowed] §cThere are blocks in the way!
00:25:33 [allowed] §cThere are blocks in the way!
00:25:48 [allowed] §cThere are blocks in the way!
00:25:50 [allowed] §cThere are blocks in the way!
00:26:13 [allowed] §6[Bazaar] §r§7Putting goods in escrow...
00:26:13 [allowed] §6[Bazaar] §r§7Submitting sell offer...
00:26:13 [allowed] §6[Bazaar] §r§7§r§eSell Offer Setup! §r§a2§r§7x §r§6Free Will §r§7for §r§617,751,289 coins§r§7.
00:26:40 [allowed] §cThere are blocks in the way!
00:26:42 [allowed] §d§lHOPPITY'S HUNT §r§dA §r§9Chocolate Déjeuner Egg §r§dhas appeared!
00:26:42 [allowed] §e[NPC] §bSalesman§f: §rThank you for supporting the server and allowing us to maintain SkyBlock!
00:26:43 [allowed] §e[NPC] §bSalesman§f: §rIf you want to support us, head over to the Hypixel Store at §bstore.hypixel.net§f!
00:26:46 [allowed] §cThere are blocks in the way!
00:26:46 [allowed] §cThere are blocks in the way!
00:26:46 [allowed] §cThere are blocks in the way!
00:26:47 [allowed] §cThere are blocks in the way!
00:26:55 [allowed] §6[Bazaar] §r§7Cancelling order...
00:26:55 [allowed] §6[Bazaar] §r§7§r§cCancelled! §r§7Refunded §r§a2§r§7x §r§6Free Will §r§7from cancelling Sell Offer!
00:27:03 [allowed] §6[Bazaar] §r§7Putting goods in escrow...
00:27:03 [allowed] §6[Bazaar] §r§7Submitting buy order...
00:27:03 [allowed] §6[Bazaar] §r§7§r§eBuy Order Setup! §r§a1§r§7x §r§6Booster Cookie §r§7for §r§611,900,004 coins§r§7.
00:27:14 [allowed] §cThere are blocks in the way!
00:27:17 [allowed] §cThere are blocks in the way!
00:27:18 [allowed] §cThere are blocks in the way!
00:27:19 [allowed] §cThere are blocks in the way!
00:27:44 [allowed] §7Request join for Hub #1 (mega34D)...
00:27:44 [allowed] §cCouldn't warp you! Try again later. §r§7(SERVERS_DID_NOT_ACCEPT)
00:27:49 [allowed] §7Request join for Hub #1 (mega34D)...
00:27:49 [allowed] §cCouldn't warp you! Try again later. §r§7(SERVER_FULL)
00:27:53 [allowed] §cThis server is full!
00:27:58 [allowed] §cThis server is full!
00:28:02 [allowed] §cThere are blocks in the way!
00:28:03 [allowed] §cThere are blocks in the way!
00:28:06 [allowed] §cThere are blocks in the way!
00:28:07 [allowed] §cThere are blocks in the way!
00:28:08 [allowed] §cThere are blocks in the way!
00:28:10 [allowed] §cThere are blocks in the way!
00:28:16 [allowed] §aYou earned §r§2750 GEXP §r§afrom playing SkyBlock!
00:28:20 [allowed] §7Request join for Hub #1 (mega34D)...
00:28:20 [allowed] §cCouldn't warp you! Try again later. §r§7(SERVER_FULL)
00:28:26 [allowed] §7Request join for Hub #2 (mega16E)...
00:28:26 [allowed] §7Sending to server mega16E...
00:28:27 [allowed] §8 §r§8 §r§1 §r§3 §r§3 §r§7 §r§8 
00:28:27 [allowed] §8[§r§5375§r§8] §r§b♔ §r§b[MVP§d+§b] SisterLeveling§f§r§f: lowballing Crimson GR 1.2b purse /visit me
00:28:28 [allowed] §8[§r§723§r§8] §r§6[MVP§c++§6] ThreeInchVillain§f§r§f: "you have mats" lol bro on fortnite
00:28:29 [allowed] §aYou are playing on profile: §eCoconut§b (Co-op)
00:28:29 [allowed] §8Profile ID: 4ef1bd42-ec32-42d4-afba-b766eacde1e7
00:28:30 [allowed] §8[§r§9315§r§8] §r§6⚔ §r§b[MVP§c+§b] m7non§f§r§f: lowballing 1.7b /visit me
00:28:31 [allowed] §8[§r§a126§r§8] §r§b[MVP§a+§b] 84566§f§r§f: Lowballing 90m visit me
00:28:35 [allowed] §8[§r§e99§r§8] §r§b[MVP§c+§b] luc_withcheese§f§r§f: im a MAP btw not a low baller
00:28:40 [allowed] §8[§r§3244§r§8] §r§7ф §r§b[MVP§r§0+§r§b] KobeAim§r§f: buying flower minion for 40m
00:28:44 [allowed] §8[§r§a141§r§8] §r§7§l㋖ §r§b[MVP§a+§b] rowannnnnnnn§f§r§f: i wouldint usually ask this but can someone craft me 2 t11 hard stone mins because im kinda broke and im saving for fermento
00:28:54 [allowed] §6[Bazaar] §r§7Cancelling order...
00:28:54 [allowed] §6[Bazaar] §r§7§r§cCancelled! §r§7Refunded §r§611,900,004 coins §r§7from cancelling Buy Order!
00:28:58 [allowed] §6[Bazaar] §r§7Executing instant buy...
00:28:58 [allowed] §6[Bazaar] §r§7Bought §r§a1§r§7x §r§6Booster Cookie §r§7for §r§612,013,999 coins§r§7!
00:29:00 [allowed] §8[§r§719§r§8] §r§723ecrype§7§r§7: what are some good bows that I could get for 1.26M
00:29:00 [allowed] §eYou consumed a §r§6Booster Cookie§r§e! §r§dDelicious!
00:29:06 [allowed] §8Withdrawing coins...
00:29:06 [allowed] §aWithdrew §r§673.7M coins§r§a! There's now §r§60 coins §r§aleft in the account!
00:29:06 [allowed] §8[§r§e105§r§8] §r§b[MVP] 3225§f§r§f: terminator
00:29:11 [allowed] §cThis server is full!
00:29:15 [allowed] §8[§r§78§r§8] §r§a[VIP] Youyou_93YT§f§r§f: francais ?
00:29:16 [allowed] §cYou must be in a lobby to use this command!
00:29:18 [allowed] Unknown command. Type "/help" for help. ('swaplobby-1')
00:29:19 [allowed] §8[§r§a141§r§8] §r§7§l㋖ §r§b[MVP§a+§b] rowannnnnnnn§f§r§f: plz :(
00:29:20 [allowed] §8[§r§9315§r§8] §r§6⚔ §r§b[MVP§c+§b] m7non§f§r§f: lowballing 1.7b /visit me good deals
00:29:25 [allowed] §8[§r§e96§r§8] §r§a[VIP§6+§a] loneridk§f§r§f: check my ah for a 8m steal
00:29:28 [allowed] §6§m-----------------------------------------
00:29:28 [allowed] §cYou cannot say the same message twice!
00:29:28 [allowed] §6§m-----------------------------------------
00:29:32 [allowed] §8[§r§78§r§8] §r§a[VIP] Youyou_93YT§f§r§f: des francais svp ?
00:29:32 [allowed] §7Request join for Hub #1 (mega34D)...
00:29:32 [allowed] §7Sending to server mega34D...
00:29:33 [allowed] §8 §r§8 §r§1 §r§3 §r§3 §r§7 §r§8 
00:29:36 [allowed] §8[§r§f51§r§8] §r§7walrus_walrus§7§r§7: is it posible to trade ranks
00:29:36 [allowed] §aYou are playing on profile: §eCoconut§b (Co-op)
00:29:36 [allowed] §8Profile ID: 4ef1bd42-ec32-42d4-afba-b766eacde1e7
00:29:37 [allowed] §8[§r§76§r§8] §r§b[MVP§d+§b] Seroby§f§r§f: lmfao
00:29:37 [allowed] §8[§r§3244§r§8] §r§7ф §r§b[MVP§r§0+§r§b] KobeAim§r§f: buying flower minion for 40m
00:29:39 [allowed] §8[§r§5375§r§8] §r§b♔ §r§b[MVP§d+§b] SisterLeveling§f§r§f: lowballing Crimson GR 1.2b purse /visit me aödka podjaoifdha
00:29:40 [allowed] §8[§r§76§r§8] §r§b[MVP§d+§b] Seroby§f§r§f: ty
00:29:42 [allowed] §8[§r§718§r§8] §r§7GamingWithSonic§7§r§7: someone buy me aspect of the dragons PLEASEEEEE
00:29:42 [allowed] §8[§r§2193§r§8] §r§6☠ §r§a[VIP] IgnGurgerta§f§r§f: BALLINGLOW 4B PURSE
00:29:42 [allowed] §8[§r§a135§r§8] §r§7§l⸕ §r§a[VIP§6+§a] Vcholakov§f§r§f: Selling for 500mil
00:29:44 [allowed] §8[§a135§8] §7§l⸕ §r§a[VIP§6+§a] Vcholakov§f§7 is holding §r§8[§dHeroic Scylla §6✪✪✪✪✪§8]
00:29:47 [allowed] §8[§r§76§r§8] §r§a[VIP] lukaboss0§f§r§f: can someone trade im at map and im brand new
00:29:48 [allowed] §8[§r§9282§r§8] §r§7〣 §r§b[MVP§d+§b] Geode1§f§r§f: harrypottersdh 100m
00:29:50 [allowed] §8[§r§f42§r§8] §r§b[MVP§c+§b] CarterCool6264§f§r§f: tier 11 snow minions for 600k each at map!
00:29:50 [allowed] §8[§r§b229§r§8] §r§6ௐ §r§b[MVP§6+§b] BzrKCany§f§r§f: Buying Attribute shards party me
00:29:53 [allowed] §8[§r§5375§r§8] §r§b♔ §r§b[MVP§d+§b] SisterLeveling§f§r§f: lowballing Crimson GR 1.2b purse /visit me (Attributes are gonna be goneee)
00:29:56 [allowed] §8[§r§2165§r§8] §r§7❁ §r§a[VIP§6+§a] KebabCXT§f§r§f: why do the admins hate me
00:30:00 [allowed] §8[§a156§8] §7§lᛝ §r§a[VIP] harrypottersdh§f§7 is holding §r§8[§5Lava Shell Necklace§8]
00:30:02 [allowed] §8[§r§2193§r§8] §r§6☠ §r§a[VIP] IgnGurgerta§f§r§f: BALLINGLOW 4B PURSE /ViSiT ME
00:30:02 [allowed] §8[§r§e103§r§8] §r§7§l⚝ §r§a[VIP] hellohiho§f§r§f: highballing $6,015 visit me for free profit
00:30:03 [allowed] §8[§r§a156§r§8] §r§7§lᛝ §r§a[VIP] harrypottersdh§f§r§f: lf lowballer
00:30:06 [allowed] §8[§r§714§r§8] §r§7EPFloyd01§7§r§7: selling t11 snow minions for 1.1m
00:30:07 [allowed] §cThere are blocks in the way!
00:30:07 [allowed] §8[§r§a156§r§8] §r§7§lᛝ §r§a[VIP] harrypottersdh§f§r§f: i got 2
00:30:08 [allowed] §8[§r§2165§r§8] §r§7❁ §r§a[VIP§6+§a] KebabCXT§f§r§f: lowballing 1.2b visit me no attributes
00:30:11 [allowed] §cThere are blocks in the way!
00:30:12 [allowed] §cThere are blocks in the way!
00:30:12 [allowed] §8[§r§5375§r§8] §r§b♔ §r§b[MVP§d+§b] SisterLeveling§f§r§f: Lowballing Godroll attributes
00:30:13 [allowed] §cThere are blocks in the way!
00:30:16 [allowed] §8[§r§e103§r§8] §r§7§l⚝ §r§a[VIP] hellohiho§f§r§f: harrypottersdh ill do 5.7k
00:30:19 [allowed] §8[§r§2165§r§8] §r§7❁ §r§a[VIP§6+§a] KebabCXT§f§r§f: lowballing 1.2b visit me good deals come fast good deals
00:30:24 [allowed]  §b§l» §bKobesButler §eis traveling to §aHub §e§lFOLLOW
00:30:27 [allowed] §8[§r§2193§r§8] §r§6☠ §r§a[VIP] IgnGurgerta§f§r§f: BALLINGLOW 4B PURSE /ViSiT ME 50M+ iTEMS
00:30:28 [allowed] §8[§r§718§r§8] §r§7GamingWithSonic§7§r§7: Someone please get me aspect of the dragonss
00:30:32 [allowed] §8[§r§3245§r§8] §r§6✎ §r§b[MVP§6+§b] stud_guy§f§r§f: Lowballing 3.3b purse ! /visit stud_guy
00:30:33 [allowed] §8[§r§b217§r§8] §r§6✿ §r§b[MVP§2+§b] qlp7§f§r§f: who needs t4 enderman carries
00:30:36 [allowed] §8[§r§76§r§8] §r§a[VIP] lukaboss0§f§r§f: someone help me please
00:30:36 [allowed] §8[§b235§8] §b§lᛝ §r§7MrMasculinity123§7§7 is holding §r§8[§7[Lvl 100] §6Rock§9 ✦§8]
00:30:36 [allowed] §8[§r§a151§r§8] §r§b[MVP§c+§b] KobesButler§f§r§f: buying t1 flower minion
00:30:44 [allowed] §8[§r§b235§r§8] §r§b§lᛝ §r§7MrMasculinity123§7§r§7: selling cool rock uncandied
00:30:47 [allowed] §8[§3243§8] §7§l℻ §r§b[MVP§8+§b] Efish_§f§7 is holding §r§8[§6Necron's Handle§8]
00:30:47 [allowed] §8[§r§e94§r§8] §r§7⎊ §r§7CQBKRUSTY§7§r§7: anyone want a claymore?
00:30:47 [allowed] §aYou earned §r§213 GEXP §r§afrom playing SkyBlock!
00:30:49 [allowed] §8[§r§a127§r§8] §r§a[VIP] rs441§f§r§f: selling 26 t11 wheat and 25 t2 inferno
00:30:50 [allowed] §8[§r§e102§r§8] §r§a[VIP] MrLowOffer§f§r§f: lowballing 1.1b /visit me no attrs !!!!!!!!!!
00:30:53 [allowed] §8[§b235§8] §b§lᛝ §r§7MrMasculinity123§7§7 is holding §r§8[§7[Lvl 100] §6Rock§9 ✦§8]
00:30:55 [allowed] §8[§r§3243§r§8] §r§7§l℻ §r§b[MVP§8+§b] Efish_§f§r§f: lowballing 1.4b visit me / / //
00:30:56 [allowed] §8[§r§718§r§8] §r§7GamingWithSonic§7§r§7: qlp7 can you buy me aspect of the dragons
00:30:56 [allowed] §8[§r§5375§r§8] §r§b♔ §r§b[MVP§d+§b] SisterLeveling§f§r§f: Lowballing Godroll attributes /visit me (Attrs gonna be goneee)
00:30:57 [allowed] §8[§r§a151§r§8] §r§b[MVP§c+§b] KobesButler§f§r§f: buy t1 flower minion /p me
00:30:59 [allowed] §8[§r§5375§r§8] §r§b♔ §r§b[MVP§d+§b] SisterLeveling§f§r§f: lowballing Crimson GR 1.2b purse /visit me aödka podjaoifdha
00:31:00 [allowed] §8[§r§f54§r§8] §r§a[VIP] MxstyOnIce§f§r§f: me CQBKRUSTY
00:31:03 [allowed] §8[§r§e102§r§8] §r§a[VIP] MrLowOffer§f§r§f: lowballing 1.1b /visit me
00:31:04 [allowed] §8[§r§a141§r§8] §r§7§l㋖ §r§b[MVP§a+§b] rowannnnnnnn§f§r§f: OPENING A MCDONALDS!!!!
00:31:11 [allowed] §8[§r§a151§r§8] §r§b[MVP§c+§b] KobesButler§f§r§f: rowannnnnnnn ME PLEASE
00:31:12 [allowed] §8[§r§e94§r§8] §r§7⎊ §r§7CQBKRUSTY§7§r§7: msxtry where u at
00:31:13 [allowed] §8[§r§74§r§8] §r§7Mixlos12§7§r§7: hey
00:31:15 [allowed] §8[§r§78§r§8] §r§a[VIP] Youyou_93YT§f§r§f: un francais ?
00:31:16 [allowed] §8[§r§f53§r§8] §r§a[VIP] KillerChicken222§f§r§f: selling new year cake year 6 buy it for 60m ah is 75m 15m off
00:31:18 [allowed] §8[§r§a151§r§8] §r§b[MVP§c+§b] KobesButler§f§r§f: i have a cs degree perfect for it
00:31:18 [allowed] §8[§r§74§r§8] §r§7Mixlos12§7§r§7: can i have some money or something
00:31:20 [allowed] §8[§r§3243§r§8] §r§6§l⸕ §r§b[MVP§a+§b] Arliand§f§r§f: MasterDiamonds9 wanna see something ?
00:31:21 [allowed] §8[§r§2193§r§8] §r§6☠ §r§a[VIP] IgnGurgerta§f§r§f: BALLINGLOW 4B PURSE /ViSiT ME 50M+ iTEMS NORMAl RUlES
00:31:22 [allowed] §6§m-----------------------------------------
00:31:22 [allowed] §cYou cannot say the same message twice!
00:31:22 [allowed] §6§m-----------------------------------------
00:31:22 [allowed] §8[§r§f42§r§8] §r§b[MVP§c+§b] CarterCool6264§f§r§f: EPFloyd01 you might have to drop your prices down i think the price of t11 snow minion dropped\
00:31:22 [allowed] §8[§r§739§r§8] §r§b[MVP§c+§b] LatinaLover62§f§r§f: paying 3 million coins for rabbit VI potion
00:31:25 [allowed] §8[§r§a127§r§8] §r§a[VIP] rs441§f§r§f: first to find me gets my purse
00:31:27 [allowed] §e§lLOOT SHARE §r§r§r§fYou received loot for assisting §r§bEmcolX§r§f!
00:31:27 [allowed] §7Your Witherborn hit §r§c1 §r§7enemy for §r§c2,529,858.2 §r§7damage.
00:31:27 [allowed] §8[§r§78§r§8] §r§a[VIP] Youyou_93YT§f§r§f: svp j'ai besoin d'aide
00:31:32 [allowed] §6[Sacks] §r§a+1§r§e item§r§e.§r§8 (Last 5s.)
00:31:32 [allowed] §aFriend > §r§bdreamninja420 §r§eleft.
00:31:33 [allowed] §7Warping you to your SkyBlock island...
00:31:33 [allowed] §7Sending to server mini193CG...
00:31:35 [allowed] §8 §r§8 §r§1 §r§3 §r§3 §r§7 §r§8 
00:31:37 [allowed] §aYou are playing on profile: §eCoconut§b (Co-op)
00:31:37 [allowed] §8Profile ID: 4ef1bd42-ec32-42d4-afba-b766eacde1e7
00:31:39 [allowed] §aFriend > §r§bdreamninja420 §r§ejoined.
00:31:42 [allowed] §9§m-----------------------------------------------------
00:31:42 [allowed] §b[MVP§r§0+§r§b] KobeAim §r§einvited §r§b[MVP§r§c+§r§b] LatinaLover62 §r§eto the party! They have §r§c60 §r§eseconds to accept.
00:31:42 [allowed] §9§m-----------------------------------------------------
00:31:49 [allowed]  §b§l» §bKobesButler §eis traveling to §aHub §e§lFOLLOW
00:31:50 [allowed] §aYou are now in the §r§6PARTY§r§a channel
00:31:53 [allowed] §9§m-----------------------------------------------------
00:31:53 [allowed] §6Party Members (1)
00:31:53 [allowed] §f
00:31:53 [allowed] §eParty Leader: §r§b[MVP§r§0+§r§b] KobeAim §r§a●
00:31:53 [allowed] §9§m-----------------------------------------------------
00:32:02 [allowed] §cYou cannot message this player.
00:32:09 [allowed] §7Finding player...
00:32:10 [allowed] §7Sending a visit request...
00:32:11 [allowed] §cCouldn't warp you!
00:32:11 [allowed] §c§r§cThis island doesn't allow everyone to guest!
00:32:12 [allowed]  §b§l» §bKobesButler §eis traveling to §aPrivate Island §e§lFOLLOW
00:32:43 [allowed] §9§m-----------------------------------------------------
00:32:43 [allowed] §eThe party invite to §r§b[MVP§r§c+§r§b] LatinaLover62 §r§ehas expired.
00:32:43 [allowed] §9§m-----------------------------------------------------
00:32:43 [allowed] §9§m-----------------------------------------------------
00:32:43 [allowed] §cThe party was disbanded because all invites expired and the party was empty.
00:32:43 [allowed] §9§m-----------------------------------------------------
00:32:47 [allowed] §9§m-----------------------------------------------------
00:32:47 [allowed] §b[MVP§r§0+§r§b] KobeAim §r§einvited §r§b[MVP§r§c+§r§b] LatinaLover62 §r§eto the party! They have §r§c60 §r§eseconds to accept.
00:32:47 [allowed] §9§m-----------------------------------------------------
00:32:49 [allowed] §7Warping...
00:32:49 [allowed] §7Sending to server mini12B...
00:32:50 [allowed] §8 §r§8 §r§1 §r§3 §r§3 §r§7 §r§8 
00:32:52 [allowed] §aYou are playing on profile: §eCoconut§b (Co-op)
00:32:53 [allowed] §8Profile ID: 4ef1bd42-ec32-42d4-afba-b766eacde1e7
00:32:54 [allowed] §7Request join for Hub #1 (mega34D)...
00:32:54 [allowed] §7Sending to server mega34D...
00:32:56 [allowed] §8 §r§8 §r§1 §r§3 §r§3 §r§7 §r§8 
00:32:56 [allowed] §8[§r§e105§r§8] §r§a[VIP§6+§a] MC__Luka§f§r§f: selling dark red lapis setup HC
00:32:57 [allowed] §8[§r§f42§r§8] §r§b[MVP§c+§b] CarterCool6264§f§r§f: go to map for t11 snow minions for onlyu 600k
00:32:58 [allowed] §aYou are playing on profile: §eCoconut§b (Co-op)
00:32:58 [allowed] §8Profile ID: 4ef1bd42-ec32-42d4-afba-b766eacde1e7
00:32:58 [allowed] §8[§r§e94§r§8] §r§7⎊ §r§7CQBKRUSTY§7§r§7: i dont play this game
00:33:02 [allowed] §8[§r§a159§r§8] §r§6§l⸕ §r§a[VIP] thatsbguy§f§r§f: lf lowballer
00:33:04 [allowed] §9Party §8> §b[MVP§0+§b] KobeAim§f: §rLatinaLover62 I got rabbit 6
00:33:06 [allowed] §8[§r§f73§r§8] §r§a[VIP] MasterDiamonds9§f§r§f: damn
00:33:06 [allowed] §8[§a156§8] §7§lᛝ §r§a[VIP] harrypottersdh§f§7 is holding §r§8[§5Lava Shell Necklace§8]
00:33:06 [allowed] §8[§r§3243§r§8] §r§6§l⸕ §r§b[MVP§a+§b] Arliand§f§r§f: CRAZY RARE DROP! (Warden Heart)
00:33:06 [allowed] §8[§r§b209§r§8] §r§7❤ §r§b[MVP§d+§b] lohooxx§f§r§f: lmao
00:33:07 [allowed] §8[§r§f67§r§8] §r§6[MVP§2++§6] Wisly§f§r§f: me
00:33:07 [allowed] §9§m-----------------------------------------------------
00:33:07 [allowed] §b[MVP§r§c+§r§b] LatinaLover62 §r§ejoined the party.
00:33:07 [allowed] §9§m-----------------------------------------------------
00:33:07 [allowed] §aYou are now in the §r§6ALL§r§a channel
00:33:08 [allowed] §8[§r§a156§r§8] §r§7§lᛝ §r§a[VIP] harrypottersdh§f§r§f: lf lowballer lf lowballer
00:33:09 [allowed] §8[§r§b204§r§8] §r§6☠ §r§b[MVP§d+§b] CHAIRSSSS§f§r§f: lf a gdrag
00:33:09 [allowed] §8[§r§a159§r§8] §r§6§l⸕ §r§a[VIP] thatsbguy§f§r§f: GG
00:33:10 [allowed] §8[§r§e82§r§8] §r§7InnerPanda4387§7§r§7: GG
00:33:13 [allowed] §9Party §8> §b[MVP§0+§b] KobeAim§f: §rI got rabbit 6
00:33:14 [allowed] §8[§r§a138§r§8] §r§7§l⚝ §r§b[MVP§a+§b] Mansehaj_Gamer§f§r§f: GGS
00:33:15 [allowed] §8[§r§3252§r§8] §r§7☠ §r§b[MVP§c+§b] DaCheeto4763§f§r§f: Selling judgment core 230m (10m below lb) /p me
00:33:15 [allowed] §9Party §8> §b[MVP§c+§b] LatinaLover62§f: §ryess
00:33:17 [allowed] §9Party §8> §b[MVP§c+§b] LatinaLover62§f: §rwya
00:33:18 [allowed] §aYou are now in the §r§6PARTY§r§a channel
00:33:19 [allowed] §8[§r§f54§r§8] §r§a[VIP] MxstyOnIce§f§r§f: i got free claymore gg
00:33:19 [allowed] §8[§r§b222§r§8] §r§6§l⸕ §r§a[VIP§6+§a] NWeniger§f§r§f: Visit me if you like the backrooms
00:33:19 [allowed] §9Party §8> §b[MVP§0+§b] KobeAim§f: §rmap
00:33:22 [allowed] §8[§b235§8] §b§lᛝ §r§7MrMasculinity123§7§7 is holding §r§8[§7[Lvl 100] §6Rock§9 ✦§8]
00:33:23 [allowed] §9Party §8> §b[MVP§c+§b] LatinaLover62§f: §rwhere
00:33:26 [allowed] §8[§r§5375§r§8] §r§b♔ §r§b[MVP§d+§b] SisterLeveling§f§r§f: Lowballing Godroll attributes /visit me (Attrs gonna be goneee)
00:33:27 [allowed] §8[§r§e92§r§8] §r§a[VIP§6+§a] SharkKing101V§f§r§f: lohooxx what should i sell them f4 carries for?
00:33:27 [allowed] §bMicah2248 §r§elaunched a §r§9Bat Firework §r§ein the Village. It's dropping candies for everyone!
00:33:27 [allowed] §8[§r§f72§r§8] §r§b[MVP§c+§b] thhu§f§r§f: Selling a legendary Enderman pet at level 93 with a rare xp boost at a good price if interested /p me
00:33:28 [allowed] §8[§r§a138§r§8] §r§7§l⚝ §r§b[MVP§a+§b] Mansehaj_Gamer§f§r§f: latinalover62 accept party
00:33:30 [allowed] §8[§r§5375§r§8] §r§b♔ §r§b[MVP§d+§b] SisterLeveling§f§r§f: yes
00:33:30 [allowed] §bLatinaLover62 §ahas sent you a trade request. §bClick here §ato accept!
00:33:30 [allowed] §9Party §8> §b[MVP§0+§b] KobeAim§f: §rat the map hub 1
00:33:31 [allowed] §8[§r§a153§r§8] §r§7❤ §r§b[MVP§a+§b] Savage_ryn_§f§r§f: Anyone selling celestial goggles
00:33:32 [allowed] §8[§r§e97§r§8] §r§b[MVP§f+§b] LoudQuacks§f§r§f: lowballing 140m purse
00:33:33 [allowed] §8[§r§b209§r§8] §r§7❤ §r§b[MVP§d+§b] lohooxx§f§r§f: what are u selling them for rn?
00:33:37 [allowed] §8[§r§74§r§8] §r§7Mixlos12§7§r§7: what is this green 5th anniversary balloon worth
00:33:38 [allowed] §8[§b216§8] §6❁ §r§b[MVP§9+§b] feelNavyblue§f§7 is holding §r§8[§dHeroic Hyperion §6✪✪✪✪✪§8]
00:33:40 [allowed] §8[§r§b204§r§8] §r§6☠ §r§b[MVP§d+§b] CHAIRSSSS§f§r§f: anyone selling gdrag
00:33:40 [allowed] §8[§r§5375§r§8] §r§b♔ §r§b[MVP§d+§b] SisterLeveling§f§r§f: lowballing Crimson GR 1.2b purse /visit me (Attributes are gonna be goneee)
00:33:40 [allowed] §6Trade completed with §r§b[MVP§r§c+§r§b] LatinaLover62§r§f§r§6!
00:33:40 [allowed]  §r§c§l- §r§81x §r§9Rabbit VI Potion
00:33:40 [allowed]  §r§a§l+ §r§63M coins
00:33:41 [allowed] §8[§r§5375§r§8] §r§b♔ §r§b[MVP§d+§b] SisterLeveling§f§r§f: (os
00:33:41 [allowed] §8[§r§e92§r§8] §r§a[VIP§6+§a] SharkKing101V§f§r§f: 200k
00:33:42 [allowed] §8[§r§739§r§8] §r§b[MVP§c+§b] LatinaLover62§f§r§f: ty
00:33:42 [allowed] §9Party §8> §b[MVP§0+§b] KobeAim§f: §rty
00:33:43 [allowed] §9§m-----------------------------------------------------
00:33:43 [allowed] §b[MVP§r§c+§r§b] LatinaLover62 §r§ehas left the party.
00:33:43 [allowed] §9§m-----------------------------------------------------
00:33:43 [allowed] §9§m-----------------------------------------------------
00:33:43 [allowed] §cThe party was disbanded because all invites expired and the party was empty.
00:33:43 [allowed] §9§m-----------------------------------------------------
00:33:44 [allowed] §8[§b235§8] §b§lᛝ §r§7MrMasculinity123§7§7 is holding §r§8[§7[Lvl 100] §6Rock§9 ✦§8]
00:33:44 [allowed] §8[§r§a159§r§8] §r§6§l⸕ §r§a[VIP] thatsbguy§f§r§f: gh
00:33:47 [allowed] §8[§r§b216§r§8] §r§6❁ §r§b[MVP§9+§b] feelNavyblue§f§r§f: selling for 1.61b
00:33:49 [allowed] §8[§r§3243§r§8] §r§7§l℻ §r§b[MVP§8+§b] Efish_§f§r§f: chair lvl 200?
00:33:52 [allowed] §8[§r§a144§r§8] §r§a[VIP] ilm4z2§f§r§f: im lowbaling 140m visit meeee
00:33:52 [allowed] §8Depositing coins...
00:33:52 [allowed] §aYou have deposited §r§64M coins§r§a! You now have §r§64M coins §r§ain your account!
00:33:55 [allowed] §8[§r§b204§r§8] §r§6☠ §r§b[MVP§d+§b] CHAIRSSSS§f§r§f: yea
00:33:55 [allowed] §8[§r§a144§r§8] §r§a[VIP] ilm4z2§f§r§f: im lowbaling 140m visit meeee!!!!!!!!!!!!!!!!!!!!!!!!!!!!!!!!!!!!!
00:33:55 [allowed] §8[§2197§8] §7§lꕁ §r§b[MVP§6+§b] NotAlerted§f§7 is holding §r§8[§dRenowned Fiery Crimson Helmet§8]
00:33:59 [allowed] §8[§r§b209§r§8] §r§7❤ §r§b[MVP§d+§b] lohooxx§f§r§f: u can try raising it to 250k MAYBE 300k
00:34:00 [allowed] §8[§r§2197§r§8] §r§7§lꕁ §r§b[MVP§6+§b] NotAlerted§f§r§f: selling attirs count clean
00:34:01 [allowed] §8[§r§b235§r§8] §r§b§lᛝ §r§7MrMasculinity123§7§r§7: selling uncandied cool rock
00:34:02 [allowed] §8[§r§f63§r§8] §r§7bob_sakalusky§7§r§7: buying inferno minions overpaying /p me
00:34:02 [allowed] §8[§b235§8] §b§lᛝ §r§7MrMasculinity123§7§7 is holding §r§8[§7[Lvl 100] §6Rock§9 ✦§8]
00:34:05 [allowed] §8[§r§5379§r§8] §r§b[MVP§3+§b] OmniChin§f§r§f: are people panick selling from alpha lol
00:34:05 [allowed] §9§m-----------------------------------------------------
00:34:05 [allowed] §cYou are not in a party and were moved to the ALL channel.
00:34:05 [allowed] §9§m-----------------------------------------------------
00:34:05 [allowed] §8[§r§e118§r§8] §r§7☠ §r§a[VIP§6+§a] KEJR§f§r§f: lowballing 550m
00:34:06 [allowed] §8[§r§3244§r§8] §r§7ф §r§b[MVP§r§0+§r§b] KobeAim§r§f: buying t1 flower minion for 40m, /p me
00:34:07 [allowed] §8[§r§b209§r§8] §r§7❤ §r§b[MVP§d+§b] lohooxx§f§r§f: 250k seems fair to me ngl
00:34:08 [allowed] §8[§r§a144§r§8] §r§a[VIP] ilm4z2§f§r§f: im lowbaling 140m visit meeee==================================================================================================
00:34:08 [allowed] §8[§r§f57§r§8] §r§b[MVP§c+§b] daGoatwithgun§f§r§f: If someone has a basket of seeds or endless water bucket pplease party me
00:34:09 [allowed] §8[§r§3243§r§8] §r§7§l℻ §r§b[MVP§8+§b] Efish_§f§r§f: war u paying?
00:34:11 [allowed] §8[§r§3243§r§8] §r§7§l℻ §r§b[MVP§8+§b] Efish_§f§r§f: wat
00:34:12 [allowed] §8[§r§e92§r§8] §r§a[VIP§6+§a] SharkKing101V§f§r§f: f4 lowkey harder then f5
00:34:13 [allowed] §8[§r§9287§r§8] §r§7§lツ §r§b[MVP§c+§b] ILoveScathas§f§r§f: lowballing 1.2billiony coinys join me world!
00:34:20 [allowed] §8[§r§b204§r§8] §r§6☠ §r§b[MVP§d+§b] CHAIRSSSS§f§r§f: depeonds on how much u want
00:34:22 [allowed] §8[§r§b209§r§8] §r§7❤ §r§b[MVP§d+§b] lohooxx§f§r§f: yea but f5 comp is important for prog
00:34:25 [allowed] §8[§r§3243§r§8] §r§7§l℻ §r§b[MVP§8+§b] Efish_§f§r§f: lol
00:34:28 [allowed] §8[§r§a159§r§8] §r§6§l⸕ §r§a[VIP] thatsbguy§f§r§f: m7non
00:34:28 [allowed] §8[§r§a144§r§8] §r§a[VIP] ilm4z2§f§r§f: im lowbaling 140m visit meeee========
00:34:29 [allowed] §8[§r§a159§r§8] §r§6§l⸕ §r§a[VIP] thatsbguy§f§r§f: Mixlos12
00:34:31 [allowed] §8[§r§e92§r§8] §r§a[VIP§6+§a] SharkKing101V§f§r§f: ik
00:34:32 [allowed] §8[§r§b209§r§8] §r§7❤ §r§b[MVP§d+§b] lohooxx§f§r§f: f4 is only good for spirit scepter ¯\_(ツ)_/¯
00:34:32 [allowed] §8[§r§74§r§8] §r§7Mixlos12§7§r§7: yes
00:34:33 [allowed] §8[§r§a159§r§8] §r§6§l⸕ §r§a[VIP] thatsbguy§f§r§f: how muh would you do for that hat
00:34:34 [allowed] §8[§r§a144§r§8] §r§a[VIP] ilm4z2§f§r§f: im lowbaling 140m visit mee+++++++++++++++++
00:34:34 [allowed] §8[§r§9315§r§8] §r§6⚔ §r§b[MVP§c+§b] m7non§f§r§f: lowballing 1.7b
00:34:34 [allowed] §8[§r§e92§r§8] §r§a[VIP§6+§a] SharkKing101V§f§r§f: thats why f5 charges more
00:34:37 [allowed] §8[§b235§8] §b§lᛝ §r§7MrMasculinity123§7§7 is holding §r§8[§7[Lvl 100] §6Rock§9 ✦§8]
00:34:37 [allowed] §8[§r§e84§r§8] §r§a[VIP] Woaktree§f§r§f: SELLNG SLIME minions
00:34:39 [allowed] §8[§3243§8] §7§l℻ §r§b[MVP§8+§b] Efish_§f§7 is holding §r§8[§6Necron's Handle§8]
00:34:41 [allowed] §8[§r§3243§r§8] §r§7§l℻ §r§b[MVP§8+§b] Efish_§f§r§f: selling p me
00:34:41 [allowed] §8[§r§2184§r§8] §r§6✎ §r§b[MVP§9+§b] ImagineIQ§f§r§f: Does anyone here lowball attributes
00:34:42 [allowed] §8[§r§e92§r§8] §r§a[VIP§6+§a] SharkKing101V§f§r§f: well lohooxx people like comp
00:34:42 [allowed] §8[§r§e97§r§8] §r§b[MVP§f+§b] LoudQuacks§f§r§f: lowballing 140m purse visit me
00:34:43 [allowed] §8[§3244§8] §6§l⸕ §r§b[MVP§a+§b] Arliand§f§7 is holding §r§8[§6Warden Heart§8]
00:34:46 [allowed] §8[§r§3244§r§8] §r§6§l⸕ §r§b[MVP§a+§b] Arliand§f§r§f: lowballing visit me
00:34:46 [allowed] §8[§r§74§r§8] §r§7Mixlos12§7§r§7: idk how much its worth
00:34:48 [allowed] §8[§r§b204§r§8] §r§6☠ §r§b[MVP§d+§b] CHAIRSSSS§f§r§f: lf a grag
00:34:48 [allowed] §8[§r§e116§r§8] §r§7❂ §r§a[VIP§6+§a] verio_§f§r§f: lowballing 50m visit me
00:34:48 [allowed] §8[§r§3243§r§8] §r§7§l℻ §r§b[MVP§8+§b] Efish_§f§r§f: imagine is it gr?
00:34:49 [allowed] §8[§r§e102§r§8] §r§a[VIP] MrLowOffer§f§r§f: lowballing 1.1b /visit me no attrs dsl;gkdsg
00:34:49 [allowed] §8[§r§a144§r§8] §r§a[VIP] ilm4z2§f§r§f: im lowbaling 140m visit mee+++++++++++++++++!!!!!!!!!!!!!!!!!!!!!!!!!!!!!!!!!!!!!!!!!!!
00:34:51 [allowed] §8[§r§74§r§8] §r§7Mixlos12§7§r§7: is it worth 50m?
00:34:55 [allowed] §8[§r§a159§r§8] §r§6§l⸕ §r§a[VIP] thatsbguy§f§r§f: 50m!?!?!
00:34:56 [allowed] §8[§r§e92§r§8] §r§a[VIP§6+§a] SharkKing101V§f§r§f: ima try doing a f5
00:34:57 [allowed] §8[§r§e102§r§8] §r§a[VIP] MrLowOffer§f§r§f: lowballing 1.1b /visit me no attrs accepting everything else
00:34:58 [allowed] §8[§r§e97§r§8] §r§b[MVP§f+§b] LoudQuacks§f§r§f: lb 140m
00:34:58 [allowed] §8[§r§a159§r§8] §r§6§l⸕ §r§a[VIP] thatsbguy§f§r§f: f no
00:35:00 [allowed] §8[§r§e84§r§8] §r§a[VIP] Woaktree§f§r§f: SLIME minons for sale come party me
00:35:01 [allowed] §8[§r§a122§r§8] §r§a[VIP] Cytocenz§f§r§f: visit me for a cool island
00:35:01 [allowed] §8[§r§74§r§8] §r§7Mixlos12§7§r§7: 10m idk what its worth
00:35:03 [allowed] §8[§r§f75§r§8] §r§7♦ §r§a[VIP] Slayer0313§f§r§f: can i plz buy a cake soul for 4m?
00:35:05 [allowed] §8[§a156§8] §7§lᛝ §r§a[VIP] harrypottersdh§f§7 is holding §r§8[§5Lava Shell Necklace§8]
00:35:05 [allowed] §8[§r§5375§r§8] §r§b♔ §r§b[MVP§d+§b] SisterLeveling§f§r§f: Lowballing Attributes 1.2b Purse /visit Me
00:35:06 [allowed] §8[§r§74§r§8] §r§7Mixlos12§7§r§7: i legit dont know
00:35:07 [allowed] §8[§r§a156§r§8] §r§7§lᛝ §r§a[VIP] harrypottersdh§f§r§f: lf lowballer
00:35:11 [allowed] §8[§r§a159§r§8] §r§6§l⸕ §r§a[VIP] thatsbguy§f§r§f: 5.7m
00:35:13 [allowed] §8[§r§d358§r§8] §r§6ᛃ §r§b[MVP§6+§b] Elteling§f§r§f: lowballing 4.4b
00:35:13 [allowed] §8[§r§721§r§8] §r§b[MVP§a+§b] Pog_Puppy§f§r§f: ./VISIT POG_PUPPY and GIVE HIM MONEY
00:35:14 [allowed] §8[§r§b204§r§8] §r§6☠ §r§b[MVP§d+§b] CHAIRSSSS§f§r§f: LF a level 200 gdrag
00:35:15 [allowed] §8[§r§f41§r§8] §r§a[VIP] Micahmwoan2§f§r§f: im gonna roll my dice with the last money i have
00:35:17 [allowed] §8[§r§f76§r§8] §r§a[VIP] Hispe§f§r§f: noobs come map for free money
00:35:19 [allowed] §7Your Witherborn hit §r§c1 §r§7enemy for §r§c2,529,858.2 §r§7damage.
00:35:20 [allowed] §8[§r§e102§r§8] §r§a[VIP] MrLowOffer§f§r§f: lowballing 1.1b /visit me
00:35:21 [allowed] §8[§r§f69§r§8] §r§7JustMonkeyMan§7§r§7: can anyone help me with t4 eman slayer /p me
00:35:22 [allowed] §8[§r§f42§r§8] §r§b[MVP§c+§b] CarterCool6264§f§r§f: Hispe I only had five lmao
00:35:25 [allowed] §8[§r§e105§r§8] §r§a[VIP§6+§a] MC__Luka§f§r§f: hmmm if i get you 3.7b coins
00:35:26 [allowed] §bMicah2248 §r§elaunched a §r§9Bat Firework §r§ein the Village. It's dropping candies for everyone!
00:35:27 [allowed] §8[§r§e105§r§8] §r§b[MVP] 3225§f§r§f: HUHHH
00:35:28 [allowed] §8[§r§a126§r§8] §r§a[VIP] 21skyro§f§r§f: lowballing 500M /visit 21skyro 50m+ only
00:35:29 [allowed] §8[§r§9315§r§8] §r§6⚔ §r§b[MVP§c+§b] m7non§f§r§f: lowballing 1.7b /visit me
00:35:31 [allowed] §8[§r§e105§r§8] §r§a[VIP§6+§a] MC__Luka§f§r§f: will you do it?
00:35:33 [allowed] §8[§r§f76§r§8] §r§a[VIP] Hispe§f§r§f: CarterCool6264 I need billion worth
00:35:34 [allowed] §8[§r§e84§r§8] §r§a[VIP] Woaktree§f§r§f: slime minions for sale come party me
00:35:39 [allowed] §8[§r§3246§r§8] §r§7§l⚝ §r§a[VIP§6+§a] BINBINKS_§f§r§f: LOWBALLING 1B /Visit me !!
00:35:40 [allowed] §8[§r§e97§r§8] §r§b[MVP§f+§b] LoudQuacks§f§r§f: lowballing 140m purse /visit loudquacks
00:35:45 [allowed] §8[§r§3243§r§8] §r§7§l℻ §r§b[MVP§8+§b] Efish_§f§r§f: lowballing 1.4b visit me / / //
00:35:51 [allowed] §8[§r§e89§r§8] §r§a[VIP] matox14123§f§r§f: any high lvl french here?
00:35:53 [allowed] §8[§r§a148§r§8] §r§b[MVP§c+§b] Colorwoof§f§r§f: giveth me coins
00:35:53 [allowed]  §b§l» §bKobesButler §eis traveling to §aPrivate Island §e§lFOLLOW
00:35:55 [allowed] §8[§r§e115§r§8] §r§6৫ §r§b[MVP§f+§b] Minnister§f§r§f: Selling light blue sheep candied /visit me
00:35:56 [allowed] §aYou earned §r§2291 GEXP §r§afrom playing SkyBlock!
00:35:58 [allowed] §8[§r§e97§r§8] §r§b[MVP§f+§b] LoudQuacks§f§r§f: lowballing 140m
00:35:58 [allowed] §8[§r§f52§r§8] §r§b[MVP§c+§b] ERSC§f§r§f: LOWBALLING 20M ROADD TO HYPE /vist ERSC pls help me out dono would help even more :
00:35:58 [allowed] §8[§r§f76§r§8] §r§a[VIP] Hispe§f§r§f: there u go buddy
00:36:00 [allowed] §8[§r§e115§r§8] §r§6৫ §r§b[MVP§f+§b] Minnister§f§r§f: for lowball
00:36:02 [allowed] §8[§r§721§r§8] §r§b[MVP§a+§b] Pog_Puppy§f§r§f: ./visit pog_puppy go give him money!!!
00:36:16 [allowed] §8[§r§e97§r§8] §r§b[MVP§f+§b] LoudQuacks§f§r§f: lowballing 140m purse
00:36:16 [allowed] §8[§r§5379§r§8] §r§6ᛃ §r§a[VIP§6+§a] Dylan_Dogez§f§r§f: forging update on alpha?
00:36:17 [allowed] §8[§r§f64§r§8] §r§b[MVP§9+§b] Darxke§f§r§f: 35m lowballing
00:36:18 [allowed] §8[§a156§8] §7§lᛝ §r§a[VIP] harrypottersdh§f§7 is holding §r§8[§5Lava Shell Necklace§8]
00:36:21 [allowed] §8[§r§b205§r§8] §r§6§l⸕ §r§a[VIP§6+§a] Gabby96§f§r§f: anybody selling slime minions ?
00:36:23 [allowed] §8[§r§a156§r§8] §r§7§lᛝ §r§a[VIP] harrypottersdh§f§r§f: lf lowballer <<<<<<<<<<<
00:36:24 [allowed] §8[§r§f76§r§8] §r§a[VIP] Hispe§f§r§f: there u go
00:36:25 [allowed] §8[§r§e97§r§8] §r§b[MVP§f+§b] LoudQuacks§f§r§f: lowballing 140m purse visit me
00:36:29 [allowed] §8[§r§5375§r§8] §r§b♔ §r§b[MVP§d+§b] SisterLeveling§f§r§f: Lowballing Attributes 1.2b Purse /visit Me i0ahfopiahfapohfa
00:36:29 [allowed] §8[§3252§8] §6✿ §r§a[VIP§6+§a] Black_Kinq§f§7 is holding §r§8[§c✿ §dAncient Burning Crimson Leggings§8]
00:36:31 [allowed] §8[§r§3252§r§8] §r§6✿ §r§a[VIP§6+§a] Black_Kinq§f§r§f: selling
00:36:31 [allowed] §6[Bazaar] §r§7Executing instant buy...
00:36:31 [allowed] §6[Bazaar] §r§7Bought §r§a64§r§7x §r§aEnchanted Mycelium §r§7for §r§683,046 coins§r§7!
00:36:32 [allowed] §8[§r§3243§r§8] §r§7§l℻ §r§b[MVP§8+§b] Efish_§f§r§f: lowballing 1.4b visit me
00:36:33 [allowed] §8[§r§f64§r§8] §r§b[MVP§9+§b] Darxke§f§r§f: lowballing 35m
00:36:34 [allowed] §8[§r§f42§r§8] §r§b[MVP§c+§b] CarterCool6264§f§r§f: t11 snow minions for 600k (5 in stock)
00:36:36 [allowed] §8[§r§a126§r§8] §r§a[VIP] 21skyro§f§r§f: lb 500M lf dungeon items mainly will negotiate others
00:36:36 [allowed] §7Warping you to your SkyBlock island...
00:36:36 [allowed] §7Sending to server mini200BM...
00:36:36 [allowed] §8[§r§9288§r§8] §r§b§lᛝ §r§a[VIP] eyBenni§f§r§f: harrypottersdh you gonna spam that every 5 seconds now huh
00:36:38 [allowed] §8 §r§8 §r§1 §r§3 §r§3 §r§7 §r§8 
00:36:40 [allowed] §aYou are playing on profile: §eCoconut§b (Co-op)
00:36:40 [allowed] §8Profile ID: 4ef1bd42-ec32-42d4-afba-b766eacde1e7
00:36:40 [allowed]  §b§l» §bKobesButler §eis traveling to §aPrivate Island §e§lFOLLOW
00:36:49 [allowed] §aYou crafted a §eTier IV Mycelium Minion§a! That's a new one!
 §aCraft §e28 §amore unique Minions to unlock your §e28th Minion slot§a!
00:36:50 [allowed] §aYou crafted a §eTier V Mycelium Minion§a! That's a new one!
 §aCraft §e27 §amore unique Minions to unlock your §e28th Minion slot§a!
00:36:55 [allowed] §6[Bazaar] §r§7Executing instant buy...
00:36:55 [allowed] §6[Bazaar] §r§7Bought §r§a1§r§7x §r§aEnchanted Mycelium §r§7for §r§61,297.6 coins§r§7!
00:36:56 [allowed] §6[Bazaar] §r§7Executing instant buy...
00:36:56 [allowed] §6[Bazaar] §r§7Bought §r§a64§r§7x §r§aEnchanted Mycelium §r§7for §r§683,046 coins§r§7!
00:37:02 [allowed] §aYou crafted a §eTier VI Mycelium Minion§a! That's a new one!
 §aCraft §e26 §amore unique Minions to unlock your §e28th Minion slot§a!
00:37:07 [allowed] §6[Bazaar] §r§7Executing instant buy...
00:37:07 [allowed] §6[Bazaar] §r§7Bought §r§a64§r§7x §r§aEnchanted Mycelium §r§7for §r§683,046 coins§r§7!
00:37:08 [allowed] §6[Bazaar] §r§7Executing instant buy...
00:37:08 [allowed] §6[Bazaar] §r§7Bought §r§a64§r§7x §r§aEnchanted Mycelium §r§7for §r§683,046 coins§r§7!
00:37:19 [allowed] §aYou crafted a §eTier VII Mycelium Minion§a! That's a new one!
 §aCraft §e25 §amore unique Minions to unlock your §e28th Minion slot§a!
00:37:26 [allowed] §6[Bazaar] §r§7Executing instant buy...
00:37:27 [allowed] §6[Bazaar] §r§7Bought §r§a256§r§7x §r§aEnchanted Mycelium §r§7for §r§6332,186 coins§r§7!
00:37:32 [allowed] §cYou do not have the requirement to use this item!
00:37:32 [allowed] §cYou need §r§c6,500 Mage Reputation §r§cto use it!
00:37:33 [allowed] §cYou do not have the requirement to use this item!
00:37:33 [allowed] §cYou need §r§c6,500 Mage Reputation §r§cto use it!
00:37:33 [allowed] §cYou do not have the requirement to use this item!
00:37:33 [allowed] §cYou need §r§c6,500 Mage Reputation §r§cto use it!
00:37:33 [allowed] §cYou do not have the requirement to use this item!
00:37:33 [allowed] §cYou need §r§c6,500 Mage Reputation §r§cto use it!
00:37:34 [allowed] §cYou do not have the requirement to use this item!
00:37:34 [allowed] §cYou need §r§c6,500 Mage Reputation §r§cto use it!
00:37:34 [allowed] §cYou do not have the requirement to use this item!
00:37:34 [allowed] §cYou need §r§c6,500 Mage Reputation §r§cto use it!
00:37:34 [allowed] §cYou do not have the requirement to use this item!
00:37:34 [allowed] §cYou need §r§c6,500 Mage Reputation §r§cto use it!
00:37:47 [allowed] §6[Bazaar] §r§7Executing instant sell...
00:37:47 [allowed] §6[Bazaar] §r§7Sold §r§a17§r§7x §r§aEnchanted Mycelium §r§7for §r§620,276 coins§r§7!
00:37:48 [allowed] §cThis ability is on cooldown for 30s.
00:38:15 [allowed] §eYou Supercrafted §r§r§r§9Enderman Minion I§r§e!
00:38:20 [allowed] §6[Sacks] §r§c-48§r§e items§r§e.§r§8 (Last 5s.)
00:38:21 [allowed] §aYou crafted a §eTier I Voidling Minion§a! That's a new one!
 §aCraft §e24 §amore unique Minions to unlock your §e28th Minion slot§a!
00:38:21 [allowed] §eYou Supercrafted §r§r§r§9Voidling Minion I§r§e!
00:38:24 [allowed] §a§aYou tipped 1 player in 1 game!
00:38:27 [allowed] §6[Sacks] §r§c-80§r§e items§r§e.§r§8 (Last 5s.)
00:38:30 [allowed] §eYou Supercrafted §r§r§r§9Obsidian Minion I§r§e!
00:38:35 [allowed] §6[Sacks] §r§c-80§r§e items§r§e.§r§8 (Last 5s.)
00:38:40 [allowed]  §b§l» §bKobesButler §eis traveling to §aPrivate Island §e§lFOLLOW
00:38:55 [allowed] §6[Bazaar] §r§7Executing instant buy...
00:38:55 [allowed] §6[Bazaar] §r§7Bought §r§a64§r§7x §r§aNull Sphere §r§7for §r§67,449.6 coins§r§7!
00:38:55 [allowed] §6[Bazaar] §r§7Executing instant buy...
00:38:56 [allowed] §6[Bazaar] §r§7Bought §r§a64§r§7x §r§aNull Sphere §r§7for §r§67,449.6 coins§r§7!
00:38:56 [allowed] §6[Bazaar] §r§c§r§cYou don't have enough inventory space to fit all of those items!
00:38:57 [allowed] §6[Bazaar] §r§c§r§cYou don't have enough inventory space to fit all of those items!
00:38:58 [allowed] §6[Bazaar] §r§7Executing instant buy...
00:38:58 [allowed] §6[Bazaar] §r§7Bought §r§a64§r§7x §r§aNull Sphere §r§7for §r§67,449.6 coins§r§7!
00:38:59 [allowed] §6[Bazaar] §r§7Executing instant buy...
00:38:59 [allowed] §6[Bazaar] §r§7Bought §r§a64§r§7x §r§aNull Sphere §r§7for §r§67,449.6 coins§r§7!
00:38:59 [allowed] §6[Bazaar] §r§7Executing instant buy...
00:39:00 [allowed] §6[Bazaar] §r§7Bought §r§a64§r§7x §r§aNull Sphere §r§7for §r§67,449.6 coins§r§7!
00:39:00 [allowed] §6[Bazaar] §r§7Executing instant buy...
00:39:00 [allowed] §6[Bazaar] §r§7Bought §r§a64§r§7x §r§aNull Sphere §r§7for §r§67,449.6 coins§r§7!
00:39:00 [allowed] §6[Bazaar] §r§7Executing instant buy...
00:39:00 [allowed] §6[Bazaar] §r§7Bought §r§a64§r§7x §r§aNull Sphere §r§7for §r§67,449.6 coins§r§7!
00:39:01 [allowed] §6[Bazaar] §r§7Executing instant buy...
00:39:01 [allowed] §6[Bazaar] §r§7Bought §r§a64§r§7x §r§aNull Sphere §r§7for §r§67,449.6 coins§r§7!
00:39:01 [allowed] §6[Bazaar] §r§7Executing instant buy...
00:39:02 [allowed] §6[Bazaar] §r§7Bought §r§a64§r§7x §r§aNull Sphere §r§7for §r§67,449.6 coins§r§7!
00:39:02 [allowed] §6[Bazaar] §r§7Executing instant buy...
00:39:02 [allowed] §6[Bazaar] §r§7Bought §r§a64§r§7x §r§aNull Sphere §r§7for §r§67,449.6 coins§r§7!
00:39:03 [allowed] §6[Bazaar] §r§7Executing instant buy...
00:39:03 [allowed] §6[Bazaar] §r§7Bought §r§a64§r§7x §r§aNull Sphere §r§7for §r§67,449.6 coins§r§7!
00:39:03 [allowed] §6[Bazaar] §r§7Executing instant buy...
00:39:03 [allowed] §6[Bazaar] §r§7Bought §r§a64§r§7x §r§aNull Sphere §r§7for §r§67,449.6 coins§r§7!
00:39:08 [allowed] §aYou crafted a §eTier II Voidling Minion§a! That's a new one!
 §aCraft §e23 §amore unique Minions to unlock your §e28th Minion slot§a!
00:39:08 [allowed] §eYou Supercrafted §r§r§r§9Voidling Minion II§r§e!
00:39:21 [allowed] §aMoved §r§e2 Oak Wood§r§a from your Sacks to your inventory.
00:39:27 [allowed] §6[Sacks] §r§c-2§r§e items§r§e.§r§8 (Last 5s.)
00:40:05 [allowed] §eYou Supercrafted §r§r§r§9Enderman Minion I§r§e!
00:40:09 [allowed] §eYou Supercrafted §r§r§r§9Enderman Minion II§r§e!
00:40:10 [allowed] §aYou crafted a §eTier III Voidling Minion§a! That's a new one!
 §aCraft §e22 §amore unique Minions to unlock your §e28th Minion slot§a!
00:40:10 [allowed] §eYou Supercrafted §r§r§r§9Voidling Minion III§r§e!
00:40:14 [allowed] §6[Sacks] §r§c-192§r§e items§r§e.§r§8 (Last 8s.)
00:40:17 [allowed] §8[§r§a151§r§8] §r§b[MVP§c+§b] KobesButler§f§r§f: i brb
00:40:19 [allowed] §aMoved §r§e2 Oak Wood§r§a from your Sacks to your inventory.
00:40:24 [allowed] §8[§r§a151§r§8] §r§b[MVP§c+§b] KobesButler§f§r§f: cherck the chest for revnant minion craft
00:40:25 [allowed] §6[Sacks] §r§c-2§r§e items§r§e.§r§8 (Last 5s.)
00:40:29 [allowed] §8[§r§a151§r§8] §r§b[MVP§c+§b] KobesButler§f§r§f: u need zombie for each
00:40:36 [allowed] §8[§r§a151§r§8] §r§b[MVP§c+§b] KobesButler§f§r§f: tier
00:40:55 [allowed] §aYou earned §r§289 GEXP §r§afrom playing SkyBlock!
00:41:05 [allowed] §eYou Supercrafted §r§r§r§9Obsidian Minion I§r§e!
00:41:07 [allowed] §eYou Supercrafted §r§r§r§9Obsidian Minion II§r§e!
00:41:08 [allowed] §eYou Supercrafted §r§r§r§9Obsidian Minion III§r§e!
00:41:13 [allowed] §6[Sacks] §r§c-560§r§e items§r§e.§r§8 (Last 8s.)
00:41:23 [allowed] §cYou are missing some ingredients to execute this Supercraft!
00:41:28 [allowed] §6[Bazaar] §r§7Executing instant buy...
00:41:28 [allowed] §6[Bazaar] §r§7Bought §r§a64§r§7x §r§aNull Sphere §r§7for §r§67,443.2 coins§r§7!
00:41:29 [allowed] §6[Bazaar] §r§7Executing instant buy...
00:41:29 [allowed] §6[Bazaar] §r§7Bought §r§a64§r§7x §r§aNull Sphere §r§7for §r§67,443.2 coins§r§7!
00:41:39 [allowed] §aYou crafted a §eTier IV Voidling Minion§a! That's a new one!
 §aCraft §e21 §amore unique Minions to unlock your §e28th Minion slot§a!
00:41:39 [allowed] §eYou Supercrafted §r§r§r§9Voidling Minion IV§r§e!
00:42:23 [allowed] §6[Bazaar] §r§7Executing instant buy...
00:42:23 [allowed] §6[Bazaar] §r§7Bought §r§a64§r§7x §r§aEnchanted Sand §r§7for §r§639,181 coins§r§7!
00:42:24 [allowed] §6[Bazaar] §r§7Executing instant buy...
00:42:24 [allowed] §6[Bazaar] §r§7Bought §r§a64§r§7x §r§aEnchanted Sand §r§7for §r§639,184 coins§r§7!
00:42:33 [allowed] §6[Bazaar] §r§7Executing instant buy...
00:42:33 [allowed] §6[Bazaar] §r§7Bought §r§a256§r§7x §r§aEnchanted Sand §r§7for §r§6156,749 coins§r§7!
00:42:41 [allowed] §aYou crafted a §eTier IX Sand Minion§a! That's a new one!
 §aCraft §e20 §amore unique Minions to unlock your §e28th Minion slot§a!
00:42:52 [allowed] §aYou crafted a §eTier X Sand Minion§a! That's a new one!
 §aCraft §e19 §amore unique Minions to unlock your §e28th Minion slot§a!
00:43:09 [allowed] §6[Bazaar] §r§7Executing instant buy...
00:43:09 [allowed] §6[Bazaar] §r§7Bought §r§a512§r§7x §r§aEnchanted Sand §r§7for §r§6313,651 coins§r§7!
00:43:14 [allowed] §aYou crafted a §eTier XI Sand Minion§a! That's a new one!
 §aCraft §e18 §amore unique Minions to unlock your §e28th Minion slot§a!
00:43:34 [allowed] §6[Bazaar] §r§7Executing instant buy...
00:43:35 [allowed] §6[Bazaar] §r§7Bought §r§a64§r§7x §r§aEnchanted Bone §r§7for §r§6114,496 coins§r§7!
00:43:35 [allowed] §6[Bazaar] §r§7Executing instant buy...
00:43:35 [allowed] §6[Bazaar] §r§7Bought §r§a64§r§7x §r§aEnchanted Bone §r§7for §r§6114,496 coins§r§7!
00:43:36 [allowed] §aFriend > §r§7AL3X___ §r§ejoined.
00:43:36 [allowed] §6[Bazaar] §r§7Executing instant buy...
00:43:36 [allowed] §6[Bazaar] §r§7Bought §r§a64§r§7x §r§aEnchanted Bone §r§7for §r§6114,490 coins§r§7!
00:43:37 [allowed] §6[Bazaar] §r§7Executing instant buy...
00:43:37 [allowed] §6[Bazaar] §r§7Bought §r§a64§r§7x §r§aEnchanted Bone §r§7for §r§6114,490 coins§r§7!
00:43:38 [allowed] §6[Bazaar] §r§7Executing instant buy...
00:43:38 [allowed] §6[Bazaar] §r§7Bought §r§a64§r§7x §r§aEnchanted Bone §r§7for §r§6114,490 coins§r§7!
00:43:38 [allowed] §6[Bazaar] §r§7Executing instant buy...
00:43:39 [allowed] §6[Bazaar] §r§7Bought §r§a64§r§7x §r§aEnchanted Bone §r§7for §r§6114,490 coins§r§7!
00:43:39 [allowed] §6[Bazaar] §r§7Executing instant buy...
00:43:39 [allowed] §6[Bazaar] §r§7Bought §r§a64§r§7x §r§aEnchanted Bone §r§7for §r§6114,490 coins§r§7!
00:44:25 [allowed] §aYou crafted a §eTier VIII Skeleton Minion§a! That's a new one!
 §aCraft §e17 §amore unique Minions to unlock your §e28th Minion slot§a!
00:44:25 [allowed] §eYou Supercrafted §r§r§r§9Skeleton Minion VIII§r§e!
00:44:38 [allowed] §aYou crafted a §eTier IX Skeleton Minion§a! That's a new one!
 §aCraft §e16 §amore unique Minions to unlock your §e28th Minion slot§a!
00:44:44 [allowed] §aYou crafted a §eTier X Skeleton Minion§a! That's a new one!
 §aCraft §e15 §amore unique Minions to unlock your §e28th Minion slot§a!
00:44:53 [allowed] §6[Bazaar] §r§7Executing instant buy...
00:44:53 [allowed] §6[Bazaar] §r§7Bought §r§a512§r§7x §r§aEnchanted Bone §r§7for §r§6915,923 coins§r§7!
00:44:57 [allowed] §aYou crafted a §eTier XI Skeleton Minion§a! That's a new one!
 §aCraft §e14 §amore unique Minions to unlock your §e28th Minion slot§a!
00:45:38 [allowed] §6[Bazaar] §r§7Executing instant buy...
00:45:38 [allowed] §6[Bazaar] §r§7Bought §r§a1,024§r§7x §r§aEnchanted String §r§7for §r§61,388,908 coins§r§7!
00:45:38 [allowed] §c§lYour inventory is full!
00:45:47 [allowed] §aYou crafted a §eTier VIII Spider Minion§a! That's a new one!
 §aCraft §e13 §amore unique Minions to unlock your §e28th Minion slot§a!
00:45:48 [allowed] §aYou crafted a §eTier IX Spider Minion§a! That's a new one!
 §aCraft §e12 §amore unique Minions to unlock your §e28th Minion slot§a!
00:45:49 [allowed] §aYou crafted a §eTier X Spider Minion§a! That's a new one!
 §aCraft §e11 §amore unique Minions to unlock your §e28th Minion slot§a!
00:45:52 [allowed] §aYou crafted a §eTier XI Spider Minion§a! That's a new one!
 §aCraft §e10 §amore unique Minions to unlock your §e28th Minion slot§a!
00:45:56 [allowed] §aYou earned §r§2315 GEXP §r§afrom playing SkyBlock!
00:46:23 [allowed] §6[Bazaar] §r§7Executing instant buy...
00:46:23 [allowed] §6[Bazaar] §r§7Bought §r§a1,024§r§7x §r§aEnchanted Spider Eye §r§7for §r§61,399,910 coins§r§7!
00:46:28 [allowed] §aYou crafted a §eTier VIII Cave Spider Minion§a! That's a new one!
 §aCraft §e9 §amore unique Minions to unlock your §e28th Minion slot§a!
00:46:29 [allowed] §aYou crafted a §eTier IX Cave Spider Minion§a! That's a new one!
 §aCraft §e8 §amore unique Minions to unlock your §e28th Minion slot§a!
00:46:34 [allowed] §aYou crafted a §eTier X Cave Spider Minion§a! That's a new one!
 §aCraft §e7 §amore unique Minions to unlock your §e28th Minion slot§a!
00:46:42 [allowed] §6[Bazaar] §r§7Executing instant sell...
00:46:42 [allowed] §6[Bazaar] §r§7Sold §r§a64§r§7x §r§aEnchanted String §r§7for §r§683,846 coins§r§7!
00:46:44 [allowed] §6[Bazaar] §r§7Executing instant sell...
00:46:44 [allowed] §6[Bazaar] §r§7Sold §r§a128§r§7x §r§aEnchanted Spider Eye §r§7for §r§6153,613 coins§r§7!
00:47:00 [allowed] §6[Bazaar] §r§7Executing instant buy...
00:47:00 [allowed] §6[Bazaar] §r§7Bought §r§a64§r§7x §r§aEnchanted Pumpkin §r§7for §r§6102,221 coins§r§7!
00:47:01 [allowed] §6[Bazaar] §r§7Executing instant buy...
00:47:01 [allowed] §6[Bazaar] §r§7Bought §r§a64§r§7x §r§aEnchanted Pumpkin §r§7for §r§6102,221 coins§r§7!
00:47:01 [allowed] §6[Bazaar] §r§7Executing instant buy...
00:47:01 [allowed] §6[Bazaar] §r§7Bought §r§a64§r§7x §r§aEnchanted Pumpkin §r§7for §r§6102,221 coins§r§7!
00:47:05 [allowed] §aYou crafted a §eTier VIII Pumpkin Minion§a! That's a new one!
 §aCraft §e6 §amore unique Minions to unlock your §e28th Minion slot§a!
00:47:07 [allowed]  
00:47:07 [allowed] §f                          §r§3§lSKYBLOCK LEVEL UP
00:47:07 [allowed] §f                             §r§3Level §r§8244 ➡ §r§8[§r§3245§r§8]
00:47:07 [allowed]  
00:47:07 [allowed] §f                                  §r§6§lREWARDS
00:47:07 [allowed] §f                               §r§8+§r§a1 §r§c❁ Strength
00:47:07 [allowed] §f                                 §r§8+§r§a5 §r§c❤ Health
00:47:07 [allowed]  
00:47:09 [allowed] §aYou crafted a §eTier IX Pumpkin Minion§a! That's a new one!
 §aCraft §e5 §amore unique Minions to unlock your §e28th Minion slot§a!
00:47:29 [allowed] §6[Bazaar] §r§7Executing instant buy...
00:47:29 [allowed] §6[Bazaar] §r§7Bought §r§a768§r§7x §r§aEnchanted Pumpkin §r§7for §r§61,226,650 coins§r§7!
00:47:32 [allowed] §aYou crafted a §eTier X Pumpkin Minion§a! That's a new one!
 §aCraft §e4 §amore unique Minions to unlock your §e28th Minion slot§a!
00:47:35 [allowed] §aYou crafted a §eTier XI Pumpkin Minion§a! That's a new one!
 §aCraft §e3 §amore unique Minions to unlock your §e28th Minion slot§a!
00:48:03 [allowed] §6[Bazaar] §r§7Executing instant buy...
00:48:03 [allowed] §6[Bazaar] §r§7Bought §r§a1,152§r§7x §r§aEnchanted Cactus Green §r§7for §r§6742,464 coins§r§7!
00:48:09 [allowed] §6[Sacks] §r§a+7§r§e items§r§e.§r§8 (Last 5s.)
00:48:25 [allowed] §6[Bazaar] §r§7Executing instant buy...
00:48:25 [allowed] §6[Bazaar] §r§7Bought §r§a960§r§7x §r§aEnchanted Cactus Green §r§7for §r§6618,851 coins§r§7!
00:48:25 [allowed] §c§lYour inventory is full!
00:48:29 [allowed] §aYou crafted a §eTier VII Cactus Minion§a! That's a new one!
 §aCraft §e2 §amore unique Minions to unlock your §e28th Minion slot§a!
00:48:30 [allowed] §aYou crafted a §eTier VIII Cactus Minion§a! That's a new one!
 §aCraft §e1 §amore unique Minion to unlock your §e28th Minion slot§a!
00:48:33 [allowed] §aYou crafted a §eTier IX Cactus Minion§a! That's a new one!
 §6You have now unlocked your 28th Minion slot!
00:48:39 [allowed] §6[Bazaar] §r§7Executing instant buy...
00:48:39 [allowed] §6[Bazaar] §r§7Bought §r§a8§r§7x §r§9Enchanted Cactus §r§7for §r§6831,995 coins§r§7!
00:48:49 [allowed] §aYou crafted a §eTier X Cactus Minion§a! That's a new one!
 §aCraft §e49 §amore unique Minions to unlock your §e29th Minion slot§a!
00:49:15 [allowed] §6[Bazaar] §r§7Executing instant buy...
00:49:15 [allowed] §6[Bazaar] §r§7Bought §r§a64§r§7x §r§9Enchanted Mithril §r§7for §r§681,088 coins§r§7!
00:49:16 [allowed] §6[Bazaar] §r§7Executing instant buy...
00:49:16 [allowed] §6[Bazaar] §r§7Bought §r§a64§r§7x §r§9Enchanted Mithril §r§7for §r§681,088 coins§r§7!
00:49:17 [allowed] §6[Bazaar] §r§7Executing instant buy...
00:49:17 [allowed] §6[Bazaar] §r§7Bought §r§a64§r§7x §r§9Enchanted Mithril §r§7for §r§681,088 coins§r§7!
00:49:17 [allowed] §6[Bazaar] §r§7Executing instant buy...
00:49:17 [allowed] §6[Bazaar] §r§7Bought §r§a64§r§7x §r§9Enchanted Mithril §r§7for §r§681,088 coins§r§7!
00:49:18 [allowed] §6[Bazaar] §r§7Executing instant buy...
00:49:18 [allowed] §6[Bazaar] §r§7Bought §r§a64§r§7x §r§9Enchanted Mithril §r§7for §r§681,088 coins§r§7!
00:49:27 [allowed] §aYou crafted a §eTier VII Mithril Minion§a! That's a new one!
 §aCraft §e48 §amore unique Minions to unlock your §e29th Minion slot§a!
00:49:29 [allowed] §aYou crafted a §eTier VIII Mithril Minion§a! That's a new one!
 §aCraft §e47 §amore unique Minions to unlock your §e29th Minion slot§a!
00:49:48 [allowed] §6[Bazaar] §r§7Executing instant buy...
00:49:49 [allowed] §6[Bazaar] §r§7Bought §r§a64§r§7x §r§9Enchanted Mithril §r§7for §r§681,088 coins§r§7!
00:49:49 [allowed] §6[Bazaar] §r§7Executing instant buy...
00:49:49 [allowed] §6[Bazaar] §r§7Bought §r§a64§r§7x §r§9Enchanted Mithril §r§7for §r§681,088 coins§r§7!
00:49:55 [allowed] §aYou crafted a §eTier IX Mithril Minion§a! That's a new one!
 §aCraft §e46 §amore unique Minions to unlock your §e29th Minion slot§a!
00:50:29 [allowed] §6[Bazaar] §r§7Putting goods in escrow...
00:50:29 [allowed] §6[Bazaar] §r§7Submitting buy order...
00:50:29 [allowed] §6[Bazaar] §r§7§r§eBuy Order Setup! §r§a1,016§r§7x §r§aEnchanted Clay §r§7for §r§6459,130 coins§r§7.
00:50:39 [allowed] §6[Bazaar] §r§7Putting goods in escrow...
00:50:39 [allowed] §6[Bazaar] §r§7Submitting buy order...
00:50:39 [allowed] §6[Bazaar] §r§7§r§eBuy Order Setup! §r§a1,072§r§7x §r§fClay §r§7for §r§62,144 coins§r§7.
00:50:52 [allowed] §6[Bazaar] §r§7Executing instant buy...
00:50:52 [allowed] §6[Bazaar] §r§7Bought §r§a1§r§7x §r§9Super Compactor 3000 §r§7for §r§6128,595 coins§r§7!
00:50:57 [allowed] §aYou earned §r§2288 GEXP §r§afrom playing SkyBlock!
00:51:00 [allowed] §6[Bazaar] §eYour §aBuy Order §efor §a1,072§7x §fClay §ewas filled!
00:51:19 [allowed] §bYou placed a minion! (28/28)
00:52:01 [allowed] §8[§r§3245§r§8] §r§7ф §r§b[MVP§r§0+§r§b] KobeAim§r§f: t
00:52:32 [allowed] §6[Bazaar] §r§7Executing instant sell...
00:52:32 [allowed] §6[Bazaar] §r§7Sold §r§a96§r§7x §r§aEnchanted Cactus Green §r§7for §r§658,253 coins§r§7!
00:52:35 [allowed]  §b§l» §bKobesButler §eis traveling to §aPrivate Island §e§lFOLLOW
00:52:49 [allowed]  §b§l» §bKobesButler §eis traveling to §aGarden §e§lFOLLOW
00:53:12 [allowed]  §b§l» §bKobesButler §eis traveling to §aPrivate Island §e§lFOLLOW
00:53:18 [allowed] §6[Bazaar] §r§7Executing instant buy...
00:53:18 [allowed] §6[Bazaar] §r§7Bought §r§a1§r§7x §r§9Diamond Spreading §r§7for §r§612,182 coins§r§7!
00:53:24 [allowed] §cYou already tipped everyone that has boosters active, so there isn't anybody to be tipped right now!
00:53:29 [allowed] §aMoved §r§e1 Ender Pearl§r§a from your Sacks to your inventory.
00:53:32 [allowed] §aMoved §r§e15 Ender Pearl§r§a from your Sacks to your inventory.
00:53:37 [allowed] §8Depositing coins...
00:53:37 [allowed] §aDeposited §r§663.6M coins§r§a! There's now §r§663.6M coins §r§ain the account!
00:53:37 [allowed] §6[Sacks] §r§c-16§r§e items§r§e.§r§8 (Last 7s.)
00:53:55 [allowed] §2Guild > §r§bKobesButler §r§eleft.
00:53:58 [allowed] §2Guild > §r§bKobesButler §r§ejoined.
00:54:00 [allowed] §bKobesButler joined SkyBlock.
00:54:20 [allowed] §cThere are blocks in the way!
00:54:22 [allowed] §cThere are blocks in the way!
00:54:24 [allowed] §cThere are blocks in the way!
00:54:25 [allowed] §cThere are blocks in the way!
00:54:28 [allowed] §d§lTIME TOWER! §r§7Your §r§6Chocolate Factory §r§7production has increased by §r§6+1.5x §r§7for §r§a1h§r§7!
00:54:37 [allowed] §d§lHOPPITY'S HUNT §r§dYou found a §r§cHitman Egg§r§d!
00:54:37 [allowed] §D§LHOPPITY'S HUNT §7You found §aAverage §7(§A§LUNCOMMON§7)!
00:54:37 [allowed] §d§lNEW RABBIT! §6+2 Chocolate §7and §6+0.003x Chocolate §7per second!
00:54:37 [allowed] §d§lHOPPITY'S HUNT §r§dYou found a §r§cHitman Egg§r§d!
00:54:37 [allowed] §D§LHOPPITY'S HUNT §7You found §aRingo §7(§A§LUNCOMMON§7)!
00:54:37 [allowed] §7§lDUPLICATE RABBIT! §6+13,634,890 Chocolate
00:54:44 [allowed] §7Your Witherborn hit §r§c1 §r§7enemy for §r§c2,917,366.2 §r§7damage.
00:54:50 [allowed] §6[Sacks] §r§a+4§r§e items§r§e.§r§8 (Last 8s.)
00:55:02 [allowed] §6[Sacks] §r§a+11§r§e items§r§e.§r§8 (Last 10s.)
00:55:10 [allowed] §6§lRARE DROP! §r§fCarrot §r§b(+§r§b129% §r§b✯ Magic Find§r§b)
00:55:13 [allowed] §7Your Witherborn hit §r§c3 §r§7enemies for §r§c5,905,730.2 §r§7damage.
00:55:27 [allowed] §cThere are blocks in the way!
00:55:30 [allowed] §6[Sacks] §r§a+46§r§e items§r§e.§r§8 (Last 26s.)
00:55:57 [allowed] §aYou earned §r§2686 GEXP §r§afrom playing SkyBlock!
00:55:58 [allowed] §cThere are blocks in the way!
00:55:59 [allowed] §cThere are blocks in the way!
00:56:00 [allowed] §cThere are blocks in the way!
00:56:01 [allowed] §cThere are blocks in the way!
00:56:03 [allowed] §cThere are blocks in the way!
00:56:03 [allowed] §cThere are blocks in the way!
00:56:04 [allowed] §cThere are blocks in the way!
00:56:05 [allowed] §cThere are blocks in the way!
00:56:06 [allowed] §cThere are blocks in the way!
00:56:07 [allowed] §cThere are blocks in the way!
00:56:35 [allowed] §6[Bazaar] §eYour §aBuy Order §efor §a1,016§7x §aEnchanted Clay §ewas filled!
00:56:39 [allowed] §7Your Witherborn hit §r§c2 §r§7enemies for §r§c3,885,518.7 §r§7damage.
00:56:46 [allowed] §cThere are blocks in the way!
00:56:55 [allowed] §7Your Witherborn hit §r§c1 §r§7enemy for §r§c1,942,759.3 §r§7damage.
00:57:01 [allowed] §6[Sacks] §r§a+3§r§e items§r§e.§r§8 (Last 8s.)
00:57:14 [allowed] §6[Sacks] §r§a+13§r§e items§r§e.§r§8 (Last 9s.)
00:57:17 [allowed] §7Your Witherborn hit §r§c1 §r§7enemy for §r§c2,568,831.3 §r§7damage.
00:57:22 [allowed] §6[Sacks] §r§a+2§r§e items§r§e.§r§8 (Last 5s.)
00:57:31 [allowed] §6[Sacks] §r§a+13§r§e items§r§e.§r§8 (Last 7s.)
00:57:40 [allowed] §cThere are blocks in the way!
00:57:43 [allowed] §6[Sacks] §r§a+12§r§e items§r§e.§r§8 (Last 10s.)
00:57:49 [allowed] §cThere are blocks in the way!
00:57:51 [allowed] §cThere are blocks in the way!
00:58:13 [allowed] §7Your Witherborn hit §r§c1 §r§7enemy for §r§c1,942,759.3 §r§7damage.
00:58:19 [allowed] §cThere are blocks in the way!
00:58:19 [allowed] §6[Sacks] §r§a+2§r§e items§r§e.§r§8 (Last 5s.)
00:58:27 [allowed] §cThere are blocks in the way!
00:58:28 [allowed] §cThere are blocks in the way!
00:58:29 [allowed] §cThere are blocks in the way!
00:58:30 [allowed] §cThere are blocks in the way!
00:58:31 [allowed] §cThere are blocks in the way!
00:58:32 [allowed] §cThere are blocks in the way!
00:58:33 [allowed] §cThere are blocks in the way!
00:58:34 [allowed] §cThere are blocks in the way!
00:58:34 [allowed] §cThere are blocks in the way!
00:58:35 [allowed] §cThere are blocks in the way!
00:58:36 [allowed] §cThere are blocks in the way!
00:58:36 [allowed] §cThere are blocks in the way!
00:58:36 [allowed] §cThere are blocks in the way!
00:58:36 [allowed] §cThere are blocks in the way!
00:58:37 [allowed] §cThere are blocks in the way!
00:58:37 [allowed] §cThere are blocks in the way!
00:58:37 [allowed] §cThere are blocks in the way!
00:58:37 [allowed] §cThere are blocks in the way!
00:58:38 [allowed] §cThere are blocks in the way!
00:58:38 [allowed] §cThere are blocks in the way!
00:58:38 [allowed] §cThere are blocks in the way!
00:58:38 [allowed] §cThere are blocks in the way!
00:58:40 [allowed] §cThere are blocks in the way!
00:58:41 [allowed] §cThere are blocks in the way!
01:00:58 [allowed] §aYou earned §r§2613 GEXP §r§afrom playing SkyBlock!
01:03:15 [allowed] §d§lHOPPITY'S HUNT §r§dYou found a §r§cHitman Egg§r§d!
01:03:15 [allowed] §D§LHOPPITY'S HUNT §7You found §aRingo §7(§A§LUNCOMMON§7)!
01:03:15 [allowed] §7§lDUPLICATE RABBIT! §6+14,771,131 Chocolate
01:03:18 [allowed] §cThe Time Tower is already active!
01:03:30 [allowed] §6[Bazaar] §eYour co-op §6Sell Offer §efor §a42§7x §9Dungeon Chest Key §ewas filled!
01:03:59 [allowed] §7Your Witherborn hit §r§c1 §r§7enemy for §r§c2,530,105.2 §r§7damage.
01:04:04 [allowed] §6[Sacks] §r§a+1§r§e item§r§e.§r§8 (Last 5s.)
01:04:13 [allowed] §7Your Witherborn hit §r§c1 §r§7enemy for §r§c1,981,485.4 §r§7damage.
01:04:19 [allowed] §6[Sacks] §r§a+2§r§e items§r§e.§r§8 (Last 5s.)
01:05:59 [allowed] §aYou earned §r§2171 GEXP §r§afrom playing SkyBlock!
01:06:00 [allowed] §aFriend > §r§7AL3X___ §r§eleft.
01:06:48 [allowed] §aFriend > §r§bmawiek §r§ejoined.
01:08:24 [allowed] §cYou already tipped everyone that has boosters active, so there isn't anybody to be tipped right now!
01:12:37 [allowed] §2Guild > §r§bKobesButler §r§eleft.
