00:06:44 [HOPPITY_EGG] §cYou have already collected this Chocolate Brunch Egg§r§c! Try again when it respawns!
00:13:04 [PEST_DROP] §eYou received §a99x Enchanted Melon §efor killing an §2Earthworm§e!
00:13:09 [PEST_DROP] §eYou received §a87x Enchanted Potato §efor killing a §2Locust§e!
00:13:17 [PEST_DROP] §eYou received §a83x Enchanted Cocoa Beans §efor killing a §2Moth§e!
00:13:20 [PEST_DROP] §eYou received §a90x Enchanted Nether Wart §efor killing a §2Beetle§e!
00:13:36 [PEST_DROP] §eYou received §a115x Enchanted Potato §efor killing a §2Locust§e!
00:13:46 [PEST_DROP] §eYou received §a33x Enchanted Pumpkin §efor killing a §2Rat§e!
00:14:00 [PEST_DROP] §eYou received §a115x Enchanted Potato §efor killing a §2Locust§e!
00:14:05 [PEST_DROP] §eYou received §a33x Enchanted Pumpkin §efor killing a §2Rat§e!
00:14:15 [PEST_DROP] §eYou received §a114x Enchanted Potato §efor killing a §2Locust§e!
00:14:15 [PEST_DROP] §eYou received §a115x Enchanted Potato §efor killing a §2Locust§e!
00:14:15 [PEST_DROP] §eYou received §a115x Enchanted Potato §efor killing a §2Locust§e!
00:14:36 [PEST_DROP] §eYou received §a58x Enchanted Cactus Green §efor killing a §2Mite§e!
00:14:36 [PEST_DROP] §eYou received §a92x Enchanted Cocoa Beans §efor killing a §2Moth§e!
00:14:36 [PEST_DROP] §eYou received §a114x Enchanted Carrot §efor killing a §2Cricket§e!
00:14:37 [PEST_DROP] §eYou received §a66x Enchanted Cactus Green §efor killing a §2Mite§e!
00:14:37 [PEST_DROP] §eYou received §a32x Enchanted Wheat §efor killing a §2Fly§e!
00:14:37 [PEST_DROP] §eYou received §a114x Enchanted Potato §efor killing a §2Locust§e!
00:15:19 [GARDEN_VISITOR_MESSAGE] §e[NPC] §aOdawa§f: §r§fI'm supposed to collect some food for the village, the Kalhuiki people have been through a tough time recently.
00:15:22 [GARDEN_VISITOR_MESSAGE] §e[NPC] §aOdawa§f: §r§fI guess I'll have to turn up empty-handed.
00:15:22 [GARDEN_VISITOR_MESSAGE] §e[NPC] §aXalx§f: §r§fHello gardener, I've been looking for some sugar to grow my new crop. Wanna try it?
00:15:26 [GARDEN_VISITOR_MESSAGE] §e[NPC] §aXalx§f: §r§fSmart choice.
00:15:28 [GARDEN_VISITOR_MESSAGE] §e[NPC] §aArthur§f: §r§fMy wheat minion has been slacking recently, I am thinking about giving it an upgrade. He hasn't produced any wheat in years! Every time I check on him, he's empty.
00:15:30 [GARDEN_VISITOR_MESSAGE] §e[NPC] §aArthur§f: §r§fI guess I'll have to keep going like this.
00:15:30 [GARDEN_VISITOR_MESSAGE] §e[NPC] §aLiam§f: §r§fOne day you'll be able to buy the sun, trust me on that mate.
00:15:32 [GARDEN_VISITOR_MESSAGE] §e[NPC] §aLiam§f: §r§fThat makes me feel better.
00:16:20 [NEW_VISITOR_ARRIVED] §9§r§9Lazy Miner §r§ehas arrived on your §r§aGarden§r§e!
