23:52:56 §e[SkyHanni] Reloaded 7436 items in the NEU repo§r
23:58:16 §e[SkyHanni] Gained §d29,000 motes §ethis Rift session! (§d1.1M/h§e)§r
00:01:01 §e[SkyHanni] Click here to share the location of this chocolate egg with the server!§r
00:06:44 §e[SkyHanni] §eNext egg available in §b5m 45s§e.§r
00:09:08 §e[SkyHanni] Click here to share the location of this chocolate egg with the server!§r
00:16:21 §e[SkyHanni] §9Lazy Miner §eis visiting your garden!§r
00:29:49 §e[SkyHanni] You have gained §b495 §eBits.§r
00:36:49 §e[SkyHanni] §b+1 SkyBlock XP §7(Crafted Minion§7)§b (6/100)§r
00:36:50 §e[SkyHanni] §b+1 SkyBlock XP §7(Crafted Minion§7)§b (7/100)§r
00:37:02 §e[SkyHanni] §b+1 SkyBlock XP §7(Crafted Minion§7)§b (8/100)§r
00:37:19 §e[SkyHanni] §b+2 SkyBlock XP §7(Crafted Minion§7)§b (10/100)§r
00:38:22 §e[SkyHanni] §b+1 SkyBlock XP §7(Crafted Minion§7)§b (11/100)§r
00:39:08 §e[SkyHanni] §b+1 SkyBlock XP §7(Crafted Minion§7)§b (12/100)§r
00:40:10 §e[SkyHanni] §b+1 SkyBlock XP §7(Crafted Minion§7)§b (13/100)§r
00:41:39 §e[SkyHanni] §b+1 SkyBlock XP §7(Crafted Minion§7)§b (14/100)§r
00:42:52 §e[SkyHanni] §b+6 SkyBlock XP §7(Crafted Minion§7)§b (24/100)§r
00:43:14 §e[SkyHanni] §b+12 SkyBlock XP §7(Crafted Minion§7)§b (36/100)§r
00:44:44 §e[SkyHanni] §b+6 SkyBlock XP §7(Crafted Minion§7)§b (49/100)§r
00:47:06 §e[SkyHanni] §b+3 SkyBlock XP §7(Crafted Minion§7)§b (2/100)§r
00:47:09 §e[SkyHanni] §b+4 SkyBlock XP §7(Crafted Minion§7)§b (6/100)§r
00:48:49 §e[SkyHanni] §b+6 SkyBlock XP §7(Crafted Minion§7)§b (39/100)§r
00:49:30 §e[SkyHanni] §b+3 SkyBlock XP §7(Crafted Minion§7)§b (44/100)§r
00:54:24 §e[SkyHanni] §cYour Time Tower just expired and has 2 charges remaining. Click here to open the Chocolate Factory Menu.§r
01:00:03 §e[SkyHanni] You have gained §b495 §eBits.§r
