18:21:25 Trying to load config from config\skyhanni\config.json
18:21:25 load-config-now
18:21:25 Loaded config from file
18:21:25 Trying to load sacks from config\skyhanni\sacks.json
18:21:25 load-sacks-now
18:21:25 Loaded sacks from file
18:21:25 Trying to load friends from config\skyhanni\friends.json
18:21:25 load-friends-now
18:21:25 Loaded friends from file
18:21:25 Trying to load known_features from config\skyhanni\known_features.json
18:21:25 load-known_features-now
18:21:25 Loaded known_features from file
18:21:25 Trying to load jacob_contests from config\skyhanni\jacob_contests.json
18:21:25 load-jacob_contests-now
18:21:25 Loaded jacob_contests from file
18:21:25 Trying to load visual_words from config\skyhanni\visual_words.json
18:21:25 Setting visual_words to be blank as it did not exist. It will be saved once something is written to it
18:22:25 saveConfig: auto-save-60s
18:22:25 Saving config file
18:22:26 Saved config file successfully
18:22:26 saveConfig: auto-save-60s
18:22:26 Saving config file
18:22:26 Saved config file successfully
18:23:25 saveConfig: auto-save-60s
18:23:25 Saving config file
18:23:26 Saved config file successfully
18:23:26 saveConfig: auto-save-60s
18:23:26 Saving config file
18:23:26 Saved config file successfully
18:24:25 saveConfig: auto-save-60s
18:24:25 Saving config file
18:24:26 Saved config file successfully
18:24:26 saveConfig: auto-save-60s
18:24:26 Saving config file
18:24:26 Saved config file successfully
18:25:25 saveConfig: auto-save-60s
18:25:25 Saving config file
18:25:26 Saved config file successfully
18:25:26 saveConfig: auto-save-60s
18:25:26 Saving config file
18:25:26 Saved config file successfully
18:26:25 saveConfig: auto-save-60s
18:26:25 Saving config file
18:26:26 Saved config file successfully
18:26:26 saveConfig: auto-save-60s
18:26:26 Saving config file
18:26:26 Saved config file successfully
18:27:24 saveConfig: Updated known feature flags
18:27:24 Saving known_features file
18:27:24 Saved known_features file successfully
18:27:24 saveConfig: Updated known feature flags
18:27:24 Saving known_features file
18:27:24 Saved known_features file successfully
18:27:25 saveConfig: auto-save-60s
18:27:25 Saving config file
18:27:26 Saved config file successfully
18:27:26 saveConfig: auto-save-60s
18:27:26 Saving config file
18:27:26 Saved config file successfully
18:28:25 saveConfig: auto-save-60s
18:28:25 Saving config file
18:28:26 Saved config file successfully
18:28:26 saveConfig: auto-save-60s
18:28:26 Saving config file
18:28:26 Saved config file successfully
18:29:25 saveConfig: auto-save-60s
18:29:25 Saving config file
18:29:26 Saved config file successfully
18:29:26 saveConfig: auto-save-60s
18:29:26 Saving config file
18:29:26 Saved config file successfully
18:30:25 saveConfig: auto-save-60s
18:30:25 Saving config file
18:30:26 Saved config file successfully
18:30:26 saveConfig: auto-save-60s
18:30:26 Saving config file
18:30:26 Saved config file successfully
18:31:25 saveConfig: auto-save-60s
18:31:25 Saving config file
18:31:26 Saved config file successfully
18:31:26 saveConfig: auto-save-60s
18:31:26 Saving config file
18:31:26 Saved config file successfully
18:32:25 saveConfig: auto-save-60s
18:32:25 Saving config file
18:32:26 Saved config file successfully
18:32:26 saveConfig: auto-save-60s
18:32:26 Saving config file
18:32:26 Saved config file successfully
18:33:25 saveConfig: auto-save-60s
18:33:25 Saving config file
18:33:26 Saved config file successfully
18:33:26 saveConfig: auto-save-60s
18:33:26 Saving config file
18:33:26 Saved config file successfully
18:34:25 saveConfig: auto-save-60s
18:34:25 Saving config file
18:34:26 Saved config file successfully
18:34:26 saveConfig: auto-save-60s
18:34:26 Saving config file
18:34:26 Saved config file successfully
18:35:25 saveConfig: auto-save-60s
18:35:25 Saving config file
18:35:26 Saved config file successfully
18:35:26 saveConfig: auto-save-60s
18:35:26 Saving config file
18:35:26 Saved config file successfully
18:36:25 saveConfig: auto-save-60s
18:36:25 Saving config file
18:36:26 Saved config file successfully
18:36:26 saveConfig: auto-save-60s
18:36:26 Saving config file
18:36:26 Saved config file successfully
18:37:25 saveConfig: auto-save-60s
18:37:25 Saving config file
18:37:26 Saved config file successfully
18:37:26 saveConfig: auto-save-60s
18:37:26 Saving config file
18:37:26 Saved config file successfully
18:38:25 saveConfig: auto-save-60s
18:38:25 Saving config file
18:38:26 Saved config file successfully
18:38:26 saveConfig: auto-save-60s
18:38:26 Saving config file
18:38:26 Saved config file successfully
18:39:25 saveConfig: auto-save-60s
18:39:25 Saving config file
18:39:26 Saved config file successfully
18:39:26 saveConfig: auto-save-60s
18:39:26 Saving config file
18:39:26 Saved config file successfully
18:40:25 saveConfig: auto-save-60s
18:40:25 Saving config file
18:40:26 Saved config file successfully
18:40:26 saveConfig: auto-save-60s
18:40:26 Saving config file
18:40:26 Saved config file successfully
18:41:25 saveConfig: auto-save-60s
18:41:25 Saving config file
18:41:26 Saved config file successfully
18:41:26 saveConfig: auto-save-60s
18:41:26 Saving config file
18:41:26 Saved config file successfully
18:42:26 saveConfig: auto-save-60s
18:42:26 Saving config file
18:42:26 Saved config file successfully
18:42:26 saveConfig: auto-save-60s
18:42:26 Saving config file
18:42:26 Saved config file successfully
18:43:25 saveConfig: auto-save-60s
18:43:25 Saving config file
18:43:26 Saved config file successfully
18:43:26 saveConfig: auto-save-60s
18:43:26 Saving config file
18:43:26 Saved config file successfully
18:44:25 saveConfig: auto-save-60s
18:44:25 Saving config file
18:44:26 Saved config file successfully
18:44:26 saveConfig: auto-save-60s
18:44:26 Saving config file
18:44:26 Saved config file successfully
18:45:25 saveConfig: auto-save-60s
18:45:25 Saving config file
18:45:26 Saved config file successfully
18:45:26 saveConfig: auto-save-60s
18:45:26 Saving config file
18:45:26 Saved config file successfully
18:46:25 saveConfig: auto-save-60s
18:46:25 Saving config file
18:46:26 Saved config file successfully
18:46:26 saveConfig: auto-save-60s
18:46:26 Saving config file
18:46:26 Saved config file successfully
18:47:25 saveConfig: auto-save-60s
18:47:25 Saving config file
18:47:26 Saved config file successfully
18:47:26 saveConfig: auto-save-60s
18:47:26 Saving config file
18:47:26 Saved config file successfully
18:48:25 saveConfig: auto-save-60s
18:48:25 Saving config file
18:48:26 Saved config file successfully
18:48:26 saveConfig: auto-save-60s
18:48:26 Saving config file
18:48:26 Saved config file successfully
18:49:25 saveConfig: auto-save-60s
18:49:25 Saving config file
18:49:26 Saved config file successfully
18:49:26 saveConfig: auto-save-60s
18:49:26 Saving config file
18:49:26 Saved config file successfully
18:50:25 saveConfig: auto-save-60s
18:50:25 Saving config file
18:50:26 Saved config file successfully
18:50:26 saveConfig: auto-save-60s
18:50:26 Saving config file
18:50:26 Saved config file successfully
18:51:25 saveConfig: auto-save-60s
18:51:25 Saving config file
18:51:26 Saved config file successfully
18:51:26 saveConfig: auto-save-60s
18:51:26 Saving config file
18:51:26 Saved config file successfully
18:52:26 saveConfig: auto-save-60s
18:52:26 Saving config file
18:52:26 Saved config file successfully
18:52:26 saveConfig: auto-save-60s
18:52:26 Saving config file
18:52:26 Saved config file successfully
18:53:25 saveConfig: auto-save-60s
18:53:25 Saving config file
18:53:26 Saved config file successfully
18:53:26 saveConfig: auto-save-60s
18:53:26 Saving config file
18:53:26 Saved config file successfully
18:53:29 saveConfig: saving-data
18:53:29 Saving sacks file
18:53:29 Saved sacks file successfully
18:53:29 saveConfig: saving-data
18:53:29 Saving sacks file
18:53:29 Saved sacks file successfully
18:53:41 saveConfig: saving-data
18:53:41 Saving sacks file
18:53:42 Saved sacks file successfully
18:53:42 saveConfig: saving-data
18:53:42 Saving sacks file
18:53:42 Saved sacks file successfully
18:54:25 saveConfig: auto-save-60s
18:54:25 Saving config file
18:54:26 Saved config file successfully
18:54:26 saveConfig: auto-save-60s
18:54:26 Saving config file
18:54:26 Saved config file successfully
18:54:59 saveConfig: saving-data
18:54:59 Saving sacks file
18:54:59 Saved sacks file successfully
18:54:59 saveConfig: saving-data
18:54:59 Saving sacks file
18:54:59 Saved sacks file successfully
18:55:06 saveConfig: saving-data
18:55:06 Saving sacks file
18:55:06 Saved sacks file successfully
18:55:06 saveConfig: saving-data
18:55:06 Saving sacks file
18:55:06 Saved sacks file successfully
18:55:17 saveConfig: saving-data
18:55:17 Saving sacks file
18:55:17 Saved sacks file successfully
18:55:17 saveConfig: saving-data
18:55:17 Saving sacks file
18:55:17 Saved sacks file successfully
18:55:24 saveConfig: saving-data
18:55:24 Saving sacks file
18:55:24 Saved sacks file successfully
18:55:24 saveConfig: saving-data
18:55:24 Saving sacks file
18:55:24 Saved sacks file successfully
18:55:25 saveConfig: auto-save-60s
18:55:25 Saving config file
18:55:26 Saved config file successfully
18:55:26 saveConfig: auto-save-60s
18:55:26 Saving config file
18:55:26 Saved config file successfully
18:55:46 saveConfig: saving-data
18:55:46 Saving sacks file
18:55:46 Saved sacks file successfully
18:55:46 saveConfig: saving-data
18:55:46 Saving sacks file
18:55:46 Saved sacks file successfully
18:55:53 saveConfig: saving-data
18:55:53 Saving sacks file
18:55:53 Saved sacks file successfully
18:55:53 saveConfig: saving-data
18:55:53 Saving sacks file
18:55:53 Saved sacks file successfully
18:56:25 saveConfig: auto-save-60s
18:56:25 Saving config file
18:56:26 Saved config file successfully
18:56:26 saveConfig: auto-save-60s
18:56:26 Saving config file
18:56:26 Saved config file successfully
18:57:00 saveConfig: saving-data
18:57:00 Saving sacks file
18:57:00 Saved sacks file successfully
18:57:00 saveConfig: saving-data
18:57:00 Saving sacks file
18:57:00 Saved sacks file successfully
18:57:25 saveConfig: auto-save-60s
18:57:25 Saving config file
18:57:26 Saved config file successfully
18:57:26 saveConfig: auto-save-60s
18:57:26 Saving config file
18:57:26 Saved config file successfully
18:58:25 saveConfig: auto-save-60s
18:58:25 Saving config file
18:58:26 Saved config file successfully
18:58:26 saveConfig: auto-save-60s
18:58:26 Saving config file
18:58:26 Saved config file successfully
18:59:25 saveConfig: auto-save-60s
18:59:25 Saving config file
18:59:26 Saved config file successfully
18:59:26 saveConfig: auto-save-60s
18:59:26 Saving config file
18:59:26 Saved config file successfully
19:00:25 saveConfig: auto-save-60s
19:00:25 Saving config file
19:00:26 Saved config file successfully
19:00:26 saveConfig: auto-save-60s
19:00:26 Saving config file
19:00:26 Saved config file successfully
19:01:25 saveConfig: auto-save-60s
19:01:25 Saving config file
19:01:26 Saved config file successfully
19:01:26 saveConfig: auto-save-60s
19:01:26 Saving config file
19:01:26 Saved config file successfully
19:02:25 saveConfig: auto-save-60s
19:02:25 Saving config file
19:02:26 Saved config file successfully
19:02:26 saveConfig: auto-save-60s
19:02:26 Saving config file
19:02:26 Saved config file successfully
19:02:30 saveConfig: saving-data
19:02:30 Saving sacks file
19:02:30 Saved sacks file successfully
19:02:30 saveConfig: saving-data
19:02:30 Saving sacks file
19:02:30 Saved sacks file successfully
19:03:25 saveConfig: auto-save-60s
19:03:25 Saving config file
19:03:26 Saved config file successfully
19:03:26 saveConfig: auto-save-60s
19:03:26 Saving config file
19:03:26 Saved config file successfully
19:04:25 saveConfig: auto-save-60s
19:04:25 Saving config file
19:04:26 Saved config file successfully
19:04:26 saveConfig: auto-save-60s
19:04:26 Saving config file
19:04:26 Saved config file successfully
19:05:25 saveConfig: auto-save-60s
19:05:25 Saving config file
19:05:26 Saved config file successfully
19:05:26 saveConfig: auto-save-60s
19:05:26 Saving config file
19:05:26 Saved config file successfully
19:06:25 saveConfig: auto-save-60s
19:06:25 Saving config file
19:06:26 Saved config file successfully
19:06:26 saveConfig: auto-save-60s
19:06:26 Saving config file
19:06:26 Saved config file successfully
19:07:03 saveConfig: saving-data
19:07:03 Saving sacks file
19:07:03 Saved sacks file successfully
19:07:03 saveConfig: saving-data
19:07:03 Saving sacks file
19:07:03 Saved sacks file successfully
19:07:21 saveConfig: saving-data
19:07:21 Saving sacks file
19:07:21 Saved sacks file successfully
19:07:21 saveConfig: saving-data
19:07:21 Saving sacks file
19:07:21 Saved sacks file successfully
19:07:25 saveConfig: auto-save-60s
19:07:25 Saving config file
19:07:26 Saved config file successfully
19:07:26 saveConfig: auto-save-60s
19:07:26 Saving config file
19:07:26 Saved config file successfully
19:08:25 saveConfig: auto-save-60s
19:08:25 Saving config file
19:08:26 Saved config file successfully
19:08:26 saveConfig: auto-save-60s
19:08:26 Saving config file
19:08:26 Saved config file successfully
19:09:25 saveConfig: auto-save-60s
19:09:25 Saving config file
19:09:26 Saved config file successfully
19:09:26 saveConfig: auto-save-60s
19:09:26 Saving config file
19:09:26 Saved config file successfully
19:10:25 saveConfig: auto-save-60s
19:10:25 Saving config file
19:10:26 Saved config file successfully
19:10:26 saveConfig: auto-save-60s
19:10:26 Saving config file
19:10:26 Saved config file successfully
19:11:25 saveConfig: auto-save-60s
19:11:25 Saving config file
19:11:26 Saved config file successfully
19:11:26 saveConfig: auto-save-60s
19:11:26 Saving config file
19:11:26 Saved config file successfully
19:12:25 saveConfig: auto-save-60s
19:12:25 Saving config file
19:12:26 Saved config file successfully
19:12:26 saveConfig: auto-save-60s
19:12:26 Saving config file
19:12:26 Saved config file successfully
19:13:25 saveConfig: auto-save-60s
19:13:25 Saving config file
19:13:26 Saved config file successfully
19:13:26 saveConfig: auto-save-60s
19:13:26 Saving config file
19:13:26 Saved config file successfully
19:14:25 saveConfig: auto-save-60s
19:14:25 Saving config file
19:14:26 Saved config file successfully
19:14:26 saveConfig: auto-save-60s
19:14:26 Saving config file
19:14:26 Saved config file successfully
19:15:25 saveConfig: auto-save-60s
19:15:25 Saving config file
19:15:26 Saved config file successfully
19:15:26 saveConfig: auto-save-60s
19:15:26 Saving config file
19:15:26 Saved config file successfully
19:16:25 saveConfig: auto-save-60s
19:16:25 Saving config file
19:16:26 Saved config file successfully
19:16:26 saveConfig: auto-save-60s
19:16:26 Saving config file
19:16:26 Saved config file successfully
19:17:25 saveConfig: auto-save-60s
19:17:25 Saving config file
19:17:26 Saved config file successfully
19:17:26 saveConfig: auto-save-60s
19:17:26 Saving config file
19:17:26 Saved config file successfully
19:18:25 saveConfig: auto-save-60s
19:18:25 Saving config file
19:18:26 Saved config file successfully
19:18:26 saveConfig: auto-save-60s
19:18:26 Saving config file
19:18:26 Saved config file successfully
19:19:25 saveConfig: auto-save-60s
19:19:25 Saving config file
19:19:26 Saved config file successfully
19:19:26 saveConfig: auto-save-60s
19:19:26 Saving config file
19:19:26 Saved config file successfully
19:20:25 saveConfig: auto-save-60s
19:20:25 Saving config file
19:20:26 Saved config file successfully
19:20:26 saveConfig: auto-save-60s
19:20:26 Saving config file
19:20:26 Saved config file successfully
19:21:25 saveConfig: auto-save-60s
19:21:25 Saving config file
19:21:26 Saved config file successfully
19:21:26 saveConfig: auto-save-60s
19:21:26 Saving config file
19:21:26 Saved config file successfully
19:22:25 saveConfig: auto-save-60s
19:22:25 Saving config file
19:22:26 Saved config file successfully
19:22:26 saveConfig: auto-save-60s
19:22:26 Saving config file
19:22:26 Saved config file successfully
19:23:01 saveConfig: Save contests
19:23:01 Saving jacob_contests file
19:23:01 Saved jacob_contests file successfully
19:23:01 saveConfig: Save contests
19:23:01 Saving jacob_contests file
19:23:01 Saved jacob_contests file successfully
19:23:25 saveConfig: auto-save-60s
19:23:25 Saving config file
19:23:26 Saved config file successfully
19:23:26 saveConfig: auto-save-60s
19:23:26 Saving config file
19:23:26 Saved config file successfully
19:24:25 saveConfig: auto-save-60s
19:24:25 Saving config file
19:24:26 Saved config file successfully
19:24:26 saveConfig: auto-save-60s
19:24:26 Saving config file
19:24:26 Saved config file successfully
19:25:25 saveConfig: auto-save-60s
19:25:25 Saving config file
19:25:26 Saved config file successfully
19:25:26 saveConfig: auto-save-60s
19:25:26 Saving config file
19:25:26 Saved config file successfully
19:25:27 saveConfig: Save file
19:25:27 Saving friends file
19:25:27 Saved friends file successfully
19:25:27 saveConfig: Save file
19:25:27 Saving friends file
19:25:27 Saved friends file successfully
19:26:25 saveConfig: auto-save-60s
19:26:25 Saving config file
19:26:26 Saved config file successfully
19:26:26 saveConfig: auto-save-60s
19:26:26 Saving config file
19:26:26 Saved config file successfully
19:27:08 saveConfig: saving-data
19:27:08 Saving sacks file
19:27:08 Saved sacks file successfully
19:27:08 saveConfig: saving-data
19:27:08 Saving sacks file
19:27:08 Saved sacks file successfully
19:27:25 saveConfig: auto-save-60s
19:27:25 Saving config file
19:27:26 Saved config file successfully
19:27:26 saveConfig: auto-save-60s
19:27:26 Saving config file
19:27:26 Saved config file successfully
19:27:31 saveConfig: saving-data
19:27:31 Saving sacks file
19:27:31 Saved sacks file successfully
19:27:31 saveConfig: saving-data
19:27:31 Saving sacks file
19:27:31 Saved sacks file successfully
19:28:03 saveConfig: saving-data
19:28:03 Saving sacks file
19:28:03 Saved sacks file successfully
19:28:03 saveConfig: saving-data
19:28:03 Saving sacks file
19:28:03 Saved sacks file successfully
19:28:15 saveConfig: saving-data
19:28:15 Saving sacks file
19:28:15 Saved sacks file successfully
19:28:15 saveConfig: saving-data
19:28:15 Saving sacks file
19:28:15 Saved sacks file successfully
19:28:25 saveConfig: auto-save-60s
19:28:25 Saving config file
19:28:26 Saved config file successfully
19:28:26 saveConfig: auto-save-60s
19:28:26 Saving config file
19:28:26 Saved config file successfully
19:28:48 saveConfig: saving-data
19:28:48 Saving sacks file
19:28:48 Saved sacks file successfully
19:28:48 saveConfig: saving-data
19:28:48 Saving sacks file
19:28:48 Saved sacks file successfully
19:29:25 saveConfig: auto-save-60s
19:29:25 Saving config file
19:29:26 Saved config file successfully
19:29:26 saveConfig: auto-save-60s
19:29:26 Saving config file
19:29:26 Saved config file successfully
19:30:25 saveConfig: auto-save-60s
19:30:25 Saving config file
19:30:26 Saved config file successfully
19:30:26 saveConfig: auto-save-60s
19:30:26 Saving config file
19:30:26 Saved config file successfully
19:30:48 saveConfig: saving-data
19:30:48 Saving sacks file
19:30:48 Saved sacks file successfully
19:30:48 saveConfig: saving-data
19:30:48 Saving sacks file
19:30:48 Saved sacks file successfully
19:31:25 saveConfig: auto-save-60s
19:31:25 Saving config file
19:31:26 Saved config file successfully
19:31:26 saveConfig: auto-save-60s
19:31:26 Saving config file
19:31:26 Saved config file successfully
19:32:25 saveConfig: auto-save-60s
19:32:25 Saving config file
19:32:26 Saved config file successfully
19:32:26 saveConfig: auto-save-60s
19:32:26 Saving config file
19:32:26 Saved config file successfully
19:33:25 saveConfig: auto-save-60s
19:33:25 Saving config file
19:33:26 Saved config file successfully
19:33:26 saveConfig: auto-save-60s
19:33:26 Saving config file
19:33:26 Saved config file successfully
19:34:25 saveConfig: auto-save-60s
19:34:25 Saving config file
19:34:26 Saved config file successfully
19:34:26 saveConfig: auto-save-60s
19:34:26 Saving config file
19:34:26 Saved config file successfully
19:35:25 saveConfig: auto-save-60s
19:35:25 Saving config file
19:35:26 Saved config file successfully
19:35:26 saveConfig: auto-save-60s
19:35:26 Saving config file
19:35:26 Saved config file successfully
19:36:25 saveConfig: auto-save-60s
19:36:25 Saving config file
19:36:26 Saved config file successfully
19:36:26 saveConfig: auto-save-60s
19:36:26 Saving config file
19:36:26 Saved config file successfully
19:37:25 saveConfig: auto-save-60s
19:37:25 Saving config file
19:37:26 Saved config file successfully
19:37:26 saveConfig: auto-save-60s
19:37:26 Saving config file
19:37:26 Saved config file successfully
19:38:25 saveConfig: auto-save-60s
19:38:25 Saving config file
19:38:26 Saved config file successfully
19:38:26 saveConfig: auto-save-60s
19:38:26 Saving config file
19:38:26 Saved config file successfully
19:39:25 saveConfig: auto-save-60s
19:39:25 Saving config file
19:39:26 Saved config file successfully
19:39:26 saveConfig: auto-save-60s
19:39:26 Saving config file
19:39:26 Saved config file successfully
19:39:30 saveConfig: shutdown-hook
19:39:30 Saving config file
19:39:30 Saved config file successfully
19:39:30 saveConfig: shutdown-hook
19:39:30 Saving config file
