20:15:19 Trying to load config from config\skyhanni\config.json
20:15:19 load-config-now
20:15:19 Loaded config from file
20:15:19 Trying to load sacks from config\skyhanni\sacks.json
20:15:19 load-sacks-now
20:15:19 Loaded sacks from file
20:15:19 Trying to load friends from config\skyhanni\friends.json
20:15:19 load-friends-now
20:15:19 Loaded friends from file
20:15:19 Trying to load known_features from config\skyhanni\known_features.json
20:15:19 load-known_features-now
20:15:19 Loaded known_features from file
20:15:19 Trying to load jacob_contests from config\skyhanni\jacob_contests.json
20:15:19 load-jacob_contests-now
20:15:19 Loaded jacob_contests from file
20:15:19 Trying to load visual_words from config\skyhanni\visual_words.json
20:15:19 Setting visual_words to be blank as it did not exist. It will be saved once something is written to it
20:16:19 saveConfig: auto-save-60s
20:16:19 Saving config file
20:16:20 Saved config file successfully
20:16:20 saveConfig: auto-save-60s
20:16:20 Saving config file
20:16:20 Saved config file successfully
20:17:19 saveConfig: auto-save-60s
20:17:19 Saving config file
20:17:20 Saved config file successfully
20:17:20 saveConfig: auto-save-60s
20:17:20 Saving config file
20:17:20 Saved config file successfully
20:17:39 saveConfig: Updated known feature flags
20:17:39 Saving known_features file
20:17:39 Saved known_features file successfully
20:17:39 saveConfig: Updated known feature flags
20:17:39 Saving known_features file
20:17:39 Saved known_features file successfully
20:18:19 saveConfig: auto-save-60s
20:18:19 Saving config file
20:18:20 Saved config file successfully
20:18:20 saveConfig: auto-save-60s
20:18:20 Saving config file
20:18:20 Saved config file successfully
20:19:19 saveConfig: auto-save-60s
20:19:19 Saving config file
20:19:20 Saved config file successfully
20:19:20 saveConfig: auto-save-60s
20:19:20 Saving config file
20:19:20 Saved config file successfully
20:20:19 saveConfig: auto-save-60s
20:20:19 Saving config file
20:20:20 Saved config file successfully
20:20:20 saveConfig: auto-save-60s
20:20:20 Saving config file
20:20:20 Saved config file successfully
20:20:20 saveConfig: saving-data
20:20:20 Saving sacks file
20:20:20 Saved sacks file successfully
20:20:20 saveConfig: saving-data
20:20:20 Saving sacks file
20:20:20 Saved sacks file successfully
20:20:25 saveConfig: saving-data
20:20:25 Saving sacks file
20:20:25 Saved sacks file successfully
20:20:25 saveConfig: saving-data
20:20:25 Saving sacks file
20:20:25 Saved sacks file successfully
20:21:19 saveConfig: auto-save-60s
20:21:19 Saving config file
20:21:20 Saved config file successfully
20:21:20 saveConfig: auto-save-60s
20:21:20 Saving config file
20:21:20 Saved config file successfully
20:22:19 saveConfig: auto-save-60s
20:22:19 Saving config file
20:22:20 Saved config file successfully
20:22:20 saveConfig: auto-save-60s
20:22:20 Saving config file
20:22:20 Saved config file successfully
20:22:21 saveConfig: saving-data
20:22:21 Saving sacks file
20:22:21 Saved sacks file successfully
20:22:21 saveConfig: saving-data
20:22:21 Saving sacks file
20:22:21 Saved sacks file successfully
20:23:19 saveConfig: auto-save-60s
20:23:19 Saving config file
20:23:20 Saved config file successfully
20:23:20 saveConfig: auto-save-60s
20:23:20 Saving config file
20:23:20 Saved config file successfully
20:24:19 saveConfig: auto-save-60s
20:24:19 Saving config file
20:24:20 Saved config file successfully
20:24:20 saveConfig: auto-save-60s
20:24:20 Saving config file
20:24:20 Saved config file successfully
20:25:19 saveConfig: auto-save-60s
20:25:19 Saving config file
20:25:20 Saved config file successfully
20:25:20 saveConfig: auto-save-60s
20:25:20 Saving config file
20:25:20 Saved config file successfully
20:26:19 saveConfig: auto-save-60s
20:26:19 Saving config file
20:26:20 Saved config file successfully
20:26:20 saveConfig: auto-save-60s
20:26:20 Saving config file
20:26:20 Saved config file successfully
20:27:19 saveConfig: auto-save-60s
20:27:19 Saving config file
20:27:20 Saved config file successfully
20:27:20 saveConfig: auto-save-60s
20:27:20 Saving config file
20:27:20 Saved config file successfully
20:27:37 saveConfig: saving-data
20:27:37 Saving sacks file
20:27:37 Saved sacks file successfully
20:27:37 saveConfig: saving-data
20:27:37 Saving sacks file
20:27:37 Saved sacks file successfully
20:28:14 saveConfig: saving-data
20:28:14 Saving sacks file
20:28:14 Saved sacks file successfully
20:28:14 saveConfig: saving-data
20:28:14 Saving sacks file
20:28:14 Saved sacks file successfully
20:28:19 saveConfig: auto-save-60s
20:28:19 Saving config file
20:28:20 Saved config file successfully
20:28:20 saveConfig: auto-save-60s
20:28:20 Saving config file
20:28:20 Saved config file successfully
20:28:29 saveConfig: saving-data
20:28:29 Saving sacks file
20:28:29 Saved sacks file successfully
20:28:29 saveConfig: saving-data
20:28:29 Saving sacks file
20:28:29 Saved sacks file successfully
20:28:58 saveConfig: saving-data
20:28:58 Saving sacks file
20:28:58 Saved sacks file successfully
20:28:58 saveConfig: saving-data
20:28:58 Saving sacks file
20:28:58 Saved sacks file successfully
20:29:15 saveConfig: saving-data
20:29:15 Saving sacks file
20:29:16 Saved sacks file successfully
20:29:16 saveConfig: saving-data
20:29:16 Saving sacks file
20:29:16 Saved sacks file successfully
20:29:19 saveConfig: auto-save-60s
20:29:19 Saving config file
20:29:20 Saved config file successfully
20:29:20 saveConfig: auto-save-60s
20:29:20 Saving config file
20:29:20 Saved config file successfully
20:29:31 saveConfig: saving-data
20:29:31 Saving sacks file
20:29:31 Saved sacks file successfully
20:29:31 saveConfig: saving-data
20:29:31 Saving sacks file
20:29:31 Saved sacks file successfully
20:29:38 saveConfig: saving-data
20:29:38 Saving sacks file
20:29:38 Saved sacks file successfully
20:29:38 saveConfig: saving-data
20:29:38 Saving sacks file
20:29:38 Saved sacks file successfully
20:29:50 saveConfig: saving-data
20:29:50 Saving sacks file
20:29:50 Saved sacks file successfully
20:29:50 saveConfig: saving-data
20:29:50 Saving sacks file
20:29:50 Saved sacks file successfully
20:29:56 saveConfig: saving-data
20:29:56 Saving sacks file
20:29:56 Saved sacks file successfully
20:29:56 saveConfig: saving-data
20:29:56 Saving sacks file
20:29:56 Saved sacks file successfully
20:30:10 saveConfig: saving-data
20:30:10 Saving sacks file
20:30:10 Saved sacks file successfully
20:30:10 saveConfig: saving-data
20:30:10 Saving sacks file
20:30:10 Saved sacks file successfully
20:30:19 saveConfig: auto-save-60s
20:30:19 Saving config file
20:30:20 Saved config file successfully
20:30:20 saveConfig: auto-save-60s
20:30:20 Saving config file
20:30:20 Saved config file successfully
20:30:21 saveConfig: saving-data
20:30:21 Saving sacks file
20:30:21 Saved sacks file successfully
20:30:21 saveConfig: saving-data
20:30:21 Saving sacks file
20:30:21 Saved sacks file successfully
20:30:52 saveConfig: saving-data
20:30:52 Saving sacks file
20:30:52 Saved sacks file successfully
20:30:52 saveConfig: saving-data
20:30:52 Saving sacks file
20:30:52 Saved sacks file successfully
20:31:04 saveConfig: saving-data
20:31:04 Saving sacks file
20:31:04 Saved sacks file successfully
20:31:04 saveConfig: saving-data
20:31:04 Saving sacks file
20:31:04 Saved sacks file successfully
20:31:12 saveConfig: saving-data
20:31:12 Saving sacks file
20:31:12 Saved sacks file successfully
20:31:12 saveConfig: saving-data
20:31:12 Saving sacks file
20:31:12 Saved sacks file successfully
20:31:19 saveConfig: auto-save-60s
20:31:19 Saving config file
20:31:20 Saved config file successfully
20:31:20 saveConfig: auto-save-60s
20:31:20 Saving config file
20:31:20 Saved config file successfully
20:31:30 saveConfig: saving-data
20:31:30 Saving sacks file
20:31:30 Saved sacks file successfully
20:31:30 saveConfig: saving-data
20:31:30 Saving sacks file
20:31:30 Saved sacks file successfully
20:31:41 saveConfig: saving-data
20:31:41 Saving sacks file
20:31:41 Saved sacks file successfully
20:31:41 saveConfig: saving-data
20:31:41 Saving sacks file
20:31:41 Saved sacks file successfully
20:31:55 saveConfig: saving-data
20:31:55 Saving sacks file
20:31:55 Saved sacks file successfully
20:31:55 saveConfig: saving-data
20:31:55 Saving sacks file
20:31:55 Saved sacks file successfully
20:32:19 saveConfig: auto-save-60s
20:32:19 Saving config file
20:32:20 Saved config file successfully
20:32:20 saveConfig: auto-save-60s
20:32:20 Saving config file
20:32:20 Saved config file successfully
20:32:29 saveConfig: saving-data
20:32:29 Saving sacks file
20:32:29 Saved sacks file successfully
20:32:29 saveConfig: saving-data
20:32:29 Saving sacks file
20:32:29 Saved sacks file successfully
20:32:36 saveConfig: saving-data
20:32:36 Saving sacks file
20:32:36 Saved sacks file successfully
20:32:36 saveConfig: saving-data
20:32:36 Saving sacks file
20:32:36 Saved sacks file successfully
20:32:51 saveConfig: saving-data
20:32:51 Saving sacks file
20:32:51 Saved sacks file successfully
20:32:51 saveConfig: saving-data
20:32:51 Saving sacks file
20:32:51 Saved sacks file successfully
20:33:09 saveConfig: saving-data
20:33:09 Saving sacks file
20:33:09 Saved sacks file successfully
20:33:09 saveConfig: saving-data
20:33:09 Saving sacks file
20:33:09 Saved sacks file successfully
20:33:19 saveConfig: auto-save-60s
20:33:19 Saving config file
20:33:20 Saved config file successfully
20:33:20 saveConfig: auto-save-60s
20:33:20 Saving config file
20:33:20 Saved config file successfully
20:33:34 saveConfig: saving-data
20:33:34 Saving sacks file
20:33:34 Saved sacks file successfully
20:33:34 saveConfig: saving-data
20:33:34 Saving sacks file
20:33:34 Saved sacks file successfully
20:33:44 saveConfig: saving-data
20:33:44 Saving sacks file
20:33:44 Saved sacks file successfully
20:33:44 saveConfig: saving-data
20:33:44 Saving sacks file
20:33:44 Saved sacks file successfully
20:34:10 saveConfig: saving-data
20:34:10 Saving sacks file
20:34:11 Saved sacks file successfully
20:34:11 saveConfig: saving-data
20:34:11 Saving sacks file
20:34:11 Saved sacks file successfully
20:34:19 saveConfig: auto-save-60s
20:34:19 Saving config file
20:34:20 Saved config file successfully
20:34:20 saveConfig: auto-save-60s
20:34:20 Saving config file
20:34:20 Saved config file successfully
20:34:22 saveConfig: saving-data
20:34:22 Saving sacks file
20:34:22 Saved sacks file successfully
20:34:22 saveConfig: saving-data
20:34:22 Saving sacks file
20:34:22 Saved sacks file successfully
20:34:31 saveConfig: saving-data
20:34:31 Saving sacks file
20:34:31 Saved sacks file successfully
20:34:31 saveConfig: saving-data
20:34:31 Saving sacks file
20:34:31 Saved sacks file successfully
20:34:53 saveConfig: saving-data
20:34:53 Saving sacks file
20:34:53 Saved sacks file successfully
20:34:53 saveConfig: saving-data
20:34:53 Saving sacks file
20:34:53 Saved sacks file successfully
20:35:08 saveConfig: saving-data
20:35:08 Saving sacks file
20:35:08 Saved sacks file successfully
20:35:08 saveConfig: saving-data
20:35:08 Saving sacks file
20:35:08 Saved sacks file successfully
20:35:19 saveConfig: auto-save-60s
20:35:19 Saving config file
20:35:20 Saved config file successfully
20:35:20 saveConfig: auto-save-60s
20:35:20 Saving config file
20:35:20 Saved config file successfully
20:35:24 saveConfig: saving-data
20:35:24 Saving sacks file
20:35:24 Saved sacks file successfully
20:35:24 saveConfig: saving-data
20:35:24 Saving sacks file
20:35:24 Saved sacks file successfully
20:35:47 saveConfig: saving-data
20:35:47 Saving sacks file
20:35:47 Saved sacks file successfully
20:35:47 saveConfig: saving-data
20:35:47 Saving sacks file
20:35:47 Saved sacks file successfully
20:36:06 saveConfig: saving-data
20:36:06 Saving sacks file
20:36:07 Saved sacks file successfully
20:36:07 saveConfig: saving-data
20:36:07 Saving sacks file
20:36:07 Saved sacks file successfully
20:36:19 saveConfig: auto-save-60s
20:36:19 Saving config file
20:36:20 Saved config file successfully
20:36:20 saveConfig: auto-save-60s
20:36:20 Saving config file
20:36:20 Saved config file successfully
20:36:26 saveConfig: saving-data
20:36:26 Saving sacks file
20:36:26 Saved sacks file successfully
20:36:26 saveConfig: saving-data
20:36:26 Saving sacks file
20:36:26 Saved sacks file successfully
20:36:35 saveConfig: saving-data
20:36:35 Saving sacks file
20:36:35 Saved sacks file successfully
20:36:35 saveConfig: saving-data
20:36:35 Saving sacks file
20:36:35 Saved sacks file successfully
20:36:42 saveConfig: saving-data
20:36:42 Saving sacks file
20:36:42 Saved sacks file successfully
20:36:42 saveConfig: saving-data
20:36:42 Saving sacks file
20:36:42 Saved sacks file successfully
20:36:54 saveConfig: saving-data
20:36:54 Saving sacks file
20:36:54 Saved sacks file successfully
20:36:54 saveConfig: saving-data
20:36:54 Saving sacks file
20:36:54 Saved sacks file successfully
20:37:06 saveConfig: saving-data
20:37:06 Saving sacks file
20:37:06 Saved sacks file successfully
20:37:06 saveConfig: saving-data
20:37:06 Saving sacks file
20:37:06 Saved sacks file successfully
20:37:19 saveConfig: auto-save-60s
20:37:19 Saving config file
20:37:20 Saved config file successfully
20:37:20 saveConfig: auto-save-60s
20:37:20 Saving config file
20:37:20 Saved config file successfully
20:37:30 saveConfig: saving-data
20:37:30 Saving sacks file
20:37:30 Saved sacks file successfully
20:37:30 saveConfig: saving-data
20:37:30 Saving sacks file
20:37:30 Saved sacks file successfully
20:37:42 saveConfig: saving-data
20:37:42 Saving sacks file
20:37:42 Saved sacks file successfully
20:37:42 saveConfig: saving-data
20:37:42 Saving sacks file
20:37:42 Saved sacks file successfully
20:37:53 saveConfig: saving-data
20:37:53 Saving sacks file
20:37:53 Saved sacks file successfully
20:37:53 saveConfig: saving-data
20:37:53 Saving sacks file
20:37:53 Saved sacks file successfully
20:38:00 saveConfig: saving-data
20:38:00 Saving sacks file
20:38:00 Saved sacks file successfully
20:38:00 saveConfig: saving-data
20:38:00 Saving sacks file
20:38:00 Saved sacks file successfully
20:38:19 saveConfig: auto-save-60s
20:38:19 Saving config file
20:38:20 Saved config file successfully
20:38:20 saveConfig: auto-save-60s
20:38:20 Saving config file
20:38:20 Saved config file successfully
20:38:31 saveConfig: saving-data
20:38:31 Saving sacks file
20:38:31 Saved sacks file successfully
20:38:31 saveConfig: saving-data
20:38:31 Saving sacks file
20:38:31 Saved sacks file successfully
20:38:47 saveConfig: saving-data
20:38:47 Saving sacks file
20:38:48 Saved sacks file successfully
20:38:48 saveConfig: saving-data
20:38:48 Saving sacks file
20:38:48 Saved sacks file successfully
20:39:14 saveConfig: saving-data
20:39:14 Saving sacks file
20:39:14 Saved sacks file successfully
20:39:14 saveConfig: saving-data
20:39:14 Saving sacks file
20:39:14 Saved sacks file successfully
20:39:19 saveConfig: auto-save-60s
20:39:19 Saving config file
20:39:20 Saved config file successfully
20:39:20 saveConfig: auto-save-60s
20:39:20 Saving config file
20:39:20 Saved config file successfully
20:39:30 saveConfig: saving-data
20:39:30 Saving sacks file
20:39:30 Saved sacks file successfully
20:39:30 saveConfig: saving-data
20:39:30 Saving sacks file
20:39:30 Saved sacks file successfully
20:39:52 saveConfig: saving-data
20:39:52 Saving sacks file
20:39:52 Saved sacks file successfully
20:39:52 saveConfig: saving-data
20:39:52 Saving sacks file
20:39:52 Saved sacks file successfully
20:40:19 saveConfig: auto-save-60s
20:40:19 Saving config file
20:40:20 Saved config file successfully
20:40:20 saveConfig: auto-save-60s
20:40:20 Saving config file
20:40:20 Saved config file successfully
20:40:26 saveConfig: saving-data
20:40:26 Saving sacks file
20:40:26 Saved sacks file successfully
20:40:26 saveConfig: saving-data
20:40:26 Saving sacks file
20:40:26 Saved sacks file successfully
20:40:47 saveConfig: saving-data
20:40:47 Saving sacks file
20:40:48 Saved sacks file successfully
20:40:48 saveConfig: saving-data
20:40:48 Saving sacks file
20:40:48 Saved sacks file successfully
20:41:10 saveConfig: saving-data
20:41:10 Saving sacks file
20:41:10 Saved sacks file successfully
20:41:10 saveConfig: saving-data
20:41:10 Saving sacks file
20:41:10 Saved sacks file successfully
20:41:19 saveConfig: auto-save-60s
20:41:19 Saving config file
20:41:20 Saved config file successfully
20:41:20 saveConfig: auto-save-60s
20:41:20 Saving config file
20:41:20 Saved config file successfully
20:41:35 saveConfig: saving-data
20:41:35 Saving sacks file
20:41:35 Saved sacks file successfully
20:41:35 saveConfig: saving-data
20:41:35 Saving sacks file
20:41:35 Saved sacks file successfully
20:41:52 saveConfig: saving-data
20:41:52 Saving sacks file
20:41:52 Saved sacks file successfully
20:41:52 saveConfig: saving-data
20:41:52 Saving sacks file
20:41:52 Saved sacks file successfully
20:42:19 saveConfig: auto-save-60s
20:42:19 Saving config file
20:42:20 Saved config file successfully
20:42:20 saveConfig: auto-save-60s
20:42:20 Saving config file
20:42:20 Saved config file successfully
20:42:25 saveConfig: saving-data
20:42:25 Saving sacks file
20:42:25 Saved sacks file successfully
20:42:25 saveConfig: saving-data
20:42:25 Saving sacks file
20:42:25 Saved sacks file successfully
20:43:01 saveConfig: saving-data
20:43:01 Saving sacks file
20:43:01 Saved sacks file successfully
20:43:01 saveConfig: saving-data
20:43:01 Saving sacks file
20:43:01 Saved sacks file successfully
20:43:19 saveConfig: auto-save-60s
20:43:19 Saving config file
20:43:20 Saved config file successfully
20:43:20 saveConfig: auto-save-60s
20:43:20 Saving config file
20:43:20 Saved config file successfully
20:43:26 saveConfig: saving-data
20:43:26 Saving sacks file
20:43:26 Saved sacks file successfully
20:43:26 saveConfig: saving-data
20:43:26 Saving sacks file
20:43:26 Saved sacks file successfully
20:43:51 saveConfig: saving-data
20:43:51 Saving sacks file
20:43:51 Saved sacks file successfully
20:43:51 saveConfig: saving-data
20:43:51 Saving sacks file
20:43:51 Saved sacks file successfully
20:44:13 saveConfig: saving-data
20:44:13 Saving sacks file
20:44:13 Saved sacks file successfully
20:44:13 saveConfig: saving-data
20:44:13 Saving sacks file
20:44:13 Saved sacks file successfully
20:44:19 saveConfig: auto-save-60s
20:44:19 Saving config file
20:44:20 Saved config file successfully
20:44:20 saveConfig: auto-save-60s
20:44:20 Saving config file
20:44:20 Saved config file successfully
20:44:35 saveConfig: saving-data
20:44:35 Saving sacks file
20:44:35 Saved sacks file successfully
20:44:35 saveConfig: saving-data
20:44:35 Saving sacks file
20:44:35 Saved sacks file successfully
20:45:04 saveConfig: saving-data
20:45:04 Saving sacks file
20:45:04 Saved sacks file successfully
20:45:04 saveConfig: saving-data
20:45:04 Saving sacks file
20:45:04 Saved sacks file successfully
20:45:12 saveConfig: saving-data
20:45:12 Saving sacks file
20:45:12 Saved sacks file successfully
20:45:12 saveConfig: saving-data
20:45:12 Saving sacks file
20:45:12 Saved sacks file successfully
20:45:19 saveConfig: auto-save-60s
20:45:19 Saving config file
20:45:20 Saved config file successfully
20:45:20 saveConfig: auto-save-60s
20:45:20 Saving config file
20:45:20 Saved config file successfully
20:45:44 saveConfig: saving-data
20:45:44 Saving sacks file
20:45:44 Saved sacks file successfully
20:45:44 saveConfig: saving-data
20:45:44 Saving sacks file
20:45:44 Saved sacks file successfully
20:45:57 saveConfig: saving-data
20:45:57 Saving sacks file
20:45:57 Saved sacks file successfully
20:45:57 saveConfig: saving-data
20:45:57 Saving sacks file
20:45:57 Saved sacks file successfully
20:46:19 saveConfig: auto-save-60s
20:46:19 Saving config file
20:46:20 Saved config file successfully
20:46:20 saveConfig: auto-save-60s
20:46:20 Saving config file
20:46:20 saveConfig: saving-data
20:46:20 Saving sacks file
20:46:20 Saved sacks file successfully
20:46:20 saveConfig: saving-data
20:46:20 Saving sacks file
20:46:20 Saved config file successfully
20:46:20 Saved sacks file successfully
20:46:31 saveConfig: saving-data
20:46:31 Saving sacks file
20:46:31 Saved sacks file successfully
20:46:31 saveConfig: saving-data
20:46:31 Saving sacks file
20:46:31 Saved sacks file successfully
20:46:42 saveConfig: saving-data
20:46:42 Saving sacks file
20:46:42 Saved sacks file successfully
20:46:42 saveConfig: saving-data
20:46:42 Saving sacks file
20:46:42 Saved sacks file successfully
20:47:12 saveConfig: saving-data
20:47:12 Saving sacks file
20:47:12 Saved sacks file successfully
20:47:12 saveConfig: saving-data
20:47:12 Saving sacks file
20:47:12 Saved sacks file successfully
20:47:19 saveConfig: auto-save-60s
20:47:19 Saving config file
20:47:20 Saved config file successfully
20:47:20 saveConfig: auto-save-60s
20:47:20 Saving config file
20:47:20 Saved config file successfully
20:47:44 saveConfig: saving-data
20:47:44 Saving sacks file
20:47:44 Saved sacks file successfully
20:47:44 saveConfig: saving-data
20:47:44 Saving sacks file
20:47:44 Saved sacks file successfully
20:48:07 saveConfig: saving-data
20:48:07 Saving sacks file
20:48:07 Saved sacks file successfully
20:48:07 saveConfig: saving-data
20:48:07 Saving sacks file
20:48:07 Saved sacks file successfully
20:48:14 saveConfig: saving-data
20:48:14 Saving sacks file
20:48:14 Saved sacks file successfully
20:48:14 saveConfig: saving-data
20:48:14 Saving sacks file
20:48:14 Saved sacks file successfully
20:48:19 saveConfig: auto-save-60s
20:48:19 Saving config file
20:48:20 Saved config file successfully
20:48:20 saveConfig: auto-save-60s
20:48:20 Saving config file
20:48:20 Saved config file successfully
20:48:20 saveConfig: saving-data
20:48:20 Saving sacks file
20:48:20 Saved sacks file successfully
20:48:20 saveConfig: saving-data
20:48:20 Saving sacks file
20:48:20 Saved sacks file successfully
20:49:19 saveConfig: auto-save-60s
20:49:19 Saving config file
20:49:20 Saved config file successfully
20:49:20 saveConfig: auto-save-60s
20:49:20 Saving config file
20:49:20 Saved config file successfully
20:50:19 saveConfig: auto-save-60s
20:50:19 Saving config file
20:50:20 Saved config file successfully
20:50:20 saveConfig: auto-save-60s
20:50:20 Saving config file
20:50:20 Saved config file successfully
20:50:27 saveConfig: saving-data
20:50:27 Saving sacks file
20:50:27 Saved sacks file successfully
20:50:27 saveConfig: saving-data
20:50:27 Saving sacks file
20:50:27 Saved sacks file successfully
20:50:40 saveConfig: saving-data
20:50:40 Saving sacks file
20:50:40 Saved sacks file successfully
20:50:40 saveConfig: saving-data
20:50:40 Saving sacks file
20:50:40 Saved sacks file successfully
20:51:19 saveConfig: saving-data
20:51:19 Saving sacks file
20:51:19 Saved sacks file successfully
20:51:19 saveConfig: saving-data
20:51:19 Saving sacks file
20:51:19 Saved sacks file successfully
20:51:19 saveConfig: auto-save-60s
20:51:19 Saving config file
20:51:20 Saved config file successfully
20:51:20 saveConfig: auto-save-60s
20:51:20 Saving config file
20:51:20 Saved config file successfully
20:52:19 saveConfig: auto-save-60s
20:52:19 Saving config file
20:52:20 Saved config file successfully
20:52:20 saveConfig: auto-save-60s
20:52:20 Saving config file
20:52:20 Saved config file successfully
20:53:16 saveConfig: saving-data
20:53:16 Saving sacks file
20:53:16 Saved sacks file successfully
20:53:16 saveConfig: saving-data
20:53:16 Saving sacks file
20:53:16 Saved sacks file successfully
20:53:19 saveConfig: auto-save-60s
20:53:19 Saving config file
20:53:20 Saved config file successfully
20:53:20 saveConfig: auto-save-60s
20:53:20 Saving config file
20:53:20 Saved config file successfully
20:54:19 saveConfig: auto-save-60s
20:54:19 Saving config file
20:54:20 Saved config file successfully
20:54:20 saveConfig: auto-save-60s
20:54:20 Saving config file
20:54:20 Saved config file successfully
20:55:19 saveConfig: auto-save-60s
20:55:19 Saving config file
20:55:20 Saved config file successfully
20:55:20 saveConfig: auto-save-60s
20:55:20 Saving config file
20:55:20 Saved config file successfully
20:56:19 saveConfig: auto-save-60s
20:56:19 Saving config file
20:56:20 Saved config file successfully
20:56:20 saveConfig: auto-save-60s
20:56:20 Saving config file
20:56:20 Saved config file successfully
20:57:18 saveConfig: saving-data
20:57:18 Saving sacks file
20:57:18 Saved sacks file successfully
20:57:18 saveConfig: saving-data
20:57:18 Saving sacks file
20:57:18 Saved sacks file successfully
20:57:19 saveConfig: auto-save-60s
20:57:19 Saving config file
20:57:20 Saved config file successfully
20:57:20 saveConfig: auto-save-60s
20:57:20 Saving config file
20:57:20 Saved config file successfully
20:57:20 saveConfig: saving-data
20:57:20 Saving sacks file
20:57:20 Saved sacks file successfully
20:57:20 saveConfig: saving-data
20:57:20 Saving sacks file
20:57:20 Saved sacks file successfully
20:57:26 saveConfig: saving-data
20:57:26 Saving sacks file
20:57:26 Saved sacks file successfully
20:57:26 saveConfig: saving-data
20:57:26 Saving sacks file
20:57:26 Saved sacks file successfully
20:57:37 saveConfig: saving-data
20:57:37 Saving sacks file
20:57:37 Saved sacks file successfully
20:57:37 saveConfig: saving-data
20:57:37 Saving sacks file
20:57:37 Saved sacks file successfully
20:58:19 saveConfig: auto-save-60s
20:58:19 Saving config file
20:58:20 Saved config file successfully
20:58:20 saveConfig: auto-save-60s
20:58:20 Saving config file
20:58:20 Saved config file successfully
20:58:42 saveConfig: saving-data
20:58:42 Saving sacks file
20:58:42 Saved sacks file successfully
20:58:42 saveConfig: saving-data
20:58:42 Saving sacks file
20:58:42 Saved sacks file successfully
20:59:19 saveConfig: auto-save-60s
20:59:19 Saving config file
20:59:20 Saved config file successfully
20:59:20 saveConfig: auto-save-60s
20:59:20 Saving config file
20:59:20 Saved config file successfully
20:59:32 saveConfig: saving-data
20:59:32 Saving sacks file
20:59:32 Saved sacks file successfully
20:59:32 saveConfig: saving-data
20:59:32 Saving sacks file
20:59:32 Saved sacks file successfully
20:59:49 saveConfig: saving-data
20:59:49 Saving sacks file
20:59:49 Saved sacks file successfully
20:59:49 saveConfig: saving-data
20:59:49 Saving sacks file
20:59:49 Saved sacks file successfully
20:59:57 saveConfig: saving-data
20:59:57 Saving sacks file
20:59:57 Saved sacks file successfully
20:59:57 saveConfig: saving-data
20:59:57 Saving sacks file
20:59:57 Saved sacks file successfully
21:00:09 saveConfig: saving-data
21:00:09 Saving sacks file
21:00:09 Saved sacks file successfully
21:00:09 saveConfig: saving-data
21:00:09 Saving sacks file
21:00:09 Saved sacks file successfully
21:00:19 saveConfig: auto-save-60s
21:00:19 Saving config file
21:00:20 Saved config file successfully
21:00:20 saveConfig: auto-save-60s
21:00:20 Saving config file
21:00:20 Saved config file successfully
21:00:21 saveConfig: saving-data
21:00:21 Saving sacks file
21:00:21 Saved sacks file successfully
21:00:21 saveConfig: saving-data
21:00:21 Saving sacks file
21:00:21 Saved sacks file successfully
21:00:36 saveConfig: saving-data
21:00:36 Saving sacks file
21:00:36 Saved sacks file successfully
21:00:36 saveConfig: saving-data
21:00:36 Saving sacks file
21:00:36 Saved sacks file successfully
21:01:11 saveConfig: saving-data
21:01:11 Saving sacks file
21:01:11 Saved sacks file successfully
21:01:11 saveConfig: saving-data
21:01:11 Saving sacks file
21:01:11 Saved sacks file successfully
21:01:18 saveConfig: saving-data
21:01:18 Saving sacks file
21:01:18 Saved sacks file successfully
21:01:18 saveConfig: saving-data
21:01:18 Saving sacks file
21:01:18 Saved sacks file successfully
21:01:19 saveConfig: auto-save-60s
21:01:19 Saving config file
21:01:20 Saved config file successfully
21:01:20 saveConfig: auto-save-60s
21:01:20 Saving config file
21:01:20 Saved config file successfully
21:01:27 saveConfig: saving-data
21:01:27 Saving sacks file
21:01:27 Saved sacks file successfully
21:01:27 saveConfig: saving-data
21:01:27 Saving sacks file
21:01:27 Saved sacks file successfully
21:01:35 saveConfig: saving-data
21:01:35 Saving sacks file
21:01:35 Saved sacks file successfully
21:01:35 saveConfig: saving-data
21:01:35 Saving sacks file
21:01:35 Saved sacks file successfully
21:01:49 saveConfig: saving-data
21:01:49 Saving sacks file
21:01:49 Saved sacks file successfully
21:01:49 saveConfig: saving-data
21:01:49 Saving sacks file
21:01:49 Saved sacks file successfully
21:02:03 saveConfig: saving-data
21:02:03 Saving sacks file
21:02:03 Saved sacks file successfully
21:02:03 saveConfig: saving-data
21:02:03 Saving sacks file
21:02:03 Saved sacks file successfully
21:02:19 saveConfig: auto-save-60s
21:02:19 Saving config file
21:02:20 Saved config file successfully
21:02:20 saveConfig: auto-save-60s
21:02:20 Saving config file
21:02:20 Saved config file successfully
21:02:29 saveConfig: saving-data
21:02:29 Saving sacks file
21:02:29 Saved sacks file successfully
21:02:29 saveConfig: saving-data
21:02:29 Saving sacks file
21:02:30 Saved sacks file successfully
21:03:07 saveConfig: saving-data
21:03:07 Saving sacks file
21:03:07 Saved sacks file successfully
21:03:07 saveConfig: saving-data
21:03:07 Saving sacks file
21:03:07 Saved sacks file successfully
21:03:19 saveConfig: auto-save-60s
21:03:19 Saving config file
21:03:20 Saved config file successfully
21:03:20 saveConfig: auto-save-60s
21:03:20 Saving config file
21:03:20 Saved config file successfully
21:03:44 saveConfig: saving-data
21:03:44 Saving sacks file
21:03:44 Saved sacks file successfully
21:03:44 saveConfig: saving-data
21:03:44 Saving sacks file
21:03:44 Saved sacks file successfully
21:04:10 saveConfig: saving-data
21:04:10 Saving sacks file
21:04:10 Saved sacks file successfully
21:04:10 saveConfig: saving-data
21:04:10 Saving sacks file
21:04:10 Saved sacks file successfully
21:04:19 saveConfig: auto-save-60s
21:04:19 Saving config file
21:04:20 Saved config file successfully
21:04:20 saveConfig: auto-save-60s
21:04:20 Saving config file
21:04:20 Saved config file successfully
21:04:36 saveConfig: saving-data
21:04:36 Saving sacks file
21:04:36 Saved sacks file successfully
21:04:36 saveConfig: saving-data
21:04:36 Saving sacks file
21:04:36 Saved sacks file successfully
21:04:46 saveConfig: saving-data
21:04:46 Saving sacks file
21:04:46 Saved sacks file successfully
21:04:46 saveConfig: saving-data
21:04:46 Saving sacks file
21:04:46 Saved sacks file successfully
21:05:19 saveConfig: auto-save-60s
21:05:19 Saving config file
21:05:20 Saved config file successfully
21:05:20 saveConfig: auto-save-60s
21:05:20 Saving config file
21:05:20 Saved config file successfully
21:06:19 saveConfig: auto-save-60s
21:06:19 Saving config file
21:06:20 Saved config file successfully
21:06:20 saveConfig: auto-save-60s
21:06:20 Saving config file
21:06:20 Saved config file successfully
21:07:19 saveConfig: auto-save-60s
21:07:19 Saving config file
21:07:20 Saved config file successfully
21:07:20 saveConfig: auto-save-60s
21:07:20 Saving config file
21:07:20 Saved config file successfully
21:07:35 saveConfig: saving-data
21:07:35 Saving sacks file
21:07:35 Saved sacks file successfully
21:07:35 saveConfig: saving-data
21:07:35 Saving sacks file
21:07:35 Saved sacks file successfully
21:07:54 saveConfig: saving-data
21:07:54 Saving sacks file
21:07:54 Saved sacks file successfully
21:07:54 saveConfig: saving-data
21:07:54 Saving sacks file
21:07:54 Saved sacks file successfully
21:08:12 saveConfig: saving-data
21:08:12 Saving sacks file
21:08:12 Saved sacks file successfully
21:08:12 saveConfig: saving-data
21:08:12 Saving sacks file
21:08:12 Saved sacks file successfully
21:08:19 saveConfig: auto-save-60s
21:08:19 Saving config file
21:08:20 Saved config file successfully
21:08:20 saveConfig: auto-save-60s
21:08:20 Saving config file
21:08:20 Saved config file successfully
21:08:46 saveConfig: saving-data
21:08:46 Saving sacks file
21:08:46 Saved sacks file successfully
21:08:46 saveConfig: saving-data
21:08:46 Saving sacks file
21:08:46 Saved sacks file successfully
21:09:13 saveConfig: saving-data
21:09:13 Saving sacks file
21:09:13 Saved sacks file successfully
21:09:13 saveConfig: saving-data
21:09:13 Saving sacks file
21:09:13 Saved sacks file successfully
21:09:19 saveConfig: auto-save-60s
21:09:19 Saving config file
21:09:20 Saved config file successfully
21:09:20 saveConfig: auto-save-60s
21:09:20 Saving config file
21:09:20 Saved config file successfully
21:10:19 saveConfig: auto-save-60s
21:10:19 Saving config file
21:10:20 Saved config file successfully
21:10:20 saveConfig: auto-save-60s
21:10:20 Saving config file
21:10:20 Saved config file successfully
21:11:19 saveConfig: auto-save-60s
21:11:19 Saving config file
21:11:20 Saved config file successfully
21:11:20 saveConfig: auto-save-60s
21:11:20 Saving config file
21:11:20 Saved config file successfully
21:12:19 saveConfig: auto-save-60s
21:12:19 Saving config file
21:12:20 Saved config file successfully
21:12:20 saveConfig: auto-save-60s
21:12:20 Saving config file
21:12:20 Saved config file successfully
21:13:19 saveConfig: auto-save-60s
21:13:19 Saving config file
21:13:20 Saved config file successfully
21:13:20 saveConfig: auto-save-60s
21:13:20 Saving config file
21:13:20 Saved config file successfully
21:14:19 saveConfig: auto-save-60s
21:14:19 Saving config file
21:14:20 Saved config file successfully
21:14:20 saveConfig: auto-save-60s
21:14:20 Saving config file
21:14:20 Saved config file successfully
21:15:19 saveConfig: auto-save-60s
21:15:19 Saving config file
21:15:20 Saved config file successfully
21:15:20 saveConfig: auto-save-60s
21:15:20 Saving config file
21:15:20 Saved config file successfully
21:16:19 saveConfig: auto-save-60s
21:16:19 Saving config file
21:16:20 Saved config file successfully
21:16:20 saveConfig: auto-save-60s
21:16:20 Saving config file
21:16:20 Saved config file successfully
21:17:19 saveConfig: auto-save-60s
21:17:19 Saving config file
21:17:20 Saved config file successfully
21:17:20 saveConfig: auto-save-60s
21:17:20 Saving config file
21:17:20 Saved config file successfully
21:18:19 saveConfig: auto-save-60s
21:18:19 Saving config file
21:18:20 Saved config file successfully
21:18:20 saveConfig: auto-save-60s
21:18:20 Saving config file
21:18:20 Saved config file successfully
21:19:19 saveConfig: auto-save-60s
21:19:19 Saving config file
21:19:20 Saved config file successfully
21:19:20 saveConfig: auto-save-60s
21:19:20 Saving config file
21:19:20 Saved config file successfully
21:20:19 saveConfig: auto-save-60s
21:20:19 Saving config file
21:20:20 Saved config file successfully
21:20:20 saveConfig: auto-save-60s
21:20:20 Saving config file
21:20:20 Saved config file successfully
21:21:19 saveConfig: auto-save-60s
21:21:19 Saving config file
21:21:20 Saved config file successfully
21:21:20 saveConfig: auto-save-60s
21:21:20 Saving config file
21:21:20 Saved config file successfully
21:22:19 saveConfig: auto-save-60s
21:22:19 Saving config file
21:22:20 Saved config file successfully
21:22:20 saveConfig: auto-save-60s
21:22:20 Saving config file
21:22:20 Saved config file successfully
21:23:19 saveConfig: auto-save-60s
21:23:19 Saving config file
21:23:20 Saved config file successfully
21:23:20 saveConfig: auto-save-60s
21:23:20 Saving config file
21:23:20 Saved config file successfully
21:24:19 saveConfig: auto-save-60s
21:24:19 Saving config file
21:24:20 Saved config file successfully
21:24:20 saveConfig: auto-save-60s
21:24:20 Saving config file
21:24:20 Saved config file successfully
21:25:19 saveConfig: auto-save-60s
21:25:19 Saving config file
21:25:20 Saved config file successfully
21:25:20 saveConfig: auto-save-60s
21:25:20 Saving config file
21:25:20 Saved config file successfully
21:25:46 saveConfig: saving-data
21:25:46 Saving sacks file
21:25:46 Saved sacks file successfully
21:25:46 saveConfig: saving-data
21:25:46 Saving sacks file
21:25:46 Saved sacks file successfully
21:26:19 saveConfig: auto-save-60s
21:26:19 Saving config file
21:26:20 Saved config file successfully
21:26:20 saveConfig: auto-save-60s
21:26:20 Saving config file
21:26:20 Saved config file successfully
21:26:29 saveConfig: saving-data
21:26:29 Saving sacks file
21:26:29 Saved sacks file successfully
21:26:29 saveConfig: saving-data
21:26:29 Saving sacks file
21:26:29 Saved sacks file successfully
21:26:54 saveConfig: saving-data
21:26:54 Saving sacks file
21:26:54 Saved sacks file successfully
21:26:54 saveConfig: saving-data
21:26:54 Saving sacks file
21:26:54 Saved sacks file successfully
21:27:19 saveConfig: auto-save-60s
21:27:19 Saving config file
21:27:20 Saved config file successfully
21:27:20 saveConfig: auto-save-60s
21:27:20 Saving config file
21:27:20 Saved config file successfully
21:27:22 saveConfig: saving-data
21:27:22 Saving sacks file
21:27:22 Saved sacks file successfully
21:27:22 saveConfig: saving-data
21:27:22 Saving sacks file
21:27:22 Saved sacks file successfully
21:27:28 saveConfig: saving-data
21:27:28 Saving sacks file
21:27:28 Saved sacks file successfully
21:27:28 saveConfig: saving-data
21:27:28 Saving sacks file
21:27:28 Saved sacks file successfully
21:28:19 saveConfig: auto-save-60s
21:28:19 Saving config file
21:28:20 Saved config file successfully
21:28:20 saveConfig: auto-save-60s
21:28:20 Saving config file
21:28:20 Saved config file successfully
21:29:19 saveConfig: auto-save-60s
21:29:19 Saving config file
21:29:20 Saved config file successfully
21:29:20 saveConfig: auto-save-60s
21:29:20 Saving config file
21:29:20 Saved config file successfully
21:30:19 saveConfig: auto-save-60s
21:30:19 Saving config file
21:30:20 Saved config file successfully
21:30:20 saveConfig: auto-save-60s
21:30:20 Saving config file
21:30:20 Saved config file successfully
21:31:19 saveConfig: auto-save-60s
21:31:19 Saving config file
21:31:20 Saved config file successfully
21:31:20 saveConfig: auto-save-60s
21:31:20 Saving config file
21:31:20 Saved config file successfully
21:32:19 saveConfig: auto-save-60s
21:32:19 Saving config file
21:32:20 Saved config file successfully
21:32:20 saveConfig: auto-save-60s
21:32:20 Saving config file
21:32:20 Saved config file successfully
21:33:19 saveConfig: auto-save-60s
21:33:19 Saving config file
21:33:20 Saved config file successfully
21:33:20 saveConfig: auto-save-60s
21:33:20 Saving config file
21:33:20 Saved config file successfully
21:33:33 saveConfig: saving-data
21:33:33 Saving sacks file
21:33:33 Saved sacks file successfully
21:33:33 saveConfig: saving-data
21:33:33 Saving sacks file
21:33:33 Saved sacks file successfully
21:34:19 saveConfig: auto-save-60s
21:34:19 Saving config file
21:34:20 Saved config file successfully
21:34:20 saveConfig: auto-save-60s
21:34:20 Saving config file
21:34:20 Saved config file successfully
21:34:54 saveConfig: saving-data
21:34:54 Saving sacks file
21:34:54 Saved sacks file successfully
21:34:54 saveConfig: saving-data
21:34:54 Saving sacks file
21:34:54 Saved sacks file successfully
21:35:19 saveConfig: auto-save-60s
21:35:19 Saving config file
21:35:20 Saved config file successfully
21:35:20 saveConfig: auto-save-60s
21:35:20 Saving config file
21:35:20 Saved config file successfully
21:35:23 saveConfig: saving-data
21:35:23 Saving sacks file
21:35:23 Saved sacks file successfully
21:35:23 saveConfig: saving-data
21:35:23 Saving sacks file
21:35:23 Saved sacks file successfully
21:36:19 saveConfig: auto-save-60s
21:36:19 Saving config file
21:36:20 Saved config file successfully
21:36:20 saveConfig: auto-save-60s
21:36:20 Saving config file
21:36:20 Saved config file successfully
21:36:23 saveConfig: saving-data
21:36:23 Saving sacks file
21:36:23 Saved sacks file successfully
21:36:23 saveConfig: saving-data
21:36:23 Saving sacks file
21:36:23 Saved sacks file successfully
21:37:19 saveConfig: saving-data
21:37:19 Saving sacks file
21:37:19 Saved sacks file successfully
21:37:19 saveConfig: saving-data
21:37:19 Saving sacks file
21:37:19 Saved sacks file successfully
21:37:20 saveConfig: auto-save-60s
21:37:20 Saving config file
21:37:20 Saved config file successfully
21:37:20 saveConfig: auto-save-60s
21:37:20 Saving config file
21:37:20 Saved config file successfully
21:38:19 saveConfig: auto-save-60s
21:38:19 Saving config file
21:38:20 Saved config file successfully
21:38:20 saveConfig: auto-save-60s
21:38:20 Saving config file
21:38:20 Saved config file successfully
21:39:19 saveConfig: auto-save-60s
21:39:19 Saving config file
21:39:20 Saved config file successfully
21:39:20 saveConfig: auto-save-60s
21:39:20 Saving config file
21:39:20 Saved config file successfully
21:39:56 saveConfig: saving-data
21:39:56 Saving sacks file
21:39:56 Saved sacks file successfully
21:39:56 saveConfig: saving-data
21:39:56 Saving sacks file
21:39:56 Saved sacks file successfully
21:40:19 saveConfig: auto-save-60s
21:40:19 Saving config file
21:40:20 Saved config file successfully
21:40:20 saveConfig: auto-save-60s
21:40:20 Saving config file
21:40:20 Saved config file successfully
21:41:19 saveConfig: auto-save-60s
21:41:19 Saving config file
21:41:20 Saved config file successfully
21:41:20 saveConfig: auto-save-60s
21:41:20 Saving config file
21:41:20 Saved config file successfully
21:41:46 saveConfig: saving-data
21:41:46 Saving sacks file
21:41:46 Saved sacks file successfully
21:41:46 saveConfig: saving-data
21:41:46 Saving sacks file
21:41:46 Saved sacks file successfully
21:42:00 saveConfig: saving-data
21:42:00 Saving sacks file
21:42:00 Saved sacks file successfully
21:42:00 saveConfig: saving-data
21:42:00 Saving sacks file
21:42:00 Saved sacks file successfully
21:42:14 saveConfig: saving-data
21:42:14 Saving sacks file
21:42:14 Saved sacks file successfully
21:42:14 saveConfig: saving-data
21:42:14 Saving sacks file
21:42:14 Saved sacks file successfully
21:42:19 saveConfig: auto-save-60s
21:42:19 Saving config file
21:42:20 Saved config file successfully
21:42:20 saveConfig: auto-save-60s
21:42:20 Saving config file
21:42:20 Saved config file successfully
21:42:20 saveConfig: saving-data
21:42:20 Saving sacks file
21:42:20 Saved sacks file successfully
21:42:20 saveConfig: saving-data
21:42:20 Saving sacks file
21:42:20 Saved sacks file successfully
21:42:26 saveConfig: saving-data
21:42:26 Saving sacks file
21:42:26 Saved sacks file successfully
21:42:26 saveConfig: saving-data
21:42:26 Saving sacks file
21:42:26 Saved sacks file successfully
21:42:56 saveConfig: saving-data
21:42:56 Saving sacks file
21:42:56 Saved sacks file successfully
21:42:56 saveConfig: saving-data
21:42:56 Saving sacks file
21:42:56 Saved sacks file successfully
21:43:08 saveConfig: saving-data
21:43:08 Saving sacks file
21:43:08 Saved sacks file successfully
21:43:08 saveConfig: saving-data
21:43:08 Saving sacks file
21:43:08 Saved sacks file successfully
21:43:19 saveConfig: auto-save-60s
21:43:19 Saving config file
21:43:20 Saved config file successfully
21:43:20 saveConfig: auto-save-60s
21:43:20 Saving config file
21:43:20 Saved config file successfully
21:43:28 saveConfig: saving-data
21:43:28 Saving sacks file
21:43:28 Saved sacks file successfully
21:43:28 saveConfig: saving-data
21:43:28 Saving sacks file
21:43:28 Saved sacks file successfully
21:44:19 saveConfig: auto-save-60s
21:44:19 Saving config file
21:44:20 Saved config file successfully
21:44:20 saveConfig: auto-save-60s
21:44:20 Saving config file
21:44:20 Saved config file successfully
21:45:16 saveConfig: saving-data
21:45:16 Saving sacks file
21:45:16 Saved sacks file successfully
21:45:16 saveConfig: saving-data
21:45:16 Saving sacks file
21:45:16 Saved sacks file successfully
21:45:19 saveConfig: auto-save-60s
21:45:19 Saving config file
21:45:20 Saved config file successfully
21:45:20 saveConfig: auto-save-60s
21:45:20 Saving config file
21:45:20 Saved config file successfully
21:45:24 saveConfig: saving-data
21:45:24 Saving sacks file
21:45:24 Saved sacks file successfully
21:45:24 saveConfig: saving-data
21:45:24 Saving sacks file
21:45:24 Saved sacks file successfully
21:46:19 saveConfig: auto-save-60s
21:46:19 Saving config file
21:46:20 Saved config file successfully
21:46:20 saveConfig: auto-save-60s
21:46:20 Saving config file
21:46:20 Saved config file successfully
21:47:19 saveConfig: auto-save-60s
21:47:19 Saving config file
21:47:20 Saved config file successfully
21:47:20 saveConfig: auto-save-60s
21:47:20 Saving config file
21:47:20 Saved config file successfully
21:47:36 saveConfig: saving-data
21:47:36 Saving sacks file
21:47:36 Saved sacks file successfully
21:47:36 saveConfig: saving-data
21:47:36 Saving sacks file
21:47:36 Saved sacks file successfully
21:48:19 saveConfig: auto-save-60s
21:48:19 Saving config file
21:48:20 Saved config file successfully
21:48:20 saveConfig: auto-save-60s
21:48:20 Saving config file
21:48:20 Saved config file successfully
21:49:02 saveConfig: shutdown-hook
21:49:02 Saving config file
