11:47:56 §eYou received §a69x Enchanted Potato §efor killing a §2Locust§e!
11:48:03 §eYou received §a51x Enchanted Sugar §efor killing a §2Mosquito§e!
11:48:12 §eYou received §a29x Enchanted Red Mushroom §efor killing a §2Slug§e!
11:48:18 §eYou received §a111x Enchanted Potato §efor killing a §2Locust§e!
11:48:31 §eYou received §a33x Enchanted Wheat §efor killing a §2Fly§e!
11:48:38 §eYou received §a32x Enchanted Wheat §efor killing a §2Fly§e!
11:48:45 §eYou received §a115x Enchanted Potato §efor killing a §2Locust§e!
11:49:31 §eYou received §a116x Enchanted Potato §efor killing a §2Locust§e!
11:49:39 §eYou received §a115x Enchanted Potato §efor killing a §2Locust§e!
11:49:39 §eYou received §a33x Enchanted Pumpkin §efor killing a §2Rat§e!
11:49:39 §eYou received §a33x Enchanted Pumpkin §efor killing a §2Rat§e!
11:49:40 §eYou received §a66x Enchanted Cactus Green §efor killing a §2Mite§e!
11:49:40 §eYou received §a66x Enchanted Cactus Green §efor killing a §2Mite§e!
11:49:40 §eYou received §a116x Enchanted Potato §efor killing a §2Locust§e!
11:49:41 §eYou received §a66x Enchanted Cactus Green §efor killing a §2Mite§e!
11:49:41 §eYou received §a116x Enchanted Potato §efor killing a §2Locust§e!
11:49:41 §eYou received §a33x Enchanted Pumpkin §efor killing a §2Rat§e!
15:15:00 §eYou received §a29x Enchanted Pumpkin §efor killing a §2Rat§e!
15:15:00 §eYou received §a32x Enchanted Pumpkin §efor killing a §2Rat§e!
15:15:00 §eYou received §a33x Enchanted Pumpkin §efor killing a §2Rat§e!
15:15:02 §eYou received §a101x Enchanted Carrot §efor killing a §2Cricket§e!
15:15:02 §eYou received §a33x Enchanted Pumpkin §efor killing a §2Rat§e!
15:15:02 §eYou received §a67x Enchanted Cactus Green §efor killing a §2Mite§e!
15:15:03 §eYou received §a102x Enchanted Potato §efor killing a §2Locust§e!
15:15:03 §eYou received §a64x Enchanted Cactus Green §efor killing a §2Mite§e!
15:15:03 §eYou received §a33x Enchanted Pumpkin §efor killing a §2Rat§e!
15:15:15 §eYou received §a116x Enchanted Potato §efor killing a §2Locust§e!
15:15:24 §eYou received §a167x Enchanted Melon §efor killing an §2Earthworm§e!
15:15:36 §eYou received §a116x Enchanted Potato §efor killing a §2Locust§e!
