22:44:55 DUNGEON_HUB
22:46:11 NONE
22:46:14 GARDEN
22:50:50 NONE
22:50:50 DUNGEON_HUB
22:54:11 NONE
22:54:11 PRIVATE_ISLAND
22:55:49 NONE
22:55:49 HUB
22:56:08 HUB
23:28:06 PRIVATE_ISLAND
23:30:53 NONE
23:30:54 HUB
23:40:46 PRIVATE_ISLAND_GUEST
23:40:49 NONE
23:40:49 DWARVEN_MINES
23:41:42 NONE
23:41:42 HUB
23:47:04 NONE
23:47:05 BACKWATER_BAYOU
23:47:36 NONE
23:47:36 HUB
23:53:17 NONE
23:53:17 THE_END
23:54:25 NONE
23:54:25 HUB
23:57:25 NONE
23:57:25 PRIVATE_ISLAND_GUEST
23:57:28 NONE
23:57:29 DWARVEN_MINES
23:58:27 NONE
23:58:27 HUB
00:09:55 NONE
00:09:55 THE_RIFT
00:10:23 NONE
00:10:24 HUB
00:11:36 NONE
00:11:37 THE_RIFT
00:12:48 NONE
00:12:48 HUB
00:13:30 NONE
00:13:32 PRIVATE_ISLAND
00:13:46 NONE
00:13:46 HUB
00:14:04 NONE
00:14:04 PRIVATE_ISLAND
00:14:24 HUB
00:14:29 NONE
00:14:29 PRIVATE_ISLAND
00:33:30 PRIVATE_ISLAND
00:33:41 NONE
00:33:42 HUB
00:33:58 NONE
00:33:58 HUB
00:34:03 NONE
00:34:03 HUB
02:56:15 NONE
02:56:16 PRIVATE_ISLAND
03:03:37 NONE
03:03:37 THE_RIFT
03:04:17 NONE
03:04:17 GARDEN
03:08:10 NONE
03:08:10 CRIMSON_ISLE
03:10:53 HUB
