20:35:54 [PUZZLE_FAIL] §c§lPUZZLE FAIL! §r§bKobeAim §r§ewas fooled by §r§cRose§r§e! §r§4Y§r§ci§r§6k§r§ee§r§as§r§2!
20:36:34 [PUZZLE_FAIL] §c§lPUZZLE FAIL! §r§bKobeAim §r§ekilled a Blaze in the wrong order! §r§4Y§r§ci§r§6k§r§ee§r§as§r§2!
21:17:27 [PEST_DROP] §eYou received §a40x Enchanted Cactus Green §efor killing a §2Mite§e!
21:17:35 [PEST_DROP] §eYou received §a73x Enchanted Cocoa Beans §efor killing a §2Moth§e!
21:17:37 [PEST_DROP] §eYou received §a102x Enchanted Carrot §efor killing a §2Cricket§e!
21:17:48 [PEST_DROP] §eYou received §a65x Enchanted Sugar §efor killing a §2Mosquito§e!
21:17:59 [PEST_DROP] §eYou received §a117x Enchanted Carrot §efor killing a §2Cricket§e!
21:18:06 [PEST_DROP] §eYou received §a115x Enchanted Potato §efor killing a §2Locust§e!
21:18:14 [PEST_DROP] §eYou received §a66x Enchanted Cactus Green §efor killing a §2Mite§e!
21:18:21 [PEST_DROP] §eYou received §a96x Enchanted Cocoa Beans §efor killing a §2Moth§e!
21:18:29 [PEST_DROP] §eYou received §a32x Enchanted Pumpkin §efor killing a §2Rat§e!
21:18:29 [PEST_DROP] §eYou received §a33x Enchanted Pumpkin §efor killing a §2Rat§e!
21:18:29 [PEST_DROP] §eYou received §a117x Enchanted Carrot §efor killing a §2Cricket§e!
21:18:30 [PEST_DROP] §eYou received §a102x Enchanted Potato §efor killing a §2Locust§e!
21:18:30 [PEST_DROP] §eYou received §a64x Enchanted Cactus Green §efor killing a §2Mite§e!
21:18:30 [PEST_DROP] §eYou received §a96x Enchanted Nether Wart §efor killing a §2Beetle§e!
21:18:31 [PEST_DROP] §eYou received §a66x Enchanted Cactus Green §efor killing a §2Mite§e!
21:18:31 [PEST_DROP] §eYou received §a66x Enchanted Cactus Green §efor killing a §2Mite§e!
21:18:31 [PEST_DROP] §eYou received §a167x Enchanted Melon §efor killing an §2Earthworm§e!
21:18:37 [GARDEN_VISITOR_MESSAGE] §e[NPC] §aLiam§f: §r§fOne day you'll be able to buy the sun, trust me on that mate.
21:18:40 [GARDEN_VISITOR_MESSAGE] §e[NPC] §aLiam§f: §r§fAlright...
21:18:41 [GARDEN_VISITOR_MESSAGE] §e[NPC] §9Gwendolyn§f: §r§fI don't really have a sweet tooth, but chocolate is probably my favorite thing in this world. But the supply is really poor mostly because of the mines' lack of accessibility.
21:18:43 [NEW_VISITOR_ARRIVED] §a§r§aFriendly Hiker §r§ehas arrived on your §r§aGarden§r§e!
21:18:44 [GARDEN_VISITOR_MESSAGE] §e[NPC] §9Gwendolyn§f: §r§fI helped you enter the Crystal Hollows so many times! Why won't you return the favor?
21:18:45 [GARDEN_VISITOR_MESSAGE] §e[NPC] §aSargwyn§f: §r§fBuurrrp? ... BuURrpPp!
21:18:46 [GARDEN_VISITOR_MESSAGE] §e[NPC] §aSargwyn§f: §r§fBUUUUUUUUUUUUUUUUUUUUUUUUURP!
21:18:47 [GARDEN_VISITOR_MESSAGE] §e[NPC] §aBanker Broadjaw§f: §r§fStanding in that bank all day. Just me and the dwarves. But they are either all business, or drunk. Or both! I need better company!
21:18:51 [GARDEN_VISITOR_MESSAGE] §e[NPC] §aBanker Broadjaw§f: §r§fWell, maybe I will be able to understand the burping dwarves if I try hard enough.
21:18:52 [GARDEN_VISITOR_MESSAGE] §e[NPC] §aFriendly Hiker§f: §r§fI'm planning to head back into the gorge to fetch my hiker friend, but I'll need some meat to cook before I head in there.
21:18:54 [GARDEN_VISITOR_MESSAGE] §e[NPC] §aFriendly Hiker§f: §r§fThat's alright. I can always head into the Oasis to hunt down some sheep.
