21:51:45 HUB
21:51:48 NONE
21:51:49 HUB
21:53:38 NONE
21:53:39 THE_RIFT
21:55:07 NONE
21:55:07 DUNGEON_HUB
21:55:15 NONE
21:55:15 HUB
21:57:23 HUB
21:58:01 DUNGEON_HUB
21:58:04 NONE
21:58:04 HUB
21:58:44 NONE
21:58:45 HUB
21:59:20 NONE
21:59:20 DUNGEON_HUB
21:59:59 NONE
22:00:00 CATACOMBS
22:07:33 NONE
22:07:34 CATACOMBS
22:07:48 NONE
22:07:48 DUNGEON_HUB
22:09:55 NONE
22:09:55 CATACOMBS
22:16:55 NONE
22:16:55 DUNGEON_HUB
22:18:01 NONE
22:18:01 CATACOMBS
22:18:42 NONE
22:18:42 DUNGEON_HUB
22:22:03 NONE
22:22:03 CATACOMBS
22:33:34 NONE
22:33:35 CATACOMBS
22:33:40 NONE
22:33:40 DUNGEON_HUB
22:34:55 NONE
22:34:56 CATACOMBS
22:42:59 NONE
22:42:59 DUNGEON_HUB
22:44:03 NONE
22:44:03 HUB
22:45:22 NONE
22:45:22 CATACOMBS
22:55:51 NONE
22:55:51 DUNGEON_HUB
22:56:25 NONE
22:56:25 HUB
22:57:45 DUNGEON_HUB
22:58:07 HUB
23:00:08 NONE
23:00:09 CATACOMBS
23:08:36 NONE
23:08:36 DUNGEON_HUB
23:09:46 NONE
23:09:50 CATACOMBS
23:10:37 NONE
23:10:37 DUNGEON_HUB
23:10:52 CATACOMBS
23:18:18 NONE
23:18:20 CATACOMBS
23:25:38 NONE
23:25:38 CATACOMBS
23:33:47 NONE
23:33:48 CATACOMBS
23:34:18 NONE
23:34:18 DUNGEON_HUB
23:34:25 NONE
23:34:26 CATACOMBS
23:42:25 NONE
23:42:25 DUNGEON_HUB
23:42:56 CATACOMBS
23:50:09 NONE
23:50:10 CATACOMBS
23:50:27 NONE
23:50:27 DUNGEON_HUB
23:51:08 NONE
23:51:09 CATACOMBS
23:59:05 NONE
23:59:05 DUNGEON_HUB
00:03:13 NONE
00:03:13 THE_RIFT
