21:50:01 Trying to load config from config\skyhanni\config.json
21:50:01 load-config-now
21:50:02 Loaded config from file
21:50:02 Trying to load sacks from config\skyhanni\sacks.json
21:50:02 load-sacks-now
21:50:02 Loaded sacks from file
21:50:02 Trying to load friends from config\skyhanni\friends.json
21:50:02 load-friends-now
21:50:02 Loaded friends from file
21:50:02 Trying to load known_features from config\skyhanni\known_features.json
21:50:02 load-known_features-now
21:50:02 Loaded known_features from file
21:50:02 Trying to load jacob_contests from config\skyhanni\jacob_contests.json
21:50:02 load-jacob_contests-now
21:50:02 Loaded jacob_contests from file
21:50:02 Trying to load visual_words from config\skyhanni\visual_words.json
21:50:02 Setting visual_words to be blank as it did not exist. It will be saved once something is written to it
21:51:02 saveConfig: auto-save-60s
21:51:02 Saving config file
21:51:02 Saved config file successfully
21:51:02 saveConfig: auto-save-60s
21:51:02 Saving config file
21:51:02 Saved config file successfully
21:51:40 saveConfig: Updated known feature flags
21:51:40 Saving known_features file
21:51:40 Saved known_features file successfully
21:51:40 saveConfig: Updated known feature flags
21:51:40 Saving known_features file
21:51:40 Saved known_features file successfully
21:52:02 saveConfig: auto-save-60s
21:52:02 Saving config file
21:52:02 Saved config file successfully
21:52:02 saveConfig: auto-save-60s
21:52:02 Saving config file
21:52:02 Saved config file successfully
21:53:02 saveConfig: auto-save-60s
21:53:02 Saving config file
21:53:02 Saved config file successfully
21:53:02 saveConfig: auto-save-60s
21:53:02 Saving config file
21:53:02 Saved config file successfully
21:54:02 saveConfig: auto-save-60s
21:54:02 Saving config file
21:54:02 Saved config file successfully
21:54:02 saveConfig: auto-save-60s
21:54:02 Saving config file
21:54:02 Saved config file successfully
21:55:02 saveConfig: auto-save-60s
21:55:02 Saving config file
21:55:02 Saved config file successfully
21:55:02 saveConfig: auto-save-60s
21:55:02 Saving config file
21:55:02 Saved config file successfully
21:56:02 saveConfig: auto-save-60s
21:56:02 Saving config file
21:56:02 Saved config file successfully
21:56:02 saveConfig: auto-save-60s
21:56:02 Saving config file
21:56:02 Saved config file successfully
21:57:02 saveConfig: auto-save-60s
21:57:02 Saving config file
21:57:02 Saved config file successfully
21:57:02 saveConfig: auto-save-60s
21:57:02 Saving config file
21:57:02 Saved config file successfully
21:58:02 saveConfig: auto-save-60s
21:58:02 Saving config file
21:58:02 Saved config file successfully
21:58:02 saveConfig: auto-save-60s
21:58:02 Saving config file
21:58:02 Saved config file successfully
21:59:02 saveConfig: auto-save-60s
21:59:02 Saving config file
21:59:02 Saved config file successfully
21:59:02 saveConfig: auto-save-60s
21:59:02 Saving config file
21:59:02 Saved config file successfully
22:00:02 saveConfig: auto-save-60s
22:00:02 Saving config file
22:00:02 Saved config file successfully
22:00:02 saveConfig: auto-save-60s
22:00:02 Saving config file
22:00:02 Saved config file successfully
22:00:21 saveConfig: saving-data
22:00:21 Saving sacks file
22:00:21 Saved sacks file successfully
22:00:21 saveConfig: saving-data
22:00:21 Saving sacks file
22:00:21 Saved sacks file successfully
22:00:28 saveConfig: saving-data
22:00:28 Saving sacks file
22:00:28 Saved sacks file successfully
22:00:28 saveConfig: saving-data
22:00:28 Saving sacks file
22:00:28 Saved sacks file successfully
22:01:02 saveConfig: auto-save-60s
22:01:02 Saving config file
22:01:02 Saved config file successfully
22:01:02 saveConfig: auto-save-60s
22:01:02 Saving config file
22:01:02 Saved config file successfully
22:01:44 saveConfig: saving-data
22:01:44 Saving sacks file
22:01:44 Saved sacks file successfully
22:01:44 saveConfig: saving-data
22:01:44 Saving sacks file
22:01:44 Saved sacks file successfully
22:02:02 saveConfig: auto-save-60s
22:02:02 Saving config file
22:02:02 Saved config file successfully
22:02:02 saveConfig: auto-save-60s
22:02:02 Saving config file
22:02:02 Saved config file successfully
22:02:17 saveConfig: saving-data
22:02:17 Saving sacks file
22:02:17 Saved sacks file successfully
22:02:17 saveConfig: saving-data
22:02:17 Saving sacks file
22:02:17 Saved sacks file successfully
22:03:02 saveConfig: auto-save-60s
22:03:02 Saving config file
22:03:02 Saved config file successfully
22:03:02 saveConfig: auto-save-60s
22:03:02 Saving config file
22:03:02 Saved config file successfully
22:04:02 saveConfig: auto-save-60s
22:04:02 Saving config file
22:04:02 Saved config file successfully
22:04:02 saveConfig: auto-save-60s
22:04:02 Saving config file
22:04:02 Saved config file successfully
22:05:02 saveConfig: auto-save-60s
22:05:02 Saving config file
22:05:02 Saved config file successfully
22:05:02 saveConfig: auto-save-60s
22:05:02 Saving config file
22:05:02 Saved config file successfully
22:06:02 saveConfig: auto-save-60s
22:06:02 Saving config file
22:06:02 Saved config file successfully
22:06:02 saveConfig: auto-save-60s
22:06:02 Saving config file
22:06:02 Saved config file successfully
22:07:02 saveConfig: auto-save-60s
22:07:02 Saving config file
22:07:02 Saved config file successfully
22:07:02 saveConfig: auto-save-60s
22:07:02 Saving config file
22:07:02 Saved config file successfully
22:08:02 saveConfig: auto-save-60s
22:08:02 Saving config file
22:08:02 Saved config file successfully
22:08:02 saveConfig: auto-save-60s
22:08:02 Saving config file
22:08:02 Saved config file successfully
22:09:02 saveConfig: auto-save-60s
22:09:02 Saving config file
22:09:02 Saved config file successfully
22:09:02 saveConfig: auto-save-60s
22:09:02 Saving config file
22:09:02 Saved config file successfully
22:10:02 saveConfig: auto-save-60s
22:10:02 Saving config file
22:10:02 Saved config file successfully
22:10:02 saveConfig: auto-save-60s
22:10:02 Saving config file
22:10:02 Saved config file successfully
22:11:02 saveConfig: auto-save-60s
22:11:02 Saving config file
22:11:02 Saved config file successfully
22:11:02 saveConfig: auto-save-60s
22:11:02 Saving config file
22:11:02 Saved config file successfully
22:11:02 saveConfig: saving-data
22:11:02 Saving sacks file
22:11:02 Saved sacks file successfully
22:11:02 saveConfig: saving-data
22:11:02 Saving sacks file
22:11:02 Saved sacks file successfully
22:11:41 saveConfig: saving-data
22:11:41 Saving sacks file
22:11:41 Saved sacks file successfully
22:11:41 saveConfig: saving-data
22:11:41 Saving sacks file
22:11:41 Saved sacks file successfully
22:12:02 saveConfig: auto-save-60s
22:12:02 Saving config file
22:12:02 Saved config file successfully
22:12:02 saveConfig: auto-save-60s
22:12:02 Saving config file
22:12:02 Saved config file successfully
22:13:02 saveConfig: auto-save-60s
22:13:02 Saving config file
22:13:02 Saved config file successfully
22:13:02 saveConfig: auto-save-60s
22:13:02 Saving config file
22:13:02 Saved config file successfully
22:14:02 saveConfig: auto-save-60s
22:14:02 Saving config file
22:14:02 Saved config file successfully
22:14:02 saveConfig: auto-save-60s
22:14:02 Saving config file
22:14:02 Saved config file successfully
22:15:02 saveConfig: auto-save-60s
22:15:02 Saving config file
22:15:02 Saved config file successfully
22:15:02 saveConfig: auto-save-60s
22:15:02 Saving config file
22:15:02 Saved config file successfully
22:16:02 saveConfig: auto-save-60s
22:16:02 Saving config file
22:16:02 Saved config file successfully
22:16:02 saveConfig: auto-save-60s
22:16:02 Saving config file
22:16:02 Saved config file successfully
22:17:02 saveConfig: auto-save-60s
22:17:02 Saving config file
22:17:02 Saved config file successfully
22:17:02 saveConfig: auto-save-60s
22:17:02 Saving config file
22:17:02 Saved config file successfully
22:18:02 saveConfig: auto-save-60s
22:18:02 Saving config file
22:18:02 Saved config file successfully
22:18:02 saveConfig: auto-save-60s
22:18:02 Saving config file
22:18:02 Saved config file successfully
22:19:02 saveConfig: auto-save-60s
22:19:02 Saving config file
22:19:02 Saved config file successfully
22:19:02 saveConfig: auto-save-60s
22:19:02 Saving config file
22:19:02 Saved config file successfully
22:20:02 saveConfig: auto-save-60s
22:20:02 Saving config file
22:20:02 Saved config file successfully
22:20:02 saveConfig: auto-save-60s
22:20:02 Saving config file
22:20:02 Saved config file successfully
22:21:02 saveConfig: auto-save-60s
22:21:02 Saving config file
22:21:02 Saved config file successfully
22:21:02 saveConfig: auto-save-60s
22:21:02 Saving config file
22:21:02 Saved config file successfully
22:22:02 saveConfig: auto-save-60s
22:22:02 Saving config file
22:22:02 Saved config file successfully
22:22:02 saveConfig: auto-save-60s
22:22:02 Saving config file
22:22:02 Saved config file successfully
22:22:36 saveConfig: saving-data
22:22:36 Saving sacks file
22:22:36 Saved sacks file successfully
22:22:36 saveConfig: saving-data
22:22:36 Saving sacks file
22:22:36 Saved sacks file successfully
22:23:02 saveConfig: saving-data
22:23:02 Saving sacks file
22:23:02 Saved sacks file successfully
22:23:02 saveConfig: saving-data
22:23:02 Saving sacks file
22:23:02 Saved sacks file successfully
22:23:02 saveConfig: auto-save-60s
22:23:02 Saving config file
22:23:02 Saved config file successfully
22:23:02 saveConfig: auto-save-60s
22:23:02 Saving config file
22:23:02 Saved config file successfully
22:23:21 saveConfig: saving-data
22:23:21 Saving sacks file
22:23:21 Saved sacks file successfully
22:23:21 saveConfig: saving-data
22:23:21 Saving sacks file
22:23:21 Saved sacks file successfully
22:23:27 saveConfig: saving-data
22:23:27 Saving sacks file
22:23:27 Saved sacks file successfully
22:23:27 saveConfig: saving-data
22:23:27 Saving sacks file
22:23:27 Saved sacks file successfully
22:24:02 saveConfig: auto-save-60s
22:24:02 Saving config file
22:24:02 Saved config file successfully
22:24:02 saveConfig: auto-save-60s
22:24:02 Saving config file
22:24:02 Saved config file successfully
22:24:09 saveConfig: saving-data
22:24:09 Saving sacks file
22:24:09 Saved sacks file successfully
22:24:09 saveConfig: saving-data
22:24:09 Saving sacks file
22:24:09 Saved sacks file successfully
22:24:26 saveConfig: saving-data
22:24:26 Saving sacks file
22:24:26 Saved sacks file successfully
22:24:26 saveConfig: saving-data
22:24:26 Saving sacks file
22:24:26 Saved sacks file successfully
22:24:51 saveConfig: saving-data
22:24:51 Saving sacks file
22:24:51 Saved sacks file successfully
22:24:51 saveConfig: saving-data
22:24:51 Saving sacks file
22:24:51 Saved sacks file successfully
22:25:02 saveConfig: auto-save-60s
22:25:02 Saving config file
22:25:02 Saved config file successfully
22:25:02 saveConfig: auto-save-60s
22:25:02 Saving config file
22:25:02 Saved config file successfully
22:25:22 saveConfig: saving-data
22:25:22 Saving sacks file
22:25:22 Saved sacks file successfully
22:25:22 saveConfig: saving-data
22:25:22 Saving sacks file
22:25:22 Saved sacks file successfully
22:25:57 saveConfig: saving-data
22:25:57 Saving sacks file
22:25:57 Saved sacks file successfully
22:25:57 saveConfig: saving-data
22:25:57 Saving sacks file
22:25:57 Saved sacks file successfully
22:26:02 saveConfig: auto-save-60s
22:26:02 Saving config file
22:26:02 Saved config file successfully
22:26:02 saveConfig: auto-save-60s
22:26:02 Saving config file
22:26:02 Saved config file successfully
22:26:05 saveConfig: saving-data
22:26:05 Saving sacks file
22:26:05 Saved sacks file successfully
22:26:05 saveConfig: saving-data
22:26:05 Saving sacks file
22:26:06 Saved sacks file successfully
22:27:02 saveConfig: auto-save-60s
22:27:02 Saving config file
22:27:02 Saved config file successfully
22:27:02 saveConfig: auto-save-60s
22:27:02 Saving config file
22:27:02 Saved config file successfully
22:28:02 saveConfig: auto-save-60s
22:28:02 Saving config file
22:28:02 Saved config file successfully
22:28:02 saveConfig: auto-save-60s
22:28:02 Saving config file
22:28:02 Saved config file successfully
22:29:02 saveConfig: auto-save-60s
22:29:02 Saving config file
22:29:02 Saved config file successfully
22:29:02 saveConfig: auto-save-60s
22:29:02 Saving config file
22:29:02 Saved config file successfully
22:30:02 saveConfig: auto-save-60s
22:30:02 Saving config file
22:30:02 Saved config file successfully
22:30:02 saveConfig: auto-save-60s
22:30:02 Saving config file
22:30:02 Saved config file successfully
22:31:02 saveConfig: auto-save-60s
22:31:02 Saving config file
22:31:02 Saved config file successfully
22:31:02 saveConfig: auto-save-60s
22:31:02 Saving config file
22:31:02 Saved config file successfully
22:32:02 saveConfig: auto-save-60s
22:32:02 Saving config file
22:32:02 Saved config file successfully
22:32:02 saveConfig: auto-save-60s
22:32:02 Saving config file
22:32:02 Saved config file successfully
22:33:02 saveConfig: auto-save-60s
22:33:02 Saving config file
22:33:02 Saved config file successfully
22:33:02 saveConfig: auto-save-60s
22:33:02 Saving config file
22:33:02 Saved config file successfully
22:34:02 saveConfig: auto-save-60s
22:34:02 Saving config file
22:34:02 Saved config file successfully
22:34:02 saveConfig: auto-save-60s
22:34:02 Saving config file
22:34:02 Saved config file successfully
22:35:02 saveConfig: auto-save-60s
22:35:02 Saving config file
22:35:02 Saved config file successfully
22:35:02 saveConfig: auto-save-60s
22:35:02 Saving config file
22:35:02 Saved config file successfully
22:35:31 saveConfig: saving-data
22:35:31 Saving sacks file
22:35:31 Saved sacks file successfully
22:35:31 saveConfig: saving-data
22:35:31 Saving sacks file
22:35:31 Saved sacks file successfully
22:36:02 saveConfig: auto-save-60s
22:36:02 Saving config file
22:36:02 Saved config file successfully
22:36:02 saveConfig: auto-save-60s
22:36:02 Saving config file
22:36:02 Saved config file successfully
22:36:40 saveConfig: saving-data
22:36:40 Saving sacks file
22:36:40 Saved sacks file successfully
22:36:40 saveConfig: saving-data
22:36:40 Saving sacks file
22:36:40 Saved sacks file successfully
22:37:02 saveConfig: auto-save-60s
22:37:02 Saving config file
22:37:02 Saved config file successfully
22:37:02 saveConfig: auto-save-60s
22:37:02 Saving config file
22:37:02 Saved config file successfully
22:37:05 saveConfig: saving-data
22:37:05 Saving sacks file
22:37:05 Saved sacks file successfully
22:37:05 saveConfig: saving-data
22:37:05 Saving sacks file
22:37:05 Saved sacks file successfully
22:38:02 saveConfig: auto-save-60s
22:38:02 Saving config file
22:38:02 Saved config file successfully
22:38:02 saveConfig: auto-save-60s
22:38:02 Saving config file
22:38:02 Saved config file successfully
22:39:02 saveConfig: auto-save-60s
22:39:02 Saving config file
22:39:02 Saved config file successfully
22:39:02 saveConfig: auto-save-60s
22:39:02 Saving config file
22:39:02 Saved config file successfully
22:40:02 saveConfig: auto-save-60s
22:40:02 Saving config file
22:40:02 Saved config file successfully
22:40:02 saveConfig: auto-save-60s
22:40:02 Saving config file
22:40:02 Saved config file successfully
22:41:02 saveConfig: auto-save-60s
22:41:02 Saving config file
22:41:02 Saved config file successfully
22:41:02 saveConfig: auto-save-60s
22:41:02 Saving config file
22:41:02 Saved config file successfully
22:42:02 saveConfig: auto-save-60s
22:42:02 Saving config file
22:42:02 Saved config file successfully
22:42:02 saveConfig: auto-save-60s
22:42:02 Saving config file
22:42:02 Saved config file successfully
22:43:02 saveConfig: auto-save-60s
22:43:02 Saving config file
22:43:02 Saved config file successfully
22:43:02 saveConfig: auto-save-60s
22:43:02 Saving config file
22:43:02 Saved config file successfully
22:44:02 saveConfig: auto-save-60s
22:44:02 Saving config file
22:44:02 Saved config file successfully
22:44:02 saveConfig: auto-save-60s
22:44:02 Saving config file
22:44:02 Saved config file successfully
22:44:13 saveConfig: saving-data
22:44:13 Saving sacks file
22:44:13 Saved sacks file successfully
22:44:13 saveConfig: saving-data
22:44:13 Saving sacks file
22:44:14 Saved sacks file successfully
22:45:02 saveConfig: auto-save-60s
22:45:02 Saving config file
22:45:02 Saved config file successfully
22:45:02 saveConfig: auto-save-60s
22:45:02 Saving config file
22:45:02 Saved config file successfully
22:46:02 saveConfig: auto-save-60s
22:46:02 Saving config file
22:46:02 Saved config file successfully
22:46:02 saveConfig: auto-save-60s
22:46:02 Saving config file
22:46:02 Saved config file successfully
22:46:11 saveConfig: saving-data
22:46:11 Saving sacks file
22:46:11 Saved sacks file successfully
22:46:11 saveConfig: saving-data
22:46:11 Saving sacks file
22:46:11 Saved sacks file successfully
22:46:31 saveConfig: saving-data
22:46:31 Saving sacks file
22:46:31 Saved sacks file successfully
22:46:31 saveConfig: saving-data
22:46:31 Saving sacks file
22:46:31 Saved sacks file successfully
22:47:02 saveConfig: auto-save-60s
22:47:02 Saving config file
22:47:02 Saved config file successfully
22:47:02 saveConfig: auto-save-60s
22:47:02 Saving config file
22:47:02 Saved config file successfully
22:47:35 saveConfig: saving-data
22:47:35 Saving sacks file
22:47:35 Saved sacks file successfully
22:47:35 saveConfig: saving-data
22:47:35 Saving sacks file
22:47:35 Saved sacks file successfully
22:47:50 saveConfig: saving-data
22:47:50 Saving sacks file
22:47:50 Saved sacks file successfully
22:47:50 saveConfig: saving-data
22:47:50 Saving sacks file
22:47:50 Saved sacks file successfully
22:48:02 saveConfig: auto-save-60s
22:48:02 Saving config file
22:48:02 Saved config file successfully
22:48:02 saveConfig: auto-save-60s
22:48:02 Saving config file
22:48:02 Saved config file successfully
22:48:03 saveConfig: saving-data
22:48:03 Saving sacks file
22:48:03 Saved sacks file successfully
22:48:03 saveConfig: saving-data
22:48:03 Saving sacks file
22:48:03 Saved sacks file successfully
22:48:09 saveConfig: saving-data
22:48:09 Saving sacks file
22:48:10 Saved sacks file successfully
22:48:10 saveConfig: saving-data
22:48:10 Saving sacks file
22:48:10 Saved sacks file successfully
22:49:02 saveConfig: auto-save-60s
22:49:02 Saving config file
22:49:02 Saved config file successfully
22:49:02 saveConfig: auto-save-60s
22:49:02 Saving config file
22:49:02 Saved config file successfully
22:49:18 saveConfig: saving-data
22:49:18 Saving sacks file
22:49:18 Saved sacks file successfully
22:49:18 saveConfig: saving-data
22:49:18 Saving sacks file
22:49:18 Saved sacks file successfully
22:50:02 saveConfig: auto-save-60s
22:50:02 Saving config file
22:50:02 Saved config file successfully
22:50:02 saveConfig: auto-save-60s
22:50:02 Saving config file
22:50:02 Saved config file successfully
22:51:02 saveConfig: auto-save-60s
22:51:02 Saving config file
22:51:02 Saved config file successfully
22:51:02 saveConfig: auto-save-60s
22:51:02 Saving config file
22:51:02 Saved config file successfully
22:52:02 saveConfig: auto-save-60s
22:52:02 Saving config file
22:52:02 Saved config file successfully
22:52:02 saveConfig: auto-save-60s
22:52:02 Saving config file
22:52:02 Saved config file successfully
22:53:02 saveConfig: auto-save-60s
22:53:02 Saving config file
22:53:02 Saved config file successfully
22:53:02 saveConfig: auto-save-60s
22:53:02 Saving config file
22:53:02 Saved config file successfully
22:54:02 saveConfig: auto-save-60s
22:54:02 Saving config file
22:54:02 Saved config file successfully
22:54:02 saveConfig: auto-save-60s
22:54:02 Saving config file
22:54:02 Saved config file successfully
22:55:01 saveConfig: saving-data
22:55:01 Saving sacks file
22:55:01 Saved sacks file successfully
22:55:01 saveConfig: saving-data
22:55:01 Saving sacks file
22:55:01 Saved sacks file successfully
22:55:02 saveConfig: auto-save-60s
22:55:02 Saving config file
22:55:02 Saved config file successfully
22:55:02 saveConfig: auto-save-60s
22:55:02 Saving config file
22:55:02 Saved config file successfully
22:55:12 saveConfig: saving-data
22:55:12 Saving sacks file
22:55:12 Saved sacks file successfully
22:55:12 saveConfig: saving-data
22:55:12 Saving sacks file
22:55:12 Saved sacks file successfully
22:55:24 saveConfig: saving-data
22:55:24 Saving sacks file
22:55:24 Saved sacks file successfully
22:55:24 saveConfig: saving-data
22:55:24 Saving sacks file
22:55:24 Saved sacks file successfully
22:56:02 saveConfig: auto-save-60s
22:56:02 Saving config file
22:56:02 Saved config file successfully
22:56:02 saveConfig: auto-save-60s
22:56:02 Saving config file
22:56:02 Saved config file successfully
22:57:02 saveConfig: auto-save-60s
22:57:02 Saving config file
22:57:02 Saved config file successfully
22:57:02 saveConfig: auto-save-60s
22:57:02 Saving config file
22:57:02 Saved config file successfully
22:58:02 saveConfig: auto-save-60s
22:58:02 Saving config file
22:58:02 Saved config file successfully
22:58:02 saveConfig: auto-save-60s
22:58:02 Saving config file
22:58:02 Saved config file successfully
22:59:00 saveConfig: saving-data
22:59:00 Saving sacks file
22:59:00 Saved sacks file successfully
22:59:00 saveConfig: saving-data
22:59:00 Saving sacks file
22:59:00 Saved sacks file successfully
22:59:02 saveConfig: auto-save-60s
22:59:02 Saving config file
22:59:02 Saved config file successfully
22:59:02 saveConfig: auto-save-60s
22:59:02 Saving config file
22:59:02 Saved config file successfully
22:59:29 saveConfig: saving-data
22:59:29 Saving sacks file
22:59:29 Saved sacks file successfully
22:59:29 saveConfig: saving-data
22:59:29 Saving sacks file
22:59:29 Saved sacks file successfully
22:59:45 saveConfig: saving-data
22:59:45 Saving sacks file
22:59:45 Saved sacks file successfully
22:59:45 saveConfig: saving-data
22:59:45 Saving sacks file
22:59:45 Saved sacks file successfully
23:00:02 saveConfig: auto-save-60s
23:00:02 Saving config file
23:00:02 Saved config file successfully
23:00:02 saveConfig: auto-save-60s
23:00:02 Saving config file
23:00:02 Saved config file successfully
23:00:52 saveConfig: saving-data
23:00:52 Saving sacks file
23:00:52 Saved sacks file successfully
23:00:52 saveConfig: saving-data
23:00:52 Saving sacks file
23:00:52 Saved sacks file successfully
23:01:02 saveConfig: auto-save-60s
23:01:02 Saving config file
23:01:02 Saved config file successfully
23:01:02 saveConfig: auto-save-60s
23:01:02 Saving config file
23:01:02 Saved config file successfully
23:02:02 saveConfig: auto-save-60s
23:02:02 Saving config file
23:02:02 Saved config file successfully
23:02:02 saveConfig: auto-save-60s
23:02:02 Saving config file
23:02:02 Saved config file successfully
23:03:02 saveConfig: auto-save-60s
23:03:02 Saving config file
23:03:02 Saved config file successfully
23:03:02 saveConfig: auto-save-60s
23:03:02 Saving config file
23:03:02 Saved config file successfully
23:04:02 saveConfig: auto-save-60s
23:04:02 Saving config file
23:04:02 Saved config file successfully
23:04:02 saveConfig: auto-save-60s
23:04:02 Saving config file
23:04:02 Saved config file successfully
23:05:02 saveConfig: auto-save-60s
23:05:02 Saving config file
23:05:02 Saved config file successfully
23:05:02 saveConfig: auto-save-60s
23:05:02 Saving config file
23:05:02 Saved config file successfully
23:06:02 saveConfig: auto-save-60s
23:06:02 Saving config file
23:06:02 Saved config file successfully
23:06:02 saveConfig: auto-save-60s
23:06:02 Saving config file
23:06:02 Saved config file successfully
23:07:02 saveConfig: auto-save-60s
23:07:02 Saving config file
23:07:02 Saved config file successfully
23:07:02 saveConfig: auto-save-60s
23:07:02 Saving config file
23:07:02 Saved config file successfully
23:08:02 saveConfig: auto-save-60s
23:08:02 Saving config file
23:08:02 Saved config file successfully
23:08:02 saveConfig: auto-save-60s
23:08:02 Saving config file
23:08:02 Saved config file successfully
23:08:55 saveConfig: saving-data
23:08:55 Saving sacks file
23:08:55 Saved sacks file successfully
23:08:55 saveConfig: saving-data
23:08:55 Saving sacks file
23:08:55 Saved sacks file successfully
23:09:02 saveConfig: auto-save-60s
23:09:02 Saving config file
23:09:02 Saved config file successfully
23:09:02 saveConfig: auto-save-60s
23:09:02 Saving config file
23:09:02 Saved config file successfully
23:09:02 saveConfig: saving-data
23:09:02 Saving sacks file
23:09:02 Saved sacks file successfully
23:09:02 saveConfig: saving-data
23:09:02 Saving sacks file
23:09:02 Saved sacks file successfully
23:10:02 saveConfig: auto-save-60s
23:10:02 Saving config file
23:10:02 Saved config file successfully
23:10:02 saveConfig: auto-save-60s
23:10:02 Saving config file
23:10:02 Saved config file successfully
23:11:02 saveConfig: auto-save-60s
23:11:02 Saving config file
23:11:02 Saved config file successfully
23:11:02 saveConfig: auto-save-60s
23:11:02 Saving config file
23:11:02 Saved config file successfully
23:11:48 saveConfig: saving-data
23:11:48 Saving sacks file
23:11:48 Saved sacks file successfully
23:11:48 saveConfig: saving-data
23:11:48 Saving sacks file
23:11:48 Saved sacks file successfully
23:12:02 saveConfig: auto-save-60s
23:12:02 Saving config file
23:12:02 Saved config file successfully
23:12:02 saveConfig: auto-save-60s
23:12:02 Saving config file
23:12:02 Saved config file successfully
23:12:02 saveConfig: saving-data
23:12:02 Saving sacks file
23:12:02 Saved sacks file successfully
23:12:02 saveConfig: saving-data
23:12:02 Saving sacks file
23:12:02 Saved sacks file successfully
23:12:09 saveConfig: saving-data
23:12:09 Saving sacks file
23:12:09 Saved sacks file successfully
23:12:09 saveConfig: saving-data
23:12:09 Saving sacks file
23:12:09 Saved sacks file successfully
23:13:02 saveConfig: auto-save-60s
23:13:02 Saving config file
23:13:02 Saved config file successfully
23:13:02 saveConfig: auto-save-60s
23:13:02 Saving config file
23:13:02 Saved config file successfully
23:13:03 saveConfig: saving-data
23:13:03 Saving sacks file
23:13:03 Saved sacks file successfully
23:13:03 saveConfig: saving-data
23:13:03 Saving sacks file
23:13:03 Saved sacks file successfully
23:13:30 saveConfig: saving-data
23:13:30 Saving sacks file
23:13:30 Saved sacks file successfully
23:13:30 saveConfig: saving-data
23:13:30 Saving sacks file
23:13:30 Saved sacks file successfully
23:14:02 saveConfig: auto-save-60s
23:14:02 Saving config file
23:14:02 Saved config file successfully
23:14:02 saveConfig: auto-save-60s
23:14:02 Saving config file
23:14:02 Saved config file successfully
23:15:02 saveConfig: auto-save-60s
23:15:02 Saving config file
23:15:02 Saved config file successfully
23:15:02 saveConfig: auto-save-60s
23:15:02 Saving config file
23:15:02 Saved config file successfully
23:16:02 saveConfig: auto-save-60s
23:16:02 Saving config file
23:16:02 Saved config file successfully
23:16:02 saveConfig: auto-save-60s
23:16:02 Saving config file
23:16:02 Saved config file successfully
23:17:02 saveConfig: auto-save-60s
23:17:02 Saving config file
23:17:02 Saved config file successfully
23:17:02 saveConfig: auto-save-60s
23:17:02 Saving config file
23:17:02 Saved config file successfully
23:18:02 saveConfig: auto-save-60s
23:18:02 Saving config file
23:18:02 Saved config file successfully
23:18:02 saveConfig: auto-save-60s
23:18:02 Saving config file
23:18:02 Saved config file successfully
23:19:02 saveConfig: auto-save-60s
23:19:02 Saving config file
23:19:02 Saved config file successfully
23:19:02 saveConfig: auto-save-60s
23:19:02 Saving config file
23:19:02 Saved config file successfully
23:19:53 saveConfig: saving-data
23:19:53 Saving sacks file
23:19:53 Saved sacks file successfully
23:19:53 saveConfig: saving-data
23:19:53 Saving sacks file
23:19:53 Saved sacks file successfully
23:20:02 saveConfig: auto-save-60s
23:20:02 Saving config file
23:20:02 Saved config file successfully
23:20:02 saveConfig: auto-save-60s
23:20:02 Saving config file
23:20:02 Saved config file successfully
23:20:43 saveConfig: saving-data
23:20:43 Saving sacks file
23:20:43 Saved sacks file successfully
23:20:43 saveConfig: saving-data
23:20:43 Saving sacks file
23:20:43 Saved sacks file successfully
23:21:02 saveConfig: auto-save-60s
23:21:02 Saving config file
23:21:02 Saved config file successfully
23:21:02 saveConfig: auto-save-60s
23:21:02 Saving config file
23:21:02 Saved config file successfully
23:22:02 saveConfig: auto-save-60s
23:22:02 Saving config file
23:22:02 Saved config file successfully
23:22:02 saveConfig: auto-save-60s
23:22:02 Saving config file
23:22:02 Saved config file successfully
23:23:02 saveConfig: auto-save-60s
23:23:02 Saving config file
23:23:02 Saved config file successfully
23:23:02 saveConfig: auto-save-60s
23:23:02 Saving config file
23:23:02 Saved config file successfully
23:24:02 saveConfig: auto-save-60s
23:24:02 Saving config file
23:24:02 Saved config file successfully
23:24:02 saveConfig: auto-save-60s
23:24:02 Saving config file
23:24:02 Saved config file successfully
23:25:02 saveConfig: auto-save-60s
23:25:02 Saving config file
23:25:02 Saved config file successfully
23:25:02 saveConfig: auto-save-60s
23:25:02 Saving config file
23:25:02 Saved config file successfully
23:25:59 saveConfig: saving-data
23:25:59 Saving sacks file
23:25:59 Saved sacks file successfully
23:25:59 saveConfig: saving-data
23:25:59 Saving sacks file
23:25:59 Saved sacks file successfully
23:26:02 saveConfig: auto-save-60s
23:26:02 Saving config file
23:26:02 Saved config file successfully
23:26:02 saveConfig: auto-save-60s
23:26:02 Saving config file
23:26:02 Saved config file successfully
23:26:22 saveConfig: saving-data
23:26:22 Saving sacks file
23:26:22 Saved sacks file successfully
23:26:22 saveConfig: saving-data
23:26:22 Saving sacks file
23:26:22 Saved sacks file successfully
23:27:02 saveConfig: auto-save-60s
23:27:02 Saving config file
23:27:02 Saved config file successfully
23:27:02 saveConfig: auto-save-60s
23:27:02 Saving config file
23:27:02 Saved config file successfully
23:27:12 saveConfig: saving-data
23:27:12 Saving sacks file
23:27:13 Saved sacks file successfully
23:27:13 saveConfig: saving-data
23:27:13 Saving sacks file
23:27:13 Saved sacks file successfully
23:27:25 saveConfig: saving-data
23:27:25 Saving sacks file
23:27:25 Saved sacks file successfully
23:27:25 saveConfig: saving-data
23:27:25 Saving sacks file
23:27:25 Saved sacks file successfully
23:28:02 saveConfig: auto-save-60s
23:28:02 Saving config file
23:28:02 Saved config file successfully
23:28:02 saveConfig: auto-save-60s
23:28:02 Saving config file
23:28:02 Saved config file successfully
23:28:11 saveConfig: saving-data
23:28:11 Saving sacks file
23:28:11 Saved sacks file successfully
23:28:11 saveConfig: saving-data
23:28:11 Saving sacks file
23:28:11 Saved sacks file successfully
23:29:02 saveConfig: auto-save-60s
23:29:02 Saving config file
23:29:02 Saved config file successfully
23:29:02 saveConfig: auto-save-60s
23:29:02 Saving config file
23:29:02 Saved config file successfully
23:30:02 saveConfig: auto-save-60s
23:30:02 Saving config file
23:30:02 Saved config file successfully
23:30:02 saveConfig: auto-save-60s
23:30:02 Saving config file
23:30:02 Saved config file successfully
23:31:02 saveConfig: auto-save-60s
23:31:02 Saving config file
23:31:02 Saved config file successfully
23:31:02 saveConfig: auto-save-60s
23:31:02 Saving config file
23:31:02 Saved config file successfully
23:32:02 saveConfig: auto-save-60s
23:32:02 Saving config file
23:32:02 Saved config file successfully
23:32:02 saveConfig: auto-save-60s
23:32:02 Saving config file
23:32:02 Saved config file successfully
23:33:02 saveConfig: auto-save-60s
23:33:02 Saving config file
23:33:02 Saved config file successfully
23:33:02 saveConfig: auto-save-60s
23:33:02 Saving config file
23:33:02 Saved config file successfully
23:33:39 saveConfig: saving-data
23:33:39 Saving sacks file
23:33:39 Saved sacks file successfully
23:33:39 saveConfig: saving-data
23:33:39 Saving sacks file
23:33:39 Saved sacks file successfully
23:34:02 saveConfig: auto-save-60s
23:34:02 Saving config file
23:34:02 Saved config file successfully
23:34:02 saveConfig: auto-save-60s
23:34:02 Saving config file
23:34:02 Saved config file successfully
23:35:02 saveConfig: auto-save-60s
23:35:02 Saving config file
23:35:02 Saved config file successfully
23:35:02 saveConfig: auto-save-60s
23:35:02 Saving config file
23:35:02 Saved config file successfully
23:35:18 saveConfig: saving-data
23:35:18 Saving sacks file
23:35:18 Saved sacks file successfully
23:35:18 saveConfig: saving-data
23:35:18 Saving sacks file
23:35:18 Saved sacks file successfully
23:35:47 saveConfig: saving-data
23:35:47 Saving sacks file
23:35:47 Saved sacks file successfully
23:35:47 saveConfig: saving-data
23:35:47 Saving sacks file
23:35:47 Saved sacks file successfully
23:36:02 saveConfig: auto-save-60s
23:36:02 Saving config file
23:36:02 Saved config file successfully
23:36:02 saveConfig: auto-save-60s
23:36:02 Saving config file
23:36:02 Saved config file successfully
23:36:25 saveConfig: saving-data
23:36:25 Saving sacks file
23:36:25 Saved sacks file successfully
23:36:25 saveConfig: saving-data
23:36:25 Saving sacks file
23:36:25 Saved sacks file successfully
23:36:53 saveConfig: saving-data
23:36:53 Saving sacks file
23:36:53 Saved sacks file successfully
23:36:53 saveConfig: saving-data
23:36:53 Saving sacks file
23:36:53 Saved sacks file successfully
23:37:02 saveConfig: auto-save-60s
23:37:02 Saving config file
23:37:02 Saved config file successfully
23:37:02 saveConfig: auto-save-60s
23:37:02 Saving config file
23:37:02 Saved config file successfully
23:37:18 saveConfig: saving-data
23:37:18 Saving sacks file
23:37:18 Saved sacks file successfully
23:37:18 saveConfig: saving-data
23:37:18 Saving sacks file
23:37:18 Saved sacks file successfully
23:37:31 saveConfig: saving-data
23:37:31 Saving sacks file
23:37:31 Saved sacks file successfully
23:37:31 saveConfig: saving-data
23:37:31 Saving sacks file
23:37:31 Saved sacks file successfully
23:38:02 saveConfig: auto-save-60s
23:38:02 Saving config file
23:38:02 Saved config file successfully
23:38:02 saveConfig: auto-save-60s
23:38:02 Saving config file
23:38:02 Saved config file successfully
23:39:02 saveConfig: auto-save-60s
23:39:02 Saving config file
23:39:02 Saved config file successfully
23:39:02 saveConfig: auto-save-60s
23:39:02 Saving config file
23:39:02 Saved config file successfully
23:40:02 saveConfig: auto-save-60s
23:40:02 Saving config file
23:40:02 Saved config file successfully
23:40:02 saveConfig: auto-save-60s
23:40:02 Saving config file
23:40:02 Saved config file successfully
23:41:02 saveConfig: auto-save-60s
23:41:02 Saving config file
23:41:02 Saved config file successfully
23:41:02 saveConfig: auto-save-60s
23:41:02 Saving config file
23:41:02 Saved config file successfully
23:42:02 saveConfig: auto-save-60s
23:42:02 Saving config file
23:42:02 Saved config file successfully
23:42:02 saveConfig: auto-save-60s
23:42:02 Saving config file
23:42:02 Saved config file successfully
23:43:02 saveConfig: auto-save-60s
23:43:02 Saving config file
23:43:02 Saved config file successfully
23:43:02 saveConfig: auto-save-60s
23:43:02 Saving config file
23:43:02 Saved config file successfully
23:43:24 saveConfig: saving-data
23:43:24 Saving sacks file
23:43:24 Saved sacks file successfully
23:43:24 saveConfig: saving-data
23:43:24 Saving sacks file
23:43:24 Saved sacks file successfully
23:43:35 saveConfig: saving-data
23:43:35 Saving sacks file
23:43:35 Saved sacks file successfully
23:43:35 saveConfig: saving-data
23:43:35 Saving sacks file
23:43:35 Saved sacks file successfully
23:44:02 saveConfig: auto-save-60s
23:44:02 Saving config file
23:44:02 Saved config file successfully
23:44:02 saveConfig: auto-save-60s
23:44:02 Saving config file
23:44:02 Saved config file successfully
23:44:21 saveConfig: saving-data
23:44:21 Saving sacks file
23:44:21 Saved sacks file successfully
23:44:21 saveConfig: saving-data
23:44:21 Saving sacks file
23:44:21 Saved sacks file successfully
23:44:49 saveConfig: saving-data
23:44:49 Saving sacks file
23:44:49 Saved sacks file successfully
23:44:49 saveConfig: saving-data
23:44:49 Saving sacks file
23:44:49 Saved sacks file successfully
23:45:02 saveConfig: auto-save-60s
23:45:02 Saving config file
23:45:02 Saved config file successfully
23:45:02 saveConfig: auto-save-60s
23:45:02 Saving config file
23:45:02 Saved config file successfully
23:46:02 saveConfig: auto-save-60s
23:46:02 Saving config file
23:46:02 Saved config file successfully
23:46:02 saveConfig: auto-save-60s
23:46:02 Saving config file
23:46:02 Saved config file successfully
23:47:02 saveConfig: auto-save-60s
23:47:02 Saving config file
23:47:02 Saved config file successfully
23:47:02 saveConfig: auto-save-60s
23:47:02 Saving config file
23:47:02 Saved config file successfully
23:48:02 saveConfig: auto-save-60s
23:48:02 Saving config file
23:48:02 Saved config file successfully
23:48:02 saveConfig: auto-save-60s
23:48:02 Saving config file
23:48:02 Saved config file successfully
23:49:02 saveConfig: auto-save-60s
23:49:02 Saving config file
23:49:02 Saved config file successfully
23:49:02 saveConfig: auto-save-60s
23:49:02 Saving config file
23:49:02 Saved config file successfully
23:50:02 saveConfig: auto-save-60s
23:50:02 Saving config file
23:50:02 Saved config file successfully
23:50:02 saveConfig: auto-save-60s
23:50:02 Saving config file
23:50:02 Saved config file successfully
23:50:45 saveConfig: saving-data
23:50:45 Saving sacks file
23:50:45 Saved sacks file successfully
23:50:45 saveConfig: saving-data
23:50:45 Saving sacks file
23:50:45 Saved sacks file successfully
23:50:51 saveConfig: saving-data
23:50:51 Saving sacks file
23:50:51 Saved sacks file successfully
23:50:51 saveConfig: saving-data
23:50:51 Saving sacks file
23:50:51 Saved sacks file successfully
23:51:02 saveConfig: auto-save-60s
23:51:02 Saving config file
23:51:02 Saved config file successfully
23:51:02 saveConfig: auto-save-60s
23:51:02 Saving config file
23:51:02 Saved config file successfully
23:51:33 saveConfig: saving-data
23:51:33 Saving sacks file
23:51:33 Saved sacks file successfully
23:51:33 saveConfig: saving-data
23:51:33 Saving sacks file
23:51:33 Saved sacks file successfully
23:51:54 saveConfig: saving-data
23:51:54 Saving sacks file
23:51:54 Saved sacks file successfully
23:51:54 saveConfig: saving-data
23:51:54 Saving sacks file
23:51:54 Saved sacks file successfully
23:52:02 saveConfig: auto-save-60s
23:52:02 Saving config file
23:52:02 Saved config file successfully
23:52:02 saveConfig: auto-save-60s
23:52:02 Saving config file
23:52:02 Saved config file successfully
23:52:09 saveConfig: saving-data
23:52:09 Saving sacks file
23:52:09 Saved sacks file successfully
23:52:09 saveConfig: saving-data
23:52:09 Saving sacks file
23:52:09 Saved sacks file successfully
23:52:21 saveConfig: saving-data
23:52:21 Saving sacks file
23:52:21 Saved sacks file successfully
23:52:21 saveConfig: saving-data
23:52:21 Saving sacks file
23:52:21 Saved sacks file successfully
23:52:31 saveConfig: saving-data
23:52:31 Saving sacks file
23:52:31 Saved sacks file successfully
23:52:31 saveConfig: saving-data
23:52:31 Saving sacks file
23:52:31 Saved sacks file successfully
23:53:02 saveConfig: auto-save-60s
23:53:02 Saving config file
23:53:02 Saved config file successfully
23:53:02 saveConfig: auto-save-60s
23:53:02 Saving config file
23:53:02 Saved config file successfully
23:53:26 saveConfig: saving-data
23:53:26 Saving sacks file
23:53:26 Saved sacks file successfully
23:53:26 saveConfig: saving-data
23:53:26 Saving sacks file
23:53:26 Saved sacks file successfully
23:54:02 saveConfig: auto-save-60s
23:54:02 Saving config file
23:54:02 Saved config file successfully
23:54:02 saveConfig: auto-save-60s
23:54:02 Saving config file
23:54:02 Saved config file successfully
23:55:02 saveConfig: auto-save-60s
23:55:02 Saving config file
23:55:02 Saved config file successfully
23:55:02 saveConfig: auto-save-60s
23:55:02 Saving config file
23:55:02 Saved config file successfully
23:56:02 saveConfig: auto-save-60s
23:56:02 Saving config file
23:56:02 Saved config file successfully
23:56:02 saveConfig: auto-save-60s
23:56:02 Saving config file
23:56:02 Saved config file successfully
23:57:02 saveConfig: auto-save-60s
23:57:02 Saving config file
23:57:02 Saved config file successfully
23:57:02 saveConfig: auto-save-60s
23:57:02 Saving config file
23:57:02 Saved config file successfully
23:58:02 saveConfig: auto-save-60s
23:58:02 Saving config file
23:58:02 Saved config file successfully
23:58:02 saveConfig: auto-save-60s
23:58:02 Saving config file
23:58:02 Saved config file successfully
23:59:02 saveConfig: auto-save-60s
23:59:02 Saving config file
23:59:02 Saved config file successfully
23:59:02 saveConfig: auto-save-60s
23:59:02 Saving config file
23:59:02 Saved config file successfully
23:59:22 saveConfig: saving-data
23:59:22 Saving sacks file
23:59:22 Saved sacks file successfully
23:59:22 saveConfig: saving-data
23:59:22 Saving sacks file
23:59:22 Saved sacks file successfully
23:59:29 saveConfig: saving-data
23:59:29 Saving sacks file
23:59:29 Saved sacks file successfully
23:59:29 saveConfig: saving-data
23:59:29 Saving sacks file
23:59:29 Saved sacks file successfully
00:00:02 saveConfig: auto-save-60s
00:00:02 Saving config file
00:00:02 Saved config file successfully
00:00:02 saveConfig: auto-save-60s
00:00:02 Saving config file
00:00:02 Saved config file successfully
00:01:02 saveConfig: auto-save-60s
00:01:02 Saving config file
00:01:02 Saved config file successfully
00:01:02 saveConfig: auto-save-60s
00:01:02 Saving config file
00:01:02 Saved config file successfully
00:02:02 saveConfig: auto-save-60s
00:02:02 Saving config file
00:02:02 Saved config file successfully
00:02:02 saveConfig: auto-save-60s
00:02:02 Saving config file
00:02:02 Saved config file successfully
00:03:02 saveConfig: auto-save-60s
00:03:02 Saving config file
00:03:02 Saved config file successfully
00:03:02 saveConfig: auto-save-60s
00:03:02 Saving config file
00:03:02 Saved config file successfully
00:04:02 saveConfig: auto-save-60s
00:04:02 Saving config file
00:04:02 Saved config file successfully
00:04:02 saveConfig: auto-save-60s
00:04:02 Saving config file
00:04:02 Saved config file successfully
00:05:02 saveConfig: auto-save-60s
00:05:02 Saving config file
00:05:02 Saved config file successfully
00:05:02 saveConfig: auto-save-60s
00:05:02 Saving config file
00:05:02 Saved config file successfully
00:05:33 saveConfig: shutdown-hook
00:05:33 Saving config file
00:05:33 Saved config file successfully
00:05:33 saveConfig: shutdown-hook
00:05:33 Saving config file
