18:01:07 HUB
18:08:20 NONE
18:08:21 DUNGEON_HUB
18:16:55 NONE
18:17:03 CATACOMBS
18:17:35 NONE
18:17:37 CATACOMBS
18:21:35 NONE
18:21:35 CATACOMBS
18:26:40 PRIVATE_ISLAND
18:26:43 NONE
18:26:44 DUNGEON_HUB
18:27:31 CATACOMBS
18:30:58 NONE
18:30:59 CATACOMBS
18:34:20 NONE
18:34:22 CATACOMBS
18:37:52 NONE
18:37:53 CATACOMBS
18:41:21 NONE
18:41:22 CATACOMBS
18:41:37 DUNGEON_HUB
18:44:18 NONE
18:44:18 CATACOMBS
18:48:17 NONE
18:48:17 CATACOMBS
18:52:06 NONE
18:52:08 CATACOMBS
18:55:59 NONE
18:55:59 CATACOMBS
19:00:09 NONE
19:00:10 DUNGEON_HUB
19:02:18 CATACOMBS
19:07:19 NONE
19:07:19 CATACOMBS
19:10:56 NONE
19:10:56 DUNGEON_HUB
19:33:49 NONE
19:33:49 PRIVATE_ISLAND
20:16:26 NONE
20:16:27 CRIMSON_ISLE
20:17:39 NONE
20:17:40 PRIVATE_ISLAND
20:24:10 NONE
20:24:10 HUB
20:24:36 NONE
20:24:37 THE_RIFT
20:26:25 NONE
20:26:26 HUB
