00:09:53 [allowed] §aYou are still radiating with §bGenerosity§r§a!
00:09:53 [allowed] §f §r§r§r§f §r§r§r§1 §r§r§r§0 §r§r§r§2 §r§r§r§f §r§r§r§f §r§r§r§2 §r§r§r§0 §r§r§r§4 §r§r§r§3 §r§r§r§9 §r§r§r§2 §r§r§r§0 §r§r§r§0 §r§r§r§3 §r§r§r§9 §r§r§r§2 §r§r§r§0 §r§r§r§0 §r§r§r§3 §r§r§r§9 §r§r§r§2 §r§r§r§0 §r§r§r§0 
00:09:53 [allowed] §b[MVP§0+§b] KobeAim§f §6joined the lobby!
00:09:53 [allowed] §b[MVP§f+§b] Scooteh§f §6joined the lobby!
00:10:02 [allowed] §b[MVP§0+§b] DessKat§f §6joined the lobby!
00:10:02 [allowed] §b[MVP§c+§b] ElderScrolle§f §6joined the lobby!
00:10:02 [allowed] §7cipiswagg§7§r§7: mitica sugi cucu'
00:10:13 [allowed] §b[MVP§d+§b] Fluffy_ZA§f §6joined the lobby!
00:10:14 [allowed] §b[MVP§c+§b] SheldorGHG§f §6joined the lobby!
00:10:14 [allowed] §b[MVP§f+§b] iGeorgee§f §6joined the lobby!
00:10:16 [allowed] §b[MVP§c+§b] neoxeno3568§f §6joined the lobby!
00:10:17 [allowed] §b[MVP§f+§b] _Lithid_§f §6joined the lobby!
00:10:22 [allowed] §b[MVP§2+§b] GameHugo_§f §6joined the lobby!
00:10:25 [allowed] §b[MVP§4+§b] Mario2D§f §6joined the lobby!
00:10:25 [allowed] §b[MVP§f+§b] Khgdkljshgdqh§f §6joined the lobby!
00:10:26 [allowed] §b[MVP§5+§b] Scathas§f §6joined the lobby!
00:10:28 [allowed] §b[MVP§5+§b] hawayyi§f §6joined the lobby!
00:10:36 [allowed] §b[MVP§2+§b] oJaq§f §6joined the lobby!
00:10:36 [allowed] §b[MVP§a+§b] Bob_Apeirophob§f §6joined the lobby!
00:10:37 [allowed] §b[MVP§c+§b] aaron_pie8§f §6joined the lobby!
00:10:41 [allowed] §b[MVP§4+§b] Pink_Butler§f §6joined the lobby!
00:10:47 [allowed] §b[MVP§2+§b] SussyLilFart1829§f §6joined the lobby!
00:10:48 [allowed]  §b>§c>§a>§r §r§6[MVP§2++§6] thoought§f §6joined the lobby!§r §a<§c<§b<
00:10:56 [allowed] §b[MVP§0+§b] petersam51§f §6joined the lobby!
00:11:00 [allowed] §b[MVP§a+§b] ProcessPine828§f §6joined the lobby!
00:11:03 [allowed] §b[MVP§e+§b] gymrat1§f §6joined the lobby!
00:11:07 [allowed] §b[MVP§f+§b] _Lithid_§f §6joined the lobby!
00:11:08 [allowed] §b[MVP§f+§b] TheAzurX§f §6joined the lobby!
00:11:14 [allowed] §b[MVP§c+§b] miagne§f §6joined the lobby!
00:11:15 [allowed] §6[MVP§1++§6] bedsyy§f§r§f: do you spam click or hold down right click for mythical fish
00:11:16 [allowed] §b[MVP§d+§b] Carxot§f §6joined the lobby!
00:11:22 [allowed] §b[MVP§a+§b] SL_E§f §6joined the lobby!
00:11:23 [allowed] §b[MVP§c+§b] PeterDookie§f §6joined the lobby!
00:11:25 [allowed] §b[MVP§c+§b] Nikuli§f §6joined the lobby!
00:11:26 [allowed] §b[MVP§c+§b] kirvulol§f §6joined the lobby!
00:11:29 [allowed] §7ABJawesomeness§7§r§7: hi
00:11:34 [allowed] §b[MVP§6+§b] Suomiplayer11§f §6joined the lobby!
00:11:41 [allowed]  §b>§c>§a>§r §r§b[MVP§c++§b] Dynmap§f §6joined the lobby!§r §a<§c<§b<
00:11:44 [allowed] §7Sending to server mini66CD...
00:11:46 [allowed] §8 §r§8 §r§1 §r§3 §r§3 §r§7 §r§8 
00:11:46 [allowed]  
00:11:46 [allowed] §f       §7You have §31 §7pending §3Bestiary Milestone §7to be claimed!
00:11:46 [allowed] §f                    §6§l>>> §6§lCLICK HERE§e to claim it! §6§l<<<
00:11:46 [allowed]   
00:11:47 [allowed] 
00:11:47 [allowed] §eWelcome to §r§aHypixel SkyBlock§r§e!
00:11:47 [allowed] 
00:11:47 [allowed] §eLatest update: §bSkyBlock v0.22.1 §e§lCLICK
00:11:48 [allowed] §aYou are playing on profile: §eCoconut§b (Co-op)
00:11:48 [allowed] §8Profile ID: 4ef1bd42-ec32-42d4-afba-b766eacde1e7
00:11:54 [allowed] §9§m-----------------------------------------------------
00:11:54 [allowed] §b[MVP§r§0+§r§b] KobeAim §r§einvited §r§b[MVP§r§3+§r§b] spaisuiker §r§eto the party! They have §r§c60 §r§eseconds to accept.
00:11:54 [allowed] §9§m-----------------------------------------------------
00:12:03 [allowed] §dFrom §r§b[MVP§r§3+§r§b] spaisuiker§r§7: §r§7het is oke
00:12:08 [allowed] §dTo §r§b[MVP§r§3+§r§b] spaisuiker§r§7: §r§7kom gwn
00:12:12 [allowed] §7Warping you to your SkyBlock island...
00:12:12 [allowed] §7Sending to server mini79BB...
00:12:14 [allowed] §8 §r§8 §r§1 §r§3 §r§3 §r§7 §r§8 
00:12:14 [allowed]  
00:12:14 [allowed] §f       §7You have §31 §7pending §3Bestiary Milestone §7to be claimed!
00:12:14 [allowed] §f                    §6§l>>> §6§lCLICK HERE§e to claim it! §6§l<<<
00:12:14 [allowed]   
00:12:14 [allowed] §dFrom §r§b[MVP§r§3+§r§b] spaisuiker§r§7: §r§7ben minigames
00:12:15 [allowed] §dFrom §r§b[MVP§r§3+§r§b] spaisuiker§r§7: §r§7at doen
00:12:16 [allowed] §aYou are playing on profile: §eCoconut§b (Co-op)
00:12:16 [allowed] §8Profile ID: 4ef1bd42-ec32-42d4-afba-b766eacde1e7
00:12:20 [allowed] §dTo §r§b[MVP§r§3+§r§b] spaisuiker§r§7: §r§7nuh uh kom
00:12:23 [allowed] §cYou must double tap the drop button to drop this item!
00:12:23 [allowed] §cYou can disable this in the §r§fSettings§r§c in your §r§aSkyBlock Menu§r§c!
00:12:26 [allowed] §cThere are blocks in the way!
00:12:27 [allowed] §cThere are blocks in the way!
00:12:28 [allowed] §cThere are blocks in the way!
00:12:28 [allowed] §aFriend > §r§bdisbii §r§ejoined.
00:12:29 [allowed] §cThere are blocks in the way!
00:12:31 [allowed] §dFrom §r§b[MVP§r§3+§r§b] spaisuiker§r§7: §r§7ughjt
00:12:31 [allowed] §cThere are blocks in the way!
00:12:36 [allowed] §dFrom §r§b[MVP§r§3+§r§b] spaisuiker§r§7: §r§7kom naar mijn is
00:12:41 [allowed] §7Finding player...
00:12:43 [allowed] §7Sending a visit request...
00:12:43 [allowed] §7Sending to server mini68AU...
00:12:45 [allowed] §8 §r§8 §r§1 §r§3 §r§3 §r§7 §r§8 
00:12:45 [allowed] §aFriend > §r§bTigInATaco §r§eleft.
00:12:45 [allowed] §f§m-----------------------------------------------------
§r§cYou should NEVER enter your Microsoft account details anywhere but on official Microsoft services!

§r§cExternal links from untrusted sources should be avoided.
§r§f§m-----------------------------------------------------
00:12:45 [allowed]  
00:12:45 [allowed] §f       §7You have §31 §7pending §3Bestiary Milestone §7to be claimed!
00:12:45 [allowed] §f                    §6§l>>> §6§lCLICK HERE§e to claim it! §6§l<<<
00:12:45 [allowed]   
00:12:46 [allowed] §bspaisuiker §ahas sent you a trade request. §bClick here §ato accept!
00:12:47 [allowed] §aYou are playing on profile: §eCoconut§b (Co-op)
00:12:47 [allowed] §8Profile ID: 4ef1bd42-ec32-42d4-afba-b766eacde1e7
00:12:49 [allowed] §bspaisuiker §ahas sent you a trade request. §bClick here §ato accept!
00:12:54 [allowed] §9§m-----------------------------------------------------
00:12:54 [allowed] §eThe party invite to §r§b[MVP§r§3+§r§b] spaisuiker §r§ehas expired.
00:12:54 [allowed] §9§m-----------------------------------------------------
00:12:54 [allowed] §9§m-----------------------------------------------------
00:12:54 [allowed] §cThe party was disbanded because all invites expired and the party was empty.
00:12:54 [allowed] §9§m-----------------------------------------------------
00:12:55 [allowed] §6Trade completed with §r§b[MVP§r§3+§r§b] spaisuiker§r§f§r§6!
00:12:55 [allowed]  §r§c§l- §r§81x §r§5Overflux Power Orb
