12:51:34 Trying to load config from config\skyhanni\config.json
12:51:34 load-config-now
12:51:34 Loaded config from file
12:51:34 Trying to load sacks from config\skyhanni\sacks.json
12:51:35 load-sacks-now
12:51:35 Loaded sacks from file
12:51:35 Trying to load friends from config\skyhanni\friends.json
12:51:35 load-friends-now
12:51:35 Loaded friends from file
12:51:35 Trying to load known_features from config\skyhanni\known_features.json
12:51:35 load-known_features-now
12:51:35 Loaded known_features from file
12:51:35 Trying to load jacob_contests from config\skyhanni\jacob_contests.json
12:51:35 load-jacob_contests-now
12:51:35 Loaded jacob_contests from file
12:51:35 Trying to load visual_words from config\skyhanni\visual_words.json
12:51:35 Setting visual_words to be blank as it did not exist. It will be saved once something is written to it
12:52:35 saveConfig: auto-save-60s
12:52:35 Saving config file
12:52:35 Saved config file successfully
12:52:35 saveConfig: auto-save-60s
12:52:35 Saving config file
12:52:35 Saved config file successfully
12:53:35 saveConfig: auto-save-60s
12:53:35 Saving config file
12:53:35 Saved config file successfully
12:53:35 saveConfig: auto-save-60s
12:53:35 Saving config file
12:53:35 Saved config file successfully
12:54:35 saveConfig: auto-save-60s
12:54:35 Saving config file
12:54:35 Saved config file successfully
12:54:35 saveConfig: auto-save-60s
12:54:35 Saving config file
12:54:35 Saved config file successfully
12:54:57 saveConfig: Updated known feature flags
12:54:57 Saving known_features file
12:54:57 Saved known_features file successfully
12:54:57 saveConfig: Updated known feature flags
12:54:57 Saving known_features file
12:54:57 Saved known_features file successfully
12:55:35 saveConfig: auto-save-60s
12:55:35 Saving config file
12:55:35 Saved config file successfully
12:55:35 saveConfig: auto-save-60s
12:55:35 Saving config file
12:55:35 Saved config file successfully
12:56:05 saveConfig: saving-data
12:56:05 Saving sacks file
12:56:05 Saved sacks file successfully
12:56:05 saveConfig: saving-data
12:56:05 Saving sacks file
12:56:05 Saved sacks file successfully
12:56:35 saveConfig: auto-save-60s
12:56:35 Saving config file
12:56:35 Saved config file successfully
12:56:35 saveConfig: auto-save-60s
12:56:35 Saving config file
12:56:35 Saved config file successfully
12:57:35 saveConfig: auto-save-60s
12:57:35 Saving config file
12:57:35 Saved config file successfully
12:57:35 saveConfig: auto-save-60s
12:57:35 Saving config file
12:57:35 Saved config file successfully
12:58:35 saveConfig: auto-save-60s
12:58:35 Saving config file
12:58:35 Saved config file successfully
12:58:35 saveConfig: auto-save-60s
12:58:35 Saving config file
12:58:35 Saved config file successfully
12:59:35 saveConfig: auto-save-60s
12:59:35 Saving config file
12:59:35 Saved config file successfully
12:59:35 saveConfig: auto-save-60s
12:59:35 Saving config file
12:59:35 Saved config file successfully
13:00:15 saveConfig: saving-data
13:00:15 Saving sacks file
13:00:15 Saved sacks file successfully
13:00:15 saveConfig: saving-data
13:00:15 Saving sacks file
13:00:15 Saved sacks file successfully
13:00:22 saveConfig: saving-data
13:00:22 Saving sacks file
13:00:22 Saved sacks file successfully
13:00:22 saveConfig: saving-data
13:00:22 Saving sacks file
13:00:22 Saved sacks file successfully
13:00:34 saveConfig: saving-data
13:00:34 Saving sacks file
13:00:34 Saved sacks file successfully
13:00:34 saveConfig: saving-data
13:00:34 Saving sacks file
13:00:34 Saved sacks file successfully
13:00:35 saveConfig: auto-save-60s
13:00:35 Saving config file
13:00:35 Saved config file successfully
13:00:35 saveConfig: auto-save-60s
13:00:35 Saving config file
13:00:35 Saved config file successfully
13:01:35 saveConfig: auto-save-60s
13:01:35 Saving config file
13:01:35 Saved config file successfully
13:01:35 saveConfig: auto-save-60s
13:01:35 Saving config file
13:01:35 Saved config file successfully
13:02:35 saveConfig: auto-save-60s
13:02:35 Saving config file
13:02:35 Saved config file successfully
13:02:35 saveConfig: auto-save-60s
13:02:35 Saving config file
13:02:35 Saved config file successfully
13:03:22 saveConfig: saving-data
13:03:22 Saving sacks file
13:03:22 Saved sacks file successfully
13:03:22 saveConfig: saving-data
13:03:22 Saving sacks file
13:03:23 Saved sacks file successfully
13:03:29 saveConfig: saving-data
13:03:29 Saving sacks file
13:03:29 Saved sacks file successfully
13:03:29 saveConfig: saving-data
13:03:29 Saving sacks file
13:03:29 Saved sacks file successfully
13:03:35 saveConfig: auto-save-60s
13:03:35 Saving config file
13:03:35 Saved config file successfully
13:03:35 saveConfig: auto-save-60s
13:03:35 Saving config file
13:03:35 Saved config file successfully
13:04:20 saveConfig: saving-data
13:04:20 Saving sacks file
13:04:20 Saved sacks file successfully
13:04:20 saveConfig: saving-data
13:04:20 Saving sacks file
13:04:20 Saved sacks file successfully
13:04:33 saveConfig: saving-data
13:04:33 Saving sacks file
13:04:33 Saved sacks file successfully
13:04:33 saveConfig: saving-data
13:04:33 Saving sacks file
13:04:33 Saved sacks file successfully
13:04:35 saveConfig: auto-save-60s
13:04:35 Saving config file
13:04:35 Saved config file successfully
13:04:35 saveConfig: auto-save-60s
13:04:35 Saving config file
13:04:35 Saved config file successfully
13:05:35 saveConfig: auto-save-60s
13:05:35 Saving config file
13:05:35 Saved config file successfully
13:05:35 saveConfig: auto-save-60s
13:05:35 Saving config file
13:05:35 Saved config file successfully
13:06:35 saveConfig: auto-save-60s
13:06:35 Saving config file
13:06:35 Saved config file successfully
13:06:35 saveConfig: auto-save-60s
13:06:35 Saving config file
13:06:35 Saved config file successfully
13:07:35 saveConfig: auto-save-60s
13:07:35 Saving config file
13:07:35 Saved config file successfully
13:07:35 saveConfig: auto-save-60s
13:07:35 Saving config file
13:07:35 Saved config file successfully
13:08:35 saveConfig: auto-save-60s
13:08:35 Saving config file
13:08:35 Saved config file successfully
13:08:35 saveConfig: auto-save-60s
13:08:35 Saving config file
13:08:35 Saved config file successfully
13:08:57 saveConfig: saving-data
13:08:57 Saving sacks file
13:08:57 Saved sacks file successfully
13:08:57 saveConfig: saving-data
13:08:57 Saving sacks file
13:08:57 Saved sacks file successfully
13:09:16 saveConfig: saving-data
13:09:16 Saving sacks file
13:09:16 Saved sacks file successfully
13:09:16 saveConfig: saving-data
13:09:16 Saving sacks file
13:09:16 Saved sacks file successfully
13:09:35 saveConfig: auto-save-60s
13:09:35 Saving config file
13:09:35 Saved config file successfully
13:09:35 saveConfig: auto-save-60s
13:09:35 Saving config file
13:09:35 Saved config file successfully
13:10:35 saveConfig: auto-save-60s
13:10:35 Saving config file
13:10:35 Saved config file successfully
13:10:35 saveConfig: auto-save-60s
13:10:35 Saving config file
13:10:35 Saved config file successfully
13:11:35 saveConfig: auto-save-60s
13:11:35 Saving config file
13:11:35 Saved config file successfully
13:11:35 saveConfig: auto-save-60s
13:11:35 Saving config file
13:11:35 Saved config file successfully
13:12:35 saveConfig: auto-save-60s
13:12:35 Saving config file
13:12:35 Saved config file successfully
13:12:35 saveConfig: auto-save-60s
13:12:35 Saving config file
13:12:35 Saved config file successfully
13:13:35 saveConfig: auto-save-60s
13:13:35 Saving config file
13:13:35 Saved config file successfully
13:13:35 saveConfig: auto-save-60s
13:13:35 Saving config file
13:13:35 Saved config file successfully
13:14:35 saveConfig: auto-save-60s
13:14:35 Saving config file
13:14:35 Saved config file successfully
13:14:35 saveConfig: auto-save-60s
13:14:35 Saving config file
13:14:35 Saved config file successfully
13:15:35 saveConfig: auto-save-60s
13:15:35 Saving config file
13:15:35 Saved config file successfully
13:15:35 saveConfig: auto-save-60s
13:15:35 Saving config file
13:15:35 Saved config file successfully
13:16:35 saveConfig: auto-save-60s
13:16:35 Saving config file
13:16:35 Saved config file successfully
13:16:35 saveConfig: auto-save-60s
13:16:35 Saving config file
13:16:35 Saved config file successfully
13:17:35 saveConfig: auto-save-60s
13:17:35 Saving config file
13:17:35 Saved config file successfully
13:17:35 saveConfig: auto-save-60s
13:17:35 Saving config file
13:17:35 Saved config file successfully
13:18:35 saveConfig: auto-save-60s
13:18:35 Saving config file
13:18:35 Saved config file successfully
13:18:35 saveConfig: auto-save-60s
13:18:35 Saving config file
13:18:35 Saved config file successfully
13:19:35 saveConfig: auto-save-60s
13:19:35 Saving config file
13:19:35 Saved config file successfully
13:19:35 saveConfig: auto-save-60s
13:19:35 Saving config file
13:19:35 Saved config file successfully
13:20:35 saveConfig: auto-save-60s
13:20:35 Saving config file
13:20:35 Saved config file successfully
13:20:35 saveConfig: auto-save-60s
13:20:35 Saving config file
13:20:35 Saved config file successfully
13:21:35 saveConfig: auto-save-60s
13:21:35 Saving config file
13:21:35 Saved config file successfully
13:21:35 saveConfig: auto-save-60s
13:21:35 Saving config file
13:21:35 Saved config file successfully
13:22:35 saveConfig: auto-save-60s
13:22:35 Saving config file
13:22:35 Saved config file successfully
13:22:35 saveConfig: auto-save-60s
13:22:35 Saving config file
13:22:35 Saved config file successfully
13:23:35 saveConfig: auto-save-60s
13:23:35 Saving config file
13:23:35 Saved config file successfully
13:23:35 saveConfig: auto-save-60s
13:23:35 Saving config file
13:23:35 Saved config file successfully
13:24:35 saveConfig: auto-save-60s
13:24:35 Saving config file
13:24:35 Saved config file successfully
13:24:35 saveConfig: auto-save-60s
13:24:35 Saving config file
13:24:35 Saved config file successfully
13:25:35 saveConfig: auto-save-60s
13:25:35 Saving config file
13:25:35 Saved config file successfully
13:25:35 saveConfig: auto-save-60s
13:25:35 Saving config file
13:25:35 Saved config file successfully
13:26:35 saveConfig: auto-save-60s
13:26:35 Saving config file
13:26:35 Saved config file successfully
13:26:35 saveConfig: auto-save-60s
13:26:35 Saving config file
13:26:35 Saved config file successfully
13:27:35 saveConfig: auto-save-60s
13:27:35 Saving config file
13:27:35 Saved config file successfully
13:27:35 saveConfig: auto-save-60s
13:27:35 Saving config file
13:27:35 Saved config file successfully
13:28:35 saveConfig: auto-save-60s
13:28:35 Saving config file
13:28:35 Saved config file successfully
13:28:35 saveConfig: auto-save-60s
13:28:35 Saving config file
13:28:35 Saved config file successfully
13:29:35 saveConfig: auto-save-60s
13:29:35 Saving config file
13:29:35 Saved config file successfully
13:29:35 saveConfig: auto-save-60s
13:29:35 Saving config file
13:29:35 Saved config file successfully
13:30:35 saveConfig: auto-save-60s
13:30:35 Saving config file
13:30:35 Saved config file successfully
13:30:35 saveConfig: auto-save-60s
13:30:35 Saving config file
13:30:35 Saved config file successfully
13:31:35 saveConfig: auto-save-60s
13:31:35 Saving config file
13:31:35 Saved config file successfully
13:31:35 saveConfig: auto-save-60s
13:31:35 Saving config file
13:31:35 Saved config file successfully
13:32:35 saveConfig: auto-save-60s
13:32:35 Saving config file
13:32:35 Saved config file successfully
13:32:35 saveConfig: auto-save-60s
13:32:35 Saving config file
13:32:35 Saved config file successfully
13:33:35 saveConfig: auto-save-60s
13:33:35 Saving config file
13:33:35 Saved config file successfully
13:33:35 saveConfig: auto-save-60s
13:33:35 Saving config file
13:33:35 Saved config file successfully
13:34:35 saveConfig: auto-save-60s
13:34:35 Saving config file
13:34:35 Saved config file successfully
13:34:35 saveConfig: auto-save-60s
13:34:35 Saving config file
13:34:35 Saved config file successfully
13:35:35 saveConfig: auto-save-60s
13:35:35 Saving config file
13:35:35 Saved config file successfully
13:35:35 saveConfig: auto-save-60s
13:35:35 Saving config file
13:35:35 Saved config file successfully
13:35:57 saveConfig: saving-data
13:35:57 Saving sacks file
13:35:57 Saved sacks file successfully
13:35:57 saveConfig: saving-data
13:35:57 Saving sacks file
13:35:57 Saved sacks file successfully
13:36:35 saveConfig: auto-save-60s
13:36:35 Saving config file
13:36:35 Saved config file successfully
13:36:35 saveConfig: auto-save-60s
13:36:35 Saving config file
13:36:35 Saved config file successfully
13:37:35 saveConfig: auto-save-60s
13:37:35 Saving config file
13:37:35 Saved config file successfully
13:37:35 saveConfig: auto-save-60s
13:37:35 Saving config file
13:37:35 Saved config file successfully
13:38:25 saveConfig: saving-data
13:38:25 Saving sacks file
13:38:25 Saved sacks file successfully
13:38:25 saveConfig: saving-data
13:38:25 Saving sacks file
13:38:25 Saved sacks file successfully
13:38:35 saveConfig: auto-save-60s
13:38:35 Saving config file
13:38:35 Saved config file successfully
13:38:35 saveConfig: auto-save-60s
13:38:35 Saving config file
13:38:35 Saved config file successfully
13:39:23 saveConfig: saving-data
13:39:23 Saving sacks file
13:39:23 Saved sacks file successfully
13:39:23 saveConfig: saving-data
13:39:23 Saving sacks file
13:39:23 Saved sacks file successfully
13:39:35 saveConfig: auto-save-60s
13:39:35 Saving config file
13:39:35 Saved config file successfully
13:39:35 saveConfig: auto-save-60s
13:39:35 Saving config file
13:39:35 Saved config file successfully
13:40:35 saveConfig: auto-save-60s
13:40:35 Saving config file
13:40:35 Saved config file successfully
13:40:35 saveConfig: auto-save-60s
13:40:35 Saving config file
13:40:35 Saved config file successfully
13:41:35 saveConfig: auto-save-60s
13:41:35 Saving config file
13:41:35 Saved config file successfully
13:41:35 saveConfig: auto-save-60s
13:41:35 Saving config file
13:41:35 Saved config file successfully
13:42:20 saveConfig: saving-data
13:42:20 Saving sacks file
13:42:20 Saved sacks file successfully
13:42:20 saveConfig: saving-data
13:42:20 Saving sacks file
13:42:20 Saved sacks file successfully
13:42:35 saveConfig: auto-save-60s
13:42:35 Saving config file
13:42:35 Saved config file successfully
13:42:35 saveConfig: auto-save-60s
13:42:35 Saving config file
13:42:35 Saved config file successfully
13:43:35 saveConfig: auto-save-60s
13:43:35 Saving config file
13:43:35 Saved config file successfully
13:43:35 saveConfig: auto-save-60s
13:43:35 Saving config file
13:43:35 Saved config file successfully
13:44:35 saveConfig: auto-save-60s
13:44:35 Saving config file
13:44:35 Saved config file successfully
13:44:35 saveConfig: auto-save-60s
13:44:35 Saving config file
13:44:35 Saved config file successfully
13:44:37 saveConfig: Save contests
13:44:37 Saving jacob_contests file
13:44:37 Saved jacob_contests file successfully
13:44:37 saveConfig: Save contests
13:44:37 Saving jacob_contests file
13:44:38 Saved jacob_contests file successfully
13:45:35 saveConfig: auto-save-60s
13:45:35 Saving config file
13:45:35 Saved config file successfully
13:45:35 saveConfig: auto-save-60s
13:45:35 Saving config file
13:45:35 Saved config file successfully
13:46:35 saveConfig: auto-save-60s
13:46:35 Saving config file
13:46:35 Saved config file successfully
13:46:35 saveConfig: auto-save-60s
13:46:35 Saving config file
13:46:35 Saved config file successfully
13:47:07 saveConfig: saving-data
13:47:07 Saving sacks file
13:47:07 Saved sacks file successfully
13:47:07 saveConfig: saving-data
13:47:07 Saving sacks file
13:47:07 Saved sacks file successfully
13:47:35 saveConfig: auto-save-60s
13:47:35 Saving config file
13:47:35 Saved config file successfully
13:47:35 saveConfig: auto-save-60s
13:47:35 Saving config file
13:47:35 Saved config file successfully
13:47:48 saveConfig: saving-data
13:47:48 Saving sacks file
13:47:48 Saved sacks file successfully
13:47:48 saveConfig: saving-data
13:47:48 Saving sacks file
13:47:48 Saved sacks file successfully
13:48:15 saveConfig: saving-data
13:48:15 Saving sacks file
13:48:15 Saved sacks file successfully
13:48:15 saveConfig: saving-data
13:48:15 Saving sacks file
13:48:15 Saved sacks file successfully
13:48:35 saveConfig: auto-save-60s
13:48:35 Saving config file
13:48:35 Saved config file successfully
13:48:35 saveConfig: auto-save-60s
13:48:35 Saving config file
13:48:35 Saved config file successfully
13:48:42 saveConfig: saving-data
13:48:42 Saving sacks file
13:48:42 Saved sacks file successfully
13:48:42 saveConfig: saving-data
13:48:42 Saving sacks file
13:48:42 Saved sacks file successfully
13:48:56 saveConfig: saving-data
13:48:56 Saving sacks file
13:48:56 Saved sacks file successfully
13:48:56 saveConfig: saving-data
13:48:56 Saving sacks file
13:48:56 Saved sacks file successfully
13:49:35 saveConfig: auto-save-60s
13:49:35 Saving config file
13:49:35 Saved config file successfully
13:49:35 saveConfig: auto-save-60s
13:49:35 Saving config file
13:49:35 Saved config file successfully
13:49:36 saveConfig: saving-data
13:49:36 Saving sacks file
13:49:36 Saved sacks file successfully
13:49:36 saveConfig: saving-data
13:49:36 Saving sacks file
13:49:36 Saved sacks file successfully
13:50:32 saveConfig: saving-data
13:50:32 Saving sacks file
13:50:32 Saved sacks file successfully
13:50:32 saveConfig: saving-data
13:50:32 Saving sacks file
13:50:32 Saved sacks file successfully
13:50:35 saveConfig: auto-save-60s
13:50:35 Saving config file
13:50:35 Saved config file successfully
13:50:35 saveConfig: auto-save-60s
13:50:35 Saving config file
13:50:35 Saved config file successfully
13:51:35 saveConfig: auto-save-60s
13:51:35 Saving config file
13:51:35 Saved config file successfully
13:51:35 saveConfig: auto-save-60s
13:51:35 Saving config file
13:51:35 Saved config file successfully
13:52:09 saveConfig: saving-data
13:52:09 Saving sacks file
13:52:09 Saved sacks file successfully
13:52:09 saveConfig: saving-data
13:52:09 Saving sacks file
13:52:09 Saved sacks file successfully
13:52:35 saveConfig: auto-save-60s
13:52:35 Saving config file
13:52:35 Saved config file successfully
13:52:35 saveConfig: auto-save-60s
13:52:35 Saving config file
13:52:35 Saved config file successfully
13:52:48 saveConfig: saving-data
13:52:48 Saving sacks file
13:52:48 Saved sacks file successfully
13:52:48 saveConfig: saving-data
13:52:48 Saving sacks file
13:52:48 Saved sacks file successfully
13:53:32 saveConfig: saving-data
13:53:32 Saving sacks file
13:53:32 Saved sacks file successfully
13:53:32 saveConfig: saving-data
13:53:32 Saving sacks file
13:53:32 Saved sacks file successfully
13:53:35 saveConfig: auto-save-60s
13:53:35 Saving config file
13:53:35 Saved config file successfully
13:53:35 saveConfig: auto-save-60s
13:53:35 Saving config file
13:53:35 Saved config file successfully
13:53:43 saveConfig: saving-data
13:53:43 Saving sacks file
13:53:43 Saved sacks file successfully
13:53:43 saveConfig: saving-data
13:53:43 Saving sacks file
13:53:43 Saved sacks file successfully
13:53:52 saveConfig: saving-data
13:53:52 Saving sacks file
13:53:52 Saved sacks file successfully
13:53:52 saveConfig: saving-data
13:53:52 Saving sacks file
13:53:52 Saved sacks file successfully
13:54:11 saveConfig: saving-data
13:54:11 Saving sacks file
13:54:11 Saved sacks file successfully
13:54:11 saveConfig: saving-data
13:54:11 Saving sacks file
13:54:11 Saved sacks file successfully
13:54:20 saveConfig: saving-data
13:54:20 Saving sacks file
13:54:20 Saved sacks file successfully
13:54:20 saveConfig: saving-data
13:54:20 Saving sacks file
13:54:20 Saved sacks file successfully
13:54:35 saveConfig: auto-save-60s
13:54:35 Saving config file
13:54:35 Saved config file successfully
13:54:35 saveConfig: auto-save-60s
13:54:35 Saving config file
13:54:35 Saved config file successfully
13:54:55 saveConfig: saving-data
13:54:55 Saving sacks file
13:54:55 Saved sacks file successfully
13:54:55 saveConfig: saving-data
13:54:55 Saving sacks file
13:54:55 Saved sacks file successfully
13:55:08 saveConfig: Save contests
13:55:08 Saving jacob_contests file
13:55:08 Saved jacob_contests file successfully
13:55:08 saveConfig: Save contests
13:55:08 Saving jacob_contests file
13:55:08 Saved jacob_contests file successfully
13:55:35 saveConfig: auto-save-60s
13:55:35 Saving config file
13:55:35 Saved config file successfully
13:55:35 saveConfig: auto-save-60s
13:55:35 Saving config file
13:55:35 Saved config file successfully
13:56:35 saveConfig: auto-save-60s
13:56:35 Saving config file
13:56:35 Saved config file successfully
13:56:35 saveConfig: auto-save-60s
13:56:35 Saving config file
13:56:35 Saved config file successfully
13:57:35 saveConfig: auto-save-60s
13:57:35 Saving config file
13:57:35 Saved config file successfully
13:57:35 saveConfig: auto-save-60s
13:57:35 Saving config file
13:57:35 Saved config file successfully
13:58:35 saveConfig: auto-save-60s
13:58:35 Saving config file
13:58:35 Saved config file successfully
13:58:35 saveConfig: auto-save-60s
13:58:35 Saving config file
13:58:35 Saved config file successfully
13:59:35 saveConfig: auto-save-60s
13:59:35 Saving config file
13:59:35 Saved config file successfully
13:59:35 saveConfig: auto-save-60s
13:59:35 Saving config file
13:59:35 Saved config file successfully
14:00:35 saveConfig: auto-save-60s
14:00:35 Saving config file
14:00:35 Saved config file successfully
14:00:35 saveConfig: auto-save-60s
14:00:35 Saving config file
14:00:35 Saved config file successfully
14:01:35 saveConfig: auto-save-60s
14:01:35 Saving config file
14:01:35 Saved config file successfully
14:01:35 saveConfig: auto-save-60s
14:01:35 Saving config file
14:01:35 Saved config file successfully
14:02:35 saveConfig: auto-save-60s
14:02:35 Saving config file
14:02:35 Saved config file successfully
14:02:35 saveConfig: auto-save-60s
14:02:35 Saving config file
14:02:35 Saved config file successfully
14:03:35 saveConfig: auto-save-60s
14:03:35 Saving config file
14:03:35 Saved config file successfully
14:03:35 saveConfig: auto-save-60s
14:03:35 Saving config file
14:03:35 Saved config file successfully
14:04:35 saveConfig: auto-save-60s
14:04:35 Saving config file
14:04:35 Saved config file successfully
14:04:35 saveConfig: auto-save-60s
14:04:35 Saving config file
14:04:35 Saved config file successfully
14:05:35 saveConfig: auto-save-60s
14:05:35 Saving config file
14:05:35 Saved config file successfully
14:05:35 saveConfig: auto-save-60s
14:05:35 Saving config file
14:05:35 Saved config file successfully
14:06:35 saveConfig: auto-save-60s
14:06:35 Saving config file
14:06:35 Saved config file successfully
14:06:35 saveConfig: auto-save-60s
14:06:35 Saving config file
14:06:35 Saved config file successfully
14:07:35 saveConfig: auto-save-60s
14:07:35 Saving config file
14:07:35 Saved config file successfully
14:07:35 saveConfig: auto-save-60s
14:07:35 Saving config file
14:07:35 Saved config file successfully
14:08:35 saveConfig: auto-save-60s
14:08:35 Saving config file
14:08:35 Saved config file successfully
14:08:35 saveConfig: auto-save-60s
14:08:35 Saving config file
14:08:35 Saved config file successfully
14:09:35 saveConfig: auto-save-60s
14:09:35 Saving config file
14:09:35 Saved config file successfully
14:09:35 saveConfig: auto-save-60s
14:09:35 Saving config file
14:09:35 Saved config file successfully
14:10:35 saveConfig: auto-save-60s
14:10:35 Saving config file
14:10:35 Saved config file successfully
14:10:35 saveConfig: auto-save-60s
14:10:35 Saving config file
14:10:35 Saved config file successfully
14:11:35 saveConfig: auto-save-60s
14:11:35 Saving config file
14:11:35 Saved config file successfully
14:11:35 saveConfig: auto-save-60s
14:11:35 Saving config file
14:11:35 Saved config file successfully
14:12:19 saveConfig: saving-data
14:12:19 Saving sacks file
14:12:19 Saved sacks file successfully
14:12:19 saveConfig: saving-data
14:12:19 Saving sacks file
14:12:19 Saved sacks file successfully
14:12:34 saveConfig: saving-data
14:12:34 Saving sacks file
14:12:34 Saved sacks file successfully
14:12:34 saveConfig: saving-data
14:12:34 Saving sacks file
14:12:34 Saved sacks file successfully
14:12:35 saveConfig: auto-save-60s
14:12:35 Saving config file
14:12:35 Saved config file successfully
14:12:35 saveConfig: auto-save-60s
14:12:35 Saving config file
14:12:35 Saved config file successfully
14:12:42 saveConfig: saving-data
14:12:42 Saving sacks file
14:12:42 Saved sacks file successfully
14:12:42 saveConfig: saving-data
14:12:42 Saving sacks file
14:12:42 Saved sacks file successfully
14:13:03 saveConfig: saving-data
14:13:03 Saving sacks file
14:13:03 Saved sacks file successfully
14:13:03 saveConfig: saving-data
14:13:03 Saving sacks file
14:13:03 Saved sacks file successfully
14:13:24 saveConfig: saving-data
14:13:24 Saving sacks file
14:13:24 Saved sacks file successfully
14:13:24 saveConfig: saving-data
14:13:24 Saving sacks file
14:13:24 Saved sacks file successfully
14:13:33 saveConfig: saving-data
14:13:33 Saving sacks file
14:13:33 Saved sacks file successfully
14:13:33 saveConfig: saving-data
14:13:33 Saving sacks file
14:13:33 Saved sacks file successfully
14:13:35 saveConfig: auto-save-60s
14:13:35 Saving config file
14:13:35 Saved config file successfully
14:13:35 saveConfig: auto-save-60s
14:13:35 Saving config file
14:13:35 Saved config file successfully
14:13:39 saveConfig: saving-data
14:13:39 Saving sacks file
14:13:39 Saved sacks file successfully
14:13:39 saveConfig: saving-data
14:13:39 Saving sacks file
14:13:39 Saved sacks file successfully
14:13:47 saveConfig: saving-data
14:13:47 Saving sacks file
14:13:47 Saved sacks file successfully
14:13:47 saveConfig: saving-data
14:13:47 Saving sacks file
14:13:47 Saved sacks file successfully
14:14:26 saveConfig: saving-data
14:14:26 Saving sacks file
14:14:26 Saved sacks file successfully
14:14:26 saveConfig: saving-data
14:14:26 Saving sacks file
14:14:26 Saved sacks file successfully
14:14:34 saveConfig: saving-data
14:14:34 Saving sacks file
14:14:34 Saved sacks file successfully
14:14:34 saveConfig: saving-data
14:14:34 Saving sacks file
14:14:34 Saved sacks file successfully
14:14:35 saveConfig: auto-save-60s
14:14:35 Saving config file
14:14:35 Saved config file successfully
14:14:35 saveConfig: auto-save-60s
14:14:35 Saving config file
14:14:35 Saved config file successfully
14:15:35 saveConfig: auto-save-60s
14:15:35 Saving config file
14:15:35 Saved config file successfully
14:15:35 saveConfig: auto-save-60s
14:15:35 Saving config file
14:15:35 Saved config file successfully
14:16:35 saveConfig: auto-save-60s
14:16:35 Saving config file
14:16:35 Saved config file successfully
14:16:35 saveConfig: auto-save-60s
14:16:35 Saving config file
14:16:35 Saved config file successfully
14:17:35 saveConfig: auto-save-60s
14:17:35 Saving config file
14:17:35 Saved config file successfully
14:17:35 saveConfig: auto-save-60s
14:17:35 Saving config file
14:17:35 Saved config file successfully
14:17:54 saveConfig: saving-data
14:17:54 Saving sacks file
14:17:54 Saved sacks file successfully
14:17:54 saveConfig: saving-data
14:17:54 Saving sacks file
14:17:54 Saved sacks file successfully
14:18:02 saveConfig: saving-data
14:18:02 Saving sacks file
14:18:02 Saved sacks file successfully
14:18:02 saveConfig: saving-data
14:18:02 Saving sacks file
14:18:02 Saved sacks file successfully
14:18:35 saveConfig: auto-save-60s
14:18:35 Saving config file
14:18:35 Saved config file successfully
14:18:35 saveConfig: auto-save-60s
14:18:35 Saving config file
14:18:35 Saved config file successfully
14:19:35 saveConfig: auto-save-60s
14:19:35 Saving config file
14:19:35 Saved config file successfully
14:19:35 saveConfig: auto-save-60s
14:19:35 Saving config file
14:19:35 Saved config file successfully
14:20:35 saveConfig: auto-save-60s
14:20:35 Saving config file
14:20:35 Saved config file successfully
14:20:35 saveConfig: auto-save-60s
14:20:35 Saving config file
14:20:35 Saved config file successfully
14:21:35 saveConfig: auto-save-60s
14:21:35 Saving config file
14:21:35 Saved config file successfully
14:21:35 saveConfig: auto-save-60s
14:21:35 Saving config file
14:21:35 Saved config file successfully
14:22:35 saveConfig: auto-save-60s
14:22:35 Saving config file
14:22:35 Saved config file successfully
14:22:35 saveConfig: auto-save-60s
14:22:35 Saving config file
14:22:35 Saved config file successfully
14:22:51 saveConfig: Save contests
14:22:51 Saving jacob_contests file
14:22:51 Saved jacob_contests file successfully
14:22:51 saveConfig: Save contests
14:22:51 Saving jacob_contests file
14:22:51 Saved jacob_contests file successfully
14:23:35 saveConfig: auto-save-60s
14:23:35 Saving config file
14:23:35 Saved config file successfully
14:23:35 saveConfig: auto-save-60s
14:23:35 Saving config file
14:23:35 Saved config file successfully
14:24:35 saveConfig: auto-save-60s
14:24:35 Saving config file
14:24:35 Saved config file successfully
14:24:35 saveConfig: auto-save-60s
14:24:35 Saving config file
14:24:35 Saved config file successfully
14:25:35 saveConfig: auto-save-60s
14:25:35 Saving config file
14:25:35 Saved config file successfully
14:25:35 saveConfig: auto-save-60s
14:25:35 Saving config file
14:25:35 Saved config file successfully
14:26:35 saveConfig: auto-save-60s
14:26:35 Saving config file
14:26:35 Saved config file successfully
14:26:35 saveConfig: auto-save-60s
14:26:35 Saving config file
14:26:35 Saved config file successfully
14:27:35 saveConfig: auto-save-60s
14:27:35 Saving config file
14:27:35 Saved config file successfully
14:27:35 saveConfig: auto-save-60s
14:27:35 Saving config file
14:27:35 Saved config file successfully
14:28:35 saveConfig: auto-save-60s
14:28:35 Saving config file
14:28:35 Saved config file successfully
14:28:35 saveConfig: auto-save-60s
14:28:35 Saving config file
14:28:35 Saved config file successfully
14:29:35 saveConfig: auto-save-60s
14:29:35 Saving config file
14:29:35 Saved config file successfully
14:29:35 saveConfig: auto-save-60s
14:29:35 Saving config file
14:29:35 Saved config file successfully
14:30:35 saveConfig: auto-save-60s
14:30:35 Saving config file
14:30:35 Saved config file successfully
14:30:35 saveConfig: auto-save-60s
14:30:35 Saving config file
14:30:35 Saved config file successfully
14:31:35 saveConfig: auto-save-60s
14:31:35 Saving config file
14:31:35 Saved config file successfully
14:31:35 saveConfig: auto-save-60s
14:31:35 Saving config file
14:31:35 Saved config file successfully
14:32:35 saveConfig: auto-save-60s
14:32:35 Saving config file
14:32:35 Saved config file successfully
14:32:35 saveConfig: auto-save-60s
14:32:35 Saving config file
14:32:35 Saved config file successfully
14:33:35 saveConfig: auto-save-60s
14:33:35 Saving config file
14:33:35 Saved config file successfully
14:33:35 saveConfig: auto-save-60s
14:33:35 Saving config file
14:33:35 Saved config file successfully
14:34:35 saveConfig: auto-save-60s
14:34:35 Saving config file
14:34:35 Saved config file successfully
14:34:35 saveConfig: auto-save-60s
14:34:35 Saving config file
14:34:35 Saved config file successfully
14:35:35 saveConfig: auto-save-60s
14:35:35 Saving config file
14:35:35 Saved config file successfully
14:35:35 saveConfig: auto-save-60s
14:35:35 Saving config file
14:35:35 Saved config file successfully
14:36:35 saveConfig: auto-save-60s
14:36:35 Saving config file
14:36:35 Saved config file successfully
14:36:35 saveConfig: auto-save-60s
14:36:35 Saving config file
14:36:35 Saved config file successfully
14:37:35 saveConfig: auto-save-60s
14:37:35 Saving config file
14:37:35 Saved config file successfully
14:37:35 saveConfig: auto-save-60s
14:37:35 Saving config file
14:37:35 Saved config file successfully
14:38:35 saveConfig: auto-save-60s
14:38:35 Saving config file
14:38:35 Saved config file successfully
14:38:35 saveConfig: auto-save-60s
14:38:35 Saving config file
14:38:35 Saved config file successfully
14:39:35 saveConfig: auto-save-60s
14:39:35 Saving config file
14:39:35 Saved config file successfully
14:39:35 saveConfig: auto-save-60s
14:39:35 Saving config file
14:39:35 Saved config file successfully
14:40:35 saveConfig: auto-save-60s
14:40:35 Saving config file
14:40:35 Saved config file successfully
14:40:35 saveConfig: auto-save-60s
14:40:35 Saving config file
14:40:35 Saved config file successfully
14:41:35 saveConfig: auto-save-60s
14:41:35 Saving config file
14:41:35 Saved config file successfully
14:41:35 saveConfig: auto-save-60s
14:41:35 Saving config file
14:41:35 Saved config file successfully
14:42:35 saveConfig: auto-save-60s
14:42:35 Saving config file
14:42:35 Saved config file successfully
14:42:35 saveConfig: auto-save-60s
14:42:35 Saving config file
14:42:35 Saved config file successfully
14:43:35 saveConfig: auto-save-60s
14:43:35 Saving config file
14:43:35 Saved config file successfully
14:43:35 saveConfig: auto-save-60s
14:43:35 Saving config file
14:43:35 Saved config file successfully
14:44:35 saveConfig: auto-save-60s
14:44:35 Saving config file
14:44:35 Saved config file successfully
14:44:35 saveConfig: auto-save-60s
14:44:35 Saving config file
14:44:35 Saved config file successfully
14:45:35 saveConfig: auto-save-60s
14:45:35 Saving config file
14:45:35 Saved config file successfully
14:45:35 saveConfig: auto-save-60s
14:45:35 Saving config file
14:45:35 Saved config file successfully
14:45:35 saveConfig: saving-data
14:45:35 Saving sacks file
14:45:35 Saved sacks file successfully
14:45:35 saveConfig: saving-data
14:45:35 Saving sacks file
14:45:35 Saved sacks file successfully
14:46:35 saveConfig: auto-save-60s
14:46:35 Saving config file
14:46:35 Saved config file successfully
14:46:35 saveConfig: auto-save-60s
14:46:35 Saving config file
14:46:35 Saved config file successfully
14:47:35 saveConfig: auto-save-60s
14:47:35 Saving config file
14:47:35 Saved config file successfully
14:47:35 saveConfig: auto-save-60s
14:47:35 Saving config file
14:47:35 Saved config file successfully
14:48:35 saveConfig: auto-save-60s
14:48:35 Saving config file
14:48:35 Saved config file successfully
14:48:35 saveConfig: auto-save-60s
14:48:35 Saving config file
14:48:35 Saved config file successfully
14:49:01 saveConfig: Save contests
14:49:01 Saving jacob_contests file
14:49:01 Saved jacob_contests file successfully
14:49:01 saveConfig: Save contests
14:49:01 Saving jacob_contests file
14:49:01 Saved jacob_contests file successfully
14:49:35 saveConfig: auto-save-60s
14:49:35 Saving config file
14:49:35 Saved config file successfully
14:49:35 saveConfig: auto-save-60s
14:49:35 Saving config file
14:49:35 Saved config file successfully
14:50:35 saveConfig: auto-save-60s
14:50:35 Saving config file
14:50:35 Saved config file successfully
14:50:35 saveConfig: auto-save-60s
14:50:35 Saving config file
14:50:35 Saved config file successfully
14:51:35 saveConfig: auto-save-60s
14:51:35 Saving config file
14:51:35 Saved config file successfully
14:51:35 saveConfig: auto-save-60s
14:51:35 Saving config file
14:51:35 Saved config file successfully
14:52:35 saveConfig: auto-save-60s
14:52:35 Saving config file
14:52:35 Saved config file successfully
14:52:35 saveConfig: auto-save-60s
14:52:35 Saving config file
14:52:35 Saved config file successfully
14:53:23 saveConfig: Save contests
14:53:23 Saving jacob_contests file
14:53:23 Saved jacob_contests file successfully
14:53:23 saveConfig: Save contests
14:53:23 Saving jacob_contests file
14:53:23 Saved jacob_contests file successfully
14:53:35 saveConfig: auto-save-60s
14:53:35 Saving config file
14:53:35 Saved config file successfully
14:53:35 saveConfig: auto-save-60s
14:53:35 Saving config file
14:53:35 Saved config file successfully
14:53:42 saveConfig: Save contests
14:53:42 Saving jacob_contests file
14:53:42 Saved jacob_contests file successfully
14:53:42 saveConfig: Save contests
14:53:42 Saving jacob_contests file
14:53:42 Saved jacob_contests file successfully
14:54:35 saveConfig: auto-save-60s
14:54:35 Saving config file
14:54:35 Saved config file successfully
14:54:35 saveConfig: auto-save-60s
14:54:35 Saving config file
14:54:35 Saved config file successfully
14:55:35 saveConfig: auto-save-60s
14:55:35 Saving config file
14:55:35 Saved config file successfully
14:55:35 saveConfig: auto-save-60s
14:55:35 Saving config file
14:55:35 Saved config file successfully
14:56:35 saveConfig: auto-save-60s
14:56:35 Saving config file
14:56:35 Saved config file successfully
14:56:35 saveConfig: auto-save-60s
14:56:35 Saving config file
14:56:35 Saved config file successfully
14:57:35 saveConfig: auto-save-60s
14:57:35 Saving config file
14:57:35 Saved config file successfully
14:57:35 saveConfig: auto-save-60s
14:57:35 Saving config file
14:57:35 Saved config file successfully
14:58:35 saveConfig: auto-save-60s
14:58:35 Saving config file
14:58:35 Saved config file successfully
14:58:35 saveConfig: auto-save-60s
14:58:35 Saving config file
14:58:35 Saved config file successfully
14:59:35 saveConfig: auto-save-60s
14:59:35 Saving config file
14:59:35 Saved config file successfully
14:59:35 saveConfig: auto-save-60s
14:59:35 Saving config file
14:59:35 Saved config file successfully
15:00:35 saveConfig: auto-save-60s
15:00:35 Saving config file
15:00:35 Saved config file successfully
15:00:35 saveConfig: auto-save-60s
15:00:35 Saving config file
15:00:35 Saved config file successfully
15:01:35 saveConfig: auto-save-60s
15:01:35 Saving config file
15:01:35 Saved config file successfully
15:01:35 saveConfig: auto-save-60s
15:01:35 Saving config file
15:01:35 Saved config file successfully
15:02:35 saveConfig: auto-save-60s
15:02:35 Saving config file
15:02:35 Saved config file successfully
15:02:35 saveConfig: auto-save-60s
15:02:35 Saving config file
15:02:35 Saved config file successfully
15:03:35 saveConfig: auto-save-60s
15:03:35 Saving config file
15:03:35 Saved config file successfully
15:03:35 saveConfig: auto-save-60s
15:03:35 Saving config file
15:03:35 Saved config file successfully
15:04:35 saveConfig: auto-save-60s
15:04:35 Saving config file
15:04:35 Saved config file successfully
15:04:35 saveConfig: auto-save-60s
15:04:35 Saving config file
15:04:35 Saved config file successfully
15:05:35 saveConfig: auto-save-60s
15:05:35 Saving config file
15:05:35 Saved config file successfully
15:05:35 saveConfig: auto-save-60s
15:05:35 Saving config file
15:05:35 Saved config file successfully
15:06:35 saveConfig: auto-save-60s
15:06:35 Saving config file
15:06:35 Saved config file successfully
15:06:35 saveConfig: auto-save-60s
15:06:35 Saving config file
15:06:35 Saved config file successfully
15:07:35 saveConfig: auto-save-60s
15:07:35 Saving config file
15:07:35 Saved config file successfully
15:07:35 saveConfig: auto-save-60s
15:07:35 Saving config file
15:07:35 Saved config file successfully
15:08:35 saveConfig: auto-save-60s
15:08:35 Saving config file
15:08:35 Saved config file successfully
15:08:35 saveConfig: auto-save-60s
15:08:35 Saving config file
15:08:35 Saved config file successfully
15:09:35 saveConfig: auto-save-60s
15:09:35 Saving config file
15:09:35 Saved config file successfully
15:09:35 saveConfig: auto-save-60s
15:09:35 Saving config file
15:09:35 Saved config file successfully
15:10:35 saveConfig: auto-save-60s
15:10:35 Saving config file
15:10:35 Saved config file successfully
15:10:35 saveConfig: auto-save-60s
15:10:35 Saving config file
15:10:35 Saved config file successfully
15:11:35 saveConfig: auto-save-60s
15:11:35 Saving config file
15:11:35 Saved config file successfully
15:11:35 saveConfig: auto-save-60s
15:11:35 Saving config file
15:11:35 Saved config file successfully
15:12:35 saveConfig: auto-save-60s
15:12:35 Saving config file
15:12:35 Saved config file successfully
15:12:35 saveConfig: auto-save-60s
15:12:35 Saving config file
15:12:35 Saved config file successfully
15:13:35 saveConfig: auto-save-60s
15:13:35 Saving config file
15:13:35 Saved config file successfully
15:13:35 saveConfig: auto-save-60s
15:13:35 Saving config file
15:13:35 Saved config file successfully
15:14:26 saveConfig: shutdown-hook
15:14:26 Saving config file
