17:24:06 [PEST_DROP] §eYou received §a117x Enchanted Potato §efor killing a §2Locust§e!
17:24:06 [PEST_DROP] §eYou received §a172x Enchanted Melon §efor killing an §2Earthworm§e!
17:24:06 [PEST_DROP] §eYou received §a33x Enchanted Pumpkin §efor killing a §2Rat§e!
17:24:07 [PEST_DROP] §eYou received §a96x Enchanted Cocoa Beans §efor killing a §2Moth§e!
17:24:07 [PEST_DROP] §eYou received §a33x Enchanted Pumpkin §efor killing a §2Rat§e!
17:24:07 [PEST_DROP] §eYou received §a67x Enchanted Cactus Green §efor killing a §2Mite§e!
17:24:08 [PEST_DROP] §eYou received §a116x Enchanted Carrot §efor killing a §2Cricket§e!
17:24:08 [PEST_DROP] §eYou received §a1x Tasty Cheese §efor killing a §2Field Mouse§e!
17:24:08 [PEST_DROP] §eYou received §a1x Honey Jar §efor killing a §2Field Mouse§e!
17:24:08 [PEST_DROP] §eYou received §a1x Plant Matter §efor killing a §2Field Mouse§e!
17:24:08 [PEST_DROP] §eYou received §a102x Enchanted Cactus Green §efor killing a §2Field Mouse§e!
17:24:08 [PEST_DROP] §eYou received §a1x Compost §efor killing a §2Field Mouse§e!
17:24:08 [PEST_DROP] §eYou received §a1x Dung §efor killing a §2Field Mouse§e!
17:24:08 [PEST_DROP] §eYou received §a67x Enchanted Cactus Green §efor killing a §2Mite§e!
17:24:24 [PEST_DROP] §eYou received §a33x Enchanted Wheat §efor killing a §2Fly§e!
17:24:41 [GARDEN_VISITOR_MESSAGE] §e[NPC] §aArthur§f: §r§fMy wheat minion has been slacking recently, I am thinking about giving it an upgrade. He hasn't produced any wheat in years! Every time I check on him, he's empty.
17:24:43 [GARDEN_VISITOR_MESSAGE] §e[NPC] §aArthur§f: §r§fI guess I'll have to keep going like this.
17:24:44 [GARDEN_VISITOR_MESSAGE] §e[NPC] §aVex§f: §r§fI have an offer for you that you can't refuse.
17:24:46 [GARDEN_VISITOR_MESSAGE] §e[NPC] §aVex§f: §r§fOh well that's awkward.
17:24:47 [GARDEN_VISITOR_MESSAGE] §e[NPC] §9Emissary Sisko§f: §r§fI've heard I can find the best mushrooms here, and as the King's favorite emissary I will bring them to him!
17:24:50 [GARDEN_VISITOR_MESSAGE] §e[NPC] §9Emissary Sisko§f: §r§fMy standing as the King's favorite emissary is secured as soon as I bring these back home!
17:24:51 [GARDEN_VISITOR_MESSAGE] §e[NPC] §aHornum§f: §r§fBuurrrp!
17:24:53 [GARDEN_VISITOR_MESSAGE] §e[NPC] §aHornum§f: §r§fburp
19:43:58 [STASH_COMPACT] §f               §7You have §350,688 §7materials stashed away!
19:43:58 [STASH_COMPACT] §f               §8(This totals 1 type of material stashed!)
19:43:58 [STASH_COMPACT] §f                §3§l>>> §3§lCLICK HERE§b to pick them up! §3§l<<<
19:43:58 [STASH_COMPACT]   
19:44:02 [STASH_COMPACT] §f               §7You have §350,688 §7materials stashed away!
19:44:02 [STASH_COMPACT] §f               §8(This totals 1 type of material stashed!)
19:44:02 [STASH_COMPACT] §f                §3§l>>> §3§lCLICK HERE§b to pick them up! §3§l<<<
19:44:03 [STASH_COMPACT]   
19:57:51 [STASH_COMPACT] §f               §7You have §350,688 §7materials stashed away!
19:57:51 [STASH_COMPACT] §f               §8(This totals 1 type of material stashed!)
19:57:51 [STASH_COMPACT] §f                §3§l>>> §3§lCLICK HERE§b to pick them up! §3§l<<<
19:57:51 [STASH_COMPACT]   
20:39:22 [PUZZLE_FAIL] §c§lPUZZLE FAIL! §r§bKobeAim §r§ekilled a Blaze in the wrong order! §r§4Y§r§ci§r§6k§r§ee§r§as§r§2!
20:45:13 [PUZZLE_FAIL] §c§lPUZZLE FAIL! §r§bKobeAim §r§ekilled a Blaze in the wrong order! §r§4Y§r§ci§r§6k§r§ee§r§as§r§2!
21:11:34 [COMPACT_POTION_EFFECT] §a§lBUFF! §fYou have gained §r§4Regeneration IV§r§f! Press TAB or type /effects to view your active effects!
21:11:34 [COMPACT_POTION_EFFECT] §a§lBUFF! §fYou have gained §r§4Strength V§r§f! Press TAB or type /effects to view your active effects!
21:11:34 [COMPACT_POTION_EFFECT] §a§lBUFF! §fYou have gained §r§4Critical III§r§f! Press TAB or type /effects to view your active effects!
21:11:34 [COMPACT_POTION_EFFECT] §a§lBUFF! §fYou have gained §r§9Speed III§r§f! Press TAB or type /effects to view your active effects!
21:11:34 [COMPACT_POTION_EFFECT] §a§lBUFF! §fYou have gained §r§aResistance V§r§f! Press TAB or type /effects to view your active effects!
21:11:34 [COMPACT_POTION_EFFECT] §a§lBUFF! §fYou have gained §r§bArchery III§r§f! Press TAB or type /effects to view your active effects!
21:27:44 [COMPACT_POTION_EFFECT] §a§lBUFF! §fYou have gained §r§4Regeneration IV§r§f! Press TAB or type /effects to view your active effects!
21:27:44 [COMPACT_POTION_EFFECT] §a§lBUFF! §fYou have gained §r§4Strength V§r§f! Press TAB or type /effects to view your active effects!
21:27:44 [COMPACT_POTION_EFFECT] §a§lBUFF! §fYou have gained §r§4Critical III§r§f! Press TAB or type /effects to view your active effects!
21:27:44 [COMPACT_POTION_EFFECT] §a§lBUFF! §fYou have gained §r§9Speed III§r§f! Press TAB or type /effects to view your active effects!
21:27:44 [COMPACT_POTION_EFFECT] §a§lBUFF! §fYou have gained §r§aResistance V§r§f! Press TAB or type /effects to view your active effects!
21:27:44 [COMPACT_POTION_EFFECT] §a§lBUFF! §fYou have gained §r§bArchery III§r§f! Press TAB or type /effects to view your active effects!
21:33:28 [COMPACT_POTION_EFFECT] §a§lBUFF! §fYou have gained §r§4Regeneration IV§r§f! Press TAB or type /effects to view your active effects!
21:33:28 [COMPACT_POTION_EFFECT] §a§lBUFF! §fYou have gained §r§4Strength V§r§f! Press TAB or type /effects to view your active effects!
21:33:28 [COMPACT_POTION_EFFECT] §a§lBUFF! §fYou have gained §r§4Critical III§r§f! Press TAB or type /effects to view your active effects!
21:33:28 [COMPACT_POTION_EFFECT] §a§lBUFF! §fYou have gained §r§9Speed III§r§f! Press TAB or type /effects to view your active effects!
21:33:28 [COMPACT_POTION_EFFECT] §a§lBUFF! §fYou have gained §r§aResistance V§r§f! Press TAB or type /effects to view your active effects!
21:33:28 [COMPACT_POTION_EFFECT] §a§lBUFF! §fYou have gained §r§bArchery III§r§f! Press TAB or type /effects to view your active effects!
