17:22:41 §e[SkyHanni] Reloaded 7449 items in the NEU repo§r
17:24:08 §e[SkyHanni] Started tracking your Jacob Contest Blocks Per Second!§r
18:24:35 §e[SkyHanni] §fYou were in Limbo for §e20m 47s§f.§r
18:47:11 §e[SkyHanni] Click here to load 121 more collected egg locations from NEU PV!§r
19:41:00 §e[SkyHanni] §b+8 SkyBlock XP §7(Essence Shop§7)§b (96/100)§r
19:43:58 §e[SkyHanni] §bYou have §350k §bmaterials in stash, §btotalling §31 type§b. §bClick to §3pickup §byour stash!§r
19:44:19 §e[SkyHanni] §lCLICK HERE§r§e to grab §ax90 §9§9Concentrated Stone§e from sacks!§r
19:58:02 §e[SkyHanni] §lCLICK HERE§r§e to grab §ax90 §9§9Concentrated Stone§e from sacks!§r
20:39:22 §e[SkyHanni] §c§lPUZZLE FAILED! §r§bKobeAim §r§efailed a puzzle. 
§eClick here to get §5Architect's First Draft §7(§e4x left§7)§r
20:45:13 §e[SkyHanni] §c§lPUZZLE FAILED! §r§bKobeAim §r§efailed a puzzle. 
§eClick here to get §5Architect's First Draft §7(§e3x left§7)§r
21:11:34 §a§lPotion Effect! §r§4Regeneration IV§r
21:11:34 §a§lPotion Effect! §r§4Strength V§r
21:11:34 §a§lPotion Effect! §r§4Critical III§r
21:11:34 §a§lPotion Effect! §r§9Speed III§r
21:11:34 §a§lPotion Effect! §r§aResistance V§r
21:11:34 §a§lPotion Effect! §r§bArchery III§r
21:17:08 §e[SkyHanni] §b+4 SkyBlock XP §7(Catacombs Level Up§7)§b (53/100)§r
21:20:17 §e[SkyHanni] Low on arrows §e(100 left)§r
21:20:51 §e[SkyHanni] Low on arrows §e(84 left)§r
21:21:22 §e[SkyHanni] Low on arrows §e(64 left)§r
21:22:07 §e[SkyHanni] Low on arrows §e(61 left)§r
21:27:44 §a§lPotion Effect! §r§4Regeneration IV§r
21:27:44 §a§lPotion Effect! §r§4Strength V§r
21:27:44 §a§lPotion Effect! §r§4Critical III§r
21:27:44 §a§lPotion Effect! §r§9Speed III§r
21:27:44 §a§lPotion Effect! §r§aResistance V§r
21:27:44 §a§lPotion Effect! §r§bArchery III§r
21:33:28 §a§lPotion Effect! §r§4Regeneration IV§r
21:33:28 §a§lPotion Effect! §r§4Strength V§r
21:33:28 §a§lPotion Effect! §r§4Critical III§r
21:33:28 §a§lPotion Effect! §r§9Speed III§r
21:33:28 §a§lPotion Effect! §r§aResistance V§r
21:33:28 §a§lPotion Effect! §r§bArchery III§r
