21:24:00 `7nyj7ej3q9`528 missed {
 is already Found: false).
 Position: LorenzVec(x=-6.5, y=55.0, z=-95.5)
 DistanceC: 21.534208309933774
Relative Position: LorenzVec(x=-3.6634366347895333, y=-15.0, z=-21.534208309933774)
 }
21:27:34 `kdzhnl0h36`521 missed {
 is already Found: false).
 Position: LorenzVec(x=-29.5, y=57.0, z=-90.5)
 DistanceC: 22.171162471047953
Relative Position: LorenzVec(x=-22.171162471047953, y=-13.0, z=-3.0467473496989186)
 }
21:27:34 `nc55sn640y`423 missed {
 is already Found: false).
 Position: LorenzVec(x=-31.0, y=73.0, z=-95.5)
 DistanceC: 23.671162471047953
Relative Position: LorenzVec(x=-23.671162471047953, y=3.0, z=-8.046747349698919)
 }
21:28:02 `Villager`255 missed {
 is already Found: false).
 Position: LorenzVec(x=-35.5, y=69.0, z=-112.5)
 DistanceC: 19.592540189623833
Relative Position: LorenzVec(x=-16.450216718697646, y=-2.0, z=-19.592540189623833)
 }
21:29:41 `i2q9pok655`228 missed {
 is already Found: false).
 Position: LorenzVec(x=22.0, y=71.0, z=-45.5)
 DistanceC: 3.8966486712051704
Relative Position: LorenzVec(x=2.8210218790389447, y=-21.495064620329813, z=-3.8966486712051704)
 }
21:30:28 `g112ro98au`418 missed {
 is already Found: false).
 Position: LorenzVec(x=14.0, y=72.0, z=-106.0)
 DistanceC: 23.271222633482978
Relative Position: LorenzVec(x=23.271222633482978, y=2.0, z=-20.01072371437371)
 }
21:31:11 `g112ro98au`418 missed {
 is already Found: false).
 Position: LorenzVec(x=14.0, y=72.0, z=-106.0)
 DistanceC: 21.769244340240817
Relative Position: LorenzVec(x=18.839129921542927, y=-14.0, z=21.769244340240817)
 }
21:31:15 `Villager`248 missed {
 is already Found: false).
 Position: LorenzVec(x=-28.5, y=69.0, z=-125.5)
 DistanceC: 23.987427243592574
Relative Position: LorenzVec(x=-23.987427243592574, y=-16.0, z=-0.6046444276028211)
 }
21:31:18 `Villager`357 missed {
 is already Found: false).
 Position: LorenzVec(x=-25.6875, y=68.0, z=-103.09375)
 DistanceC: 21.80160557239718
Relative Position: LorenzVec(x=-21.174927243592574, y=-17.0, z=21.80160557239718)
 }
21:32:32 `Villager`355 missed {
 is already Found: false).
 Position: LorenzVec(x=28.5, y=69.0, z=-57.5)
 DistanceC: 20.090865490276535
Relative Position: LorenzVec(x=20.090865490276535, y=-1.0, z=14.66099350707718)
 }
21:32:38 `i2q9pok655`228 missed {
 is already Found: false).
 Position: LorenzVec(x=22.0, y=71.0, z=-45.5)
 DistanceC: 12.556729665882543
Relative Position: LorenzVec(x=11.935794471541238, y=1.0, z=12.556729665882543)
 }
21:33:52 `i2q9pok655`228 missed {
 is already Found: false).
 Position: LorenzVec(x=22.0, y=71.0, z=-45.5)
 DistanceC: 11.199999988079071
Relative Position: LorenzVec(x=-3.4064627090736757, y=-12.578815772674403, z=11.199999988079071)
 }
21:39:45 `0ycn226hew`3065781 missed {
 is already Found: false).
 Position: LorenzVec(x=-19.0, y=100.0, z=6.0)
 DistanceC: 22.721242341148507
Relative Position: LorenzVec(x=-22.721242341148507, y=0.0, z=12.521824163641174)
 }
21:48:14 `Spider`3066290 missed {
 is already Found: false).
 Position: LorenzVec(x=8.21875, y=18.0, z=-29.46875)
 DistanceC: 21.14460414035636
Relative Position: LorenzVec(x=3.710690864873504, y=-82.0, z=-21.14460414035636)
 }
22:51:02 `Zombie`281491 missed {
 is already Found: false).
 Position: LorenzVec(x=-50.25, y=104.0, z=70.65625)
 DistanceC: 6.497430702219987
Relative Position: LorenzVec(x=-1.2459867490126584, y=-19.0625, z=-6.497430702219987)
 }
22:51:25 `Slime`123 missed {
 is already Found: false).
 Position: LorenzVec(x=46.5, y=132.1875, z=24.5)
 DistanceC: 9.112099235112069
Relative Position: LorenzVec(x=9.112099235112069, y=0.1875, z=5.295864208600598)
 }
22:51:29 `Slime`244 missed {
 is already Found: false).
 Position: LorenzVec(x=17.0, y=101.125, z=27.03125)
 DistanceC: 20.41223471298983
Relative Position: LorenzVec(x=-20.41223471298983, y=-30.875, z=8.121259846656308)
 }
22:55:38 `Villager`363 missed {
 is already Found: false).
 Position: LorenzVec(x=28.0, y=70.0, z=-116.0)
 DistanceC: 23.794131437631716
Relative Position: LorenzVec(x=23.794131437631716, y=-2.0, z=-15.910760838304185)
 }
22:57:10 `1743vn3o68`424 missed {
 is already Found: false).
 Position: LorenzVec(x=-36.0, y=73.0, z=-95.5)
 DistanceC: 23.221396825303948
Relative Position: LorenzVec(x=-23.221396825303948, y=3.0, z=-8.587334145281957)
 }
22:57:27 `Villager`255 missed {
 is already Found: false).
 Position: LorenzVec(x=-35.5, y=69.0, z=-112.5)
 DistanceC: 23.63385446861406
Relative Position: LorenzVec(x=-13.1991225940417, y=-2.5, z=-23.63385446861406)
 }
22:57:33 `i7k1ysmdo7`340 missed {
 is already Found: false).
 Position: LorenzVec(x=-49.5, y=70.0, z=-67.5)
 DistanceC: 20.366349321277838
Relative Position: LorenzVec(x=-20.18694439203051, y=-2.0, z=20.366349321277838)
 }
22:57:35 `tnhy3ou166`341 missed {
 is already Found: false).
 Position: LorenzVec(x=-41.5, y=70.0, z=-64.5)
 DistanceC: 23.366349321277838
Relative Position: LorenzVec(x=-12.186944392030512, y=-2.0, z=23.366349321277838)
 }
22:57:36 `p1tifv2m2o`528 missed {
 is already Found: false).
 Position: LorenzVec(x=-6.5, y=55.0, z=-95.5)
 DistanceC: 22.81305560796949
Relative Position: LorenzVec(x=22.81305560796949, y=-17.0, z=-7.633650678722162)
 }
22:58:25 `Villager`365 missed {
 is already Found: false).
 Position: LorenzVec(x=17.5, y=70.0, z=-99.0)
 DistanceC: 14.227722305637869
Relative Position: LorenzVec(x=0.3424125243509266, y=0.0, z=-14.227722305637869)
 }
22:59:47 `fv38ohngif`495 missed {
 is already Found: false).
 Position: LorenzVec(x=23.0, y=71.0, z=-69.0)
 DistanceC: 23.622473419740913
Relative Position: LorenzVec(x=-23.622473419740913, y=3.0, z=-20.990615897238726)
 }
22:59:47 `i964q05j4r`496 missed {
 is already Found: false).
 Position: LorenzVec(x=23.0, y=77.0, z=-69.5)
 DistanceC: 23.622473419740913
Relative Position: LorenzVec(x=-23.622473419740913, y=9.0, z=-21.490615897238726)
 }
23:00:47 `hci564huw8`251 missed {
 is already Found: false).
 Position: LorenzVec(x=-24.5, y=71.0, z=-58.5)
 DistanceC: 23.046068055576086
Relative Position: LorenzVec(x=-21.905106423640063, y=1.0, z=23.046068055576086)
 }
23:00:47 `Villager`365 missed {
 is already Found: false).
 Position: LorenzVec(x=17.5, y=70.0, z=-99.0)
 DistanceC: 20.094893576359937
Relative Position: LorenzVec(x=20.094893576359937, y=0.0, z=-17.453931944423914)
 }
23:00:49 `Villager`357 missed {
 is already Found: false).
 Position: LorenzVec(x=-25.6875, y=68.0, z=-103.09375)
 DistanceC: 23.092606423640063
Relative Position: LorenzVec(x=-23.092606423640063, y=-2.0, z=-21.547681944423914)
 }
23:01:43 `Villager`355 missed {
 is already Found: false).
 Position: LorenzVec(x=28.5, y=69.0, z=-57.5)
 DistanceC: 23.17430342847378
Relative Position: LorenzVec(x=23.17430342847378, y=-1.0, z=23.150162495221153)
 }
23:06:35 `60ux44qfk8`521 missed {
 is already Found: false).
 Position: LorenzVec(x=-29.5, y=57.0, z=-90.5)
 DistanceC: 22.808819232677564
Relative Position: LorenzVec(x=-20.295527872922793, y=-13.0, z=-22.808819232677564)
 }
23:06:35 `ke0hy9q4f2`421 missed {
 is already Found: false).
 Position: LorenzVec(x=-31.0, y=73.0, z=-85.5)
 DistanceC: 21.795527872922793
Relative Position: LorenzVec(x=-21.795527872922793, y=3.0, z=-17.808819232677564)
 }
23:06:35 `yqg5521gpk`529 missed {
 is already Found: false).
 Position: LorenzVec(x=-32.5, y=71.0, z=-76.5)
 DistanceC: 23.295527872922793
Relative Position: LorenzVec(x=-23.295527872922793, y=1.0, z=-8.808819232677564)
 }
23:09:04 `21i62167f0`18 missed {
 is already Found: false).
 Position: LorenzVec(x=278.5, y=104.0, z=-544.5)
 DistanceC: 5.46341139492813
Relative Position: LorenzVec(x=-3.991652897223503, y=0.0, z=5.46341139492813)
 }
23:09:04 `fv7uunnbsm`19 missed {
 is already Found: false).
 Position: LorenzVec(x=284.5, y=104.0, z=-544.5)
 DistanceC: 5.46341139492813
Relative Position: LorenzVec(x=2.008347102776497, y=0.0, z=5.46341139492813)
 }
23:09:05 `shcyd8mqj0`17 missed {
 is already Found: false).
 Position: LorenzVec(x=281.5, y=104.0, z=-542.5)
 DistanceC: 7.46341139492813
Relative Position: LorenzVec(x=-0.9916528972235028, y=0.0, z=7.46341139492813)
 }
23:11:10 `Dinnerbone`31 missed {
 is already Found: false).
 Position: LorenzVec(x=185.375, y=30.0, z=-486.53125)
 DistanceC: 15.57987684657661
Relative Position: LorenzVec(x=10.017322307956846, y=-1.9301465723964704, z=-15.57987684657661)
 }
23:11:10 `Dinnerbone`32 missed {
 is already Found: false).
 Position: LorenzVec(x=185.375, y=30.0, z=-486.53125)
 DistanceC: 15.57987684657661
Relative Position: LorenzVec(x=10.017322307956846, y=-1.9301465723964704, z=-15.57987684657661)
 }
23:11:10 `Dinnerbone`33 missed {
 is already Found: false).
 Position: LorenzVec(x=185.375, y=33.0, z=-486.53125)
 DistanceC: 15.57987684657661
Relative Position: LorenzVec(x=10.017322307956846, y=1.0698534276035296, z=-15.57987684657661)
 }
23:11:10 `Dinnerbone`34 missed {
 is already Found: false).
 Position: LorenzVec(x=185.375, y=33.0, z=-486.53125)
 DistanceC: 15.57987684657661
Relative Position: LorenzVec(x=10.017322307956846, y=1.0698534276035296, z=-15.57987684657661)
 }
23:11:14 `Dinnerbone`36 missed {
 is already Found: false).
 Position: LorenzVec(x=175.5, y=29.0, z=-501.5)
 DistanceC: 17.076986101372825
Relative Position: LorenzVec(x=1.430946852757728, y=3.0, z=-17.076986101372825)
 }
23:12:19 `fv7uunnbsm`19 missed {
 is already Found: false).
 Position: LorenzVec(x=284.5, y=104.0, z=-544.5)
 DistanceC: 2.769844072344256
Relative Position: LorenzVec(x=2.769844072344256, y=-0.0625, z=-0.9270912228665793)
 }
23:12:22 `21i62167f0`18 missed {
 is already Found: false).
 Position: LorenzVec(x=278.5, y=104.0, z=-544.5)
 DistanceC: 23.578844649850225
Relative Position: LorenzVec(x=-1.7964916690864356, y=2.0, z=23.578844649850225)
 }
23:12:23 `shcyd8mqj0`17 missed {
 is already Found: false).
 Position: LorenzVec(x=281.5, y=104.0, z=-542.5)
 DistanceC: 19.995844462220703
Relative Position: LorenzVec(x=-18.813405523837446, y=1.0, z=19.995844462220703)
 }
23:12:40 `26205r5ljo`9 missed {
 is already Found: false).
 Position: LorenzVec(x=200.5, y=92.0, z=-437.0)
 DistanceC: 19.546946051298846
Relative Position: LorenzVec(x=19.546946051298846, y=14.0, z=-1.0153285284839626)
 }
23:13:00 `21i62167f0`18 missed {
 is already Found: false).
 Position: LorenzVec(x=278.5, y=104.0, z=-544.5)
 DistanceC: 21.063807382679784
Relative Position: LorenzVec(x=-21.063807382679784, y=-3.9830173512917497, z=17.16853313614979)
 }
23:13:00 `fv7uunnbsm`19 missed {
 is already Found: false).
 Position: LorenzVec(x=284.5, y=104.0, z=-544.5)
 DistanceC: 17.16853313614979
Relative Position: LorenzVec(x=-15.063807382679784, y=-3.9830173512917497, z=17.16853313614979)
 }
23:13:00 `shcyd8mqj0`17 missed {
 is already Found: false).
 Position: LorenzVec(x=281.5, y=104.0, z=-542.5)
 DistanceC: 20.72607444292487
Relative Position: LorenzVec(x=-20.72607444292487, y=-3.231523797587016, z=-4.208395818466897)
 }
23:13:14 `fv7uunnbsm`19 missed {
 is already Found: false).
 Position: LorenzVec(x=284.5, y=104.0, z=-544.5)
 DistanceC: 2.97717561634056
Relative Position: LorenzVec(x=2.97717561634056, y=0.0, z=1.7310461536186494)
 }
23:13:14 `21i62167f0`18 missed {
 is already Found: false).
 Position: LorenzVec(x=278.5, y=104.0, z=-544.5)
 DistanceC: 3.02282438365944
Relative Position: LorenzVec(x=-3.02282438365944, y=0.0, z=1.7310461536186494)
 }
23:13:15 `shcyd8mqj0`17 missed {
 is already Found: false).
 Position: LorenzVec(x=281.5, y=104.0, z=-542.5)
 DistanceC: 3.7310461536186494
Relative Position: LorenzVec(x=-0.022824383659440173, y=0.0, z=3.7310461536186494)
 }
23:14:38 `21i62167f0`18 missed {
 is already Found: false).
 Position: LorenzVec(x=278.5, y=104.0, z=-544.5)
 DistanceC: 2.9262573539928667
Relative Position: LorenzVec(x=-2.9262573539928667, y=0.0, z=1.1531318733856324)
 }
23:14:38 `fv7uunnbsm`19 missed {
 is already Found: false).
 Position: LorenzVec(x=284.5, y=104.0, z=-544.5)
 DistanceC: 3.0737426460071333
Relative Position: LorenzVec(x=3.0737426460071333, y=0.0, z=1.1531318733856324)
 }
23:14:38 `shcyd8mqj0`17 missed {
 is already Found: false).
 Position: LorenzVec(x=281.5, y=104.0, z=-542.5)
 DistanceC: 3.1531318733856324
Relative Position: LorenzVec(x=0.07374264600713332, y=0.0, z=3.1531318733856324)
 }
23:15:05 `21i62167f0`18 missed {
 is already Found: false).
 Position: LorenzVec(x=278.5, y=104.0, z=-544.5)
 DistanceC: 2.095445986514221
Relative Position: LorenzVec(x=-2.095445986514221, y=0.0, z=-0.825932276291951)
 }
23:15:05 `fv7uunnbsm`19 missed {
 is already Found: false).
 Position: LorenzVec(x=284.5, y=104.0, z=-544.5)
 DistanceC: 3.904554013485779
Relative Position: LorenzVec(x=3.904554013485779, y=0.0, z=-0.825932276291951)
 }
23:15:06 `shcyd8mqj0`17 missed {
 is already Found: false).
 Position: LorenzVec(x=281.5, y=104.0, z=-542.5)
 DistanceC: 1.174067723708049
Relative Position: LorenzVec(x=0.9045540134857788, y=0.0, z=1.174067723708049)
 }
23:15:44 `fv7uunnbsm`19 missed {
 is already Found: false).
 Position: LorenzVec(x=284.5, y=104.0, z=-544.5)
 DistanceC: 2.913906398331335
Relative Position: LorenzVec(x=2.913906398331335, y=-0.0625, z=-0.6455661529563486)
 }
23:15:44 `shcyd8mqj0`17 missed {
 is already Found: false).
 Position: LorenzVec(x=281.5, y=104.0, z=-542.5)
 DistanceC: 2.6108624133765943
Relative Position: LorenzVec(x=-0.23739291383247973, y=-0.0625, z=2.6108624133765943)
 }
23:15:44 `21i62167f0`18 missed {
 is already Found: false).
 Position: LorenzVec(x=278.5, y=104.0, z=-544.5)
 DistanceC: 3.2630327709695734
Relative Position: LorenzVec(x=-3.2630327709695734, y=-0.0625, z=0.7839290491447173)
 }
23:17:19 `21i62167f0`18 missed {
 is already Found: false).
 Position: LorenzVec(x=278.5, y=104.0, z=-544.5)
 DistanceC: 22.033385350827757
Relative Position: LorenzVec(x=-22.033385350827757, y=-0.9412000391721733, z=10.282534006643232)
 }
23:17:19 `fv7uunnbsm`19 missed {
 is already Found: false).
 Position: LorenzVec(x=284.5, y=104.0, z=-544.5)
 DistanceC: 16.033385350827757
Relative Position: LorenzVec(x=-16.033385350827757, y=-0.9412000391721733, z=10.282534006643232)
 }
23:17:20 `shcyd8mqj0`17 missed {
 is already Found: false).
 Position: LorenzVec(x=281.5, y=104.0, z=-542.5)
 DistanceC: 21.155746929397367
Relative Position: LorenzVec(x=-21.155746929397367, y=-4.132993659646488, z=10.192914278562398)
 }
23:18:47 `21i62167f0`18 missed {
 is already Found: false).
 Position: LorenzVec(x=278.5, y=104.0, z=-544.5)
 DistanceC: 23.448244574616012
Relative Position: LorenzVec(x=-23.448244574616012, y=-5.132993659646488, z=-1.8761490458765593)
 }
23:18:47 `fv7uunnbsm`19 missed {
 is already Found: false).
 Position: LorenzVec(x=284.5, y=104.0, z=-544.5)
 DistanceC: 17.448244574616012
Relative Position: LorenzVec(x=-17.448244574616012, y=-5.132993659646488, z=-1.8761490458765593)
 }
23:19:16 `21i62167f0`18 missed {
 is already Found: false).
 Position: LorenzVec(x=278.5, y=104.0, z=-544.5)
 DistanceC: 23.936475042516065
Relative Position: LorenzVec(x=-23.936475042516065, y=-5.09935711385296, z=5.296836272900464)
 }
23:19:16 `fv7uunnbsm`19 missed {
 is already Found: false).
 Position: LorenzVec(x=284.5, y=104.0, z=-544.5)
 DistanceC: 17.936475042516065
Relative Position: LorenzVec(x=-17.936475042516065, y=-5.09935711385296, z=5.296836272900464)
 }
23:20:20 `fv7uunnbsm`19 missed {
 is already Found: false).
 Position: LorenzVec(x=284.5, y=104.0, z=-544.5)
 DistanceC: 14.997757989233605
Relative Position: LorenzVec(x=-14.997757989233605, y=1.0, z=13.080522606069053)
 }
23:20:20 `21i62167f0`18 missed {
 is already Found: false).
 Position: LorenzVec(x=278.5, y=104.0, z=-544.5)
 DistanceC: 21.448623579917637
Relative Position: LorenzVec(x=-21.448623579917637, y=1.0, z=12.0828404224726)
 }
23:20:20 `shcyd8mqj0`17 missed {
 is already Found: false).
 Position: LorenzVec(x=281.5, y=104.0, z=-542.5)
 DistanceC: 21.159027281615295
Relative Position: LorenzVec(x=-21.159027281615295, y=1.0, z=12.179377960585612)
 }
23:20:48 `Dinnerbone`31 missed {
 is already Found: false).
 Position: LorenzVec(x=185.375, y=30.0, z=-486.53125)
 DistanceC: 16.647881336410023
Relative Position: LorenzVec(x=16.647881336410023, y=-49.53584062504456, z=-5.979765695699712)
 }
23:20:48 `Dinnerbone`32 missed {
 is already Found: false).
 Position: LorenzVec(x=185.375, y=30.0, z=-486.53125)
 DistanceC: 16.647881336410023
Relative Position: LorenzVec(x=16.647881336410023, y=-49.53584062504456, z=-5.979765695699712)
 }
23:20:48 `Dinnerbone`33 missed {
 is already Found: false).
 Position: LorenzVec(x=185.375, y=33.0, z=-486.53125)
 DistanceC: 16.647881336410023
Relative Position: LorenzVec(x=16.647881336410023, y=-46.53584062504456, z=-5.979765695699712)
 }
23:20:48 `Dinnerbone`34 missed {
 is already Found: false).
 Position: LorenzVec(x=185.375, y=33.0, z=-486.53125)
 DistanceC: 16.647881336410023
Relative Position: LorenzVec(x=16.647881336410023, y=-46.53584062504456, z=-5.979765695699712)
 }
23:20:51 `Sheep`263002 missed {
 is already Found: false).
 Position: LorenzVec(x=174.15625, y=76.0, z=-452.875)
 DistanceC: 8.38136763392896
Relative Position: LorenzVec(x=-7.121652736363359, y=-6.784303310172447, z=-8.38136763392896)
 }
23:21:36 `21i62167f0`18 missed {
 is already Found: false).
 Position: LorenzVec(x=278.5, y=104.0, z=-544.5)
 DistanceC: 23.083755483959123
Relative Position: LorenzVec(x=-23.083755483959123, y=1.0, z=13.670331419047557)
 }
23:21:36 `fv7uunnbsm`19 missed {
 is already Found: false).
 Position: LorenzVec(x=284.5, y=104.0, z=-544.5)
 DistanceC: 17.083755483959123
Relative Position: LorenzVec(x=-17.083755483959123, y=1.0, z=13.670331419047557)
 }
23:22:28 `Villager`359 missed {
 is already Found: false).
 Position: LorenzVec(x=-21.5, y=68.0, z=-124.5)
 DistanceC: 22.982568803629434
Relative Position: LorenzVec(x=-19.80000001192093, y=-4.0, z=-22.982568803629434)
 }
23:33:06 `Villager`329 missed {
 is already Found: false).
 Position: LorenzVec(x=56.5, y=70.0, z=-77.5)
 DistanceC: 22.192675266493673
Relative Position: LorenzVec(x=22.192675266493673, y=-1.0, z=20.21512875485425)
 }
23:33:21 `6se7rbbd4o`1846 missed {
 is already Found: false).
 Position: LorenzVec(x=-0.5, y=72.0, z=-111.5)
 DistanceC: 23.961588272844295
Relative Position: LorenzVec(x=-23.961588272844295, y=2.0, z=-13.144461275969647)
 }
23:38:02 `Chicken`182 missed {
 is already Found: false).
 Position: LorenzVec(x=-35.5, y=95.0, z=-814.5)
 DistanceC: 20.47403717780722
Relative Position: LorenzVec(x=-20.47403717780722, y=3.0, z=10.861105455790835)
 }
23:38:02 `Chicken`186 missed {
 is already Found: false).
 Position: LorenzVec(x=-33.5, y=93.0, z=-816.5)
 DistanceC: 18.555647555884526
Relative Position: LorenzVec(x=-18.555647555884526, y=1.0, z=8.970854911113406)
 }
23:38:03 `Chicken`180 missed {
 is already Found: false).
 Position: LorenzVec(x=-30.5, y=93.0, z=-814.5)
 DistanceC: 15.579976921007258
Relative Position: LorenzVec(x=-15.579976921007258, y=1.0, z=11.009882032535643)
 }
23:38:04 `Chicken`178 missed {
 is already Found: false).
 Position: LorenzVec(x=-31.5, y=93.0, z=-819.5)
 DistanceC: 16.57997692100726
Relative Position: LorenzVec(x=-16.57997692100726, y=1.0, z=6.009882032535643)
 }
23:38:04 `Chicken`184 missed {
 is already Found: false).
 Position: LorenzVec(x=-37.5, y=93.0, z=-818.5)
 DistanceC: 20.213972013540925
Relative Position: LorenzVec(x=-20.213972013540925, y=1.0, z=10.68628078398001)
 }
23:38:04 `p3dg8000b2`37 missed {
 is already Found: false).
 Position: LorenzVec(x=-3.5, y=93.0, z=-820.5)
 DistanceC: 18.82871288415504
Relative Position: LorenzVec(x=18.82871288415504, y=1.0, z=9.453664355223623)
 }
23:38:05 `865lc9a6zv`176 missed {
 is already Found: false).
 Position: LorenzVec(x=-31.0, y=93.0, z=-824.0)
 DistanceC: 7.68396707532645
Relative Position: LorenzVec(x=-3.297104517769924, y=0.0, z=7.68396707532645)
 }
23:38:06 `baf6012g03`39 missed {
 is already Found: false).
 Position: LorenzVec(x=-3.5, y=93.0, z=-825.5)
 DistanceC: 20.260082745617524
Relative Position: LorenzVec(x=18.353550431755302, y=-4.676932213130129, z=20.260082745617524)
 }
23:38:14 `2564l55n48`22 missed {
 is already Found: false).
 Position: LorenzVec(x=-81.5, y=114.0, z=-792.5)
 DistanceC: 2.921013606939951
Relative Position: LorenzVec(x=-2.921013606939951, y=7.0, z=-2.199999988079071)
 }
23:38:14 `263d077348`126 missed {
 is already Found: false).
 Position: LorenzVec(x=-78.5, y=107.0, z=-788.5)
 DistanceC: 1.800000011920929
Relative Position: LorenzVec(x=0.07898639306004895, y=0.0, z=1.800000011920929)
 }
23:38:15 `7v26r6c42y`20 missed {
 is already Found: false).
 Position: LorenzVec(x=-83.5, y=108.0, z=-775.5)
 DistanceC: 14.800000011920929
Relative Position: LorenzVec(x=-4.921013606939951, y=1.0, z=14.800000011920929)
 }
23:38:16 `ae440144s2`21 missed {
 is already Found: false).
 Position: LorenzVec(x=-86.0, y=118.0, z=-771.0)
 DistanceC: 19.30000001192093
Relative Position: LorenzVec(x=-7.421013606939951, y=11.0, z=19.30000001192093)
 }
23:38:23 `317o6x61ti`77 missed {
 is already Found: false).
 Position: LorenzVec(x=-46.5, y=107.0, z=-779.5)
 DistanceC: 22.02584517255329
Relative Position: LorenzVec(x=22.02584517255329, y=0.0, z=3.94439768555128)
 }
23:39:04 `03h189d48r`112 missed {
 is already Found: false).
 Position: LorenzVec(x=-6.5, y=145.0, z=-18.5)
 DistanceC: 2.6497107397551183
Relative Position: LorenzVec(x=-0.3740407817996054, y=0.0, z=2.6497107397551183)
 }
23:43:29 `082h8l7nyb`21 missed {
 is already Found: false).
 Position: LorenzVec(x=-86.0, y=118.0, z=-771.0)
 DistanceC: 18.69999998807907
Relative Position: LorenzVec(x=18.69999998807907, y=19.0, z=-9.10743034502309)
 }
23:43:29 `5o3dakmv7g`20 missed {
 is already Found: false).
 Position: LorenzVec(x=-83.5, y=108.0, z=-775.5)
 DistanceC: 21.19999998807907
Relative Position: LorenzVec(x=21.19999998807907, y=9.0, z=-13.60743034502309)
 }
23:43:29 `2tfal064p0`121 missed {
 is already Found: false).
 Position: LorenzVec(x=-117.5, y=105.0, z=-754.5)
 DistanceC: 12.800000011920929
Relative Position: LorenzVec(x=-12.800000011920929, y=6.0, z=7.39256965497691)
 }
23:43:30 `f6bfcc4srw`31 missed {
 is already Found: false).
 Position: LorenzVec(x=-87.5, y=93.0, z=-743.625)
 DistanceC: 17.0
Relative Position: LorenzVec(x=17.0, y=-3.231523797587016, z=6.875)
 }
23:43:35 `8xawz46024`97 missed {
 is already Found: false).
 Position: LorenzVec(x=-131.5, y=101.0, z=-753.5)
 DistanceC: 4.229339340221671
Relative Position: LorenzVec(x=-4.229339340221671, y=9.0, z=0.6864323532048502)
 }
23:43:35 `azo53sgpbu`98 missed {
 is already Found: false).
 Position: LorenzVec(x=-131.5, y=101.0, z=-755.5)
 DistanceC: 4.229339340221671
Relative Position: LorenzVec(x=-4.229339340221671, y=9.0, z=-1.3135676467951498)
 }
23:43:48 `6hac5qavae`41 missed {
 is already Found: false).
 Position: LorenzVec(x=-131.5, y=89.0, z=-722.5)
 DistanceC: 20.01494476691856
Relative Position: LorenzVec(x=-20.01494476691856, y=-4.1315633992116005, z=13.800243612114059)
 }
23:43:55 `q0k20i3otu`22 missed {
 is already Found: false).
 Position: LorenzVec(x=-81.5, y=114.0, z=-792.5)
 DistanceC: 8.814906438557955
Relative Position: LorenzVec(x=5.660246078644974, y=1.2265672454376357, z=8.814906438557955)
 }
23:43:55 `n7291cwh41`126 missed {
 is already Found: false).
 Position: LorenzVec(x=-78.5, y=107.0, z=-788.5)
 DistanceC: 12.814906438557955
Relative Position: LorenzVec(x=8.660246078644974, y=-5.773432754562364, z=12.814906438557955)
 }
23:43:58 `1ust0720r1`28 missed {
 is already Found: false).
 Position: LorenzVec(x=-108.5, y=99.0, z=-803.5)
 DistanceC: 15.927540437393901
Relative Position: LorenzVec(x=-15.927540437393901, y=-6.0, z=-4.199999988079071)
 }
23:44:00 `5o3dakmv7g`20 missed {
 is already Found: false).
 Position: LorenzVec(x=-83.5, y=108.0, z=-775.5)
 DistanceC: 17.431311064587163
Relative Position: LorenzVec(x=17.431311064587163, y=2.8650299181439323, z=3.8316240489009488)
 }
