08:15:49 PRIVATE_ISLAND
08:20:19 NONE
08:20:19 HUB
08:20:31 NONE
08:20:31 THE_RIFT
08:23:34 NONE
08:23:35 HUB
08:31:54 HUB
10:03:27 NONE
10:03:27 PRIVATE_ISLAND_GUEST
10:03:42 NONE
10:03:43 HUB
10:20:10 NONE
10:20:10 HUB
11:36:43 NONE
11:36:43 THE_RIFT
11:37:53 NONE
11:37:54 PRIVATE_ISLAND
11:38:34 NONE
11:38:35 HUB
11:44:26 NONE
11:44:26 PRIVATE_ISLAND
11:54:39 NONE
11:54:39 HUB
11:55:17 NONE
11:55:17 PRIVATE_ISLAND
12:53:51 NONE
12:53:52 HUB
12:54:01 NONE
12:54:01 HUB
12:54:28 NONE
12:54:28 PRIVATE_ISLAND_GUEST
12:55:10 NONE
12:55:11 HUB
13:04:53 NONE
13:04:54 CRIMSON_ISLE
13:07:36 NONE
13:07:40 CRIMSON_ISLE
13:07:58 NONE
13:08:01 PRIVATE_ISLAND
13:08:05 NONE
13:08:06 CRIMSON_ISLE
13:08:16 NONE
13:08:16 PRIVATE_ISLAND
13:08:25 NONE
13:08:26 CRIMSON_ISLE
13:19:07 NONE
13:19:07 HUB
13:23:03 NONE
13:23:03 PRIVATE_ISLAND
13:37:31 NONE
13:37:31 HUB
13:46:20 NONE
13:46:21 HUB
13:46:56 NONE
13:46:57 PRIVATE_ISLAND
13:47:45 NONE
13:47:45 HUB
13:48:50 NONE
13:48:50 PRIVATE_ISLAND
13:49:40 NONE
13:49:40 HUB
13:55:19 NONE
13:55:20 PRIVATE_ISLAND_GUEST
13:55:43 NONE
13:55:43 HUB
14:18:44 PRIVATE_ISLAND_GUEST
14:19:53 NONE
14:19:53 HUB
14:28:27 NONE
14:28:29 PRIVATE_ISLAND
14:28:31 NONE
14:28:32 PRIVATE_ISLAND_GUEST
14:28:47 NONE
14:28:48 HUB
14:32:15 NONE
14:32:15 PRIVATE_ISLAND_GUEST
14:33:36 NONE
14:33:37 HUB
14:36:12 NONE
14:36:13 PRIVATE_ISLAND_GUEST
14:36:41 NONE
14:36:41 HUB
14:47:52 NONE
14:47:52 PRIVATE_ISLAND
14:48:02 NONE
14:48:03 HUB
14:48:12 NONE
14:48:13 PRIVATE_ISLAND
14:48:23 NONE
14:48:25 PRIVATE_ISLAND_GUEST
14:48:28 PRIVATE_ISLAND
14:48:28 NONE
14:48:30 PRIVATE_ISLAND
14:49:14 NONE
14:49:16 HUB
14:56:02 NONE
14:56:04 PRIVATE_ISLAND_GUEST
14:57:04 NONE
14:57:05 HUB
15:14:35 NONE
15:14:35 HUB
15:15:12 NONE
15:15:13 PRIVATE_ISLAND
15:15:30 NONE
15:15:30 HUB
15:21:23 NONE
15:21:23 PRIVATE_ISLAND
15:21:29 NONE
15:21:30 HUB
15:21:38 NONE
15:21:40 HUB
15:26:30 NONE
15:26:30 PRIVATE_ISLAND
15:26:35 NONE
15:26:36 HUB
15:26:41 NONE
15:26:41 HUB
15:26:46 NONE
15:26:47 HUB
15:26:51 NONE
15:26:53 HUB
15:35:27 NONE
15:35:27 PRIVATE_ISLAND
15:35:43 NONE
15:35:43 HUB
15:35:49 HUB
15:35:54 NONE
15:35:55 HUB
15:35:59 NONE
15:36:00 HUB
15:54:19 NONE
15:54:19 PRIVATE_ISLAND
