20:29:07 Trying to load config from config\skyhanni\config.json
20:29:07 load-config-now
20:29:08 Loaded config from file
20:29:08 Trying to load sacks from config\skyhanni\sacks.json
20:29:08 load-sacks-now
20:29:08 Loaded sacks from file
20:29:08 Trying to load friends from config\skyhanni\friends.json
20:29:08 load-friends-now
20:29:08 Loaded friends from file
20:29:08 Trying to load known_features from config\skyhanni\known_features.json
20:29:08 load-known_features-now
20:29:08 Loaded known_features from file
20:29:08 Trying to load jacob_contests from config\skyhanni\jacob_contests.json
20:29:08 load-jacob_contests-now
20:29:08 Loaded jacob_contests from file
20:29:08 Trying to load visual_words from config\skyhanni\visual_words.json
20:29:08 Setting visual_words to be blank as it did not exist. It will be saved once something is written to it
20:30:08 saveConfig: auto-save-60s
20:30:08 Saving config file
20:30:08 Saved config file successfully
20:30:08 saveConfig: auto-save-60s
20:30:08 Saving config file
20:30:08 Saved config file successfully
20:30:51 saveConfig: Updated known feature flags
20:30:51 Saving known_features file
20:30:51 Saved known_features file successfully
20:30:51 saveConfig: Updated known feature flags
20:30:51 Saving known_features file
20:30:51 Saved known_features file successfully
20:31:08 saveConfig: auto-save-60s
20:31:08 Saving config file
20:31:08 Saved config file successfully
20:31:08 saveConfig: auto-save-60s
20:31:08 Saving config file
20:31:08 Saved config file successfully
20:32:01 saveConfig: saving-data
20:32:01 Saving sacks file
20:32:01 Saved sacks file successfully
20:32:01 saveConfig: saving-data
20:32:01 Saving sacks file
20:32:01 Saved sacks file successfully
20:32:08 saveConfig: auto-save-60s
20:32:08 Saving config file
20:32:08 Saved config file successfully
20:32:08 saveConfig: auto-save-60s
20:32:08 Saving config file
20:32:08 Saved config file successfully
20:33:08 saveConfig: auto-save-60s
20:33:08 Saving config file
20:33:08 Saved config file successfully
20:33:08 saveConfig: auto-save-60s
20:33:08 Saving config file
20:33:08 Saved config file successfully
20:34:08 saveConfig: auto-save-60s
20:34:08 Saving config file
20:34:08 Saved config file successfully
20:34:08 saveConfig: auto-save-60s
20:34:08 Saving config file
20:34:08 Saved config file successfully
20:35:08 saveConfig: auto-save-60s
20:35:08 Saving config file
20:35:08 Saved config file successfully
20:35:08 saveConfig: auto-save-60s
20:35:08 Saving config file
20:35:08 Saved config file successfully
20:36:08 saveConfig: auto-save-60s
20:36:08 Saving config file
20:36:08 Saved config file successfully
20:36:08 saveConfig: auto-save-60s
20:36:08 Saving config file
20:36:08 Saved config file successfully
20:37:08 saveConfig: auto-save-60s
20:37:08 Saving config file
20:37:08 Saved config file successfully
20:37:08 saveConfig: auto-save-60s
20:37:08 Saving config file
20:37:08 Saved config file successfully
20:38:08 saveConfig: auto-save-60s
20:38:08 Saving config file
20:38:08 Saved config file successfully
20:38:08 saveConfig: auto-save-60s
20:38:08 Saving config file
20:38:08 Saved config file successfully
20:39:08 saveConfig: auto-save-60s
20:39:08 Saving config file
20:39:08 Saved config file successfully
20:39:08 saveConfig: auto-save-60s
20:39:08 Saving config file
20:39:08 Saved config file successfully
20:40:08 saveConfig: auto-save-60s
20:40:08 Saving config file
20:40:08 Saved config file successfully
20:40:08 saveConfig: auto-save-60s
20:40:08 Saving config file
20:40:08 Saved config file successfully
20:41:08 saveConfig: auto-save-60s
20:41:08 Saving config file
20:41:08 Saved config file successfully
20:41:08 saveConfig: auto-save-60s
20:41:08 Saving config file
20:41:08 Saved config file successfully
20:42:08 saveConfig: auto-save-60s
20:42:08 Saving config file
20:42:08 Saved config file successfully
20:42:08 saveConfig: auto-save-60s
20:42:08 Saving config file
20:42:08 Saved config file successfully
20:43:08 saveConfig: auto-save-60s
20:43:08 Saving config file
20:43:08 Saved config file successfully
20:43:08 saveConfig: auto-save-60s
20:43:08 Saving config file
20:43:08 Saved config file successfully
20:44:08 saveConfig: auto-save-60s
20:44:08 Saving config file
20:44:08 Saved config file successfully
20:44:08 saveConfig: auto-save-60s
20:44:08 Saving config file
20:44:08 Saved config file successfully
20:45:08 saveConfig: auto-save-60s
20:45:08 Saving config file
20:45:08 Saved config file successfully
20:45:08 saveConfig: auto-save-60s
20:45:08 Saving config file
20:45:08 Saved config file successfully
20:46:08 saveConfig: auto-save-60s
20:46:08 Saving config file
20:46:08 Saved config file successfully
20:46:08 saveConfig: auto-save-60s
20:46:08 Saving config file
20:46:08 Saved config file successfully
20:47:08 saveConfig: auto-save-60s
20:47:08 Saving config file
20:47:08 Saved config file successfully
20:47:08 saveConfig: auto-save-60s
20:47:08 Saving config file
20:47:08 Saved config file successfully
20:48:08 saveConfig: auto-save-60s
20:48:08 Saving config file
20:48:08 Saved config file successfully
20:48:08 saveConfig: auto-save-60s
20:48:08 Saving config file
20:48:08 Saved config file successfully
20:49:08 saveConfig: auto-save-60s
20:49:08 Saving config file
20:49:08 Saved config file successfully
20:49:08 saveConfig: auto-save-60s
20:49:08 Saving config file
20:49:08 Saved config file successfully
20:50:08 saveConfig: auto-save-60s
20:50:08 Saving config file
20:50:08 Saved config file successfully
20:50:08 saveConfig: auto-save-60s
20:50:08 Saving config file
20:50:08 Saved config file successfully
20:51:08 saveConfig: auto-save-60s
20:51:08 Saving config file
20:51:08 Saved config file successfully
20:51:08 saveConfig: auto-save-60s
20:51:08 Saving config file
20:51:08 Saved config file successfully
20:52:08 saveConfig: auto-save-60s
20:52:08 Saving config file
20:52:08 Saved config file successfully
20:52:08 saveConfig: auto-save-60s
20:52:08 Saving config file
20:52:08 Saved config file successfully
20:53:08 saveConfig: auto-save-60s
20:53:08 Saving config file
20:53:08 Saved config file successfully
20:53:08 saveConfig: auto-save-60s
20:53:08 Saving config file
20:53:08 Saved config file successfully
20:54:08 saveConfig: auto-save-60s
20:54:08 Saving config file
20:54:08 Saved config file successfully
20:54:08 saveConfig: auto-save-60s
20:54:08 Saving config file
20:54:08 Saved config file successfully
20:55:08 saveConfig: auto-save-60s
20:55:08 Saving config file
20:55:08 Saved config file successfully
20:55:08 saveConfig: auto-save-60s
20:55:08 Saving config file
20:55:08 Saved config file successfully
20:56:08 saveConfig: auto-save-60s
20:56:08 Saving config file
20:56:08 Saved config file successfully
20:56:08 saveConfig: auto-save-60s
20:56:08 Saving config file
20:56:08 Saved config file successfully
20:57:08 saveConfig: auto-save-60s
20:57:08 Saving config file
20:57:08 Saved config file successfully
20:57:08 saveConfig: auto-save-60s
20:57:08 Saving config file
20:57:08 Saved config file successfully
20:57:13 saveConfig: saving-data
20:57:13 Saving sacks file
20:57:13 Saved sacks file successfully
20:57:13 saveConfig: saving-data
20:57:13 Saving sacks file
20:57:13 Saved sacks file successfully
20:58:08 saveConfig: auto-save-60s
20:58:08 Saving config file
20:58:08 Saved config file successfully
20:58:08 saveConfig: auto-save-60s
20:58:08 Saving config file
20:58:08 Saved config file successfully
20:58:48 saveConfig: saving-data
20:58:48 Saving sacks file
20:58:48 Saved sacks file successfully
20:58:48 saveConfig: saving-data
20:58:48 Saving sacks file
20:58:48 Saved sacks file successfully
20:59:06 saveConfig: saving-data
20:59:06 Saving sacks file
20:59:06 Saved sacks file successfully
20:59:06 saveConfig: saving-data
20:59:06 Saving sacks file
20:59:06 Saved sacks file successfully
20:59:08 saveConfig: auto-save-60s
20:59:08 Saving config file
20:59:08 Saved config file successfully
20:59:08 saveConfig: auto-save-60s
20:59:08 Saving config file
20:59:08 Saved config file successfully
20:59:37 saveConfig: saving-data
20:59:37 Saving sacks file
20:59:37 Saved sacks file successfully
20:59:37 saveConfig: saving-data
20:59:37 Saving sacks file
20:59:37 Saved sacks file successfully
20:59:58 saveConfig: saving-data
20:59:58 Saving sacks file
20:59:58 Saved sacks file successfully
20:59:58 saveConfig: saving-data
20:59:58 Saving sacks file
20:59:58 Saved sacks file successfully
21:00:08 saveConfig: auto-save-60s
21:00:08 Saving config file
21:00:08 Saved config file successfully
21:00:08 saveConfig: auto-save-60s
21:00:08 Saving config file
21:00:08 Saved config file successfully
21:00:44 saveConfig: saving-data
21:00:44 Saving sacks file
21:00:44 Saved sacks file successfully
21:00:44 saveConfig: saving-data
21:00:44 Saving sacks file
21:00:44 Saved sacks file successfully
21:01:08 saveConfig: auto-save-60s
21:01:08 Saving config file
21:01:08 Saved config file successfully
21:01:08 saveConfig: auto-save-60s
21:01:08 Saving config file
21:01:08 Saved config file successfully
21:01:15 saveConfig: saving-data
21:01:15 Saving sacks file
21:01:15 Saved sacks file successfully
21:01:15 saveConfig: saving-data
21:01:15 Saving sacks file
21:01:15 Saved sacks file successfully
21:01:47 saveConfig: saving-data
21:01:47 Saving sacks file
21:01:47 Saved sacks file successfully
21:01:47 saveConfig: saving-data
21:01:47 Saving sacks file
21:01:47 Saved sacks file successfully
21:02:08 saveConfig: auto-save-60s
21:02:08 Saving config file
21:02:08 Saved config file successfully
21:02:08 saveConfig: auto-save-60s
21:02:08 Saving config file
21:02:08 Saved config file successfully
21:02:18 saveConfig: saving-data
21:02:18 Saving sacks file
21:02:18 Saved sacks file successfully
21:02:18 saveConfig: saving-data
21:02:18 Saving sacks file
21:02:18 Saved sacks file successfully
21:02:49 saveConfig: saving-data
21:02:49 Saving sacks file
21:02:49 Saved sacks file successfully
21:02:49 saveConfig: saving-data
21:02:49 Saving sacks file
21:02:49 Saved sacks file successfully
21:03:08 saveConfig: auto-save-60s
21:03:08 Saving config file
21:03:08 Saved config file successfully
21:03:08 saveConfig: auto-save-60s
21:03:08 Saving config file
21:03:08 Saved config file successfully
21:03:22 saveConfig: saving-data
21:03:22 Saving sacks file
21:03:22 Saved sacks file successfully
21:03:22 saveConfig: saving-data
21:03:22 Saving sacks file
21:03:22 Saved sacks file successfully
21:03:55 saveConfig: saving-data
21:03:55 Saving sacks file
21:03:55 Saved sacks file successfully
21:03:55 saveConfig: saving-data
21:03:55 Saving sacks file
21:03:55 Saved sacks file successfully
21:04:08 saveConfig: auto-save-60s
21:04:08 Saving config file
21:04:08 Saved config file successfully
21:04:08 saveConfig: auto-save-60s
21:04:08 Saving config file
21:04:08 Saved config file successfully
21:04:26 saveConfig: saving-data
21:04:26 Saving sacks file
21:04:26 Saved sacks file successfully
21:04:26 saveConfig: saving-data
21:04:26 Saving sacks file
21:04:26 Saved sacks file successfully
21:04:58 saveConfig: saving-data
21:04:58 Saving sacks file
21:04:58 Saved sacks file successfully
21:04:58 saveConfig: saving-data
21:04:58 Saving sacks file
21:04:58 Saved sacks file successfully
21:05:08 saveConfig: auto-save-60s
21:05:08 Saving config file
21:05:08 Saved config file successfully
21:05:08 saveConfig: auto-save-60s
21:05:08 Saving config file
21:05:08 Saved config file successfully
21:05:31 saveConfig: saving-data
21:05:31 Saving sacks file
21:05:31 Saved sacks file successfully
21:05:31 saveConfig: saving-data
21:05:31 Saving sacks file
21:05:31 Saved sacks file successfully
21:06:03 saveConfig: saving-data
21:06:03 Saving sacks file
21:06:03 Saved sacks file successfully
21:06:03 saveConfig: saving-data
21:06:03 Saving sacks file
21:06:03 Saved sacks file successfully
21:06:08 saveConfig: auto-save-60s
21:06:08 Saving config file
21:06:08 Saved config file successfully
21:06:08 saveConfig: auto-save-60s
21:06:08 Saving config file
21:06:08 Saved config file successfully
21:06:36 saveConfig: saving-data
21:06:36 Saving sacks file
21:06:36 Saved sacks file successfully
21:06:36 saveConfig: saving-data
21:06:36 Saving sacks file
21:06:36 Saved sacks file successfully
21:07:08 saveConfig: saving-data
21:07:08 Saving sacks file
21:07:08 Saved sacks file successfully
21:07:08 saveConfig: saving-data
21:07:08 Saving sacks file
21:07:08 Saved sacks file successfully
21:07:08 saveConfig: auto-save-60s
21:07:08 Saving config file
21:07:08 Saved config file successfully
21:07:08 saveConfig: auto-save-60s
21:07:08 Saving config file
21:07:08 Saved config file successfully
21:07:32 saveConfig: saving-data
21:07:32 Saving sacks file
21:07:32 Saved sacks file successfully
21:07:32 saveConfig: saving-data
21:07:32 Saving sacks file
21:07:32 Saved sacks file successfully
21:08:08 saveConfig: auto-save-60s
21:08:08 Saving config file
21:08:08 Saved config file successfully
21:08:08 saveConfig: auto-save-60s
21:08:08 Saving config file
21:08:08 Saved config file successfully
21:08:47 saveConfig: saving-data
21:08:47 Saving sacks file
21:08:47 Saved sacks file successfully
21:08:47 saveConfig: saving-data
21:08:47 Saving sacks file
21:08:47 Saved sacks file successfully
21:09:08 saveConfig: auto-save-60s
21:09:08 Saving config file
21:09:08 Saved config file successfully
21:09:08 saveConfig: auto-save-60s
21:09:08 Saving config file
21:09:08 Saved config file successfully
21:09:14 saveConfig: saving-data
21:09:14 Saving sacks file
21:09:14 Saved sacks file successfully
21:09:14 saveConfig: saving-data
21:09:14 Saving sacks file
21:09:14 Saved sacks file successfully
21:09:16 saveConfig: saving-data
21:09:16 Saving sacks file
21:09:16 Saved sacks file successfully
21:09:16 saveConfig: saving-data
21:09:16 Saving sacks file
21:09:17 Saved sacks file successfully
21:09:50 saveConfig: saving-data
21:09:50 Saving sacks file
21:09:50 Saved sacks file successfully
21:09:50 saveConfig: saving-data
21:09:50 Saving sacks file
21:09:50 Saved sacks file successfully
21:10:08 saveConfig: auto-save-60s
21:10:08 Saving config file
21:10:08 Saved config file successfully
21:10:08 saveConfig: auto-save-60s
21:10:08 Saving config file
21:10:08 Saved config file successfully
21:10:21 saveConfig: saving-data
21:10:21 Saving sacks file
21:10:21 Saved sacks file successfully
21:10:21 saveConfig: saving-data
21:10:21 Saving sacks file
21:10:21 Saved sacks file successfully
21:10:53 saveConfig: saving-data
21:10:53 Saving sacks file
21:10:53 Saved sacks file successfully
21:10:53 saveConfig: saving-data
21:10:53 Saving sacks file
21:10:53 Saved sacks file successfully
21:11:08 saveConfig: auto-save-60s
21:11:08 Saving config file
21:11:08 Saved config file successfully
21:11:08 saveConfig: auto-save-60s
21:11:08 Saving config file
21:11:08 Saved config file successfully
21:11:35 saveConfig: saving-data
21:11:35 Saving sacks file
21:11:35 Saved sacks file successfully
21:11:35 saveConfig: saving-data
21:11:35 Saving sacks file
21:11:35 Saved sacks file successfully
21:11:46 saveConfig: saving-data
21:11:46 Saving sacks file
21:11:46 Saved sacks file successfully
21:11:46 saveConfig: saving-data
21:11:46 Saving sacks file
21:11:46 Saved sacks file successfully
21:11:54 saveConfig: saving-data
21:11:54 Saving sacks file
21:11:54 Saved sacks file successfully
21:11:54 saveConfig: saving-data
21:11:54 Saving sacks file
21:11:54 Saved sacks file successfully
21:12:07 saveConfig: saving-data
21:12:07 Saving sacks file
21:12:07 Saved sacks file successfully
21:12:07 saveConfig: saving-data
21:12:07 Saving sacks file
21:12:07 Saved sacks file successfully
21:12:08 saveConfig: auto-save-60s
21:12:08 Saving config file
21:12:08 Saved config file successfully
21:12:08 saveConfig: auto-save-60s
21:12:08 Saving config file
21:12:08 Saved config file successfully
21:12:15 saveConfig: saving-data
21:12:15 Saving sacks file
21:12:15 Saved sacks file successfully
21:12:15 saveConfig: saving-data
21:12:15 Saving sacks file
21:12:15 Saved sacks file successfully
21:12:24 saveConfig: saving-data
21:12:24 Saving sacks file
21:12:24 Saved sacks file successfully
21:12:24 saveConfig: saving-data
21:12:24 Saving sacks file
21:12:24 Saved sacks file successfully
21:12:24 saveConfig: saving-data
21:12:24 Saving sacks file
21:12:24 Saved sacks file successfully
21:12:24 saveConfig: saving-data
21:12:24 Saving sacks file
21:12:24 Saved sacks file successfully
21:12:34 saveConfig: saving-data
21:12:34 Saving sacks file
21:12:34 Saved sacks file successfully
21:12:34 saveConfig: saving-data
21:12:34 Saving sacks file
21:12:34 Saved sacks file successfully
21:12:35 saveConfig: saving-data
21:12:35 Saving sacks file
21:12:35 Saved sacks file successfully
21:12:35 saveConfig: saving-data
21:12:35 Saving sacks file
21:12:35 Saved sacks file successfully
21:12:41 saveConfig: saving-data
21:12:41 Saving sacks file
21:12:41 Saved sacks file successfully
21:12:41 saveConfig: saving-data
21:12:41 Saving sacks file
21:12:41 Saved sacks file successfully
21:13:08 saveConfig: auto-save-60s
21:13:08 Saving config file
21:13:08 Saved config file successfully
21:13:08 saveConfig: auto-save-60s
21:13:08 Saving config file
21:13:08 Saved config file successfully
21:13:48 saveConfig: saving-data
21:13:48 Saving sacks file
21:13:48 Saved sacks file successfully
21:13:48 saveConfig: saving-data
21:13:48 Saving sacks file
21:13:48 Saved sacks file successfully
21:14:07 saveConfig: saving-data
21:14:07 Saving sacks file
21:14:07 Saved sacks file successfully
21:14:07 saveConfig: saving-data
21:14:07 Saving sacks file
21:14:07 Saved sacks file successfully
21:14:08 saveConfig: auto-save-60s
21:14:08 Saving config file
21:14:08 Saved config file successfully
21:14:08 saveConfig: auto-save-60s
21:14:08 Saving config file
21:14:08 Saved config file successfully
21:14:52 saveConfig: saving-data
21:14:52 Saving sacks file
21:14:52 Saved sacks file successfully
21:14:52 saveConfig: saving-data
21:14:52 Saving sacks file
21:14:52 Saved sacks file successfully
21:15:08 saveConfig: auto-save-60s
21:15:08 Saving config file
21:15:08 Saved config file successfully
21:15:08 saveConfig: auto-save-60s
21:15:08 Saving config file
21:15:08 Saved config file successfully
21:15:24 saveConfig: saving-data
21:15:24 Saving sacks file
21:15:24 Saved sacks file successfully
21:15:24 saveConfig: saving-data
21:15:24 Saving sacks file
21:15:24 Saved sacks file successfully
21:15:55 saveConfig: saving-data
21:15:55 Saving sacks file
21:15:55 Saved sacks file successfully
21:15:55 saveConfig: saving-data
21:15:55 Saving sacks file
21:15:55 Saved sacks file successfully
21:16:01 saveConfig: saving-data
21:16:01 Saving sacks file
21:16:01 Saved sacks file successfully
21:16:01 saveConfig: saving-data
21:16:01 Saving sacks file
21:16:01 Saved sacks file successfully
21:16:08 saveConfig: auto-save-60s
21:16:08 Saving config file
21:16:08 Saved config file successfully
21:16:08 saveConfig: auto-save-60s
21:16:08 Saving config file
21:16:08 Saved config file successfully
21:16:22 saveConfig: saving-data
21:16:22 Saving sacks file
21:16:22 Saved sacks file successfully
21:16:22 saveConfig: saving-data
21:16:22 Saving sacks file
21:16:22 Saved sacks file successfully
21:16:59 saveConfig: saving-data
21:16:59 Saving sacks file
21:16:59 Saved sacks file successfully
21:16:59 saveConfig: saving-data
21:16:59 Saving sacks file
21:16:59 Saved sacks file successfully
21:17:08 saveConfig: auto-save-60s
21:17:08 Saving config file
21:17:08 Saved config file successfully
21:17:08 saveConfig: auto-save-60s
21:17:08 Saving config file
21:17:08 Saved config file successfully
21:17:31 saveConfig: saving-data
21:17:31 Saving sacks file
21:17:31 Saved sacks file successfully
21:17:31 saveConfig: saving-data
21:17:31 Saving sacks file
21:17:31 Saved sacks file successfully
21:18:03 saveConfig: saving-data
21:18:03 Saving sacks file
21:18:03 Saved sacks file successfully
21:18:03 saveConfig: saving-data
21:18:03 Saving sacks file
21:18:03 Saved sacks file successfully
21:18:08 saveConfig: auto-save-60s
21:18:08 Saving config file
21:18:08 Saved config file successfully
21:18:08 saveConfig: auto-save-60s
21:18:08 Saving config file
21:18:08 Saved config file successfully
21:18:35 saveConfig: saving-data
21:18:35 Saving sacks file
21:18:35 Saved sacks file successfully
21:18:35 saveConfig: saving-data
21:18:35 Saving sacks file
21:18:35 Saved sacks file successfully
21:18:49 saveConfig: saving-data
21:18:49 Saving sacks file
21:18:49 Saved sacks file successfully
21:18:49 saveConfig: saving-data
21:18:49 Saving sacks file
21:18:49 Saved sacks file successfully
21:19:07 saveConfig: saving-data
21:19:07 Saving sacks file
21:19:07 Saved sacks file successfully
21:19:07 saveConfig: saving-data
21:19:07 Saving sacks file
21:19:07 Saved sacks file successfully
21:19:08 saveConfig: auto-save-60s
21:19:08 Saving config file
21:19:08 Saved config file successfully
21:19:08 saveConfig: auto-save-60s
21:19:08 Saving config file
21:19:08 Saved config file successfully
21:19:40 saveConfig: saving-data
21:19:40 Saving sacks file
21:19:40 Saved sacks file successfully
21:19:40 saveConfig: saving-data
21:19:40 Saving sacks file
21:19:40 Saved sacks file successfully
21:20:08 saveConfig: auto-save-60s
21:20:08 Saving config file
21:20:08 Saved config file successfully
21:20:08 saveConfig: auto-save-60s
21:20:08 Saving config file
21:20:08 Saved config file successfully
21:20:13 saveConfig: saving-data
21:20:13 Saving sacks file
21:20:13 Saved sacks file successfully
21:20:13 saveConfig: saving-data
21:20:13 Saving sacks file
21:20:13 Saved sacks file successfully
21:21:08 saveConfig: auto-save-60s
21:21:08 Saving config file
21:21:08 Saved config file successfully
21:21:08 saveConfig: auto-save-60s
21:21:08 Saving config file
21:21:08 Saved config file successfully
21:21:21 saveConfig: saving-data
21:21:21 Saving sacks file
21:21:21 Saved sacks file successfully
21:21:21 saveConfig: saving-data
21:21:21 Saving sacks file
21:21:21 Saved sacks file successfully
21:21:30 saveConfig: saving-data
21:21:30 Saving sacks file
21:21:30 Saved sacks file successfully
21:21:30 saveConfig: saving-data
21:21:30 Saving sacks file
21:21:30 Saved sacks file successfully
21:21:40 saveConfig: saving-data
21:21:40 Saving sacks file
21:21:40 Saved sacks file successfully
21:21:40 saveConfig: saving-data
21:21:40 Saving sacks file
21:21:40 Saved sacks file successfully
21:21:47 saveConfig: saving-data
21:21:47 Saving sacks file
21:21:47 Saved sacks file successfully
21:21:47 saveConfig: saving-data
21:21:47 Saving sacks file
21:21:47 Saved sacks file successfully
21:22:08 saveConfig: auto-save-60s
21:22:08 Saving config file
21:22:08 Saved config file successfully
21:22:08 saveConfig: auto-save-60s
21:22:08 Saving config file
21:22:08 Saved config file successfully
21:22:35 saveConfig: saving-data
21:22:35 Saving sacks file
21:22:35 Saved sacks file successfully
21:22:35 saveConfig: saving-data
21:22:35 Saving sacks file
21:22:35 Saved sacks file successfully
21:23:08 saveConfig: auto-save-60s
21:23:08 Saving config file
21:23:08 Saved config file successfully
21:23:08 saveConfig: auto-save-60s
21:23:08 Saving config file
21:23:08 Saved config file successfully
21:23:29 saveConfig: Save contests
21:23:29 Saving jacob_contests file
21:23:29 Saved jacob_contests file successfully
21:23:29 saveConfig: Save contests
21:23:29 Saving jacob_contests file
21:23:29 Saved jacob_contests file successfully
21:23:30 saveConfig: saving-data
21:23:30 Saving sacks file
21:23:30 Saved sacks file successfully
21:23:30 saveConfig: saving-data
21:23:30 Saving sacks file
21:23:30 Saved sacks file successfully
21:23:45 saveConfig: saving-data
21:23:45 Saving sacks file
21:23:45 Saved sacks file successfully
21:23:45 saveConfig: saving-data
21:23:45 Saving sacks file
21:23:45 Saved sacks file successfully
21:24:08 saveConfig: auto-save-60s
21:24:08 Saving config file
21:24:08 Saved config file successfully
21:24:08 saveConfig: auto-save-60s
21:24:08 Saving config file
21:24:08 Saved config file successfully
21:25:08 saveConfig: auto-save-60s
21:25:08 Saving config file
21:25:08 Saved config file successfully
21:25:08 saveConfig: auto-save-60s
21:25:08 Saving config file
21:25:08 Saved config file successfully
21:25:57 saveConfig: saving-data
21:25:57 Saving sacks file
21:25:57 Saved sacks file successfully
21:25:57 saveConfig: saving-data
21:25:57 Saving sacks file
21:25:57 Saved sacks file successfully
21:26:08 saveConfig: auto-save-60s
21:26:08 Saving config file
21:26:08 Saved config file successfully
21:26:08 saveConfig: auto-save-60s
21:26:08 Saving config file
21:26:08 Saved config file successfully
21:26:33 saveConfig: saving-data
21:26:33 Saving sacks file
21:26:33 Saved sacks file successfully
21:26:33 saveConfig: saving-data
21:26:33 Saving sacks file
21:26:33 Saved sacks file successfully
21:27:08 saveConfig: auto-save-60s
21:27:08 Saving config file
21:27:08 Saved config file successfully
21:27:08 saveConfig: auto-save-60s
21:27:08 Saving config file
21:27:08 Saved config file successfully
21:28:08 saveConfig: auto-save-60s
21:28:08 Saving config file
21:28:08 Saved config file successfully
21:28:08 saveConfig: auto-save-60s
21:28:08 Saving config file
21:28:08 Saved config file successfully
21:29:08 saveConfig: auto-save-60s
21:29:08 Saving config file
21:29:08 Saved config file successfully
21:29:08 saveConfig: auto-save-60s
21:29:08 Saving config file
21:29:08 Saved config file successfully
21:30:08 saveConfig: auto-save-60s
21:30:08 Saving config file
21:30:08 Saved config file successfully
21:30:08 saveConfig: auto-save-60s
21:30:08 Saving config file
21:30:08 Saved config file successfully
21:30:36 saveConfig: saving-data
21:30:36 Saving sacks file
21:30:36 Saved sacks file successfully
21:30:36 saveConfig: saving-data
21:30:36 Saving sacks file
21:30:36 Saved sacks file successfully
21:31:08 saveConfig: auto-save-60s
21:31:08 Saving config file
21:31:08 Saved config file successfully
21:31:08 saveConfig: auto-save-60s
21:31:08 Saving config file
21:31:08 Saved config file successfully
21:32:08 saveConfig: auto-save-60s
21:32:08 Saving config file
21:32:08 Saved config file successfully
21:32:08 saveConfig: auto-save-60s
21:32:08 Saving config file
21:32:08 Saved config file successfully
21:33:08 saveConfig: auto-save-60s
21:33:08 Saving config file
21:33:08 Saved config file successfully
21:33:08 saveConfig: auto-save-60s
21:33:08 Saving config file
21:33:08 Saved config file successfully
21:34:08 saveConfig: auto-save-60s
21:34:08 Saving config file
21:34:08 Saved config file successfully
21:34:08 saveConfig: auto-save-60s
21:34:08 Saving config file
21:34:08 Saved config file successfully
21:34:59 saveConfig: saving-data
21:34:59 Saving sacks file
21:34:59 Saved sacks file successfully
21:34:59 saveConfig: saving-data
21:34:59 Saving sacks file
21:34:59 Saved sacks file successfully
21:35:08 saveConfig: auto-save-60s
21:35:08 Saving config file
21:35:08 Saved config file successfully
21:35:08 saveConfig: auto-save-60s
21:35:08 Saving config file
21:35:08 Saved config file successfully
21:36:08 saveConfig: auto-save-60s
21:36:08 Saving config file
21:36:08 Saved config file successfully
21:36:08 saveConfig: auto-save-60s
21:36:08 Saving config file
21:36:08 Saved config file successfully
21:36:11 saveConfig: shutdown-hook
21:36:11 Saving config file
21:36:11 Saved config file successfully
21:36:11 saveConfig: shutdown-hook
21:36:11 Saving config file
