15:10:07 GARDEN
15:12:23 NONE
15:12:25 GARDEN
15:13:16 NONE
15:13:16 PRIVATE_ISLAND
15:14:18 NONE
15:14:18 THE_RIFT
15:14:49 NONE
15:14:49 CRIMSON_ISLE
15:27:55 PRIVATE_ISLAND
15:30:22 NONE
15:30:22 PRIVATE_ISLAND_GUEST
15:30:33 NONE
15:30:33 DWARVEN_MINES
15:35:15 HUB
15:38:11 PRIVATE_ISLAND
15:42:22 NONE
15:42:22 THE_END
16:01:19 NONE
16:01:19 HUB
16:01:38 NONE
16:01:38 THE_END
16:22:43 NONE
16:22:43 DUNGEON_HUB
16:29:32 NONE
16:29:32 HUB
16:34:16 NONE
16:34:16 DUNGEON_HUB
16:34:42 NONE
16:34:42 CATACOMBS
16:40:10 NONE
16:40:10 DUNGEON_HUB
16:40:20 NONE
16:40:21 CATACOMBS
16:54:51 NONE
16:54:51 DUNGEON_HUB
16:55:42 NONE
16:55:42 CATACOMBS
17:07:50 NONE
17:07:50 DUNGEON_HUB
17:13:06 NONE
17:13:07 PRIVATE_ISLAND
17:43:59 HUB
17:45:36 NONE
17:45:37 THE_END
17:47:51 NONE
17:47:52 CRIMSON_ISLE
17:47:57 NONE
17:47:57 THE_END
18:10:22 NONE
18:10:22 CRIMSON_ISLE
18:10:25 NONE
18:10:25 HUB
18:13:12 NONE
18:13:12 CRIMSON_ISLE
18:41:25 NONE
18:41:25 THE_END
18:47:18 NONE
18:47:19 DUNGEON_HUB
18:47:47 NONE
18:47:48 CATACOMBS
18:48:05 NONE
18:48:06 DUNGEON_HUB
18:52:08 CATACOMBS
19:01:15 NONE
19:01:15 DUNGEON_HUB
19:02:11 NONE
19:02:11 CATACOMBS
19:12:59 NONE
19:12:59 DUNGEON_HUB
