02:02:20 [allowed] §aYou are still radiating with §bGenerosity§r§a!
02:02:21 [allowed] §f §r§r§r§f §r§r§r§1 §r§r§r§0 §r§r§r§2 §r§r§r§f §r§r§r§f §r§r§r§2 §r§r§r§0 §r§r§r§4 §r§r§r§3 §r§r§r§9 §r§r§r§2 §r§r§r§0 §r§r§r§0 §r§r§r§3 §r§r§r§9 §r§r§r§2 §r§r§r§0 §r§r§r§0 §r§r§r§3 §r§r§r§9 §r§r§r§2 §r§r§r§0 §r§r§r§0 
02:02:21 [allowed] §b[MVP§0+§b] KobeAim§f §6joined the lobby!
02:02:21 [allowed] §b[MVP§4+§b] catgirlTurbo§f §6joined the lobby!
02:02:21 [allowed]   §r§f§l➤ §r§6You have reached your Hype limit! Add Hype to Prototype Lobby minigames by right-clicking with the Hype Diamond!
02:02:21 [allowed] §b[MVP§f+§b] KaratekAlan§f §6joined the lobby!
02:02:23 [allowed] §b[MVP§d+§b] Barkey06§f §6joined the lobby!
02:02:24 [allowed] §b[MVP§a+§b] kingquin21§f §6joined the lobby!
02:02:26 [allowed] §b[MVP§2+§b] ColdStorn§f §6joined the lobby!
02:02:28 [allowed] §b[MVP§d+§b] Dark_panda5788§f §6joined the lobby!
02:02:29 [allowed] §b[MVP§c+§b] Kuudra_Believer§f §6joined the lobby!
02:02:29 [allowed] §b[MVP§c+§b] TattedZuri§f §6joined the lobby!
02:02:31 [allowed] §b[MVP§2+§b] 3PUNCHRKO§f §6joined the lobby!
02:02:33 [allowed] §b[MVP§c+§b] notnoemt§f §6joined the lobby!
02:02:35 [allowed] §7Sending to server mini149AT...
02:02:36 [allowed] §8 §r§8 §r§1 §r§3 §r§3 §r§7 §r§8 
02:02:36 [allowed]  
02:02:36 [allowed] §f      §7You have §322 §7pending §3Bestiary Milestones §7to be claimed!
02:02:36 [allowed] §f                  §6§l>>> §6§lCLICK HERE§e to claim them! §6§l<<<
02:02:36 [allowed]   
02:02:38 [allowed] 
02:02:38 [allowed] §eWelcome to §r§aHypixel SkyBlock§r§e!
02:02:38 [allowed] 
02:02:38 [allowed] §eLatest update: §bSkyBlock v0.23 §e§lCLICK
02:02:39 [allowed] §aYou are playing on profile: §eCoconut§b (Co-op)
02:02:39 [allowed] §8Profile ID: 4ef1bd42-ec32-42d4-afba-b766eacde1e7
02:02:45 [allowed] §e✆ §r§cAranya§r§e ✆ 
02:02:45 [allowed] §a✆ RING... §r §r§2§l[PICK UP]
02:02:46 [allowed] §a✆ RING... RING... §r §r§2§l[PICK UP]
02:02:46 [allowed] §a✆ RING... RING... RING... §r §r§2§l[PICK UP]
02:02:46 [allowed] §8[§r§a132§r§8] §r§7☠ §r§a[VIP] AyoPupper§f§r§f: ./p warp
02:03:25 [allowed] §6§lRARE REWARD! §r§aGold98 §r§efound a §r§5Fuming Potato Book §r§ein their Obsidian Chest§r§e!
02:03:50 [allowed] §6§lRARE REWARD! §r§aemora87 §r§efound a §r§5Fuming Potato Book §r§ein their Obsidian Chest§r§e!
02:03:53 [allowed] §6§lRARE REWARD! §r§aGold98 §r§efound a §r§5Fuming Potato Book §r§ein their Obsidian Chest§r§e!
02:04:18 [allowed] §6[Bazaar] §r§7Putting goods in escrow...
02:04:19 [allowed] §6[Bazaar] §r§7Submitting buy order...
02:04:19 [allowed] §6[Bazaar] §r§7§r§eBuy Order Setup! §r§a48§r§7x §r§9Dreadwing §r§7for §r§62,508,826 coins§r§7.
02:04:27 [allowed] §6[Bazaar] §r§7Claiming order...
02:04:27 [allowed] §6[Bazaar] §r§7§r§7Claimed §r§61,290,890 coins §r§7from selling §r§a1§r§7x §r§5Summoning Eye §r§7at §r§61,303,929 §r§7each!
02:04:28 [allowed] §6[Bazaar] §r§7Claiming order...
02:04:28 [allowed] §6[Bazaar] §r§7§r§7Claimed §r§61,366,079 coins §r§7from selling §r§a1§r§7x §r§d§lLast Stand III §r§7at §r§61,379,878 §r§7each!
