22:22:32 §e[SkyHanni] Reloaded 7469 items in the NEU repo§r
22:43:51 §e[SkyHanni] §fYou were in Limbo for §e11m 17s§f.§r
22:50:06 §e[SkyHanni] §b+2 SkyBlock XP §7(Mythological Kills§7)§b (99/100)§r
22:51:55 §e[SkyHanni] Gained §d35,000 motes §ethis Rift session! (§d3.1M/h§e)§r
23:00:21 §e[SkyHanni] §b[MVP§0+§b] KobeAim §l§efound an inquisitor at §l§c-216 91 42!§r
23:00:57 §e[SkyHanni] Detected not having access to warp point §bDark Auction§e!§r
23:00:57 §e[SkyHanni] Use §c/shresetburrowwarps §eonce you have activated this travel scroll.§r
23:01:11 §e[SkyHanni] Inquisitor from §b[MVP§0+§b] KobeAim §enot found, deleting.§r
23:22:26 §e[SkyHanni] §b[MVP§0+§b] KobeAim §l§efound an inquisitor at §l§c-60 82 -162!§r
23:22:51 §e[SkyHanni] §b+2 SkyBlock XP §7(Mythological Kills§7)§b (1/100)§r
23:22:55 §e[SkyHanni] Inquisitor from §b[MVP§0+§b] KobeAim §enot found, deleting.§r
23:28:19 §e[SkyHanni] §b[MVP§6+§b] KobesButler §l§efound an inquisitor at §l§c-72 80 -211!§r
23:29:06 §e[SkyHanni] Inquisitor from §b[MVP§6+§b] KobesButler §enot found, deleting.§r
23:44:56 §e[SkyHanni] §b[MVP§0+§b] KobeAim §l§efound an inquisitor at §l§c-58 72 142!§r
23:45:38 §e[SkyHanni] Inquisitor from §b[MVP§0+§b] KobeAim §enot found, deleting.§r
23:49:36 §e[SkyHanni] §b[MVP§0+§b] KobeAim §l§efound an inquisitor at §l§c-180 84 92!§r
23:50:01 §e[SkyHanni] Inquisitor from §b[MVP§0+§b] KobeAim §enot found, deleting.§r
23:52:11 §e[SkyHanni] §b+1 SkyBlock XP §7(Mythological Kills§7)§b (2/100)§r
23:54:34 §e[SkyHanni] §cYour Time Tower just expired and has 2 charges remaining. Click here to open the Chocolate Factory Menu.§r
00:01:32 §e[SkyHanni] §b[MVP§0+§b] KobeAim §l§efound an inquisitor at §l§c42 72 -183!§r
00:02:00 §e[SkyHanni] Inquisitor from §b[MVP§0+§b] KobeAim §enot found, deleting.§r
00:03:47 §e[SkyHanni] §b[MVP§0+§b] KobeAim §l§efound an inquisitor at §l§c119 81 -84!§r
00:06:40 §e[SkyHanni] §b[MVP§0+§b] KobeAim §l§efound an inquisitor at §l§c-97 78 -191!§r
00:07:10 §e[SkyHanni] Inquisitor from §b[MVP§0+§b] KobeAim §enot found, deleting.§r
00:15:52 §e[SkyHanni] §b[MVP§6+§b] KobesButler §l§efound an inquisitor at §l§c-45 78 -163!§r
00:16:24 §e[SkyHanni] Inquisitor from §b[MVP§6+§b] KobesButler §enot found, deleting.§r
00:24:39 §e[SkyHanni] §b+3 SkyBlock XP §7(Mythological Kills§7)§b (6/100)§r
00:35:04 §e[SkyHanni] §6[MVP§c++§6] BlazeKickers §l§efound an inquisitor at §l§c164 76 -76!§r
00:35:50 §e[SkyHanni] Inquisitor from §6[MVP§c++§6] BlazeKickers §enot found, deleting.§r
00:48:02 §e[SkyHanni] §c§lPUZZLE FAILED! §r§bKobesButler §r§efailed a puzzle. 
§eClick here to get §5Architect's First Draft §7(§e4x left§7)§r
