23:00:21  
23:00:21 [original] §r§c§lWoah! §r§eYou dug out a §r§2Minos Inquisitor§r§e!§r
23:00:21 [modified] §c§lWoah! §r§eYou dug out a §r§2Minos Inquisitor§r§e! §e(86)§r
23:22:26  
23:22:26 [original] §r§c§lOi! §r§eYou dug out a §r§2Minos Inquisitor§r§e!§r
23:22:26 [modified] §c§lOi! §r§eYou dug out a §r§2Minos Inquisitor§r§e! §e(70)§r
23:44:56  
23:44:56 [original] §r§c§lYikes! §r§eYou dug out a §r§2Minos Inquisitor§r§e!§r
23:44:56 [modified] §c§lYikes! §r§eYou dug out a §r§2Minos Inquisitor§r§e! §e(73)§r
23:49:36  
23:49:36 [original] §r§c§lWoah! §r§eYou dug out a §r§2Minos Inquisitor§r§e!§r
23:49:36 [modified] §c§lWoah! §r§eYou dug out a §r§2Minos Inquisitor§r§e! §e(8)§r
00:01:32  
00:01:32 [original] §r§c§lWoah! §r§eYou dug out a §r§2Minos Inquisitor§r§e!§r
00:01:32 [modified] §c§lWoah! §r§eYou dug out a §r§2Minos Inquisitor§r§e! §e(18)§r
00:03:47  
00:03:47 [original] §r§c§lGood Grief! §r§eYou dug out a §r§2Minos Inquisitor§r§e!§r
00:03:47 [modified] §c§lGood Grief! §r§eYou dug out a §r§2Minos Inquisitor§r§e! §e(4)§r
00:06:40  
00:06:40 [original] §r§c§lWoah! §r§eYou dug out a §r§2Minos Inquisitor§r§e!§r
00:06:40 [modified] §c§lWoah! §r§eYou dug out a §r§2Minos Inquisitor§r§e! §e(6)§r
