20:17:46 [allowed] §aYou are still radiating with §bGenerosity§r§a!
20:17:47 [allowed] §f §r§r§r§f §r§r§r§1 §r§r§r§0 §r§r§r§2 §r§r§r§f §r§r§r§f §r§r§r§2 §r§r§r§0 §r§r§r§4 §r§r§r§3 §r§r§r§9 §r§r§r§2 §r§r§r§0 §r§r§r§0 §r§r§r§3 §r§r§r§9 §r§r§r§2 §r§r§r§0 §r§r§r§0 §r§r§r§3 §r§r§r§9 §r§r§r§2 §r§r§r§0 §r§r§r§0 
20:17:47 [allowed] §b[MVP§0+§b] KobeAim§f §6joined the lobby!
20:17:47 [allowed] §b[MVP§9+§b] NumberOneFarm§f §6joined the lobby!
20:17:50 [allowed] §b[MVP§d+§b] BalderWinde§f §6joined the lobby!
20:17:53 [allowed] §b[MVP§9+§b] shadedspider§f §6joined the lobby!
20:17:57 [allowed] §b[MVP§e+§b] Boboff5§f §6joined the lobby!
20:17:59 [allowed] §b[MVP§c+§b] PapaKnastii§f §6joined the lobby!
20:18:00 [allowed]  §b>§c>§a>§r §r§6[MVP§0++§6] Scutes§f §6joined the lobby!§r §a<§c<§b<
20:18:03 [allowed] §b[MVP§c+§b] ory_ash§f §6joined the lobby!
20:18:04 [allowed] §b[MVP§c+§b] Tanish0938§f §6joined the lobby!
20:18:07 [allowed]  §b>§c>§a>§r §r§6[MVP§d++§6] Magenta_Cucumber§f §6joined the lobby!§r §a<§c<§b<
20:18:08 [allowed] §b[MVP§9+§b] Danizer§f §6joined the lobby!
20:18:08 [allowed] §b[MVP§d+§b] velo_ooo§f §6joined the lobby!
20:18:08 [allowed] §b[MVP§c+§b] biraktim9§f §6joined the lobby!
20:18:13 [allowed] §b[MVP§3+§b] Dark3ned§f §6joined the lobby!
20:18:16 [allowed]  §b>§c>§a>§r §r§6[MVP§0++§6] Awesomeguyy§f §6joined the lobby!§r §a<§c<§b<
20:18:17 [allowed] §b[MVP§d+§b] NotPseudo§f §6joined the lobby!
20:18:23 [allowed] §b[MVP§d+§b] Thirtyviruswife§f §6joined the lobby!
20:18:26 [allowed] §b[MVP§2+§b] ringabuser§f §6joined the lobby!
20:18:30 [allowed] §b[MVP§3+§b] pycky§f §6joined the lobby!
20:18:31 [allowed] §b[MVP§c+§b] kirvulol§f §6joined the lobby!
20:18:35 [allowed] §b[MVP§c+§b] RealCamShaftJr§f §6joined the lobby!
20:18:38 [allowed] §b[MVP§c+§b] jakober123§f §6joined the lobby!
20:18:42 [allowed] §b[MVP§4+§b] kuckeji§f §6joined the lobby!
20:18:44 [allowed] §b[MVP§9+§b] Bleping§f §6joined the lobby!
20:18:53 [allowed] §b[MVP§e+§b] cuyodaki§f §6joined the lobby!
20:19:05 [allowed] §b[MVP§c+§b] spappolatore§f §6joined the lobby!
20:19:06 [allowed] §b[MVP§c+§b] DemonPurple§f §6joined the lobby!
20:19:07 [allowed] §b[MVP§f+§b] hyp3rlyte§f §6joined the lobby!
20:19:11 [allowed] §aFriend > §r§bMatteke42 §r§ejoined.
20:19:12 [allowed] §7Sending to server mini8BP...
20:19:14 [allowed] §8 §r§8 §r§1 §r§3 §r§3 §r§7 §r§8 
20:19:14 [allowed]  
20:19:14 [allowed] §f      §7You have §310 §7pending §3Bestiary Milestones §7to be claimed!
20:19:14 [allowed] §f                  §6§l>>> §6§lCLICK HERE§e to claim them! §6§l<<<
20:19:14 [allowed]   
20:19:15 [allowed] 
20:19:15 [allowed] §eWelcome to §r§aHypixel SkyBlock§r§e!
20:19:15 [allowed] 
20:19:15 [allowed] §6§lMAINTENANCE!
20:19:15 [allowed] §7 SkyBlock will be temporarily unavailable on §r§eJune 23rd @ 6am EDT §r§7for maintenance.
20:19:15 [allowed] §7 Check the status page for more info: §r§b§nhttps://status.hypixel.net
20:19:15 [allowed] 
20:19:15 [allowed] §eLatest update: §bSkyBlock v0.22.1 §e§lCLICK
20:19:16 [allowed] §aYou are playing on profile: §eCoconut§b (Co-op)
20:19:16 [allowed] §8Profile ID: 4ef1bd42-ec32-42d4-afba-b766eacde1e7
20:19:24 [allowed] §aFriend > §r§bSwantaBoi §r§eleft.
20:19:32 [allowed] §b[SkyBlock] §r§b[MVP§r§6+§r§b] Matteke42§r§f §r§eis visiting §r§aYour Island§r§e!
20:19:57 [allowed] §aFriend > §r§bSwantaBoi §r§ejoined.
20:20:53 [allowed] §9§m-----------------------------------------------------
20:20:53 [allowed] §b[MVP§r§0+§r§b] KobeAim §r§einvited §r§b[MVP§r§6+§r§b] Matteke42 §r§eto the party! They have §r§c60 §r§eseconds to accept.
20:20:53 [allowed] §9§m-----------------------------------------------------
20:20:56 [allowed] §9§m-----------------------------------------------------
20:20:56 [allowed] §b[MVP§r§6+§r§b] Matteke42 §r§ejoined the party.
20:20:56 [allowed] §9§m-----------------------------------------------------
20:21:01 [allowed] §9§m-----------------------------
§r§b[MVP§r§0+§r§b] KobeAim§r§f §r§eentered §r§aThe Catacombs§r§e, §r§eFloor VII§r§e!
§r§9§m-----------------------------
20:21:01 [allowed] §8Queuing... (Attempt 1/3)
20:21:04 [allowed] §7Sending to server mini22BK...
20:21:06 [allowed] §8 §r§8 §r§1 §r§3 §r§3 §r§7 §r§8 
20:21:07 [allowed]  
20:21:07 [allowed] §f      §7You have §310 §7pending §3Bestiary Milestones §7to be claimed!
20:21:07 [allowed] §f                  §6§l>>> §6§lCLICK HERE§e to claim them! §6§l<<<
20:21:07 [allowed]   
20:21:08 [allowed] §bMatteke42§r§a is now ready!
20:21:08 [allowed] §bKobeAim§r§a is now ready!
20:21:08 [allowed] §aStarting in 4 seconds.
20:21:08 [allowed] §aYou are playing on profile: §eCoconut§b (Co-op)
20:21:08 [allowed] §8Profile ID: 4ef1bd42-ec32-42d4-afba-b766eacde1e7
20:21:09 [allowed] §aStarting in 3 seconds.
20:21:10 [allowed] §aStarting in 2 seconds.
20:21:11 [allowed] §aStarting in 1 second.
20:21:12 [allowed] §6Your §r§aArcher §r§6stats are doubled because you are the only player using this class!
20:21:12 [allowed] §a[Archer] §r§fExtra Arrow Chance §r§c82%§r§f -> §r§a132%
20:21:12 [allowed] §a[Archer] §r§fArrow Damage §r§c201.2%§r§f -> §r§a251.2%
20:21:12 [allowed] §e[NPC] §bMort§f: §rHere, I found this map when I first entered the dungeon.
20:21:14 [allowed] §e[NPC] §bMort§f: §rYou should find it useful if you get lost.
20:21:14 [allowed] §eYour bone plating reduced the damage you took by §r§c3,197.8§r§e!
20:21:14 [allowed] §e§lArcher Milestone §r§e❷§r§7: You have dealt §r§c3,750,000§r§7 Ranged Damage so far! §r§a02s
20:21:15 [allowed] §a§l+5 Kill Combo §r§b+3% §r§b✯ Magic Find
20:21:16 [allowed] §e[NPC] §bMort§f: §rGood luck.
20:21:17 [allowed] §b[MVP§r§0+§r§b] KobeAim§r§f §r§ehas obtained §r§a§r§9Premium Flesh§r§e!
20:21:18 [allowed] §e§lArcher Milestone §r§e❸§r§7: You have dealt §r§c15,000,000§r§7 Ranged Damage so far! §r§a06s
20:21:18 [allowed] §a§l+10 Kill Combo §r§8+§r§610 §r§7coins per kill
20:21:18 [allowed] §b[MVP§r§0+§r§b] KobeAim§r§f §r§ehas obtained §r§a§r§6Revive Stone§r§e!
20:21:19 [allowed] §b[MVP§r§0+§r§b] KobeAim§r§f §r§ehas obtained §r§a§r§6§r§8Wither Key§r§e!
20:21:19 [allowed] §e§lRIGHT CLICK §r§7on §r§7a §r§8WITHER §r§7door§r§7 to open it. This key can only be used to open §r§a1§r§7 door!
20:21:19 [allowed] §cThere are blocks in the way!
20:21:19 [allowed] §a§r§bKobeAim§r§a opened a §r§8§lWITHER §r§adoor!
20:21:23 [allowed] §cYour Kill Combo has expired! You reached a 10 Kill Combo!
20:21:24 [allowed] §cThere are blocks in the way!
20:21:25 [allowed] §cThere are blocks in the way!
20:21:25 [allowed] §cThere are blocks in the way!
20:21:26 [allowed] §cThere are blocks in the way!
20:21:28 [allowed] §a§l+5 Kill Combo §r§b+3% §r§b✯ Magic Find
20:21:31 [allowed] §b[MVP§r§0+§r§b] KobeAim§r§f §r§ehas obtained §r§a§r§9Superboom TNT§r§e!
20:21:31 [allowed] §b[MVP§r§0+§r§b] KobeAim§r§f §r§ehas obtained §r§a§r§6§r§8Wither Key§r§e!
20:21:31 [allowed] §e§lRIGHT CLICK §r§7on §r§7a §r§8WITHER §r§7door§r§7 to open it. This key can only be used to open §r§a1§r§7 door!
20:21:34 [allowed] §a§r§bMatteke42§r§a opened a §r§8§lWITHER §r§adoor!
20:21:34 [allowed] §6Rapid Fire§r§a is ready to use! Press §r§6§lDROP§r§a to activate it!
20:21:36 [allowed] §6[Sacks] §r§a+1§r§e item§r§e.§r§8 (Last 5s.)
20:21:37 [allowed] §cYour Kill Combo has expired! You reached a 9 Kill Combo!
20:21:37 [allowed] §cThere are blocks in the way!
20:21:39 [allowed] §cThere are blocks in the way!
20:21:40 [allowed] §cThere are blocks in the way!
20:21:42 [allowed] §eYour bone plating reduced the damage you took by §r§c1,817.9§r§e!
20:21:43 [allowed] §cThere are blocks in the way!
20:21:45 [allowed] §b[MVP§r§6+§r§b] Matteke42§r§f §r§ehas obtained §r§a§r§6§r§8Wither Key§r§e!
20:21:45 [allowed] §e§lRIGHT CLICK §r§7on §r§7a §r§8WITHER §r§7door§r§7 to open it. This key can only be used to open §r§a1§r§7 door!
20:21:46 [allowed] §b[MVP§r§6+§r§b] Matteke42§r§f §r§ehas obtained §r§a§r§6Revive Stone§r§e!
20:21:47 [allowed] §cThere are blocks in the way!
20:21:47 [allowed] §cThere are blocks in the way!
20:21:47 [allowed] §cThere are blocks in the way!
20:21:49 [allowed] §cThere are blocks in the way!
20:21:49 [allowed] §a§r§bMatteke42§r§a opened a §r§8§lWITHER §r§adoor!
20:21:49 [allowed] §cThere are blocks in the way!
20:21:49 [allowed] §cThere are blocks in the way!
20:21:51 [allowed] §aThe §r§c§r§d§lLost Adventurer §r§aused §r§6Dragon's Breath §r§aon you!
20:21:56 [allowed] §b[MVP§r§6+§r§b] Matteke42§r§f §r§ehas obtained §r§a§r§9Premium Flesh§r§e!
20:21:58 [allowed] §eYour bone plating reduced the damage you took by §r§c3,186.2§r§e!
20:21:59 [allowed] §6[Sacks] §r§a+6§r§e items§r§e.§r§8 (Last 5s.)
20:21:59 [allowed] §e§lArcher Milestone §r§e❹§r§7: You have dealt §r§c37,500,000§r§7 Ranged Damage so far! §r§a46s
20:22:00 [allowed] §b[MVP§r§0+§r§b] KobeAim§r§f §r§ehas obtained §r§a§r§dBlessing of Wisdom§r§e!
20:22:00 [allowed] §6§lDUNGEON BUFF! §r§fYou found a §r§dBlessing of Wisdom V§r§f! (§r§a47s§r§f)
20:22:00 [allowed]      §r§7Granted you §r§a§r§a+32.1§r§7 & §r§a+1.16x §r§b✎ Intelligence §r§7and §r§a+24 §r§f✦ Speed§r§7.
20:22:00 [allowed] §b[MVP§r§0+§r§b] KobeAim§r§f §r§ehas obtained §r§a§r§9Superboom TNT§r§e!
20:22:00 [allowed] §a§l+5 Kill Combo §r§b+3% §r§b✯ Magic Find
20:22:02 [allowed] §cThe Stormy Zombie Commander§r§c struck you for 808.7 damage!
20:22:05 [allowed] §6[Sacks] §r§a+1§r§e item§r§e.§r§8 (Last 5s.)
20:22:05 [allowed] §6Rapid Fire§r§a is ready to use! Press §r§6§lDROP§r§a to activate it!
20:22:07 [allowed] §cYour Kill Combo has expired! You reached a 6 Kill Combo!
20:22:11 [allowed] §cThe Stormy Crypt Dreadlord§r§c struck you for 808.7 damage!
20:22:11 [allowed] §b[MVP§r§6+§r§b] Matteke42§r§f §r§ehas obtained §r§a§r§9Superboom TNT§r§e!
20:22:12 [allowed] §b[MVP§r§6+§r§b] Matteke42§r§f §r§ehas obtained §r§a§r§6§r§8Wither Key§r§e!
20:22:12 [allowed] §e§lRIGHT CLICK §r§7on §r§7a §r§8WITHER §r§7door§r§7 to open it. This key can only be used to open §r§a1§r§7 door!
20:22:15 [allowed] §a§r§bMatteke42§r§a opened a §r§8§lWITHER §r§adoor!
20:22:15 [allowed] §cThere are blocks in the way!
20:22:24 [allowed] §eYour bone plating reduced the damage you took by §r§c3,186.2§r§e!
20:22:26 [allowed] §b[MVP§r§6+§r§b] Matteke42§r§f §r§ehas obtained §r§a§r§dBlessing of Stone§r§e!
20:22:26 [allowed] §6§lDUNGEON BUFF! §r§bMatteke42 §r§ffound a §r§dBlessing of Stone V§r§f! (§r§a01m 14s§r§f)
20:22:26 [allowed]      §r§7Granted you §r§a§r§a+32.1§r§7 & §r§a+1.16x §r§a❈ Defense §r§7and §r§a+36 §r§c❁ Damage§r§7.
20:22:26 [allowed] §b[MVP§r§6+§r§b] Matteke42§r§f §r§ehas obtained §r§a§r§c§r§cBlood Key§r§e!
20:22:26 [allowed] §e§lRIGHT CLICK §r§7on §r§7the §r§cBLOOD DOOR§r§7 to open it. This key can only be used to open §r§a1§r§7 door!
20:22:27 [allowed] §4[STATUE] Oruo the Omniscient§r§f: §r§fI am §r§4Oruo the Omniscient§r§f. I have lived many lives. I have learned all there is to know.
20:22:29 [allowed] §cThe §r§c§lBLOOD DOOR§r§c has been opened!
20:22:29 [allowed] §5A shiver runs down your spine...
20:22:29 [allowed] §4[STATUE] Oruo the Omniscient§r§f: §r§fThough I sit stationary in this prison that is §r§cThe Catacombs§r§f, my knowledge knows no bounds.
20:22:30 [allowed] §c[BOSS] The Watcher§r§f: Things feel a little more roomy now, eh?
20:22:31 [allowed] §cThere are blocks in the way!
20:22:32 [allowed] §4[STATUE] Oruo the Omniscient§r§f: §r§fProve your knowledge by answering 3 questions and I shall reward you in ways that transcend time!
20:22:34 [allowed] §4[STATUE] Oruo the Omniscient§r§f: §r§fAnswer incorrectly, and your moment of ineptitude will live on for generations.
20:22:34 [allowed] §c[BOSS] The Watcher§r§f: I've knocked down those pillars to go for a §r§fmore...open§r§f concept.
20:22:35 [allowed] §cThere are blocks in the way!
20:22:36 [allowed] §6Rapid Fire§r§a is ready to use! Press §r§6§lDROP§r§a to activate it!
20:22:36 [allowed] 
20:22:36 [allowed] §f                                §r§6§lQuestion #1
20:22:36 [allowed] §f   §r§6What is the name of the vendor in the Hub who sells stained
20:22:36 [allowed] §6§r§f                                    §r§6glass?
20:22:36 [allowed] 
20:22:36 [allowed]     §r§6 ⓐ §cBuilder
20:22:36 [allowed]     §r§6 ⓑ §aWool Weaver
20:22:36 [allowed]     §r§6 ⓒ §cAdventurer
20:22:36 [allowed] 
20:22:38 [allowed] §c[BOSS] The Watcher§r§f: Plus I needed to give my new friends some space to roam...
20:22:43 [allowed] §c[BOSS] The Watcher§r§f: Go, fight!
20:22:43 [allowed] §9Party §8> §b[MVP§6+§b] Matteke42§f: §rLeaped to KobeAim!
20:22:47 [allowed] §c[BOSS] The Watcher§r§f: You'll do.
20:22:50 [allowed] §c[BOSS] The Watcher§r§f: This guy looks like a fighter.
20:22:55 [allowed] §c[BOSS] The Watcher§r§f: Let's see how you can handle this.
20:23:03 [allowed] §c[BOSS] The Watcher§r§f: Hmmm... this one!
20:23:09 [allowed] §c[BOSS] The Watcher§r§f: This guy looks like a fighter.
20:23:10 [allowed] §6Rapid Fire§r§a is ready to use! Press §r§6§lDROP§r§a to activate it!
20:23:19 [allowed] §c[BOSS] The Watcher§r§f: Hmmm... this one!
20:23:23 [allowed] §c[BOSS] The Watcher§r§f: Hmmm... this one!
20:23:26 [allowed] §c[BOSS] The Watcher§r§f: Hmmm... this one!
20:23:31 [allowed] §c[BOSS] The Watcher§r§f: Go, fight!
20:23:34 [allowed] §c[BOSS] The Watcher§r§f: Hmmm... this one!
20:23:38 [allowed] §c[BOSS] The Watcher§r§f: Go and live again!
20:23:40 [allowed] §6Rapid Fire§r§a is ready to use! Press §r§6§lDROP§r§a to activate it!
20:23:44 [allowed] §c[BOSS] The Watcher§r§f: You'll do.
20:23:55 [allowed] §c[BOSS] The Watcher§r§f: Go, fight!
20:23:59 [allowed] §c[BOSS] The Watcher§r§f: That will be enough for now.
20:24:02 [allowed] §b[MVP§r§6+§r§b] Matteke42§r§f §r§ehas obtained §r§a§r§9Premium Flesh§r§e!
