21:59:32 HUB
21:59:37 NONE
21:59:39 HUB
21:59:57 NONE
21:59:58 DUNGEON_HUB
22:03:55 NONE
22:03:55 CATACOMBS
22:09:42 NONE
22:09:42 DUNGEON_HUB
22:10:22 NONE
22:10:22 CATACOMBS
22:17:50 NONE
22:17:50 DUNGEON_HUB
22:18:57 CATACOMBS
22:23:36 NONE
22:23:36 CATACOMBS
22:29:39 NONE
22:29:39 CATACOMBS
22:35:01 NONE
22:35:01 CATACOMBS
22:40:54 NONE
22:40:54 DUNGEON_HUB
22:44:48 NONE
22:44:49 THE_RIFT
22:45:26 NONE
22:45:27 CRIMSON_ISLE
22:49:01 NONE
22:49:01 THE_END
22:49:17 NONE
22:49:17 HUB
22:56:44 NONE
22:56:46 PRIVATE_ISLAND
22:57:54 NONE
22:57:54 GARDEN
23:01:58 NONE
23:01:58 DUNGEON_HUB
23:06:36 NONE
23:06:37 CATACOMBS
23:07:04 NONE
23:07:04 HUB
23:07:16 NONE
23:07:16 CATACOMBS
23:12:10 DUNGEON_HUB
23:13:44 NONE
23:13:45 CATACOMBS
23:19:44 NONE
23:19:45 CATACOMBS
23:29:37 NONE
23:29:37 CATACOMBS
23:35:29 NONE
23:35:30 CATACOMBS
23:41:28 NONE
23:41:29 CATACOMBS
23:47:21 NONE
23:47:21 CATACOMBS
23:53:31 NONE
23:53:31 DUNGEON_HUB
23:54:26 NONE
23:54:27 CATACOMBS
00:02:22 NONE
00:02:23 THE_END
00:07:31 NONE
00:07:31 DUNGEON_HUB
00:11:38 NONE
00:11:38 PRIVATE_ISLAND
00:12:05 NONE
00:12:05 PRIVATE_ISLAND_GUEST
