19:14:22 §e[SkyHanni] Reloaded 7482 items in the NEU repo§r
19:16:40 §e[SkyHanni] You have gained §b1,064 §eBits.§r
19:54:34 §e[SkyHanni] Gained §d30,175 motes §ethis Rift session! (§d114k/h§e)§r
19:56:10 §e[SkyHanni] You have gained §b532 §eBits.§r
19:56:10 §e[SkyHanni] Could not find Diana Guess using sound and particles, please try again. (Was this a funny sound easter egg?)§r
19:56:16 §e[SkyHanni] Are you sure you want to reset your total Diana Profit Tracker? Click here to confirm.§r
19:56:18 §e[SkyHanni] Reset total Diana Profit Tracker!§r
19:56:24 §e[SkyHanni] Are you sure you want to reset your total Mythological Creature Tracker? Click here to confirm.§r
19:56:25 §e[SkyHanni] Reset total Mythological Creature Tracker!§r
19:59:13 §e[SkyHanni] You have reached the maximum extra Superpairs clicks from this add-on!§r
20:00:17 §e[SkyHanni] You have reached the maximum extra Superpairs clicks from this add-on!§r
20:05:48 §e[SkyHanni] You have gained §b9 §eBits.§r
20:06:22 §e[SkyHanni] You have gained §b9 §eBits.§r
20:07:02 §e[SkyHanni] You have gained §b9 §eBits.§r
20:07:58 §e[SkyHanni] You have gained §b9 §eBits.§r
20:08:28 §e[SkyHanni] You have gained §b9 §eBits.§r
20:08:54 §e[SkyHanni] You have gained §b9 §eBits.§r
20:09:13 §e[SkyHanni] You have gained §b9 §eBits.§r
20:09:31 §e[SkyHanni] You have gained §b9 §eBits.§r
20:10:12 §e[SkyHanni] You have gained §b9 §eBits.§r
20:10:46 §e[SkyHanni] You have gained §b18 §eBits.§r
20:11:50 §e[SkyHanni] You have gained §b9 §eBits.§r
20:12:17 §e[SkyHanni] You have gained §b9 §eBits.§r
20:12:49 §e[SkyHanni] You have gained §b9 §eBits.§r
20:13:49 §e[SkyHanni] You have gained §b9 §eBits.§r
20:13:57 §e[SkyHanni] You have gained §b9 §eBits.§r
20:14:02 §e[SkyHanni] You have gained §b9 §eBits.§r
20:15:15 §e[SkyHanni] You have gained §b9 §eBits.§r
20:15:24 §e[SkyHanni] You have gained §b9 §eBits.§r
20:15:31 §e[SkyHanni] You have gained §b9 §eBits.§r
20:15:32 §e[SkyHanni] Detected not having access to warp point §bDark Auction§e!§r
20:15:32 §e[SkyHanni] Use §c/shresetburrowwarps §eonce you have activated this travel scroll.§r
20:16:04 §e[SkyHanni] You have gained §b9 §eBits.§r
20:16:35 §e[SkyHanni] You have gained §b9 §eBits.§r
20:17:21 §e[SkyHanni] You have gained §b18 §eBits.§r
20:17:28 §e[SkyHanni] You have gained §b9 §eBits.§r
20:17:32 §e[SkyHanni] §cYour Time Tower just expired and has 2 charges remaining. Click here to open the Chocolate Factory Menu.§r
20:17:38 §e[SkyHanni] You have gained §b532 §eBits.§r
20:18:16 §e[SkyHanni] You have gained §b9 §eBits.§r
20:18:32 §e[SkyHanni] You have gained §b9 §eBits.§r
20:19:45 §e[SkyHanni] You have gained §b9 §eBits.§r
20:20:20 §e[SkyHanni] You have gained §b9 §eBits.§r
20:21:43 §e[SkyHanni] You have gained §b9 §eBits.§r
20:21:46 §e[SkyHanni] You have gained §b9 §eBits.§r
20:23:53 §e[SkyHanni] You have gained §b9 §eBits.§r
20:24:34 §e[SkyHanni] §b[MVP§9+§b] Notfased §l§efound an inquisitor at §l§c-157 73 -32!§r
20:25:12 §e[SkyHanni] Inquisitor from §b[MVP§9+§b] Notfased §enot found, deleting.§r
20:25:41 §e[SkyHanni] §b[MVP§9+§b] Notfased §l§efound an inquisitor at §l§c62 84 74!§r
20:26:37 §e[SkyHanni] §b[MVP§c+§b] Euto7 §l§efound an inquisitor at §l§c153 76 -80!§r
20:27:21 §e[SkyHanni] Inquisitor from §b[MVP§c+§b] Euto7 §enot found, deleting.§r
20:27:57 §e[SkyHanni] You have gained §b9 §eBits.§r
20:27:59 §e[SkyHanni] You have gained §b18 §eBits.§r
20:28:43 §e[SkyHanni] You have gained §b9 §eBits.§r
20:28:50 §e[SkyHanni] You have gained §b18 §eBits.§r
20:29:23 §e[SkyHanni] You have gained §b9 §eBits.§r
20:29:42 §e[SkyHanni] You have gained §b9 §eBits.§r
20:31:02 §e[SkyHanni] You have gained §b9 §eBits.§r
20:31:27 §e[SkyHanni] You have gained §b9 §eBits.§r
20:31:49 §e[SkyHanni] You have gained §b9 §eBits.§r
20:32:23 §e[SkyHanni] You have gained §b18 §eBits.§r
20:33:29 §e[SkyHanni] You have gained §b9 §eBits.§r
20:34:09 §e[SkyHanni] You have gained §b9 §eBits.§r
20:34:47 §e[SkyHanni] You have gained §b18 §eBits.§r
20:35:27 §e[SkyHanni] You have gained §b9 §eBits.§r
20:36:19 §e[SkyHanni] You have gained §b9 §eBits.§r
20:36:45 §e[SkyHanni] You have gained §b9 §eBits.§r
20:37:16 §e[SkyHanni] §b+1 SkyBlock XP §7(Mythological Kills§7)§b (13/100)§r
20:37:48 §e[SkyHanni] You have gained §b9 §eBits.§r
20:38:28 §e[SkyHanni] You have gained §b9 §eBits.§r
20:39:09 §e[SkyHanni] You have gained §b9 §eBits.§r
20:39:28 §e[SkyHanni] You have gained §b9 §eBits.§r
20:40:32 §e[SkyHanni] You have gained §b9 §eBits.§r
20:41:51 §e[SkyHanni] You have gained §b9 §eBits.§r
20:42:07 §e[SkyHanni] You have gained §b9 §eBits.§r
20:42:45 §e[SkyHanni] You have gained §b9 §eBits.§r
20:43:03 §e[SkyHanni] You have gained §b9 §eBits.§r
20:43:46 §e[SkyHanni] You have gained §b9 §eBits.§r
20:43:58 §e[SkyHanni] You have gained §b9 §eBits.§r
20:44:00 §e[SkyHanni] You have gained §b9 §eBits.§r
20:44:38 §e[SkyHanni] You have gained §b9 §eBits.§r
20:44:49 §e[SkyHanni] You have gained §b9 §eBits.§r
20:46:07 §e[SkyHanni] You have gained §b9 §eBits.§r
20:46:44 §e[SkyHanni] You have gained §b9 §eBits.§r
20:47:52 §e[SkyHanni] You have gained §b9 §eBits.§r
20:48:15 §e[SkyHanni] You have gained §b532 §eBits.§r
20:49:00 §e[SkyHanni] You have gained §b9 §eBits.§r
20:49:07 §e[SkyHanni] You have gained §b9 §eBits.§r
20:49:52 §e[SkyHanni] You have gained §b9 §eBits.§r
20:49:55 §e[SkyHanni] You have gained §b9 §eBits.§r
20:50:04 §e[SkyHanni] You have gained §b9 §eBits.§r
20:50:13 §e[SkyHanni] You have gained §b9 §eBits.§r
20:50:39 §e[SkyHanni] You have gained §b18 §eBits.§r
20:51:25 §e[SkyHanni] You have gained §b9 §eBits.§r
20:52:50 §e[SkyHanni] You have gained §b9 §eBits.§r
20:52:56 §e[SkyHanni] You have gained §b9 §eBits.§r
20:53:24 §e[SkyHanni] §b[MVP§9+§b] Notfased §l§efound an inquisitor at §l§c101 75 -15!§r
20:54:09 §e[SkyHanni] Inquisitor from §b[MVP§9+§b] Notfased §enot found, deleting.§r
20:54:36 §e[SkyHanni] You have gained §b9 §eBits.§r
20:55:02 §e[SkyHanni] You have gained §b9 §eBits.§r
20:55:23 §e[SkyHanni] You have gained §b18 §eBits.§r
20:55:34 §e[SkyHanni] You have gained §b9 §eBits.§r
20:56:06 §e[SkyHanni] You have gained §b9 §eBits.§r
20:56:45 §e[SkyHanni] You have gained §b9 §eBits.§r
20:57:01 §e[SkyHanni] §b[MVP] SolaerX §l§efound an inquisitor at §l§c-41 80 -181!§r
20:57:01 §e[SkyHanni] You have gained §b9 §eBits.§r
20:57:33 §e[SkyHanni] Inquisitor from §b[MVP] SolaerX §enot found, deleting.§r
20:58:06 §e[SkyHanni] You have gained §b9 §eBits.§r
20:58:51 §e[SkyHanni] You have gained §b9 §eBits.§r
20:59:32 §e[SkyHanni] You have gained §b9 §eBits.§r
21:00:23 §e[SkyHanni] You have gained §b9 §eBits.§r
21:02:37 §e[SkyHanni] §bYou have §32 §bmaterials in stash, §btotalling §31 type§b. §bClick to §3pickup §byour stash!§r
21:02:38 §e[SkyHanni] You have gained §b1,993 §eBits.§r
21:09:36 §e[SkyHanni] You have gained §b21 §eBits.§r
21:11:13 §e[SkyHanni] You have gained §b21 §eBits.§r
21:12:05 §e[SkyHanni] You have gained §b21 §eBits.§r
21:12:24 §e[SkyHanni] You have gained §b64 §eBits.§r
21:12:29 §e[SkyHanni] You have gained §b85 §eBits.§r
21:17:37 §e[SkyHanni] §cYour Time Tower just expired and has 1 charge remaining. Click here to open the Chocolate Factory Menu.§r
21:18:22 §e[SkyHanni] You have gained §b532 §eBits.§r
21:20:13 §e[SkyHanni] You have gained §b64 §eBits.§r
21:44:25 §e[SkyHanni] You have gained §b9 §eBits.§r
21:44:42 §e[SkyHanni] You have gained §b9 §eBits.§r
21:45:05 §e[SkyHanni] You have gained §b9 §eBits.§r
21:45:19 §e[SkyHanni] You have gained §b9 §eBits.§r
21:46:19 §e[SkyHanni] You have gained §b9 §eBits.§r
21:47:06 §e[SkyHanni] You have gained §b9 §eBits.§r
21:47:31 §e[SkyHanni] You have gained §b9 §eBits.§r
21:48:19 §e[SkyHanni] You have gained §b9 §eBits.§r
21:48:50 §e[SkyHanni] §bNo Bits Available! §eClick to buy booster cookies on the bazaar.§r
21:48:50 §e[SkyHanni] You have gained §b297 §eBits.§r
21:49:23 §e[SkyHanni] §b[MVP§0+§b] KobeAim §l§efound an inquisitor at §l§c103 74 174!§r
21:49:59 §e[SkyHanni] §b+1 SkyBlock XP §7(Mythological Kills§7)§b (16/100)§r
21:50:03 §e[SkyHanni] Inquisitor from §b[MVP§0+§b] KobeAim §enot found, deleting.§r
21:52:10 §e[SkyHanni] §7Mxntyxy §l§efound an inquisitor at §l§c134 73 -21!§r
21:52:46 §e[SkyHanni] Inquisitor from §7Mxntyxy §enot found, deleting.§r
21:54:14 §e[SkyHanni] §b[MVP§0+§b] KobeAim §l§efound an inquisitor at §l§c1 72 155!§r
21:54:46 §e[SkyHanni] Inquisitor from §b[MVP§0+§b] KobeAim §enot found, deleting.§r
21:56:37 §e[SkyHanni] §7Mxntyxy §l§efound an inquisitor at §l§c98 72 -120!§r
21:57:15 §e[SkyHanni] Inquisitor from §7Mxntyxy §enot found, deleting.§r
22:00:41 §e[SkyHanni] §b[MVP§c+§b] Deadly_Revenge §l§efound an inquisitor at §l§c95 74 167!§r
22:01:17 §e[SkyHanni] Inquisitor from §b[MVP§c+§b] Deadly_Revenge §enot found, deleting.§r
22:04:16 §e[SkyHanni] §b+15 SkyBlock XP §7(Museum Donations§7)§b (51/100)§r
22:06:12 §e[SkyHanni] §b[MVP§6+§b] Matteke42 §l§efound an inquisitor at §l§c7 73 145!§r
22:06:37 §e[SkyHanni] Inquisitor from §b[MVP§6+§b] Matteke42 §enot found, deleting.§r
22:08:56 §e[SkyHanni] §b[MVP§c+§b] Deadly_Revenge §l§efound an inquisitor at §l§c-76 79 -185!§r
22:09:29 §e[SkyHanni] Inquisitor from §b[MVP§c+§b] Deadly_Revenge §enot found, deleting.§r
22:10:07 §e[SkyHanni] §cInquisitor out of range!§r
23:30:48 §e[SkyHanni] §fYou were in Limbo for §e1h 20m 32s§f.§r
23:43:03 §e[SkyHanni] §cInquisitor out of range!§r
23:46:36 §e[SkyHanni] §b[MVP§d+§b] Telmesani §l§efound an inquisitor at §l§c-207 73 -48!§r
23:46:55 §e[SkyHanni] Inquisitor from §b[MVP§d+§b] Telmesani §enot found, deleting.§r
23:47:43 §e[SkyHanni] §b[MVP§6+§b] Matteke42 §l§efound an inquisitor at §l§c-179 77 -48!§r
23:48:16 §e[SkyHanni] Inquisitor from §b[MVP§6+§b] Matteke42 §enot found, deleting.§r
23:56:05 §e[SkyHanni] Click here to share the location of this chocolate egg with the server!§r
23:56:05 §e[SkyHanni] §b[MVP§6+§b] Matteke42 §l§efound an inquisitor at §l§c92 72 -121!§r
23:56:44 §e[SkyHanni] Inquisitor from §b[MVP§6+§b] Matteke42 §enot found, deleting.§r
00:03:27 §e[SkyHanni] §b[MVP§0+§b] KobeAim §l§efound an inquisitor at §l§c111 76 -79!§r
00:04:28 §e[SkyHanni] Inquisitor from §b[MVP§0+§b] KobeAim §enot found, deleting.§r
