12:56:49 [STASH_COMPACT] §f               §7You have §350,624 §7materials stashed away!
12:56:49 [STASH_COMPACT] §f               §8(This totals 1 type of material stashed!)
12:56:49 [STASH_COMPACT] §f                §3§l>>> §3§lCLICK HERE§b to pick them up! §3§l<<<
12:56:49 [STASH_COMPACT]   
12:56:51 [STASH_COMPACT] §f               §7You have §350,624 §7materials stashed away!
12:56:51 [STASH_COMPACT] §f               §8(This totals 1 type of material stashed!)
12:56:51 [STASH_COMPACT] §f                §3§l>>> §3§lCLICK HERE§b to pick them up! §3§l<<<
12:56:51 [STASH_COMPACT]   
13:22:17 [PEST_DROP] §eYou received §a69x Enchanted Potato §efor killing a §2Locust§e!
13:22:20 [PEST_DROP] §eYou received §a127x Enchanted Melon §efor killing an §2Earthworm§e!
13:22:29 [PEST_DROP] §eYou received §a103x Enchanted Potato §efor killing a §2Locust§e!
13:22:37 [PEST_DROP] §eYou received §a111x Enchanted Potato §efor killing a §2Locust§e!
13:22:47 [PEST_DROP] §eYou received §a116x Enchanted Potato §efor killing a §2Locust§e!
13:22:59 [PEST_DROP] §eYou received §a96x Enchanted Cocoa Beans §efor killing a §2Moth§e!
13:23:05 [PEST_DROP] §eYou received §a116x Enchanted Potato §efor killing a §2Locust§e!
13:23:11 [PEST_DROP] §eYou received §a116x Enchanted Potato §efor killing a §2Locust§e!
13:23:19 [PEST_DROP] §eYou received §a67x Enchanted Cactus Green §efor killing a §2Mite§e!
13:23:19 [PEST_DROP] §eYou received §a116x Enchanted Potato §efor killing a §2Locust§e!
13:23:19 [PEST_DROP] §eYou received §a117x Enchanted Potato §efor killing a §2Locust§e!
13:23:21 [PEST_DROP] §eYou received §a102x Enchanted Potato §efor killing a §2Locust§e!
13:23:21 [PEST_DROP] §eYou received §a32x Enchanted Pumpkin §efor killing a §2Rat§e!
13:23:21 [PEST_DROP] §eYou received §a33x Enchanted Pumpkin §efor killing a §2Rat§e!
13:23:21 [PEST_DROP] §eYou received §a49x Enchanted Brown Mushroom §efor killing a §2Field Mouse§e!
13:23:21 [PEST_DROP] §eYou received §a1x Honey Jar §efor killing a §2Field Mouse§e!
13:23:21 [PEST_DROP] §eYou received §a1x Plant Matter §efor killing a §2Field Mouse§e!
13:23:21 [PEST_DROP] §eYou received §a1x Tasty Cheese §efor killing a §2Field Mouse§e!
13:23:21 [PEST_DROP] §eYou received §a1x Compost §efor killing a §2Field Mouse§e!
13:23:21 [PEST_DROP] §eYou received §a1x Dung §efor killing a §2Field Mouse§e!
13:23:21 [PEST_DROP] §eYou received §a67x Enchanted Cactus Green §efor killing a §2Mite§e!
13:23:21 [PEST_DROP] §eYou received §a117x Enchanted Potato §efor killing a §2Locust§e!
13:23:34 [GARDEN_VISITOR_MESSAGE] §e[NPC] §aVex§f: §r§fI have an offer for you that you can't refuse.
13:23:36 [GARDEN_VISITOR_MESSAGE] §e[NPC] §aVex§f: §r§fOh well that's awkward.
13:23:36 [GARDEN_VISITOR_MESSAGE] §e[NPC] §aEmissary Wilson§f: §r§fThe King's least favorite vegetable is carrot, so he sent me, his favorite emissary, to make it better!
13:23:46 [GARDEN_VISITOR_MESSAGE] §e[NPC] §aEmissary Wilson§f: §r§fI'm not sure if the carrots would have worked anyways...
13:23:47 [GARDEN_VISITOR_MESSAGE] §e[NPC] §9Lumina§f: §r§fI'm looking to make some Jack o' Lanterns to help light up the Crystal Hollows - maybe you can help me out?
13:23:53 [GARDEN_VISITOR_MESSAGE] §e[NPC] §9Lumina§f: §r§fNice doin' business with ya! Here's some copper in return.
13:23:54 [GARDEN_VISITOR_MESSAGE] §e[NPC] §aRoyal Resident§f: §r§fI don't really converse with your kind, but today I'll make an exception.
13:23:57 [GARDEN_VISITOR_MESSAGE] §e[NPC] §aRoyal Resident§f: §r§fMy disappointment is immeasurable. What a waste of my valuable time.
13:25:37 [NEW_VISITOR_ARRIVED] §a§r§aAdventurer §r§ehas arrived on your §r§aGarden§r§e!
13:43:12 [STASH_COMPACT] §f                §7You have §33,968 §7materials stashed away!
13:43:12 [STASH_COMPACT] §f               §8(This totals 1 type of material stashed!)
13:43:12 [STASH_COMPACT] §f                §3§l>>> §3§lCLICK HERE§b to pick them up! §3§l<<<
13:43:12 [STASH_COMPACT]   
13:43:16 [STASH_COMPACT] §f                §7You have §33,968 §7materials stashed away!
13:43:16 [STASH_COMPACT] §f               §8(This totals 1 type of material stashed!)
13:43:16 [STASH_COMPACT] §f                §3§l>>> §3§lCLICK HERE§b to pick them up! §3§l<<<
13:43:16 [STASH_COMPACT]   
14:16:59 [SLAYER_RNG_METER]    §dRNG Meter §f- §d3,500 Stored XP
14:18:02 [SLAYER_RNG_METER]    §dRNG Meter §f- §d4,000 Stored XP
14:19:39 [SLAYER_RNG_METER]    §dRNG Meter §f- §d4,500 Stored XP
14:20:12 [SLAYER_RNG_METER]    §dRNG Meter §f- §d5,000 Stored XP
14:20:52 [SLAYER_RNG_METER]    §dRNG Meter §f- §d5,500 Stored XP
14:21:58 [SLAYER_RNG_METER]    §dRNG Meter §f- §d6,000 Stored XP
14:22:48 [SLAYER_RNG_METER]    §dRNG Meter §f- §d6,500 Stored XP
14:23:55 [SLAYER_RNG_METER]    §dRNG Meter §f- §d7,000 Stored XP
14:25:00 [SLAYER_RNG_METER]    §dRNG Meter §f- §d7,500 Stored XP
14:25:40 [SLAYER_RNG_METER]    §dRNG Meter §f- §d8,000 Stored XP
14:26:42 [SLAYER_RNG_METER]    §dRNG Meter §f- §d8,500 Stored XP
14:27:24 [SLAYER_RNG_METER]    §dRNG Meter §f- §d9,000 Stored XP
14:28:13 [SLAYER_RNG_METER]    §dRNG Meter §f- §d9,500 Stored XP
14:29:31 [SLAYER_RNG_METER]    §dRNG Meter §f- §d10,000 Stored XP
14:30:18 [SLAYER_RNG_METER]    §dRNG Meter §f- §d10,500 Stored XP
14:30:53 [SLAYER_RNG_METER]    §dRNG Meter §f- §d11,000 Stored XP
14:31:59 [SLAYER_RNG_METER]    §dRNG Meter §f- §d11,500 Stored XP
14:32:49 [SLAYER_RNG_METER]    §dRNG Meter §f- §d12,000 Stored XP
14:43:59 [COMPACT_POTION_EFFECT] §a§lBUFF! §fYou have gained §r§4Regeneration IV§r§f! Press TAB or type /effects to view your active effects!
14:43:59 [COMPACT_POTION_EFFECT] §a§lBUFF! §fYou have gained §r§4Strength V§r§f! Press TAB or type /effects to view your active effects!
14:43:59 [COMPACT_POTION_EFFECT] §a§lBUFF! §fYou have gained §r§4Critical III§r§f! Press TAB or type /effects to view your active effects!
14:43:59 [COMPACT_POTION_EFFECT] §a§lBUFF! §fYou have gained §r§9Speed III§r§f! Press TAB or type /effects to view your active effects!
14:43:59 [COMPACT_POTION_EFFECT] §a§lBUFF! §fYou have gained §r§aResistance V§r§f! Press TAB or type /effects to view your active effects!
14:43:59 [COMPACT_POTION_EFFECT] §a§lBUFF! §fYou have gained §r§bArchery III§r§f! Press TAB or type /effects to view your active effects!
14:51:39 [COMPACT_POTION_EFFECT] §a§lBUFF! §fYou have gained §r§4Regeneration IV§r§f! Press TAB or type /effects to view your active effects!
14:51:39 [COMPACT_POTION_EFFECT] §a§lBUFF! §fYou have gained §r§4Strength V§r§f! Press TAB or type /effects to view your active effects!
14:51:39 [COMPACT_POTION_EFFECT] §a§lBUFF! §fYou have gained §r§4Critical III§r§f! Press TAB or type /effects to view your active effects!
14:51:39 [COMPACT_POTION_EFFECT] §a§lBUFF! §fYou have gained §r§9Speed III§r§f! Press TAB or type /effects to view your active effects!
14:51:39 [COMPACT_POTION_EFFECT] §a§lBUFF! §fYou have gained §r§aResistance V§r§f! Press TAB or type /effects to view your active effects!
14:51:39 [COMPACT_POTION_EFFECT] §a§lBUFF! §fYou have gained §r§bArchery III§r§f! Press TAB or type /effects to view your active effects!
