12:35:10 §e[SkyHanni] Reloaded 7449 items in the NEU repo§r
12:35:55 §e[SkyHanni] You have gained §b504 §eBits.§r
12:43:15 §e[SkyHanni] Gained §d40,000 motes §ethis Rift session! (§d1.2M/h§e)§r
12:43:46 §e[SkyHanni] You have gained §b20 §eBits.§r
12:44:04 §e[SkyHanni] §b+1 SkyBlock XP §7(HOTM Progression§7)§b (99/100)§r
12:44:04 §e[SkyHanni] You have gained §b20 §eBits.§r
12:50:45 §e[SkyHanni] You have gained §b60 §eBits.§r
12:51:56 §e[SkyHanni] You have gained §b20 §eBits.§r
12:53:20 §e[SkyHanni] You have gained §b20 §eBits.§r
12:54:03 §e[SkyHanni] You have gained §b20 §eBits.§r
12:56:49 §e[SkyHanni] §bYou have §350k §bmaterials in stash, §btotalling §31 type§b. §bClick to §3pickup §byour stash!§r
12:57:02 §e[SkyHanni] §lCLICK HERE§r§e to grab §ax90 §9§9Concentrated Stone§e from sacks!§r
13:07:24 §e[SkyHanni] §b+40 SkyBlock XP §7(Defeated Kuudra Hot Tier§7)§b (66/100)§r
13:08:31 §e[SkyHanni] You have gained §b585 §eBits.§r
13:15:39 §e[SkyHanni] §b+60 SkyBlock XP §7(Defeated Kuudra Burning Tier§7)§b (30/100)§r
13:17:25 §e[SkyHanni] You have gained §b323 §eBits.§r
13:22:18 §e[SkyHanni] You have gained §b10 §eBits.§r
13:22:21 §e[SkyHanni] You have gained §b20 §eBits.§r
13:22:30 §e[SkyHanni] You have gained §b10 §eBits.§r
13:22:38 §e[SkyHanni] You have gained §b10 §eBits.§r
13:22:40 §e[SkyHanni] Loaded Potato milestone data from tab list!§r
13:22:48 §e[SkyHanni] You have gained §b10 §eBits.§r
13:23:00 §e[SkyHanni] You have gained §b20 §eBits.§r
13:23:06 §e[SkyHanni] You have gained §b10 §eBits.§r
13:23:11 §e[SkyHanni] You have gained §b10 §eBits.§r
13:23:20 §e[SkyHanni] You have gained §b30 §eBits.§r
13:23:21 §e[SkyHanni] You have gained §b40 §eBits.§r
13:23:21 §e[SkyHanni] Started tracking your Jacob Contest Blocks Per Second!§r
13:23:22 §e[SkyHanni] You have gained §b30 §eBits.§r
13:23:54 §e[SkyHanni] You have gained §b10 §eBits.§r
13:25:38 §e[SkyHanni] §aAdventurer §eis visiting your garden!§r
13:28:00 §e[SkyHanni] Low on arrows §e(4 left)§r
13:37:07 §e[SkyHanni] §bNo Bits Available! §eClick to buy booster cookies on the bazaar.§r
13:37:07 §e[SkyHanni] You have gained §b147 §eBits.§r
13:43:12 §e[SkyHanni] §bYou have §33.9k §bmaterials in stash, §btotalling §31 type§b. §bClick to §3pickup §byour stash!§r
14:16:02 §e[SkyHanni] Start a new slayer quest! You have no Auto-Slayer active!§r
14:16:18 §e[SkyHanni] Start a new slayer quest! You have no Auto-Slayer active!§r
14:16:29 §e[SkyHanni] Start a new slayer quest! You have no Auto-Slayer active!§r
14:16:39 §e[SkyHanni] Start a new slayer quest! You have no Auto-Slayer active!§r
14:16:50 §e[SkyHanni] Start a new slayer quest! You have no Auto-Slayer active!§r
14:43:59 §a§lPotion Effect! §r§4Regeneration IV§r
14:43:59 §a§lPotion Effect! §r§4Strength V§r
14:43:59 §a§lPotion Effect! §r§4Critical III§r
14:43:59 §a§lPotion Effect! §r§9Speed III§r
14:43:59 §a§lPotion Effect! §r§aResistance V§r
14:43:59 §a§lPotion Effect! §r§bArchery III§r
14:51:39 §a§lPotion Effect! §r§4Regeneration IV§r
14:51:39 §a§lPotion Effect! §r§4Strength V§r
14:51:39 §a§lPotion Effect! §r§4Critical III§r
14:51:39 §a§lPotion Effect! §r§9Speed III§r
14:51:39 §a§lPotion Effect! §r§aResistance V§r
14:51:39 §a§lPotion Effect! §r§bArchery III§r
17:34:22 §e[SkyHanni] §fYou were in Limbo for §e20m 45s§f.§r
17:43:51 §e[SkyHanni] Gained §d30,025 motes §ethis Rift session! (§d677k/h§e)§r
17:48:51 §e[SkyHanni] Wrong slayer selected! You have Sven Packmaster selected and you are in an Voidgloom Seraph area!§r
17:49:03 §e[SkyHanni] Wrong slayer selected! You have Sven Packmaster selected and you are in an Voidgloom Seraph area!§r
17:49:17 §e[SkyHanni] Wrong slayer selected! You have Sven Packmaster selected and you are in an Voidgloom Seraph area!§r
17:49:28 §e[SkyHanni] Wrong slayer selected! You have Sven Packmaster selected and you are in an Voidgloom Seraph area!§r
17:49:49 §e[SkyHanni] Wrong slayer selected! You have Sven Packmaster selected and you are in an Voidgloom Seraph area!§r
17:54:47 §e[SkyHanni] Wrong slayer selected! You have Sven Packmaster selected and you are in an Revenant Horror area!§r
