18:27:25 DWARVEN_MINES
18:28:47 NONE
18:28:48 THE_END
18:32:13 NONE
18:32:13 PRIVATE_ISLAND
18:56:44 NONE
18:56:45 BACKWATER_BAYOU
19:02:18 NONE
19:02:19 THE_END
19:03:13 HUB
19:10:44 NONE
19:10:45 THE_END
19:14:33 NONE
19:14:34 CRIMSON_ISLE
19:16:53 NONE
19:16:53 HUB
19:17:28 NONE
19:17:29 PRIVATE_ISLAND
19:17:35 NONE
19:17:35 HUB
19:18:06 NONE
19:18:06 BACKWATER_BAYOU
19:19:16 NONE
19:19:16 HUB
19:25:45 NONE
19:25:46 THE_END
19:28:59 NONE
19:28:59 HUB
19:30:35 CRIMSON_ISLE
19:36:00 NONE
19:36:00 HUB
19:38:05 NONE
19:38:07 THE_RIFT
19:38:47 NONE
19:38:47 HUB
