21:03:31 Trying to load config from config\skyhanni\config.json
21:03:31 load-config-now
21:03:32 Loaded config from file
21:03:32 Trying to load sacks from config\skyhanni\sacks.json
21:03:32 load-sacks-now
21:03:32 Loaded sacks from file
21:03:32 Trying to load friends from config\skyhanni\friends.json
21:03:32 load-friends-now
21:03:32 Loaded friends from file
21:03:32 Trying to load known_features from config\skyhanni\known_features.json
21:03:32 load-known_features-now
21:03:32 Loaded known_features from file
21:03:32 Trying to load jacob_contests from config\skyhanni\jacob_contests.json
21:03:32 load-jacob_contests-now
21:03:32 Loaded jacob_contests from file
21:03:32 Trying to load visual_words from config\skyhanni\visual_words.json
21:03:32 Setting visual_words to be blank as it did not exist. It will be saved once something is written to it
21:04:32 saveConfig: auto-save-60s
21:04:32 Saving config file
21:04:32 Saved config file successfully
21:04:32 saveConfig: auto-save-60s
21:04:32 Saving config file
21:04:32 Saved config file successfully
21:04:58 saveConfig: Updated known feature flags
21:04:58 Saving known_features file
21:04:58 Saved known_features file successfully
21:04:58 saveConfig: Updated known feature flags
21:04:58 Saving known_features file
21:04:58 Saved known_features file successfully
21:05:32 saveConfig: auto-save-60s
21:05:32 Saving config file
21:05:32 Saved config file successfully
21:05:32 saveConfig: auto-save-60s
21:05:32 Saving config file
21:05:32 Saved config file successfully
21:06:32 saveConfig: auto-save-60s
21:06:32 Saving config file
21:06:32 Saved config file successfully
21:06:32 saveConfig: auto-save-60s
21:06:32 Saving config file
21:06:32 Saved config file successfully
21:07:32 saveConfig: auto-save-60s
21:07:32 Saving config file
21:07:32 Saved config file successfully
21:07:32 saveConfig: auto-save-60s
21:07:32 Saving config file
21:07:32 Saved config file successfully
21:08:32 saveConfig: auto-save-60s
21:08:32 Saving config file
21:08:32 Saved config file successfully
21:08:32 saveConfig: auto-save-60s
21:08:32 Saving config file
21:08:32 Saved config file successfully
21:09:32 saveConfig: auto-save-60s
21:09:32 Saving config file
21:09:32 Saved config file successfully
21:09:32 saveConfig: auto-save-60s
21:09:32 Saving config file
21:09:32 Saved config file successfully
21:10:32 saveConfig: auto-save-60s
21:10:32 Saving config file
21:10:32 Saved config file successfully
21:10:32 saveConfig: auto-save-60s
21:10:32 Saving config file
21:10:32 Saved config file successfully
21:11:32 saveConfig: auto-save-60s
21:11:32 Saving config file
21:11:32 Saved config file successfully
21:11:32 saveConfig: auto-save-60s
21:11:32 Saving config file
21:11:32 Saved config file successfully
21:12:32 saveConfig: auto-save-60s
21:12:32 Saving config file
21:12:32 Saved config file successfully
21:12:32 saveConfig: auto-save-60s
21:12:32 Saving config file
21:12:32 Saved config file successfully
21:13:32 saveConfig: auto-save-60s
21:13:32 Saving config file
21:13:32 Saved config file successfully
21:13:32 saveConfig: auto-save-60s
21:13:32 Saving config file
21:13:32 Saved config file successfully
21:13:56 saveConfig: saving-data
21:13:56 Saving sacks file
21:13:56 Saved sacks file successfully
21:13:56 saveConfig: saving-data
21:13:56 Saving sacks file
21:13:56 Saved sacks file successfully
21:14:23 saveConfig: saving-data
21:14:23 Saving sacks file
21:14:23 Saved sacks file successfully
21:14:23 saveConfig: saving-data
21:14:23 Saving sacks file
21:14:23 Saved sacks file successfully
21:14:32 saveConfig: auto-save-60s
21:14:32 Saving config file
21:14:32 Saved config file successfully
21:14:32 saveConfig: auto-save-60s
21:14:32 Saving config file
21:14:32 Saved config file successfully
21:14:58 saveConfig: saving-data
21:14:58 Saving sacks file
21:14:58 Saved sacks file successfully
21:14:58 saveConfig: saving-data
21:14:58 Saving sacks file
21:14:59 Saved sacks file successfully
21:15:06 saveConfig: saving-data
21:15:06 Saving sacks file
21:15:06 Saved sacks file successfully
21:15:06 saveConfig: saving-data
21:15:06 Saving sacks file
21:15:06 Saved sacks file successfully
21:15:24 saveConfig: saving-data
21:15:24 Saving sacks file
21:15:24 Saved sacks file successfully
21:15:24 saveConfig: saving-data
21:15:24 Saving sacks file
21:15:24 Saved sacks file successfully
21:15:32 saveConfig: auto-save-60s
21:15:32 Saving config file
21:15:32 Saved config file successfully
21:15:32 saveConfig: auto-save-60s
21:15:32 Saving config file
21:15:32 Saved config file successfully
21:16:32 saveConfig: auto-save-60s
21:16:32 Saving config file
21:16:32 Saved config file successfully
21:16:32 saveConfig: auto-save-60s
21:16:32 Saving config file
21:16:32 Saved config file successfully
21:17:32 saveConfig: auto-save-60s
21:17:32 Saving config file
21:17:32 Saved config file successfully
21:17:32 saveConfig: auto-save-60s
21:17:32 Saving config file
21:17:32 Saved config file successfully
21:17:42 saveConfig: saving-data
21:17:42 Saving sacks file
21:17:42 Saved sacks file successfully
21:17:42 saveConfig: saving-data
21:17:42 Saving sacks file
21:17:42 Saved sacks file successfully
21:17:57 saveConfig: saving-data
21:17:57 Saving sacks file
21:17:57 Saved sacks file successfully
21:17:57 saveConfig: saving-data
21:17:57 Saving sacks file
21:17:57 Saved sacks file successfully
21:18:30 saveConfig: saving-data
21:18:30 Saving sacks file
21:18:30 Saved sacks file successfully
21:18:30 saveConfig: saving-data
21:18:30 Saving sacks file
21:18:30 Saved sacks file successfully
21:18:32 saveConfig: auto-save-60s
21:18:32 Saving config file
21:18:32 Saved config file successfully
21:18:32 saveConfig: auto-save-60s
21:18:32 Saving config file
21:18:32 Saved config file successfully
21:19:29 saveConfig: saving-data
21:19:29 Saving sacks file
21:19:29 Saved sacks file successfully
21:19:29 saveConfig: saving-data
21:19:29 Saving sacks file
21:19:29 Saved sacks file successfully
21:19:32 saveConfig: auto-save-60s
21:19:32 Saving config file
21:19:32 Saved config file successfully
21:19:32 saveConfig: auto-save-60s
21:19:32 Saving config file
21:19:32 Saved config file successfully
21:20:32 saveConfig: auto-save-60s
21:20:32 Saving config file
21:20:32 Saved config file successfully
21:20:32 saveConfig: auto-save-60s
21:20:32 Saving config file
21:20:32 Saved config file successfully
21:21:32 saveConfig: auto-save-60s
21:21:32 Saving config file
21:21:32 Saved config file successfully
21:21:32 saveConfig: auto-save-60s
21:21:32 Saving config file
21:21:32 Saved config file successfully
21:21:40 saveConfig: saving-data
21:21:40 Saving sacks file
21:21:40 Saved sacks file successfully
21:21:40 saveConfig: saving-data
21:21:40 Saving sacks file
21:21:40 Saved sacks file successfully
21:22:25 saveConfig: saving-data
21:22:25 Saving sacks file
21:22:25 Saved sacks file successfully
21:22:25 saveConfig: saving-data
21:22:25 Saving sacks file
21:22:25 Saved sacks file successfully
21:22:32 saveConfig: auto-save-60s
21:22:32 Saving config file
21:22:32 Saved config file successfully
21:22:32 saveConfig: auto-save-60s
21:22:32 Saving config file
21:22:32 Saved config file successfully
21:22:38 saveConfig: saving-data
21:22:38 Saving sacks file
21:22:38 Saved sacks file successfully
21:22:38 saveConfig: saving-data
21:22:38 Saving sacks file
21:22:38 Saved sacks file successfully
21:23:19 saveConfig: saving-data
21:23:19 Saving sacks file
21:23:19 Saved sacks file successfully
21:23:19 saveConfig: saving-data
21:23:19 Saving sacks file
21:23:19 Saved sacks file successfully
21:23:32 saveConfig: auto-save-60s
21:23:32 Saving config file
21:23:32 Saved config file successfully
21:23:32 saveConfig: auto-save-60s
21:23:32 Saving config file
21:23:32 Saved config file successfully
21:24:32 saveConfig: auto-save-60s
21:24:32 Saving config file
21:24:32 Saved config file successfully
21:24:32 saveConfig: auto-save-60s
21:24:32 Saving config file
21:24:32 Saved config file successfully
21:25:32 saveConfig: auto-save-60s
21:25:32 Saving config file
21:25:32 Saved config file successfully
21:25:32 saveConfig: auto-save-60s
21:25:32 Saving config file
21:25:32 Saved config file successfully
21:26:32 saveConfig: auto-save-60s
21:26:32 Saving config file
21:26:32 Saved config file successfully
21:26:32 saveConfig: auto-save-60s
21:26:32 Saving config file
21:26:32 Saved config file successfully
21:27:32 saveConfig: auto-save-60s
21:27:32 Saving config file
21:27:32 Saved config file successfully
21:27:32 saveConfig: auto-save-60s
21:27:32 Saving config file
21:27:32 Saved config file successfully
21:28:32 saveConfig: auto-save-60s
21:28:32 Saving config file
21:28:32 Saved config file successfully
21:28:32 saveConfig: auto-save-60s
21:28:32 Saving config file
21:28:32 Saved config file successfully
21:29:32 saveConfig: auto-save-60s
21:29:32 Saving config file
21:29:32 Saved config file successfully
21:29:32 saveConfig: auto-save-60s
21:29:32 Saving config file
21:29:32 Saved config file successfully
21:30:32 saveConfig: auto-save-60s
21:30:32 Saving config file
21:30:32 Saved config file successfully
21:30:32 saveConfig: auto-save-60s
21:30:32 Saving config file
21:30:32 Saved config file successfully
21:31:32 saveConfig: auto-save-60s
21:31:32 Saving config file
21:31:32 Saved config file successfully
21:31:32 saveConfig: auto-save-60s
21:31:32 Saving config file
21:31:32 Saved config file successfully
21:31:53 saveConfig: saving-data
21:31:53 Saving sacks file
21:31:53 Saved sacks file successfully
21:31:53 saveConfig: saving-data
21:31:53 Saving sacks file
21:31:53 Saved sacks file successfully
21:32:32 saveConfig: auto-save-60s
21:32:32 Saving config file
21:32:32 Saved config file successfully
21:32:32 saveConfig: auto-save-60s
21:32:32 Saving config file
21:32:32 Saved config file successfully
21:33:32 saveConfig: saving-data
21:33:32 Saving sacks file
21:33:32 Saved sacks file successfully
21:33:32 saveConfig: saving-data
21:33:32 Saving sacks file
21:33:32 Saved sacks file successfully
21:33:32 saveConfig: auto-save-60s
21:33:32 Saving config file
21:33:32 Saved config file successfully
21:33:32 saveConfig: auto-save-60s
21:33:32 Saving config file
21:33:32 Saved config file successfully
21:33:52 saveConfig: saving-data
21:33:52 Saving sacks file
21:33:52 Saved sacks file successfully
21:33:52 saveConfig: saving-data
21:33:52 Saving sacks file
21:33:52 Saved sacks file successfully
21:34:01 saveConfig: saving-data
21:34:01 Saving sacks file
21:34:01 Saved sacks file successfully
21:34:01 saveConfig: saving-data
21:34:01 Saving sacks file
21:34:01 Saved sacks file successfully
21:34:28 saveConfig: saving-data
21:34:28 Saving sacks file
21:34:28 Saved sacks file successfully
21:34:28 saveConfig: saving-data
21:34:28 Saving sacks file
21:34:28 Saved sacks file successfully
21:34:32 saveConfig: auto-save-60s
21:34:32 Saving config file
21:34:32 Saved config file successfully
21:34:32 saveConfig: auto-save-60s
21:34:32 Saving config file
21:34:32 Saved config file successfully
21:35:32 saveConfig: auto-save-60s
21:35:32 Saving config file
21:35:32 Saved config file successfully
21:35:32 saveConfig: auto-save-60s
21:35:32 Saving config file
21:35:32 Saved config file successfully
21:36:32 saveConfig: auto-save-60s
21:36:32 Saving config file
21:36:32 Saved config file successfully
21:36:32 saveConfig: auto-save-60s
21:36:32 Saving config file
21:36:32 Saved config file successfully
21:37:22 saveConfig: saving-data
21:37:22 Saving sacks file
21:37:22 Saved sacks file successfully
21:37:22 saveConfig: saving-data
21:37:22 Saving sacks file
21:37:22 Saved sacks file successfully
21:37:32 saveConfig: auto-save-60s
21:37:32 Saving config file
21:37:32 Saved config file successfully
21:37:32 saveConfig: auto-save-60s
21:37:32 Saving config file
21:37:32 Saved config file successfully
21:37:50 saveConfig: saving-data
21:37:50 Saving sacks file
21:37:50 Saved sacks file successfully
21:37:50 saveConfig: saving-data
21:37:50 Saving sacks file
21:37:50 Saved sacks file successfully
21:38:32 saveConfig: auto-save-60s
21:38:32 Saving config file
21:38:32 Saved config file successfully
21:38:32 saveConfig: auto-save-60s
21:38:32 Saving config file
21:38:32 Saved config file successfully
21:39:32 saveConfig: auto-save-60s
21:39:32 Saving config file
21:39:32 Saved config file successfully
21:39:32 saveConfig: auto-save-60s
21:39:32 Saving config file
21:39:32 Saved config file successfully
21:40:32 saveConfig: auto-save-60s
21:40:32 Saving config file
21:40:32 Saved config file successfully
21:40:32 saveConfig: auto-save-60s
21:40:32 Saving config file
21:40:32 Saved config file successfully
21:40:41 saveConfig: saving-data
21:40:41 Saving sacks file
21:40:41 Saved sacks file successfully
21:40:41 saveConfig: saving-data
21:40:41 Saving sacks file
21:40:41 Saved sacks file successfully
21:41:09 saveConfig: saving-data
21:41:09 Saving sacks file
21:41:09 Saved sacks file successfully
21:41:09 saveConfig: saving-data
21:41:09 Saving sacks file
21:41:09 Saved sacks file successfully
21:41:23 saveConfig: saving-data
21:41:23 Saving sacks file
21:41:23 Saved sacks file successfully
21:41:23 saveConfig: saving-data
21:41:23 Saving sacks file
21:41:23 Saved sacks file successfully
21:41:32 saveConfig: auto-save-60s
21:41:32 Saving config file
21:41:32 Saved config file successfully
21:41:32 saveConfig: auto-save-60s
21:41:32 Saving config file
21:41:32 Saved config file successfully
21:41:34 saveConfig: saving-data
21:41:34 Saving sacks file
21:41:34 Saved sacks file successfully
21:41:34 saveConfig: saving-data
21:41:34 Saving sacks file
21:41:34 Saved sacks file successfully
21:42:32 saveConfig: auto-save-60s
21:42:32 Saving config file
21:42:32 Saved config file successfully
21:42:32 saveConfig: auto-save-60s
21:42:32 Saving config file
21:42:32 Saved config file successfully
21:42:35 saveConfig: saving-data
21:42:35 Saving sacks file
21:42:35 Saved sacks file successfully
21:42:35 saveConfig: saving-data
21:42:35 Saving sacks file
21:42:35 Saved sacks file successfully
21:42:49 saveConfig: saving-data
21:42:49 Saving sacks file
21:42:49 Saved sacks file successfully
21:42:49 saveConfig: saving-data
21:42:49 Saving sacks file
21:42:49 Saved sacks file successfully
21:43:01 saveConfig: saving-data
21:43:01 Saving sacks file
21:43:01 Saved sacks file successfully
21:43:01 saveConfig: saving-data
21:43:01 Saving sacks file
21:43:01 Saved sacks file successfully
21:43:27 saveConfig: saving-data
21:43:27 Saving sacks file
21:43:27 Saved sacks file successfully
21:43:27 saveConfig: saving-data
21:43:27 Saving sacks file
21:43:27 Saved sacks file successfully
21:43:32 saveConfig: auto-save-60s
21:43:32 Saving config file
21:43:32 Saved config file successfully
21:43:32 saveConfig: auto-save-60s
21:43:32 Saving config file
21:43:32 Saved config file successfully
21:44:13 saveConfig: saving-data
21:44:13 Saving sacks file
21:44:13 Saved sacks file successfully
21:44:13 saveConfig: saving-data
21:44:13 Saving sacks file
21:44:13 Saved sacks file successfully
21:44:32 saveConfig: auto-save-60s
21:44:32 Saving config file
21:44:32 Saved config file successfully
21:44:32 saveConfig: auto-save-60s
21:44:32 Saving config file
21:44:32 Saved config file successfully
21:44:37 saveConfig: saving-data
21:44:37 Saving sacks file
21:44:37 Saved sacks file successfully
21:44:37 saveConfig: saving-data
21:44:37 Saving sacks file
21:44:37 Saved sacks file successfully
21:45:32 saveConfig: auto-save-60s
21:45:32 Saving config file
21:45:32 Saved config file successfully
21:45:32 saveConfig: auto-save-60s
21:45:32 Saving config file
21:45:32 Saved config file successfully
21:46:22 saveConfig: saving-data
21:46:22 Saving sacks file
21:46:22 Saved sacks file successfully
21:46:22 saveConfig: saving-data
21:46:22 Saving sacks file
21:46:22 Saved sacks file successfully
21:46:32 saveConfig: auto-save-60s
21:46:32 Saving config file
21:46:32 Saved config file successfully
21:46:32 saveConfig: auto-save-60s
21:46:32 Saving config file
21:46:32 Saved config file successfully
21:47:32 saveConfig: auto-save-60s
21:47:32 Saving config file
21:47:32 Saved config file successfully
21:47:32 saveConfig: auto-save-60s
21:47:32 Saving config file
21:47:32 Saved config file successfully
21:48:32 saveConfig: auto-save-60s
21:48:32 Saving config file
21:48:32 Saved config file successfully
21:48:32 saveConfig: auto-save-60s
21:48:32 Saving config file
21:48:32 Saved config file successfully
21:48:32 saveConfig: saving-data
21:48:32 Saving sacks file
21:48:32 Saved sacks file successfully
21:48:32 saveConfig: saving-data
21:48:32 Saving sacks file
21:48:32 Saved sacks file successfully
21:49:27 saveConfig: saving-data
21:49:27 Saving sacks file
21:49:27 Saved sacks file successfully
21:49:27 saveConfig: saving-data
21:49:27 Saving sacks file
21:49:27 Saved sacks file successfully
21:49:32 saveConfig: auto-save-60s
21:49:32 Saving config file
21:49:32 Saved config file successfully
21:49:32 saveConfig: auto-save-60s
21:49:32 Saving config file
21:49:32 Saved config file successfully
21:49:48 saveConfig: saving-data
21:49:48 Saving sacks file
21:49:48 Saved sacks file successfully
21:49:48 saveConfig: saving-data
21:49:48 Saving sacks file
21:49:48 Saved sacks file successfully
21:49:54 saveConfig: saving-data
21:49:54 Saving sacks file
21:49:54 Saved sacks file successfully
21:49:54 saveConfig: saving-data
21:49:54 Saving sacks file
21:49:54 Saved sacks file successfully
21:50:32 saveConfig: auto-save-60s
21:50:32 Saving config file
21:50:32 Saved config file successfully
21:50:32 saveConfig: auto-save-60s
21:50:32 Saving config file
21:50:32 Saved config file successfully
21:51:17 saveConfig: shutdown-hook
21:51:17 Saving config file
