02:05:48 Trying to load config from config\skyhanni\config.json
02:05:48 load-config-now
02:05:50 Loaded config from file
02:05:50 Trying to load sacks from config\skyhanni\sacks.json
02:05:50 load-sacks-now
02:05:50 Loaded sacks from file
02:05:50 Trying to load friends from config\skyhanni\friends.json
02:05:50 load-friends-now
02:05:50 Loaded friends from file
02:05:50 Trying to load known_features from config\skyhanni\known_features.json
02:05:50 load-known_features-now
02:05:50 Loaded known_features from file
02:05:50 Trying to load jacob_contests from config\skyhanni\jacob_contests.json
02:05:50 load-jacob_contests-now
02:05:50 Loaded jacob_contests from file
02:05:50 Trying to load visual_words from config\skyhanni\visual_words.json
02:05:50 Setting visual_words to be blank as it did not exist. It will be saved once something is written to it
02:06:50 saveConfig: auto-save-60s
02:06:50 Saving config file
02:06:50 Saved config file successfully
02:06:50 saveConfig: auto-save-60s
02:06:50 Saving config file
02:06:50 Saved config file successfully
02:07:42 saveConfig: Updated known feature flags
02:07:42 Saving known_features file
02:07:42 Saved known_features file successfully
02:07:42 saveConfig: Updated known feature flags
02:07:42 Saving known_features file
02:07:42 Saved known_features file successfully
02:07:50 saveConfig: auto-save-60s
02:07:50 Saving config file
02:07:50 Saved config file successfully
02:07:50 saveConfig: auto-save-60s
02:07:50 Saving config file
02:07:50 Saved config file successfully
02:08:50 saveConfig: auto-save-60s
02:08:50 Saving config file
02:08:50 Saved config file successfully
02:08:50 saveConfig: auto-save-60s
02:08:50 Saving config file
02:08:50 Saved config file successfully
02:09:50 saveConfig: auto-save-60s
02:09:50 Saving config file
02:09:50 Saved config file successfully
02:09:50 saveConfig: auto-save-60s
02:09:50 Saving config file
02:09:50 Saved config file successfully
02:10:50 saveConfig: auto-save-60s
02:10:50 Saving config file
02:10:50 Saved config file successfully
02:10:50 saveConfig: auto-save-60s
02:10:50 Saving config file
02:10:50 Saved config file successfully
02:11:50 saveConfig: auto-save-60s
02:11:50 Saving config file
02:11:50 Saved config file successfully
02:11:50 saveConfig: auto-save-60s
02:11:50 Saving config file
02:11:50 Saved config file successfully
02:12:50 saveConfig: auto-save-60s
02:12:50 Saving config file
02:12:50 Saved config file successfully
02:12:50 saveConfig: auto-save-60s
02:12:50 Saving config file
02:12:50 Saved config file successfully
02:13:50 saveConfig: auto-save-60s
02:13:50 Saving config file
02:13:50 Saved config file successfully
02:13:50 saveConfig: auto-save-60s
02:13:50 Saving config file
02:13:50 Saved config file successfully
02:14:50 saveConfig: auto-save-60s
02:14:50 Saving config file
02:14:50 Saved config file successfully
02:14:50 saveConfig: auto-save-60s
02:14:50 Saving config file
02:14:50 Saved config file successfully
02:15:50 saveConfig: auto-save-60s
02:15:50 Saving config file
02:15:50 Saved config file successfully
02:15:50 saveConfig: auto-save-60s
02:15:50 Saving config file
02:15:50 Saved config file successfully
02:16:50 saveConfig: auto-save-60s
02:16:50 Saving config file
02:16:50 Saved config file successfully
02:16:50 saveConfig: auto-save-60s
02:16:50 Saving config file
02:16:50 Saved config file successfully
02:17:50 saveConfig: auto-save-60s
02:17:50 Saving config file
02:17:50 Saved config file successfully
02:17:50 saveConfig: auto-save-60s
02:17:50 Saving config file
02:17:50 Saved config file successfully
02:18:16 saveConfig: Save contests
02:18:16 Saving jacob_contests file
02:18:16 Saved jacob_contests file successfully
02:18:16 saveConfig: Save contests
02:18:16 Saving jacob_contests file
02:18:16 Saved jacob_contests file successfully
02:18:50 saveConfig: auto-save-60s
02:18:50 Saving config file
02:18:50 Saved config file successfully
02:18:50 saveConfig: auto-save-60s
02:18:50 Saving config file
02:18:50 Saved config file successfully
02:19:50 saveConfig: auto-save-60s
02:19:50 Saving config file
02:19:50 Saved config file successfully
02:19:50 saveConfig: auto-save-60s
02:19:50 Saving config file
02:19:50 Saved config file successfully
02:20:50 saveConfig: auto-save-60s
02:20:50 Saving config file
02:20:50 Saved config file successfully
02:20:50 saveConfig: auto-save-60s
02:20:50 Saving config file
02:20:50 Saved config file successfully
02:21:50 saveConfig: auto-save-60s
02:21:50 Saving config file
02:21:50 Saved config file successfully
02:21:50 saveConfig: auto-save-60s
02:21:50 Saving config file
02:21:50 Saved config file successfully
02:22:50 saveConfig: auto-save-60s
02:22:50 Saving config file
02:22:50 Saved config file successfully
02:22:50 saveConfig: auto-save-60s
02:22:50 Saving config file
02:22:50 Saved config file successfully
02:23:50 saveConfig: auto-save-60s
02:23:50 Saving config file
02:23:50 Saved config file successfully
02:23:50 saveConfig: auto-save-60s
02:23:50 Saving config file
02:23:50 Saved config file successfully
02:24:28 saveConfig: saving-data
02:24:28 Saving sacks file
02:24:28 Saved sacks file successfully
02:24:28 saveConfig: saving-data
02:24:28 Saving sacks file
02:24:28 Saved sacks file successfully
02:24:39 saveConfig: saving-data
02:24:39 Saving sacks file
02:24:39 Saved sacks file successfully
02:24:39 saveConfig: saving-data
02:24:39 Saving sacks file
02:24:39 Saved sacks file successfully
02:24:48 saveConfig: saving-data
02:24:48 Saving sacks file
02:24:48 Saved sacks file successfully
02:24:48 saveConfig: saving-data
02:24:48 Saving sacks file
02:24:48 Saved sacks file successfully
02:24:50 saveConfig: auto-save-60s
02:24:50 Saving config file
02:24:50 Saved config file successfully
02:24:50 saveConfig: auto-save-60s
02:24:50 Saving config file
02:24:50 Saved config file successfully
02:25:50 saveConfig: auto-save-60s
02:25:50 Saving config file
02:25:50 Saved config file successfully
02:25:50 saveConfig: auto-save-60s
02:25:50 Saving config file
02:25:50 Saved config file successfully
02:26:50 saveConfig: auto-save-60s
02:26:50 Saving config file
02:26:50 Saved config file successfully
02:26:50 saveConfig: auto-save-60s
02:26:50 Saving config file
02:26:50 Saved config file successfully
02:27:03 saveConfig: close-gui
02:27:03 Saving config file
02:27:03 Saved config file successfully
02:27:03 saveConfig: close-gui
02:27:03 Saving config file
02:27:03 Saved config file successfully
02:27:50 saveConfig: auto-save-60s
02:27:50 Saving config file
02:27:50 Saved config file successfully
02:27:50 saveConfig: auto-save-60s
02:27:50 Saving config file
02:27:50 Saved config file successfully
02:28:50 saveConfig: auto-save-60s
02:28:50 Saving config file
02:28:50 Saved config file successfully
02:28:50 saveConfig: auto-save-60s
02:28:50 Saving config file
02:28:50 Saved config file successfully
02:29:50 saveConfig: auto-save-60s
02:29:50 Saving config file
02:29:50 Saved config file successfully
02:29:50 saveConfig: auto-save-60s
02:29:50 Saving config file
02:29:50 Saved config file successfully
02:30:28 saveConfig: saving-data
02:30:28 Saving sacks file
02:30:28 Saved sacks file successfully
02:30:28 saveConfig: saving-data
02:30:28 Saving sacks file
02:30:28 Saved sacks file successfully
02:30:43 saveConfig: saving-data
02:30:43 Saving sacks file
02:30:43 Saved sacks file successfully
02:30:43 saveConfig: saving-data
02:30:43 Saving sacks file
02:30:43 Saved sacks file successfully
02:30:50 saveConfig: auto-save-60s
02:30:50 Saving config file
02:30:50 Saved config file successfully
02:30:50 saveConfig: auto-save-60s
02:30:50 Saving config file
02:30:50 Saved config file successfully
02:31:50 saveConfig: auto-save-60s
02:31:50 Saving config file
02:31:50 Saved config file successfully
02:31:50 saveConfig: auto-save-60s
02:31:50 Saving config file
02:31:50 Saved config file successfully
02:32:14 saveConfig: saving-data
02:32:14 Saving sacks file
02:32:14 Saved sacks file successfully
02:32:14 saveConfig: saving-data
02:32:14 Saving sacks file
02:32:14 Saved sacks file successfully
02:32:39 saveConfig: saving-data
02:32:39 Saving sacks file
02:32:39 Saved sacks file successfully
02:32:39 saveConfig: saving-data
02:32:39 Saving sacks file
02:32:39 Saved sacks file successfully
02:32:50 saveConfig: auto-save-60s
02:32:50 Saving config file
02:32:50 Saved config file successfully
02:32:50 saveConfig: auto-save-60s
02:32:50 Saving config file
02:32:50 Saved config file successfully
02:33:48 saveConfig: saving-data
02:33:48 Saving sacks file
02:33:48 Saved sacks file successfully
02:33:48 saveConfig: saving-data
02:33:48 Saving sacks file
02:33:48 Saved sacks file successfully
02:33:50 saveConfig: auto-save-60s
02:33:50 Saving config file
02:33:50 Saved config file successfully
02:33:50 saveConfig: auto-save-60s
02:33:50 Saving config file
02:33:50 Saved config file successfully
02:34:18 saveConfig: saving-data
02:34:18 Saving sacks file
02:34:18 Saved sacks file successfully
02:34:18 saveConfig: saving-data
02:34:18 Saving sacks file
02:34:18 Saved sacks file successfully
02:34:50 saveConfig: auto-save-60s
02:34:50 Saving config file
02:34:50 Saved config file successfully
02:34:50 saveConfig: auto-save-60s
02:34:50 Saving config file
02:34:50 Saved config file successfully
02:35:50 saveConfig: auto-save-60s
02:35:50 Saving config file
02:35:50 Saved config file successfully
02:35:50 saveConfig: auto-save-60s
02:35:50 Saving config file
02:35:50 Saved config file successfully
02:36:50 saveConfig: auto-save-60s
02:36:50 Saving config file
02:36:50 Saved config file successfully
02:36:50 saveConfig: auto-save-60s
02:36:50 Saving config file
02:36:50 Saved config file successfully
02:37:50 saveConfig: auto-save-60s
02:37:50 Saving config file
02:37:50 Saved config file successfully
02:37:50 saveConfig: auto-save-60s
02:37:50 Saving config file
02:37:50 Saved config file successfully
02:38:50 saveConfig: auto-save-60s
02:38:50 Saving config file
02:38:50 Saved config file successfully
02:38:50 saveConfig: auto-save-60s
02:38:50 Saving config file
02:38:50 Saved config file successfully
02:39:50 saveConfig: auto-save-60s
02:39:50 Saving config file
02:39:50 Saved config file successfully
02:39:50 saveConfig: auto-save-60s
02:39:50 Saving config file
02:39:50 Saved config file successfully
02:40:50 saveConfig: auto-save-60s
02:40:50 Saving config file
02:40:50 Saved config file successfully
02:40:50 saveConfig: auto-save-60s
02:40:50 Saving config file
02:40:50 Saved config file successfully
02:41:50 saveConfig: auto-save-60s
02:41:50 Saving config file
02:41:50 Saved config file successfully
02:41:50 saveConfig: auto-save-60s
02:41:50 Saving config file
02:41:50 Saved config file successfully
02:42:50 saveConfig: auto-save-60s
02:42:50 Saving config file
02:42:50 Saved config file successfully
02:42:50 saveConfig: auto-save-60s
02:42:50 Saving config file
02:42:50 Saved config file successfully
02:43:50 saveConfig: auto-save-60s
02:43:50 Saving config file
02:43:50 Saved config file successfully
02:43:50 saveConfig: auto-save-60s
02:43:50 Saving config file
02:43:50 Saved config file successfully
02:44:05 saveConfig: saving-data
02:44:05 Saving sacks file
02:44:05 Saved sacks file successfully
02:44:05 saveConfig: saving-data
02:44:05 Saving sacks file
02:44:05 Saved sacks file successfully
02:44:11 saveConfig: saving-data
02:44:11 Saving sacks file
02:44:11 Saved sacks file successfully
02:44:11 saveConfig: saving-data
02:44:11 Saving sacks file
02:44:11 Saved sacks file successfully
02:44:24 saveConfig: saving-data
02:44:24 Saving sacks file
02:44:24 Saved sacks file successfully
02:44:24 saveConfig: saving-data
02:44:24 Saving sacks file
02:44:24 Saved sacks file successfully
02:44:35 saveConfig: saving-data
02:44:35 Saving sacks file
02:44:35 Saved sacks file successfully
02:44:35 saveConfig: saving-data
02:44:35 Saving sacks file
02:44:35 Saved sacks file successfully
02:44:46 saveConfig: saving-data
02:44:46 Saving sacks file
02:44:46 Saved sacks file successfully
02:44:46 saveConfig: saving-data
02:44:46 Saving sacks file
02:44:46 Saved sacks file successfully
02:44:50 saveConfig: auto-save-60s
02:44:50 Saving config file
02:44:50 Saved config file successfully
02:44:50 saveConfig: auto-save-60s
02:44:50 Saving config file
02:44:50 Saved config file successfully
02:45:18 saveConfig: saving-data
02:45:18 Saving sacks file
02:45:18 Saved sacks file successfully
02:45:18 saveConfig: saving-data
02:45:18 Saving sacks file
02:45:18 Saved sacks file successfully
02:45:50 saveConfig: auto-save-60s
02:45:50 Saving config file
02:45:50 Saved config file successfully
02:45:50 saveConfig: auto-save-60s
02:45:50 Saving config file
02:45:50 Saved config file successfully
02:46:09 saveConfig: saving-data
02:46:09 Saving sacks file
02:46:09 Saved sacks file successfully
02:46:09 saveConfig: saving-data
02:46:09 Saving sacks file
02:46:09 Saved sacks file successfully
02:46:24 saveConfig: saving-data
02:46:24 Saving sacks file
02:46:24 Saved sacks file successfully
02:46:24 saveConfig: saving-data
02:46:24 Saving sacks file
02:46:24 Saved sacks file successfully
02:46:44 saveConfig: saving-data
02:46:44 Saving sacks file
02:46:44 Saved sacks file successfully
02:46:44 saveConfig: saving-data
02:46:44 Saving sacks file
02:46:45 Saved sacks file successfully
02:46:50 saveConfig: auto-save-60s
02:46:50 Saving config file
02:46:50 Saved config file successfully
02:46:50 saveConfig: auto-save-60s
02:46:50 Saving config file
02:46:50 Saved config file successfully
02:47:00 saveConfig: saving-data
02:47:00 Saving sacks file
02:47:00 Saved sacks file successfully
02:47:00 saveConfig: saving-data
02:47:00 Saving sacks file
02:47:00 Saved sacks file successfully
02:47:50 saveConfig: auto-save-60s
02:47:50 Saving config file
02:47:50 Saved config file successfully
02:47:50 saveConfig: auto-save-60s
02:47:50 Saving config file
02:47:50 Saved config file successfully
02:48:50 saveConfig: auto-save-60s
02:48:50 Saving config file
02:48:50 Saved config file successfully
02:48:50 saveConfig: auto-save-60s
02:48:50 Saving config file
02:48:50 Saved config file successfully
02:49:50 saveConfig: auto-save-60s
02:49:50 Saving config file
02:49:50 Saved config file successfully
02:49:50 saveConfig: auto-save-60s
02:49:50 Saving config file
02:49:50 Saved config file successfully
02:50:50 saveConfig: auto-save-60s
02:50:50 Saving config file
02:50:50 Saved config file successfully
02:50:50 saveConfig: auto-save-60s
02:50:50 Saving config file
02:50:50 Saved config file successfully
02:51:50 saveConfig: auto-save-60s
02:51:50 Saving config file
02:51:50 Saved config file successfully
02:51:50 saveConfig: auto-save-60s
02:51:50 Saving config file
02:51:50 Saved config file successfully
02:52:50 saveConfig: auto-save-60s
02:52:50 Saving config file
02:52:50 Saved config file successfully
02:52:50 saveConfig: auto-save-60s
02:52:50 Saving config file
02:52:50 Saved config file successfully
02:53:50 saveConfig: auto-save-60s
02:53:50 Saving config file
02:53:50 Saved config file successfully
02:53:50 saveConfig: auto-save-60s
02:53:50 Saving config file
02:53:50 Saved config file successfully
02:54:50 saveConfig: auto-save-60s
02:54:50 Saving config file
02:54:50 Saved config file successfully
02:54:50 saveConfig: auto-save-60s
02:54:50 Saving config file
02:54:50 Saved config file successfully
02:54:55 saveConfig: saving-data
02:54:55 Saving sacks file
02:54:55 Saved sacks file successfully
02:54:55 saveConfig: saving-data
02:54:55 Saving sacks file
02:54:55 Saved sacks file successfully
02:55:05 saveConfig: saving-data
02:55:05 Saving sacks file
02:55:05 Saved sacks file successfully
02:55:05 saveConfig: saving-data
02:55:05 Saving sacks file
02:55:05 Saved sacks file successfully
02:55:23 saveConfig: saving-data
02:55:23 Saving sacks file
02:55:23 Saved sacks file successfully
02:55:23 saveConfig: saving-data
02:55:23 Saving sacks file
02:55:23 Saved sacks file successfully
02:55:35 saveConfig: saving-data
02:55:35 Saving sacks file
02:55:35 Saved sacks file successfully
02:55:35 saveConfig: saving-data
02:55:35 Saving sacks file
02:55:36 Saved sacks file successfully
02:55:50 saveConfig: auto-save-60s
02:55:50 Saving config file
02:55:50 Saved config file successfully
02:55:50 saveConfig: auto-save-60s
02:55:50 Saving config file
02:55:50 Saved config file successfully
02:56:41 saveConfig: saving-data
02:56:41 Saving sacks file
02:56:41 Saved sacks file successfully
02:56:41 saveConfig: saving-data
02:56:41 Saving sacks file
02:56:41 Saved sacks file successfully
02:56:50 saveConfig: auto-save-60s
02:56:50 Saving config file
02:56:50 Saved config file successfully
02:56:50 saveConfig: auto-save-60s
02:56:50 Saving config file
02:56:50 Saved config file successfully
02:57:32 saveConfig: saving-data
02:57:32 Saving sacks file
02:57:32 Saved sacks file successfully
02:57:32 saveConfig: saving-data
02:57:32 Saving sacks file
02:57:32 Saved sacks file successfully
02:57:50 saveConfig: auto-save-60s
02:57:50 Saving config file
02:57:50 Saved config file successfully
02:57:50 saveConfig: auto-save-60s
02:57:50 Saving config file
02:57:50 Saved config file successfully
02:57:52 saveConfig: saving-data
02:57:52 Saving sacks file
02:57:52 Saved sacks file successfully
02:57:52 saveConfig: saving-data
02:57:52 Saving sacks file
02:57:52 Saved sacks file successfully
02:58:50 saveConfig: auto-save-60s
02:58:50 Saving config file
02:58:50 Saved config file successfully
02:58:50 saveConfig: auto-save-60s
02:58:50 Saving config file
02:58:50 Saved config file successfully
02:59:50 saveConfig: auto-save-60s
02:59:50 Saving config file
02:59:50 Saved config file successfully
02:59:50 saveConfig: auto-save-60s
02:59:50 Saving config file
02:59:50 Saved config file successfully
03:00:50 saveConfig: auto-save-60s
03:00:50 Saving config file
03:00:50 Saved config file successfully
03:00:50 saveConfig: auto-save-60s
03:00:50 Saving config file
03:00:50 Saved config file successfully
03:01:50 saveConfig: auto-save-60s
03:01:50 Saving config file
03:01:50 Saved config file successfully
03:01:50 saveConfig: auto-save-60s
03:01:50 Saving config file
03:01:50 Saved config file successfully
03:02:50 saveConfig: auto-save-60s
03:02:50 Saving config file
03:02:50 Saved config file successfully
03:02:50 saveConfig: auto-save-60s
03:02:50 Saving config file
03:02:50 Saved config file successfully
03:03:50 saveConfig: auto-save-60s
03:03:50 Saving config file
03:03:50 Saved config file successfully
03:03:50 saveConfig: auto-save-60s
03:03:50 Saving config file
03:03:50 Saved config file successfully
03:04:50 saveConfig: auto-save-60s
03:04:50 Saving config file
03:04:50 Saved config file successfully
03:04:50 saveConfig: auto-save-60s
03:04:50 Saving config file
03:04:50 Saved config file successfully
03:05:50 saveConfig: auto-save-60s
03:05:50 Saving config file
03:05:50 Saved config file successfully
03:05:50 saveConfig: auto-save-60s
03:05:50 Saving config file
03:05:50 Saved config file successfully
03:06:03 saveConfig: saving-data
03:06:03 Saving sacks file
03:06:03 Saved sacks file successfully
03:06:03 saveConfig: saving-data
03:06:03 Saving sacks file
03:06:03 Saved sacks file successfully
03:06:09 saveConfig: saving-data
03:06:09 Saving sacks file
03:06:09 Saved sacks file successfully
03:06:09 saveConfig: saving-data
03:06:09 Saving sacks file
03:06:09 Saved sacks file successfully
03:06:21 saveConfig: saving-data
03:06:21 Saving sacks file
03:06:21 Saved sacks file successfully
03:06:21 saveConfig: saving-data
03:06:21 Saving sacks file
03:06:21 Saved sacks file successfully
03:06:50 saveConfig: auto-save-60s
03:06:50 Saving config file
03:06:50 Saved config file successfully
03:06:50 saveConfig: auto-save-60s
03:06:50 Saving config file
03:06:50 Saved config file successfully
03:07:50 saveConfig: auto-save-60s
03:07:50 Saving config file
03:07:50 Saved config file successfully
03:07:50 saveConfig: auto-save-60s
03:07:50 Saving config file
03:07:50 Saved config file successfully
03:08:50 saveConfig: auto-save-60s
03:08:50 Saving config file
03:08:50 Saved config file successfully
03:08:50 saveConfig: auto-save-60s
03:08:50 Saving config file
03:08:50 Saved config file successfully
03:09:29 saveConfig: saving-data
03:09:29 Saving sacks file
03:09:29 Saved sacks file successfully
03:09:29 saveConfig: saving-data
03:09:29 Saving sacks file
03:09:29 Saved sacks file successfully
03:09:50 saveConfig: auto-save-60s
03:09:50 Saving config file
03:09:50 Saved config file successfully
03:09:50 saveConfig: auto-save-60s
03:09:50 Saving config file
03:09:50 Saved config file successfully
03:10:03 saveConfig: saving-data
03:10:03 Saving sacks file
03:10:03 Saved sacks file successfully
03:10:03 saveConfig: saving-data
03:10:03 Saving sacks file
03:10:03 Saved sacks file successfully
03:10:37 saveConfig: saving-data
03:10:37 Saving sacks file
03:10:37 Saved sacks file successfully
03:10:37 saveConfig: saving-data
03:10:37 Saving sacks file
03:10:37 Saved sacks file successfully
03:10:45 saveConfig: saving-data
03:10:45 Saving sacks file
03:10:45 Saved sacks file successfully
03:10:45 saveConfig: saving-data
03:10:45 Saving sacks file
03:10:45 Saved sacks file successfully
03:10:50 saveConfig: auto-save-60s
03:10:50 Saving config file
03:10:50 Saved config file successfully
03:10:50 saveConfig: auto-save-60s
03:10:50 Saving config file
03:10:50 Saved config file successfully
03:11:31 saveConfig: saving-data
03:11:31 Saving sacks file
03:11:31 Saved sacks file successfully
03:11:31 saveConfig: saving-data
03:11:31 Saving sacks file
03:11:31 Saved sacks file successfully
03:11:37 saveConfig: saving-data
03:11:37 Saving sacks file
03:11:37 Saved sacks file successfully
03:11:37 saveConfig: saving-data
03:11:37 Saving sacks file
03:11:37 Saved sacks file successfully
03:11:50 saveConfig: auto-save-60s
03:11:50 Saving config file
03:11:50 Saved config file successfully
03:11:50 saveConfig: auto-save-60s
03:11:50 Saving config file
03:11:50 Saved config file successfully
03:12:43 saveConfig: saving-data
03:12:43 Saving sacks file
03:12:43 Saved sacks file successfully
03:12:43 saveConfig: saving-data
03:12:43 Saving sacks file
03:12:43 Saved sacks file successfully
03:12:50 saveConfig: auto-save-60s
03:12:50 Saving config file
03:12:50 Saved config file successfully
03:12:50 saveConfig: auto-save-60s
03:12:50 Saving config file
03:12:50 Saved config file successfully
03:12:51 saveConfig: saving-data
03:12:51 Saving sacks file
03:12:51 Saved sacks file successfully
03:12:51 saveConfig: saving-data
03:12:51 Saving sacks file
03:12:51 Saved sacks file successfully
03:13:50 saveConfig: auto-save-60s
03:13:50 Saving config file
03:13:50 Saved config file successfully
03:13:50 saveConfig: auto-save-60s
03:13:50 Saving config file
03:13:50 Saved config file successfully
03:14:50 saveConfig: auto-save-60s
03:14:50 Saving config file
03:14:50 Saved config file successfully
03:14:50 saveConfig: auto-save-60s
03:14:50 Saving config file
03:14:50 Saved config file successfully
03:15:50 saveConfig: auto-save-60s
03:15:50 Saving config file
03:15:50 Saved config file successfully
03:15:50 saveConfig: auto-save-60s
03:15:50 Saving config file
03:15:50 Saved config file successfully
03:16:50 saveConfig: auto-save-60s
03:16:50 Saving config file
03:16:50 Saved config file successfully
03:16:50 saveConfig: auto-save-60s
03:16:50 Saving config file
03:16:50 Saved config file successfully
03:17:50 saveConfig: auto-save-60s
03:17:50 Saving config file
03:17:50 Saved config file successfully
03:17:50 saveConfig: auto-save-60s
03:17:50 Saving config file
03:17:50 Saved config file successfully
03:18:38 saveConfig: saving-data
03:18:38 Saving sacks file
03:18:38 Saved sacks file successfully
03:18:38 saveConfig: saving-data
03:18:38 Saving sacks file
03:18:38 Saved sacks file successfully
03:18:50 saveConfig: auto-save-60s
03:18:50 Saving config file
03:18:50 Saved config file successfully
03:18:50 saveConfig: auto-save-60s
03:18:50 Saving config file
03:18:50 Saved config file successfully
03:19:08 saveConfig: saving-data
03:19:08 Saving sacks file
03:19:08 Saved sacks file successfully
03:19:08 saveConfig: saving-data
03:19:08 Saving sacks file
03:19:08 Saved sacks file successfully
03:19:50 saveConfig: auto-save-60s
03:19:50 Saving config file
03:19:50 Saved config file successfully
03:19:50 saveConfig: auto-save-60s
03:19:50 Saving config file
03:19:50 Saved config file successfully
03:20:50 saveConfig: auto-save-60s
03:20:50 Saving config file
03:20:50 Saved config file successfully
03:20:50 saveConfig: auto-save-60s
03:20:50 Saving config file
03:20:50 Saved config file successfully
03:20:54 saveConfig: saving-data
03:20:54 Saving sacks file
03:20:54 Saved sacks file successfully
03:20:54 saveConfig: saving-data
03:20:54 Saving sacks file
03:20:54 Saved sacks file successfully
03:21:19 saveConfig: saving-data
03:21:19 Saving sacks file
03:21:19 Saved sacks file successfully
03:21:19 saveConfig: saving-data
03:21:19 Saving sacks file
03:21:19 Saved sacks file successfully
03:21:50 saveConfig: auto-save-60s
03:21:50 Saving config file
03:21:50 Saved config file successfully
03:21:50 saveConfig: auto-save-60s
03:21:50 Saving config file
03:21:50 Saved config file successfully
03:22:02 saveConfig: saving-data
03:22:02 Saving sacks file
03:22:02 Saved sacks file successfully
03:22:02 saveConfig: saving-data
03:22:02 Saving sacks file
03:22:02 Saved sacks file successfully
03:22:16 saveConfig: saving-data
03:22:16 Saving sacks file
03:22:16 Saved sacks file successfully
03:22:16 saveConfig: saving-data
03:22:16 Saving sacks file
03:22:16 Saved sacks file successfully
03:22:50 saveConfig: auto-save-60s
03:22:50 Saving config file
03:22:50 Saved config file successfully
03:22:50 saveConfig: auto-save-60s
03:22:50 Saving config file
03:22:50 Saved config file successfully
03:23:50 saveConfig: auto-save-60s
03:23:50 Saving config file
03:23:50 Saved config file successfully
03:23:50 saveConfig: auto-save-60s
03:23:50 Saving config file
03:23:50 Saved config file successfully
03:24:50 saveConfig: auto-save-60s
03:24:50 Saving config file
03:24:50 Saved config file successfully
03:24:50 saveConfig: auto-save-60s
03:24:50 Saving config file
03:24:50 Saved config file successfully
03:25:50 saveConfig: auto-save-60s
03:25:50 Saving config file
03:25:50 Saved config file successfully
03:25:50 saveConfig: auto-save-60s
03:25:50 Saving config file
03:25:50 Saved config file successfully
03:26:50 saveConfig: auto-save-60s
03:26:50 Saving config file
03:26:50 Saved config file successfully
03:26:50 saveConfig: auto-save-60s
03:26:50 Saving config file
03:26:50 Saved config file successfully
03:27:50 saveConfig: auto-save-60s
03:27:50 Saving config file
03:27:50 Saved config file successfully
03:27:50 saveConfig: auto-save-60s
03:27:50 Saving config file
03:27:50 Saved config file successfully
03:28:50 saveConfig: auto-save-60s
03:28:50 Saving config file
03:28:50 Saved config file successfully
03:28:50 saveConfig: auto-save-60s
03:28:50 Saving config file
03:28:50 Saved config file successfully
03:29:50 saveConfig: auto-save-60s
03:29:50 Saving config file
03:29:50 Saved config file successfully
03:29:50 saveConfig: auto-save-60s
03:29:50 Saving config file
03:29:50 Saved config file successfully
03:30:50 saveConfig: auto-save-60s
03:30:50 Saving config file
03:30:50 Saved config file successfully
03:30:50 saveConfig: auto-save-60s
03:30:50 Saving config file
03:30:50 Saved config file successfully
03:31:04 saveConfig: saving-data
03:31:04 Saving sacks file
03:31:04 Saved sacks file successfully
03:31:04 saveConfig: saving-data
03:31:04 Saving sacks file
03:31:04 Saved sacks file successfully
03:31:50 saveConfig: auto-save-60s
03:31:50 Saving config file
03:31:50 Saved config file successfully
03:31:50 saveConfig: auto-save-60s
03:31:50 Saving config file
03:31:50 Saved config file successfully
03:32:50 saveConfig: auto-save-60s
03:32:50 Saving config file
03:32:50 Saved config file successfully
03:32:50 saveConfig: auto-save-60s
03:32:50 Saving config file
03:32:50 Saved config file successfully
