11:57:58 PRIVATE_ISLAND
12:00:33 NONE
12:00:34 THE_RIFT
12:01:01 NONE
12:01:02 HUB
12:02:27 NONE
12:02:28 PRIVATE_ISLAND_GUEST
12:02:34 NONE
12:02:34 DWARVEN_MINES
12:03:07 NONE
12:03:07 CRIMSON_ISLE
12:12:06 HUB
12:12:37 CRIMSON_ISLE
12:16:11 NONE
12:16:11 THE_END
12:24:31 NONE
12:24:33 PRIVATE_ISLAND
12:25:00 NONE
12:25:00 PRIVATE_ISLAND_GUEST
12:28:22 NONE
12:28:22 DUNGEON_HUB
12:30:13 NONE
12:30:13 CATACOMBS
12:35:33 NONE
12:35:33 DUNGEON_HUB
12:35:46 NONE
12:35:47 CATACOMBS
12:39:20 NONE
12:39:20 CATACOMBS
13:02:31 NONE
13:02:38 PRIVATE_ISLAND
13:03:10 NONE
13:03:11 DUNGEON_HUB
13:06:06 CATACOMBS
13:08:05 NONE
13:08:05 DUNGEON_HUB
13:08:37 CATACOMBS
13:11:57 NONE
13:11:58 CATACOMBS
13:15:48 CATACOMBS
13:18:58 NONE
13:18:59 CATACOMBS
13:22:32 NONE
13:22:32 CATACOMBS
13:26:01 NONE
13:26:01 DUNGEON_HUB
13:26:42 NONE
14:20:31 DUNGEON_HUB
14:21:18 HUB
14:21:28 NONE
14:21:28 PRIVATE_ISLAND
