12:54:13 §eYou received §a20x Enchanted Wheat §efor killing a §2Fly§e!
12:54:23 §eYou received §a72x Enchanted Nether Wart §efor killing a §2Beetle§e!
12:54:25 §eYou received §a102x Enchanted Potato §efor killing a §2Locust§e!
12:54:34 §eYou received §a31x Enchanted Wheat §efor killing a §2Fly§e!
12:54:45 §eYou received §a97x Enchanted Cocoa Beans §efor killing a §2Moth§e!
12:54:55 §eYou received §a116x Enchanted Potato §efor killing a §2Locust§e!
12:55:03 §eYou received §a115x Enchanted Potato §efor killing a §2Locust§e!
12:55:08 §eYou received §a115x Enchanted Potato §efor killing a §2Locust§e!
12:55:15 §eYou received §a115x Enchanted Carrot §efor killing a §2Cricket§e!
12:55:15 §eYou received §a1x Honey Jar §efor killing a §2Field Mouse§e!
12:55:15 §eYou received §a1x Plant Matter §efor killing a §2Field Mouse§e!
12:55:15 §eYou received §a172x Enchanted Potato §efor killing a §2Field Mouse§e!
12:55:15 §eYou received §a1x Tasty Cheese §efor killing a §2Field Mouse§e!
12:55:15 §eYou received §a1x Compost §efor killing a §2Field Mouse§e!
12:55:15 §eYou received §a1x Dung §efor killing a §2Field Mouse§e!
12:55:15 §eYou received §a96x Enchanted Cocoa Beans §efor killing a §2Moth§e!
12:55:16 §eYou received §a66x Enchanted Cactus Green §efor killing a §2Mite§e!
12:55:16 §eYou received §a67x Enchanted Cactus Green §efor killing a §2Mite§e!
12:55:16 §eYou received §a66x Enchanted Cactus Green §efor killing a §2Mite§e!
12:55:17 §eYou received §a33x Enchanted Pumpkin §efor killing a §2Rat§e!
12:55:17 §eYou received §a66x Enchanted Cactus Green §efor killing a §2Mite§e!
12:55:17 §eYou received §a33x Enchanted Wheat §efor killing a §2Fly§e!
