14:23:56 §eOne or more items didn't fit in your inventory and were added to your material stash! §6Click here §eto pick them up!
14:23:56 §eOne or more items didn't fit in your inventory and were added to your item stash! §6Click here §eto pick them up!
14:24:08 §f                   §7You have §31 §7material stashed away!
14:24:08 §f               §8(This totals 1 type of material stashed!)
14:24:08 §f                  §3§l>>> §3§lCLICK HERE§b to pick it up! §3§l<<<
14:24:08   
14:25:09 §f                   §7You have §31 §7material stashed away!
14:25:09 §f               §8(This totals 1 type of material stashed!)
14:25:09 §f                  §3§l>>> §3§lCLICK HERE§b to pick it up! §3§l<<<
14:25:09   
14:26:09 §f                   §7You have §31 §7material stashed away!
14:26:09 §f               §8(This totals 1 type of material stashed!)
14:26:09 §f                  §3§l>>> §3§lCLICK HERE§b to pick it up! §3§l<<<
14:26:09   
14:27:11 §f                   §7You have §31 §7material stashed away!
14:27:11 §f               §8(This totals 1 type of material stashed!)
14:27:11 §f                  §3§l>>> §3§lCLICK HERE§b to pick it up! §3§l<<<
14:27:11   
14:28:13 §f                   §7You have §31 §7material stashed away!
14:28:13 §f               §8(This totals 1 type of material stashed!)
14:28:13 §f                  §3§l>>> §3§lCLICK HERE§b to pick it up! §3§l<<<
14:28:13   
14:28:19 §f                   §7You have §31 §7material stashed away!
14:28:19 §f               §8(This totals 1 type of material stashed!)
14:28:19 §f                  §3§l>>> §3§lCLICK HERE§b to pick it up! §3§l<<<
14:28:19   
14:29:19 §f                   §7You have §31 §7material stashed away!
14:29:19 §f               §8(This totals 1 type of material stashed!)
14:29:19 §f                  §3§l>>> §3§lCLICK HERE§b to pick it up! §3§l<<<
14:29:19   
14:30:32 §f                   §7You have §31 §7material stashed away!
14:30:32 §f               §8(This totals 1 type of material stashed!)
14:30:32 §f                  §3§l>>> §3§lCLICK HERE§b to pick it up! §3§l<<<
14:30:32   
14:31:32 §f                   §7You have §31 §7material stashed away!
14:31:32 §f               §8(This totals 1 type of material stashed!)
14:31:32 §f                  §3§l>>> §3§lCLICK HERE§b to pick it up! §3§l<<<
14:31:32   
14:32:33 §f                   §7You have §31 §7material stashed away!
14:32:33 §f               §8(This totals 1 type of material stashed!)
14:32:33 §f                  §3§l>>> §3§lCLICK HERE§b to pick it up! §3§l<<<
14:32:33   
