12:11:26 §eYou received §a67x Enchanted Potato §efor killing a §2Locust§e!
12:11:32 §eYou received §a85x Enchanted Potato §efor killing a §2Locust§e!
12:11:46 §eYou received §a99x Enchanted Potato §efor killing a §2Locust§e!
12:11:54 §eYou received §a108x Enchanted Potato §efor killing a §2Locust§e!
12:12:00 §eYou received §a112x Enchanted Potato §efor killing a §2Locust§e!
12:12:03 §eYou received §a112x Enchanted Potato §efor killing a §2Locust§e!
12:12:07 §eYou received §a113x Enchanted Potato §efor killing a §2Locust§e!
12:12:13 §eYou received §a92x Enchanted Nether Wart §efor killing a §2Beetle§e!
12:12:19 §eYou received §a32x Enchanted Pumpkin §efor killing a §2Rat§e!
12:12:19 §eYou received §a32x Enchanted Pumpkin §efor killing a §2Rat§e!
12:12:19 §eYou received §a32x Enchanted Pumpkin §efor killing a §2Rat§e!
12:12:20 §eYou received §a139x Enchanted Nether Wart §efor killing a §2Field Mouse§e!
12:12:20 §eYou received §a1x Honey Jar §efor killing a §2Field Mouse§e!
12:12:20 §eYou received §a1x Plant Matter §efor killing a §2Field Mouse§e!
12:12:20 §eYou received §a1x Tasty Cheese §efor killing a §2Field Mouse§e!
12:12:20 §eYou received §a1x Compost §efor killing a §2Field Mouse§e!
12:12:20 §eYou received §a1x Dung §efor killing a §2Field Mouse§e!
12:12:20 §eYou received §a32x Enchanted Wheat §efor killing a §2Fly§e!
12:12:20 §eYou received §a162x Enchanted Melon §efor killing an §2Earthworm§e!
12:12:22 §eYou received §a112x Enchanted Potato §efor killing a §2Locust§e!
12:12:22 §eYou received §a1x Honey Jar §efor killing a §2Field Mouse§e!
12:12:22 §eYou received §a1x Plant Matter §efor killing a §2Field Mouse§e!
12:12:22 §eYou received §a1x Tasty Cheese §efor killing a §2Field Mouse§e!
12:12:22 §eYou received §a1x Compost §efor killing a §2Field Mouse§e!
12:12:22 §eYou received §a48x Enchanted Red Mushroom §efor killing a §2Field Mouse§e!
12:12:22 §eYou received §a1x Dung §efor killing a §2Field Mouse§e!
12:12:22 §eYou received §a111x Enchanted Carrot §efor killing a §2Cricket§e!
