11:49:49 Visitor status change for '§aStella': NEW -> READY (tooltipClickToGive)
11:49:51 Visitor status change for '§aStella': READY -> REFUSED (refused)
11:49:51 Visitor status change for '§6Madame Eleanor Q. Goldsworth III': NEW -> WAITING (tooltipMissingItems)
11:49:58 Visitor status change for '§6Madame Eleanor Q. Goldsworth III': WAITING -> REFUSED (refused)
11:49:59 Visitor status change for '§aLibrarian': NEW -> READY (tooltipClickToGive)
11:50:03 Visitor status change for '§aLibrarian': READY -> REFUSED (refused)
11:50:04 Visitor status change for '§aOringo': NEW -> WAITING (tooltipMissingItems)
11:50:05 Visitor status change for '§aOringo': WAITING -> REFUSED (refused)
11:53:25 Visitor status change for '§aPlumber Joe': NEW -> READY (tooltipClickToGive)
11:53:26 Visitor status change for '§aPlumber Joe': READY -> REFUSED (refused)
15:15:42 Visitor status change for '§aStella': NEW -> WAITING (tooltipMissingItems)
15:15:43 Visitor status change for '§aStella': WAITING -> REFUSED (refused)
15:15:44 Visitor status change for '§9Bartender': NEW -> WAITING (tooltipMissingItems)
15:15:46 Visitor status change for '§9Bartender': WAITING -> REFUSED (refused)
15:15:47 Visitor status change for '§aFarmhand': NEW -> WAITING (tooltipMissingItems)
15:15:48 Visitor status change for '§aFarmhand': WAITING -> REFUSED (refused)
15:15:49 Visitor status change for '§aRoyal Resident': NEW -> WAITING (tooltipMissingItems)
15:15:50 Visitor status change for '§aRoyal Resident': WAITING -> REFUSED (refused)
15:32:02 Visitor status change for '§aArthur': NEW -> WAITING (tooltipMissingItems)
15:32:08 Visitor status change for '§cSpaceman': NEW -> WAITING (tooltipMissingItems)
