23:56:42 `Dinnerbone`29 missed {
 is already Found: false).
 Position: LorenzVec(x=-143.5, y=100.0, z=-828.5)
 DistanceC: 9.861205118081074
Relative Position: LorenzVec(x=9.861205118081074, y=-14.5, z=-0.17306880999376517)
 }
23:56:49 `Zombie`754921 missed {
 is already Found: false).
 Position: LorenzVec(x=-50.0, y=104.0, z=71.0)
 DistanceC: 5.382829288408431
Relative Position: LorenzVec(x=-3.232064145019841, y=-18.0, z=-5.382829288408431)
 }
23:57:14 `Slime`123 missed {
 is already Found: false).
 Position: LorenzVec(x=46.5, y=132.1875, z=24.5)
 DistanceC: 9.775080549893609
Relative Position: LorenzVec(x=9.775080549893609, y=0.1875, z=5.875629361661545)
 }
23:57:17 `Slime`244 missed {
 is already Found: false).
 Position: LorenzVec(x=17.0, y=101.125, z=27.03125)
 DistanceC: 19.72491945010639
Relative Position: LorenzVec(x=-19.72491945010639, y=-30.875, z=8.406879361661545)
 }
23:57:31 `gdrpfpqcmbarepd `245 missed {
 is already Found: false).
 Position: LorenzVec(x=30.0, y=154.9375, z=37.8125)
 DistanceC: 19.188129361661545
Relative Position: LorenzVec(x=-6.724919450106391, y=22.9375, z=19.188129361661545)
 }
23:58:40 `3p51gc64ay`534 missed {
 is already Found: false).
 Position: LorenzVec(x=114.5, y=73.0, z=175.0)
 DistanceC: 22.985507083232505
Relative Position: LorenzVec(x=22.985507083232505, y=-5.0, z=-18.52757283895022)
 }
23:59:07 `71i038q75z`113 missed {
 is already Found: false).
 Position: LorenzVec(x=84.0, y=224.0, z=-118.0)
 DistanceC: 1.9416413029066177
Relative Position: LorenzVec(x=1.529036482240116, y=0.0, z=1.9416413029066177)
 }
23:59:24 `Villager`121 missed {
 is already Found: false).
 Position: LorenzVec(x=191.0, y=216.0, z=154.0)
 DistanceC: 15.79978473030468
Relative Position: LorenzVec(x=13.698144757570759, y=20.0, z=15.79978473030468)
 }
23:59:53 `scu92ened8`245 missed {
 is already Found: false).
 Position: LorenzVec(x=-51.0, y=72.0, z=-60.5)
 DistanceC: 20.30000001192093
Relative Position: LorenzVec(x=-20.30000001192093, y=2.0, z=15.649900434604163)
 }
00:00:00 `8f87s4tdpe`246 missed {
 is already Found: false).
 Position: LorenzVec(x=-55.5, y=72.0, z=-56.5)
 DistanceC: 22.097759943549384
Relative Position: LorenzVec(x=-22.097759943549384, y=1.0, z=21.967935582833817)
 }
00:00:22 `Villager`371 missed {
 is already Found: false).
 Position: LorenzVec(x=-11.3125, y=70.0, z=-95.6875)
 DistanceC: 23.35077998149199
Relative Position: LorenzVec(x=23.35077998149199, y=-13.495064620329813, z=-20.48640214297683)
 }
00:02:41 `scu92ened8`245 missed {
 is already Found: false).
 Position: LorenzVec(x=-51.0, y=72.0, z=-60.5)
 DistanceC: 19.73956773475647
Relative Position: LorenzVec(x=-19.73956773475647, y=1.0, z=16.802615581739175)
 }
00:03:29 `y47s46aayz`228 missed {
 is already Found: false).
 Position: LorenzVec(x=22.0, y=71.0, z=-45.5)
 DistanceC: 16.597581098492178
Relative Position: LorenzVec(x=3.5080525539815426, y=-13.40739540236494, z=16.597581098492178)
 }
00:04:27 `dkxiy25m8m`97 missed {
 is already Found: false).
 Position: LorenzVec(x=-131.5, y=101.0, z=-753.5)
 DistanceC: 9.606857972100926
Relative Position: LorenzVec(x=-9.606857972100926, y=8.9375, z=1.0804292418196155)
 }
00:04:27 `6e40qi47g2`98 missed {
 is already Found: false).
 Position: LorenzVec(x=-131.5, y=101.0, z=-755.5)
 DistanceC: 9.606857972100926
Relative Position: LorenzVec(x=-9.606857972100926, y=8.9375, z=-0.9195707581803845)
 }
00:04:28 `b09d2dj0s4`121 missed {
 is already Found: false).
 Position: LorenzVec(x=-117.5, y=105.0, z=-754.5)
 DistanceC: 22.27769270435337
Relative Position: LorenzVec(x=22.27769270435337, y=12.9375, z=1.4618188692286367)
 }
00:05:49 `6e40qi47g2`98 missed {
 is already Found: false).
 Position: LorenzVec(x=-131.5, y=101.0, z=-755.5)
 DistanceC: 8.555139253557428
Relative Position: LorenzVec(x=-8.555139253557428, y=8.9375, z=-0.5434404661779126)
 }
00:05:49 `dkxiy25m8m`97 missed {
 is already Found: false).
 Position: LorenzVec(x=-131.5, y=101.0, z=-753.5)
 DistanceC: 10.283498675337924
Relative Position: LorenzVec(x=-10.283498675337924, y=9.0, z=1.3050647607020665)
 }
00:05:51 `b09d2dj0s4`121 missed {
 is already Found: false).
 Position: LorenzVec(x=-117.5, y=105.0, z=-754.5)
 DistanceC: 3.2877312374577343
Relative Position: LorenzVec(x=3.2877312374577343, y=13.0, z=1.1182667565343536)
 }
00:07:18 `Slime`941165 missed {
 is already Found: false).
 Position: LorenzVec(x=-541.1354166666667, y=33.91666666666667, z=-888.5833333333333)
 DistanceC: 0.5938053571831006
Relative Position: LorenzVec(x=-0.5938053571831006, y=7.563644923260302, z=-0.5337959295171686)
 }
00:07:18 `Slime`941166 missed {
 is already Found: false).
 Position: LorenzVec(x=-539.8125, y=33.91666666666667, z=-889.2708333333333)
 DistanceC: 1.2212959295171686
Relative Position: LorenzVec(x=0.7291113094836419, y=7.563644923260302, z=-1.2212959295171686)
 }
00:07:18 `Slime`941167 missed {
 is already Found: false).
 Position: LorenzVec(x=-540.8854166666667, y=33.91666666666667, z=-889.1875)
 DistanceC: 1.137962596183911
Relative Position: LorenzVec(x=-0.34380535718310057, y=7.563644923260302, z=-1.137962596183911)
 }
00:07:18 `Slime`941168 missed {
 is already Found: false).
 Position: LorenzVec(x=-539.8333333333333, y=33.91666666666667, z=-888.21875)
 DistanceC: 0.7082779761503843
Relative Position: LorenzVec(x=0.7082779761503843, y=7.563644923260302, z=-0.16921259618391105)
 }
00:07:18 `Slime`941169 missed {
 is already Found: false).
 Position: LorenzVec(x=-540.1041666666667, y=33.91666666666667, z=-889.0625)
 DistanceC: 1.012962596183911
Relative Position: LorenzVec(x=0.43744464281689943, y=7.563644923260302, z=-1.012962596183911)
 }
00:07:18 `Slime`941170 missed {
 is already Found: false).
 Position: LorenzVec(x=-540.46875, y=33.91666666666667, z=-889.2916666666667)
 DistanceC: 1.2421292628506535
Relative Position: LorenzVec(x=0.07286130948364189, y=7.563644923260302, z=-1.2421292628506535)
 }
00:07:55 `Slime`943334 missed {
 is already Found: false).
 Position: LorenzVec(x=-443.90625, y=54.4375, z=-865.84375)
 DistanceC: 21.939187546480525
Relative Position: LorenzVec(x=-21.939187546480525, y=-12.66185711385296, z=-17.68637673075)
 }
00:08:54 `§5Aura `910981 missed {
 is already Found: false).
 Position: LorenzVec(x=-386.84375, y=69.0, z=-882.03125)
 DistanceC: 18.54325767957721
Relative Position: LorenzVec(x=7.36592686442026, y=-33.0, z=18.54325767957721)
 }
00:09:21 `Villager`121 missed {
 is already Found: false).
 Position: LorenzVec(x=191.0, y=216.0, z=154.0)
 DistanceC: 16.894724784440143
Relative Position: LorenzVec(x=12.49185207676669, y=20.0, z=16.894724784440143)
 }
00:09:22 `qdv9joeuio`148 missed {
 is already Found: false).
 Position: LorenzVec(x=181.5, y=196.0, z=135.5)
 DistanceC: 7.710496698080362
Relative Position: LorenzVec(x=0.6873086359071863, y=0.0, z=-7.710496698080362)
 }
00:09:31 `zwf279ucvt`149 missed {
 is already Found: false).
 Position: LorenzVec(x=136.0, y=196.0, z=167.0)
 DistanceC: 21.982726453726855
Relative Position: LorenzVec(x=12.88070073957175, y=4.0, z=21.982726453726855)
 }
00:09:31 `g669c0ywec`140 missed {
 is already Found: false).
 Position: LorenzVec(x=122.0, y=192.0, z=148.0)
 DistanceC: 5.811644763127049
Relative Position: LorenzVec(x=-5.557060909926534, y=1.733632006042484, z=5.811644763127049)
 }
00:10:20 `cre749s34h`173 missed {
 is already Found: false).
 Position: LorenzVec(x=0.5, y=145.0, z=23.5)
 DistanceC: 23.980236644228164
Relative Position: LorenzVec(x=-15.689001192592364, y=17.0, z=-23.980236644228164)
 }
00:12:49 `Villager`6298187 missed {
 is already Found: false).
 Position: LorenzVec(x=5.5, y=100.0, z=34.5)
 DistanceC: 23.81529906380089
Relative Position: LorenzVec(x=-2.632419608937809, y=0.0, z=23.81529906380089)
 }
00:16:03 `o6445pc509`40506 missed {
 is already Found: false).
 Position: LorenzVec(x=2.5, y=71.0, z=-7.5)
 DistanceC: 16.22337171174079
Relative Position: LorenzVec(x=-16.22337171174079, y=-18.175445676264673, z=-12.936969647311198)
 }
00:16:08 `§cSpaceman `40391 missed {
 is already Found: false).
 Position: LorenzVec(x=5.5, y=72.0, z=-17.5)
 DistanceC: 17.289211409006988
Relative Position: LorenzVec(x=17.289211409006988, y=-15.266367993957516, z=3.194021611607049)
 }
00:16:36 `Villager`6298187 missed {
 is already Found: false).
 Position: LorenzVec(x=5.5, y=100.0, z=34.5)
 DistanceC: 15.809296586775456
Relative Position: LorenzVec(x=-15.809296586775456, y=-2.5898121477098783, z=9.44722098630244)
 }
00:16:39 `Scion `6450874 missed {
 is already Found: false).
 Position: LorenzVec(x=11.71875, y=100.0, z=46.0625)
 DistanceC: 19.25896017242287
Relative Position: LorenzVec(x=-10.55382073270355, y=-2.5898121477098783, z=19.25896017242287)
 }
00:16:45 `Scion `6419647 missed {
 is already Found: false).
 Position: LorenzVec(x=11.65625, y=100.0, z=46.5625)
 DistanceC: 19.65260960902376
Relative Position: LorenzVec(x=-10.648714930362559, y=-2.5898121477098783, z=19.65260960902376)
 }
00:17:09 `Scion `6494414 missed {
 is already Found: false).
 Position: LorenzVec(x=12.03125, y=100.0, z=45.8125)
 DistanceC: 17.00621450815656
Relative Position: LorenzVec(x=-11.134652580761802, y=0.5, z=17.00621450815656)
 }
00:17:14 `Bat`6496656 missed {
 is already Found: false).
 Position: LorenzVec(x=13.03125, y=102.28125, z=45.84375)
 DistanceC: 17.03746450815656
Relative Position: LorenzVec(x=-10.134652580761802, y=2.78125, z=17.03746450815656)
 }
00:18:42 `Villager`6298187 missed {
 is already Found: false).
 Position: LorenzVec(x=5.5, y=100.0, z=34.5)
 DistanceC: 4.41547207916885
Relative Position: LorenzVec(x=-4.41547207916885, y=-1.020000010728836, z=-0.29702464352568114)
 }
00:19:43 `Villager`367 missed {
 is already Found: false).
 Position: LorenzVec(x=-0.5, y=70.0, z=-54.5)
 DistanceC: 21.335798379013312
Relative Position: LorenzVec(x=15.11015667067543, y=0.0, z=21.335798379013312)
 }
00:19:44 `44b32ang53`528 missed {
 is already Found: false).
 Position: LorenzVec(x=-6.5, y=55.0, z=-95.5)
 DistanceC: 19.664201620986688
Relative Position: LorenzVec(x=9.11015667067543, y=-15.0, z=-19.664201620986688)
 }
00:20:10 `87jf497gg7`340 missed {
 is already Found: false).
 Position: LorenzVec(x=-49.5, y=70.0, z=-67.5)
 DistanceC: 20.92089408701538
Relative Position: LorenzVec(x=-20.92089408701538, y=-13.0, z=12.526205200337571)
 }
00:20:11 `xjt24c972m`245 missed {
 is already Found: false).
 Position: LorenzVec(x=-51.0, y=72.0, z=-60.5)
 DistanceC: 22.42089408701538
Relative Position: LorenzVec(x=-22.42089408701538, y=-11.0, z=19.52620520033757)
 }
00:20:18 `bc8i67nw9z`244 missed {
 is already Found: false).
 Position: LorenzVec(x=-42.5, y=72.0, z=-54.5)
 DistanceC: 22.351533617468313
Relative Position: LorenzVec(x=-22.351533617468313, y=-8.0, z=12.839910622193372)
 }
00:20:19 `Villager`367 missed {
 is already Found: false).
 Position: LorenzVec(x=-0.5, y=70.0, z=-54.5)
 DistanceC: 19.648466382531687
Relative Position: LorenzVec(x=19.648466382531687, y=-10.0, z=12.839910622193372)
 }
00:20:19 `7sj5p75677`221390 missed {
 is already Found: false).
 Position: LorenzVec(x=2.5, y=70.0, z=-75.5)
 DistanceC: 22.648466382531687
Relative Position: LorenzVec(x=22.648466382531687, y=-10.0, z=-8.160089377806628)
 }
00:20:34 `44b32ang53`528 missed {
 is already Found: false).
 Position: LorenzVec(x=-6.5, y=55.0, z=-95.5)
 DistanceC: 19.419987979875373
Relative Position: LorenzVec(x=-15.81175900926691, y=-15.0, z=-19.419987979875373)
 }
00:20:50 `Villager`359 missed {
 is already Found: false).
 Position: LorenzVec(x=-21.5, y=68.0, z=-124.5)
 DistanceC: 22.83316880980668
Relative Position: LorenzVec(x=-19.80000001192093, y=-4.0, z=-22.83316880980668)
 }
00:21:10 `wfpl475v98`246 missed {
 is already Found: false).
 Position: LorenzVec(x=-55.5, y=72.0, z=-56.5)
 DistanceC: 22.836645407545035
Relative Position: LorenzVec(x=-22.836645407545035, y=2.0, z=18.19999998807907)
 }
00:21:49 `44b32ang53`528 missed {
 is already Found: false).
 Position: LorenzVec(x=-6.5, y=55.0, z=-95.5)
 DistanceC: 23.29694478932472
Relative Position: LorenzVec(x=23.29694478932472, y=-15.0, z=-20.676500661799494)
 }
00:23:33 `Villager`373 missed {
 is already Found: false).
 Position: LorenzVec(x=-36.0, y=68.0, z=-39.0)
 DistanceC: 21.300000011920936
Relative Position: LorenzVec(x=-12.236565556396624, y=-3.0, z=21.300000011920936)
 }
00:23:44 `xjt24c972m`245 missed {
 is already Found: false).
 Position: LorenzVec(x=-51.0, y=72.0, z=-60.5)
 DistanceC: 20.30000001192093
Relative Position: LorenzVec(x=-20.30000001192093, y=2.0, z=15.368894985077048)
 }
00:23:59 `wfpl475v98`246 missed {
 is already Found: false).
 Position: LorenzVec(x=-55.5, y=72.0, z=-56.5)
 DistanceC: 19.943664634987385
Relative Position: LorenzVec(x=-19.943664634987385, y=2.0, z=17.954928758295978)
 }
00:24:58 `o15j90zv0f`341 missed {
 is already Found: false).
 Position: LorenzVec(x=-41.5, y=70.0, z=-64.5)
 DistanceC: 18.00947819688323
Relative Position: LorenzVec(x=-18.00947819688323, y=0.0, z=9.3984615675473)
 }
00:25:21 `Villager`367 missed {
 is already Found: false).
 Position: LorenzVec(x=-0.5, y=70.0, z=-54.5)
 DistanceC: 21.549051706551207
Relative Position: LorenzVec(x=21.549051706551207, y=-4.766367993957516, z=18.475724179735835)
 }
00:25:22 `bc8i67nw9z`244 missed {
 is already Found: false).
 Position: LorenzVec(x=-42.5, y=72.0, z=-54.5)
 DistanceC: 19.18360508613503
Relative Position: LorenzVec(x=-15.85890550101383, y=2.0, z=19.18360508613503)
 }
00:25:23 `44b32ang53`528 missed {
 is already Found: false).
 Position: LorenzVec(x=-6.5, y=55.0, z=-95.5)
 DistanceC: 22.51801180590374
Relative Position: LorenzVec(x=20.999635272732267, y=-20.50153388440532, z=-22.51801180590374)
 }
00:25:27 `xjt24c972m`245 missed {
 is already Found: false).
 Position: LorenzVec(x=-51.0, y=72.0, z=-60.5)
 DistanceC: 18.74862244199919
Relative Position: LorenzVec(x=-18.74862244199919, y=1.0, z=16.618191184928918)
 }
00:25:31 `wfpl475v98`246 missed {
 is already Found: false).
 Position: LorenzVec(x=-55.5, y=72.0, z=-56.5)
 DistanceC: 21.788427512240673
Relative Position: LorenzVec(x=-21.52478699390997, y=-4.091470789652504, z=21.788427512240673)
 }
00:26:05 `376g3zlzvn`333 missed {
 is already Found: false).
 Position: LorenzVec(x=31.5, y=70.0, z=-94.5)
 DistanceC: 22.356629531836578
Relative Position: LorenzVec(x=22.356629531836578, y=0.0, z=-19.785608557507345)
 }
00:26:05 `Villager`371 missed {
 is already Found: false).
 Position: LorenzVec(x=-11.3125, y=70.0, z=-95.6875)
 DistanceC: 20.973108557507345
Relative Position: LorenzVec(x=-20.455870468163422, y=0.0, z=-20.973108557507345)
 }
00:26:16 `bc8i67nw9z`244 missed {
 is already Found: false).
 Position: LorenzVec(x=-42.5, y=72.0, z=-54.5)
 DistanceC: 22.713740355837672
Relative Position: LorenzVec(x=-8.960142709266528, y=1.0, z=22.713740355837672)
 }
00:26:16 `wfpl475v98`246 missed {
 is already Found: false).
 Position: LorenzVec(x=-55.5, y=72.0, z=-56.5)
 DistanceC: 21.872649851892838
Relative Position: LorenzVec(x=-21.872649851892838, y=1.0, z=20.675624489792284)
 }
00:26:56 `xjt24c972m`245 missed {
 is already Found: false).
 Position: LorenzVec(x=-51.0, y=72.0, z=-60.5)
 DistanceC: 19.473581494043966
Relative Position: LorenzVec(x=-19.473581494043966, y=1.0, z=16.91983048466841)
 }
00:26:58 `wfpl475v98`246 missed {
 is already Found: false).
 Position: LorenzVec(x=-55.5, y=72.0, z=-56.5)
 DistanceC: 23.973581494043966
Relative Position: LorenzVec(x=-23.973581494043966, y=1.0, z=20.91983048466841)
 }
00:27:08 `44b32ang53`528 missed {
 is already Found: false).
 Position: LorenzVec(x=-6.5, y=55.0, z=-95.5)
 DistanceC: 22.52688567798494
Relative Position: LorenzVec(x=22.52688567798494, y=-15.0, z=-19.89124388066034)
 }
00:27:27 `2u9939573g`251 missed {
 is already Found: false).
 Position: LorenzVec(x=-24.5, y=71.0, z=-58.5)
 DistanceC: 23.924660521515236
Relative Position: LorenzVec(x=-13.307896142310325, y=1.0, z=23.924660521515236)
 }
00:28:33 `9d935736y7`251 missed {
 is already Found: false).
 Position: LorenzVec(x=-24.5, y=71.0, z=-58.5)
 DistanceC: 22.28428137849518
Relative Position: LorenzVec(x=-13.817319402335313, y=1.0, z=22.28428137849518)
 }
00:28:33 `h4t37i3na0`423 missed {
 is already Found: false).
 Position: LorenzVec(x=-31.0, y=73.0, z=-95.5)
 DistanceC: 20.317319402335315
Relative Position: LorenzVec(x=-20.317319402335315, y=3.0, z=-14.71571862150482)
 }
00:28:33 `Villager`357 missed {
 is already Found: false).
 Position: LorenzVec(x=-25.6875, y=68.0, z=-103.09375)
 DistanceC: 22.30946862150482
Relative Position: LorenzVec(x=-15.004819402335313, y=-2.0, z=-22.30946862150482)
 }
00:28:33 `390tut10ne`19 missed {
 is already Found: false).
 Position: LorenzVec(x=4.5, y=72.0, z=-104.5)
 DistanceC: 23.71571862150482
Relative Position: LorenzVec(x=15.182680597664687, y=2.0, z=-23.71571862150482)
 }
00:28:52 `57d0s3114u`245 missed {
 is already Found: false).
 Position: LorenzVec(x=-51.0, y=72.0, z=-60.5)
 DistanceC: 20.30000001192093
Relative Position: LorenzVec(x=-20.30000001192093, y=2.0, z=14.487268569592203)
 }
00:30:02 `29w9sdf3fg`228 missed {
 is already Found: false).
 Position: LorenzVec(x=22.0, y=71.0, z=-45.5)
 DistanceC: 22.812543547944472
Relative Position: LorenzVec(x=11.938520895903153, y=1.0, z=22.812543547944472)
 }
00:30:19 `ym1397975z`333 missed {
 is already Found: false).
 Position: LorenzVec(x=31.5, y=70.0, z=-94.5)
 DistanceC: 23.175501739553795
Relative Position: LorenzVec(x=11.111691648756938, y=-14.0, z=-23.175501739553795)
 }
00:30:22 `29w9sdf3fg`228 missed {
 is already Found: false).
 Position: LorenzVec(x=22.0, y=71.0, z=-45.5)
 DistanceC: 22.282889502211205
Relative Position: LorenzVec(x=3.143591554684683, y=-11.0, z=22.282889502211205)
 }
00:30:32 `es56y964h6`521 missed {
 is already Found: false).
 Position: LorenzVec(x=-29.5, y=57.0, z=-90.5)
 DistanceC: 16.327755184319216
Relative Position: LorenzVec(x=-16.097815392003003, y=-13.0, z=-16.327755184319216)
 }
00:30:34 `9u42ko4tx2`422 missed {
 is already Found: false).
 Position: LorenzVec(x=-36.0, y=73.0, z=-85.5)
 DistanceC: 23.00969464404401
Relative Position: LorenzVec(x=-23.00969464404401, y=3.0, z=-14.450221095695625)
 }
00:30:40 `Villager`373 missed {
 is already Found: false).
 Position: LorenzVec(x=-36.0, y=68.0, z=-39.0)
 DistanceC: 20.22392703968268
Relative Position: LorenzVec(x=-19.338744973955198, y=-4.0, z=20.22392703968268)
 }
00:30:40 `40g191v6sq`530 missed {
 is already Found: false).
 Position: LorenzVec(x=-39.5, y=70.0, z=-78.90625)
 DistanceC: 22.838744973955198
Relative Position: LorenzVec(x=-22.838744973955198, y=-2.0, z=-19.68232296031732)
 }
00:31:06 `1uc911987e`423 missed {
 is already Found: false).
 Position: LorenzVec(x=-31.0, y=73.0, z=-95.5)
 DistanceC: 20.922653920268345
Relative Position: LorenzVec(x=-18.669128440553838, y=-3.0914707896525044, z=-20.922653920268345)
 }
00:31:08 `68p10iw661`424 missed {
 is already Found: false).
 Position: LorenzVec(x=-36.0, y=73.0, z=-95.5)
 DistanceC: 21.218451509785524
Relative Position: LorenzVec(x=-17.016340292927286, y=3.0, z=-21.218451509785524)
 }
00:31:14 `8z2bjg546o`528 missed {
 is already Found: false).
 Position: LorenzVec(x=-6.5, y=55.0, z=-95.5)
 DistanceC: 22.560773261554928
Relative Position: LorenzVec(x=18.351547133971156, y=-15.0, z=-22.560773261554928)
 }
00:31:23 `68gc3o9zb4`244 missed {
 is already Found: false).
 Position: LorenzVec(x=-42.5, y=72.0, z=-54.5)
 DistanceC: 19.387617751601084
Relative Position: LorenzVec(x=-14.417722049653307, y=2.0, z=19.387617751601084)
 }
00:33:04 `o4116r494e`418 missed {
 is already Found: false).
 Position: LorenzVec(x=14.0, y=72.0, z=-106.0)
 DistanceC: 22.203370636187117
Relative Position: LorenzVec(x=15.418954601559266, y=2.0, z=-22.203370636187117)
 }
00:33:17 `1uc911987e`423 missed {
 is already Found: false).
 Position: LorenzVec(x=-31.0, y=73.0, z=-95.5)
 DistanceC: 19.09526541601225
Relative Position: LorenzVec(x=-19.09526541601225, y=3.0, z=-15.98964699582416)
 }
00:33:18 `Villager`357 missed {
 is already Found: false).
 Position: LorenzVec(x=-25.6875, y=68.0, z=-103.09375)
 DistanceC: 21.13202682506001
Relative Position: LorenzVec(x=-14.58829808818476, y=-2.0, z=-21.13202682506001)
 }
00:36:28 `g430z8ib70`245 missed {
 is already Found: false).
 Position: LorenzVec(x=-51.0, y=72.0, z=-60.5)
 DistanceC: 20.30000001192093
Relative Position: LorenzVec(x=-20.30000001192093, y=2.0, z=15.731276848598512)
 }
00:50:03 `Villager`10590872 missed {
 is already Found: false).
 Position: LorenzVec(x=5.5, y=100.0, z=34.5)
 DistanceC: 16.305470404638434
Relative Position: LorenzVec(x=-11.866691182577878, y=1.0, z=16.305470404638434)
 }
00:50:47 `Bat`10797015 missed {
 is already Found: false).
 Position: LorenzVec(x=11.46875, y=101.10000002384186, z=46.4375)
 DistanceC: 19.656861408725515
Relative Position: LorenzVec(x=-10.447623990630746, y=2.100000023841858, z=19.656861408725515)
 }
00:53:33 `Bat`10828388 missed {
 is already Found: false).
 Position: LorenzVec(x=16.65625, y=103.71875, z=50.21875)
 DistanceC: 14.80514687977832
Relative Position: LorenzVec(x=-9.134081483607122, y=-3.1591501967698434, z=14.80514687977832)
 }
00:54:01 `Bat`10875534 missed {
 is already Found: false).
 Position: LorenzVec(x=11.28125, y=105.10000002384186, z=45.28125)
 DistanceC: 14.218816458876283
Relative Position: LorenzVec(x=-14.218816458876283, y=-1.7779001729279855, z=12.846392628125464)
 }
00:54:12 `Villager`10590872 missed {
 is already Found: false).
 Position: LorenzVec(x=5.5, y=100.0, z=34.5)
 DistanceC: 9.82801942299764
Relative Position: LorenzVec(x=-9.82801942299764, y=-5.765245330156915, z=2.1078267324410973)
 }
00:55:01 `§bSam `10591101 missed {
 is already Found: false).
 Position: LorenzVec(x=14.5, y=100.0, z=-16.5)
 DistanceC: 16.574275752541507
Relative Position: LorenzVec(x=-16.574275752541507, y=70.03670530977692, z=-8.40552234201364)
 }
00:55:48 `Villager`10590872 missed {
 is already Found: false).
 Position: LorenzVec(x=5.5, y=100.0, z=34.5)
 DistanceC: 17.318539737699737
Relative Position: LorenzVec(x=-17.318539737699737, y=-4.038446209154841, z=12.306603675135861)
 }
00:56:55 `Villager`10590872 missed {
 is already Found: false).
 Position: LorenzVec(x=5.5, y=100.0, z=34.5)
 DistanceC: 17.011335854575798
Relative Position: LorenzVec(x=3.305233698351427, y=77.2020341252547, z=17.011335854575798)
 }
00:57:47 `Villager`10590872 missed {
 is already Found: false).
 Position: LorenzVec(x=5.5, y=100.0, z=34.5)
 DistanceC: 21.239246850470927
Relative Position: LorenzVec(x=21.239246850470927, y=-8.714923360068369, z=-19.595087986173503)
 }
00:58:28 `Villager`10590872 missed {
 is already Found: false).
 Position: LorenzVec(x=5.5, y=100.0, z=34.5)
 DistanceC: 18.140918091888445
Relative Position: LorenzVec(x=18.140918091888445, y=-3.6537296175885956, z=-17.44036881862676)
 }
