18:47:05 THE_END
18:47:47 NONE
18:47:47 SPIDER_DEN
18:48:15 NONE
18:48:15 HUB
18:48:22 NONE
18:48:23 THE_END
18:48:51 NONE
18:48:52 THE_END
18:54:54 NONE
18:54:55 PRIVATE_ISLAND
19:26:04 NONE
19:26:04 DUNGEON_HUB
19:26:13 NONE
19:26:13 HUB
19:28:56 NONE
19:28:56 DUNGEON_HUB
19:29:58 NONE
19:29:59 CATACOMBS
19:30:13 NONE
19:30:13 DUNGEON_HUB
19:30:49 NONE
19:30:49 CATACOMBS
19:36:04 NONE
19:36:04 DUNGEON_HUB
19:36:13 NONE
19:36:13 CATACOMBS
19:43:09 NONE
19:43:09 DUNGEON_HUB
19:43:33 NONE
19:43:34 CATACOMBS
19:44:22 NONE
19:44:22 DUNGEON_HUB
19:48:51 NONE
19:48:51 CATACOMBS
19:57:10 NONE
19:57:10 DUNGEON_HUB
19:59:54 NONE
19:59:54 THE_RIFT
20:01:28 NONE
20:01:28 HUB
20:03:30 NONE
20:03:30 CRIMSON_ISLE
20:12:48 NONE
20:12:49 HUB
21:29:58 NONE
21:29:58 THE_END
21:47:01 DUNGEON_HUB
21:49:44 NONE
21:49:49 CATACOMBS
21:50:06 NONE
21:50:06 DUNGEON_HUB
21:50:25 NONE
21:51:21 DUNGEON_HUB
21:52:51 NONE
21:52:51 HUB
21:59:18 NONE
21:59:19 CATACOMBS
22:05:26 DUNGEON_HUB
22:06:29 NONE
22:06:29 PRIVATE_ISLAND_GUEST
22:06:42 NONE
22:06:42 DUNGEON_HUB
22:07:21 NONE
22:09:15 DUNGEON_HUB
22:13:43 NONE
22:13:43 CATACOMBS
22:20:19 NONE
22:20:20 CATACOMBS
22:26:24 NONE
22:26:24 CATACOMBS
22:32:38 NONE
22:32:38 DUNGEON_HUB
22:37:41 NONE
22:37:41 CATACOMBS
22:45:03 NONE
22:45:03 DUNGEON_HUB
23:01:25 NONE
23:01:25 CATACOMBS
23:05:48 NONE
23:05:48 CATACOMBS
23:11:09 NONE
23:11:09 DUNGEON_HUB
23:11:42 NONE
23:11:42 CATACOMBS
23:17:17 NONE
23:17:18 CATACOMBS
23:23:48 NONE
23:23:48 CATACOMBS
23:30:21 NONE
23:30:21 CATACOMBS
23:35:14 NONE
23:35:15 CATACOMBS
23:41:18 NONE
23:41:19 CATACOMBS
23:45:24 NONE
23:45:25 DUNGEON_HUB
00:03:07 NONE
00:03:07 PRIVATE_ISLAND
00:04:06 NONE
00:04:07 DUNGEON_HUB
00:05:37 NONE
00:05:38 PRIVATE_ISLAND_GUEST
00:05:41 NONE
00:05:41 DWARVEN_MINES
00:06:28 NONE
00:06:29 THE_RIFT
00:06:56 NONE
00:06:57 HUB
00:08:33 NONE
00:08:33 DUNGEON_HUB
00:13:11 NONE
00:13:12 CATACOMBS
00:24:11 NONE
00:24:12 DUNGEON_HUB
00:26:47 DUNGEON_HUB
00:27:34 NONE
00:27:35 CATACOMBS
00:36:57 DUNGEON_HUB
00:38:20 NONE
00:38:21 CATACOMBS
00:47:33 NONE
00:47:33 DUNGEON_HUB
00:48:41 NONE
00:48:42 CATACOMBS
00:57:25 NONE
00:57:25 DUNGEON_HUB
00:57:43 NONE
00:57:43 CATACOMBS
01:07:27 NONE
01:07:27 CATACOMBS
01:15:57 NONE
01:15:57 DUNGEON_HUB
01:21:29 NONE
01:21:29 CATACOMBS
01:30:39 NONE
01:30:39 DUNGEON_HUB
01:31:38 CATACOMBS
01:41:36 DUNGEON_HUB
01:44:49 NONE
01:44:49 CRIMSON_ISLE
01:48:33 NONE
01:48:33 THE_RIFT
01:48:42 NONE
01:48:43 GARDEN
