00:49:46 Trying to load config from config\skyhanni\config.json
00:49:46 load-config-now
00:49:47 Loaded config from file
00:49:47 Trying to load sacks from config\skyhanni\sacks.json
00:49:47 load-sacks-now
00:49:47 Loaded sacks from file
00:49:47 Trying to load friends from config\skyhanni\friends.json
00:49:47 load-friends-now
00:49:47 Loaded friends from file
00:49:47 Trying to load known_features from config\skyhanni\known_features.json
00:49:47 load-known_features-now
00:49:47 Loaded known_features from file
00:49:47 Trying to load jacob_contests from config\skyhanni\jacob_contests.json
00:49:47 load-jacob_contests-now
00:49:47 Loaded jacob_contests from file
00:49:47 Trying to load visual_words from config\skyhanni\visual_words.json
00:49:47 Setting visual_words to be blank as it did not exist. It will be saved once something is written to it
00:50:47 saveConfig: auto-save-60s
00:50:47 Saving config file
00:50:47 Saved config file successfully
00:50:47 saveConfig: auto-save-60s
00:50:47 Saving config file
00:50:48 Saved config file successfully
00:51:27 saveConfig: Updated known feature flags
00:51:27 Saving known_features file
00:51:27 Saved known_features file successfully
00:51:27 saveConfig: Updated known feature flags
00:51:27 Saving known_features file
00:51:27 Saved known_features file successfully
00:51:47 saveConfig: auto-save-60s
00:51:47 Saving config file
00:51:47 Saved config file successfully
00:51:47 saveConfig: auto-save-60s
00:51:47 Saving config file
00:51:47 Saved config file successfully
00:52:44 saveConfig: saving-data
00:52:44 Saving sacks file
00:52:44 Saved sacks file successfully
00:52:44 saveConfig: saving-data
00:52:44 Saving sacks file
00:52:44 Saved sacks file successfully
00:52:47 saveConfig: auto-save-60s
00:52:47 Saving config file
00:52:47 Saved config file successfully
00:52:47 saveConfig: auto-save-60s
00:52:47 Saving config file
00:52:47 Saved config file successfully
00:52:51 saveConfig: saving-data
00:52:51 Saving sacks file
00:52:51 Saved sacks file successfully
00:52:51 saveConfig: saving-data
00:52:51 Saving sacks file
00:52:51 Saved sacks file successfully
00:53:13 saveConfig: saving-data
00:53:13 Saving sacks file
00:53:13 Saved sacks file successfully
00:53:13 saveConfig: saving-data
00:53:13 Saving sacks file
00:53:13 Saved sacks file successfully
00:53:23 saveConfig: saving-data
00:53:23 Saving sacks file
00:53:23 Saved sacks file successfully
00:53:23 saveConfig: saving-data
00:53:23 Saving sacks file
00:53:23 Saved sacks file successfully
00:53:47 saveConfig: auto-save-60s
00:53:47 Saving config file
00:53:47 Saved config file successfully
00:53:47 saveConfig: auto-save-60s
00:53:47 Saving config file
00:53:47 Saved config file successfully
00:54:47 saveConfig: auto-save-60s
00:54:47 Saving config file
00:54:47 Saved config file successfully
00:54:47 saveConfig: auto-save-60s
00:54:47 Saving config file
00:54:47 Saved config file successfully
00:55:47 saveConfig: auto-save-60s
00:55:47 Saving config file
00:55:47 Saved config file successfully
00:55:47 saveConfig: auto-save-60s
00:55:47 Saving config file
00:55:47 Saved config file successfully
00:56:47 saveConfig: auto-save-60s
00:56:47 Saving config file
00:56:47 Saved config file successfully
00:56:47 saveConfig: auto-save-60s
00:56:47 Saving config file
00:56:47 Saved config file successfully
00:57:47 saveConfig: auto-save-60s
00:57:47 Saving config file
00:57:47 Saved config file successfully
00:57:47 saveConfig: auto-save-60s
00:57:47 Saving config file
00:57:47 Saved config file successfully
00:58:47 saveConfig: auto-save-60s
00:58:47 Saving config file
00:58:47 Saved config file successfully
00:58:47 saveConfig: auto-save-60s
00:58:47 Saving config file
00:58:47 Saved config file successfully
00:58:53 saveConfig: saving-data
00:58:53 Saving sacks file
00:58:53 Saved sacks file successfully
00:58:53 saveConfig: saving-data
00:58:53 Saving sacks file
00:58:53 Saved sacks file successfully
00:59:37 saveConfig: saving-data
00:59:37 Saving sacks file
00:59:37 Saved sacks file successfully
00:59:37 saveConfig: saving-data
00:59:37 Saving sacks file
00:59:37 Saved sacks file successfully
00:59:45 saveConfig: saving-data
00:59:45 Saving sacks file
00:59:45 Saved sacks file successfully
00:59:45 saveConfig: saving-data
00:59:45 Saving sacks file
00:59:45 Saved sacks file successfully
00:59:47 saveConfig: auto-save-60s
00:59:47 Saving config file
00:59:47 Saved config file successfully
00:59:47 saveConfig: auto-save-60s
00:59:47 Saving config file
00:59:47 Saved config file successfully
01:00:24 saveConfig: saving-data
01:00:24 Saving sacks file
01:00:24 Saved sacks file successfully
01:00:24 saveConfig: saving-data
01:00:24 Saving sacks file
01:00:24 Saved sacks file successfully
01:00:47 saveConfig: auto-save-60s
01:00:47 Saving config file
01:00:47 Saved config file successfully
01:00:47 saveConfig: auto-save-60s
01:00:47 Saving config file
01:00:47 Saved config file successfully
01:00:58 saveConfig: saving-data
01:00:58 Saving sacks file
01:00:58 Saved sacks file successfully
01:00:58 saveConfig: saving-data
01:00:58 Saving sacks file
01:00:58 Saved sacks file successfully
01:01:28 saveConfig: saving-data
01:01:28 Saving sacks file
01:01:28 Saved sacks file successfully
01:01:28 saveConfig: saving-data
01:01:28 Saving sacks file
01:01:28 Saved sacks file successfully
01:01:47 saveConfig: auto-save-60s
01:01:47 Saving config file
01:01:47 Saved config file successfully
01:01:47 saveConfig: auto-save-60s
01:01:47 Saving config file
01:01:47 Saved config file successfully
01:02:47 saveConfig: auto-save-60s
01:02:47 Saving config file
01:02:47 Saved config file successfully
01:02:47 saveConfig: auto-save-60s
01:02:47 Saving config file
01:02:47 Saved config file successfully
01:03:47 saveConfig: auto-save-60s
01:03:47 Saving config file
01:03:47 Saved config file successfully
01:03:47 saveConfig: auto-save-60s
01:03:47 Saving config file
01:03:47 Saved config file successfully
01:04:47 saveConfig: auto-save-60s
01:04:47 Saving config file
01:04:47 Saved config file successfully
01:04:47 saveConfig: auto-save-60s
01:04:47 Saving config file
01:04:47 Saved config file successfully
01:05:47 saveConfig: auto-save-60s
01:05:47 Saving config file
01:05:47 Saved config file successfully
01:05:47 saveConfig: auto-save-60s
01:05:47 Saving config file
01:05:47 Saved config file successfully
01:06:47 saveConfig: auto-save-60s
01:06:47 Saving config file
01:06:47 Saved config file successfully
01:06:47 saveConfig: auto-save-60s
01:06:47 Saving config file
01:06:47 Saved config file successfully
01:07:47 saveConfig: auto-save-60s
01:07:47 Saving config file
01:07:47 Saved config file successfully
01:07:47 saveConfig: auto-save-60s
01:07:47 Saving config file
01:07:47 Saved config file successfully
01:08:47 saveConfig: auto-save-60s
01:08:47 Saving config file
01:08:47 Saved config file successfully
01:08:47 saveConfig: auto-save-60s
01:08:47 Saving config file
01:08:47 Saved config file successfully
01:09:47 saveConfig: auto-save-60s
01:09:47 Saving config file
01:09:47 Saved config file successfully
01:09:47 saveConfig: auto-save-60s
01:09:47 Saving config file
01:09:47 Saved config file successfully
01:10:12 saveConfig: saving-data
01:10:12 Saving sacks file
01:10:12 Saved sacks file successfully
01:10:12 saveConfig: saving-data
01:10:12 Saving sacks file
01:10:12 Saved sacks file successfully
01:10:21 saveConfig: saving-data
01:10:21 Saving sacks file
01:10:21 Saved sacks file successfully
01:10:21 saveConfig: saving-data
01:10:21 Saving sacks file
01:10:21 Saved sacks file successfully
01:10:29 saveConfig: saving-data
01:10:29 Saving sacks file
01:10:29 Saved sacks file successfully
01:10:29 saveConfig: saving-data
01:10:29 Saving sacks file
01:10:29 Saved sacks file successfully
01:10:47 saveConfig: auto-save-60s
01:10:47 Saving config file
01:10:47 Saved config file successfully
01:10:47 saveConfig: auto-save-60s
01:10:47 Saving config file
01:10:47 Saved config file successfully
01:11:47 saveConfig: auto-save-60s
01:11:47 Saving config file
01:11:47 Saved config file successfully
01:11:47 saveConfig: auto-save-60s
01:11:47 Saving config file
01:11:47 Saved config file successfully
01:12:47 saveConfig: auto-save-60s
01:12:47 Saving config file
01:12:47 Saved config file successfully
01:12:47 saveConfig: auto-save-60s
01:12:47 Saving config file
01:12:47 Saved config file successfully
01:13:47 saveConfig: auto-save-60s
01:13:47 Saving config file
01:13:47 Saved config file successfully
01:13:47 saveConfig: auto-save-60s
01:13:47 Saving config file
01:13:47 Saved config file successfully
01:14:47 saveConfig: auto-save-60s
01:14:47 Saving config file
01:14:47 Saved config file successfully
01:14:47 saveConfig: auto-save-60s
01:14:47 Saving config file
01:14:47 Saved config file successfully
01:15:47 saveConfig: auto-save-60s
01:15:47 Saving config file
01:15:47 Saved config file successfully
01:15:47 saveConfig: auto-save-60s
01:15:47 Saving config file
01:15:47 Saved config file successfully
01:15:51 saveConfig: saving-data
01:15:51 Saving sacks file
01:15:51 Saved sacks file successfully
01:15:51 saveConfig: saving-data
01:15:51 Saving sacks file
01:15:51 Saved sacks file successfully
01:15:52 saveConfig: saving-data
01:15:52 Saving sacks file
01:15:52 Saved sacks file successfully
01:15:52 saveConfig: saving-data
01:15:52 Saving sacks file
01:15:52 Saved sacks file successfully
01:15:57 saveConfig: saving-data
01:15:57 Saving sacks file
01:15:57 Saved sacks file successfully
01:15:57 saveConfig: saving-data
01:15:57 Saving sacks file
01:15:57 Saved sacks file successfully
01:16:47 saveConfig: auto-save-60s
01:16:47 Saving config file
01:16:47 Saved config file successfully
01:16:47 saveConfig: auto-save-60s
01:16:47 Saving config file
01:16:47 Saved config file successfully
01:17:47 saveConfig: auto-save-60s
01:17:47 Saving config file
01:17:47 Saved config file successfully
01:17:47 saveConfig: auto-save-60s
01:17:47 Saving config file
01:17:47 Saved config file successfully
01:18:47 saveConfig: auto-save-60s
01:18:47 Saving config file
01:18:47 Saved config file successfully
01:18:47 saveConfig: auto-save-60s
01:18:47 Saving config file
01:18:47 Saved config file successfully
01:19:47 saveConfig: auto-save-60s
01:19:47 Saving config file
01:19:47 Saved config file successfully
01:19:47 saveConfig: auto-save-60s
01:19:47 Saving config file
01:19:47 Saved config file successfully
01:20:45 saveConfig: saving-data
01:20:45 Saving sacks file
01:20:45 Saved sacks file successfully
01:20:45 saveConfig: saving-data
01:20:45 Saving sacks file
01:20:45 Saved sacks file successfully
01:20:47 saveConfig: auto-save-60s
01:20:47 Saving config file
01:20:47 Saved config file successfully
01:20:47 saveConfig: auto-save-60s
01:20:47 Saving config file
01:20:47 Saved config file successfully
01:21:22 saveConfig: saving-data
01:21:22 Saving sacks file
01:21:22 Saved sacks file successfully
01:21:22 saveConfig: saving-data
01:21:22 Saving sacks file
01:21:22 Saved sacks file successfully
01:21:47 saveConfig: auto-save-60s
01:21:47 Saving config file
01:21:47 Saved config file successfully
01:21:47 saveConfig: auto-save-60s
01:21:47 Saving config file
01:21:47 Saved config file successfully
01:22:47 saveConfig: auto-save-60s
01:22:47 Saving config file
01:22:47 Saved config file successfully
01:22:47 saveConfig: auto-save-60s
01:22:47 Saving config file
01:22:47 Saved config file successfully
01:23:32 saveConfig: saving-data
01:23:32 Saving sacks file
01:23:32 Saved sacks file successfully
01:23:32 saveConfig: saving-data
01:23:32 Saving sacks file
01:23:33 Saved sacks file successfully
01:23:47 saveConfig: auto-save-60s
01:23:47 Saving config file
01:23:47 Saved config file successfully
01:23:47 saveConfig: auto-save-60s
01:23:47 Saving config file
01:23:47 Saved config file successfully
01:23:58 saveConfig: shutdown-hook
01:23:58 Saving config file
