22:46:21 [PEST_DROP] §eYou received §a20x Enchanted Pumpkin §efor killing a §2Rat§e!
22:46:21 [PEST_DROP] §eYou received §a26x Enchanted Brown Mushroom §efor killing a §2Slug§e!
22:46:21 [PEST_DROP] §eYou received §a103x Enchanted Potato §efor killing a §2Locust§e!
22:46:24 [PEST_DROP] §eYou received §a41x Enchanted Cactus Green §efor killing a §2Mite§e!
22:46:24 [PEST_DROP] §eYou received §a51x Enchanted Cactus Green §efor killing a §2Mite§e!
22:46:24 [PEST_DROP] §eYou received §a59x Enchanted Cactus Green §efor killing a §2Mite§e!
22:46:26 [PEST_DROP] §eYou received §a69x Enchanted Potato §efor killing a §2Locust§e!
22:46:26 [PEST_DROP] §eYou received §a25x Enchanted Pumpkin §efor killing a §2Rat§e!
22:46:26 [PEST_DROP] §eYou received §a101x Enchanted Carrot §efor killing a §2Cricket§e!
22:46:33 [PEST_DROP] §eYou received §a112x Enchanted Potato §efor killing a §2Locust§e!
22:46:36 [PEST_DROP] §eYou received §a67x Enchanted Cactus Green §efor killing a §2Mite§e!
22:46:44 [PEST_DROP] §eYou received §a117x Enchanted Potato §efor killing a §2Locust§e!
22:46:47 [PEST_DROP] §eYou received §a33x Enchanted Pumpkin §efor killing a §2Rat§e!
22:46:57 [PEST_DROP] §eYou received §a116x Enchanted Potato §efor killing a §2Locust§e!
22:47:03 [GARDEN_VISITOR_MESSAGE] §e[NPC] §9Emissary Sisko§f: §r§fI've heard I can find the best mushrooms here, and as the King's favorite emissary I will bring them to him!
22:47:06 [GARDEN_VISITOR_MESSAGE] §e[NPC] §9Emissary Sisko§f: §r§fMy standing as the King's favorite emissary is secured as soon as I bring these back home!
22:47:07 [GARDEN_VISITOR_MESSAGE] §e[NPC] §9Tia the Fairy§f: §rYou are currently missing §d7 §fFairy Souls. Better get to work!
22:47:11 [GARDEN_VISITOR_MESSAGE] §e[NPC] §9Tia the Fairy§f: §r§fAlright, I won't bother you anymore.
22:47:11 [GARDEN_VISITOR_MESSAGE] §e[NPC] §aEmissary Fraiser§f: §r§fI know what all the others say, but I am the King's true favorite emissary.
22:47:13 [GARDEN_VISITOR_MESSAGE] §e[NPC] §aEmissary Fraiser§f: §r§fThe King will surely punish you for this disrespect!
22:47:14 [GARDEN_VISITOR_MESSAGE] §e[NPC] §9Queen Mismyla§f: §r§fThe King made me go grocery shopping. Me! Can you believe that? He has a pair of perfectly good legs, and still, here I am.
22:47:16 [GARDEN_VISITOR_MESSAGE] §e[NPC] §9Queen Mismyla§f: §r§fI bet when I am back, they are all still sitting around that table! All day, every day! It's ludicrous!
22:58:22 [SLAYER_RNG_METER]    §dRNG Meter §f- §d495,725 Stored XP
23:00:45 [SLAYER_RNG_METER]    §dRNG Meter §f- §d497,225 Stored XP
23:01:39 [SLAYER_RNG_METER]    §dRNG Meter §f- §d498,725 Stored XP
23:02:21 [SLAYER_RNG_METER]    §dRNG Meter §f- §d500,225 Stored XP
23:03:05 [SLAYER_RNG_METER]    §dRNG Meter §f- §d501,725 Stored XP
23:04:01 [SLAYER_RNG_METER]    §dRNG Meter §f- §d503,225 Stored XP
23:04:32 [SLAYER_RNG_METER]    §dRNG Meter §f- §d504,725 Stored XP
23:05:11 [SLAYER_RNG_METER]    §dRNG Meter §f- §d506,225 Stored XP
23:05:56 [SLAYER_RNG_METER]    §dRNG Meter §f- §d507,725 Stored XP
23:06:41 [SLAYER_RNG_METER]    §dRNG Meter §f- §d509,225 Stored XP
23:07:22 [SLAYER_RNG_METER]    §dRNG Meter §f- §d510,725 Stored XP
23:08:05 [SLAYER_RNG_METER]    §dRNG Meter §f- §d512,225 Stored XP
23:08:41 [SLAYER_RNG_METER]    §dRNG Meter §f- §d513,725 Stored XP
23:09:22 [SLAYER_RNG_METER]    §dRNG Meter §f- §d515,225 Stored XP
23:10:04 [SLAYER_RNG_METER]    §dRNG Meter §f- §d516,725 Stored XP
23:10:41 [SLAYER_RNG_METER]    §dRNG Meter §f- §d518,225 Stored XP
23:11:21 [SLAYER_RNG_METER]    §dRNG Meter §f- §d519,725 Stored XP
23:12:44 [SLAYER_RNG_METER]    §dRNG Meter §f- §d521,225 Stored XP
23:13:54 [SLAYER_RNG_METER]    §dRNG Meter §f- §d522,725 Stored XP
23:14:41 [SLAYER_RNG_METER]    §dRNG Meter §f- §d524,225 Stored XP
23:15:16 [SLAYER_RNG_METER]    §dRNG Meter §f- §d525,725 Stored XP
23:15:52 [SLAYER_RNG_METER]    §dRNG Meter §f- §d527,225 Stored XP
23:16:30 [SLAYER_RNG_METER]    §dRNG Meter §f- §d528,725 Stored XP
23:17:18 [SLAYER_RNG_METER]    §dRNG Meter §f- §d530,225 Stored XP
23:17:53 [SLAYER_RNG_METER]    §dRNG Meter §f- §d531,725 Stored XP
23:18:25 [SLAYER_RNG_METER]    §dRNG Meter §f- §d533,225 Stored XP
23:19:05 [SLAYER_RNG_METER]    §dRNG Meter §f- §d534,725 Stored XP
23:19:52 [SLAYER_RNG_METER]    §dRNG Meter §f- §d536,225 Stored XP
23:20:25 [SLAYER_RNG_METER]    §dRNG Meter §f- §d537,725 Stored XP
23:21:11 [SLAYER_RNG_METER]    §dRNG Meter §f- §d539,225 Stored XP
23:21:51 [SLAYER_RNG_METER]    §dRNG Meter §f- §d540,725 Stored XP
23:22:26 [SLAYER_RNG_METER]    §dRNG Meter §f- §d542,225 Stored XP
23:23:05 [SLAYER_RNG_METER]    §dRNG Meter §f- §d543,725 Stored XP
00:15:11 [STASH_COMPACT] §f               §7You have §350,816 §7materials stashed away!
00:15:11 [STASH_COMPACT] §f               §8(This totals 1 type of material stashed!)
00:15:11 [STASH_COMPACT] §f                §3§l>>> §3§lCLICK HERE§b to pick them up! §3§l<<<
00:15:11 [STASH_COMPACT]   
01:00:45 [SLAYER_RNG_METER]    §dRNG Meter §f- §d545,225 Stored XP
03:04:35 [PEST_DROP] §eYou received §a29x Enchanted Pumpkin §efor killing a §2Rat§e!
03:04:35 [PEST_DROP] §eYou received §a32x Enchanted Pumpkin §efor killing a §2Rat§e!
03:04:35 [PEST_DROP] §eYou received §a33x Enchanted Brown Mushroom §efor killing a §2Slug§e!
03:04:36 [PEST_DROP] §eYou received §a59x Enchanted Cactus Green §efor killing a §2Mite§e!
03:04:36 [PEST_DROP] §eYou received §a64x Enchanted Cactus Green §efor killing a §2Mite§e!
03:04:36 [PEST_DROP] §eYou received §a33x Enchanted Pumpkin §efor killing a §2Rat§e!
03:04:37 [PEST_DROP] §eYou received §a59x Enchanted Cactus Green §efor killing a §2Mite§e!
03:04:37 [PEST_DROP] §eYou received §a64x Enchanted Cactus Green §efor killing a §2Mite§e!
03:04:37 [PEST_DROP] §eYou received §a168x Enchanted Melon §efor killing an §2Earthworm§e!
03:04:47 [PEST_DROP] §eYou received §a116x Enchanted Potato §efor killing a §2Locust§e!
03:04:53 [PEST_DROP] §eYou received §a33x Enchanted Pumpkin §efor killing a §2Rat§e!
03:04:56 [PEST_DROP] §eYou received §a117x Enchanted Potato §efor killing a §2Locust§e!
03:05:00 [GARDEN_VISITOR_MESSAGE] §e[NPC] §aRoyal Resident§f: §r§fMy neighbor told me to get off his property, but he doesn't even own this place!
03:05:01 [GARDEN_VISITOR_MESSAGE] §e[NPC] §aRoyal Resident§f: §rMaybe I have to talk to the King about him. He is going too far. I think the current King is §l§6Brammor§f.
03:05:02 [GARDEN_VISITOR_MESSAGE] §e[NPC] §aRhys§f: §r§fI found an unexplored cave while mining for titanium. But it's too dark to see in there, even for me! Can you spare any glowing pumpkins?
03:05:03 [GARDEN_VISITOR_MESSAGE] §e[NPC] §aRhys§f: §r§fWell then, I will even mine in total darkness if I must!
03:05:04 [GARDEN_VISITOR_MESSAGE] §e[NPC] §aJack§f: §r§fDid you know that you gain additional §6☘ Farming Fortune §fwhile on the §aThe Garden§f? You can check it in your SkyBlock Profile!
03:05:05 [NEW_VISITOR_ARRIVED] §9§r§9Queen Mismyla §r§ehas arrived on your §r§aGarden§r§e!
03:05:06 [GARDEN_VISITOR_MESSAGE] §e[NPC] §aJack§f: §r§fI'll come by later.
03:05:07 [GARDEN_VISITOR_MESSAGE] §e[NPC] §aGimley§f: §r§fbUuUrP!?!?
03:05:09 [GARDEN_VISITOR_MESSAGE] §e[NPC] §aGimley§f: §r§fBURP BURP!?!
03:05:09 [GARDEN_VISITOR_MESSAGE] §e[NPC] §9Queen Mismyla§f: §r§fThe King made me go grocery shopping. Me! Can you believe that? He has a pair of perfectly good legs, and still, here I am.
03:05:11 [GARDEN_VISITOR_MESSAGE] §e[NPC] §9Queen Mismyla§f: §r§fOh, you refuse to work as well? I should have known.
03:05:47 [STASH_COMPACT] §f               §7You have §350,624 §7materials stashed away!
03:05:47 [STASH_COMPACT] §f               §8(This totals 1 type of material stashed!)
03:05:47 [STASH_COMPACT] §f                §3§l>>> §3§lCLICK HERE§b to pick them up! §3§l<<<
03:05:47 [STASH_COMPACT]   
