22:44:32 §e[SkyHanni] Reloaded 7449 items in the NEU repo§r
22:46:16 §e[SkyHanni] §cSpaceman §eis visiting your garden!§r
22:46:16 §e[SkyHanni] §9Emissary Sisko §eis visiting your garden!§r
22:46:16 §e[SkyHanni] §9Tia the Fairy §eis visiting your garden!§r
22:46:16 §e[SkyHanni] §aEmissary Fraiser §eis visiting your garden!§r
22:46:16 §e[SkyHanni] §9Queen Mismyla §eis visiting your garden!§r
22:47:06 §e[SkyHanni] §b+1 SkyBlock XP §7(HOTM Progression§7)§b (24/100)§r
22:57:14 §e[SkyHanni] Start a new slayer quest! The old slayer quest has failed!§r
22:57:24 §e[SkyHanni] Start a new slayer quest! The old slayer quest has failed!§r
23:00:06 §e[SkyHanni] Start a new slayer quest! The old slayer quest has failed!§r
23:33:24 §e[SkyHanni] §eRemoved invalid Profile Upgrade information.§r
23:38:56 §e[SkyHanni] §b+18 SkyBlock XP §7(Museum Donations§7)§b (42/100)§r
23:39:21 §e[SkyHanni] §b+7 SkyBlock XP §7(Museum Donations§7)§b (49/100)§r
23:41:46 §e[SkyHanni] §b+9 SkyBlock XP §7(Museum Donations§7)§b (58/100)§r
23:42:50 §e[SkyHanni] §b+3 SkyBlock XP §7(Museum Donations§7)§b (61/100)§r
23:43:15 §e[SkyHanni] §b+2 SkyBlock XP §7(Museum Donations§7)§b (63/100)§r
23:43:37 §e[SkyHanni] §b+5 SkyBlock XP §7(Museum Donations§7)§b (68/100)§r
23:43:39 §e[SkyHanni] §b+8 SkyBlock XP §7(Museum Donations§7)§b (76/100)§r
23:44:40 §e[SkyHanni] §b+7 SkyBlock XP §7(Museum Donations§7)§b (83/100)§r
23:45:34 §e[SkyHanni] You have gained §b500 §eBits.§r
23:45:39 §e[SkyHanni] §b+6 SkyBlock XP §7(Museum Donations§7)§b (89/100)§r
23:46:24 §e[SkyHanni] §b+5 SkyBlock XP §7(Museum Donations§7)§b (94/100)§r
23:46:52 §e[SkyHanni] §b+6 SkyBlock XP §7(Museum Donations§7)§b (0/100)§r
23:47:39 §e[SkyHanni] §b+3 SkyBlock XP §7(Museum Donations§7)§b (3/100)§r
23:49:17 §e[SkyHanni] §b+6 SkyBlock XP §7(Museum Donations§7)§b (9/100)§r
23:49:18 §e[SkyHanni] §b+6 SkyBlock XP §7(Museum Donations§7)§b (15/100)§r
23:54:56 §e[SkyHanni] §b+10 SkyBlock XP §7(Museum Donations§7)§b (25/100)§r
23:58:33 §e[SkyHanni] §b+5 SkyBlock XP §7(Museum Donations§7)§b (30/100)§r
00:03:39 §e[SkyHanni] §b+3 SkyBlock XP §7(Museum Donations§7)§b (33/100)§r
00:05:39 §e[SkyHanni] §b+6 SkyBlock XP §7(Museum Donations§7)§b (39/100)§r
00:06:42 §e[SkyHanni] §b+5 SkyBlock XP §7(Museum Donations§7)§b (44/100)§r
00:10:23 §e[SkyHanni] Gained §d25 motes §ethis Rift session! (§d3.2k/h§e)§r
00:11:15 §e[SkyHanni] §b+9 SkyBlock XP §7(Museum Donations§7)§b (53/100)§r
00:12:48 §e[SkyHanni] Gained §d30,025 motes §ethis Rift session! (§d1.5M/h§e)§r
00:13:50 §e[SkyHanni] §b+8 SkyBlock XP §7(Museum Donations§7)§b (61/100)§r
00:15:11 §e[SkyHanni] §bYou have §350k §bmaterials in stash, §btotalling §31 type§b. §bClick to §3pickup §byour stash!§r
00:15:23 §e[SkyHanni] §lCLICK HERE§r§e to grab §ax90 §9§9Concentrated Stone§e from sacks!§r
00:33:22 §e[SkyHanni] §fYou were in Limbo for §e17m 21s§f.§r
00:33:33 §e[SkyHanni] You have gained §b500 §eBits.§r
01:00:45 §e[SkyHanni] You have gained §b60 §eBits.§r
01:03:54 §e[SkyHanni] You have gained §b500 §eBits.§r
01:27:03 §e[SkyHanni] §a+Tracker Drop§7: §r§72x §r§9Emperor's Skull §7(§65.6M coins§7)§r
01:34:11 §e[SkyHanni] You have gained §b500 §eBits.§r
02:04:30 §e[SkyHanni] You have gained §b500 §eBits.§r
02:15:08 §e[SkyHanni] You have gained §b60 §eBits.§r
02:28:23 §e[SkyHanni] §lCLICK HERE§r§e to grab §ax126 §9§aEnchanted Lily Pad§e from sacks!§r
02:32:10 §e[SkyHanni] You have gained §b30 §eBits.§r
02:33:07 §e[SkyHanni] You have gained §b30 §eBits.§r
02:34:54 §e[SkyHanni] §bNo Bits Available! §eClick to buy booster cookies on the bazaar.§r
02:34:54 §e[SkyHanni] You have gained §b85 §eBits.§r
02:37:06 §e[SkyHanni] §b+10 SkyBlock XP §7(Museum Donations§7)§b (71/100)§r
02:40:26 §e[SkyHanni] You have gained §b202 §eBits.§r
02:44:45 §e[SkyHanni] Low on arrows §e(0 left)§r
02:53:56 §e[SkyHanni] §b+7 SkyBlock XP §7(Museum Donations§7)§b (78/100)§r
03:04:17 §e[SkyHanni] Gained §d25,050 motes §ethis Rift session! (§d2.2M/h§e)§r
03:04:35 §e[SkyHanni] You have gained §b30 §eBits.§r
03:04:36 §e[SkyHanni] You have gained §b40 §eBits.§r
03:04:37 §e[SkyHanni] You have gained §b30 §eBits.§r
03:04:47 §e[SkyHanni] You have gained §b10 §eBits.§r
03:04:53 §e[SkyHanni] You have gained §b10 §eBits.§r
03:04:56 §e[SkyHanni] You have gained §b10 §eBits.§r
03:05:00 §e[SkyHanni] You have gained §b504 §eBits.§r
03:05:07 §e[SkyHanni] §9Queen Mismyla §eis visiting your garden!§r
03:05:47 §e[SkyHanni] §bYou have §350k §bmaterials in stash, §btotalling §31 type§b. §bClick to §3pickup §byour stash!§r
03:06:01 §e[SkyHanni] §lCLICK HERE§r§e to grab §ax90 §9§9Concentrated Stone§e from sacks!§r
