13:50:23 [allowed] §aYou are still radiating with §bGenerosity§r§a!
13:50:23 [allowed] §f §r§r§r§f §r§r§r§1 §r§r§r§0 §r§r§r§2 §r§r§r§f §r§r§r§f §r§r§r§2 §r§r§r§0 §r§r§r§4 §r§r§r§3 §r§r§r§9 §r§r§r§2 §r§r§r§0 §r§r§r§0 §r§r§r§3 §r§r§r§9 §r§r§r§2 §r§r§r§0 §r§r§r§0 §r§r§r§3 §r§r§r§9 §r§r§r§2 §r§r§r§0 §r§r§r§0 
13:50:23 [allowed] §b[MVP§0+§b] KobeAim§f §6joined the lobby!
13:50:23 [allowed] §b[MVP§a+§b] MRMastring§f §6joined the lobby!
13:50:23 [allowed] §b[MVP§c+§b] Tweekered§f §6joined the lobby!
13:50:23 [allowed] §b[MVP§2+§b] _Gobeline§f §6joined the lobby!
13:50:23 [allowed]   §r§f§l➤ §r§6You have reached your Hype limit! Add Hype to Prototype Lobby minigames by right-clicking with the Hype Diamond!
13:50:24 [allowed] §b[MVP§c+§b] Yojames124§f §6joined the lobby!
13:50:24 [allowed] §b[MVP§d+§b] TostBrot_Samu§f §6joined the lobby!
13:50:25 [allowed] §b[MVP§2+§b] thomasthepirate§f §6joined the lobby!
13:50:30 [allowed] §b[MVP§c+§b] barnywasaky16§f §6joined the lobby!
13:50:30 [allowed] §b[MVP§c+§b] Mottry§f §6joined the lobby!
13:50:31 [allowed] §b[MVP§c+§b] lukerman22§f §6joined the lobby!
13:50:32 [allowed] §b[MVP§c+§b] Bubull1§f §6joined the lobby!
13:50:33 [allowed] §b[MVP§f+§b] HighFPSMoment§f §6joined the lobby!
13:50:37 [allowed] §b[MVP§9+§b] chess_player_1§f §6joined the lobby!
13:50:39 [allowed] §7Sending to server mini195DQ...
13:50:40 [allowed] §8 §r§8 §r§1 §r§3 §r§3 §r§7 §r§8 
13:50:41 [allowed]  
13:50:41 [allowed] §f       §7You have §31 §7pending §3Bestiary Milestone §7to be claimed!
13:50:41 [allowed] §f                    §6§l>>> §6§lCLICK HERE§e to claim it! §6§l<<<
13:50:41 [allowed]   
13:50:42 [allowed] 
13:50:42 [allowed] §eWelcome to §r§aHypixel SkyBlock§r§e!
13:50:42 [allowed] 
13:50:42 [allowed] §eLatest update: §bSkyBlock v0.22.1 §e§lCLICK
13:50:43 [allowed] §aYou are playing on profile: §eCoconut§b (Co-op)
13:50:43 [allowed] §8Profile ID: 4ef1bd42-ec32-42d4-afba-b766eacde1e7
13:50:44 [allowed] §6§lALLOWANCE! §r§eYou earned §r§650,000 coins§r§e!
13:50:51 [allowed] §7Sending to server mini188BP...
13:50:52 [allowed] §8 §r§8 §r§1 §r§3 §r§3 §r§7 §r§8 
13:50:52 [allowed] §d§lINFUSED! §r§7Used one of your free Rift charges!
13:50:52 [allowed] §8If this was unintended, you can leave at no cost whatsoever.
13:50:52 [allowed]  
13:50:52 [allowed] §f       §7You have §31 §7pending §3Bestiary Milestone §7to be claimed!
13:50:52 [allowed] §f                    §6§l>>> §6§lCLICK HERE§e to claim it! §6§l<<<
13:50:52 [allowed]   
13:50:54 [allowed] §aYou are playing on profile: §eCoconut§b (Co-op)
13:50:54 [allowed] §8Profile ID: 4ef1bd42-ec32-42d4-afba-b766eacde1e7
13:50:56 [allowed] §6§lROUND 1§r§6§l: §r§eYou chose §r§a§lSPLIT §r§eand gained §r§53,000 Motes§r§e!
13:50:57 [allowed] §6§lROUND 2§r§6§l: §r§eYou chose §r§a§lSPLIT §r§eand gained §r§53,000 Motes§r§e!
13:50:58 [allowed] §6§lROUND 3§r§6§l: §r§eYou chose §r§a§lSPLIT §r§eand gained §r§53,000 Motes§r§e!
13:50:59 [allowed] §6§lROUND 4§r§6§l: §r§eYou chose §r§a§lSPLIT §r§eand gained §r§53,000 Motes§r§e!
13:51:02 [allowed] §6§lROUND 5 §r§6(§r§6§lFINAL§r§6)§r§6§l: §r§eYou chose §r§a§lSPLIT §r§eand gained §r§53,000 Motes§r§e!
13:51:02 [allowed] §eYou earned §r§515,000 Motes §r§ein this match!
13:51:02 [allowed] §eYour opponent earned §r§515,000 Motes §r§ein this match!
13:51:09 [allowed] §7Finding player...
13:51:10 [allowed] §7Sending a visit request...
13:51:10 [allowed] §7Sending to server mini4CD...
13:51:12 [allowed] §8 §r§8 §r§1 §r§3 §r§3 §r§7 §r§8 
13:51:12 [allowed] §f§m-----------------------------------------------------
§r§cYou should NEVER enter your Microsoft account details anywhere but on official Microsoft services!

§r§cExternal links from untrusted sources should be avoided.
§r§f§m-----------------------------------------------------
13:51:12 [allowed]  
13:51:12 [allowed] §f       §7You have §31 §7pending §3Bestiary Milestone §7to be claimed!
13:51:12 [allowed] §f                    §6§l>>> §6§lCLICK HERE§e to claim it! §6§l<<<
13:51:12 [allowed]   
13:51:14 [allowed] §aYou are playing on profile: §eCoconut§b (Co-op)
13:51:14 [allowed] §8Profile ID: 4ef1bd42-ec32-42d4-afba-b766eacde1e7
13:51:14 [allowed] §7Sending to server mini62BF...
13:51:16 [allowed] §8 §r§8 §r§1 §r§3 §r§3 §r§7 §r§8 
13:51:16 [allowed]  
13:51:16 [allowed] §f       §7You have §31 §7pending §3Bestiary Milestone §7to be claimed!
13:51:16 [allowed] §f                    §6§l>>> §6§lCLICK HERE§e to claim it! §6§l<<<
13:51:16 [allowed]   
13:51:18 [allowed] §aYou are playing on profile: §eCoconut§b (Co-op)
13:51:18 [allowed] §8Profile ID: 4ef1bd42-ec32-42d4-afba-b766eacde1e7
13:51:19 [allowed] §cThere are blocks in the way!
13:51:20 [allowed] §cThere are blocks in the way!
13:51:21 [allowed] §cThere are blocks in the way!
13:51:24 [allowed] §e[NPC] Fetchur§f: §rhi i need your help maybe
13:51:25 [allowed] §e[NPC] Fetchur§f: §rim looking for some stuff, dont remember the name tbh
13:51:27 [allowed] §e[NPC] Fetchur§f: §rits explosive but more than usual
13:51:28 [allowed] §6[Bazaar] §r§7Claiming order...
13:51:28 [allowed] §6[Bazaar] §r§7§r§7Claimed §r§692,271,190 coins §r§7from selling §r§a1§r§7x §r§5Fifth Master Star §r§7at §r§693,321,052 §r§7each!
13:51:28 [allowed] §e[NPC] Fetchur§f: §ri need 1 pls
13:51:29 [allowed] §6[Bazaar] §r§7Claiming order...
13:51:29 [allowed] §6[Bazaar] §r§7§r§7Claimed §r§61,099,842 coins §r§7from selling §r§a1§r§7x §r§d§lSoul Eater I §r§7at §r§61,112,356 §r§7each!
13:51:30 [allowed] §e[NPC] Fetchur§f: §rthanks thats probably what i needed
13:51:30 [allowed] §aYou received these rewards:
13:51:30 [allowed]   §r§8+§r§620,000 Coins
13:51:30 [allowed]   §r§8+§r§21,000 Mithril Powder
13:51:30 [allowed]   §r§8+§r§b20 Bits
13:51:31 [allowed]  §d⚑ §eThe §dBetter Together §eevent starts in §a20 §eseconds!
 §eThis is a passive event! §bIt's happening everywhere in the §bDwarven Mines!
13:51:32 [allowed] §e[NPC] Fetchur§f: §rtake some gifts!
13:51:34 [allowed] §cThere are blocks in the way!
13:51:40 [allowed] §cThere are blocks in the way!
13:51:40 [allowed] §cThere are blocks in the way!
13:51:41 [allowed] §cThere are blocks in the way!
13:51:41 [allowed] §cThere are blocks in the way!
13:51:41 [allowed] §cThere are blocks in the way!
13:51:46 [allowed] §e[NPC] §dPuzzler§f: §r§d▲§b◀§d▲§d▲§a▼§5▶§b◀§d▲§d▲§5▶
13:51:48 [allowed] §e[NPC] §dPuzzler§f: §r§a✌✓
13:51:48 [allowed] §e[NPC] §dPuzzler§f: §r▶▶Nice!  ▲Here, ◀have ▼some◀ ▶Mithril Powder!▲
13:51:48 [allowed] §dPuzzler§r§6 gave you §r§21,000 Mithril Powder §r§6for solving the puzzle!
13:51:51 [allowed] §a§l▬▬▬▬▬▬▬▬▬▬▬▬▬▬▬▬▬▬▬▬▬▬▬▬▬▬▬▬▬▬▬▬▬▬▬▬▬▬▬▬▬▬▬▬▬▬▬▬▬▬▬▬▬▬▬▬▬▬▬▬▬▬▬▬
13:51:51 [allowed] §f                    §r§d§lBETTER TOGETHER STARTED!
13:51:51 [allowed] §f                           §r§7Passive Active Event
13:51:51 [allowed] §f                                        
13:51:51 [allowed] §f     The Better Together festival is underway! Dwarves love
13:51:51 [allowed] §f§r§f   working together, and this event celebrates friendship and
13:51:51 [allowed] §f§r§f                             jolly cooperation.
13:51:51 [allowed] §a§l▬▬▬▬▬▬▬▬▬▬▬▬▬▬▬▬▬▬▬▬▬▬▬▬▬▬▬▬▬▬▬▬▬▬▬▬▬▬▬▬▬▬▬▬▬▬▬▬▬▬▬▬▬▬▬▬▬▬▬▬▬▬▬▬
13:51:51 [allowed] §7§oYou can hear cooperative chattering coming from town…
13:51:51 [allowed] §7§oThe Better Together festival is active for 20 minutes!
13:51:56 [allowed] §7Warping...
13:51:56 [allowed] §7Sending to server mini227N...
13:51:57 [allowed] §8 §r§8 §r§1 §r§3 §r§3 §r§7 §r§8 
13:51:57 [allowed]  
13:51:57 [allowed] §f       §7You have §31 §7pending §3Bestiary Milestone §7to be claimed!
13:51:57 [allowed] §f                    §6§l>>> §6§lCLICK HERE§e to claim it! §6§l<<<
13:51:57 [allowed]   
13:51:59 [allowed] §cThere are blocks in the way!
13:52:00 [allowed] §aYou are playing on profile: §eCoconut§b (Co-op)
13:52:00 [allowed] §8Profile ID: 4ef1bd42-ec32-42d4-afba-b766eacde1e7
13:52:02 [allowed] §7Warping...
13:52:02 [allowed] §7Sending to server mini10BV...
13:52:03 [allowed] §8 §r§8 §r§1 §r§3 §r§3 §r§7 §r§8 
13:52:04 [allowed]  
13:52:04 [allowed] §f       §7You have §31 §7pending §3Bestiary Milestone §7to be claimed!
13:52:04 [allowed] §f                    §6§l>>> §6§lCLICK HERE§e to claim it! §6§l<<<
13:52:04 [allowed]   
13:52:05 [allowed] §aYou are playing on profile: §eCoconut§b (Co-op)
13:52:05 [allowed] §8Profile ID: 4ef1bd42-ec32-42d4-afba-b766eacde1e7
13:52:20 [allowed] §cThere are blocks in the way!
13:52:20 [allowed] §cThere are blocks in the way!
13:52:20 [allowed] §cThere are blocks in the way!
13:52:38 [allowed] §6[Sacks] §r§a+10§r§e items§r§e.§r§8 (Last 10s.)
13:52:41 [allowed] §a§l+5 Kill Combo §r§b+3% §r§b✯ Magic Find
13:52:45 [allowed] §6§lRARE DROP! §r§fCarrot §r§b(+§r§b156% §r§b✯ Magic Find§r§b)
13:52:54 [allowed] §6[Sacks] §r§a+10§r§e items§r§e.§r§8 (Last 13s.)
13:52:58 [allowed] §a§l+10 Kill Combo §r§8+§r§610 §r§7coins per kill
13:53:06 [allowed] §cYour Kill Combo has expired! You reached a 11 Kill Combo!
13:53:06 [allowed] §6[Sacks] §r§a+8§r§e items§r§e.§r§8 (Last 10s.)
13:53:27 [allowed] §cThere are blocks in the way!
13:53:30 [allowed] §7Warping...
13:53:30 [allowed] §7Sending to server mini184AE...
13:53:32 [allowed] §8 §r§8 §r§1 §r§3 §r§3 §r§7 §r§8 
13:53:32 [allowed]  
13:53:32 [allowed] §f       §7You have §31 §7pending §3Bestiary Milestone §7to be claimed!
13:53:32 [allowed] §f                    §6§l>>> §6§lCLICK HERE§e to claim it! §6§l<<<
13:53:32 [allowed]   
13:53:34 [allowed] §aYou are playing on profile: §eCoconut§b (Co-op)
13:53:34 [allowed] §8Profile ID: 4ef1bd42-ec32-42d4-afba-b766eacde1e7
13:53:34 [allowed] §cThere are blocks in the way!
13:53:34 [allowed] §cThere are blocks in the way!
13:53:34 [allowed] §cThere are blocks in the way!
13:53:34 [allowed] §cThere are blocks in the way!
13:53:41 [allowed] §cThere are blocks in the way!
13:53:41 [allowed] §cThere are blocks in the way!
13:53:42 [allowed] §cThere are blocks in the way!
13:53:47 [allowed] §cThere are blocks in the way!
13:53:47 [allowed] §cThere are blocks in the way!
13:53:47 [allowed] §cThere are blocks in the way!
13:53:48 [allowed] §cThere are blocks in the way!
13:53:48 [allowed] §cThere are blocks in the way!
13:53:50 [allowed] §cThere are blocks in the way!
13:54:13 [allowed] §cAbilities are disabled in this area!
13:54:13 [allowed] §cAbilities are disabled in this area!
13:54:14 [allowed] §cAbilities are disabled in this area!
13:54:14 [allowed] §cAbilities are disabled in this area!
13:54:19 [allowed] §cFind a way to reach the top of the stomach!
13:54:21 [allowed] §cAbilities are disabled in this area!
13:54:21 [allowed] §cAbilities are disabled in this area!
13:54:21 [allowed] §cAbilities are disabled in this area!
13:54:21 [allowed] §cAbilities are disabled in this area!
13:54:22 [allowed] §cAbilities are disabled in this area!
13:54:22 [allowed] §cAbilities are disabled in this area!
13:54:22 [allowed] §cAbilities are disabled in this area!
13:54:22 [allowed] §cAbilities are disabled in this area!
13:54:23 [allowed] §cAbilities are disabled in this area!
13:54:23 [allowed] §cAbilities are disabled in this area!
13:54:23 [allowed] §cAbilities are disabled in this area!
13:54:23 [allowed] §cAbilities are disabled in this area!
13:54:23 [allowed] §cYou can't use abilities while on a launch pad!
13:54:24 [allowed] §cAbilities are disabled in this area!
13:54:24 [allowed] §cYou can't use abilities while on a launch pad!
13:54:24 [allowed] §cAbilities are disabled in this area!
13:54:24 [allowed] §cYou can't use abilities while on a launch pad!
13:54:30 [allowed] §cAbilities are disabled in this area!
13:54:32 [allowed] §6[Sacks] §r§a+3§r§e items§r§e.§r§8 (Last 5s.)
13:54:34 [allowed] §cThere are blocks in the way!
13:54:36 [allowed] §7Warping...
13:54:36 [allowed] §7Sending to server mini36DR...
13:54:37 [allowed] §8 §r§8 §r§1 §r§3 §r§3 §r§7 §r§8 
13:54:37 [allowed]  
13:54:37 [allowed] §f       §7You have §31 §7pending §3Bestiary Milestone §7to be claimed!
13:54:37 [allowed] §f                    §6§l>>> §6§lCLICK HERE§e to claim it! §6§l<<<
13:54:37 [allowed]   
13:54:40 [allowed] §aYou are playing on profile: §eCoconut§b (Co-op)
13:54:40 [allowed] §8Profile ID: 4ef1bd42-ec32-42d4-afba-b766eacde1e7
13:54:40 [allowed] §7Warping...
13:54:45 [allowed] §7Placing your bid...
13:54:45 [allowed] §aSuccessfully placed your Stonk bid of §r§63,100,000 Coins§r§a!
13:54:49 [allowed] §aYou claimed §r§82x §r§5Stock of Stonks §r§afrom the §r§dStonks Auction§r§a!
13:55:02 [allowed] §aYou bought §r§5Golden Fragment§r§a!
13:55:17 [allowed] §6[Bazaar] §r§7Putting goods in escrow...
13:55:17 [allowed] §6[Bazaar] §r§7Submitting sell offer...
13:55:17 [allowed] §6[Bazaar] §r§7§r§eSell Offer Setup! §r§a2§r§7x §r§6Free Will §r§7for §r§617,270,249 coins§r§7.
13:55:33 [allowed] §aYou bought §r§fDandelion§r§8 x64 §r§afor §r§63,200 Coins§r§a!
13:55:34 [allowed] §aYou bought §r§fDandelion§r§8 x64 §r§afor §r§63,200 Coins§r§a!
13:55:34 [allowed] §aYou bought §r§fDandelion§r§8 x64 §r§afor §r§63,200 Coins§r§a!
13:55:35 [allowed] §aYou bought §r§fDandelion§r§8 x64 §r§afor §r§63,200 Coins§r§a!
13:55:35 [allowed] §aYou bought §r§fDandelion§r§8 x64 §r§afor §r§63,200 Coins§r§a!
13:55:35 [allowed] §aYou bought §r§fDandelion§r§8 x64 §r§afor §r§63,200 Coins§r§a!
13:55:35 [allowed] §aYou bought §r§fDandelion§r§8 x64 §r§afor §r§63,200 Coins§r§a!
13:55:35 [allowed] §aYou bought §r§fDandelion§r§8 x64 §r§afor §r§63,200 Coins§r§a!
13:55:36 [allowed] §aYou bought §r§fDandelion§r§8 x64 §r§afor §r§63,200 Coins§r§a!
13:55:36 [allowed] §aYou bought §r§fDandelion§r§8 x64 §r§afor §r§63,200 Coins§r§a!
13:55:36 [allowed] §aYou bought §r§fDandelion§r§8 x64 §r§afor §r§63,200 Coins§r§a!
13:55:37 [allowed] §aYou bought §r§fDandelion§r§8 x64 §r§afor §r§63,200 Coins§r§a!
13:55:37 [allowed] §aYou bought §r§fDandelion§r§8 x64 §r§afor §r§63,200 Coins§r§a!
13:55:37 [allowed] §aYou bought §r§fDandelion§r§8 x64 §r§afor §r§63,200 Coins§r§a!
13:55:38 [allowed] §aYou bought §r§fDandelion§r§8 x64 §r§afor §r§63,200 Coins§r§a!
13:55:38 [allowed] §aYou bought §r§fDandelion§r§8 x64 §r§afor §r§63,200 Coins§r§a!
13:55:38 [allowed] §aYou bought §r§fDandelion§r§8 x64 §r§afor §r§63,200 Coins§r§a!
13:55:38 [allowed] §aYou bought §r§fDandelion§r§8 x64 §r§afor §r§63,200 Coins§r§a!
13:55:38 [allowed] §aYou bought §r§fDandelion§r§8 x64 §r§afor §r§63,200 Coins§r§a!
13:55:39 [allowed] §aYou bought §r§fDandelion§r§8 x64 §r§afor §r§63,200 Coins§r§a!
13:55:39 [allowed] §aYou bought §r§fDandelion§r§8 x64 §r§afor §r§63,200 Coins§r§a!
13:55:39 [allowed] §aYou bought §r§fDandelion§r§8 x64 §r§afor §r§63,200 Coins§r§a!
13:55:39 [allowed] §aYou bought §r§fDandelion§r§8 x64 §r§afor §r§63,200 Coins§r§a!
13:55:40 [allowed] §aYou bought §r§fDandelion§r§8 x64 §r§afor §r§63,200 Coins§r§a!
13:55:40 [allowed] §aYou bought §r§fDandelion§r§8 x64 §r§afor §r§63,200 Coins§r§a!
13:55:40 [allowed] §aYou bought §r§fDandelion§r§8 x64 §r§afor §r§63,200 Coins§r§a!
13:55:40 [allowed] §aYou bought §r§fDandelion§r§8 x64 §r§afor §r§63,200 Coins§r§a!
13:55:40 [allowed] §aYou bought §r§fDandelion§r§8 x64 §r§afor §r§63,200 Coins§r§a!
13:55:41 [allowed] §aYou bought §r§fDandelion§r§8 x64 §r§afor §r§63,200 Coins§r§a!
13:55:41 [allowed] §aYou bought §r§fDandelion§r§8 x64 §r§afor §r§63,200 Coins§r§a!
13:55:41 [allowed] §aYou bought §r§fDandelion§r§8 x64 §r§afor §r§63,200 Coins§r§a!
13:55:41 [allowed] §aYou bought §r§fDandelion§r§8 x64 §r§afor §r§63,200 Coins§r§a!
13:55:42 [allowed] §aYou bought §r§fDandelion§r§8 x64 §r§afor §r§63,200 Coins§r§a!
13:55:42 [allowed] §aYou bought §r§fDandelion§r§8 x64 §r§afor §r§63,200 Coins§r§a!
13:55:42 [allowed] §aYou bought §r§fDandelion§r§8 x64 §r§afor §r§63,200 Coins§r§a!
13:55:42 [allowed] §aYou bought §r§fDandelion§r§8 x64 §r§afor §r§63,200 Coins§r§a!
13:55:43 [allowed] §aYou bought §r§fDandelion§r§8 x64 §r§afor §r§63,200 Coins§r§a!
13:55:43 [allowed] §aYou bought §r§fDandelion§r§8 x64 §r§afor §r§63,200 Coins§r§a!
13:55:43 [allowed] §aYou bought §r§fDandelion§r§8 x64 §r§afor §r§63,200 Coins§r§a!
13:55:43 [allowed] §aYou bought §r§fDandelion§r§8 x64 §r§afor §r§63,200 Coins§r§a!
13:55:44 [allowed] §aYou bought §r§fDandelion§r§8 x64 §r§afor §r§63,200 Coins§r§a!
13:55:44 [allowed] §aYou bought §r§fDandelion§r§8 x64 §r§afor §r§63,200 Coins§r§a!
13:55:44 [allowed] §aYou bought §r§fDandelion§r§8 x64 §r§afor §r§63,200 Coins§r§a!
13:55:44 [allowed] §aYou bought §r§fDandelion§r§8 x64 §r§afor §r§63,200 Coins§r§a!
13:55:45 [allowed] §aYou bought §r§fDandelion§r§8 x64 §r§afor §r§63,200 Coins§r§a!
13:55:45 [allowed] §aYou bought §r§fDandelion§r§8 x64 §r§afor §r§63,200 Coins§r§a!
13:55:45 [allowed] §aYou bought §r§fDandelion§r§8 x64 §r§afor §r§63,200 Coins§r§a!
13:55:45 [allowed] §aYou bought §r§fDandelion§r§8 x64 §r§afor §r§63,200 Coins§r§a!
13:55:46 [allowed] §aYou bought §r§fDandelion§r§8 x64 §r§afor §r§63,200 Coins§r§a!
13:55:46 [allowed] §aYou bought §r§fDandelion§r§8 x64 §r§afor §r§63,200 Coins§r§a!
13:55:46 [allowed] §aYou bought §r§fDandelion§r§8 x64 §r§afor §r§63,200 Coins§r§a!
13:55:46 [allowed] §aYou bought §r§fDandelion§r§8 x64 §r§afor §r§63,200 Coins§r§a!
13:55:47 [allowed] §aYou bought §r§fDandelion§r§8 x64 §r§afor §r§63,200 Coins§r§a!
13:55:47 [allowed] §aYou bought §r§fDandelion§r§8 x64 §r§afor §r§63,200 Coins§r§a!
13:55:47 [allowed] §aYou bought §r§fDandelion§r§8 x64 §r§afor §r§63,200 Coins§r§a!
13:55:47 [allowed] §aYou bought §r§fDandelion§r§8 x64 §r§afor §r§63,200 Coins§r§a!
13:55:48 [allowed] §aYou bought §r§fDandelion§r§8 x64 §r§afor §r§63,200 Coins§r§a!
13:55:48 [allowed] §aYou bought §r§fDandelion§r§8 x64 §r§afor §r§63,200 Coins§r§a!
13:55:48 [allowed] §aYou bought §r§fDandelion§r§8 x64 §r§afor §r§63,200 Coins§r§a!
13:55:48 [allowed] §aYou bought §r§fDandelion§r§8 x64 §r§afor §r§63,200 Coins§r§a!
13:55:49 [allowed] §aYou bought §r§fDandelion§r§8 x64 §r§afor §r§63,200 Coins§r§a!
13:55:49 [allowed] §aYou bought §r§fDandelion§r§8 x64 §r§afor §r§63,200 Coins§r§a!
13:55:49 [allowed] §aYou bought §r§fDandelion§r§8 x64 §r§afor §r§63,200 Coins§r§a!
13:55:49 [allowed] §aYou bought §r§fDandelion§r§8 x64 §r§afor §r§63,200 Coins§r§a!
13:55:50 [allowed] §aYou bought §r§fDandelion§r§8 x64 §r§afor §r§63,200 Coins§r§a!
13:55:50 [allowed] §aYou bought §r§fDandelion§r§8 x64 §r§afor §r§63,200 Coins§r§a!
13:55:50 [allowed] §aYou bought §r§fDandelion§r§8 x64 §r§afor §r§63,200 Coins§r§a!
13:55:50 [allowed] §aYou bought §r§fDandelion§r§8 x64 §r§afor §r§63,200 Coins§r§a!
13:55:50 [allowed] §aYou bought §r§fDandelion§r§8 x64 §r§afor §r§63,200 Coins§r§a!
13:55:51 [allowed] §aYou bought §r§fDandelion§r§8 x64 §r§afor §r§63,200 Coins§r§a!
13:55:51 [allowed] §aYou bought §r§fDandelion§r§8 x64 §r§afor §r§63,200 Coins§r§a!
13:55:51 [allowed] §aYou bought §r§fDandelion§r§8 x64 §r§afor §r§63,200 Coins§r§a!
13:55:52 [allowed] §aYou bought §r§fDandelion§r§8 x64 §r§afor §r§63,200 Coins§r§a!
13:55:53 [allowed] §aYou bought §r§fDandelion§r§8 x64 §r§afor §r§63,200 Coins§r§a!
13:55:53 [allowed] §aYou bought §r§fDandelion§r§8 x64 §r§afor §r§63,200 Coins§r§a!
13:55:53 [allowed] §aYou bought §r§fDandelion§r§8 x64 §r§afor §r§63,200 Coins§r§a!
13:55:53 [allowed] §aYou bought §r§fDandelion§r§8 x64 §r§afor §r§63,200 Coins§r§a!
13:55:54 [allowed] §aYou bought §r§fDandelion§r§8 x64 §r§afor §r§63,200 Coins§r§a!
13:55:54 [allowed] §aYou bought §r§fDandelion§r§8 x64 §r§afor §r§63,200 Coins§r§a!
13:55:54 [allowed] §aYou bought §r§fDandelion§r§8 x64 §r§afor §r§63,200 Coins§r§a!
13:55:54 [allowed] §aYou bought §r§fDandelion§r§8 x64 §r§afor §r§63,200 Coins§r§a!
13:55:55 [allowed] §aYou bought §r§fDandelion§r§8 x64 §r§afor §r§63,200 Coins§r§a!
13:55:55 [allowed] §aYou bought §r§fDandelion§r§8 x64 §r§afor §r§63,200 Coins§r§a!
13:55:55 [allowed] §aYou bought §r§fDandelion§r§8 x64 §r§afor §r§63,200 Coins§r§a!
13:55:55 [allowed] §aYou bought §r§fDandelion§r§8 x64 §r§afor §r§63,200 Coins§r§a!
13:55:56 [allowed] §aYou bought §r§fDandelion§r§8 x64 §r§afor §r§63,200 Coins§r§a!
13:55:56 [allowed] §aYou bought §r§fDandelion§r§8 x64 §r§afor §r§63,200 Coins§r§a!
13:55:56 [allowed] §aYou bought §r§fDandelion§r§8 x64 §r§afor §r§63,200 Coins§r§a!
13:55:57 [allowed] §aYou bought §r§fDandelion§r§8 x64 §r§afor §r§63,200 Coins§r§a!
13:55:57 [allowed] §aYou bought §r§fDandelion§r§8 x64 §r§afor §r§63,200 Coins§r§a!
13:55:57 [allowed] §aYou bought §r§fDandelion§r§8 x64 §r§afor §r§63,200 Coins§r§a!
13:55:57 [allowed] §aYou bought §r§fDandelion§r§8 x64 §r§afor §r§63,200 Coins§r§a!
13:56:02 [allowed] §aYou bought §r§fDandelion§r§8 x64 §r§afor §r§63,200 Coins§r§a!
13:56:02 [allowed] §aYou bought §r§fDandelion§r§8 x64 §r§afor §r§63,200 Coins§r§a!
13:56:03 [allowed] §aYou bought §r§fDandelion§r§8 x64 §r§afor §r§63,200 Coins§r§a!
13:56:03 [allowed] §aYou bought §r§fDandelion§r§8 x64 §r§afor §r§63,200 Coins§r§a!
13:56:03 [allowed] §aYou bought §r§fDandelion§r§8 x64 §r§afor §r§63,200 Coins§r§a!
13:56:03 [allowed] §aYou bought §r§fDandelion§r§8 x64 §r§afor §r§63,200 Coins§r§a!
13:56:04 [allowed] §aYou bought §r§fDandelion§r§8 x64 §r§afor §r§63,200 Coins§r§a!
13:56:04 [allowed] §aYou bought §r§fDandelion§r§8 x64 §r§afor §r§63,200 Coins§r§a!
13:56:04 [allowed] §cYou may only buy up to 6,400 of this item each day!
13:56:04 [allowed] §cYou may only buy up to 6,400 of this item each day!
13:56:04 [allowed] §cPlease wait a bit before doing this!
13:56:04 [allowed] §cYou may only buy up to 6,400 of this item each day!
13:56:04 [allowed] §cYou may only buy up to 6,400 of this item each day!
13:56:05 [allowed] §cYou may only buy up to 6,400 of this item each day!
13:56:09 [allowed] §6[Bazaar] §r§7Putting goods in escrow...
13:56:09 [allowed] §6[Bazaar] §r§7Submitting sell offer...
13:56:09 [allowed] §6[Bazaar] §r§7§r§eSell Offer Setup! §r§a40§r§7x §r§aEnchanted Dandelion §r§7for §r§6645,764 coins§r§7.
13:56:21 [allowed] §b-----------------------------------------------------
13:56:21 [allowed] §b[MVP§r§0+§r§b] KobeAim§r§f §r§ecollected an auction for §r§625,739,999 coins§r§e!
13:56:21 [allowed] §b-----------------------------------------------------
13:56:21 [allowed] §eYou collected §r§625,739,999 coins §r§efrom selling §r§f§r§9Shaded Bits Talisman §r§eto §r§b[MVP§r§c+§r§b] SALTYAF26 §r§ein an auction!
13:56:21 [allowed] §eYou collected §r§63,365,999 coins §r§efrom selling §r§f§r§6Bat Person Helmet §r§eto §r§b[MVP§r§9+§r§b] antirift §r§ein an auction!
13:56:21 [allowed] §b-----------------------------------------------------
13:56:21 [allowed] §b[MVP§r§0+§r§b] KobeAim§r§f §r§ecollected an auction for §r§63,365,999 coins§r§e!
13:56:21 [allowed] §b-----------------------------------------------------
13:56:28 [allowed] §6[Bazaar] §r§7Cancelling order...
13:56:28 [allowed] §6[Bazaar] §r§7§r§cCancelled! §r§7Refunded §r§6120,000,006 coins §r§7from cancelling Buy Order!
13:56:39 [allowed] §6[Bazaar] §r§7Putting goods in escrow...
13:56:39 [allowed] §6[Bazaar] §r§7Submitting buy order...
13:56:39 [allowed] §6[Bazaar] §r§7§r§eBuy Order Setup! §r§a1§r§7x §r§5Power VII §r§7for §r§6120,581,362 coins§r§7.
13:56:54 [allowed] §cAutopet §eequipped your §7[Lvl 89] §6Hedgehog§e! §a§lVIEW RULE
13:56:57 [allowed] §7Warping...
13:56:58 [allowed] §7Sending to server mini204V...
13:57:00 [allowed] §8 §r§8 §r§1 §r§3 §r§3 §r§7 §r§8 
13:57:00 [allowed] §2§lGOTCHA! §7Your traps caught a §2Pest §7in §aPlot §r§b18§r§r§7!
13:57:01 [allowed]  
13:57:01 [allowed] §f       §7You have §31 §7pending §3Bestiary Milestone §7to be claimed!
13:57:01 [allowed] §f                    §6§l>>> §6§lCLICK HERE§e to claim it! §6§l<<<
13:57:01 [allowed]   
13:57:01 [allowed] §6§lGROSS! §7While you were offline, §2Pests §7spawned in §aPlots §r§b12§r§7, §r§b17§r§7, §r§b7§r§7, §r§b19§r§7, §r§b5§r§7, §r§b8§r§7 and §r§b3§r§r§7!
13:57:01 [allowed] §7Your §r§6☘ Farming Fortune §r§7has been reduced by §r§475%§r§7!
13:57:01 [allowed] §7Click on a plot's name in chat to teleport to it!
13:57:03 [allowed] §aYou are playing on profile: §eCoconut§b (Co-op)
13:57:03 [allowed] §8Profile ID: 4ef1bd42-ec32-42d4-afba-b766eacde1e7
13:57:12 [PEST_DROP] §eYou received §a67x Enchanted Potato §efor killing a §2Locust§e!
13:57:17 [allowed] §6[Sacks] §r§a+67§r§e items§r§e.§r§8 (Last 5s.)
13:57:22 [PEST_DROP] §eYou received §a49x Enchanted Cactus Green §efor killing a §2Mite§e!
13:57:29 [allowed] §6[Sacks] §r§a+49§r§e items§r§e.§r§8 (Last 5s.)
13:57:31 [PEST_DROP] §eYou received §a98x Enchanted Potato §efor killing a §2Locust§e!
13:57:36 [allowed] §6[Sacks] §r§a+98§r§e items§r§e.§r§8 (Last 5s.)
13:57:43 [PEST_DROP] §eYou received §a107x Enchanted Potato §efor killing a §2Locust§e!
13:57:48 [allowed] §6[Sacks] §r§a+107§r§e items§r§e.§r§8 (Last 5s.)
13:57:52 [allowed] §aYour Garden is no longer infested and your §r§6☘ Farming Fortune §r§ahas returned to normal!
13:57:52 [PEST_DROP] §eYou received §a112x Enchanted Potato §efor killing a §2Locust§e!
13:57:57 [PEST_DROP] §eYou received §a112x Enchanted Potato §efor killing a §2Locust§e!
13:58:03 [allowed] §6[Sacks] §r§a+224§r§e items§r§e.§r§8 (Last 10s.)
13:58:05 [PEST_DROP] §eYou received §a64x Enchanted Cactus Green §efor killing a §2Mite§e!
13:58:11 [allowed] §6[Sacks] §r§a+64§r§e items§r§e.§r§8 (Last 5s.)
13:58:14 [PEST_DROP] §eYou received §a32x Enchanted Pumpkin §efor killing a §2Rat§e!
13:58:16 [allowed] §7Warping...
13:58:20 [allowed] §6[Sacks] §r§a+33§r§e items§r§e.§r§8 (Last 5s.)
13:58:20 [allowed] §aYou released all Pests from Trap §r§2#1§r§7!
13:58:21 [PEST_DROP] §eYou received §a94x Enchanted Cocoa Beans §efor killing a §2Moth§e!
13:58:21 [allowed] §3§l▬▬▬▬▬▬▬▬▬▬▬▬▬▬▬▬▬▬▬▬▬▬▬▬▬▬▬▬▬▬▬▬▬▬▬▬▬▬▬▬▬▬▬▬▬▬▬▬▬▬▬▬▬▬▬▬▬▬▬▬▬▬▬▬
13:58:21 [allowed]   §r§b§lGARDEN MILESTONE §3Cocoa Beans §8XX➜§3XXI
13:58:21 [allowed]   §r§6Milestone XXII in §r§a1.5M Cocoa Beans
13:58:21 [allowed] 
13:58:21 [allowed]   §r§a§lREWARDS
13:58:21 [allowed]     §r§8+§r§2210 §r§7Garden Experience
13:58:21 [allowed]     §r§8+§r§350,000 §r§7Farming Experience
13:58:21 [allowed]     §r§8+§r§b1 SkyBlock XP
13:58:21 [allowed] §3§l▬▬▬▬▬▬▬▬▬▬▬▬▬▬▬▬▬▬▬▬▬▬▬▬▬▬▬▬▬▬▬▬▬▬▬▬▬▬▬▬▬▬▬▬▬▬▬▬▬▬▬▬▬▬▬▬▬▬▬▬▬▬▬▬
13:58:21 [allowed] §6§lRARE DROP! §aWings of Harmony Vinyl §6(§6+1,083☘)
13:58:21 [PEST_DROP] §eYou received §a112x Enchanted Potato §efor killing a §2Locust§e!
13:58:21 [PEST_DROP] §eYou received §a112x Enchanted Potato §efor killing a §2Locust§e!
13:58:21 [allowed] §aYou released all Pests from Trap §r§2#2§r§7!
13:58:22 [PEST_DROP] §eYou received §a32x Enchanted Red Mushroom §efor killing a §2Slug§e!
13:58:22 [allowed] §6§lRARE DROP! §aSlow and Groovy Vinyl §6(§6+1,085☘)
13:58:22 [PEST_DROP] §eYou received §a32x Enchanted Pumpkin §efor killing a §2Rat§e!
13:58:22 [PEST_DROP] §eYou received §a32x Enchanted Pumpkin §efor killing a §2Rat§e!
13:58:22 [allowed] §aYou released all Pests from Trap §r§2#3§r§7!
13:58:23 [PEST_DROP] §eYou received §a32x Enchanted Wheat §efor killing a §2Fly§e!
13:58:23 [PEST_DROP] §eYou received §a112x Enchanted Potato §efor killing a §2Locust§e!
13:58:23 [PEST_DROP] §eYou received §a112x Enchanted Potato §efor killing a §2Locust§e!
13:58:29 [allowed] §6[Sacks] §r§a+670§r§e items§r§e.§r§8 (Last 7s.)
13:58:30 [allowed] §aYou sold §r§aSlow and Groovy Vinyl§r§8 x1 §r§afor §r§650,000 Coins§r§a!
13:58:30 [allowed] §aYou sold §r§aWings of Harmony Vinyl§r§8 x1 §r§afor §r§650,000 Coins§r§a!
13:58:41 [allowed] §6[Sacks] §r§c-2§r§e items§r§e.§r§8 (Last 5s.)
13:58:42 [allowed] §aTeleported you to §r§aThe Barn§r§a!
13:58:44 [GARDEN_VISITOR_MESSAGE] §e[NPC] §9Bartender§f: §r§fI want to make some new brews, do you think you can give me some ingredients to work with?
13:58:47 [GARDEN_VISITOR_MESSAGE] §e[NPC] §9Bartender§f: §r§fHard times we are in. Take care!
13:58:48 [GARDEN_VISITOR_MESSAGE] §e[NPC] §aVex§f: §r§fI have an offer for you that you can't refuse.
13:58:51 [GARDEN_VISITOR_MESSAGE] §e[NPC] §aVex§f: §r§fOh well that's awkward.
13:58:52 [GARDEN_VISITOR_MESSAGE] §e[NPC] §9Zog§f: §r§fI have a big problem. I lost my sense of taste, now I can't tell the difference between a melon and a cactus...
13:58:55 [GARDEN_VISITOR_MESSAGE] §e[NPC] §aJack§f: §r§fDid you know that you gain additional §6☘ Farming Fortune §fwhile on the §aThe Garden§f? You can check it in your SkyBlock Profile!
13:58:58 [allowed] §6§lOFFER ACCEPTED §r§8with §r§aJack §r§8(§r§a§lUNCOMMON§r§8)
13:58:58 [allowed] 
13:58:58 [allowed]   §r§a§lREWARDS
13:58:58 [allowed]     §r§8+§r§215 §r§7Garden Experience
13:58:58 [allowed]     §r§8+§r§328.3k §r§7Farming XP
13:58:58 [allowed]     §r§8+§r§c31 Copper
13:58:58 [allowed] 
13:58:58 [GARDEN_VISITOR_MESSAGE] §e[NPC] §aJack§f: §r§fThanks for the crops. See ya around.
13:59:03 [allowed] §6[Sacks] §r§c-6§r§e items§r§e.§r§8 (Last 5s.)
13:59:10 [allowed] §aTeleported you to §r§aThe Barn§r§a!
13:59:13 [allowed] §eMaxed the Supercraft to §r§b84x crafts§r§e!
13:59:18 [allowed] §eYou Supercrafted §r§r§r§9Enchanted Melon Block §r§8x20§r§e!
13:59:20 [allowed] §aYou used your §r§6Mining Speed Boost §r§aPickaxe Ability!
13:59:22 [allowed] §6§lOFFER ACCEPTED §r§8with §r§9Zog §r§8(§r§9§lRARE§r§8)
13:59:22 [allowed] 
13:59:22 [allowed]   §r§a§lREWARDS
13:59:22 [allowed]     §r§8+§r§230 §r§7Garden Experience
13:59:22 [allowed]     §r§8+§r§35.2k §r§7Farming XP
13:59:22 [allowed]     §r§8+§r§c63 Copper
13:59:22 [allowed] 
13:59:22 [GARDEN_VISITOR_MESSAGE] §e[NPC] §9Zog§f: §r§fEating enough of these surely should bring back my taste memories. Thank you.
13:59:27 [allowed] §6[Sacks] §r§a+20§r§e items§r§e, §r§c-3,208§r§e items§r§e.§r§8 (Last 8s.)
13:59:28 [allowed] §aInserted §r§257,603.2 §r§aOrganic Matter from your sacks!
13:59:30 [allowed] §cYour Mining Speed Boost has expired!
13:59:33 [allowed] §aInserted §r§230,000 Fuel §r§afrom your sacks!
13:59:38 [allowed] §6[Sacks] §r§c-909§r§e items§r§e.§r§8 (Last 10s.)
13:59:53 [allowed] §aYou summoned your §r§6Tiger§r§a!
14:00:00 [allowed] §7Warping...
14:00:00 [allowed] §7Sending to server mini198CD...
14:00:01 [allowed] §8 §r§8 §r§1 §r§3 §r§3 §r§7 §r§8 
14:00:02 [allowed]  
14:00:02 [allowed] §f       §7You have §31 §7pending §3Bestiary Milestone §7to be claimed!
14:00:02 [allowed] §f                    §6§l>>> §6§lCLICK HERE§e to claim it! §6§l<<<
14:00:02 [allowed]   
14:00:03 [allowed] §cThere are blocks in the way!
14:00:04 [allowed] §aYou are playing on profile: §eCoconut§b (Co-op)
14:00:04 [allowed] §8Profile ID: 4ef1bd42-ec32-42d4-afba-b766eacde1e7
14:00:14 [allowed] §f
14:00:14 [allowed] §4[WATCHDOG ANNOUNCEMENT]
14:00:14 [allowed] §fWatchdog has banned §r§c§l12,518§r§f players in the last 7 days.
14:00:14 [allowed] §fStaff have banned an additional §r§c§l12,201§r§f in the last 7 days.
14:00:14 [allowed] §cBlacklisted modifications are a bannable offense!
14:00:14 [allowed] §c
14:00:14 [allowed] §7Your Giant's Sword hit §r§c1 §r§7enemy for §r§c776,932 §r§7damage.
14:00:15 [allowed] §cThis ability is on cooldown for 30s.
14:00:15 [allowed] §cThis ability is on cooldown for 30s.
14:00:17 [allowed] §a§lYou healed yourself for 410.3 health!
14:00:20 [allowed] §c ☠ §r§7§r§bWingedSeal§r§7 was killed by Thunder§r§7§r§7.
14:00:20 [allowed] §c ☠ §r§7§r§bdragyyy§r§7 was killed by Thunder§r§7§r§7.
14:00:34 [allowed] §aYou gained 20 Reputation for killing the miniboss!
14:00:34 [allowed] §a§l▬▬▬▬▬▬▬▬▬▬▬▬▬▬▬▬▬▬▬▬▬▬▬▬▬▬▬▬▬▬▬▬▬▬▬▬▬▬▬▬▬▬▬▬▬▬▬▬▬▬▬▬▬▬▬▬▬▬▬▬▬▬▬▬
14:00:34 [allowed] §f                            §r§6§lBLADESOUL DOWN!
14:00:34 [allowed] 
14:00:34 [allowed] §f                  §r§b[MVP§r§0+§r§b] KobeAim§r§f §r§7dealt the final blow.
14:00:34 [allowed] 
14:00:34 [allowed] §f            §r§e§l1st Damager §r§7- §r§b[MVP§r§0+§r§b] KobeAim§r§f §r§7- §r§e51,020,278
14:00:34 [allowed] 
14:00:34 [allowed] §f                 §r§eYour Damage: §r§a51,020,278 §r§7(Position #1)
14:00:34 [allowed] §f                           §r§eRunecrafting: §r§d+740 XP
14:00:34 [allowed] 
14:00:34 [allowed] §a§l▬▬▬▬▬▬▬▬▬▬▬▬▬▬▬▬▬▬▬▬▬▬▬▬▬▬▬▬▬▬▬▬▬▬▬▬▬▬▬▬▬▬▬▬▬▬▬▬▬▬▬▬▬▬▬▬▬▬▬▬▬▬▬▬
14:00:40 [allowed] §cThere are blocks in the way!
14:00:40 [allowed] §cThere are blocks in the way!
14:00:43 [allowed] §cThere are blocks in the way!
14:00:44 [allowed] §cThere are blocks in the way!
14:00:44 [allowed] §cThere are blocks in the way!
14:00:50 [allowed] §7Your Giant's Sword hit §r§c2 §r§7enemies for §r§c1,193,144 §r§7damage.
14:00:50 [allowed] §cThis ability is on cooldown for 30s.
14:01:13 [allowed] §cThis ability is on cooldown for 8s.
14:01:13 [allowed] §cThis ability is on cooldown for 8s.
14:01:13 [allowed] §cThis ability is on cooldown for 8s.
14:01:20 [allowed] §cThis ability is on cooldown for 1s.
14:01:29 [allowed] §aYou gained 20 Reputation for killing the miniboss!
14:01:29 [allowed] §a§l▬▬▬▬▬▬▬▬▬▬▬▬▬▬▬▬▬▬▬▬▬▬▬▬▬▬▬▬▬▬▬▬▬▬▬▬▬▬▬▬▬▬▬▬▬▬▬▬▬▬▬▬▬▬▬▬▬▬▬▬▬▬▬▬
14:01:29 [allowed] §f                           §r§6§lMAGE OUTLAW DOWN!
14:01:29 [allowed] 
14:01:29 [allowed] §f                     §r§a[VIP] mklfs§r§f §r§7dealt the final blow.
14:01:29 [allowed] 
14:01:29 [allowed] §f               §r§e§l1st Damager §r§7- §r§a[VIP] mklfs§r§f §r§7- §r§e39,112,281
14:01:29 [allowed] §f            §r§6§l2nd Damager §r§7- §r§b[MVP§r§0+§r§b] KobeAim§r§f §r§7- §r§e31,993,820
14:01:29 [allowed] 
14:01:29 [allowed] §f                 §r§eYour Damage: §r§a31,993,820 §r§7(Position #2)
14:01:29 [allowed] §f                           §r§eRunecrafting: §r§d+634 XP
14:01:29 [allowed] 
14:01:29 [allowed] §a§l▬▬▬▬▬▬▬▬▬▬▬▬▬▬▬▬▬▬▬▬▬▬▬▬▬▬▬▬▬▬▬▬▬▬▬▬▬▬▬▬▬▬▬▬▬▬▬▬▬▬▬▬▬▬▬▬▬▬▬▬▬▬▬▬
14:01:37 [allowed] §6[Sacks] §r§a+33§r§e items§r§e.§r§8 (Last 7s.)
14:01:38 [allowed] §cThere are blocks in the way!
14:01:45 [allowed] §a+50 Mage Reputation
14:01:45 [allowed] §3+5,000 Combat XP
14:01:50 [allowed] §6[Sacks] §r§a+3§r§e items§r§e, §r§c-20§r§e items§r§e.§r§8 (Last 5s.)
14:01:56 [allowed] §e[NPC] §eRescue Recruiter§f: §rYou want to help us rescue a hostage from those filthy brutes over there?
14:01:56 [allowed] §aYou used your §r§6Mining Speed Boost §r§aPickaxe Ability!
14:01:58 [allowed] §e[NPC] §eRescue Recruiter§f: §rPerfect! Go see our §eUndercover Agent §rat §2The Bastion §rarea in §cBarbarian §rterritory to get started.
14:02:07 [allowed] §cYour Mining Speed Boost has expired!
14:02:10 [allowed] §cThere are blocks in the way!
14:02:10 [allowed] §cThere are blocks in the way!
14:02:26 [allowed] §cNoxious Ash Cloud hit you for 99.2 damage!
14:02:27 [allowed] §cNoxious Ash Cloud hit you for 99.2 damage!
14:02:27 [allowed] §a§lYou healed yourself for 110.9 health!
14:02:30 [allowed] §6[Sacks] §r§a+37§r§e items§r§e.§r§8 (Last 5s.)
14:02:34 [allowed] §a§lYou healed yourself for 444.5 health!
14:02:37 [allowed] §cNoxious Ash Cloud hit you for 98.6 damage!
14:02:37 [allowed] §cAshfang Follower's Cryogenic Blast hit you for 2,000 damage!
14:02:38 [allowed] §cYou are too cold to use abilities!
14:02:38 [allowed] §cNoxious Ash Cloud hit you for 98.9 damage!
14:02:39 [allowed] §cNoxious Ash Cloud hit you for 98.6 damage!
14:02:39 [allowed] §cNoxious Ash Cloud hit you for 98.6 damage!
14:02:40 [allowed] §cNoxious Ash Cloud hit you for 98.6 damage!
14:02:40 [allowed] §cNoxious Ash Cloud hit you for 98.6 damage!
14:02:41 [allowed] §cNoxious Ash Cloud hit you for 99.6 damage!
14:02:41 [allowed] §cNoxious Ash Cloud hit you for 99.6 damage!
14:02:42 [allowed] §cNoxious Ash Cloud hit you for 98.9 damage!
14:02:43 [allowed] §cNoxious Ash Cloud hit you for 98.9 damage!
14:02:43 [allowed] §cNoxious Ash Cloud hit you for 98.9 damage!
14:02:44 [allowed] §cNoxious Ash Cloud hit you for 98.3 damage!
14:02:44 [allowed] §cNoxious Ash Cloud hit you for 98.3 damage!
14:02:45 [allowed] §cNoxious Ash Cloud hit you for 99.2 damage!
14:02:45 [allowed] §cNoxious Ash Cloud hit you for 99.2 damage!
14:02:45 [allowed] §cNoxious Ash Cloud hit you for 99.5 damage!
14:02:49 [allowed] §a§aYou tipped 1 player in 1 game!
14:02:50 [allowed] §cThere are blocks in the way!
14:02:51 [allowed] §cNoxious Ash Cloud hit you for 99 damage!
14:02:51 [allowed] §c ☠ §r§7You were killed by §r§8§lAshfang§r§7§r§7.
14:03:02 [allowed] §cThere are blocks in the way!
14:03:02 [allowed] §cThere are blocks in the way!
14:03:05 [allowed] §c ☠ §r§7§r§aAli__911§r§7 was killed by §r§8§lBladesoul§r§7§r§7.
14:03:12 [allowed] §cThere are blocks in the way!
14:03:17 [allowed] §c ☠ §r§7§r§bScorexx§r§7 was killed by Ragnarok§r§7§r§7.
14:03:21 [allowed] §e[NPC] §eUndercover Agent§f: §rPst, hey KobeAim! You must be the one they sent to get our guy back.
14:03:22 [allowed] §e[NPC] §eUndercover Agent§f: §rHere's what you need to do.
14:03:24 [allowed] §e[NPC] §eUndercover Agent§f: §rYou need to sneak through this area and avoid the guards.
14:03:26 [allowed] §e[NPC] §eUndercover Agent§f: §rYou need to stay out of their §esight§r.
14:03:28 [allowed] §e[NPC] §eUndercover Agent§f: §rThey also have remarkable §ehearing§r. §eSneaking §rwill be much harder for them to detect than §esprinting§r.
14:03:31 [allowed] §e[NPC] §eUndercover Agent§f: §rIf you're observant, you might be able to §edistract §rsome of them.
14:03:34 [allowed] §e[NPC] §eUndercover Agent§f: §rIf it's too dangerous for you, tell me. If you leave the area, we'll assume you've abandoned the mission and find someone else instead.
14:03:36 [allowed] §cAbilities are disabled in this area!
14:03:36 [allowed] §e[NPC] §eUndercover Agent§f: §rGood luck out there!
14:03:42 [allowed] §c ☠ §r§7§r§aAli__911§r§7 was killed by §r§8§lBladesoul§r§7§r§7.
14:03:59 [allowed] §a§r§6Mining Speed Boost §r§ais now available!
14:04:08 [allowed] §c ☠ §r§7§r§aAli__911§r§7 was killed by §r§8§lBladesoul§r§7§r§7.
14:04:16 [allowed] §c ☠ §r§7§r§bdragyyy§r§7 was killed by Pyroclastic Worm§r§7§r§7.
14:04:19 [allowed] §c ☠ §r§7§r§aAli__911§r§7 was killed by Wither Guard§r§7§r§7.
14:04:25 [allowed] §e[NPC] Guard§r§r§r: I can hear the footsteps of a traitor. You're not supposed to be here!
14:04:25 [allowed] §cAbilities are disabled in this area!
14:04:27 [allowed] §e[NPC] Guard§r§r§r: Get out of here, traitorous scum.
14:04:27 [allowed] §cThe guards captured you and threw you out.
14:04:34 [allowed] §aYou earned §r§2518 GEXP §r§afrom playing SkyBlock!
14:04:41 [allowed] §c ☠ §r§7§r§aAli__911§r§7 was killed by §r§8§lBladesoul§r§7§r§7.
14:04:47 [allowed] §cYou cannot use ender pearls here!
14:04:50 [allowed] §8[§r§2180§r§8] §r§a[VIP§6+§a] Ali__911§f§r§f: som1 pls kill bladesoul
14:05:07 [allowed] §c ☠ §r§7§r§bdragyyy§r§7 was killed by §r§8§lBladesoul§r§7§r§7.
14:05:10 [allowed] §8[§r§5378§r§8] §r§b♔ §r§b[MVP§3+§b] WingedSeal§f§r§f: x: -339, y: 173, z: -504
14:05:11 [allowed] §8[§r§5378§r§8] §r§b♔ §r§b[MVP§3+§b] WingedSeal§f§r§f: jawbus
14:05:27 [allowed] §c ☠ §r§7§r§bdragyyy§r§7 was killed by Lord Jawbus§r§7§r§7.
14:05:33 [allowed] §c ☠ §r§7§r§bdragyyy§r§7 was killed by Lord Jawbus§r§7§r§7.
14:05:33 [allowed] §c ☠ §r§7§r§b1uri§r§7 was killed by Lord Jawbus§r§7§r§7.
14:05:33 [allowed] §c ☠ §r§7§r§aHyp3rZe§r§7 was killed by Lord Jawbus§r§7§r§7.
14:05:34 [allowed] §c ☠ §r§7§r§bvilmoskortee§r§7 was killed by Lord Jawbus§r§7§r§7.
14:05:36 [allowed] §c ☠ §r§7§r§bWingedSeal§r§7 was killed by Lord Jawbus§r§7§r§7.
14:05:42 [allowed] §c ☠ §r§7§r§bdragyyy§r§7 was killed by Lord Jawbus§r§7§r§7.
14:05:42 [allowed] §c ☠ §r§7§r§bvilmoskortee§r§7 was killed by Lord Jawbus§r§7§r§7.
14:05:42 [allowed] §c ☠ §r§7§r§b1uri§r§7 was killed by Lord Jawbus§r§7§r§7.
14:05:43 [allowed] §c ☠ §r§7§r§aHyp3rZe§r§7 was killed by Lord Jawbus§r§7§r§7.
14:05:44 [allowed] §c ☠ §r§7§r§bXcusanaIi§r§7 was killed by Lord Jawbus§r§7§r§7.
14:05:45 [allowed] §c ☠ §r§7§r§bScorexx§r§7 was killed by Lord Jawbus§r§7§r§7.
14:05:51 [allowed] §8[§r§5378§r§8] §r§b♔ §r§b[MVP§3+§b] WingedSeal§f§r§f: dead
14:06:02 [allowed] §e[NPC] §eHostage§f: §rOh, thank goodness! They sent someone to get me out of here.
14:06:02 [allowed] §aYou completed your rescue quest! Visit the Town Board to claim the rewards.
14:06:04 [allowed] §e[NPC] §eHostage§f: §rDo you know what they would've done if they found me?
14:06:18 [allowed] §cThere are blocks in the way!
14:06:29 [allowed] §c ☠ §r§7§r§bdragyyy§r§7 was killed by §r§8§lBladesoul§r§7§r§7.
14:06:41 [allowed] §a+75 Mage Reputation
14:06:41 [allowed] §3+10,000 Combat XP
14:06:47 [allowed] §6[Sacks] §r§a+3§r§e items§r§e.§r§8 (Last 5s.)
14:06:50 [allowed] §cThere are blocks in the way!
14:06:51 [allowed] §cThere are blocks in the way!
14:06:51 [allowed] §cThere are blocks in the way!
14:06:55 [allowed] §c ☠ §r§7§r§bdragyyy§r§7 was killed by §r§8§lBladesoul§r§7§r§7.
14:07:00 [allowed] §cThere are blocks in the way!
14:07:01 [allowed] §cThere are blocks in the way!
14:07:02 [allowed] §cThere are blocks in the way!
14:07:12 [allowed] §6[Sacks] §r§a+12§r§e items§r§e.§r§8 (Last 9s.)
14:07:28 [allowed] §8[§r§2180§r§8] §r§a[VIP§6+§a] Ali__911§f§r§f: tysm
14:07:43 [allowed] §6[Bazaar] §r§7Putting goods in escrow...
14:07:43 [allowed] §6[Bazaar] §r§7Submitting buy order...
14:07:43 [allowed] §6[Bazaar] §r§7§r§eBuy Order Setup! §r§a1§r§7x §r§aChance V §r§7for §r§610,878,170 coins§r§7.
14:07:45 [allowed] §cThere are blocks in the way!
14:07:56 [allowed] §6[Bazaar] §eYour §6Sell Offer §efor §a40§7x §aEnchanted Dandelion §ewas filled!
14:08:18 [allowed] §cThere are blocks in the way!
14:08:40 [allowed] §c ☠ §r§7§r§bJustCody§r§7 was killed by §r§cKindleheart Demon§r§7§r§7.
14:09:27 [allowed] §6[Bazaar] §r§7Putting goods in escrow...
14:09:27 [allowed] §6[Bazaar] §r§7Submitting buy order...
14:09:27 [allowed] §6[Bazaar] §r§7§r§eBuy Order Setup! §r§a3§r§7x §r§fDragon Hunter I §r§7for §r§62,397,700 coins§r§7.
14:09:40 [allowed] §aYou earned §r§2653 GEXP §r§afrom playing SkyBlock!
14:09:52 [allowed] §c ☠ §r§7§r§bKinjouy§r§7 was killed by §r§cMagma Glare§r§7§r§7.
14:10:33 [allowed] §6[Bazaar] §r§7Putting goods in escrow...
14:10:33 [allowed] §6[Bazaar] §r§7Submitting buy order...
14:10:33 [allowed] §6[Bazaar] §r§7§r§eBuy Order Setup! §r§a2§r§7x §r§fTabasco II §r§7for §r§68,556,510 coins§r§7.
14:10:36 [allowed] §aFriend > §r§bcatgirlpj §r§eleft.
14:11:38 [allowed] §6[Bazaar] §r§7Putting goods in escrow...
14:11:38 [allowed] §6[Bazaar] §r§7Submitting buy order...
14:11:38 [allowed] §6[Bazaar] §r§7§r§eBuy Order Setup! §r§a1§r§7x §r§6The Art of War §r§7for §r§66,697,503 coins§r§7.
14:11:48 [allowed] §c ☠ §r§7§r§bJustCody§r§7 was killed by Smoldering Blaze§r§7§r§7.
14:12:18 [allowed] §6[Bazaar] §r§7Executing instant buy...
14:12:18 [allowed] §6[Bazaar] §r§7Bought §r§a1§r§7x §r§5Book of Stats §r§7for §r§61,691,712 coins§r§7!
14:12:50 [allowed] §c ☠ §r§7§r§aReykev15§r§7 was killed by §r§8§lBarbarian Duke X§r§7§r§7.
14:13:29 [allowed] §6[Bazaar] §r§7Putting goods in escrow...
14:13:29 [allowed] §6[Bazaar] §r§7Submitting buy order...
14:13:29 [allowed] §6[Bazaar] §r§7§r§eBuy Order Setup! §r§a20§r§7x §r§5Fuming Potato Book §r§7for §r§624,524,788 coins§r§7.
14:13:31 [allowed] §c ☠ §r§7§r§aReykev15§r§7 was killed by §r§8§lBarbarian Duke X§r§7§r§7.
14:13:39 [allowed] §6[Bazaar] §r§7Cancelling order...
14:13:40 [allowed] §6[Bazaar] §r§c§r§cYou have goods to claim on this order!
14:13:41 [allowed] §6[Bazaar] §r§7Claiming order...
14:13:41 [allowed] §6[Bazaar] §r§7§r§7Claimed §r§a1§r§7x §r§5Fuming Potato Book §r§7worth §r§61,226,239 coins §r§7bought for §r§61,226,239 §r§7each!
14:13:42 [allowed] §c ☠ §r§7§r§bJustCody§r§7 was killed by Smoldering Blaze§r§7§r§7.
14:13:43 [allowed] §6[Bazaar] §r§7Cancelling order...
14:13:43 [allowed] §6[Bazaar] §r§c§r§cYou have goods to claim on this order!
14:13:45 [allowed] §6[Bazaar] §r§7Claiming order...
14:13:45 [allowed] §6[Bazaar] §r§7§r§7Claimed §r§a1§r§7x §r§5Fuming Potato Book §r§7worth §r§61,226,239 coins §r§7bought for §r§61,226,239 §r§7each!
14:13:47 [allowed] §6[Bazaar] §r§7Cancelling order...
14:13:47 [allowed] §6[Bazaar] §r§7§r§cCancelled! §r§7Refunded §r§622,072,309 coins §r§7from cancelling Buy Order!
14:13:57 [allowed] §6[Bazaar] §r§7Putting goods in escrow...
14:13:57 [allowed] §6[Bazaar] §r§7Submitting buy order...
14:13:57 [allowed] §6[Bazaar] §r§7§r§eBuy Order Setup! §r§a12§r§7x §r§5Fuming Potato Book §r§7for §r§614,714,873 coins§r§7.
14:14:23 [allowed] §9§lSHINING! §r§7§r§b[MVP§r§3+§r§b] Kinjouy§r§f§r§e caught their first §r§b§lDIAMOND §r§fGusher§r§e!
14:14:28 [allowed] §8[§r§b204§r§8] §r§b[MVP§f+§b] AleXKiD30§f§r§f: gg
14:14:28 [allowed] §8[§r§3247§r§8] §r§5§l࿇ §r§b[MVP§6+§b] 0ReyPatata0§f§r§f: gg
14:14:28 [allowed] §8[§r§9285§r§8] §r§7☕ §r§b[MVP§2+§b] MrAquamarineDye§f§r§f: gg
14:14:29 [allowed] §8[§r§2181§r§8] §r§a[VIP§6+§a] Ali__911§f§r§f: gg
14:14:46 [allowed] §aYou earned §r§2349 GEXP §r§afrom playing SkyBlock!
14:14:55 [allowed] §c ☠ §r§7§r§bJustCody§r§7 was killed by Smoldering Blaze§r§7§r§7.
14:15:10 [allowed] §6[Bazaar] §r§7Putting goods in escrow...
14:15:10 [allowed] §6[Bazaar] §r§7Submitting buy order...
14:15:10 [allowed] §6[Bazaar] §r§7§r§eBuy Order Setup! §r§a9§r§7x §r§5❁ Flawless Jasper Gemstone §r§7for §r§637,016,259 coins§r§7.
14:15:13 [allowed] §c ☠ §r§7§r§aAli__911§r§7 was killed by Magma Cube§r§7§r§7.
14:15:56 [allowed] §6[Bazaar] §r§7Claiming order...
14:15:56 [allowed] §6[Bazaar] §r§7§r§7Claimed §r§a6§r§7x §r§5Fuming Potato Book §r§7worth §r§67,357,436 coins §r§7bought for §r§61,226,239 §r§7each!
14:16:13 [allowed] §dRabbit Uncle §r§7has been promoted to §r§7[217§r§7] §r§dExecutive§r§7!
14:16:15 [allowed] §d§lTIME TOWER! §r§7Your §r§6Chocolate Factory §r§7production has increased by §r§6+1.5x §r§7for §r§a1h§r§7!
14:16:29 [allowed] §6[Bazaar] §r§7Claiming order...
14:16:30 [allowed] §6[Bazaar] §r§7§r§7Claimed §r§a2§r§7x §r§fDragon Hunter I §r§7worth §r§61,598,467 coins §r§7bought for §r§6799,234 §r§7each!
14:16:51 [allowed] §6[Bazaar] §r§7Claiming order...
14:16:52 [allowed] §6[Bazaar] §r§7§r§7Claimed §r§6645,764 coins §r§7from selling §r§a40§r§7x §r§aEnchanted Dandelion §r§7at §r§616,328 §r§7each!
14:17:03 [allowed] §cThere are blocks in the way!
14:17:42 [allowed] §cThere are blocks in the way!
14:17:42 [allowed] §cThere are blocks in the way!
14:17:50 [allowed] §a§aYou tipped 2 players in 2 different games!
14:17:53 [allowed] §8[§r§b209§r§8] §r§6ჶ §r§6[MVP§1++§6] fwdoom§f§r§f: doing magma boss
14:17:58 [allowed] §cThere are blocks in the way!
14:18:00 [allowed] §6§lRARE DROP! §r§9Rampart Leggings §r§b(+§r§b151% §r§b✯ Magic Find§r§b)
14:18:01 [allowed] §cYou must double tap the drop button to drop this item!
14:18:01 [allowed] §cYou can disable this in the §r§fSettings§r§c in your §r§aSkyBlock Menu§r§c!
14:18:03 [allowed] §cYou must double tap the drop button to drop this item!
14:18:03 [allowed] §cYou can disable this in the §r§fSettings§r§c in your §r§aSkyBlock Menu§r§c!
14:18:06 [allowed] §cThere are blocks in the way!
14:18:06 [allowed] §6[Sacks] §r§a+13§r§e items§r§e.§r§8 (Last 6s.)
14:18:06 [allowed] §cThere are blocks in the way!
14:18:06 [allowed] §cThere are blocks in the way!
14:18:38 [allowed] §a§lYou healed yourself for 410.3 health!
14:18:45 [allowed] §c ☠ §r§7§r§aCarvajal26§r§7 was killed by §r§4§lMagma Boss§r§7§r§7.
14:18:45 [allowed] §a§lYou healed yourself for 410.3 health!
14:18:48 [allowed] §a§lYou healed yourself for 410.3 health!
14:18:49 [allowed] §cWARNING: 2 additional Magma Glares have spawned targeting you!
14:18:52 [allowed] §c ☠ §r§7You were killed by §r§cMagma Glare§r§7§r§7.
14:18:52 [allowed] §c ☠ §r§7§r§6fwdoom§r§7 was killed by §r§cMagma Glare§r§7§r§7.
14:18:53 [allowed] §c ☠ §r§7§r§bTeRiola§r§7 was killed by §r§cMagma Glare§r§7§r§7.
14:18:54 [allowed] §cThere are blocks in the way!
14:18:54 [allowed] §cThere are blocks in the way!
14:18:56 [allowed] §9§m-----------------------------------------------------
14:18:56 [allowed] §cYou are not in a party and were moved to the ALL channel.
14:18:56 [allowed] §9§m-----------------------------------------------------
14:18:57 [allowed] §8[§r§3246§r§8] §r§7ф §r§b[MVP§r§0+§r§b] KobeAim§r§f: lol
14:19:01 [allowed] §c ☠ §r§7§r§6fwdoom§r§7 was killed by §r§6Unstable Magma§r§7§r§7.
14:19:09 [allowed] §8[§r§3246§r§8] §r§7ф §r§b[MVP§r§0+§r§b] KobeAim§r§f: Anyone selling a flower minion t1?
14:19:10 [allowed] §c ☠ §r§7§r§aCarvajal26§r§7 was killed by §r§cMagma Glare§r§7§r§7.
14:19:12 [allowed] §cThere are blocks in the way!
14:19:12 [allowed] §cThere are blocks in the way!
14:19:12 [allowed] §cThere are blocks in the way!
14:19:19 [allowed] §cThe Magma Boss angers! §r§7(§r§7+20% §r§7Damage)
14:19:27 [allowed] §aYou used your §r§6Mining Speed Boost §r§aPickaxe Ability!
14:19:28 [allowed] §6[Sacks] §r§a+1§r§e item§r§e.§r§8 (Last 5s.)
14:19:28 [allowed] §cYour pickaxe ability is on cooldown for 119s.
14:19:29 [allowed] §cYour pickaxe ability is on cooldown for 118s.
14:19:37 [allowed] §cYour Mining Speed Boost has expired!
14:19:52 [allowed] §aYou earned §r§2514 GEXP §r§afrom playing SkyBlock!
14:19:55 [allowed] §a§lYou healed yourself for 410.3 health!
14:19:55 [allowed] §c ☠ §r§7§r§6fwdoom§r§7 was killed by §r§4§lMagma Boss§r§7§r§7.
14:19:55 [allowed] §a§lYou healed yourself for 410.3 health!
14:20:04 [allowed] §a§lYou healed yourself for 410.3 health!
14:20:08 [allowed] §c ☠ §r§7§r§6fwdoom§r§7 was killed by §r§4§lMagma Boss§r§7§r§7.
14:20:28 [allowed] §cWARNING: 3 additional Magma Glares have spawned targeting you!
14:20:37 [allowed] §cThe Magma Boss angers! §r§7(§r§7+20% §r§7Damage)
14:20:38 [allowed] §6[Sacks] §r§a+9§r§e items§r§e.§r§8 (Last 5s.)
14:20:49 [allowed] §c ☠ §r§7§r§bJustCody§r§7 was killed by §r§4Burningsoul Demon§r§7§r§7.
14:21:00 [allowed] §a§lYou healed yourself for 410.3 health!
14:21:12 [allowed] §c ☠ §r§7§r§6fwdoom§r§7 was killed by §r§4§lMagma Boss§r§7§r§7.
14:21:13 [allowed] §a§lYou healed yourself for 410.3 health!
14:21:21 [allowed] §cWARNING: 2 additional Magma Glares have spawned targeting you!
14:21:21 [allowed] §cYour pickaxe ability is on cooldown for 6s.
14:21:29 [allowed] §a§r§6Mining Speed Boost §r§ais now available!
14:21:30 [allowed] §a§l+5 Kill Combo §r§b+3% §r§b✯ Magic Find
14:21:33 [allowed] §cThe Magma Boss angers! §r§7(§r§7+25% §r§7Damage)
14:21:37 [allowed] §cYour Kill Combo has expired! You reached a 5 Kill Combo!
14:21:48 [allowed] §6[Sacks] §r§a+15§r§e items§r§e.§r§8 (Last 10s.)
14:21:54 [allowed] §a§lYou healed yourself for 410.3 health!
14:21:58 [allowed] §c ☠ §r§7§r§6fwdoom§r§7 was killed by §r§4§lMagma Boss§r§7§r§7.
14:21:59 [allowed] §cNo more charges, next one in §r§e9.9§r§cs!
14:22:09 [allowed] §cNo more charges, next one in §r§e0.1§r§cs!
14:22:18 [allowed] §cWARNING: 2 additional Magma Glares have spawned targeting you!
14:22:24 [allowed] §7Your Giant's Sword hit §r§c2 §r§7enemies for §r§c1,198,024 §r§7damage.
14:22:30 [allowed] §cThe Magma Boss angers! §r§7(§r§7+20% §r§7Damage)
14:23:02 [allowed] §c ☠ §r§7§r§6fwdoom§r§7 was killed by §r§4§lMagma Boss§r§7§r§7.
14:23:03 [allowed] §c ☠ §r§7§r§bTeRiola§r§7 was killed by §r§4§lMagma Boss§r§7§r§7.
14:23:04 [allowed] §a§lYou healed yourself for 410.3 health!
14:23:05 [allowed] §c ☠ §r§7§r§aNiranjan_§r§7 was killed by §r§5§lMage Outlaw§r§7§r§7.
14:23:13 [allowed] §cWARNING: 2 additional Magma Glares have spawned targeting you!
14:23:13 [allowed] §cNo more charges, next one in §r§e5.1§r§cs!
14:23:17 [allowed] §c ☠ §r§7§r§bJustCody§r§7 was killed by §r§cKindleheart Demon§r§7§r§7.
14:23:21 [allowed] §cThe Magma Boss angers! §r§7(§r§7+20% §r§7Damage)
14:23:22 [allowed] §8[§r§e111§r§8] §r§a[VIP] Niranjan_§f§r§f: PLS some1 help w mage outlaw
14:23:35 [allowed] §aYou gained 20 Reputation for killing the miniboss!
14:23:35 [allowed] §a§l▬▬▬▬▬▬▬▬▬▬▬▬▬▬▬▬▬▬▬▬▬▬▬▬▬▬▬▬▬▬▬▬▬▬▬▬▬▬▬▬▬▬▬▬▬▬▬▬▬▬▬▬▬▬▬▬▬▬▬▬▬▬▬▬
14:23:35 [allowed] §f                           §r§6§lMAGMA BOSS DOWN!
14:23:35 [allowed] 
14:23:35 [allowed] §f                  §r§6[MVP§r§1++§r§6] fwdoom§r§f §r§7dealt the final blow.
14:23:35 [allowed] 
14:23:35 [allowed] §f         §r§e§l1st Damager §r§7- §r§a[VIP§r§6+§r§a] Carvajal26§r§f §r§7- §r§e387,235,894
14:23:35 [allowed] §f           §r§6§l2nd Damager §r§7- §r§b[MVP§r§0+§r§b] KobeAim§r§f §r§7- §r§e165,703,613
14:23:35 [allowed] §f           §r§c§l3rd Damager §r§7- §r§6[MVP§r§1++§r§6] fwdoom§r§f §r§7- §r§e80,508,573
14:23:35 [allowed] 
14:23:35 [allowed] §f                §r§eYour Damage: §r§a165,703,613 §r§7(Position #2)
14:23:35 [allowed] §f                          §r§eRunecrafting: §r§d+1,098 XP
14:23:35 [allowed] 
14:23:35 [allowed] §a§l▬▬▬▬▬▬▬▬▬▬▬▬▬▬▬▬▬▬▬▬▬▬▬▬▬▬▬▬▬▬▬▬▬▬▬▬▬▬▬▬▬▬▬▬▬▬▬▬▬▬▬▬▬▬▬▬▬▬▬▬▬▬▬▬
14:23:40 [allowed] §cThere are blocks in the way!
14:23:43 [allowed] §8[§r§b209§r§8] §r§6ჶ §r§6[MVP§1++§6] fwdoom§f§r§f: ty
14:23:52 [allowed] §7Your Giant's Sword hit §r§c1 §r§7enemy for §r§c596,572 §r§7damage.
14:23:57 [allowed] §c ☠ §r§7§r§aNiranjan_§r§7 died§r§7.
14:24:07 [allowed] §8[§r§3246§r§8] §r§7ф §r§b[MVP§r§0+§r§b] KobeAim§r§f: don't attackjhim when he has his blue shield around him Niranjan_
14:24:08 [allowed] §a§lYou healed yourself for 410.3 health!
14:24:11 [allowed] §a§lYou healed yourself for 410.3 health!
14:24:14 [allowed] §cNo more charges, next one in §r§e8.4§r§cs!
14:24:21 [allowed] §c ☠ §r§7§r§bP310X8§r§7 was killed by §r§8§lBarbarian Duke X§r§7§r§7.
14:24:25 [allowed] §7Your Giant's Sword hit §r§c1 §r§7enemy for §r§c599,012 §r§7damage.
14:24:26 [allowed] §c ☠ §r§7§r§aAli__911§r§7 was killed by §r§8§lBarbarian Duke X§r§7§r§7.
14:24:28 [allowed] §a§lYou healed yourself for 410.3 health!
14:24:36 [allowed] §6[Sacks] §r§a+38§r§e items§r§e.§r§8 (Last 5s.)
14:24:37 [allowed] §a§l▬▬▬▬▬▬▬▬▬▬▬▬▬▬▬▬▬▬▬▬▬▬▬▬▬▬▬▬▬▬▬▬▬▬▬▬▬▬▬▬▬▬▬▬▬▬▬▬▬▬▬▬▬▬▬▬▬▬▬▬▬▬▬▬
14:24:37 [allowed] §f                           §r§6§lMAGE OUTLAW DOWN!
14:24:37 [allowed] 
14:24:37 [allowed] §f                  §r§b[MVP§r§0+§r§b] KobeAim§r§f §r§7dealt the final blow.
14:24:37 [allowed] 
14:24:37 [allowed] §f            §r§e§l1st Damager §r§7- §r§b[MVP§r§0+§r§b] KobeAim§r§f §r§7- §r§e49,201,253
14:24:37 [allowed] §f          §r§6§l2nd Damager §r§7- §r§a[VIP§r§6+§r§a] Carvajal26§r§f §r§7- §r§e17,865,878
14:24:37 [allowed] §f            §r§c§l3rd Damager §r§7- §r§a[VIP] Niranjan_§r§f §r§7- §r§e2,932,867
14:24:37 [allowed] 
14:24:37 [allowed] §f                 §r§eYour Damage: §r§a49,201,253 §r§7(Position #1)
14:24:37 [allowed] §f                           §r§eRunecrafting: §r§d+732 XP
14:24:37 [allowed] 
14:24:37 [allowed] §a§l▬▬▬▬▬▬▬▬▬▬▬▬▬▬▬▬▬▬▬▬▬▬▬▬▬▬▬▬▬▬▬▬▬▬▬▬▬▬▬▬▬▬▬▬▬▬▬▬▬▬▬▬▬▬▬▬▬▬▬▬▬▬▬▬
14:24:37 [allowed] §3§l▬▬▬▬▬▬▬▬▬▬▬▬▬▬▬▬▬▬▬▬▬▬▬▬▬▬▬▬▬▬▬▬▬▬▬▬▬▬▬▬▬▬▬▬▬▬▬▬▬▬▬▬▬▬▬▬▬▬▬▬▬▬▬▬
14:24:37 [allowed]  
14:24:37 [allowed] §f                                  §6§lBESTIARY
14:24:37 [allowed] §f                           §b§lMage Outlaw §7§8X §8➡§b §bXI
14:24:37 [allowed] 
14:24:37 [allowed] §f                                  §r§6§lREWARDS
14:24:37 [allowed] §f                     §r§8+§r§a4 §r§5§lMage Outlaw §r§b✯ Magic Find
14:24:38 [allowed] §f                      §r§8+§r§a4 §r§5§lMage Outlaw §r§c❁ Strength
14:24:38 [allowed] §f                         §r§8+§r§62% §r§a§r§5§lMage Outlaw §r§7coins
14:24:38 [allowed] §f                    §r§8+§r§a50% §r§7chance for extra XP orbs
14:24:38 [allowed] §f                               §r§8+§r§b1 SkyBlock XP
14:24:38 [allowed] 
14:24:38 [allowed] §3§l▬▬▬▬▬▬▬▬▬▬▬▬▬▬▬▬▬▬▬▬▬▬▬▬▬▬▬▬▬▬▬▬▬▬▬▬▬▬▬▬▬▬▬▬▬▬▬▬▬▬▬▬▬▬▬▬▬▬▬▬▬▬▬▬
14:24:52 [allowed] §cThere are blocks in the way!
14:24:58 [allowed] §aYou earned §r§2750 GEXP §r§afrom playing SkyBlock!
14:25:09 [allowed] §8[§r§3246§r§8] §r§7ф §r§b[MVP§r§0+§r§b] KobeAim§r§f: Niranjan_
14:25:19 [allowed] §c ☠ §r§7§r§bakim0103§r§7 was killed by §r§8§lBladesoul§r§7§r§7.
14:25:21 [allowed] §8[§r§e111§r§8] §r§a[VIP] Niranjan_§f§r§f: i need a kuudra key so bad man:(
14:25:23 [allowed] §8[§r§e111§r§8] §r§a[VIP] Niranjan_§f§r§f: yeah?
14:25:32 [allowed] §8[§r§3246§r§8] §r§7ф §r§b[MVP§r§0+§r§b] KobeAim§r§f: if you attack mage outlaw while it's going up in the air and has his blue shield than he'll 1shot kill you bc he'll reflect your damage
14:25:36 [allowed] §cThere are blocks in the way!
14:25:36 [allowed] §cThere are blocks in the way!
14:25:38 [allowed] §6[Sacks] §r§a+21§r§e items§r§e.§r§8 (Last 5s.)
14:25:38 [allowed] §cThere are blocks in the way!
14:25:44 [allowed] §8[§r§e111§r§8] §r§a[VIP] Niranjan_§f§r§f: okay tyy
14:25:53 [allowed] §8[§r§3246§r§8] §r§7ф §r§b[MVP§r§0+§r§b] KobeAim§r§f: you have to wait for the blue shield to go away before you can attack
14:25:55 [allowed] §8[§r§3246§r§8] §r§7ф §r§b[MVP§r§0+§r§b] KobeAim§r§f: npnp
14:25:58 [allowed] §cThere are blocks in the way!
14:26:09 [allowed] §8[§r§e111§r§8] §r§a[VIP] Niranjan_§f§r§f: what di i do for the laser thing?
14:26:15 [allowed] §6[Sacks] §r§a+6§r§e items§r§e.§r§8 (Last 5s.)
14:26:18 [allowed] §8[§r§3246§r§8] §r§7ф §r§b[MVP§r§0+§r§b] KobeAim§r§f: Well I just dps him
14:26:22 [allowed] §8[§r§3246§r§8] §r§7ф §r§b[MVP§r§0+§r§b] KobeAim§r§f: and get him out of it
14:26:33 [allowed] §8[§r§3246§r§8] §r§7ф §r§b[MVP§r§0+§r§b] KobeAim§r§f: I don't know what you're supposed to do against that tho normally
14:26:41 [allowed] §a§l+5 Kill Combo §r§b+3% §r§b✯ Magic Find
14:26:43 [allowed] §cThere are blocks in the way!
14:26:56 [allowed] §6[Sacks] §r§a+55§r§e items§r§e.§r§8 (Last 19s.)
14:26:56 [allowed] §c ☠ §r§7§r§bakim0103§r§7 was killed by §r§5§lMage Outlaw§r§7§r§7.
14:26:56 [allowed] §a§l+10 Kill Combo §r§8+§r§610 §r§7coins per kill
14:27:02 [allowed] §7Warping...
14:27:02 [allowed] §7Sending to server mini141BU...
14:27:03 [allowed] §8 §r§8 §r§1 §r§3 §r§3 §r§7 §r§8 
14:27:04 [allowed]  
14:27:04 [allowed] §f       §7You have §31 §7pending §3Bestiary Milestone §7to be claimed!
14:27:04 [allowed] §f                    §6§l>>> §6§lCLICK HERE§e to claim it! §6§l<<<
14:27:04 [allowed]   
14:27:06 [allowed] §aYou are playing on profile: §eCoconut§b (Co-op)
14:27:06 [allowed] §8Profile ID: 4ef1bd42-ec32-42d4-afba-b766eacde1e7
14:27:07 [allowed] §8Depositing coins...
14:27:07 [allowed] §aYou have deposited §r§635.9M coins§r§a! You now have §r§635.9M coins §r§ain your account!
14:27:10 [allowed] §8Withdrawing coins...
14:27:10 [allowed] §aWithdrew §r§664.7M coins§r§a! There's now §r§60 coins §r§aleft in the account!
14:27:13 [allowed] §7Request join for Hub #1 (mega21A)...
14:27:13 [allowed] §7Sending to server mega21A...
14:27:14 [allowed] §8 §r§8 §r§1 §r§3 §r§3 §r§7 §r§8 
14:27:15 [allowed]  
14:27:15 [allowed] §f       §7You have §31 §7pending §3Bestiary Milestone §7to be claimed!
14:27:15 [allowed] §f                    §6§l>>> §6§lCLICK HERE§e to claim it! §6§l<<<
14:27:15 [allowed]   
14:27:17 [allowed] §8[§r§3251§r§8] §r§6✎ §r§b[MVP§4+§b] Laxism§f§r§f: ⨌ Lowballing 414m purse lf 50m+ nlf attributes skins and minions/visit me!
14:27:17 [allowed] §aYou are playing on profile: §eCoconut§b (Co-op)
14:27:17 [allowed] §8Profile ID: 4ef1bd42-ec32-42d4-afba-b766eacde1e7
14:27:18 [allowed] §8[§r§f56§r§8] §r§7CodeAndreij§7§r§7: can someone gift me a pumpkin dicer?
14:27:21 [allowed] §8[§r§b212§r§8] §r§7⎊ §r§a[VIP] PeeJoen§f§r§f: cheap max nether wart hoe on my ah easy flip
14:27:25 [allowed] §8[§r§f73§r§8] §r§a[VIP§6+§a] Xtroll58§f§r§f: Lowballing with 80m purse!!! /visit me (no hoes, minions, pet skins)
14:27:26 [allowed] §8[§r§e106§r§8] §r§a[VIP] a_new_Girl§f§r§f: come my island 600m lb/////////////////////////////////////////////////////////////////////////////////////////////////////////////
14:27:30 [allowed] §8[§r§730§r§8] §r§7Mhypi_2§7§r§7: i have 1450 skyblocks gems do i jmust buy cookies and sell them or.
14:27:31 [allowed] §8[§r§b238§r§8] §r§6ௐ §r§b[MVP§d+§b] Musuem§f§r§f: Lowballing 1.4b
14:27:31 [allowed] §8[§r§3246§r§8] §r§7ф §r§b[MVP§r§0+§r§b] KobeAim§r§f: Buying t1 flower minion, /visit me
14:27:33 [allowed] §8[§r§70§r§8] §r§a[VIP] VedantGames§f§r§f: someone gift me something im new im at bank
14:27:34 [allowed] §8[§r§b238§r§8] §r§6ௐ §r§b[MVP§d+§b] Musuem§f§r§f: Lowballing 1.4b /visit Musuem
14:27:35 [allowed] §8[§r§e94§r§8] §r§b[MVP§c+§b] Alphathisswiss§f§r§f: is there a discord for buying gemstone routes
14:27:37 [allowed] §8[§r§f67§r§8] §r§7☠ §r§a[VIP] SALIMIRFAN123§f§r§f: lowballing your hypermaxed pieces necron / frozen blaze 400m budget party me or visit me
14:27:38 [allowed] §8[§r§a123§r§8] §r§b[MVP§2+§b] Jadder§f§r§f: yes thats prob best
14:27:38 [allowed] §8[§r§b238§r§8] §r§6ௐ §r§b[MVP§d+§b] Musuem§f§r§f: Lowballing 1.4b /visit Musuem 50m+_
14:27:40 [allowed] §8[§r§b237§r§8] §r§7〠 §r§b[MVP§a+§b] Somebody98765432§f§r§f: wait a min who we voting for?
14:27:42 [allowed] §8[§r§d320§r§8] §r§6ᛃ §r§b[MVP§d+§b] CastorGourmand§f§r§f: selling mf X aurora for attribute price p me !!!
14:27:46 [allowed] §8[§2177§8] §r§a[VIP] PLoHISH000§f§7 is holding §r§8[§dSuspicious Astraea §6✪✪✪✪✪§c➋§8]
14:27:47 [allowed] §7Request join for Hub #2 (mega17D)...
14:27:47 [allowed] §7Sending to server mega17D...
14:27:47 [allowed] §8[§r§2170§r§8] §r§b[MVP§a+§b] __cps§f§r§f: lowballing 1.9b coem visit
14:27:48 [allowed] §8 §r§8 §r§1 §r§3 §r§3 §r§7 §r§8 
14:27:48 [allowed]  
14:27:48 [allowed] §f       §7You have §31 §7pending §3Bestiary Milestone §7to be claimed!
14:27:48 [allowed] §f                    §6§l>>> §6§lCLICK HERE§e to claim it! §6§l<<<
14:27:48 [allowed]   
14:27:50 [allowed] §aYou are playing on profile: §eCoconut§b (Co-op)
14:27:51 [allowed] §8Profile ID: 4ef1bd42-ec32-42d4-afba-b766eacde1e7
14:27:54 [allowed] §8[§r§3246§r§8] §r§7ф §r§b[MVP§r§0+§r§b] KobeAim§r§f: Buying t1 flower minion, /visit me
14:27:57 [allowed] §7Request join for Hub #3 (mega23A)...
14:27:57 [allowed] §7Sending to server mega23A...
14:27:59 [allowed] §8 §r§8 §r§1 §r§3 §r§3 §r§7 §r§8 
14:27:59 [allowed]  
14:27:59 [allowed] §f       §7You have §31 §7pending §3Bestiary Milestone §7to be claimed!
14:27:59 [allowed] §f                    §6§l>>> §6§lCLICK HERE§e to claim it! §6§l<<<
14:27:59 [allowed]   
14:28:01 [allowed] §aYou are playing on profile: §eCoconut§b (Co-op)
14:28:01 [allowed] §8Profile ID: 4ef1bd42-ec32-42d4-afba-b766eacde1e7
14:28:02 [allowed] §8[§r§3246§r§8] §r§7ф §r§b[MVP§r§0+§r§b] KobeAim§r§f: Buying t1 flower minion, /visit me
14:28:04 [allowed] §7Request join for Hub #4 (mega31C)...
14:28:04 [allowed] §7Sending to server mega31C...
14:28:06 [allowed] §8 §r§8 §r§1 §r§3 §r§3 §r§7 §r§8 
14:28:06 [allowed]  
14:28:06 [allowed] §f       §7You have §31 §7pending §3Bestiary Milestone §7to be claimed!
14:28:06 [allowed] §f                    §6§l>>> §6§lCLICK HERE§e to claim it! §6§l<<<
14:28:06 [allowed]   
14:28:08 [allowed] §aYou are playing on profile: §eCoconut§b (Co-op)
14:28:08 [allowed] §8Profile ID: 4ef1bd42-ec32-42d4-afba-b766eacde1e7
14:28:10 [allowed] §8[§r§3246§r§8] §r§7ф §r§b[MVP§r§0+§r§b] KobeAim§r§f: Buying t1 flower minion, /visit me
14:28:13 [allowed] §8[§r§72§r§8] §r§a[VIP§6+§a] Mollygirl76§f§r§f: im are map
14:28:13 [allowed] §7Request join for Hub #5 (mega6B)...
14:28:14 [allowed] §7Sending to server mega6B...
14:28:15 [allowed] §8 §r§8 §r§1 §r§3 §r§3 §r§7 §r§8 
14:28:15 [allowed]  
14:28:15 [allowed] §f       §7You have §31 §7pending §3Bestiary Milestone §7to be claimed!
14:28:15 [allowed] §f                    §6§l>>> §6§lCLICK HERE§e to claim it! §6§l<<<
14:28:15 [allowed]   
14:28:17 [allowed] §aYou are playing on profile: §eCoconut§b (Co-op)
14:28:17 [allowed] §8Profile ID: 4ef1bd42-ec32-42d4-afba-b766eacde1e7
14:28:18 [allowed] §8[§r§3246§r§8] §r§7ф §r§b[MVP§r§0+§r§b] KobeAim§r§f: Buying t1 flower minion, /visit me
14:28:21 [allowed] §8[§r§78§r§8] §r§a[VIP] 0_Zyo§f§r§f: can some1 sell me enchanted water bucket____+++++++++
14:28:27 [allowed] §7Request join for Hub #8 (mega6C)...
14:28:28 [allowed] §7Sending to server mega6C...
14:28:29 [allowed] §8 §r§8 §r§1 §r§3 §r§3 §r§7 §r§8 
14:28:29 [allowed]  
14:28:29 [allowed] §f       §7You have §31 §7pending §3Bestiary Milestone §7to be claimed!
14:28:29 [allowed] §f                    §6§l>>> §6§lCLICK HERE§e to claim it! §6§l<<<
14:28:29 [allowed]   
14:28:31 [allowed] §aYou are playing on profile: §eCoconut§b (Co-op)
14:28:32 [allowed] §8Profile ID: 4ef1bd42-ec32-42d4-afba-b766eacde1e7
14:28:33 [allowed] §8[§r§3246§r§8] §r§7ф §r§b[MVP§r§0+§r§b] KobeAim§r§f: Buying t1 flower minion, /visit me
14:28:37 [allowed] §7Request join for Hub #9 (mega17B)...
14:28:37 [allowed] §7Sending to server mega17B...
14:28:38 [allowed] §8 §r§8 §r§1 §r§3 §r§3 §r§7 §r§8 
14:28:38 [allowed]  
14:28:38 [allowed] §f       §7You have §31 §7pending §3Bestiary Milestone §7to be claimed!
14:28:38 [allowed] §f                    §6§l>>> §6§lCLICK HERE§e to claim it! §6§l<<<
14:28:38 [allowed]   
14:28:41 [allowed] §aYou are playing on profile: §eCoconut§b (Co-op)
14:28:41 [allowed] §8Profile ID: 4ef1bd42-ec32-42d4-afba-b766eacde1e7
14:28:43 [allowed] §8[§r§3246§r§8] §r§7ф §r§b[MVP§r§0+§r§b] KobeAim§r§f: Buying t1 flower minion, /visit me
14:28:47 [allowed] §7Request join for Hub #13 (mega14A)...
14:28:48 [allowed] §7Sending to server mega14A...
14:28:48 [allowed] §8 §r§8 §r§1 §r§3 §r§3 §r§7 §r§8 
14:28:49 [allowed]  
14:28:49 [allowed] §f       §7You have §31 §7pending §3Bestiary Milestone §7to be claimed!
14:28:49 [allowed] §f                    §6§l>>> §6§lCLICK HERE§e to claim it! §6§l<<<
14:28:49 [allowed]   
14:28:51 [allowed] §aYou are playing on profile: §eCoconut§b (Co-op)
14:28:51 [allowed] §8Profile ID: 4ef1bd42-ec32-42d4-afba-b766eacde1e7
14:28:51 [allowed] §8[§r§3246§r§8] §r§7ф §r§b[MVP§r§0+§r§b] KobeAim§r§f: Buying t1 flower minion, /visit me
14:29:25 [allowed] §8[§r§f47§r§8] §r§7Skijus§7§r§7: LF 1 t4 eman carry its ready to spawn
14:29:38 [allowed] §8[§r§f71§r§8] §r§7Burk38§7§r§7: u gonna pay?
14:29:45 [allowed] §8[§r§f47§r§8] §r§7Skijus§7§r§7: no ****
14:29:47 [allowed] §8[§r§a134§r§8] §r§a[VIP] Reallord__§f§r§f: scamming ur items at map for free (im in a race for 10m with my homie winner takes all 5.6m/10m)
14:29:49 [allowed] §8[§r§f47§r§8] §r§7Skijus§7§r§7: ofc i am
14:29:54 [allowed] §8[§r§f71§r§8] §r§7Burk38§7§r§7: 2 mil
14:30:03 [allowed] §8[§r§f47§r§8] §r§b[MVP§f+§b] Kingkong_777§f§r§f: nice sword on my ah go check it out!!!
14:30:05 [allowed] §8[§r§f47§r§8] §r§7Skijus§7§r§7: u cannot kill t4
14:30:14 [allowed] §8[§r§f71§r§8] §r§7Burk38§7§r§7: u sure?
14:30:27 [allowed] §8[§r§f47§r§8] §r§7Skijus§7§r§7: 98%
14:30:27 [allowed] §8[§r§f56§r§8] §r§7CodeAndreij§7§r§7: cab someone gift me can someone gift me a pumpkin dicer?
14:30:30 [allowed] §8[§r§716§r§8] §r§a[VIP] MeeZox2§f§r§f: hello
14:30:37 [allowed] §7Warping you to your SkyBlock island...
14:30:37 [allowed] §7Sending to server mini15BV...
14:30:39 [allowed] §8 §r§8 §r§1 §r§3 §r§3 §r§7 §r§8 
14:30:39 [allowed]  
14:30:39 [allowed] §f       §7You have §31 §7pending §3Bestiary Milestone §7to be claimed!
14:30:39 [allowed] §f                    §6§l>>> §6§lCLICK HERE§e to claim it! §6§l<<<
14:30:39 [allowed]   
14:30:41 [allowed] §aYou are playing on profile: §eCoconut§b (Co-op)
14:30:41 [allowed] §8Profile ID: 4ef1bd42-ec32-42d4-afba-b766eacde1e7
14:31:02 [allowed] §a§r§6Banking API is now enabled!
14:31:07 [allowed] §b-----------------------------------------------------
14:31:07 [allowed] §b[MVP§r§0+§r§b] KobeAim §r§aenabled Island Visits: §r§bAnyone§r§a!
14:31:07 [allowed] §b-----------------------------------------------------
14:31:11 [allowed] §7Warping...
14:31:11 [allowed] §7Sending to server mini195DQ...
14:31:12 [allowed] §8 §r§8 §r§1 §r§3 §r§3 §r§7 §r§8 
14:31:13 [allowed]  
14:31:13 [allowed] §f       §7You have §31 §7pending §3Bestiary Milestone §7to be claimed!
14:31:13 [allowed] §f                    §6§l>>> §6§lCLICK HERE§e to claim it! §6§l<<<
14:31:13 [allowed]   
14:31:15 [allowed] §aYou are playing on profile: §eCoconut§b (Co-op)
14:31:15 [allowed] §8Profile ID: 4ef1bd42-ec32-42d4-afba-b766eacde1e7
14:31:17 [allowed] §7Request join for Hub #1 (mega21A)...
14:31:17 [allowed] §7Sending to server mega21A...
14:31:18 [allowed] §8 §r§8 §r§1 §r§3 §r§3 §r§7 §r§8 
14:31:19 [allowed]  
14:31:19 [allowed] §f       §7You have §31 §7pending §3Bestiary Milestone §7to be claimed!
14:31:19 [allowed] §f                    §6§l>>> §6§lCLICK HERE§e to claim it! §6§l<<<
14:31:19 [allowed]   
14:31:21 [allowed] §aYou are playing on profile: §eCoconut§b (Co-op)
14:31:21 [allowed] §8Profile ID: 4ef1bd42-ec32-42d4-afba-b766eacde1e7
14:31:22 [allowed] §8[§r§a135§r§8] §r§7§l⚝ §r§a[VIP§6+§a] Iyeze§f§r§f: 5880 pelts trappers chest value???
14:31:24 [allowed] §8[§r§f65§r§8] §r§b[MVP§6+§b] xlarp§f§r§f: You cannot trade while the server is lagging!
14:31:26 [allowed] §6[Sacks] §r§a+1§r§e item§r§e.§r§8 (Last 5s.)
14:31:28 [allowed] §8[§r§f47§r§8] §r§7Skijus§7§r§7: LF 1 t4 eman carry, 1,5mil coins
14:31:30 [allowed] §8[§r§3246§r§8] §r§7ф §r§b[MVP§r§0+§r§b] KobeAim§r§f: Buying t1 flower minion for 40m, /visit me
14:31:34 [allowed] §7Request join for Hub #2 (mega17D)...
14:31:35 [allowed] §7Sending to server mega17D...
14:31:36 [allowed] §8 §r§8 §r§1 §r§3 §r§3 §r§7 §r§8 
14:31:36 [allowed]  
14:31:36 [allowed] §f       §7You have §31 §7pending §3Bestiary Milestone §7to be claimed!
14:31:36 [allowed] §f                    §6§l>>> §6§lCLICK HERE§e to claim it! §6§l<<<
14:31:36 [allowed]   
14:31:39 [allowed] §aYou are playing on profile: §eCoconut§b (Co-op)
14:31:39 [allowed] §8Profile ID: 4ef1bd42-ec32-42d4-afba-b766eacde1e7
14:31:41 [allowed] §8[§r§3246§r§8] §r§7ф §r§b[MVP§r§0+§r§b] KobeAim§r§f: Buying t1 flower minion for 40m, /visit me
14:31:46 [allowed] §8[§r§e93§r§8] §r§7§l⚝ §r§7_K4w1§7§r§7: LB 250m visit me for the best deals
14:31:51 [allowed] §7Request join for Hub #4 (mega31C)...
14:31:51 [allowed] §7Sending to server mega31C...
14:31:52 [allowed] §8 §r§8 §r§1 §r§3 §r§3 §r§7 §r§8 
14:31:53 [allowed]  
14:31:53 [allowed] §f       §7You have §31 §7pending §3Bestiary Milestone §7to be claimed!
14:31:53 [allowed] §f                    §6§l>>> §6§lCLICK HERE§e to claim it! §6§l<<<
14:31:53 [allowed]   
14:31:54 [allowed] §8[§r§f52§r§8] §r§a[VIP§6+§a] khuziboi§f§r§f: LOWballing 50% on aLL tier 11 MINIons /p mE if you got anY randoms
14:31:55 [allowed] §aYou are playing on profile: §eCoconut§b (Co-op)
14:31:55 [allowed] §8Profile ID: 4ef1bd42-ec32-42d4-afba-b766eacde1e7
14:31:57 [allowed] §8[§r§3246§r§8] §r§7ф §r§b[MVP§r§0+§r§b] KobeAim§r§f: Buying t1 flower minion for 40m, /visit me
14:32:06 [allowed] §7Request join for Hub #5 (mega6B)...
14:32:06 [allowed] §7Sending to server mega6B...
14:32:07 [allowed] §8 §r§8 §r§1 §r§3 §r§3 §r§7 §r§8 
14:32:08 [allowed]  
14:32:08 [allowed] §f       §7You have §31 §7pending §3Bestiary Milestone §7to be claimed!
14:32:08 [allowed] §f                    §6§l>>> §6§lCLICK HERE§e to claim it! §6§l<<<
14:32:08 [allowed]   
14:32:10 [allowed] §aYou are playing on profile: §eCoconut§b (Co-op)
14:32:10 [allowed] §8Profile ID: 4ef1bd42-ec32-42d4-afba-b766eacde1e7
14:32:12 [allowed] §8[§r§3246§r§8] §r§7ф §r§b[MVP§r§0+§r§b] KobeAim§r§f: Buying t1 flower minion for 40m, /visit me
14:32:17 [allowed] §7Request join for Hub #8 (mega6C)...
14:32:17 [allowed] §7Sending to server mega6C...
14:32:18 [allowed] §8 §r§8 §r§1 §r§3 §r§3 §r§7 §r§8 
14:32:19 [allowed]  
14:32:19 [allowed] §f       §7You have §31 §7pending §3Bestiary Milestone §7to be claimed!
14:32:19 [allowed] §f                    §6§l>>> §6§lCLICK HERE§e to claim it! §6§l<<<
14:32:19 [allowed]   
14:32:21 [allowed] §aYou are playing on profile: §eCoconut§b (Co-op)
14:32:21 [allowed] §8Profile ID: 4ef1bd42-ec32-42d4-afba-b766eacde1e7
14:32:21 [allowed] §8[§r§710§r§8] §r§7bunghole12329§7§r§7: please i need money
14:32:22 [allowed] §8[§r§3246§r§8] §r§7ф §r§b[MVP§r§0+§r§b] KobeAim§r§f: Buying t1 flower minion for 40m, /visit me
14:32:25 [allowed] §8[§r§a141§r§8] §r§6§lᛝ §r§a[VIP§6+§a] Resh237§f§r§f: grind
14:32:26 [allowed] §7Request join for Hub #9 (mega17B)...
14:32:26 [allowed] §7Sending to server mega17B...
14:32:27 [allowed] §8 §r§8 §r§1 §r§3 §r§3 §r§7 §r§8 
14:32:27 [allowed] §8[§r§b219§r§8] §r§7⚔ §r§b[MVP§6+§b] BigOleGrub§f§r§f: wheres the nice sword
14:32:28 [allowed]  
14:32:28 [allowed] §f       §7You have §31 §7pending §3Bestiary Milestone §7to be claimed!
14:32:28 [allowed] §f                    §6§l>>> §6§lCLICK HERE§e to claim it! §6§l<<<
14:32:28 [allowed]   
14:32:30 [allowed] §aYou are playing on profile: §eCoconut§b (Co-op)
14:32:30 [allowed] §8Profile ID: 4ef1bd42-ec32-42d4-afba-b766eacde1e7
14:32:31 [allowed] §8[§r§3246§r§8] §r§7ф §r§b[MVP§r§0+§r§b] KobeAim§r§f: Buying t1 flower minion for 40m, /visit me
14:32:36 [allowed] §7Request join for Hub #13 (mega14A)...
14:32:36 [allowed] §7Sending to server mega14A...
14:32:37 [allowed] §8 §r§8 §r§1 §r§3 §r§3 §r§7 §r§8 
14:32:37 [allowed]  
14:32:37 [allowed] §f       §7You have §31 §7pending §3Bestiary Milestone §7to be claimed!
14:32:37 [allowed] §f                    §6§l>>> §6§lCLICK HERE§e to claim it! §6§l<<<
14:32:37 [allowed]   
14:32:39 [allowed] §aYou are playing on profile: §eCoconut§b (Co-op)
14:32:39 [allowed] §8Profile ID: 4ef1bd42-ec32-42d4-afba-b766eacde1e7
14:32:40 [allowed] §8[§r§3246§r§8] §r§7ф §r§b[MVP§r§0+§r§b] KobeAim§r§f: Buying t1 flower minion for 40m, /visit me
14:32:49 [allowed] §7Request join for Hub #22 (mega18C)...
14:32:49 [allowed] §7Sending to server mega18C...
14:32:50 [allowed] §8 §r§8 §r§1 §r§3 §r§3 §r§7 §r§8 
14:32:50 [allowed]  
14:32:50 [allowed] §f       §7You have §31 §7pending §3Bestiary Milestone §7to be claimed!
14:32:50 [allowed] §f                    §6§l>>> §6§lCLICK HERE§e to claim it! §6§l<<<
14:32:50 [allowed]   
14:32:52 [allowed] §aYou are playing on profile: §eCoconut§b (Co-op)
14:32:52 [allowed] §8Profile ID: 4ef1bd42-ec32-42d4-afba-b766eacde1e7
14:32:54 [allowed] §8[§r§3246§r§8] §r§7ф §r§b[MVP§r§0+§r§b] KobeAim§r§f: Buying t1 flower minion for 40m, /visit me
14:32:57 [allowed] §7Request join for Hub #1 (mega21A)...
14:32:58 [allowed] §7Sending to server mega21A...
14:32:59 [allowed] §8 §r§8 §r§1 §r§3 §r§3 §r§7 §r§8 
14:33:00 [allowed]  
14:33:00 [allowed] §f       §7You have §31 §7pending §3Bestiary Milestone §7to be claimed!
14:33:00 [allowed] §f                    §6§l>>> §6§lCLICK HERE§e to claim it! §6§l<<<
14:33:00 [allowed]   
14:33:01 [allowed] §a§aYou tipped 2 players in 7 different games!
14:33:02 [allowed] §8[§r§9293§r§8] §r§b[MVP§f+§b] Topsnr2§f§r§f: buying 3 t11 fishing min, 2.2m/per, p me [][][][][]
14:33:03 [allowed] §aYou are playing on profile: §eCoconut§b (Co-op)
14:33:03 [allowed] §8Profile ID: 4ef1bd42-ec32-42d4-afba-b766eacde1e7
14:33:03 [allowed] §8[§r§f52§r§8] §r§a[VIP§6+§a] Fish657§f§r§f: lb 105m purse ./visit me///////
14:33:05 [allowed] §8[§r§a138§r§8] §r§7§l㋖ §r§a[VIP§6+§a] Vrrooom23§f§r§f: anyone want to do a basic tier kuudra
14:33:06 [allowed] §8[§r§f73§r§8] §r§a[VIP§6+§a] Xtroll58§f§r§f: Lowballing with 80m purse!!! /visit me (no hoes, minions, pet skins)
14:33:07 [allowed] §8[§r§2172§r§8] §r§6§lᛝ §r§b[MVP] bim750§f§r§f: LOWBALLING 4B
14:33:10 [allowed] §8[§r§3266§r§8] §r§6✿ §r§b[MVP§d+§b] PurpleFlames_§f§r§f: [!] Selling Lvl 103 Golden Dragon for 650M /p me [!] lb is 677m [!]
14:33:10 [allowed] §8[§r§a123§r§8] §r§a[VIP§6+§a] Samyyyi§f§r§f: any1 selling legendary level 100 baby yeti
14:33:11 [allowed] §8[§r§f68§r§8] §r§a[VIP] Botter_man§f§r§f: lwoballing 570m puurse good deals visit now !!!!!!!!!!!!!!!!!!!!!!!!!!!!!!!!!!!!!!!!!!!!!!!!!!!!!!!!!!!!!!!!!!!!!!!!!!!!!!!!!!!!!!!!!!!!!
14:33:13 [allowed] §8[§r§2177§r§8] §r§a[VIP] PLoHISH000§f§r§f: Selling Astraea /VISIT ME
14:33:14 [allowed] §7Kingsven55 §r§elaunched a §r§9Bat Firework §r§ein the Village. It's dropping candies for everyone!
14:33:14 [allowed] §8[§r§a134§r§8] §r§6ௐ §r§a[VIP] Pohzen§f§r§f: Lowballing 1b visit me
14:33:15 [allowed] §8[§2177§8] §r§a[VIP] PLoHISH000§f§7 is holding §r§8[§dSuspicious Astraea §6✪✪✪✪✪§c➋§8]
14:33:26 [allowed] §8[§r§d320§r§8] §r§6ᛃ §r§b[MVP§d+§b] CastorGourmand§f§r§f: sellin mf X aurora pieces for attribute price
14:33:31 [allowed] §8[§r§f43§r§8] §r§b[MVP§c+§b] heifangs§f§r§f: anyone want a free 1m
14:33:33 [allowed] §8[§r§e111§r§8] §r§7፠ §r§6[MVP§2++§6] CalcuIated§f§r§f: selling slime minions /p me
14:33:34 [allowed] §8[§r§e110§r§8] §r§b[MVP§9+§b] ToyotaWigo§f§r§f: heifangs
14:33:34 [allowed] §8[§r§a123§r§8] §r§a[VIP§6+§a] Samyyyi§f§r§f: me
14:33:34 [allowed] §8[§r§e118§r§8] §r§7☬ §r§b[MVP] BM_Maxy§f§r§f: me
14:33:35 [allowed] §8[§r§a134§r§8] §r§6ௐ §r§a[VIP] Pohzen§f§r§f: what does that mean CastorGourmand
14:33:36 [allowed] §8[§r§f46§r§8] §r§7HBlegend§7§r§7: me'
14:33:38 [allowed] §8[§r§e111§r§8] §r§7፠ §r§6[MVP§2++§6] CalcuIated§f§r§f: t11
14:33:39 [allowed] §8[§r§a134§r§8] §r§6ௐ §r§a[VIP] Pohzen§f§r§f: Lowballing 1b visit me /visit Pohzen no attri please
14:33:42 [allowed] §8[§r§a123§r§8] §r§a[VIP§6+§a] Samyyyi§f§r§f: heifang ma
14:33:43 [allowed] §8[§2177§8] §r§a[VIP] PLoHISH000§f§7 is holding §r§8[§dSuspicious Astraea §6✪✪✪✪✪§c➋§8]
14:33:45 [allowed] §8[§r§2177§r§8] §r§a[VIP] PLoHISH000§f§r§f: sell
14:33:46 [allowed] §8[§r§e94§r§8] §r§7☠ §r§a[VIP] IkheetJ§f§r§f: LOWBALLING 65M
14:33:46 [allowed] §8[§r§f46§r§8] §r§a[VIP§6+§a] SecureLocket527§f§r§f: selling scavenger ring on my ah for 500k under!
14:33:49 [allowed] §8[§r§2190§r§8] §r§7☠ §r§b[MVP§c+§b] Luffy_D_Boa§f§r§f: SELLING 7 STARRED mender crown ON MY AH! (2 master stars + recombed!) CHEAP AF
14:33:51 [allowed] §8[§r§9293§r§8] §r§b[MVP§f+§b] Topsnr2§f§r§f: buying 3 t11 fishing min, 2.2m/per, p me !!!!!!!!!!
14:33:52 [allowed] §8[§r§f52§r§8] §r§a[VIP§6+§a] Fish657§f§r§f: lb 105m purse ./visit me/////////////
14:33:52 [allowed] §8[§r§3266§r§8] §r§6✿ §r§b[MVP§d+§b] PurpleFlames_§f§r§f: [!] Selling Lvl 103 Golden Dragon for 650M /p me [!] lb is 677m [!][!] Selling Lvl 103 Golden Dragon for 650M /p me [!] lb is 677m [!]
14:33:53 [allowed] §8[§r§f52§r§8] §r§a[VIP§6+§a] Fish657§f§r§f: nty
14:33:54 [allowed] §8[§r§e92§r§8] §r§a[VIP] SunshineSushi§f§r§f: lowballing 110mill coins
14:33:56 [allowed] §8[§r§b205§r§8] §r§7⸎ §r§b[MVP§f+§b] Lynx_Undead§f§r§f: handle prices gonna tank
14:33:57 [allowed] §8[§r§d320§r§8] §r§6ᛃ §r§b[MVP§d+§b] CastorGourmand§f§r§f: i sell the armor pieces for the cost of mf X pohzen
14:33:59 [allowed] §8[§r§f43§r§8] §r§b[MVP§c+§b] heifangs§f§r§f: first person to trade req me
14:34:03 [allowed] §8[§r§e101§r§8] §r§7✧ §r§a[VIP§6+§a] Rayraylimo§f§r§f: Lowballing 400m /visit Rayraylimo
14:34:03 [allowed] §8[§2177§8] §r§a[VIP] PLoHISH000§f§7 is holding §r§8[§6Warped Aspect of the Void§8]
14:34:06 [allowed] §8[§r§2177§r§8] §r§a[VIP] PLoHISH000§f§r§f: selling
14:34:06 [allowed] §8[§r§e97§r§8] §r§b[MVP] stohieee§f§r§f: selling slime t11 2.2m/each
14:34:07 [allowed] §8[§r§e106§r§8] §r§a[VIP] a_new_Girl§f§r§f: lb vist me///////////////////////////////////////////////////////////////////////////////////////////////////////
14:34:07 [allowed] §8[§r§2172§r§8] §r§6§lᛝ §r§b[MVP] bim750§f§r§f: LOWBALLING 4B PURSE/visit bim750
14:34:13 [allowed] §8[§r§f68§r§8] §r§a[VIP] Botter_man§f§r§f: LOWBALLING 570M
14:34:14 [allowed] §8[§r§e106§r§8] §r§a[VIP] a_new_Girl§f§r§f: come my island 600m lb/////////////////////////////////////////////////////////////////////////////////////////////////////////////
14:34:20 [allowed] §8[§r§e91§r§8] §r§7✧ §r§a[VIP§6+§a] CoolGamerOG§f§r§f: need 2m at MAP pls help meeeeee xDDD
14:34:21 [allowed] §8[§2177§8] §r§a[VIP] PLoHISH000§f§7 is holding §r§8[§dSuspicious Astraea §6✪✪✪✪✪§c➋§8]
14:34:25 [allowed] §8[§r§e93§r§8] §r§a[VIP§6+§a] Solanafan§f§r§f: lowballing 348mil
14:34:26 [allowed] §8[§r§2177§r§8] §r§a[VIP] PLoHISH000§f§r§f: selling,,,,,,,,,,,,
14:34:29 [allowed] §8[§r§d325§r§8] §r§7➶ §r§a[VIP§6+§a] AArray§f§r§f: Lowballing 6.1b (100m+ | 6-13%)
14:34:30 [allowed] §8[§r§e91§r§8] §r§7✧ §r§a[VIP§6+§a] CoolGamerOG§f§r§f: need 2m at map help me xDDDD
14:34:31 [allowed] §8[§r§2172§r§8] §r§6§lᛝ §r§b[MVP] bim750§f§r§f: LOWBALLING 4B PURSE/visit bim750 rules
14:34:33 [allowed] §8[§r§e93§r§8] §r§a[VIP§6+§a] Solanafan§f§r§f: lowballing 348mil /visit Solanafan
14:34:34 [allowed] §8[§r§b218§r§8] §r§6✎ §r§a[VIP] radicalepolitiek§f§r§f: selling tarantula minions cheap!!!
14:34:34 [allowed] §8[§r§a123§r§8] §r§a[VIP§6+§a] Samyyyi§f§r§f: tysmmm
14:34:35 [allowed] §8[§r§f52§r§8] §r§a[VIP§6+§a] khuziboi§f§r§f: buying tier 1 flower minion for 45M /visit me
14:34:37 [allowed] §8[§r§722§r§8] §r§7Mixlos12§7§r§7: wise dragon armor with stars and a legendary sheep pet lvled up in my ah for good prices
14:34:41 [allowed] §8[§r§710§r§8] §r§7bunghole12329§7§r§7: im broke i need money for a auction
14:34:48 [allowed] §8[§r§2172§r§8] §r§6§lᛝ §r§b[MVP] bim750§f§r§f: LOWBALLING 4B PURSE
14:34:51 [allowed] §8[§r§2187§r§8] §r§6§lꤥ §r§7SACCHIES§7§r§7: 1B LB
14:34:53 [allowed] §8[§r§e93§r§8] §r§a[VIP§6+§a] Solanafan§f§r§f: lowballing 348mil visit me
14:34:53 [allowed] §8[§r§a134§r§8] §r§6ௐ §r§a[VIP] Pohzen§f§r§f: Lowballing 1b visit me /visit Pohzen
14:34:53 [allowed] §8[§r§a141§r§8] §r§b[MVP§e+§b] _Epic_Evan_§f§r§f: PLoHISH000 i give you 1 coin
14:34:54 [allowed] §8[§r§e91§r§8] §r§7✧ §r§a[VIP§6+§a] CoolGamerOG§f§r§f: ty man
14:34:58 [allowed] §8[§r§e91§r§8] §r§7✧ §r§a[VIP§6+§a] CoolGamerOG§f§r§f: >3
14:34:59 [allowed] §8[§r§9293§r§8] §r§b[MVP§f+§b] Topsnr2§f§r§f: buying 3 t11 fishing min, 2.2m/per, p me !!!!!!!!!!!!!!!!!!!!!!!!!
14:35:02 [allowed] §8[§r§710§r§8] §r§7bunghole12329§7§r§7: can i get aotd
14:35:04 [allowed] §8[§r§e93§r§8] §r§a[VIP§6+§a] Solanafan§f§r§f: lb 350m /visit Solanafan
14:35:05 [allowed] §8[§r§f52§r§8] §r§a[VIP§6+§a] Fish657§f§r§f: <3
14:35:05 [allowed] §8[§r§a134§r§8] §r§6ௐ §r§a[VIP] Pohzen§f§r§f: Lowballing 1b visit me
14:35:05 [allowed] §8[§r§2170§r§8] §r§6§lᛝ §r§a[VIP] Plouisee§f§r§f: lowballing 130mil
14:35:06 [allowed] §8[§r§2172§r§8] §r§6§lᛝ §r§b[MVP] bim750§f§r§f: LOWBALLING 4B
14:35:06 [allowed] §8[§r§e118§r§8] §r§7☬ §r§b[MVP] BM_Maxy§f§r§f: pls someone /visit me i need help on eman slayer
14:35:06 [allowed] §8[§r§e87§r§8] §r§a[VIP§6+§a] min_ju_dang§f§r§f: ??????????????????
14:35:07 [allowed] §8[§r§a123§r§8] §r§a[VIP§6+§a] Samyyyi§f§r§f: sellling
14:35:09 [allowed] §8[§r§e87§r§8] §r§a[VIP§6+§a] min_ju_dang§f§r§f: wc
14:35:11 [allowed] §8[§r§e93§r§8] §r§a[VIP§6+§a] Solanafan§f§r§f: lb 350m visit me
14:35:12 [allowed] §8[§a123§8] §r§a[VIP§6+§a] Samyyyi§f§7 is holding §r§8[§dFabled Giant's Sword §6✪✪✪✪✪§8]
14:35:13 [allowed] §8[§r§720§r§8] §r§7FBIAnimal§7§r§7: could anyone give me some coins plz
14:35:14 [allowed] §8[§r§714§r§8] §r§7Stalexo§7§r§7: Can anyone please give me coins? Im at the map :D any amount would be lovely :D THANKS
14:35:16 [allowed] §8[§r§a134§r§8] §r§6ௐ §r§a[VIP] Pohzen§f§r§f: i hate osu lowkey
14:35:19 [allowed] §8[§r§2170§r§8] §r§6§lᛝ §r§a[VIP] Plouisee§f§r§f: lbing 130m, also selling nether poich
14:35:21 [allowed] §8[§r§3273§r§8] §r§7☃ §r§a[VIP§6+§a] JustxBettr§f§r§f: LOWBALLING 800m
14:35:22 [allowed] §8[§r§a134§r§8] §r§6ௐ §r§a[VIP] Pohzen§f§r§f: Lowballing 1b visit me /visit Pohzen no attri please
14:35:22 [allowed] §8[§r§f52§r§8] §r§a[VIP§6+§a] Fish657§f§r§f: whyd u need 2m?
14:35:24 [allowed] §8[§r§e93§r§8] §r§a[VIP§6+§a] Solanafan§f§r§f: lb 350m
14:35:26 [allowed] §8[§r§2170§r§8] §r§6§lᛝ §r§a[VIP] Plouisee§f§r§f: osu good
14:35:28 [allowed] §8[§r§2170§r§8] §r§6§lᛝ §r§a[VIP] Plouisee§f§r§f: but osu hard
14:35:29 [allowed] §8[§r§e91§r§8] §r§7✧ §r§a[VIP§6+§a] CoolGamerOG§f§r§f: oh for a god pot man
14:35:30 [allowed] §8[§r§e93§r§8] §r§a[VIP§6+§a] Solanafan§f§r§f: lowballing 350m /visit Solanafan
14:35:31 [allowed] §8[§r§2170§r§8] §r§6§lᛝ §r§a[VIP] Plouisee§f§r§f: so osu bad
14:35:34 [allowed] §8[§r§a134§r§8] §r§6ௐ §r§a[VIP] Pohzen§f§r§f: Lowballing 1b visit me /visit Pohzen
14:35:34 [allowed] §8[§r§714§r§8] §r§7Stalexo§7§r§7: Can anybody please give me coins? im at the map any amount would be great :D
14:35:35 [allowed] §8[§r§f52§r§8] §r§a[VIP§6+§a] Fish657§f§r§f: phh haha alr
14:35:36 [allowed] §8[§r§3273§r§8] §r§7☃ §r§a[VIP§6+§a] JustxBettr§f§r§f: visit me lowballing 800m
14:35:37 [allowed] §8[§r§f52§r§8] §r§a[VIP§6+§a] Fish657§f§r§f: have a good one
14:35:37 [allowed] §8[§r§722§r§8] §r§7Mixlos12§7§r§7: check my ah theres wise dragon armor with stars and a legendary sheep pet 60+lvl for good prices
14:35:41 [allowed] §8[§r§f48§r§8] §r§a[VIP§6+§a] icerdanny§f§r§f: §r§f.......buying§r§f rabbit 6 potion 1m /p me if you have it\\\\\\\
14:35:41 [allowed] §8[§r§e93§r§8] §r§a[VIP§6+§a] Solanafan§f§r§f: lowballing 350m visit Solanafan FAST DEALS
14:35:50 [allowed] §8[§r§e118§r§8] §r§7☬ §r§b[MVP] BM_Maxy§f§r§f: i need some money, anyone help me out?
14:35:50 [allowed] §8[§r§2170§r§8] §r§6§lᛝ §r§a[VIP] Plouisee§f§r§f: lbing 130m, also selling nethert wart pouch
14:35:51 [allowed] §8[§r§a134§r§8] §r§6ௐ §r§a[VIP] Pohzen§f§r§f: Lowballing 1b visit me
14:35:51 [allowed] §8[§r§e118§r§8] §r§7☬ §r§b[MVP] BM_Maxy§f§r§f: pls
14:35:52 [allowed] §8[§r§9293§r§8] §r§b[MVP§f+§b] Topsnr2§f§r§f: buying 3 t11 fishing min, 2.2m/per, p me plz
14:35:52 [allowed] §8[§r§3273§r§8] §r§7☃ §r§a[VIP§6+§a] JustxBettr§f§r§f: lb 800m purse
14:35:54 [allowed] §cThere are blocks in the way!
14:35:54 [allowed] §8[§r§2191§r§8] §r§7੭ §r§b[MVP§c+§b] prstas§f§r§f: someone buy my ah 450m maxed out storm helm
14:35:56 [allowed] §8[§r§e93§r§8] §r§7§l⚝ §r§7_K4w1§7§r§7: LB 260m visit me for the best deals
14:35:59 [allowed] §cThere are blocks in the way!
14:36:00 [allowed] §cThere are blocks in the way!
14:36:00 [allowed] §8[§r§d320§r§8] §r§6ᛃ §r§b[MVP§d+§b] CastorGourmand§f§r§f: selling aurora for attribute price
14:36:00 [allowed] §8[§r§2172§r§8] §r§6§lᛝ §r§b[MVP] bim750§f§r§f: LOWBALLING 4B PURSE/visit bim750
14:36:02 [allowed] §8[§r§3274§r§8] §r§7§lツ §r§b[MVP§c+§b] Kxnox§f§r§f: buyin flower minion
14:36:06 [allowed] §8[§r§e91§r§8] §r§7✧ §r§a[VIP§6+§a] CoolGamerOG§f§r§f: ty
14:36:07 [allowed] §8[§r§2170§r§8] §r§6§lᛝ §r§a[VIP] Plouisee§f§r§f: lowballing 130mil, also selling netherwart pouch
14:36:10 [allowed] §8[§r§b208§r§8] §r§7§l⸕ §r§b[MVP§d+§b] santaa_clauss§f§r§f: lowballing with 2b coins visit me <3
14:36:14 [allowed] §8[§r§72§r§8] §r§a[VIP§6+§a] Mollygirl76§f§r§f: cheap armor on my ah
14:36:16 [allowed] §8[§r§e93§r§8] §r§7§l⚝ §r§7_K4w1§7§r§7: Lowballing 250m visita me now for the best deals
14:36:18 [allowed] §8[§r§3246§r§8] §r§7ф §r§b[MVP§r§0+§r§b] KobeAim§r§f: Buying t1 flower minion
14:36:24 [allowed] §8[§r§2172§r§8] §r§6§lᛝ §r§b[MVP] bim750§f§r§f: LOWBALLING 4B PURSE/visit bim750 rules
14:36:31 [allowed] §8[§r§f48§r§8] §r§a[VIP§6+§a] icerdanny§f§r§f: can anyone help me to make a rabbit 6 potion?
14:36:31 [allowed] §8[§r§f68§r§8] §r§a[VIP] Botter_man§f§r§f: LOWBALLING 570M VISIT ME NOW
14:36:32 [allowed] §aYou earned §r§2166 GEXP §r§afrom playing SkyBlock!
14:36:35 [allowed] §8[§r§f56§r§8] §r§7Biraaz§7§r§7: BUYING T4 EMAN CARRIES /p me 2M PER
14:36:38 [allowed] §8[§r§f68§r§8] §r§a[VIP] Botter_man§f§r§f: LOWBALLING 580M VISIT ME
14:36:40 [allowed] §8[§r§711§r§8] §r§7___oceanica___§7§r§7: buying hoes of greatest thilling and prismapump
14:36:44 [allowed] §8[§r§734§r§8] §r§a[VIP] ShuyanWasTaken§f§r§f: where can i find ender dragon pet
14:36:45 [allowed] §8[§r§b205§r§8] §r§7⸎ §r§b[MVP§f+§b] Lynx_Undead§f§r§f: eyd
14:36:48 [allowed] §8[§r§3260§r§8] §r§7§l℻ §r§b[MVP§f+§b] TrixyTM§f§r§f: Lowballing Exotics/Fiary/Crystal [!] YOU SAY PRICE [!] /p meLowballing Exotics/Fiary/Crystal [!] YOU SAY PRICE [!] /p me
14:36:49 [allowed] §8[§r§f68§r§8] §r§a[VIP] Botter_man§f§r§f: LOWVALLING 570M GOOD DEALS !!!!!!!!!!!!!!!!!!!!!!!!!!!!!!!!!!!!!!!!!!!!!!!!!!!!
14:36:49 [allowed] §8[§r§711§r§8] §r§7___oceanica___§7§r§7: buying hoes of greatest thilling and prismapump /p me if u sell
14:36:50 [allowed] §8[§r§e91§r§8] §r§7✧ §r§a[VIP§6+§a] CoolGamerOG§f§r§f: shuyan on the ah
14:36:51 [allowed] §8[§r§e92§r§8] §r§a[VIP] SunshineSushi§f§r§f: lowballing 110mill visit me
14:36:56 [allowed] §8[§r§2187§r§8] §r§6§lꤥ §r§7SACCHIES§7§r§7: 1B LB /Visit
14:36:57 [allowed] §8[§r§734§r§8] §r§a[VIP] ShuyanWasTaken§f§r§f: farm ?
14:37:01 [allowed] §8[§r§b205§r§8] §r§7⸎ §r§b[MVP§f+§b] Lynx_Undead§f§r§f: ShuyanWasTaken /ah or drop from killing dragons
14:37:05 [allowed] §8[§r§f52§r§8] §r§a[VIP§6+§a] Fish657§f§r§f: oops acc
14:37:06 [allowed] §8[§r§9293§r§8] §r§b[MVP§f+§b] Topsnr2§f§r§f: buying 3 t11 fishing min, 2.2m/per, p me plz..............
14:37:08 [allowed] §8[§r§f65§r§8] §r§7፠ §r§b[MVP§f+§b] TimeTrave1er§f§r§f: lb 220m till i get my scmmaed 500m back / DONT TRY TO SCAM ME
14:37:08 [allowed] §8[§r§734§r§8] §r§a[VIP] ShuyanWasTaken§f§r§f: tks u
14:37:11 [allowed] §c ☠ §r§7§r§bJadder§r§7 was killed by Revenant Horror§r§7§r§7.
14:37:20 [allowed] §8[§r§734§r§8] §r§a[VIP] ShuyanWasTaken§f§r§f: ender dragon et for 33m
14:37:21 [allowed] §8[§r§e114§r§8] §r§a[VIP] BabyKonz§f§r§f: buying wimp hype
14:37:21 [allowed] §8[§r§f75§r§8] §r§7ProLucas606§7§r§7: cheap biohazard gear on AH
14:37:23 [allowed] §8[§r§a130§r§8] §r§7❂ §r§a[VIP§6+§a] AaronHD947§f§r§f: need some1 to put ancient on my golden necron head
14:37:24 [allowed] §8[§r§734§r§8] §r§a[VIP] ShuyanWasTaken§f§r§f: who sell
14:37:35 [allowed] §8[§r§3274§r§8] §r§7§lツ §r§b[MVP§c+§b] Kxnox§f§r§f: buyin flower minion /p me or visit
14:37:35 [allowed] §8[§r§e106§r§8] §r§a[VIP] a_new_Girl§f§r§f: lb vist me///////////////////////////////////////////////////////////////////////////////////////////////////////
14:37:37 [allowed] §8[§r§3246§r§8] §r§7ф §r§b[MVP§r§0+§r§b] KobeAim§r§f: AaronHD947 I can do it for you
14:37:43 [allowed] §cThere are blocks in the way!
14:37:45 [allowed] §9§m-----------------------------------------------------§r§9
§r§a[VIP§r§6+§r§a] AaronHD947 §r§ehas invited you to join their party!
§r§eYou have §r§c60 §r§eseconds to accept. §r§6Click here to join!§r§9
§r§9§m-----------------------------------------------------
14:37:47 [allowed] §9§m-----------------------------------------------------
14:37:47 [allowed] §eYou have joined §r§a[VIP§r§6+§r§a] AaronHD947's §r§eparty!
14:37:47 [allowed] §9§m-----------------------------------------------------
14:37:47 [allowed] §8[§r§2186§r§8] §r§6§lᛝ §r§b[MVP§c+§b] SharpRNG§f§r§f: lowballing 700m purce /visit me
14:37:49 [allowed] §8[§r§f65§r§8] §r§7፠ §r§b[MVP§f+§b] TimeTrave1er§f§r§f: lb 220m till i get my scmmaed 500m back /visit TimeTrave1er / DONT TRY TO SCAM ME
14:37:49 [allowed] §cThere are blocks in the way!
14:37:50 [allowed] §8[§r§b235§r§8] §r§7§l⚛ §r§b[MVP§3+§b] Alekcs§f§r§f: lowballing 300m
14:37:51 [allowed] §8[§r§3260§r§8] §r§7§l℻ §r§b[MVP§f+§b] TrixyTM§f§r§f: Lowballing Exotics/Fiary/Crystal [!] YOU SAY PRICE [!] /p me
14:37:52 [allowed] §cThere are blocks in the way!
14:37:53 [allowed] §8[§r§d325§r§8] §r§7➶ §r§a[VIP§6+§a] AArray§f§r§f: Lowballing 6.1b (100m+ | 6-13%)
14:37:54 [allowed] §b[SkyBlock] §r§7idqh§r§7 §r§eis visiting §r§aYour Island§r§e!
14:37:58 [allowed] Unknown command. Type "/help" for help. ('os')
14:38:00 [allowed] §7Warping you to your SkyBlock island...
14:38:00 [allowed] §7Sending to server mini96BU...
14:38:01 [allowed] §8 §r§8 §r§1 §r§3 §r§3 §r§7 §r§8 
14:38:02 [allowed]  
14:38:02 [allowed] §f       §7You have §31 §7pending §3Bestiary Milestone §7to be claimed!
14:38:02 [allowed] §f                    §6§l>>> §6§lCLICK HERE§e to claim it! §6§l<<<
14:38:02 [allowed]   
14:38:04 [allowed] §aYou are playing on profile: §eCoconut§b (Co-op)
14:38:04 [allowed] §8Profile ID: 4ef1bd42-ec32-42d4-afba-b766eacde1e7
14:38:04 [allowed] §eYou have §r§a1 guest §r§eon your island!
14:38:06 [allowed] §8[§r§714§r§8] §r§a[✌] §7idqh§7§r§7: hi
14:38:06 [allowed] §8[§r§3246§r§8] §r§7ф §r§b[MVP§r§0+§r§b] KobeAim§r§f: o/
14:38:14 [allowed] §cYou're already in this channel!
14:38:17 [allowed] §8[§r§3246§r§8] §r§7ф §r§b[MVP§r§0+§r§b] KobeAim§r§f: what's up?
14:38:17 [allowed] §9Party §8> §a[VIP§6+§a] AaronHD947§f: §rcan u give collat
14:38:21 [allowed] §aYou are now in the §r§6PARTY§r§a channel
14:38:25 [allowed] §9Party §8> §b[MVP§0+§b] KobeAim§f: §rnope not tryna get scammed
14:38:34 [allowed] §9Party §8> §a[VIP§6+§a] AaronHD947§f: §ri wont
14:38:35 [allowed] §9Party §8> §b[MVP§0+§b] KobeAim§f: §rfind someone else if you wanna do it with collat
14:38:38 [allowed] §8[§r§714§r§8] §r§a[✌] §7idqh§7§r§7: i was gonna ask do u know a easy way to lvl up combat xp
14:38:40 [allowed] §9Party §8> §b[MVP§0+§b] KobeAim§f: §rdon't care
14:38:48 [allowed] §9Party §8> §a[VIP§6+§a] AaronHD947§f: §rok without
14:38:52 [allowed] §9Party §8> §b[MVP§0+§b] KobeAim§f: §rAight
14:38:57 [allowed] §9Party §8> §b[MVP§0+§b] KobeAim§f: §ryou can warp me
14:39:02 [allowed] §9Party §8> §b[MVP§0+§b] KobeAim§f: §ror go to my island
14:39:04 [allowed] §9Party §8> §b[MVP§0+§b] KobeAim§f: §reither one works
14:39:05 [allowed]  §9§l» §aAaronHD947 §eis traveling to §aHub §e§lFOLLOW
14:39:09 [allowed] §9§m-----------------------------
14:39:09 [allowed] §eParty Leader, §r§a[VIP§r§6+§r§a] AaronHD947§r§e, summoned you to their server.
14:39:09 [allowed] §9§m-----------------------------
14:39:09 [allowed] §7Sending to server mini67H...
14:39:10 [allowed] §8 §r§8 §r§1 §r§3 §r§3 §r§7 §r§8 
14:39:10 [allowed]  
14:39:10 [allowed] §f       §7You have §31 §7pending §3Bestiary Milestone §7to be claimed!
14:39:10 [allowed] §f                    §6§l>>> §6§lCLICK HERE§e to claim it! §6§l<<<
14:39:10 [allowed]   
14:39:12 [allowed] §aYou are playing on profile: §eCoconut§b (Co-op)
14:39:12 [allowed] §8Profile ID: 4ef1bd42-ec32-42d4-afba-b766eacde1e7
14:39:13 [allowed]  
14:39:13 [allowed]  
14:39:13 [allowed] §c[SECURITY] Sloth§f: Downloading suspicious mods or visiting untrusted discord servers can put your account at risk. It is up to you to keep your account secure!
14:39:13 [allowed] 
14:39:16 [allowed] §c[SECURITY] Sloth§f: Here are some helpful support articles that will help you keep your account more secure and avoid losing valuable progress or items.
14:39:16 [allowed] 
14:39:16 [allowed] §aYou used your §r§6Mining Speed Boost §r§aPickaxe Ability!
14:39:16 [allowed] §aYou have sent a trade request to §r§aAaronHD947§r§a.
14:39:17 [allowed] §eGeneral Security Support Article §b§lCLICK HERE
14:39:18 [allowed] §eSkyBlock Security Support Article §b§lCLICK HERE
14:39:19 [allowed] §cYour pickaxe ability is on cooldown for 117s.
14:39:19 [allowed] §cWoah there! You already have an outgoing /trade request!
14:39:26 [allowed] §cYour Mining Speed Boost has expired!
14:39:26 [allowed] §cYour /trade request to §r§a[VIP§r§6+§r§a] AaronHD947§r§f §r§cexpired!
14:39:32 [allowed] §9Party §8> §b[MVP§0+§b] KobeAim§f: §rwait
14:39:33 [allowed] §8[§r§a130§r§8] §r§7❂ §r§a[VIP§6+§a] AaronHD947§f§r§f: not sure if i can trust
14:39:33 [allowed] §9Party §8> §b[MVP§0+§b] KobeAim§f: §rbut
14:39:48 [allowed] §9Party §8> §b[MVP§0+§b] KobeAim§f: §ryou can't even give me a gold necron head xD
14:39:52 [allowed] §9Party §8> §b[MVP§0+§b] KobeAim§f: §rit's co-op soulbound
14:39:54 [allowed] §8[§r§a130§r§8] §r§7❂ §r§a[VIP§6+§a] AaronHD947§f§r§f: not?
14:39:57 [allowed] §aAaronHD947 §ahas sent you a trade request. §bClick here §ato accept!
14:40:04 [allowed] §9Party §8> §b[MVP§0+§b] KobeAim§f: §ror is it regular necron helmet
14:40:10 [allowed] §a[VIP§r§6+§r§a] AaronHD947§r§f §r§ccancelled the trade!
14:40:11 [allowed] §8[§r§a130§r§8] §r§7❂ §r§a[VIP§6+§a] AaronHD947§f§r§f: nvm
14:40:16 [allowed] §cThere are blocks in the way!
14:40:16 [allowed] §9Party §8> §a[VIP§6+§a] AaronHD947§f: §rmb
14:40:16 [allowed] §cThere are blocks in the way!
14:40:18 [allowed] §cThere are blocks in the way!
14:40:19 [allowed] §cThere are blocks in the way!
14:40:26 [allowed] §9§m-----------------------------------------------------
14:40:26 [allowed] §cThe party was disbanded because all invites expired and the party was empty.
14:40:26 [allowed] §9§m-----------------------------------------------------
14:40:27 [allowed] §8[§r§a130§r§8] §r§7❂ §r§a[VIP§6+§a] AaronHD947§f§r§f: bb
14:40:55 [allowed] §8Depositing coins...
14:40:55 [allowed] §aDeposited §r§664.7M coins§r§a! There's now §r§664.7M coins §r§ain the account!
