13:57:12 [PEST_DROP] §eYou received §a67x Enchanted Potato §efor killing a §2Locust§e!
13:57:22 [PEST_DROP] §eYou received §a49x Enchanted Cactus Green §efor killing a §2Mite§e!
13:57:31 [PEST_DROP] §eYou received §a98x Enchanted Potato §efor killing a §2Locust§e!
13:57:43 [PEST_DROP] §eYou received §a107x Enchanted Potato §efor killing a §2Locust§e!
13:57:52 [PEST_DROP] §eYou received §a112x Enchanted Potato §efor killing a §2Locust§e!
13:57:57 [PEST_DROP] §eYou received §a112x Enchanted Potato §efor killing a §2Locust§e!
13:58:05 [PEST_DROP] §eYou received §a64x Enchanted Cactus Green §efor killing a §2Mite§e!
13:58:14 [PEST_DROP] §eYou received §a32x Enchanted Pumpkin §efor killing a §2Rat§e!
13:58:21 [PEST_DROP] §eYou received §a94x Enchanted Cocoa Beans §efor killing a §2Moth§e!
13:58:21 [PEST_DROP] §eYou received §a112x Enchanted Potato §efor killing a §2Locust§e!
13:58:21 [PEST_DROP] §eYou received §a112x Enchanted Potato §efor killing a §2Locust§e!
13:58:22 [PEST_DROP] §eYou received §a32x Enchanted Red Mushroom §efor killing a §2Slug§e!
13:58:22 [PEST_DROP] §eYou received §a32x Enchanted Pumpkin §efor killing a §2Rat§e!
13:58:22 [PEST_DROP] §eYou received §a32x Enchanted Pumpkin §efor killing a §2Rat§e!
13:58:23 [PEST_DROP] §eYou received §a32x Enchanted Wheat §efor killing a §2Fly§e!
13:58:23 [PEST_DROP] §eYou received §a112x Enchanted Potato §efor killing a §2Locust§e!
13:58:23 [PEST_DROP] §eYou received §a112x Enchanted Potato §efor killing a §2Locust§e!
13:58:44 [GARDEN_VISITOR_MESSAGE] §e[NPC] §9Bartender§f: §r§fI want to make some new brews, do you think you can give me some ingredients to work with?
13:58:47 [GARDEN_VISITOR_MESSAGE] §e[NPC] §9Bartender§f: §r§fHard times we are in. Take care!
13:58:48 [GARDEN_VISITOR_MESSAGE] §e[NPC] §aVex§f: §r§fI have an offer for you that you can't refuse.
13:58:51 [GARDEN_VISITOR_MESSAGE] §e[NPC] §aVex§f: §r§fOh well that's awkward.
13:58:52 [GARDEN_VISITOR_MESSAGE] §e[NPC] §9Zog§f: §r§fI have a big problem. I lost my sense of taste, now I can't tell the difference between a melon and a cactus...
13:58:55 [GARDEN_VISITOR_MESSAGE] §e[NPC] §aJack§f: §r§fDid you know that you gain additional §6☘ Farming Fortune §fwhile on the §aThe Garden§f? You can check it in your SkyBlock Profile!
13:58:58 [GARDEN_VISITOR_MESSAGE] §e[NPC] §aJack§f: §r§fThanks for the crops. See ya around.
13:59:22 [GARDEN_VISITOR_MESSAGE] §e[NPC] §9Zog§f: §r§fEating enough of these surely should bring back my taste memories. Thank you.
