11:55:13 Trying to load config from config\skyhanni\config.json
11:55:13 load-config-now
11:55:14 Loaded config from file
11:55:14 Trying to load sacks from config\skyhanni\sacks.json
11:55:14 load-sacks-now
11:55:14 Loaded sacks from file
11:55:14 Trying to load friends from config\skyhanni\friends.json
11:55:14 load-friends-now
11:55:14 Loaded friends from file
11:55:14 Trying to load known_features from config\skyhanni\known_features.json
11:55:14 load-known_features-now
11:55:14 Loaded known_features from file
11:55:14 Trying to load jacob_contests from config\skyhanni\jacob_contests.json
11:55:14 load-jacob_contests-now
11:55:14 Loaded jacob_contests from file
11:55:14 Trying to load visual_words from config\skyhanni\visual_words.json
11:55:14 Setting visual_words to be blank as it did not exist. It will be saved once something is written to it
11:56:14 saveConfig: auto-save-60s
11:56:14 Saving config file
11:56:14 Saved config file successfully
11:56:14 saveConfig: auto-save-60s
11:56:14 Saving config file
11:56:14 Saved config file successfully
11:57:14 saveConfig: auto-save-60s
11:57:14 Saving config file
11:57:14 Saved config file successfully
11:57:14 saveConfig: auto-save-60s
11:57:14 Saving config file
11:57:14 Saved config file successfully
11:57:49 saveConfig: Updated known feature flags
11:57:49 Saving known_features file
11:57:49 Saved known_features file successfully
11:57:49 saveConfig: Updated known feature flags
11:57:49 Saving known_features file
11:57:49 Saved known_features file successfully
11:58:14 saveConfig: auto-save-60s
11:58:14 Saving config file
11:58:14 Saved config file successfully
11:58:14 saveConfig: auto-save-60s
11:58:14 Saving config file
11:58:14 Saved config file successfully
11:59:14 saveConfig: auto-save-60s
11:59:14 Saving config file
11:59:14 Saved config file successfully
11:59:14 saveConfig: auto-save-60s
11:59:14 Saving config file
11:59:14 Saved config file successfully
11:59:42 saveConfig: saving-data
11:59:42 Saving sacks file
11:59:42 Saved sacks file successfully
11:59:42 saveConfig: saving-data
11:59:42 Saving sacks file
11:59:42 Saved sacks file successfully
12:00:14 saveConfig: auto-save-60s
12:00:14 Saving config file
12:00:14 Saved config file successfully
12:00:14 saveConfig: auto-save-60s
12:00:14 Saving config file
12:00:14 Saved config file successfully
12:01:14 saveConfig: auto-save-60s
12:01:14 Saving config file
12:01:14 Saved config file successfully
12:01:14 saveConfig: auto-save-60s
12:01:14 Saving config file
12:01:14 Saved config file successfully
12:02:14 saveConfig: auto-save-60s
12:02:14 Saving config file
12:02:14 Saved config file successfully
12:02:14 saveConfig: auto-save-60s
12:02:14 Saving config file
12:02:14 Saved config file successfully
12:03:14 saveConfig: auto-save-60s
12:03:14 Saving config file
12:03:14 Saved config file successfully
12:03:14 saveConfig: auto-save-60s
12:03:14 Saving config file
12:03:14 Saved config file successfully
12:04:14 saveConfig: auto-save-60s
12:04:14 Saving config file
12:04:14 Saved config file successfully
12:04:14 saveConfig: auto-save-60s
12:04:14 Saving config file
12:04:14 Saved config file successfully
12:05:14 saveConfig: auto-save-60s
12:05:14 Saving config file
12:05:14 Saved config file successfully
12:05:14 saveConfig: auto-save-60s
12:05:14 Saving config file
12:05:14 Saved config file successfully
12:06:14 saveConfig: auto-save-60s
12:06:14 Saving config file
12:06:14 Saved config file successfully
12:06:14 saveConfig: auto-save-60s
12:06:14 Saving config file
12:06:14 Saved config file successfully
12:06:52 saveConfig: saving-data
12:06:52 Saving sacks file
12:06:52 Saved sacks file successfully
12:06:52 saveConfig: saving-data
12:06:52 Saving sacks file
12:06:52 Saved sacks file successfully
12:07:14 saveConfig: auto-save-60s
12:07:14 Saving config file
12:07:14 Saved config file successfully
12:07:14 saveConfig: auto-save-60s
12:07:14 Saving config file
12:07:14 Saved config file successfully
12:08:14 saveConfig: auto-save-60s
12:08:14 Saving config file
12:08:14 Saved config file successfully
12:08:14 saveConfig: auto-save-60s
12:08:14 Saving config file
12:08:14 Saved config file successfully
12:08:37 saveConfig: saving-data
12:08:37 Saving sacks file
12:08:37 Saved sacks file successfully
12:08:37 saveConfig: saving-data
12:08:37 Saving sacks file
12:08:37 Saved sacks file successfully
12:09:14 saveConfig: auto-save-60s
12:09:14 Saving config file
12:09:14 Saved config file successfully
12:09:14 saveConfig: auto-save-60s
12:09:14 Saving config file
12:09:14 Saved config file successfully
12:09:32 saveConfig: saving-data
12:09:32 Saving sacks file
12:09:32 Saved sacks file successfully
12:09:32 saveConfig: saving-data
12:09:32 Saving sacks file
12:09:32 Saved sacks file successfully
12:10:14 saveConfig: auto-save-60s
12:10:14 Saving config file
12:10:14 Saved config file successfully
12:10:14 saveConfig: auto-save-60s
12:10:14 Saving config file
12:10:14 Saved config file successfully
12:10:26 saveConfig: saving-data
12:10:26 Saving sacks file
12:10:26 Saved sacks file successfully
12:10:26 saveConfig: saving-data
12:10:26 Saving sacks file
12:10:26 Saved sacks file successfully
12:11:14 saveConfig: auto-save-60s
12:11:14 Saving config file
12:11:14 Saved config file successfully
12:11:14 saveConfig: auto-save-60s
12:11:14 Saving config file
12:11:14 Saved config file successfully
12:12:00 saveConfig: saving-data
12:12:00 Saving sacks file
12:12:00 Saved sacks file successfully
12:12:00 saveConfig: saving-data
12:12:00 Saving sacks file
12:12:00 Saved sacks file successfully
12:12:14 saveConfig: auto-save-60s
12:12:14 Saving config file
12:12:14 Saved config file successfully
12:12:14 saveConfig: auto-save-60s
12:12:14 Saving config file
12:12:14 Saved config file successfully
12:13:14 saveConfig: auto-save-60s
12:13:14 Saving config file
12:13:14 Saved config file successfully
12:13:14 saveConfig: auto-save-60s
12:13:14 Saving config file
12:13:14 Saved config file successfully
12:13:33 saveConfig: saving-data
12:13:33 Saving sacks file
12:13:33 Saved sacks file successfully
12:13:33 saveConfig: saving-data
12:13:33 Saving sacks file
12:13:33 Saved sacks file successfully
12:13:45 saveConfig: saving-data
12:13:45 Saving sacks file
12:13:45 Saved sacks file successfully
12:13:45 saveConfig: saving-data
12:13:45 Saving sacks file
12:13:45 Saved sacks file successfully
12:14:14 saveConfig: auto-save-60s
12:14:14 Saving config file
12:14:14 Saved config file successfully
12:14:14 saveConfig: auto-save-60s
12:14:14 Saving config file
12:14:14 Saved config file successfully
12:15:14 saveConfig: auto-save-60s
12:15:14 Saving config file
12:15:14 Saved config file successfully
12:15:14 saveConfig: auto-save-60s
12:15:14 Saving config file
12:15:14 Saved config file successfully
12:15:35 saveConfig: saving-data
12:15:35 Saving sacks file
12:15:35 Saved sacks file successfully
12:15:35 saveConfig: saving-data
12:15:35 Saving sacks file
12:15:35 Saved sacks file successfully
12:16:02 saveConfig: saving-data
12:16:02 Saving sacks file
12:16:02 Saved sacks file successfully
12:16:02 saveConfig: saving-data
12:16:02 Saving sacks file
12:16:02 Saved sacks file successfully
12:16:14 saveConfig: auto-save-60s
12:16:14 Saving config file
12:16:14 Saved config file successfully
12:16:14 saveConfig: auto-save-60s
12:16:14 Saving config file
12:16:14 Saved config file successfully
12:16:58 saveConfig: saving-data
12:16:58 Saving sacks file
12:16:59 Saved sacks file successfully
12:16:59 saveConfig: saving-data
12:16:59 Saving sacks file
12:16:59 Saved sacks file successfully
12:17:11 saveConfig: saving-data
12:17:11 Saving sacks file
12:17:11 Saved sacks file successfully
12:17:11 saveConfig: saving-data
12:17:11 Saving sacks file
12:17:11 Saved sacks file successfully
12:17:14 saveConfig: auto-save-60s
12:17:14 Saving config file
12:17:14 Saved config file successfully
12:17:14 saveConfig: auto-save-60s
12:17:14 Saving config file
12:17:14 Saved config file successfully
12:17:53 saveConfig: saving-data
12:17:53 Saving sacks file
12:17:53 Saved sacks file successfully
12:17:53 saveConfig: saving-data
12:17:53 Saving sacks file
12:17:53 Saved sacks file successfully
12:18:14 saveConfig: auto-save-60s
12:18:14 Saving config file
12:18:14 Saved config file successfully
12:18:14 saveConfig: auto-save-60s
12:18:14 Saving config file
12:18:14 Saved config file successfully
12:18:24 saveConfig: saving-data
12:18:24 Saving sacks file
12:18:24 Saved sacks file successfully
12:18:24 saveConfig: saving-data
12:18:24 Saving sacks file
12:18:24 Saved sacks file successfully
12:18:38 saveConfig: saving-data
12:18:38 Saving sacks file
12:18:38 Saved sacks file successfully
12:18:38 saveConfig: saving-data
12:18:38 Saving sacks file
12:18:38 Saved sacks file successfully
12:19:11 saveConfig: saving-data
12:19:11 Saving sacks file
12:19:11 Saved sacks file successfully
12:19:11 saveConfig: saving-data
12:19:11 Saving sacks file
12:19:11 Saved sacks file successfully
12:19:14 saveConfig: auto-save-60s
12:19:14 Saving config file
12:19:14 Saved config file successfully
12:19:14 saveConfig: auto-save-60s
12:19:14 Saving config file
12:19:14 Saved config file successfully
12:19:20 saveConfig: saving-data
12:19:20 Saving sacks file
12:19:20 Saved sacks file successfully
12:19:20 saveConfig: saving-data
12:19:20 Saving sacks file
12:19:20 Saved sacks file successfully
12:19:52 saveConfig: saving-data
12:19:52 Saving sacks file
12:19:52 Saved sacks file successfully
12:19:52 saveConfig: saving-data
12:19:52 Saving sacks file
12:19:52 Saved sacks file successfully
12:20:14 saveConfig: auto-save-60s
12:20:14 Saving config file
12:20:14 Saved config file successfully
12:20:14 saveConfig: auto-save-60s
12:20:14 Saving config file
12:20:14 Saved config file successfully
12:20:24 saveConfig: saving-data
12:20:24 Saving sacks file
12:20:24 Saved sacks file successfully
12:20:24 saveConfig: saving-data
12:20:24 Saving sacks file
12:20:24 Saved sacks file successfully
12:20:55 saveConfig: saving-data
12:20:55 Saving sacks file
12:20:55 Saved sacks file successfully
12:20:55 saveConfig: saving-data
12:20:55 Saving sacks file
12:20:55 Saved sacks file successfully
12:21:14 saveConfig: auto-save-60s
12:21:14 Saving config file
12:21:14 Saved config file successfully
12:21:14 saveConfig: auto-save-60s
12:21:14 Saving config file
12:21:14 Saved config file successfully
12:21:23 saveConfig: saving-data
12:21:23 Saving sacks file
12:21:23 Saved sacks file successfully
12:21:23 saveConfig: saving-data
12:21:23 Saving sacks file
12:21:23 Saved sacks file successfully
12:22:00 saveConfig: saving-data
12:22:00 Saving sacks file
12:22:00 Saved sacks file successfully
12:22:00 saveConfig: saving-data
12:22:00 Saving sacks file
12:22:00 Saved sacks file successfully
12:22:14 saveConfig: auto-save-60s
12:22:14 Saving config file
12:22:14 Saved config file successfully
12:22:14 saveConfig: auto-save-60s
12:22:14 Saving config file
12:22:14 Saved config file successfully
12:22:21 saveConfig: saving-data
12:22:21 Saving sacks file
12:22:21 Saved sacks file successfully
12:22:21 saveConfig: saving-data
12:22:21 Saving sacks file
12:22:21 Saved sacks file successfully
12:22:58 saveConfig: saving-data
12:22:58 Saving sacks file
12:22:58 Saved sacks file successfully
12:22:58 saveConfig: saving-data
12:22:58 Saving sacks file
12:22:58 Saved sacks file successfully
12:23:14 saveConfig: auto-save-60s
12:23:14 Saving config file
12:23:14 Saved config file successfully
12:23:14 saveConfig: auto-save-60s
12:23:14 Saving config file
12:23:14 Saved config file successfully
12:23:30 saveConfig: saving-data
12:23:30 Saving sacks file
12:23:30 Saved sacks file successfully
12:23:30 saveConfig: saving-data
12:23:30 Saving sacks file
12:23:30 Saved sacks file successfully
12:24:01 saveConfig: saving-data
12:24:01 Saving sacks file
12:24:01 Saved sacks file successfully
12:24:01 saveConfig: saving-data
12:24:01 Saving sacks file
12:24:01 Saved sacks file successfully
12:24:14 saveConfig: auto-save-60s
12:24:14 Saving config file
12:24:14 Saved config file successfully
12:24:14 saveConfig: auto-save-60s
12:24:14 Saving config file
12:24:14 Saved config file successfully
12:24:20 saveConfig: saving-data
12:24:20 Saving sacks file
12:24:20 Saved sacks file successfully
12:24:20 saveConfig: saving-data
12:24:20 Saving sacks file
12:24:21 Saved sacks file successfully
12:25:14 saveConfig: auto-save-60s
12:25:14 Saving config file
12:25:14 Saved config file successfully
12:25:14 saveConfig: auto-save-60s
12:25:14 Saving config file
12:25:14 Saved config file successfully
12:26:14 saveConfig: auto-save-60s
12:26:14 Saving config file
12:26:14 Saved config file successfully
12:26:14 saveConfig: auto-save-60s
12:26:14 Saving config file
12:26:14 Saved config file successfully
12:27:14 saveConfig: auto-save-60s
12:27:14 Saving config file
12:27:14 Saved config file successfully
12:27:14 saveConfig: auto-save-60s
12:27:14 Saving config file
12:27:14 Saved config file successfully
12:28:14 saveConfig: auto-save-60s
12:28:14 Saving config file
12:28:14 Saved config file successfully
12:28:14 saveConfig: auto-save-60s
12:28:14 Saving config file
12:28:14 Saved config file successfully
12:29:14 saveConfig: auto-save-60s
12:29:14 Saving config file
12:29:14 Saved config file successfully
12:29:14 saveConfig: auto-save-60s
12:29:14 Saving config file
12:29:14 Saved config file successfully
12:30:14 saveConfig: auto-save-60s
12:30:14 Saving config file
12:30:14 Saved config file successfully
12:30:14 saveConfig: auto-save-60s
12:30:14 Saving config file
12:30:14 Saved config file successfully
12:31:14 saveConfig: auto-save-60s
12:31:14 Saving config file
12:31:14 Saved config file successfully
12:31:14 saveConfig: auto-save-60s
12:31:14 Saving config file
12:31:14 Saved config file successfully
12:31:19 saveConfig: saving-data
12:31:19 Saving sacks file
12:31:19 Saved sacks file successfully
12:31:19 saveConfig: saving-data
12:31:19 Saving sacks file
12:31:19 Saved sacks file successfully
12:31:45 saveConfig: saving-data
12:31:45 Saving sacks file
12:31:45 Saved sacks file successfully
12:31:45 saveConfig: saving-data
12:31:45 Saving sacks file
12:31:45 Saved sacks file successfully
12:31:59 saveConfig: saving-data
12:31:59 Saving sacks file
12:31:59 Saved sacks file successfully
12:31:59 saveConfig: saving-data
12:31:59 Saving sacks file
12:31:59 Saved sacks file successfully
12:32:14 saveConfig: auto-save-60s
12:32:14 Saving config file
12:32:14 Saved config file successfully
12:32:14 saveConfig: auto-save-60s
12:32:14 Saving config file
12:32:14 Saved config file successfully
12:33:09 saveConfig: saving-data
12:33:09 Saving sacks file
12:33:09 Saved sacks file successfully
12:33:09 saveConfig: saving-data
12:33:09 Saving sacks file
12:33:09 Saved sacks file successfully
12:33:14 saveConfig: auto-save-60s
12:33:14 Saving config file
12:33:14 Saved config file successfully
12:33:14 saveConfig: auto-save-60s
12:33:14 Saving config file
12:33:14 Saved config file successfully
12:33:15 saveConfig: saving-data
12:33:15 Saving sacks file
12:33:15 Saved sacks file successfully
12:33:15 saveConfig: saving-data
12:33:15 Saving sacks file
12:33:15 Saved sacks file successfully
12:33:53 saveConfig: saving-data
12:33:53 Saving sacks file
12:33:53 Saved sacks file successfully
12:33:53 saveConfig: saving-data
12:33:53 Saving sacks file
12:33:53 Saved sacks file successfully
12:34:14 saveConfig: auto-save-60s
12:34:14 Saving config file
12:34:14 Saved config file successfully
12:34:14 saveConfig: auto-save-60s
12:34:14 Saving config file
12:34:14 Saved config file successfully
12:35:14 saveConfig: auto-save-60s
12:35:14 Saving config file
12:35:14 Saved config file successfully
12:35:14 saveConfig: auto-save-60s
12:35:14 Saving config file
12:35:14 Saved config file successfully
12:36:14 saveConfig: auto-save-60s
12:36:14 Saving config file
12:36:14 Saved config file successfully
12:36:14 saveConfig: auto-save-60s
12:36:14 Saving config file
12:36:14 Saved config file successfully
12:37:14 saveConfig: auto-save-60s
12:37:14 Saving config file
12:37:14 Saved config file successfully
12:37:14 saveConfig: auto-save-60s
12:37:14 Saving config file
12:37:14 Saved config file successfully
12:37:43 saveConfig: saving-data
12:37:43 Saving sacks file
12:37:43 Saved sacks file successfully
12:37:43 saveConfig: saving-data
12:37:43 Saving sacks file
12:37:43 Saved sacks file successfully
12:38:02 saveConfig: saving-data
12:38:02 Saving sacks file
12:38:02 Saved sacks file successfully
12:38:02 saveConfig: saving-data
12:38:02 Saving sacks file
12:38:02 Saved sacks file successfully
12:38:14 saveConfig: auto-save-60s
12:38:14 Saving config file
12:38:14 Saved config file successfully
12:38:14 saveConfig: auto-save-60s
12:38:14 Saving config file
12:38:14 Saved config file successfully
12:39:14 saveConfig: auto-save-60s
12:39:14 Saving config file
12:39:14 Saved config file successfully
12:39:14 saveConfig: auto-save-60s
12:39:14 Saving config file
12:39:14 Saved config file successfully
12:40:14 saveConfig: auto-save-60s
12:40:14 Saving config file
12:40:14 Saved config file successfully
12:40:14 saveConfig: auto-save-60s
12:40:14 Saving config file
12:40:14 Saved config file successfully
12:41:14 saveConfig: auto-save-60s
12:41:14 Saving config file
12:41:14 Saved config file successfully
12:41:14 saveConfig: auto-save-60s
12:41:14 Saving config file
12:41:14 Saved config file successfully
12:42:14 saveConfig: auto-save-60s
12:42:14 Saving config file
12:42:14 Saved config file successfully
12:42:14 saveConfig: auto-save-60s
12:42:14 Saving config file
12:42:14 Saved config file successfully
12:43:14 saveConfig: auto-save-60s
12:43:14 Saving config file
12:43:14 Saved config file successfully
12:43:14 saveConfig: auto-save-60s
12:43:14 Saving config file
12:43:14 Saved config file successfully
12:44:14 saveConfig: auto-save-60s
12:44:14 Saving config file
12:44:14 Saved config file successfully
12:44:14 saveConfig: auto-save-60s
12:44:14 Saving config file
12:44:14 Saved config file successfully
12:45:14 saveConfig: auto-save-60s
12:45:14 Saving config file
12:45:14 Saved config file successfully
12:45:14 saveConfig: auto-save-60s
12:45:14 Saving config file
12:45:14 Saved config file successfully
12:46:14 saveConfig: auto-save-60s
12:46:14 Saving config file
12:46:14 Saved config file successfully
12:46:14 saveConfig: auto-save-60s
12:46:14 Saving config file
12:46:14 Saved config file successfully
12:47:14 saveConfig: auto-save-60s
12:47:14 Saving config file
12:47:14 Saved config file successfully
12:47:14 saveConfig: auto-save-60s
12:47:14 Saving config file
12:47:14 Saved config file successfully
12:48:14 saveConfig: auto-save-60s
12:48:14 Saving config file
12:48:14 Saved config file successfully
12:48:14 saveConfig: auto-save-60s
12:48:14 Saving config file
12:48:14 Saved config file successfully
12:49:14 saveConfig: auto-save-60s
12:49:14 Saving config file
12:49:14 Saved config file successfully
12:49:14 saveConfig: auto-save-60s
12:49:14 Saving config file
12:49:14 Saved config file successfully
12:50:14 saveConfig: auto-save-60s
12:50:14 Saving config file
12:50:14 Saved config file successfully
12:50:14 saveConfig: auto-save-60s
12:50:14 Saving config file
12:50:14 Saved config file successfully
12:51:14 saveConfig: auto-save-60s
12:51:14 Saving config file
12:51:14 Saved config file successfully
12:51:14 saveConfig: auto-save-60s
12:51:14 Saving config file
12:51:14 Saved config file successfully
12:52:14 saveConfig: auto-save-60s
12:52:14 Saving config file
12:52:14 Saved config file successfully
12:52:14 saveConfig: auto-save-60s
12:52:14 Saving config file
12:52:14 Saved config file successfully
12:53:14 saveConfig: auto-save-60s
12:53:14 Saving config file
12:53:14 Saved config file successfully
12:53:14 saveConfig: auto-save-60s
12:53:14 Saving config file
12:53:14 Saved config file successfully
12:54:14 saveConfig: auto-save-60s
12:54:14 Saving config file
12:54:14 Saved config file successfully
12:54:14 saveConfig: auto-save-60s
12:54:14 Saving config file
12:54:14 Saved config file successfully
12:55:14 saveConfig: auto-save-60s
12:55:14 Saving config file
12:55:14 Saved config file successfully
12:55:14 saveConfig: auto-save-60s
12:55:14 Saving config file
12:55:14 Saved config file successfully
12:56:14 saveConfig: auto-save-60s
12:56:14 Saving config file
12:56:14 Saved config file successfully
12:56:14 saveConfig: auto-save-60s
12:56:14 Saving config file
12:56:14 Saved config file successfully
12:57:14 saveConfig: auto-save-60s
12:57:14 Saving config file
12:57:14 Saved config file successfully
12:57:14 saveConfig: auto-save-60s
12:57:14 Saving config file
12:57:14 Saved config file successfully
12:58:14 saveConfig: auto-save-60s
12:58:14 Saving config file
12:58:14 Saved config file successfully
12:58:14 saveConfig: auto-save-60s
12:58:14 Saving config file
12:58:14 Saved config file successfully
12:59:14 saveConfig: auto-save-60s
12:59:14 Saving config file
12:59:14 Saved config file successfully
12:59:14 saveConfig: auto-save-60s
12:59:14 Saving config file
12:59:14 Saved config file successfully
13:00:14 saveConfig: auto-save-60s
13:00:14 Saving config file
13:00:14 Saved config file successfully
13:00:14 saveConfig: auto-save-60s
13:00:14 Saving config file
13:00:14 Saved config file successfully
13:01:14 saveConfig: auto-save-60s
13:01:14 Saving config file
13:01:14 Saved config file successfully
13:01:14 saveConfig: auto-save-60s
13:01:14 Saving config file
13:01:14 Saved config file successfully
13:02:14 saveConfig: auto-save-60s
13:02:14 Saving config file
13:02:14 Saved config file successfully
13:02:14 saveConfig: auto-save-60s
13:02:14 Saving config file
13:02:14 Saved config file successfully
13:03:14 saveConfig: auto-save-60s
13:03:14 Saving config file
13:03:14 Saved config file successfully
13:03:14 saveConfig: auto-save-60s
13:03:14 Saving config file
13:03:14 Saved config file successfully
13:04:14 saveConfig: auto-save-60s
13:04:14 Saving config file
13:04:14 Saved config file successfully
13:04:14 saveConfig: auto-save-60s
13:04:14 Saving config file
13:04:14 Saved config file successfully
13:05:14 saveConfig: auto-save-60s
13:05:14 Saving config file
13:05:14 Saved config file successfully
13:05:14 saveConfig: auto-save-60s
13:05:14 Saving config file
13:05:14 Saved config file successfully
13:06:14 saveConfig: auto-save-60s
13:06:14 Saving config file
13:06:14 Saved config file successfully
13:06:14 saveConfig: auto-save-60s
13:06:14 Saving config file
13:06:14 Saved config file successfully
13:06:42 saveConfig: saving-data
13:06:42 Saving sacks file
13:06:42 Saved sacks file successfully
13:06:42 saveConfig: saving-data
13:06:42 Saving sacks file
13:06:42 Saved sacks file successfully
13:07:14 saveConfig: auto-save-60s
13:07:14 Saving config file
13:07:14 Saved config file successfully
13:07:14 saveConfig: auto-save-60s
13:07:14 Saving config file
13:07:14 Saved config file successfully
13:08:14 saveConfig: auto-save-60s
13:08:14 Saving config file
13:08:14 Saved config file successfully
13:08:14 saveConfig: auto-save-60s
13:08:14 Saving config file
13:08:14 Saved config file successfully
13:08:54 saveConfig: saving-data
13:08:54 Saving sacks file
13:08:54 Saved sacks file successfully
13:08:54 saveConfig: saving-data
13:08:54 Saving sacks file
13:08:54 Saved sacks file successfully
13:09:11 saveConfig: saving-data
13:09:11 Saving sacks file
13:09:11 Saved sacks file successfully
13:09:11 saveConfig: saving-data
13:09:11 Saving sacks file
13:09:11 Saved sacks file successfully
13:09:14 saveConfig: auto-save-60s
13:09:14 Saving config file
13:09:14 Saved config file successfully
13:09:14 saveConfig: auto-save-60s
13:09:14 Saving config file
13:09:14 Saved config file successfully
13:09:18 saveConfig: saving-data
13:09:18 Saving sacks file
13:09:18 Saved sacks file successfully
13:09:18 saveConfig: saving-data
13:09:18 Saving sacks file
13:09:18 Saved sacks file successfully
13:09:41 saveConfig: saving-data
13:09:41 Saving sacks file
13:09:41 Saved sacks file successfully
13:09:41 saveConfig: saving-data
13:09:41 Saving sacks file
13:09:41 Saved sacks file successfully
13:10:14 saveConfig: auto-save-60s
13:10:14 Saving config file
13:10:14 Saved config file successfully
13:10:14 saveConfig: auto-save-60s
13:10:14 Saving config file
13:10:14 Saved config file successfully
13:11:14 saveConfig: auto-save-60s
13:11:14 Saving config file
13:11:14 Saved config file successfully
13:11:14 saveConfig: auto-save-60s
13:11:14 Saving config file
13:11:14 Saved config file successfully
13:12:14 saveConfig: auto-save-60s
13:12:14 Saving config file
13:12:14 Saved config file successfully
13:12:14 saveConfig: auto-save-60s
13:12:14 Saving config file
13:12:14 Saved config file successfully
13:12:23 saveConfig: saving-data
13:12:23 Saving sacks file
13:12:23 Saved sacks file successfully
13:12:23 saveConfig: saving-data
13:12:23 Saving sacks file
13:12:23 Saved sacks file successfully
13:12:43 saveConfig: saving-data
13:12:43 Saving sacks file
13:12:43 Saved sacks file successfully
13:12:43 saveConfig: saving-data
13:12:43 Saving sacks file
13:12:43 Saved sacks file successfully
13:12:53 saveConfig: saving-data
13:12:53 Saving sacks file
13:12:53 Saved sacks file successfully
13:12:53 saveConfig: saving-data
13:12:53 Saving sacks file
13:12:53 Saved sacks file successfully
13:13:14 saveConfig: auto-save-60s
13:13:14 Saving config file
13:13:14 Saved config file successfully
13:13:14 saveConfig: auto-save-60s
13:13:14 Saving config file
13:13:14 Saved config file successfully
13:13:23 saveConfig: saving-data
13:13:23 Saving sacks file
13:13:23 Saved sacks file successfully
13:13:23 saveConfig: saving-data
13:13:23 Saving sacks file
13:13:23 Saved sacks file successfully
13:14:03 saveConfig: saving-data
13:14:03 Saving sacks file
13:14:03 Saved sacks file successfully
13:14:03 saveConfig: saving-data
13:14:03 Saving sacks file
13:14:03 Saved sacks file successfully
13:14:14 saveConfig: auto-save-60s
13:14:14 Saving config file
13:14:14 Saved config file successfully
13:14:14 saveConfig: auto-save-60s
13:14:14 Saving config file
13:14:14 Saved config file successfully
13:14:17 saveConfig: saving-data
13:14:17 Saving sacks file
13:14:17 Saved sacks file successfully
13:14:17 saveConfig: saving-data
13:14:17 Saving sacks file
13:14:17 Saved sacks file successfully
13:14:43 saveConfig: saving-data
13:14:43 Saving sacks file
13:14:44 Saved sacks file successfully
13:14:44 saveConfig: saving-data
13:14:44 Saving sacks file
13:14:44 Saved sacks file successfully
13:15:14 saveConfig: auto-save-60s
13:15:14 Saving config file
13:15:14 Saved config file successfully
13:15:14 saveConfig: auto-save-60s
13:15:14 Saving config file
13:15:14 Saved config file successfully
13:16:02 saveConfig: saving-data
13:16:02 Saving sacks file
13:16:02 Saved sacks file successfully
13:16:02 saveConfig: saving-data
13:16:02 Saving sacks file
13:16:02 Saved sacks file successfully
13:16:10 saveConfig: saving-data
13:16:10 Saving sacks file
13:16:10 Saved sacks file successfully
13:16:10 saveConfig: saving-data
13:16:10 Saving sacks file
13:16:10 Saved sacks file successfully
13:16:14 saveConfig: auto-save-60s
13:16:14 Saving config file
13:16:14 Saved config file successfully
13:16:14 saveConfig: auto-save-60s
13:16:14 Saving config file
13:16:14 Saved config file successfully
13:16:29 saveConfig: saving-data
13:16:29 Saving sacks file
13:16:29 Saved sacks file successfully
13:16:29 saveConfig: saving-data
13:16:29 Saving sacks file
13:16:29 Saved sacks file successfully
13:16:41 saveConfig: saving-data
13:16:41 Saving sacks file
13:16:41 Saved sacks file successfully
13:16:41 saveConfig: saving-data
13:16:41 Saving sacks file
13:16:41 Saved sacks file successfully
13:17:05 saveConfig: saving-data
13:17:05 Saving sacks file
13:17:05 Saved sacks file successfully
13:17:05 saveConfig: saving-data
13:17:05 Saving sacks file
13:17:05 Saved sacks file successfully
13:17:14 saveConfig: auto-save-60s
13:17:14 Saving config file
13:17:14 Saved config file successfully
13:17:14 saveConfig: auto-save-60s
13:17:14 Saving config file
13:17:14 Saved config file successfully
13:18:14 saveConfig: auto-save-60s
13:18:14 Saving config file
13:18:14 Saved config file successfully
13:18:14 saveConfig: auto-save-60s
13:18:14 Saving config file
13:18:14 Saved config file successfully
13:19:14 saveConfig: auto-save-60s
13:19:14 Saving config file
13:19:14 Saved config file successfully
13:19:14 saveConfig: auto-save-60s
13:19:14 Saving config file
13:19:14 Saved config file successfully
13:19:19 saveConfig: saving-data
13:19:19 Saving sacks file
13:19:19 Saved sacks file successfully
13:19:19 saveConfig: saving-data
13:19:19 Saving sacks file
13:19:19 Saved sacks file successfully
13:20:14 saveConfig: auto-save-60s
13:20:14 Saving config file
13:20:14 Saved config file successfully
13:20:14 saveConfig: auto-save-60s
13:20:14 Saving config file
13:20:14 Saved config file successfully
13:20:29 saveConfig: saving-data
13:20:29 Saving sacks file
13:20:29 Saved sacks file successfully
13:20:29 saveConfig: saving-data
13:20:29 Saving sacks file
13:20:29 Saved sacks file successfully
13:21:14 saveConfig: auto-save-60s
13:21:14 Saving config file
13:21:14 Saved config file successfully
13:21:14 saveConfig: auto-save-60s
13:21:14 Saving config file
13:21:14 Saved config file successfully
13:22:14 saveConfig: auto-save-60s
13:22:14 Saving config file
13:22:14 Saved config file successfully
13:22:14 saveConfig: auto-save-60s
13:22:14 Saving config file
13:22:14 Saved config file successfully
13:23:14 saveConfig: auto-save-60s
13:23:14 Saving config file
13:23:14 Saved config file successfully
13:23:14 saveConfig: auto-save-60s
13:23:14 Saving config file
13:23:14 Saved config file successfully
13:23:16 saveConfig: saving-data
13:23:16 Saving sacks file
13:23:16 Saved sacks file successfully
13:23:16 saveConfig: saving-data
13:23:16 Saving sacks file
13:23:16 Saved sacks file successfully
13:23:47 saveConfig: saving-data
13:23:47 Saving sacks file
13:23:47 Saved sacks file successfully
13:23:47 saveConfig: saving-data
13:23:47 Saving sacks file
13:23:47 Saved sacks file successfully
13:23:56 saveConfig: saving-data
13:23:56 Saving sacks file
13:23:56 Saved sacks file successfully
13:23:56 saveConfig: saving-data
13:23:56 Saving sacks file
13:23:56 Saved sacks file successfully
13:24:10 saveConfig: saving-data
13:24:10 Saving sacks file
13:24:10 Saved sacks file successfully
13:24:10 saveConfig: saving-data
13:24:10 Saving sacks file
13:24:10 Saved sacks file successfully
13:24:14 saveConfig: auto-save-60s
13:24:14 Saving config file
13:24:14 Saved config file successfully
13:24:14 saveConfig: auto-save-60s
13:24:14 Saving config file
13:24:14 Saved config file successfully
13:24:22 saveConfig: saving-data
13:24:22 Saving sacks file
13:24:22 Saved sacks file successfully
13:24:22 saveConfig: saving-data
13:24:22 Saving sacks file
13:24:22 Saved sacks file successfully
13:25:14 saveConfig: auto-save-60s
13:25:14 Saving config file
13:25:14 Saved config file successfully
13:25:14 saveConfig: auto-save-60s
13:25:14 Saving config file
13:25:14 Saved config file successfully
13:26:14 saveConfig: auto-save-60s
13:26:14 Saving config file
13:26:14 Saved config file successfully
13:26:14 saveConfig: auto-save-60s
13:26:14 Saving config file
13:26:14 Saved config file successfully
13:27:14 saveConfig: auto-save-60s
13:27:14 Saving config file
13:27:14 Saved config file successfully
13:27:14 saveConfig: auto-save-60s
13:27:14 Saving config file
13:27:14 Saved config file successfully
13:28:14 saveConfig: auto-save-60s
13:28:14 Saving config file
13:28:14 Saved config file successfully
13:28:14 saveConfig: auto-save-60s
13:28:14 Saving config file
13:28:14 Saved config file successfully
13:29:14 saveConfig: auto-save-60s
13:29:14 Saving config file
13:29:14 Saved config file successfully
13:29:14 saveConfig: auto-save-60s
13:29:14 Saving config file
13:29:14 Saved config file successfully
13:30:14 saveConfig: auto-save-60s
13:30:14 Saving config file
13:30:14 Saved config file successfully
13:30:14 saveConfig: auto-save-60s
13:30:14 Saving config file
13:30:14 Saved config file successfully
13:31:14 saveConfig: auto-save-60s
13:31:14 Saving config file
13:31:14 Saved config file successfully
13:31:14 saveConfig: auto-save-60s
13:31:14 Saving config file
13:31:14 Saved config file successfully
13:32:14 saveConfig: auto-save-60s
13:32:14 Saving config file
13:32:14 Saved config file successfully
13:32:14 saveConfig: auto-save-60s
13:32:14 Saving config file
13:32:14 Saved config file successfully
13:33:14 saveConfig: auto-save-60s
13:33:14 Saving config file
13:33:14 Saved config file successfully
13:33:14 saveConfig: auto-save-60s
13:33:14 Saving config file
13:33:14 Saved config file successfully
13:34:14 saveConfig: auto-save-60s
13:34:14 Saving config file
13:34:14 Saved config file successfully
13:34:14 saveConfig: auto-save-60s
13:34:14 Saving config file
13:34:14 Saved config file successfully
13:35:14 saveConfig: auto-save-60s
13:35:14 Saving config file
13:35:14 Saved config file successfully
13:35:14 saveConfig: auto-save-60s
13:35:14 Saving config file
13:35:14 Saved config file successfully
13:36:14 saveConfig: auto-save-60s
13:36:14 Saving config file
13:36:14 Saved config file successfully
13:36:14 saveConfig: auto-save-60s
13:36:14 Saving config file
13:36:14 Saved config file successfully
13:37:14 saveConfig: auto-save-60s
13:37:14 Saving config file
13:37:14 Saved config file successfully
13:37:14 saveConfig: auto-save-60s
13:37:14 Saving config file
13:37:14 Saved config file successfully
13:38:14 saveConfig: auto-save-60s
13:38:14 Saving config file
13:38:14 Saved config file successfully
13:38:14 saveConfig: auto-save-60s
13:38:14 Saving config file
13:38:14 Saved config file successfully
13:39:14 saveConfig: auto-save-60s
13:39:14 Saving config file
13:39:14 Saved config file successfully
13:39:14 saveConfig: auto-save-60s
13:39:14 Saving config file
13:39:14 Saved config file successfully
13:40:14 saveConfig: auto-save-60s
13:40:14 Saving config file
13:40:14 Saved config file successfully
13:40:14 saveConfig: auto-save-60s
13:40:14 Saving config file
13:40:14 Saved config file successfully
13:41:14 saveConfig: auto-save-60s
13:41:14 Saving config file
13:41:14 Saved config file successfully
13:41:14 saveConfig: auto-save-60s
13:41:14 Saving config file
13:41:14 Saved config file successfully
13:42:14 saveConfig: auto-save-60s
13:42:14 Saving config file
13:42:14 Saved config file successfully
13:42:14 saveConfig: auto-save-60s
13:42:14 Saving config file
13:42:14 Saved config file successfully
13:43:14 saveConfig: auto-save-60s
13:43:14 Saving config file
13:43:14 Saved config file successfully
13:43:14 saveConfig: auto-save-60s
13:43:14 Saving config file
13:43:14 Saved config file successfully
13:44:14 saveConfig: auto-save-60s
13:44:14 Saving config file
13:44:14 Saved config file successfully
13:44:14 saveConfig: auto-save-60s
13:44:14 Saving config file
13:44:14 Saved config file successfully
13:45:14 saveConfig: auto-save-60s
13:45:14 Saving config file
13:45:14 Saved config file successfully
13:45:14 saveConfig: auto-save-60s
13:45:14 Saving config file
13:45:14 Saved config file successfully
13:46:14 saveConfig: auto-save-60s
13:46:14 Saving config file
13:46:14 Saved config file successfully
13:46:14 saveConfig: auto-save-60s
13:46:14 Saving config file
13:46:14 Saved config file successfully
13:47:14 saveConfig: auto-save-60s
13:47:14 Saving config file
13:47:14 Saved config file successfully
13:47:14 saveConfig: auto-save-60s
13:47:14 Saving config file
13:47:14 Saved config file successfully
13:48:14 saveConfig: auto-save-60s
13:48:14 Saving config file
13:48:14 Saved config file successfully
13:48:14 saveConfig: auto-save-60s
13:48:14 Saving config file
13:48:14 Saved config file successfully
13:49:14 saveConfig: auto-save-60s
13:49:14 Saving config file
13:49:14 Saved config file successfully
13:49:14 saveConfig: auto-save-60s
13:49:14 Saving config file
13:49:14 Saved config file successfully
13:50:14 saveConfig: auto-save-60s
13:50:14 Saving config file
13:50:14 Saved config file successfully
13:50:14 saveConfig: auto-save-60s
13:50:14 Saving config file
13:50:14 Saved config file successfully
13:51:14 saveConfig: auto-save-60s
13:51:14 Saving config file
13:51:14 Saved config file successfully
13:51:14 saveConfig: auto-save-60s
13:51:14 Saving config file
13:51:14 Saved config file successfully
13:52:14 saveConfig: auto-save-60s
13:52:14 Saving config file
13:52:14 Saved config file successfully
13:52:14 saveConfig: auto-save-60s
13:52:14 Saving config file
13:52:14 Saved config file successfully
13:53:14 saveConfig: auto-save-60s
13:53:14 Saving config file
13:53:14 Saved config file successfully
13:53:14 saveConfig: auto-save-60s
13:53:14 Saving config file
13:53:14 Saved config file successfully
13:54:14 saveConfig: auto-save-60s
13:54:14 Saving config file
13:54:14 Saved config file successfully
13:54:14 saveConfig: auto-save-60s
13:54:14 Saving config file
13:54:14 Saved config file successfully
13:55:14 saveConfig: auto-save-60s
13:55:14 Saving config file
13:55:14 Saved config file successfully
13:55:14 saveConfig: auto-save-60s
13:55:14 Saving config file
13:55:14 Saved config file successfully
13:56:14 saveConfig: auto-save-60s
13:56:14 Saving config file
13:56:14 Saved config file successfully
13:56:14 saveConfig: auto-save-60s
13:56:14 Saving config file
13:56:14 Saved config file successfully
13:57:14 saveConfig: auto-save-60s
13:57:14 Saving config file
13:57:14 Saved config file successfully
13:57:14 saveConfig: auto-save-60s
13:57:14 Saving config file
13:57:14 Saved config file successfully
13:58:14 saveConfig: auto-save-60s
13:58:14 Saving config file
13:58:14 Saved config file successfully
13:58:14 saveConfig: auto-save-60s
13:58:14 Saving config file
13:58:14 Saved config file successfully
13:59:14 saveConfig: auto-save-60s
13:59:14 Saving config file
13:59:14 Saved config file successfully
13:59:14 saveConfig: auto-save-60s
13:59:14 Saving config file
13:59:14 Saved config file successfully
14:00:14 saveConfig: auto-save-60s
14:00:14 Saving config file
14:00:14 Saved config file successfully
14:00:14 saveConfig: auto-save-60s
14:00:14 Saving config file
14:00:14 Saved config file successfully
14:01:14 saveConfig: auto-save-60s
14:01:14 Saving config file
14:01:14 Saved config file successfully
14:01:14 saveConfig: auto-save-60s
14:01:14 Saving config file
14:01:14 Saved config file successfully
14:02:14 saveConfig: auto-save-60s
14:02:14 Saving config file
14:02:14 Saved config file successfully
14:02:14 saveConfig: auto-save-60s
14:02:14 Saving config file
14:02:14 Saved config file successfully
14:03:14 saveConfig: auto-save-60s
14:03:14 Saving config file
14:03:14 Saved config file successfully
14:03:14 saveConfig: auto-save-60s
14:03:14 Saving config file
14:03:14 Saved config file successfully
14:04:14 saveConfig: auto-save-60s
14:04:14 Saving config file
14:04:14 Saved config file successfully
14:04:14 saveConfig: auto-save-60s
14:04:14 Saving config file
14:04:14 Saved config file successfully
14:05:14 saveConfig: auto-save-60s
14:05:14 Saving config file
14:05:14 Saved config file successfully
14:05:14 saveConfig: auto-save-60s
14:05:14 Saving config file
14:05:14 Saved config file successfully
14:06:14 saveConfig: auto-save-60s
14:06:14 Saving config file
14:06:14 Saved config file successfully
14:06:14 saveConfig: auto-save-60s
14:06:14 Saving config file
14:06:14 Saved config file successfully
14:07:14 saveConfig: auto-save-60s
14:07:14 Saving config file
14:07:14 Saved config file successfully
14:07:14 saveConfig: auto-save-60s
14:07:14 Saving config file
14:07:14 Saved config file successfully
14:08:14 saveConfig: auto-save-60s
14:08:14 Saving config file
14:08:14 Saved config file successfully
14:08:14 saveConfig: auto-save-60s
14:08:14 Saving config file
14:08:14 Saved config file successfully
14:09:14 saveConfig: auto-save-60s
14:09:14 Saving config file
14:09:14 Saved config file successfully
14:09:14 saveConfig: auto-save-60s
14:09:14 Saving config file
14:09:14 Saved config file successfully
14:10:14 saveConfig: auto-save-60s
14:10:14 Saving config file
14:10:14 Saved config file successfully
14:10:14 saveConfig: auto-save-60s
14:10:14 Saving config file
14:10:14 Saved config file successfully
14:11:14 saveConfig: auto-save-60s
14:11:14 Saving config file
14:11:14 Saved config file successfully
14:11:14 saveConfig: auto-save-60s
14:11:14 Saving config file
14:11:14 Saved config file successfully
14:12:14 saveConfig: auto-save-60s
14:12:14 Saving config file
14:12:14 Saved config file successfully
14:12:14 saveConfig: auto-save-60s
14:12:14 Saving config file
14:12:14 Saved config file successfully
14:13:14 saveConfig: auto-save-60s
14:13:14 Saving config file
14:13:14 Saved config file successfully
14:13:14 saveConfig: auto-save-60s
14:13:14 Saving config file
14:13:14 Saved config file successfully
14:14:14 saveConfig: auto-save-60s
14:14:14 Saving config file
14:14:14 Saved config file successfully
14:14:14 saveConfig: auto-save-60s
14:14:14 Saving config file
14:14:14 Saved config file successfully
14:15:14 saveConfig: auto-save-60s
14:15:14 Saving config file
14:15:14 Saved config file successfully
14:15:14 saveConfig: auto-save-60s
14:15:14 Saving config file
14:15:14 Saved config file successfully
14:16:14 saveConfig: auto-save-60s
14:16:14 Saving config file
14:16:14 Saved config file successfully
14:16:14 saveConfig: auto-save-60s
14:16:14 Saving config file
14:16:14 Saved config file successfully
14:17:14 saveConfig: auto-save-60s
14:17:14 Saving config file
14:17:14 Saved config file successfully
14:17:14 saveConfig: auto-save-60s
14:17:14 Saving config file
14:17:14 Saved config file successfully
14:18:14 saveConfig: auto-save-60s
14:18:14 Saving config file
14:18:14 Saved config file successfully
14:18:14 saveConfig: auto-save-60s
14:18:14 Saving config file
14:18:14 Saved config file successfully
14:19:14 saveConfig: auto-save-60s
14:19:14 Saving config file
14:19:14 Saved config file successfully
14:19:14 saveConfig: auto-save-60s
14:19:14 Saving config file
14:19:14 Saved config file successfully
14:20:14 saveConfig: auto-save-60s
14:20:14 Saving config file
14:20:14 Saved config file successfully
14:20:14 saveConfig: auto-save-60s
14:20:14 Saving config file
14:20:14 Saved config file successfully
14:21:14 saveConfig: auto-save-60s
14:21:14 Saving config file
14:21:14 Saved config file successfully
14:21:14 saveConfig: auto-save-60s
14:21:14 Saving config file
14:21:14 Saved config file successfully
14:21:53 saveConfig: shutdown-hook
14:21:53 Saving config file
14:21:53 Saved config file successfully
14:21:53 saveConfig: shutdown-hook
14:21:53 Saving config file
