15:10:33 [PEST_DROP] §eYou received §a41x Enchanted Cactus Green §efor killing a §2Mite§e!
15:10:33 [PEST_DROP] §eYou received §a74x Enchanted Cocoa Beans §efor killing a §2Moth§e!
15:10:37 [PEST_DROP] §eYou received §a85x Enchanted Nether Wart §efor killing a §2Beetle§e!
15:10:44 [PEST_DROP] §eYou received §a113x Enchanted Potato §efor killing a §2Locust§e!
15:10:54 [PEST_DROP] §eYou received §a118x Enchanted Potato §efor killing a §2Locust§e!
15:11:00 [PEST_DROP] §eYou received §a118x Enchanted Potato §efor killing a §2Locust§e!
15:11:08 [PEST_DROP] §eYou received §a118x Enchanted Potato §efor killing a §2Locust§e!
15:11:14 [PEST_DROP] §eYou received §a119x Enchanted Potato §efor killing a §2Locust§e!
15:11:25 [PEST_DROP] §eYou received §a117x Enchanted Carrot §efor killing a §2Cricket§e!
15:11:25 [PEST_DROP] §eYou received §a98x Enchanted Cocoa Beans §efor killing a §2Moth§e!
15:11:25 [PEST_DROP] §eYou received §a1x Honey Jar §efor killing a §2Field Mouse§e!
15:11:25 [PEST_DROP] §eYou received §a1x Plant Matter §efor killing a §2Field Mouse§e!
15:11:25 [PEST_DROP] §eYou received §a147x Enchanted Cocoa Beans §efor killing a §2Field Mouse§e!
15:11:25 [PEST_DROP] §eYou received §a1x Tasty Cheese §efor killing a §2Field Mouse§e!
15:11:25 [PEST_DROP] §eYou received §a1x Compost §efor killing a §2Field Mouse§e!
15:11:25 [PEST_DROP] §eYou received §a1x Dung §efor killing a §2Field Mouse§e!
15:11:27 [PEST_DROP] §eYou received §a60x Enchanted Cactus Green §efor killing a §2Mite§e!
15:11:27 [PEST_DROP] §eYou received §a1x Honey Jar §efor killing a §2Field Mouse§e!
15:11:27 [PEST_DROP] §eYou received §a1x Plant Matter §efor killing a §2Field Mouse§e!
15:11:27 [PEST_DROP] §eYou received §a1x Tasty Cheese §efor killing a §2Field Mouse§e!
15:11:27 [PEST_DROP] §eYou received §a1x Compost §efor killing a §2Field Mouse§e!
15:11:27 [PEST_DROP] §eYou received §a48x Enchanted Red Mushroom §efor killing a §2Field Mouse§e!
15:11:27 [PEST_DROP] §eYou received §a1x Dung §efor killing a §2Field Mouse§e!
15:11:27 [PEST_DROP] §eYou received §a118x Enchanted Potato §efor killing a §2Locust§e!
15:11:27 [PEST_DROP] §eYou received §a34x Enchanted Pumpkin §efor killing a §2Rat§e!
15:11:27 [PEST_DROP] §eYou received §a68x Enchanted Cactus Green §efor killing a §2Mite§e!
15:11:28 [PEST_DROP] §eYou received §a118x Enchanted Potato §efor killing a §2Locust§e!
15:11:49 [GARDEN_VISITOR_MESSAGE] §e[NPC] §aFelix§f: §r§fYou won't be able to store any items in the Garden, you should keep them on your Private Island!
15:11:52 [GARDEN_VISITOR_MESSAGE] §e[NPC] §aFelix§f: §r§fMaybe next time.
15:11:53 [GARDEN_VISITOR_MESSAGE] §e[NPC] §aVex§f: §r§fI have an offer for you that you can't refuse.
15:11:55 [GARDEN_VISITOR_MESSAGE] §e[NPC] §aVex§f: §r§fOh well that's awkward.
15:11:55 [NEW_VISITOR_ARRIVED] §a§r§aGuy §r§ehas arrived on your §r§aGarden§r§e!
15:11:56 [GARDEN_VISITOR_MESSAGE] §e[NPC] §aEmissary Fraiser§f: §r§fI know what all the others say, but I am the King's true favorite emissary.
15:11:59 [GARDEN_VISITOR_MESSAGE] §e[NPC] §aEmissary Fraiser§f: §r§fThe King will surely punish you for this disrespect!
15:11:59 [GARDEN_VISITOR_MESSAGE] §e[NPC] §aOringo§f: §r§fHey, you got some wheat for my pets by any chance? Gotta keep those little monsters fed, haha!
15:12:01 [GARDEN_VISITOR_MESSAGE] §e[NPC] §aOringo§f: §r§fOh, you're out of wheat? Alright, I'll come back later then.
15:12:02 [GARDEN_VISITOR_MESSAGE] §e[NPC] §aGuy§f: §r§fHeard you may got some mushrooms...I've been looking for some...
15:12:05 [GARDEN_VISITOR_MESSAGE] §e[NPC] §aGuy§f: §r§fOh man gee, that's awful man, call me when you got 'em alright?
16:24:54 [HOPPITY_EGG] §cYou have already collected this Chocolate Breakfast Egg§r§c! Try again when it respawns!
16:24:56 [HOPPITY_EGG] §cYou have already collected this Chocolate Breakfast Egg§r§c! Try again when it respawns!
16:41:12 [PUZZLE_FAIL] §c§lPUZZLE FAIL! §r§bKobeAim §r§ekilled a Blaze in the wrong order! §r§4Y§r§ci§r§6k§r§ee§r§as§r§2!
17:11:42 [HOPPITY_EGG] §cYou have already collected this Chocolate Déjeuner Egg§r§c! Try again when it respawns!
18:14:22 [DOUBLE_HOOK] §eIt's a §r§aDouble Hook§r§e!
18:14:35 [DOUBLE_HOOK] §eIt's a §r§aDouble Hook§r§e! Woot woot!
18:17:17 [DOUBLE_HOOK] §eIt's a §r§aDouble Hook§r§e!
18:18:14 [DOUBLE_HOOK] §eIt's a §r§aDouble Hook§r§e!
18:19:29 [DOUBLE_HOOK] §eIt's a §r§aDouble Hook§r§e!
18:19:41 [DOUBLE_HOOK] §eIt's a §r§aDouble Hook§r§e!
18:20:01 [DOUBLE_HOOK] §eIt's a §r§aDouble Hook§r§e!
18:20:12 [DOUBLE_HOOK] §eIt's a §r§aDouble Hook§r§e!
18:21:39 [DOUBLE_HOOK] §eIt's a §r§aDouble Hook§r§e! Woot woot!
18:21:59 [DOUBLE_HOOK] §eIt's a §r§aDouble Hook§r§e!
18:23:22 [DOUBLE_HOOK] §eIt's a §r§aDouble Hook§r§e!
18:23:29 [DOUBLE_HOOK] §eIt's a §r§aDouble Hook§r§e!
18:23:53 [DOUBLE_HOOK] §eIt's a §r§aDouble Hook§r§e! Woot woot!
18:24:04 [DOUBLE_HOOK] §eIt's a §r§aDouble Hook§r§e!
18:25:58 [DOUBLE_HOOK] §eIt's a §r§aDouble Hook§r§e!
18:26:49 [DOUBLE_HOOK] §eIt's a §r§aDouble Hook§r§e!
18:26:58 [DOUBLE_HOOK] §eIt's a §r§aDouble Hook§r§e!
18:28:34 [DOUBLE_HOOK] §eIt's a §r§aDouble Hook§r§e!
18:28:57 [DOUBLE_HOOK] §eIt's a §r§aDouble Hook§r§e!
18:28:59 [DOUBLE_HOOK] §eIt's a §r§aDouble Hook§r§e! Woot woot!
18:29:16 [DOUBLE_HOOK] §eIt's a §r§aDouble Hook§r§e! Woot woot!
18:30:17 [DOUBLE_HOOK] §eIt's a §r§aDouble Hook§r§e!
18:30:21 [DOUBLE_HOOK] §eIt's a §r§aDouble Hook§r§e! Woot woot!
18:30:23 [DOUBLE_HOOK] §eIt's a §r§aDouble Hook§r§e! Woot woot!
18:31:01 [DOUBLE_HOOK] §eIt's a §r§aDouble Hook§r§e!
18:32:23 [DOUBLE_HOOK] §eIt's a §r§aDouble Hook§r§e! Woot woot!
18:32:46 [DOUBLE_HOOK] §eIt's a §r§aDouble Hook§r§e!
18:33:31 [DOUBLE_HOOK] §eIt's a §r§aDouble Hook§r§e!
18:33:37 [DOUBLE_HOOK] §eIt's a §r§aDouble Hook§r§e!
18:33:53 [DOUBLE_HOOK] §eIt's a §r§aDouble Hook§r§e!
18:35:14 [DOUBLE_HOOK] §eIt's a §r§aDouble Hook§r§e!
18:35:29 [DOUBLE_HOOK] §eIt's a §r§aDouble Hook§r§e!
18:35:40 [DOUBLE_HOOK] §eIt's a §r§aDouble Hook§r§e!
18:36:41 [DOUBLE_HOOK] §eIt's a §r§aDouble Hook§r§e! Woot woot!
18:37:09 [DOUBLE_HOOK] §eIt's a §r§aDouble Hook§r§e! Woot woot!
18:38:00 [DOUBLE_HOOK] §eIt's a §r§aDouble Hook§r§e! Woot woot!
19:12:56 [STASH_COMPACT] §eOne or more items didn't fit in your inventory and were added to your item stash! §6Click here §eto pick them up!
19:13:08 [STASH_COMPACT] §f                     §7You have §a1 §7item stashed away!
19:13:08 [STASH_COMPACT] §f                  §6§l>>> §6§lCLICK HERE§e to pick it up! §6§l<<<
19:13:08 [STASH_COMPACT]   
19:13:28 [STASH_COMPACT] §f                     §7You have §a1 §7item stashed away!
19:13:28 [STASH_COMPACT] §f                  §6§l>>> §6§lCLICK HERE§e to pick it up! §6§l<<<
19:13:28 [STASH_COMPACT]   
19:14:29 [STASH_COMPACT] §f                     §7You have §a1 §7item stashed away!
19:14:29 [STASH_COMPACT] §f                  §6§l>>> §6§lCLICK HERE§e to pick it up! §6§l<<<
19:14:29 [STASH_COMPACT]   
19:15:30 [STASH_COMPACT] §f                     §7You have §a1 §7item stashed away!
19:15:30 [STASH_COMPACT] §f                  §6§l>>> §6§lCLICK HERE§e to pick it up! §6§l<<<
19:15:30 [STASH_COMPACT]   
19:16:30 [STASH_COMPACT] §f                     §7You have §a1 §7item stashed away!
19:16:30 [STASH_COMPACT] §f                  §6§l>>> §6§lCLICK HERE§e to pick it up! §6§l<<<
19:16:30 [STASH_COMPACT]   
19:17:31 [STASH_COMPACT] §f                     §7You have §a1 §7item stashed away!
19:17:31 [STASH_COMPACT] §f                  §6§l>>> §6§lCLICK HERE§e to pick it up! §6§l<<<
19:17:31 [STASH_COMPACT]   
