15:09:48 §e[SkyHanni] Reloaded 7440 items in the NEU repo§r
15:10:09 §e[SkyHanni] §cSpaceman §eis visiting your garden!§r
15:10:09 §e[SkyHanni] §aFelix §eis visiting your garden!§r
15:10:09 §e[SkyHanni] §aVex §eis visiting your garden!§r
15:10:09 §e[SkyHanni] §aEmissary Fraiser §eis visiting your garden!§r
15:10:09 §e[SkyHanni] §aOringo §eis visiting your garden!§r
15:11:16 §e[SkyHanni] Loaded Potato milestone data from tab list!§r
15:12:01 §e[SkyHanni] §aGuy §eis visiting your garden!§r
15:14:49 §e[SkyHanni] Gained §d27,000 motes §ethis Rift session! (§d3.2M/h§e)§r
15:14:52 §e[SkyHanni] Click here to share the location of this chocolate egg with the server!§r
15:29:29 §c[SkyHanni] Couldn't find an item with this name or identifier!§r
15:32:51 §e[SkyHanni] Click here to share the location of this chocolate egg with the server!§r
15:40:08 §e[SkyHanni] §lCLICK HERE§r§e to grab §ax49 §9§9Enchanted Clay Block§e from sacks!§r
15:40:25 §e[SkyHanni] §lCLICK HERE§r§e to grab §ax21 §9§9Enchanted Diamond Block§e from sacks!§r
15:57:02 §e[SkyHanni] §f                §r§eYour Weight: §r§a300§r
15:57:03 §e[SkyHanni] Profit for Dragon§e: §6701k§r
15:59:11 §e[SkyHanni] §b+3 SkyBlock XP §7(Essence Shop§7)§b (4/100)§r
16:01:04 §e[SkyHanni] Low on arrows §e(100 left)§r
16:03:30 §e[SkyHanni] Low on arrows §e(99 left)§r
16:05:58 §e[SkyHanni] Low on arrows §e(94 left)§r
16:06:31 §e[SkyHanni] Low on arrows §e(88 left)§r
16:07:28 §e[SkyHanni] Low on arrows §e(74 left)§r
16:07:42 §e[SkyHanni] §f                §r§eYour Weight: §r§a300§r
16:07:42 §e[SkyHanni] Profit for Dragon§e: §6751k§r
16:08:41 §e[SkyHanni] Click here to share the location of this chocolate egg with the server!§r
16:08:44 §e[SkyHanni] Low on arrows §e(60 left)§r
16:09:14 §e[SkyHanni] Low on arrows §e(32 left)§r
16:10:19 §e[SkyHanni] Click here to share the location of this chocolate egg with the server!§r
16:11:50 §e[SkyHanni] Low on arrows §e(3 left)§r
16:12:09 §e[SkyHanni] §f                §r§eYour Weight: §r§a252§r
16:12:09 §e[SkyHanni] Profit for Dragon§e: §6138k§r
16:13:51 §e[SkyHanni] §cYour Time Tower just expired and has 1 charge remaining. Click here to open the Chocolate Factory Menu.§r
16:16:55 §e[SkyHanni] Low on arrows §e(4 left)§r
16:17:21 §e[SkyHanni] §f                §r§eYour Weight: §r§a286§r
16:24:52 §e[SkyHanni] Click here to share the location of this chocolate egg with the server!§r
16:24:54 §e[SkyHanni] §eNext egg available in §b1m 45s§e.§r
16:24:56 §e[SkyHanni] §eNext egg available in §b1m 43s§e.§r
16:41:12 §e[SkyHanni] §c§lPUZZLE FAILED! §r§bKobeAim §r§efailed a puzzle. 
§eClick here to get §5Architect's First Draft §7(§e6x left§7)§r
17:08:01 §e[SkyHanni] Click here to share the location of this chocolate egg with the server!§r
17:09:25 §e[SkyHanni] Click here to share the location of this chocolate egg with the server!§r
17:09:59 §e[SkyHanni] Click here to share the location of this chocolate egg with the server!§r
17:11:42 §e[SkyHanni] §eNext egg available in §b47s§e.§r
17:15:00 §e[SkyHanni] The Perkpocalypse Mayor has expired! Click here to update the new temporary Mayor.§r
17:44:54 §e[SkyHanni] Click here to share the location of this chocolate egg with the server!§r
17:48:23 §e[SkyHanni] Click here to share the location of this chocolate egg with the server!§r
17:51:52 §e[SkyHanni] Low on arrows §e(100 left)§r
17:52:22 §e[SkyHanni] Low on arrows §e(54 left)§r
17:52:53 §e[SkyHanni] Low on arrows §e(8 left)§r
18:03:47 §e[SkyHanni] §lCLICK HERE§r§e to grab §ax1009 §9§aEnchanted Ender Pearl§e from sacks!§r
18:17:40 §e[SkyHanni] §a+Tracker Drop§7: §r§9§d§lFlash I §7(§65.3M coins§7)§r
18:39:24 §e[SkyHanni] Click here to share the location of this chocolate egg with the server!§r
18:41:13 §e[SkyHanni] Click here to share the location of this chocolate egg with the server!§r
18:42:28 §e[SkyHanni] §f                §r§eYour Weight: §r§a234§r
18:42:28 §e[SkyHanni] Profit for Dragon§e: §61.5k§r
18:43:34 §e[SkyHanni] Low on arrows §e(100 left)§r
19:02:19 §e[SkyHanni] §b+25 SkyBlock XP §7(Boss Collections§7)§b (32/100)§r
19:02:25 §e[SkyHanni] §b+15 SkyBlock XP §7(Boss Collections§7)§b (47/100)§r
19:13:08 §e[SkyHanni] §eYou have §61 §eitem in stash. §eClick to §6pickup §eyour stash!§r
19:14:40 §e[SkyHanni] Click here to share the location of this chocolate egg with the server!§r
