18:14:22  
18:14:22 [original] §r§aFrom beneath the lava appears a Magma Slug.§r
18:14:22 [modified] §e§lDOUBLE HOOK! §r§aFrom beneath the lava appears a Magma Slug.§r§r
18:14:36  
18:14:36 [original] §r§aFrom beneath the lava appears a Magma Slug.§r
18:14:36 [modified] §e§lDOUBLE HOOK! §r§aFrom beneath the lava appears a Magma Slug.§r§r
18:17:17  
18:17:17 [original] §r§aFrom beneath the lava appears a Magma Slug.§r
18:17:17 [modified] §e§lDOUBLE HOOK! §r§aFrom beneath the lava appears a Magma Slug.§r§r
18:18:14  
18:18:14 [original] §r§aYou feel the heat radiating as a Pyroclastic Worm surfaces.§r
18:18:14 [modified] §e§lDOUBLE HOOK! §r§aYou feel the heat radiating as a Pyroclastic Worm surfaces.§r§r
18:19:29  
18:19:29 [original] §r§aA Fire Eel slithers out from the depths.§r
18:19:29 [modified] §e§lDOUBLE HOOK! §r§aA Fire Eel slithers out from the depths.§r§r
18:19:41  
18:19:41 [original] §r§aYou hear a faint Moo from the lava... A Moogma appears.§r
18:19:41 [modified] §e§lDOUBLE HOOK! §r§aYou hear a faint Moo from the lava... A Moogma appears.§r§r
18:20:01  
18:20:01 [original] §r§aA Lava Flame flies out from beneath the lava.§r
18:20:01 [modified] §e§lDOUBLE HOOK! §r§aA Lava Flame flies out from beneath the lava.§r§r
18:20:12  
18:20:12 [original] §r§aA small but fearsome Lava Leech emerges.§r
18:20:12 [modified] §e§lDOUBLE HOOK! §r§aA small but fearsome Lava Leech emerges.§r§r
18:21:39  
18:21:39 [original] §r§aFrom beneath the lava appears a Magma Slug.§r
18:21:39 [modified] §e§lDOUBLE HOOK! §r§aFrom beneath the lava appears a Magma Slug.§r§r
18:21:59  
18:21:59 [original] §r§aYou hear a faint Moo from the lava... A Moogma appears.§r
18:21:59 [modified] §e§lDOUBLE HOOK! §r§aYou hear a faint Moo from the lava... A Moogma appears.§r§r
18:23:22  
18:23:22 [original] §r§aYou hear a faint Moo from the lava... A Moogma appears.§r
18:23:22 [modified] §e§lDOUBLE HOOK! §r§aYou hear a faint Moo from the lava... A Moogma appears.§r§r
18:23:29  
18:23:29 [original] §r§aFrom beneath the lava appears a Magma Slug.§r
18:23:29 [modified] §e§lDOUBLE HOOK! §r§aFrom beneath the lava appears a Magma Slug.§r§r
18:23:53  
18:23:53 [original] §r§aA Lava Flame flies out from beneath the lava.§r
18:23:53 [modified] §e§lDOUBLE HOOK! §r§aA Lava Flame flies out from beneath the lava.§r§r
18:24:04  
18:24:04 [original] §r§aA small but fearsome Lava Leech emerges.§r
18:24:04 [modified] §e§lDOUBLE HOOK! §r§aA small but fearsome Lava Leech emerges.§r§r
18:25:58  
18:25:58 [original] §r§aA Fire Eel slithers out from the depths.§r
18:25:58 [modified] §e§lDOUBLE HOOK! §r§aA Fire Eel slithers out from the depths.§r§r
18:26:49  
18:26:49 [original] §r§aA Fire Eel slithers out from the depths.§r
18:26:49 [modified] §e§lDOUBLE HOOK! §r§aA Fire Eel slithers out from the depths.§r§r
18:26:58  
18:26:58 [original] §r§aTaurus and his steed emerge.§r
18:26:58 [modified] §e§lDOUBLE HOOK! §r§aTaurus and his steed emerge.§r§r
18:28:34  
18:28:34 [original] §r§aFrom beneath the lava appears a Magma Slug.§r
18:28:34 [modified] §e§lDOUBLE HOOK! §r§aFrom beneath the lava appears a Magma Slug.§r§r
18:28:57  
18:28:57 [original] §r§aYou hear a faint Moo from the lava... A Moogma appears.§r
18:28:57 [modified] §e§lDOUBLE HOOK! §r§aYou hear a faint Moo from the lava... A Moogma appears.§r§r
18:28:59  
18:28:59 [original] §r§aYou hear a faint Moo from the lava... A Moogma appears.§r
18:28:59 [modified] §e§lDOUBLE HOOK! §r§aYou hear a faint Moo from the lava... A Moogma appears.§r§r
18:29:16  
18:29:16 [original] §r§aFrom beneath the lava appears a Magma Slug.§r
18:29:16 [modified] §e§lDOUBLE HOOK! §r§aFrom beneath the lava appears a Magma Slug.§r§r
18:30:17  
18:30:17 [original] §r§aA Fire Eel slithers out from the depths.§r
18:30:17 [modified] §e§lDOUBLE HOOK! §r§aA Fire Eel slithers out from the depths.§r§r
18:30:21  
18:30:21 [original] §r§aA Lava Flame flies out from beneath the lava.§r
18:30:21 [modified] §e§lDOUBLE HOOK! §r§aA Lava Flame flies out from beneath the lava.§r§r
18:30:23  
18:30:23 [original] §r§aYou hear a faint Moo from the lava... A Moogma appears.§r
18:30:23 [modified] §e§lDOUBLE HOOK! §r§aYou hear a faint Moo from the lava... A Moogma appears.§r§r
18:31:01  
18:31:01 [original] §r§aFrom beneath the lava appears a Magma Slug.§r
18:31:01 [modified] §e§lDOUBLE HOOK! §r§aFrom beneath the lava appears a Magma Slug.§r§r
18:32:23  
18:32:23 [original] §r§aFrom beneath the lava appears a Magma Slug.§r
18:32:23 [modified] §e§lDOUBLE HOOK! §r§aFrom beneath the lava appears a Magma Slug.§r§r
18:32:46  
18:32:46 [original] §r§aA Fire Eel slithers out from the depths.§r
18:32:46 [modified] §e§lDOUBLE HOOK! §r§aA Fire Eel slithers out from the depths.§r§r
18:33:31  
18:33:31 [original] §r§aYou hear a faint Moo from the lava... A Moogma appears.§r
18:33:31 [modified] §e§lDOUBLE HOOK! §r§aYou hear a faint Moo from the lava... A Moogma appears.§r§r
18:33:37  
18:33:37 [original] §r§aA small but fearsome Lava Leech emerges.§r
18:33:37 [modified] §e§lDOUBLE HOOK! §r§aA small but fearsome Lava Leech emerges.§r§r
18:33:53  
18:33:53 [original] §r§aYou feel the heat radiating as a Pyroclastic Worm surfaces.§r
18:33:53 [modified] §e§lDOUBLE HOOK! §r§aYou feel the heat radiating as a Pyroclastic Worm surfaces.§r§r
18:35:14  
18:35:14 [original] §r§aA Lava Flame flies out from beneath the lava.§r
18:35:14 [modified] §e§lDOUBLE HOOK! §r§aA Lava Flame flies out from beneath the lava.§r§r
18:35:29  
18:35:29 [original] §r§aYou hear a faint Moo from the lava... A Moogma appears.§r
18:35:29 [modified] §e§lDOUBLE HOOK! §r§aYou hear a faint Moo from the lava... A Moogma appears.§r§r
18:35:40  
18:35:40 [original] §r§aYou hear a faint Moo from the lava... A Moogma appears.§r
18:35:40 [modified] §e§lDOUBLE HOOK! §r§aYou hear a faint Moo from the lava... A Moogma appears.§r§r
18:36:41  
18:36:41 [original] §r§aYou hear a faint Moo from the lava... A Moogma appears.§r
18:36:41 [modified] §e§lDOUBLE HOOK! §r§aYou hear a faint Moo from the lava... A Moogma appears.§r§r
18:37:09  
18:37:09 [original] §r§aA Lava Flame flies out from beneath the lava.§r
18:37:09 [modified] §e§lDOUBLE HOOK! §r§aA Lava Flame flies out from beneath the lava.§r§r
18:38:00  
18:38:00 [original] §r§aYou feel the heat radiating as a Pyroclastic Worm surfaces.§r
18:38:00 [modified] §e§lDOUBLE HOOK! §r§aYou feel the heat radiating as a Pyroclastic Worm surfaces.§r§r
