11:53:30 HUB
12:00:21 PRIVATE_ISLAND
12:02:44 HUB
12:10:11 NONE
12:10:11 THE_RIFT
12:10:48 GARDEN
12:12:44 NONE
12:12:44 PRIVATE_ISLAND_GUEST
12:12:53 NONE
12:12:53 CRIMSON_ISLE
12:14:03 NONE
12:14:03 PRIVATE_ISLAND_GUEST
12:14:06 PRIVATE_ISLAND
12:14:06 NONE
12:14:06 DWARVEN_MINES
12:15:01 CRIMSON_ISLE
12:29:08 NONE
12:29:08 HUB
12:43:58 NONE
12:43:59 GOLD_MINES
12:45:36 NONE
12:45:37 HUB
12:47:40 NONE
12:47:40 CRIMSON_ISLE
12:51:39 NONE
12:51:39 HUB
12:52:35 NONE
12:52:36 CRIMSON_ISLE
12:54:50 NONE
12:54:50 HUB
12:57:03 NONE
12:57:04 CRIMSON_ISLE
13:02:50 NONE
13:02:50 HUB
13:05:16 PRIVATE_ISLAND_GUEST
13:05:19 NONE
13:05:20 DWARVEN_MINES
13:09:40 NONE
13:09:41 HUB
13:10:53 PRIVATE_ISLAND_GUEST
13:11:08 NONE
13:11:08 DWARVEN_MINES
13:54:16 NONE
13:54:17 DUNGEON_HUB
13:55:20 CATACOMBS
14:00:02 NONE
14:00:02 DUNGEON_HUB
14:00:32 NONE
14:00:32 CATACOMBS
14:01:39 NONE
14:01:39 DUNGEON_HUB
14:03:46 NONE
14:03:47 HUB
14:03:53 NONE
14:03:53 HUB
14:04:35 NONE
14:04:36 PRIVATE_ISLAND_GUEST
14:04:52 NONE
14:04:52 HUB
14:05:31 NONE
14:05:31 PRIVATE_ISLAND
14:05:37 NONE
14:05:38 PRIVATE_ISLAND_GUEST
14:06:14 NONE
14:06:14 PRIVATE_ISLAND
14:07:56 HUB
14:10:09 NONE
14:10:09 PRIVATE_ISLAND
14:11:38 NONE
14:11:38 HUB
14:11:51 THE_PARK
14:12:28 NONE
14:12:28 PRIVATE_ISLAND_GUEST
14:12:31 NONE
14:12:31 THE_FARMING_ISLANDS
14:15:17 NONE
14:15:17 HUB
14:15:40 NONE
14:15:40 THE_PARK
14:16:18 HUB
14:16:51 NONE
14:16:51 THE_PARK
14:17:59 NONE
14:17:59 HUB
14:20:42 NONE
14:20:43 GOLD_MINES
14:21:59 NONE
14:21:59 HUB
14:22:08 PRIVATE_ISLAND
14:33:27 NONE
14:33:27 HUB
14:34:43 NONE
14:34:43 PRIVATE_ISLAND_GUEST
14:34:49 NONE
14:34:49 DWARVEN_MINES
14:35:29 NONE
14:35:31 GARDEN
14:36:22 NONE
14:36:22 HUB
14:38:55 NONE
14:38:55 CRIMSON_ISLE
14:40:09 NONE
14:40:10 HUB
14:45:34 NONE
14:45:35 GOLD_MINES
14:56:56 NONE
14:56:56 HUB
14:57:36 NONE
14:57:37 DUNGEON_HUB
15:00:15 CATACOMBS
15:00:55 NONE
15:00:55 DUNGEON_HUB
15:01:21 NONE
15:01:21 CATACOMBS
15:07:21 NONE
15:07:22 CATACOMBS
15:13:27 NONE
15:13:27 DUNGEON_HUB
15:14:01 CATACOMBS
15:20:57 NONE
15:20:58 CATACOMBS
15:21:08 NONE
15:21:08 DUNGEON_HUB
15:22:03 NONE
15:22:04 PRIVATE_ISLAND
15:22:37 NONE
15:22:38 DUNGEON_HUB
15:46:17 NONE
15:46:17 THE_RIFT
16:19:45 NONE
16:19:47 HUB
16:43:16 NONE
16:43:16 BACKWATER_BAYOU
16:47:14 NONE
16:47:14 HUB
17:01:30 PRIVATE_ISLAND_GUEST
17:01:33 NONE
17:01:33 DWARVEN_MINES
