21:37:38 THE_END
22:37:17 NONE
22:37:17 CRIMSON_ISLE
23:03:36 NONE
23:03:36 PRIVATE_ISLAND
23:16:11 NONE
23:16:11 THE_END
00:54:50 NONE
00:54:50 CRIMSON_ISLE
00:55:33 NONE
00:55:33 THE_END
01:14:26 NONE
01:14:26 HUB
01:14:31 NONE
01:14:31 THE_END
01:28:10 NONE
01:28:10 PRIVATE_ISLAND
01:39:57 NONE
01:39:57 CRIMSON_ISLE
01:40:18 NONE
01:40:18 HUB
01:40:28 NONE
01:40:28 CRIMSON_ISLE
01:41:32 NONE
01:41:32 DUNGEON_HUB
01:41:39 NONE
01:41:41 CATACOMBS
01:45:45 NONE
01:45:45 DUNGEON_HUB
01:46:00 NONE
01:46:00 CATACOMBS
01:50:52 NONE
01:50:52 DUNGEON_HUB
01:54:54 NONE
01:54:56 HUB
01:57:31 NONE
01:57:31 THE_END
01:57:47 CATACOMBS
02:05:02 DUNGEON_HUB
02:05:40 NONE
02:05:41 CATACOMBS
02:12:04 NONE
02:12:04 DUNGEON_HUB
02:12:12 CATACOMBS
02:19:47 NONE
02:19:48 THE_END
02:20:03 NONE
02:20:03 HUB
02:20:06 THE_END
02:21:43 NONE
02:21:43 HUB
02:21:47 NONE
02:21:47 THE_END
02:22:24 NONE
02:22:24 HUB
02:22:29 NONE
02:22:29 THE_END
02:23:47 NONE
02:23:48 HUB
02:23:52 NONE
02:23:52 THE_END
02:24:39 NONE
02:24:39 HUB
02:24:43 NONE
02:24:43 THE_END
02:24:53 NONE
02:24:53 HUB
02:24:59 NONE
02:24:59 THE_END
02:28:45 NONE
02:28:46 HUB
02:28:50 NONE
02:28:50 THE_END
02:29:00 NONE
02:29:01 HUB
02:29:05 NONE
02:29:06 THE_END
02:30:02 NONE
02:30:02 HUB
02:30:13 NONE
02:30:13 THE_END
02:31:00 NONE
02:31:00 HUB
02:31:06 NONE
02:31:06 THE_END
02:33:06 HUB
02:33:14 NONE
02:33:14 THE_END
02:34:02 NONE
02:34:02 HUB
02:34:07 NONE
02:34:07 THE_END
02:36:05 NONE
02:36:05 HUB
02:36:30 NONE
02:36:30 DUNGEON_HUB
02:36:44 NONE
02:36:44 CRIMSON_ISLE
02:42:32 NONE
02:42:32 THE_RIFT
02:43:02 NONE
02:43:02 THE_END
