13:01:08 `Zombie`62796 missed {
 is already Found: false).
 Position: LorenzVec(x=-50.0, y=104.0, z=71.0)
 DistanceC: 5.413056386861257
Relative Position: LorenzVec(x=-3.294848418267236, y=-18.0, z=-5.413056386861257)
 }
13:01:28 `7175h9o0n0`529 missed {
 is already Found: false).
 Position: LorenzVec(x=-32.5, y=71.0, z=-76.5)
 DistanceC: 19.159704455825008
Relative Position: LorenzVec(x=19.159704455825008, y=-1.0, z=-17.80000001192093)
 }
13:01:46 `Villager`369 missed {
 is already Found: false).
 Position: LorenzVec(x=10.5, y=70.0, z=-41.5)
 DistanceC: 21.396958887164033
Relative Position: LorenzVec(x=21.396958887164033, y=0.0, z=13.602481453553239)
 }
13:01:53 `zj9f3ha7tv`290588 missed {
 is already Found: false).
 Position: LorenzVec(x=7.0, y=70.0, z=-85.0)
 DistanceC: 20.441983533395643
Relative Position: LorenzVec(x=20.441983533395643, y=0.0, z=-20.133018949095586)
 }
13:01:53 `6z3hwg7y3d`421 missed {
 is already Found: false).
 Position: LorenzVec(x=-31.0, y=73.0, z=-85.5)
 DistanceC: 20.633018949095586
Relative Position: LorenzVec(x=-17.558016466604357, y=3.0, z=-20.633018949095586)
 }
13:01:53 `o1l84v146t`422 missed {
 is already Found: false).
 Position: LorenzVec(x=-36.0, y=73.0, z=-85.5)
 DistanceC: 22.558016466604357
Relative Position: LorenzVec(x=-22.558016466604357, y=3.0, z=-20.633018949095586)
 }
13:02:00 `r51883m1m6`521 missed {
 is already Found: false).
 Position: LorenzVec(x=-29.5, y=57.0, z=-90.5)
 DistanceC: 8.714144136320279
Relative Position: LorenzVec(x=-8.714144136320279, y=-14.5, z=-0.18470474831025285)
 }
13:02:11 `Villager`359 missed {
 is already Found: false).
 Position: LorenzVec(x=-21.5, y=68.0, z=-124.5)
 DistanceC: 22.22001194146825
Relative Position: LorenzVec(x=-22.22001194146825, y=-4.0, z=-19.666355055643166)
 }
13:03:45 `323f095n32`97 missed {
 is already Found: false).
 Position: LorenzVec(x=-131.5, y=101.0, z=-753.5)
 DistanceC: 11.212334595030669
Relative Position: LorenzVec(x=-11.212334595030669, y=9.0, z=2.5530228057606337)
 }
13:03:45 `603m990r0w`98 missed {
 is already Found: false).
 Position: LorenzVec(x=-131.5, y=101.0, z=-755.5)
 DistanceC: 11.212334595030669
Relative Position: LorenzVec(x=-11.212334595030669, y=9.0, z=0.5530228057606337)
 }
13:03:46 `d9auwroyd4`121 missed {
 is already Found: false).
 Position: LorenzVec(x=-117.5, y=105.0, z=-754.5)
 DistanceC: 3.247869611542612
Relative Position: LorenzVec(x=3.247869611542612, y=12.9375, z=3.2019641357463797)
 }
13:04:00 `40o9nm91vz`26 missed {
 is already Found: false).
 Position: LorenzVec(x=-147.0, y=106.0, z=-854.0)
 DistanceC: 2.1148121970077227
Relative Position: LorenzVec(x=-0.9136851211513601, y=0.0, z=-2.1148121970077227)
 }
13:04:08 `Dinnerbone`29 missed {
 is already Found: false).
 Position: LorenzVec(x=-143.5, y=100.0, z=-828.5)
 DistanceC: 16.43884108751388
Relative Position: LorenzVec(x=2.6805502682389033, y=-6.0625, z=16.43884108751388)
 }
13:04:19 `q1w2z9a4y8`25 missed {
 is already Found: false).
 Position: LorenzVec(x=-130.0, y=127.5, z=-815.5)
 DistanceC: 0.8598099311894316
Relative Position: LorenzVec(x=0.8598099311894316, y=0.0, z=0.21802698527369557)
 }
13:04:19 `696d10547z`35 missed {
 is already Found: false).
 Position: LorenzVec(x=-152.5, y=128.0, z=-809.5)
 DistanceC: 21.64019006881057
Relative Position: LorenzVec(x=-21.64019006881057, y=0.5, z=6.218026985273696)
 }
13:04:38 `Slime`444853 missed {
 is already Found: false).
 Position: LorenzVec(x=-180.5, y=109.0, z=-859.5)
 DistanceC: 2.0539365856546965
Relative Position: LorenzVec(x=0.8746501312768942, y=4.0, z=2.0539365856546965)
 }
13:06:11 `DukeBarb `424024 missed {
 is already Found: false).
 Position: LorenzVec(x=-526.625, y=117.0, z=-902.28125)
 DistanceC: 13.8125
Relative Position: LorenzVec(x=3.6354166666666288, y=76.07708331545194, z=-13.8125)
 }
13:06:14 `Slime`453646 missed {
 is already Found: false).
 Position: LorenzVec(x=-541.1875, y=33.75, z=-888.15625)
 DistanceC: 0.9127614959887751
Relative Position: LorenzVec(x=-0.9127614959887751, y=5.898770391948144, z=0.12390834053246635)
 }
13:06:14 `Slime`453647 missed {
 is already Found: false).
 Position: LorenzVec(x=-540.65625, y=33.75, z=-887.71875)
 DistanceC: 0.5614083405324664
Relative Position: LorenzVec(x=-0.3815114959887751, y=5.898770391948144, z=0.5614083405324664)
 }
13:06:14 `Slime`453648 missed {
 is already Found: false).
 Position: LorenzVec(x=-540.125, y=33.75, z=-889.21875)
 DistanceC: 0.9385916594675336
Relative Position: LorenzVec(x=0.1497385040112249, y=5.898770391948144, z=-0.9385916594675336)
 }
13:06:14 `Slime`453649 missed {
 is already Found: false).
 Position: LorenzVec(x=-541.1875, y=33.75, z=-888.71875)
 DistanceC: 0.9127614959887751
Relative Position: LorenzVec(x=-0.9127614959887751, y=5.898770391948144, z=-0.43859165946753365)
 }
13:06:14 `Slime`453650 missed {
 is already Found: false).
 Position: LorenzVec(x=-540.25, y=33.75, z=-887.75)
 DistanceC: 0.5301583405324664
Relative Position: LorenzVec(x=0.024738504011224904, y=5.898770391948144, z=0.5301583405324664)
 }
13:06:14 `Slime`453651 missed {
 is already Found: false).
 Position: LorenzVec(x=-540.96875, y=33.75, z=-888.09375)
 DistanceC: 0.6940114959887751
Relative Position: LorenzVec(x=-0.6940114959887751, y=5.898770391948144, z=0.18640834053246635)
 }
