12:56:46 Trying to load config from config\skyhanni\config.json
12:56:46 load-config-now
12:56:47 Loaded config from file
12:56:47 Trying to load sacks from config\skyhanni\sacks.json
12:56:47 load-sacks-now
12:56:47 Loaded sacks from file
12:56:47 Trying to load friends from config\skyhanni\friends.json
12:56:47 load-friends-now
12:56:47 Loaded friends from file
12:56:47 Trying to load known_features from config\skyhanni\known_features.json
12:56:47 load-known_features-now
12:56:47 Loaded known_features from file
12:56:47 Trying to load jacob_contests from config\skyhanni\jacob_contests.json
12:56:47 load-jacob_contests-now
12:56:47 Loaded jacob_contests from file
12:56:47 Trying to load visual_words from config\skyhanni\visual_words.json
12:56:47 Setting visual_words to be blank as it did not exist. It will be saved once something is written to it
12:57:47 saveConfig: auto-save-60s
12:57:47 Saving config file
12:57:47 Saved config file successfully
12:57:47 saveConfig: auto-save-60s
12:57:47 Saving config file
12:57:47 Saved config file successfully
12:58:47 saveConfig: auto-save-60s
12:58:47 Saving config file
12:58:47 Saved config file successfully
12:58:47 saveConfig: auto-save-60s
12:58:47 Saving config file
12:58:47 Saved config file successfully
12:59:47 saveConfig: auto-save-60s
12:59:47 Saving config file
12:59:47 Saved config file successfully
12:59:47 saveConfig: auto-save-60s
12:59:47 Saving config file
12:59:47 Saved config file successfully
13:00:11 saveConfig: Updated known feature flags
13:00:11 Saving known_features file
13:00:11 Saved known_features file successfully
13:00:11 saveConfig: Updated known feature flags
13:00:11 Saving known_features file
13:00:11 Saved known_features file successfully
13:00:33 saveConfig: saving-data
13:00:33 Saving sacks file
13:00:33 Saved sacks file successfully
13:00:33 saveConfig: saving-data
13:00:33 Saving sacks file
13:00:33 Saved sacks file successfully
13:00:47 saveConfig: auto-save-60s
13:00:47 Saving config file
13:00:47 Saved config file successfully
13:00:47 saveConfig: auto-save-60s
13:00:47 Saving config file
13:00:47 Saved config file successfully
13:01:47 saveConfig: auto-save-60s
13:01:47 Saving config file
13:01:47 Saved config file successfully
13:01:47 saveConfig: auto-save-60s
13:01:47 Saving config file
13:01:47 Saved config file successfully
13:02:47 saveConfig: auto-save-60s
13:02:47 Saving config file
13:02:47 Saved config file successfully
13:02:47 saveConfig: auto-save-60s
13:02:47 Saving config file
13:02:47 Saved config file successfully
13:03:34 saveConfig: saving-data
13:03:34 Saving sacks file
13:03:34 Saved sacks file successfully
13:03:34 saveConfig: saving-data
13:03:34 Saving sacks file
13:03:34 Saved sacks file successfully
13:03:47 saveConfig: auto-save-60s
13:03:47 Saving config file
13:03:47 Saved config file successfully
13:03:47 saveConfig: auto-save-60s
13:03:47 Saving config file
13:03:47 Saved config file successfully
13:03:54 saveConfig: saving-data
13:03:54 Saving sacks file
13:03:54 Saved sacks file successfully
13:03:54 saveConfig: saving-data
13:03:54 Saving sacks file
13:03:54 Saved sacks file successfully
13:04:26 saveConfig: saving-data
13:04:26 Saving sacks file
13:04:26 Saved sacks file successfully
13:04:26 saveConfig: saving-data
13:04:26 Saving sacks file
13:04:26 Saved sacks file successfully
13:04:47 saveConfig: auto-save-60s
13:04:47 Saving config file
13:04:47 Saved config file successfully
13:04:47 saveConfig: auto-save-60s
13:04:47 Saving config file
13:04:47 Saved config file successfully
13:05:47 saveConfig: auto-save-60s
13:05:47 Saving config file
13:05:47 Saved config file successfully
13:05:47 saveConfig: auto-save-60s
13:05:47 Saving config file
13:05:47 Saved config file successfully
13:05:51 saveConfig: saving-data
13:05:51 Saving sacks file
13:05:51 Saved sacks file successfully
13:05:51 saveConfig: saving-data
13:05:51 Saving sacks file
13:05:51 Saved sacks file successfully
13:06:45 saveConfig: saving-data
13:06:45 Saving sacks file
13:06:45 Saved sacks file successfully
13:06:45 saveConfig: saving-data
13:06:45 Saving sacks file
13:06:45 Saved sacks file successfully
13:06:47 saveConfig: auto-save-60s
13:06:47 Saving config file
13:06:47 Saved config file successfully
13:06:47 saveConfig: auto-save-60s
13:06:47 Saving config file
13:06:47 Saved config file successfully
13:06:54 saveConfig: saving-data
13:06:54 Saving sacks file
13:06:54 Saved sacks file successfully
13:06:54 saveConfig: saving-data
13:06:54 Saving sacks file
13:06:54 Saved sacks file successfully
13:07:09 saveConfig: saving-data
13:07:09 Saving sacks file
13:07:09 Saved sacks file successfully
13:07:09 saveConfig: saving-data
13:07:09 Saving sacks file
13:07:09 Saved sacks file successfully
13:07:47 saveConfig: auto-save-60s
13:07:47 Saving config file
13:07:47 Saved config file successfully
13:07:47 saveConfig: auto-save-60s
13:07:47 Saving config file
13:07:47 Saved config file successfully
13:07:51 saveConfig: saving-data
13:07:51 Saving sacks file
13:07:51 Saved sacks file successfully
13:07:51 saveConfig: saving-data
13:07:51 Saving sacks file
13:07:51 Saved sacks file successfully
13:07:58 saveConfig: saving-data
13:07:58 Saving sacks file
13:07:58 Saved sacks file successfully
13:07:58 saveConfig: saving-data
13:07:58 Saving sacks file
13:07:58 Saved sacks file successfully
13:08:05 saveConfig: saving-data
13:08:05 Saving sacks file
13:08:05 Saved sacks file successfully
13:08:05 saveConfig: saving-data
13:08:05 Saving sacks file
13:08:05 Saved sacks file successfully
13:08:18 saveConfig: saving-data
13:08:18 Saving sacks file
13:08:18 Saved sacks file successfully
13:08:18 saveConfig: saving-data
13:08:18 Saving sacks file
13:08:18 Saved sacks file successfully
13:08:24 saveConfig: saving-data
13:08:24 Saving sacks file
13:08:24 Saved sacks file successfully
13:08:24 saveConfig: saving-data
13:08:24 Saving sacks file
13:08:24 Saved sacks file successfully
13:08:32 saveConfig: saving-data
13:08:32 Saving sacks file
13:08:32 Saved sacks file successfully
13:08:32 saveConfig: saving-data
13:08:32 Saving sacks file
13:08:32 Saved sacks file successfully
13:08:40 saveConfig: saving-data
13:08:40 Saving sacks file
13:08:40 Saved sacks file successfully
13:08:40 saveConfig: saving-data
13:08:40 Saving sacks file
13:08:40 Saved sacks file successfully
13:08:47 saveConfig: auto-save-60s
13:08:47 Saving config file
13:08:47 Saved config file successfully
13:08:47 saveConfig: auto-save-60s
13:08:47 Saving config file
13:08:47 Saved config file successfully
13:08:48 saveConfig: saving-data
13:08:48 Saving sacks file
13:08:48 Saved sacks file successfully
13:08:48 saveConfig: saving-data
13:08:48 Saving sacks file
13:08:48 Saved sacks file successfully
13:09:05 saveConfig: saving-data
13:09:05 Saving sacks file
13:09:05 Saved sacks file successfully
13:09:05 saveConfig: saving-data
13:09:05 Saving sacks file
13:09:05 Saved sacks file successfully
13:09:44 saveConfig: shutdown-hook
13:09:44 Saving config file
13:09:44 Saved config file successfully
13:09:44 saveConfig: shutdown-hook
13:09:44 Saving config file
