13:22:17 §eYou received §a69x Enchanted Potato §efor killing a §2Locust§e!
13:22:20 §eYou received §a127x Enchanted Melon §efor killing an §2Earthworm§e!
13:22:29 §eYou received §a103x Enchanted Potato §efor killing a §2Locust§e!
13:22:37 §eYou received §a111x Enchanted Potato §efor killing a §2Locust§e!
13:22:47 §eYou received §a116x Enchanted Potato §efor killing a §2Locust§e!
13:22:59 §eYou received §a96x Enchanted Cocoa Beans §efor killing a §2Moth§e!
13:23:05 §eYou received §a116x Enchanted Potato §efor killing a §2Locust§e!
13:23:11 §eYou received §a116x Enchanted Potato §efor killing a §2Locust§e!
13:23:19 §eYou received §a67x Enchanted Cactus Green §efor killing a §2Mite§e!
13:23:19 §eYou received §a116x Enchanted Potato §efor killing a §2Locust§e!
13:23:19 §eYou received §a117x Enchanted Potato §efor killing a §2Locust§e!
13:23:21 §eYou received §a102x Enchanted Potato §efor killing a §2Locust§e!
13:23:21 §eYou received §a32x Enchanted Pumpkin §efor killing a §2Rat§e!
13:23:21 §eYou received §a33x Enchanted Pumpkin §efor killing a §2Rat§e!
13:23:21 §eYou received §a49x Enchanted Brown Mushroom §efor killing a §2Field Mouse§e!
13:23:21 §eYou received §a1x Honey Jar §efor killing a §2Field Mouse§e!
13:23:21 §eYou received §a1x Plant Matter §efor killing a §2Field Mouse§e!
13:23:21 §eYou received §a1x Tasty Cheese §efor killing a §2Field Mouse§e!
13:23:21 §eYou received §a1x Compost §efor killing a §2Field Mouse§e!
13:23:21 §eYou received §a1x Dung §efor killing a §2Field Mouse§e!
13:23:21 §eYou received §a67x Enchanted Cactus Green §efor killing a §2Mite§e!
13:23:21 §eYou received §a117x Enchanted Potato §efor killing a §2Locust§e!
