13:50:50 `Villager`359 missed {
 is already Found: false).
 Position: LorenzVec(x=-21.5, y=68.0, z=-124.5)
 DistanceC: 23.19999998807907
Relative Position: LorenzVec(x=-23.19999998807907, y=-4.0, z=-22.468202580814108)
 }
13:50:58 `Zombie`532410 missed {
 is already Found: false).
 Position: LorenzVec(x=-50.0, y=104.0, z=71.0)
 DistanceC: 6.675074420914683
Relative Position: LorenzVec(x=-2.3703747678227316, y=-18.5, z=-6.675074420914683)
 }
13:51:26 `r05170026w`113 missed {
 is already Found: false).
 Position: LorenzVec(x=84.0, y=224.0, z=-118.0)
 DistanceC: 1.5342408887804453
Relative Position: LorenzVec(x=1.5342408887804453, y=0.0, z=-1.3426239725559412)
 }
13:51:49 `Villager`121 missed {
 is already Found: false).
 Position: LorenzVec(x=191.0, y=216.0, z=154.0)
 DistanceC: 15.60907900760941
Relative Position: LorenzVec(x=10.377478735512568, y=20.0, z=15.60907900760941)
 }
13:51:49 `t0nm33iqqv`148 missed {
 is already Found: false).
 Position: LorenzVec(x=181.5, y=196.0, z=135.5)
 DistanceC: 16.587122176180742
Relative Position: LorenzVec(x=-0.17271889291518505, y=-0.0625, z=-16.587122176180742)
 }
13:52:13 `zx842ktu5a`351 missed {
 is already Found: false).
 Position: LorenzVec(x=51.5, y=79.0, z=-13.5)
 DistanceC: 22.80000001192093
Relative Position: LorenzVec(x=4.954544655295692, y=10.0, z=22.80000001192093)
 }
13:52:52 `5wx0w6pd9n`243 missed {
 is already Found: false).
 Position: LorenzVec(x=-89.5, y=75.0, z=-134.5)
 DistanceC: 9.955075597549467
Relative Position: LorenzVec(x=9.955075597549467, y=3.0, z=-5.628351068104706)
 }
13:53:06 `e7w9b32cx4`267 missed {
 is already Found: false).
 Position: LorenzVec(x=-64.5, y=70.0, z=-126.5)
 DistanceC: 23.63318798486594
Relative Position: LorenzVec(x=21.136039023035863, y=-4.0, z=23.63318798486594)
 }
13:53:08 `953yz3juwq`326 missed {
 is already Found: false).
 Position: LorenzVec(x=-88.5, y=55.0, z=-128.5)
 DistanceC: 21.63318798486594
Relative Position: LorenzVec(x=-2.8639609769641368, y=-19.0, z=21.63318798486594)
 }
13:54:05 `Slime`223249 missed {
 is already Found: false).
 Position: LorenzVec(x=-539.90625, y=34.40625, z=-888.78125)
 DistanceC: 0.32020735710216286
Relative Position: LorenzVec(x=-0.32020735710216286, y=9.802571154841413, z=0.1580595427104754)
 }
13:54:05 `Slime`223250 missed {
 is already Found: false).
 Position: LorenzVec(x=-541.25, y=34.40625, z=-887.6875)
 DistanceC: 1.6639573571021629
Relative Position: LorenzVec(x=-1.6639573571021629, y=9.802571154841413, z=1.2518095427104754)
 }
13:54:05 `Slime`223251 missed {
 is already Found: false).
 Position: LorenzVec(x=-541.0, y=34.40625, z=-888.0)
 DistanceC: 1.4139573571021629
Relative Position: LorenzVec(x=-1.4139573571021629, y=9.802571154841413, z=0.9393095427104754)
 }
13:54:05 `Slime`223252 missed {
 is already Found: false).
 Position: LorenzVec(x=-540.0, y=34.40625, z=-887.875)
 DistanceC: 1.0643095427104754
Relative Position: LorenzVec(x=-0.41395735710216286, y=9.802571154841413, z=1.0643095427104754)
 }
13:54:05 `Slime`223253 missed {
 is already Found: false).
 Position: LorenzVec(x=-541.03125, y=34.40625, z=-887.28125)
 DistanceC: 1.6580595427104754
Relative Position: LorenzVec(x=-1.4452073571021629, y=9.802571154841413, z=1.6580595427104754)
 }
13:54:05 `Slime`223254 missed {
 is already Found: false).
 Position: LorenzVec(x=-539.9375, y=34.40625, z=-887.28125)
 DistanceC: 1.6580595427104754
Relative Position: LorenzVec(x=-0.35145735710216286, y=9.802571154841413, z=1.6580595427104754)
 }
13:54:45 `np8w0h8410`529 missed {
 is already Found: false).
 Position: LorenzVec(x=-32.5, y=71.0, z=-76.5)
 DistanceC: 18.082678778136412
Relative Position: LorenzVec(x=18.082678778136412, y=-1.0, z=-17.80000001192093)
 }
13:56:18 `pra92be2kd`497 missed {
 is already Found: false).
 Position: LorenzVec(x=15.5, y=70.0, z=-71.8125)
 DistanceC: 22.010055665455255
Relative Position: LorenzVec(x=22.010055665455255, y=0.0, z=-21.471222642857185)
 }
13:56:27 `4792l46t74`417 missed {
 is already Found: false).
 Position: LorenzVec(x=7.0, y=70.0, z=-85.0)
 DistanceC: 21.70354802584525
Relative Position: LorenzVec(x=19.754053153963028, y=0.0, z=-21.70354802584525)
 }
13:56:27 `s9q38xt2x2`421 missed {
 is already Found: false).
 Position: LorenzVec(x=-31.0, y=73.0, z=-85.5)
 DistanceC: 22.20354802584525
Relative Position: LorenzVec(x=-18.245946846036972, y=3.0, z=-22.20354802584525)
 }
13:56:27 `7g82diy1x1`422 missed {
 is already Found: false).
 Position: LorenzVec(x=-36.0, y=73.0, z=-85.5)
 DistanceC: 23.245946846036972
Relative Position: LorenzVec(x=-23.245946846036972, y=3.0, z=-22.20354802584525)
 }
13:56:54 `3flrd89989`228 missed {
 is already Found: false).
 Position: LorenzVec(x=22.0, y=71.0, z=-45.5)
 DistanceC: 17.0
Relative Position: LorenzVec(x=9.5, y=1.0, z=17.0)
 }
13:56:54 `g506u01403`229 missed {
 is already Found: false).
 Position: LorenzVec(x=25.0, y=65.0, z=-41.0)
 DistanceC: 21.5
Relative Position: LorenzVec(x=12.5, y=-5.0, z=21.5)
 }
14:01:43 `7rb0b08k2k`97 missed {
 is already Found: false).
 Position: LorenzVec(x=-131.5, y=101.0, z=-753.5)
 DistanceC: 10.506715155092351
Relative Position: LorenzVec(x=-10.506715155092351, y=9.0, z=2.196176557616809)
 }
14:01:43 `9887a13v8t`98 missed {
 is already Found: false).
 Position: LorenzVec(x=-131.5, y=101.0, z=-755.5)
 DistanceC: 10.506715155092351
Relative Position: LorenzVec(x=-10.506715155092351, y=9.0, z=0.19617655761680908)
 }
14:01:43 `r03s70269r`128 missed {
 is already Found: false).
 Position: LorenzVec(x=-120.5, y=92.0, z=-751.5)
 DistanceC: 3.614884447357781
Relative Position: LorenzVec(x=0.48740006482479714, y=0.0, z=3.614884447357781)
 }
14:01:43 `hg3g2a9047`121 missed {
 is already Found: false).
 Position: LorenzVec(x=-117.5, y=105.0, z=-754.5)
 DistanceC: 3.2552215267643447
Relative Position: LorenzVec(x=3.2552215267643447, y=13.0, z=0.5929719390013588)
 }
14:03:24 `43ty4sq53a`130 missed {
 is already Found: false).
 Position: LorenzVec(x=-624.5, y=120.0, z=-961.5)
 DistanceC: 3.238449916095192
Relative Position: LorenzVec(x=3.1349098864562848, y=0.0, z=3.238449916095192)
 }
14:03:34 `ubeu90d0xm`161 missed {
 is already Found: false).
 Position: LorenzVec(x=-676.5, y=126.0, z=-985.5)
 DistanceC: 7.683359139397112
Relative Position: LorenzVec(x=0.6217000990151291, y=2.0, z=-7.683359139397112)
 }
14:04:21 `cq845p2rp4`162 missed {
 is already Found: false).
 Position: LorenzVec(x=-652.5, y=124.0, z=-1053.5)
 DistanceC: 13.800000011920929
Relative Position: LorenzVec(x=-13.800000011920929, y=-3.0, z=-5.290463614599275)
 }
14:04:41 `e5rz2rnt23`158 missed {
 is already Found: false).
 Position: LorenzVec(x=-631.5, y=124.0, z=-999.5)
 DistanceC: 22.4069500516307
Relative Position: LorenzVec(x=4.8729291814684075, y=0.3959196219069554, z=-22.4069500516307)
 }
14:04:48 `ubeu90d0xm`161 missed {
 is already Found: false).
 Position: LorenzVec(x=-676.5, y=126.0, z=-985.5)
 DistanceC: 6.396157594902775
Relative Position: LorenzVec(x=2.096397753957149, y=0.9844449272978011, z=-6.396157594902775)
 }
14:05:28 `cq845p2rp4`162 missed {
 is already Found: false).
 Position: LorenzVec(x=-652.5, y=124.0, z=-1053.5)
 DistanceC: 13.800000011920929
Relative Position: LorenzVec(x=-13.800000011920929, y=-3.0, z=-5.569595212383774)
 }
14:05:53 `fr75aa971o`135 missed {
 is already Found: false).
 Position: LorenzVec(x=-635.5, y=160.0, z=-1056.5)
 DistanceC: 9.199999988079071
Relative Position: LorenzVec(x=-3.800000011920929, y=7.746800019478798, z=9.199999988079071)
 }
14:06:42 `7rb0b08k2k`97 missed {
 is already Found: false).
 Position: LorenzVec(x=-131.5, y=101.0, z=-753.5)
 DistanceC: 11.005353126818704
Relative Position: LorenzVec(x=-6.55707751872724, y=9.0, z=-11.005353126818704)
 }
14:06:42 `9887a13v8t`98 missed {
 is already Found: false).
 Position: LorenzVec(x=-131.5, y=101.0, z=-755.5)
 DistanceC: 13.005353126818704
Relative Position: LorenzVec(x=-6.55707751872724, y=9.0, z=-13.005353126818704)
 }
14:06:43 `hg3g2a9047`121 missed {
 is already Found: false).
 Position: LorenzVec(x=-117.5, y=105.0, z=-754.5)
 DistanceC: 19.197365241477314
Relative Position: LorenzVec(x=8.789993513193792, y=16.0, z=-19.197365241477314)
 }
14:06:50 `2m73yitx4a`41 missed {
 is already Found: false).
 Position: LorenzVec(x=-131.5, y=89.0, z=-722.5)
 DistanceC: 20.024307878687978
Relative Position: LorenzVec(x=20.024307878687978, y=3.0, z=15.992360800039023)
 }
14:24:09 `Slime`842081 missed {
 is already Found: false).
 Position: LorenzVec(x=-180.5, y=109.0, z=-859.5)
 DistanceC: 0.46732856878713847
Relative Position: LorenzVec(x=0.01725161262703523, y=4.0, z=0.46732856878713847)
 }
14:25:47 `g9e2qx6pxk`35 missed {
 is already Found: false).
 Position: LorenzVec(x=-152.5, y=128.0, z=-809.5)
 DistanceC: 22.681440204018486
Relative Position: LorenzVec(x=22.681440204018486, y=13.0, z=-12.042571668217306)
 }
14:26:04 `hg3g2a9047`121 missed {
 is already Found: false).
 Position: LorenzVec(x=-117.5, y=105.0, z=-754.5)
 DistanceC: 21.666474254207742
Relative Position: LorenzVec(x=-9.422194781286208, y=6.0, z=21.666474254207742)
 }
14:26:06 `9887a13v8t`98 missed {
 is already Found: false).
 Position: LorenzVec(x=-131.5, y=101.0, z=-755.5)
 DistanceC: 13.035984772614142
Relative Position: LorenzVec(x=9.904313645791433, y=9.559544869528025, z=13.035984772614142)
 }
14:26:06 `7rb0b08k2k`97 missed {
 is already Found: false).
 Position: LorenzVec(x=-131.5, y=101.0, z=-753.5)
 DistanceC: 13.153532481517601
Relative Position: LorenzVec(x=13.153532481517601, y=12.078400001525878, z=12.724864163842767)
 }
14:27:21 `Villager`365 missed {
 is already Found: false).
 Position: LorenzVec(x=17.5, y=70.0, z=-99.0)
 DistanceC: 22.374280828457607
Relative Position: LorenzVec(x=22.374280828457607, y=0.0, z=-21.963765513050305)
 }
14:27:38 `38l30k3opy`521 missed {
 is already Found: false).
 Position: LorenzVec(x=-29.5, y=57.0, z=-90.5)
 DistanceC: 21.640024728825736
Relative Position: LorenzVec(x=-18.652711186077276, y=-13.0, z=-21.640024728825736)
 }
14:27:42 `l39wbztiff`423 missed {
 is already Found: false).
 Position: LorenzVec(x=-31.0, y=73.0, z=-95.5)
 DistanceC: 23.371550865533564
Relative Position: LorenzVec(x=-19.04842433089202, y=2.9375, z=-23.371550865533564)
 }
14:28:58 `1wk8v08m9z`495 missed {
 is already Found: false).
 Position: LorenzVec(x=23.0, y=71.0, z=-69.0)
 DistanceC: 23.940493686879996
Relative Position: LorenzVec(x=23.940493686879996, y=1.0, z=18.386013799588653)
 }
14:28:58 `kg4f94t3ht`496 missed {
 is already Found: false).
 Position: LorenzVec(x=23.0, y=77.0, z=-69.5)
 DistanceC: 23.940493686879996
Relative Position: LorenzVec(x=23.940493686879996, y=7.0, z=17.886013799588653)
 }
14:31:25 `Villager`365 missed {
 is already Found: false).
 Position: LorenzVec(x=17.5, y=70.0, z=-99.0)
 DistanceC: 23.686467944945207
Relative Position: LorenzVec(x=23.686467944945207, y=0.0, z=-21.871031839377196)
 }
14:31:25 `65jav494vl`251 missed {
 is already Found: false).
 Position: LorenzVec(x=-24.5, y=71.0, z=-58.5)
 DistanceC: 18.628968160622804
Relative Position: LorenzVec(x=-18.313532055054793, y=1.0, z=18.628968160622804)
 }
14:31:25 `38l30k3opy`521 missed {
 is already Found: false).
 Position: LorenzVec(x=-29.5, y=57.0, z=-90.5)
 DistanceC: 23.313532055054793
Relative Position: LorenzVec(x=-23.313532055054793, y=-13.0, z=-13.371031839377196)
 }
14:31:51 `846xsfma4n`521 missed {
 is already Found: false).
 Position: LorenzVec(x=-29.5, y=57.0, z=-90.5)
 DistanceC: 23.588568366370183
Relative Position: LorenzVec(x=-18.136694343337307, y=-13.0, z=-23.588568366370183)
 }
14:32:42 `r21i29x166`521 missed {
 is already Found: false).
 Position: LorenzVec(x=-29.5, y=57.0, z=-90.5)
 DistanceC: 23.521945827531866
Relative Position: LorenzVec(x=-19.01386150624819, y=-13.0, z=-23.521945827531866)
 }
14:33:07 `Villager`365 missed {
 is already Found: false).
 Position: LorenzVec(x=17.5, y=70.0, z=-99.0)
 DistanceC: 23.273340470686524
Relative Position: LorenzVec(x=23.273340470686524, y=0.0, z=-22.55096523904804)
 }
14:33:07 `65jav494vl`251 missed {
 is already Found: false).
 Position: LorenzVec(x=-24.5, y=71.0, z=-58.5)
 DistanceC: 18.726659529313476
Relative Position: LorenzVec(x=-18.726659529313476, y=1.0, z=17.94903476095196)
 }
14:33:07 `38l30k3opy`521 missed {
 is already Found: false).
 Position: LorenzVec(x=-29.5, y=57.0, z=-90.5)
 DistanceC: 23.726659529313476
Relative Position: LorenzVec(x=-23.726659529313476, y=-13.0, z=-14.05096523904804)
 }
14:34:39 `Villager`357 missed {
 is already Found: false).
 Position: LorenzVec(x=-25.6875, y=68.0, z=-103.09375)
 DistanceC: 21.770854625432705
Relative Position: LorenzVec(x=-17.785750620678648, y=-2.0, z=-21.770854625432705)
 }
14:34:41 `l39wbztiff`423 missed {
 is already Found: false).
 Position: LorenzVec(x=-31.0, y=73.0, z=-95.5)
 DistanceC: 23.098250620678648
Relative Position: LorenzVec(x=-23.098250620678648, y=3.0, z=-14.177104625432705)
 }
14:34:55 `hr93z42fej`228 missed {
 is already Found: false).
 Position: LorenzVec(x=22.0, y=71.0, z=-45.5)
 DistanceC: 10.462588595258474
Relative Position: LorenzVec(x=0.6823611988474241, y=1.0, z=10.462588595258474)
 }
14:34:56 `6ro54n006s`510 missed {
 is already Found: false).
 Position: LorenzVec(x=41.5, y=70.0, z=-39.5)
 DistanceC: 20.182361198847424
Relative Position: LorenzVec(x=20.182361198847424, y=0.0, z=16.462588595258474)
 }
14:35:20 `jip043ds03`508 missed {
 is already Found: false).
 Position: LorenzVec(x=46.5, y=69.0, z=-34.5)
 DistanceC: 19.789997995443176
Relative Position: LorenzVec(x=19.789997995443176, y=0.0, z=18.459424426591774)
 }
14:36:05 `j11lrm395o`335 missed {
 is already Found: false).
 Position: LorenzVec(x=15.5, y=72.0, z=-21.5)
 DistanceC: 21.924644955442062
Relative Position: LorenzVec(x=18.80000001192093, y=-4.0, z=21.924644955442062)
 }
14:36:19 `hr93z42fej`228 missed {
 is already Found: false).
 Position: LorenzVec(x=22.0, y=71.0, z=-45.5)
 DistanceC: 15.605770575316317
Relative Position: LorenzVec(x=15.605770575316317, y=1.0, z=7.57361948877913)
 }
14:36:52 `y8prd695u7`421 missed {
 is already Found: false).
 Position: LorenzVec(x=-31.0, y=73.0, z=-85.5)
 DistanceC: 23.648924629826936
Relative Position: LorenzVec(x=-6.526955809688509, y=-18.0, z=-23.648924629826936)
 }
14:36:52 `377zpn36vd`422 missed {
 is already Found: false).
 Position: LorenzVec(x=-36.0, y=73.0, z=-85.5)
 DistanceC: 23.648924629826936
Relative Position: LorenzVec(x=-11.52695580968851, y=-18.0, z=-23.648924629826936)
 }
14:36:53 `jab4r28s01`244 missed {
 is already Found: false).
 Position: LorenzVec(x=-42.5, y=72.0, z=-54.5)
 DistanceC: 18.02695580968851
Relative Position: LorenzVec(x=-18.02695580968851, y=-19.0, z=7.351075370173064)
 }
14:36:53 `3d3ynrd59d`529 missed {
 is already Found: false).
 Position: LorenzVec(x=-32.5, y=71.0, z=-76.5)
 DistanceC: 14.648924629826936
Relative Position: LorenzVec(x=-8.02695580968851, y=-20.0, z=-14.648924629826936)
 }
14:37:34 `y8prd695u7`421 missed {
 is already Found: false).
 Position: LorenzVec(x=-31.0, y=73.0, z=-85.5)
 DistanceC: 22.011076437396433
Relative Position: LorenzVec(x=-6.506464785209239, y=-16.0, z=-22.011076437396433)
 }
14:37:34 `377zpn36vd`422 missed {
 is already Found: false).
 Position: LorenzVec(x=-36.0, y=73.0, z=-85.5)
 DistanceC: 22.011076437396433
Relative Position: LorenzVec(x=-11.50646478520924, y=-16.0, z=-22.011076437396433)
 }
14:37:35 `Villager`353 missed {
 is already Found: false).
 Position: LorenzVec(x=-7.5, y=70.0, z=-75.5)
 DistanceC: 16.99353521479076
Relative Position: LorenzVec(x=16.99353521479076, y=-19.0, z=-12.011076437396433)
 }
14:37:35 `Villager`361 missed {
 is already Found: false).
 Position: LorenzVec(x=-16.5, y=70.0, z=-81.5)
 DistanceC: 18.011076437396433
Relative Position: LorenzVec(x=7.993535214790761, y=-19.0, z=-18.011076437396433)
 }
14:37:35 `Villager`367 missed {
 is already Found: false).
 Position: LorenzVec(x=-0.5, y=70.0, z=-54.5)
 DistanceC: 23.99353521479076
Relative Position: LorenzVec(x=23.99353521479076, y=-19.0, z=8.988923562603567)
 }
14:37:36 `jab4r28s01`244 missed {
 is already Found: false).
 Position: LorenzVec(x=-42.5, y=72.0, z=-54.5)
 DistanceC: 18.00646478520924
Relative Position: LorenzVec(x=-18.00646478520924, y=-17.0, z=8.988923562603567)
 }
14:37:36 `24j1ia2d20`530 missed {
 is already Found: false).
 Position: LorenzVec(x=-39.5, y=70.0, z=-78.90625)
 DistanceC: 15.417326437396433
Relative Position: LorenzVec(x=-15.00646478520924, y=-19.0, z=-15.417326437396433)
 }
14:37:45 `Villager`353 missed {
 is already Found: false).
 Position: LorenzVec(x=-7.5, y=70.0, z=-75.5)
 DistanceC: 12.18127437979274
Relative Position: LorenzVec(x=10.356087555177336, y=-21.1315633992116, z=-12.18127437979274)
 }
14:37:45 `Villager`361 missed {
 is already Found: false).
 Position: LorenzVec(x=-16.5, y=70.0, z=-81.5)
 DistanceC: 18.18127437979274
Relative Position: LorenzVec(x=1.3560875551773357, y=-21.1315633992116, z=-18.18127437979274)
 }
14:37:45 `24j1ia2d20`530 missed {
 is already Found: false).
 Position: LorenzVec(x=-39.5, y=70.0, z=-78.90625)
 DistanceC: 22.540142707255335
Relative Position: LorenzVec(x=-22.540142707255335, y=-22.132993659646488, z=-15.640555285267816)
 }
14:37:58 `Villager`353 missed {
 is already Found: false).
 Position: LorenzVec(x=-7.5, y=70.0, z=-75.5)
 DistanceC: 23.481930321175778
Relative Position: LorenzVec(x=23.481930321175778, y=-18.0, z=13.789592380296824)
 }
14:37:58 `Villager`255 missed {
 is already Found: false).
 Position: LorenzVec(x=-35.5, y=69.0, z=-112.5)
 DistanceC: 23.210407619703176
Relative Position: LorenzVec(x=-4.518069678824222, y=-19.0, z=-23.210407619703176)
 }
14:38:00 `yn9nhcm98k`340 missed {
 is already Found: false).
 Position: LorenzVec(x=-49.5, y=70.0, z=-67.5)
 DistanceC: 21.789592380296824
Relative Position: LorenzVec(x=-18.518069678824222, y=-18.0, z=21.789592380296824)
 }
14:38:00 `20clwx95e0`350 missed {
 is already Found: false).
 Position: LorenzVec(x=-10.0, y=70.0, z=-67.0)
 DistanceC: 22.289592380296824
Relative Position: LorenzVec(x=20.981930321175778, y=-18.0, z=22.289592380296824)
 }
14:38:52 `Scion `8631222 missed {
 is already Found: false).
 Position: LorenzVec(x=11.625, y=100.0, z=46.15625)
 DistanceC: 19.69643931035445
Relative Position: LorenzVec(x=12.995817006562355, y=-7.683672528958738, z=19.69643931035445)
 }
14:39:28 `80h351omes`418 missed {
 is already Found: false).
 Position: LorenzVec(x=14.0, y=72.0, z=-106.0)
 DistanceC: 22.454743916889214
Relative Position: LorenzVec(x=13.28931417251373, y=2.0, z=-22.454743916889214)
 }
14:39:35 `Villager`357 missed {
 is already Found: false).
 Position: LorenzVec(x=-25.6875, y=68.0, z=-103.09375)
 DistanceC: 21.86155328797753
Relative Position: LorenzVec(x=-20.679935835728006, y=-2.0, z=-21.86155328797753)
 }
