02:01:45 [allowed] §aYou are still radiating with §bGenerosity§r§a!
02:01:45 [allowed] §f §r§r§r§f §r§r§r§1 §r§r§r§0 §r§r§r§2 §r§r§r§f §r§r§r§f §r§r§r§2 §r§r§r§0 §r§r§r§4 §r§r§r§3 §r§r§r§9 §r§r§r§2 §r§r§r§0 §r§r§r§0 §r§r§r§3 §r§r§r§9 §r§r§r§2 §r§r§r§0 §r§r§r§0 §r§r§r§3 §r§r§r§9 §r§r§r§2 §r§r§r§0 §r§r§r§0 
02:01:45 [allowed] §b[MVP§0+§b] KobeAim§f §6joined the lobby!
02:01:48 [allowed] §b[MVP§2+§b] bedroom4u§f §6joined the lobby!
02:01:53 [allowed] §b[MVP§d+§b] lolosaurusrex§f §6joined the lobby!
02:01:56 [allowed] §b[MVP§d+§b] 7exem§f §6joined the lobby!
02:01:59 [allowed] §b[MVP§c+§b] ArrcoJet§f §6joined the lobby!
02:02:00 [allowed] §7Sending to server mini29DD...
02:02:03 [allowed] §8 §r§8 §r§1 §r§3 §r§3 §r§7 §r§8 
02:02:03 [allowed]  
02:02:03 [allowed] §f       §7You have §31 §7pending §3Bestiary Milestone §7to be claimed!
02:02:03 [allowed] §f                    §6§l>>> §6§lCLICK HERE§e to claim it! §6§l<<<
02:02:03 [allowed]   
02:02:03 [allowed] 
02:02:03 [allowed] §eWelcome to §r§aHypixel SkyBlock§r§e!
02:02:03 [allowed] 
02:02:03 [allowed] §eLatest update: §bSkyBlock v0.22.1 §e§lCLICK
02:02:04 [allowed] §aYou are playing on profile: §eCoconut§b (Co-op)
02:02:04 [allowed] §8Profile ID: 4ef1bd42-ec32-42d4-afba-b766eacde1e7
02:02:20 [allowed] §9§m-----------------------------------------------------§r§9
§r§9                         §r§9 §6Friends (Page 1 of 59) §r§e§l>>§r§9
§r§9§aDaniRobert22 §eis in Limbo§r§9
§r§9§bdreamninja420 §eis in SkyBlock - Glacite Mineshafts§r§9
§r§9§bGamingStarfish §eis in SkyBlock - Private Island§r§9
§r§9§biiDemo §eis in SkyBlock - Private Island§r§9
§r§9§blil_blade69 §eis in SkyBlock - Dwarven Mines§r§9
§r§9§bMatteke42 §eis in SkyBlock - Crimson Isle§r§9
§r§9§amc02_ §eis in a Bed Wars Game§r§9
§r§9§arom0kyu §eis in SkyBlock - Garden§r§9
§r§9§m-----------------------------------------------------
02:04:48 [allowed] §7Sending to server mini19BE...
02:04:49 [allowed] §8 §r§8 §r§1 §r§3 §r§3 §r§7 §r§8 
02:04:49 [allowed] §d§lINFUSED! §r§7Used one of your free Rift charges!
02:04:49 [allowed] §8If this was unintended, you can leave at no cost whatsoever.
02:04:49 [allowed]  
02:04:49 [allowed] §f       §7You have §31 §7pending §3Bestiary Milestone §7to be claimed!
02:04:50 [allowed] §f                    §6§l>>> §6§lCLICK HERE§e to claim it! §6§l<<<
02:04:50 [allowed]   
02:04:52 [allowed] §aYou are playing on profile: §eCoconut§b (Co-op)
02:04:52 [allowed] §8Profile ID: 4ef1bd42-ec32-42d4-afba-b766eacde1e7
02:04:54 [allowed] §6§lROUND 1§r§6§l: §r§eYou chose §r§a§lSPLIT §r§eand gained §r§53,000 Motes§r§e!
02:04:56 [allowed] §6§lROUND 2§r§6§l: §r§eYou chose §r§a§lSPLIT §r§eand gained §r§53,000 Motes§r§e!
02:04:58 [allowed] §6§lROUND 3§r§6§l: §r§eYou chose §r§a§lSPLIT §r§eand gained §r§53,000 Motes§r§e!
02:05:00 [allowed] §6§lROUND 4§r§6§l: §r§eYou chose §r§a§lSPLIT §r§eand gained §r§53,000 Motes§r§e!
02:05:01 [allowed] §6§lROUND 5§r§6§l: §r§eYou chose §r§a§lSPLIT §r§eand gained §r§53,000 Motes§r§e!
02:05:02 [allowed] §6§lROUND 6§r§6§l: §r§eYou chose §r§a§lSPLIT §r§eand gained §r§53,000 Motes§r§e!
02:05:04 [allowed] §6§lROUND 7§r§6§l: §r§eYou chose §r§a§lSPLIT §r§eand gained §r§53,000 Motes§r§e!
02:05:06 [allowed] §6§lROUND 8 §r§6(§r§6§lFINAL§r§6)§r§6§l: §r§eYou chose §r§a§lSPLIT §r§eand gained §r§53,000 Motes§r§e!
02:05:06 [allowed] §eYou earned §r§524,000 Motes §r§ein this match!
02:05:06 [allowed] §eYour opponent earned §r§524,000 Motes §r§ein this match!
02:05:11 [allowed] §7Warping...
02:05:11 [allowed] §7Sending to server mini77J...
02:05:12 [allowed] §8 §r§8 §r§1 §r§3 §r§3 §r§7 §r§8 
02:05:12 [allowed]  
02:05:12 [allowed] §f       §7You have §31 §7pending §3Bestiary Milestone §7to be claimed!
02:05:12 [allowed] §f                    §6§l>>> §6§lCLICK HERE§e to claim it! §6§l<<<
02:05:12 [allowed]   
02:05:14 [allowed] §cYou may only use this command after 4s on the server!
02:05:15 [allowed] §aYou are playing on profile: §eCoconut§b (Co-op)
02:05:15 [allowed] §8Profile ID: 4ef1bd42-ec32-42d4-afba-b766eacde1e7
02:05:48 [allowed] §8[§r§722§r§8] §r§a[VIP§6+§a] Zylaxia§f§r§f: '
02:06:00 [allowed] §cAutopet §eequipped your §7[Lvl 90] §6Black Cat§e! §a§lVIEW RULE
02:06:09 [allowed] §8[§r§718§r§8] §r§7gotchaboi106§7§r§7: anyone selling t11 slime minions
02:06:13 [allowed] §8[§r§718§r§8] §r§7gotchaboi106§7§r§7: ill buy 5 if anyone is
02:06:35 [allowed] §8[§r§78§r§8] §r§7HalleyWooD5000§7§r§7: wheres the best spot to go to level up combat ?
02:06:36 [allowed] §aYou summoned your §r§6Armadillo§r§a!
02:06:42 [allowed] §8[§r§718§r§8] §r§7gotchaboi106§7§r§7: combat area
02:06:59 [allowed] §8[§r§726§r§8] §r§a[VIP] JFKwasAFK420§f§r§f: get an undead sword and go to deep caverns
02:07:11 [allowed] §7Finding player...
02:07:12 [allowed] §7Sending a visit request...
02:07:13 [allowed] §7Sending to server mini9CR...
02:07:14 [allowed] §8 §r§8 §r§1 §r§3 §r§3 §r§7 §r§8 
02:07:15 [allowed] §f§m-----------------------------------------------------
§r§cYou should NEVER enter your Microsoft account details anywhere but on official Microsoft services!

§r§cExternal links from untrusted sources should be avoided.
§r§f§m-----------------------------------------------------
02:07:15 [allowed]  
02:07:15 [allowed] §f       §7You have §31 §7pending §3Bestiary Milestone §7to be claimed!
02:07:15 [allowed] §f                    §6§l>>> §6§lCLICK HERE§e to claim it! §6§l<<<
02:07:15 [allowed]   
02:07:16 [allowed] §aYou are playing on profile: §eCoconut§b (Co-op)
02:07:16 [allowed] §8Profile ID: 4ef1bd42-ec32-42d4-afba-b766eacde1e7
02:07:17 [allowed] §7Sending to server mini264F...
02:07:18 [allowed] §8 §r§8 §r§1 §r§3 §r§3 §r§7 §r§8 
02:07:18 [allowed]  
02:07:18 [allowed] §f       §7You have §31 §7pending §3Bestiary Milestone §7to be claimed!
02:07:18 [allowed] §f                    §6§l>>> §6§lCLICK HERE§e to claim it! §6§l<<<
02:07:18 [allowed]   
02:07:21 [allowed] §aYou are playing on profile: §eCoconut§b (Co-op)
02:07:21 [allowed] §8Profile ID: 4ef1bd42-ec32-42d4-afba-b766eacde1e7
02:07:23 [allowed] §e[NPC] §5Gwendolyn§f: §rGreat! Now hop on into the Minecart and I'll get you on your way!
02:07:30 [allowed] §bYou've seen all this before, click here to §e§lSKIP §bthe journey!
02:07:36 [allowed] §eYour armadillo is full of energy!
02:07:41 [allowed] §c ☠ §r§7§r§7GOD_EMBER§r§7 was killed by Goblin§r§7§r§7.
02:07:46 [allowed] §7Sending to server mini155A...
02:07:47 [allowed] §8 §r§8 §r§1 §r§3 §r§3 §r§7 §r§8 
02:07:48 [allowed]  
02:07:48 [allowed] §f       §7You have §31 §7pending §3Bestiary Milestone §7to be claimed!
02:07:48 [allowed] §f                    §6§l>>> §6§lCLICK HERE§e to claim it! §6§l<<<
02:07:48 [allowed]   
02:07:50 [allowed] §aYou are playing on profile: §eCoconut§b (Co-op)
02:07:50 [allowed] §8Profile ID: 4ef1bd42-ec32-42d4-afba-b766eacde1e7
02:07:58 [allowed] §cYour §r§5Auspicious Titanium Drill DR-X455 §r§chas §r§e50% §r§cfuel remaining!
02:07:59 [allowed] §cInventory full? Don't forget to check out your Storage inside the SkyBlock Menu!
02:08:05 [allowed] §6[Sacks] §r§a+1,575§r§e items§r§e.§r§8 (Last 12s.)
02:08:29 [allowed] §b§lCOMPACT! §r§fYou found an §r§aEnchanted Hard Stone§r§f!
02:08:30 [allowed] §b§lCOMPACT! §r§fYou found an §r§aEnchanted Hard Stone§r§f!
02:08:35 [allowed] §b§lCOMPACT! §r§fYou found an §r§aEnchanted Hard Stone§r§f!
02:08:37 [allowed] §b§lCOMPACT! §r§fYou found an §r§aEnchanted Hard Stone§r§f!
02:08:38 [allowed] §aThe wind has changed direction!
02:08:42 [allowed] §cYou have already selected this as your pickaxe ability!
02:08:43 [allowed] §6[Sacks] §r§a+228§r§e items§r§e.§r§8 (Last 19s.)
02:08:43 [allowed] §aYou selected §r§ePickobulus §r§aas your Pickaxe Ability. This ability will apply to all of your pickaxes!
02:08:46 [allowed] §aYou used your §r§6Pickobulus §r§aPickaxe Ability!
02:08:46 [allowed] §aRolling miner granted you double drops!
02:08:47 [allowed] §b§lCOMPACT! §r§fYou found an §r§aEnchanted Hard Stone§r§f!
02:08:47 [allowed] §7Your §r§aPickobulus §r§7destroyed §r§e166 §r§7blocks!
02:08:49 [allowed]  
02:08:50 [allowed] §aYou uncovered a treasure chest!
02:08:54 [allowed] §aYou uncovered a treasure chest!
02:09:03 [allowed] §b§lCOMPACT! §r§fYou found an §r§aEnchanted Hard Stone§r§f!
02:09:17 [allowed] §6[Sacks] §r§a+2,320§r§e items§r§e.§r§8 (Last 30s.)
02:09:22 [allowed] §cYour pickaxe ability is on cooldown for 25s.
02:09:23 [allowed] §aRolling miner granted you double drops!
02:09:24 [allowed] §d§lPRISTINE! §r§fYou found §r§a❈ Flawed Amethyst Gemstone §r§8x10§r§f!
02:09:26 [allowed] §d§lPRISTINE! §r§fYou found §r§a❈ Flawed Amethyst Gemstone §r§8x12§r§f!
02:09:26 [allowed] §b§lCOMPACT! §r§fYou found an §r§aEnchanted Hard Stone§r§f!
02:09:27 [allowed] §b§lCOMPACT! §r§fYou found an §r§aEnchanted Hard Stone§r§f!
02:09:27 [allowed] §b§lCOMPACT! §r§fYou found an §r§aEnchanted Hard Stone§r§f!
02:09:33 [allowed] §a§l+5 Kill Combo §r§b+3% §r§b✯ Magic Find
02:09:33 [allowed] §7Your Giant's Sword hit §r§c3 §r§7enemies for §r§c1,632,039 §r§7damage.
02:09:41 [allowed] §cYour Kill Combo has expired! You reached a 6 Kill Combo!
02:09:48 [allowed] §a§r§6Pickobulus §r§ais now available!
02:09:49 [allowed] §6[Sacks] §r§a+1,164§r§e items§r§e.§r§8 (Last 30s.)
02:09:51 [allowed]  
02:10:01 [allowed] §aYou uncovered a treasure chest!
02:10:04 [allowed] §aYou uncovered a treasure chest!
02:10:10 [allowed] §aYou used your §r§6Pickobulus §r§aPickaxe Ability!
02:10:11 [allowed] §aRolling miner granted you double drops!
02:10:11 [allowed] §aYour §r§6Armadillo §r§aleveled up to level §r§961§r§a!
02:10:12 [allowed] §7Your §r§aPickobulus §r§7destroyed §r§e173 §r§7blocks!
02:10:12 [allowed] §c§lYour inventory is full!
02:10:12 [allowed] §eOpen the §a§lGAME SETTINGS §eto disable this notification!
02:10:12 [allowed] §a§l▬▬▬▬▬▬▬▬▬▬▬▬▬▬▬▬▬▬▬▬▬▬▬▬▬▬▬▬▬▬▬▬▬▬▬▬▬▬▬▬▬▬▬▬▬▬▬▬▬▬▬▬▬▬▬▬▬▬▬▬▬▬▬▬
02:10:12 [allowed] §f                     §r§9§lGONE WITH THE WIND ENDED!
02:10:12 [allowed] §f                           §r§7Passive Active Event
02:10:12 [allowed] 
02:10:12 [allowed] §f     The wind has died down leading to normal mining speeds.
02:10:12 [allowed] §a§l▬▬▬▬▬▬▬▬▬▬▬▬▬▬▬▬▬▬▬▬▬▬▬▬▬▬▬▬▬▬▬▬▬▬▬▬▬▬▬▬▬▬▬▬▬▬▬▬▬▬▬▬▬▬▬▬▬▬▬▬▬▬▬▬
02:10:16 [allowed] §a§l+5 Kill Combo §r§b+3% §r§b✯ Magic Find
02:10:16 [allowed] §a§l+10 Kill Combo §r§8+§r§610 §r§7coins per kill
02:10:16 [allowed] §7Your Giant's Sword hit §r§c8 §r§7enemies for §r§c4,352,104 §r§7damage.
02:10:21 [allowed] §eYour armadillo is full of energy!
02:10:21 [allowed] §cYour Kill Combo has expired! You reached a 11 Kill Combo!
02:10:23 [allowed] §6[Sacks] §r§a+3,733§r§e items§r§e.§r§8 (Last 30s.)
02:10:23 [allowed] §cYou need a tool with a §r§aBreaking Power §r§cof §r§66§r§c to mine Ruby Gemstone Block§r§c! Speak to §r§dFragilis §r§cby the entrance to the Crystal Hollows to learn more!
02:10:27 [allowed] §b§lCOMPACT! §r§fYou found an §r§aEnchanted Hard Stone§r§f!
02:10:29 [allowed] §aYou uncovered a treasure chest!
02:10:47 [allowed] §b§lCOMPACT! §r§fYou found an §r§aEnchanted Hard Stone§r§f!
02:10:54 [allowed]  
02:10:54 [allowed] §b§lCOMPACT! §r§fYou found an §r§aEnchanted Hard Stone§r§f!
02:10:55 [allowed] §6[Sacks] §r§a+528§r§e items§r§e.§r§8 (Last 30s.)
02:10:57 [allowed] §eFrom stash: §r§fHard Stone
02:10:57 [allowed] §eFrom stash: §r§fHard Stone
02:10:57 [allowed] §eFrom stash: §r§fHard Stone
02:10:57 [allowed] §eFrom stash: §r§fHard Stone
02:10:57 [allowed] §eFrom stash: §r§fHard Stone
02:10:57 [allowed] §eFrom stash: §r§fHard Stone
02:10:57 [allowed] §eFrom stash: §r§fHard Stone
02:10:57 [allowed] §eFrom stash: §r§fHard Stone
02:10:57 [allowed] §eFrom stash: §r§fHard Stone
02:10:57 [allowed] §eFrom stash: §r§fHard Stone
02:10:57 [allowed] §eFrom stash: §r§fHard Stone
02:10:57 [allowed] §eFrom stash: §r§fHard Stone
02:10:57 [allowed] §eFrom stash: §r§fHard Stone
02:10:57 [allowed] §eFrom stash: §r§fHard Stone
02:10:57 [allowed] §eFrom stash: §r§fHard Stone
02:10:57 [allowed] §eFrom stash: §r§fHard Stone
02:10:57 [allowed] §eFrom stash: §r§fHard Stone
02:10:57 [allowed] §eYou picked up §r§aall §r§eitems from your material stash!
02:11:07 [allowed] §aYou uncovered a treasure chest!
02:11:08 [allowed] §aYou uncovered a treasure chest!
02:11:10 [allowed] §cYour §r§5Auspicious Titanium Drill DR-X455 §r§chas §r§e25% §r§cfuel remaining!
02:11:12 [allowed] §a§r§6Pickobulus §r§ais now available!
02:11:17 [allowed] §aYou used your §r§6Pickobulus §r§aPickaxe Ability!
02:11:17 [allowed] §7Your §r§aPickobulus §r§7destroyed §r§e56 §r§7blocks!
02:11:17 [allowed] §aYou uncovered a treasure chest!
02:11:17 [allowed]  §b⚑ §eThe §b2x Powder §eevent starts in §a20 §eseconds!
 §eThis is a passive event! §bIt's happening everywhere in the §bCrystal Hollows!
02:11:18 [allowed] §b§lCOMPACT! §r§fYou found an §r§aEnchanted Hard Stone§r§f!
02:11:27 [allowed] §6[Sacks] §r§a+660§r§e items§r§e.§r§8 (Last 30s.)
02:11:28 [allowed] §eYour armadillo is full of energy!
02:11:32 [allowed] §aYou uncovered a treasure chest!
02:11:35 [allowed] §b§lCOMPACT! §r§fYou found an §r§aEnchanted Hard Stone§r§f!
02:11:38 [allowed] §a§l▬▬▬▬▬▬▬▬▬▬▬▬▬▬▬▬▬▬▬▬▬▬▬▬▬▬▬▬▬▬▬▬▬▬▬▬▬▬▬▬▬▬▬▬▬▬▬▬▬▬▬▬▬▬▬▬▬▬▬▬▬▬▬▬
02:11:38 [allowed] §f                          §r§b§l2X POWDER STARTED!
02:11:38 [allowed] §f                           §r§7Passive Active Event
02:11:38 [allowed] §f                                        
02:11:38 [allowed] §f        Everybody gets twice as much powder of all types!
02:11:38 [allowed] §a§l▬▬▬▬▬▬▬▬▬▬▬▬▬▬▬▬▬▬▬▬▬▬▬▬▬▬▬▬▬▬▬▬▬▬▬▬▬▬▬▬▬▬▬▬▬▬▬▬▬▬▬▬▬▬▬▬▬▬▬▬▬▬▬▬
02:11:42 [allowed] §cYour pickaxe ability is on cooldown for 35s.
02:11:46 [allowed] §aRolling miner granted you double drops!
02:11:47 [allowed] §d§lPRISTINE! §r§fYou found §r§a❈ Flawed Amethyst Gemstone §r§8x10§r§f!
02:11:51 [allowed] §aYou earned §r§2433 GEXP §r§afrom playing SkyBlock!
02:11:53 [allowed] §a§l+5 Kill Combo §r§b+3% §r§b✯ Magic Find
02:11:53 [allowed] §7Your Giant's Sword hit §r§c8 §r§7enemies for §r§c4,172,184 §r§7damage.
02:11:56 [allowed] §b§lCOMPACT! §r§fYou found an §r§aEnchanted Hard Stone§r§f!
02:11:58 [allowed] §6[Sacks] §r§a+1,273§r§e items§r§e.§r§8 (Last 30s.)
02:12:00 [allowed] §cYour Kill Combo has expired! You reached a 8 Kill Combo!
02:12:00 [allowed] §aYou uncovered a treasure chest!
02:12:02 [allowed] §b§lCOMPACT! §r§fYou found an §r§aEnchanted Hard Stone§r§f!
02:12:13 [allowed] §b§lCOMPACT! §r§fYou found an §r§aEnchanted Hard Stone§r§f!
02:12:18 [allowed] §a§r§6Pickobulus §r§ais now available!
02:12:27 [allowed] §a§aYou tipped 7 players in 10 different games!
02:12:29 [allowed] §aYou uncovered a treasure chest!
02:12:29 [allowed] §eYour armadillo is full of energy!
02:12:29 [allowed] §6[Sacks] §r§a+4,978§r§e items§r§e.§r§8 (Last 30s.)
02:12:37 [allowed] §b§lCOMPACT! §r§fYou found an §r§aEnchanted Hard Stone§r§f!
02:12:44 [allowed] §aYou used your §r§6Pickobulus §r§aPickaxe Ability!
02:12:45 [allowed] §7Your §r§aPickobulus §r§7destroyed §r§e73 §r§7blocks!
02:12:46 [allowed] §cYour §r§5Auspicious Titanium Drill DR-X455 §r§chas §r§e10% §r§cfuel remaining!
02:12:48 [allowed] §b§lCOMPACT! §r§fYou found an §r§aEnchanted Hard Stone§r§f!
02:12:48 [allowed] §aRolling miner granted you double drops!
02:12:52 [allowed] §b§lCOMPACT! §r§fYou found an §r§aEnchanted Hard Stone§r§f!
02:13:01 [allowed] §aYou uncovered a treasure chest!
02:13:02 [allowed] §6[Sacks] §r§a+2,142§r§e items§r§e.§r§8 (Last 30s.)
02:13:08 [allowed] §6[Sacks] §r§a+83§r§e items§r§e.§r§8 (Last 6s.)
02:13:11 [allowed] §e[NPC] Tribe Member§r§r§r: Auch!
02:13:11 [allowed] §e[NPC] Tribe Member§r§r§r: Ough!
02:13:13 [allowed] §e[NPC] Tribe Member§r§r§r: You are going to regret this!
02:13:13 [allowed] §e[NPC] Tribe Member§r§r§r: You need to be taught some manners.
02:13:13 [allowed] §e[NPC] Tribe Member§r§r§r: Let's settle this.
02:13:13 [allowed] §7Your Giant's Sword hit §r§c2 §r§7enemies for §r§c1,085,978 §r§7damage.
02:13:19 [allowed] §cThere are blocks in the way!
02:13:24 [allowed] §cYour pickaxe ability is on cooldown for 21s.
02:13:24 [allowed] §aRolling miner granted you double drops!
02:13:25 [allowed] §d§lPRISTINE! §r§fYou found §r§a❤ Flawed Ruby Gemstone §r§8x12§r§f!
02:13:33 [allowed] §6A Golden Goblin has spawned!
02:13:35 [allowed] §b§lCOMPACT! §r§fYou found an §r§aEnchanted Hard Stone§r§f!
02:13:35 [allowed] §b§lCOMPACT! §r§fYou found an §r§aEnchanted Hard Stone§r§f!
02:13:37 [allowed] §cYour pickaxe ability is on cooldown for 8s.
02:13:37 [allowed] §cYour pickaxe ability is on cooldown for 8s.
02:13:42 [allowed] §6[Sacks] §r§a+2,517§r§e items§r§e.§r§8 (Last 16s.)
02:13:42 [allowed] §aYou received §r§2200 ᠅ Mithril Powder §r§afrom killing a §r§6§lGolden Goblin§r§a!
02:13:42 [allowed]   §r§7+§r§62 Gold Essence
02:13:45 [allowed] §b§lCOMPACT! §r§fYou found an §r§aEnchanted Hard Stone§r§f!
02:13:46 [allowed] §a§r§6Pickobulus §r§ais now available!
02:13:48 [allowed] §cA magical force surrounding this area prevents you from breaking blocks!
02:13:49 [allowed] §cA magical force surrounding this area prevents you from breaking blocks!
02:13:54 [allowed] §6[Sacks] §r§a+71§r§e items§r§e.§r§8 (Last 12s.)
02:14:11 [allowed] §cThere are blocks in the way!
02:14:11 [allowed] §cThere are blocks in the way!
02:14:12 [allowed] §cThere are blocks in the way!
02:14:16 [allowed] §6[Sacks] §r§a+3§r§e items§r§e.§r§8 (Last 5s.)
02:14:17 [allowed] §cA magical force surrounding this area prevents you from breaking blocks!
02:14:26 [allowed] §cA magical force surrounding this area prevents you from breaking blocks!
02:14:27 [allowed] §cThere are blocks in the way!
02:14:27 [allowed] §cA magical force surrounding this area prevents you from breaking blocks!
02:14:28 [allowed] §cThere are blocks in the way!
02:14:29 [allowed] §cThere are blocks in the way!
02:14:29 [allowed] §cA magical force surrounding this area prevents you from breaking blocks!
02:14:31 [allowed] §cA magical force surrounding this area prevents you from breaking blocks!
02:14:32 [allowed] §cThere are blocks in the way!
02:14:33 [allowed] §cThere are blocks in the way!
02:14:34 [allowed] §cThere are blocks in the way!
02:14:38 [allowed] §cThere are blocks in the way!
02:14:45 [allowed] §cThere are blocks in the way!
02:14:46 [allowed] §cThere are blocks in the way!
02:15:12 [allowed] §aMoved §r§e1 Volta§r§a from your Sacks to your inventory.
02:15:18 [allowed] §6[Sacks] §r§c-1§r§e item§r§e.§r§8 (Last 5s.)
02:15:19 [allowed] §cThere are blocks in the way!
02:15:22 [allowed] §dRabbit Granny §r§7has been promoted to §r§7[219§r§7] §r§dExecutive§r§7!
02:15:23 [allowed] §eYour armadillo is full of energy!
02:15:30 [allowed] §cThere are blocks in the way!
02:15:33 [allowed] §cThere are blocks in the way!
02:15:35 [allowed] §cA magical force surrounding this area prevents you from breaking blocks!
02:15:43 [allowed] §cThere are blocks in the way!
02:15:55 [allowed] §b§lCOMPACT! §r§fYou found an §r§aEnchanted Hard Stone§r§f!
02:16:07 [allowed] §b§lCOMPACT! §r§fYou found an §r§aEnchanted Hard Stone§r§f!
02:16:09 [allowed] §aYou uncovered a treasure chest!
02:16:15 [allowed] §b§lCOMPACT! §r§fYou found an §r§aEnchanted Coal§r§f!
02:16:17 [allowed] §6[Sacks] §r§a+234§r§e items§r§e.§r§8 (Last 30s.)
02:16:24 [allowed] §b§lCOMPACT! §r§fYou found an §r§aEnchanted Hard Stone§r§f!
02:16:43 [allowed] §6A Golden Goblin has spawned!
02:16:44 [allowed] §b§lCOMPACT! §r§fYou found an §r§aEnchanted Hard Stone§r§f!
02:16:46 [allowed] §aYou received §r§2200 ᠅ Mithril Powder §r§afrom killing a §r§6§lGolden Goblin§r§a!
02:16:46 [allowed]   §r§7+§r§62 Gold Essence
02:16:49 [allowed] §6[Sacks] §r§a+60§r§e items§r§e.§r§8 (Last 30s.)
02:16:55 [allowed] §aYou used your §r§6Pickobulus §r§aPickaxe Ability!
02:16:55 [allowed] §aRolling miner granted you double drops!
02:16:55 [allowed] §7Your §r§aPickobulus §r§7destroyed §r§e106 §r§7blocks!
02:16:58 [allowed] §aYou earned §r§2750 GEXP §r§afrom playing SkyBlock!
02:17:00 [allowed] §eYour armadillo is full of energy!
02:17:12 [allowed] §6[Sacks] §r§a+1,032§r§e items§r§e.§r§8 (Last 22s.)
02:17:19 [allowed] §cYour pickaxe ability is on cooldown for 36s.
02:17:21 [allowed] §d§lPRISTINE! §r§fYou found §r§a❤ Flawed Ruby Gemstone §r§8x10§r§f!
02:17:27 [allowed] §6[Sacks] §r§a+638§r§e items§r§e.§r§8 (Last 7s.)
02:17:37 [allowed] §cYour pickaxe ability is on cooldown for 18s.
02:17:38 [allowed] §cYour pickaxe ability is on cooldown for 17s.
02:17:42 [allowed] §b§lCOMPACT! §r§fYou found an §r§aEnchanted Hard Stone§r§f!
02:17:46 [allowed] §aRolling miner granted you double drops!
02:17:47 [allowed] §d§lPRISTINE! §r§fYou found §r§a❤ Flawed Ruby Gemstone §r§8x10§r§f!
02:17:47 [allowed] §aYour §r§6Armadillo §r§aleveled up to level §r§962§r§a!
02:17:51 [allowed] §b§lCOMPACT! §r§fYou found an §r§aEnchanted Hard Stone§r§f!
02:17:56 [allowed] §a§r§6Pickobulus §r§ais now available!
02:17:58 [allowed] §d§lPRISTINE! §r§fYou found §r§a❤ Flawed Ruby Gemstone §r§8x12§r§f!
02:18:06 [allowed] §6[Sacks] §r§a+1,665§r§e items§r§e.§r§8 (Last 30s.)
02:18:12 [allowed] §aYou used your §r§6Pickobulus §r§aPickaxe Ability!
02:18:13 [allowed] §7Your §r§aPickobulus §r§7destroyed §r§e65 §r§7blocks!
02:18:34 [allowed] §b§lCOMPACT! §r§fYou found an §r§aEnchanted Hard Stone§r§f!
02:18:35 [allowed] §b§lCOMPACT! §r§fYou found an §r§aEnchanted Hard Stone§r§f!
02:18:38 [allowed] §6[Sacks] §r§a+1,037§r§e items§r§e.§r§8 (Last 30s.)
02:18:38 [allowed] §b§lCOMPACT! §r§fYou found an §r§aEnchanted Hard Stone§r§f!
02:18:50 [allowed] §cYour pickaxe ability is on cooldown for 23s.
02:18:50 [allowed] §aRolling miner granted you double drops!
02:18:51 [allowed] §b§lCOMPACT! §r§fYou found an §r§aEnchanted Hard Stone§r§f!
02:19:05 [allowed] §aYou uncovered a treasure chest!
02:19:10 [allowed] §6[Sacks] §r§a+595§r§e items§r§e.§r§8 (Last 30s.)
02:19:15 [allowed] §a§r§6Pickobulus §r§ais now available!
02:19:33 [allowed] §aYou used your §r§6Pickobulus §r§aPickaxe Ability!
02:19:33 [allowed] §aRolling miner granted you double drops!
02:19:33 [allowed] §b§lCOMPACT! §r§fYou found an §r§aEnchanted Hard Stone§r§f!
02:19:34 [allowed] §7Your §r§aPickobulus §r§7destroyed §r§e165 §r§7blocks!
02:19:34 [allowed] §c§lYour inventory is full!
02:19:37 [allowed] §b§lCOMPACT! §r§fYou found an §r§aEnchanted Hard Stone§r§f!
02:19:37 [allowed] §cYour pickaxe ability is on cooldown for 56s.
02:19:40 [allowed] §b§lCOMPACT! §r§fYou found an §r§aEnchanted Hard Stone§r§f!
02:19:40 [allowed] §d§lPRISTINE! §r§fYou found §r§a✎ Flawed Sapphire Gemstone §r§8x10§r§f!
02:19:41 [allowed] §d§lPRISTINE! §r§fYou found §r§a✎ Flawed Sapphire Gemstone §r§8x24§r§f!
02:19:42 [allowed] §6[Sacks] §r§a+1,340§r§e items§r§e.§r§8 (Last 30s.)
02:19:43 [allowed] §d§lPRISTINE! §r§fYou found §r§a✎ Flawed Sapphire Gemstone §r§8x12§r§f!
02:19:44 [allowed] §aYou uncovered a treasure chest!
02:19:50 [allowed] §b§lCOMPACT! §r§fYou found an §r§aEnchanted Hard Stone§r§f!
02:20:05 [allowed] §b§lCOMPACT! §r§fYou found an §r§aEnchanted Hard Stone§r§f!
02:20:08 [allowed]  
02:20:10 [allowed] §eFrom stash: §r§fHard Stone
02:20:10 [allowed] §eFrom stash: §r§fHard Stone
02:20:10 [allowed] §eFrom stash: §r§fHard Stone
02:20:10 [allowed] §eFrom stash: §r§fHard Stone
02:20:10 [allowed] §eFrom stash: §r§fHard Stone
02:20:10 [allowed] §eFrom stash: §r§fHard Stone
02:20:10 [allowed] §eFrom stash: §r§fHard Stone
02:20:10 [allowed] §eFrom stash: §r§fHard Stone
02:20:10 [allowed] §eFrom stash: §r§fCoal
02:20:10 [allowed] §eFrom stash: §r§fCoal
02:20:10 [allowed] §eFrom stash: §r§fCoal
02:20:10 [allowed] §eFrom stash: §r§fCoal
02:20:10 [allowed] §eFrom stash: §r§fCoal
02:20:10 [allowed] §eFrom stash: §r§fCoal
02:20:10 [allowed] §eFrom stash: §r§fCoal
02:20:10 [allowed] §eFrom stash: §r§fCoal
02:20:10 [allowed] §eFrom stash: §r§fCoal
02:20:10 [allowed] §eFrom stash: §r§fCoal
02:20:10 [allowed] §eFrom stash: §r§fCoal
02:20:10 [allowed] §eYou picked up §r§a901 §r§eitems from your material stash!
02:20:10 [allowed] §eYou still have §a37 materials §etotalling §b1 §etypes of materials in there!
02:20:14 [allowed] §6[Sacks] §r§a+246§r§e items§r§e.§r§8 (Last 30s.)
02:20:34 [allowed] §b§lCOMPACT! §r§fYou found an §r§aEnchanted Hard Stone§r§f!
02:20:34 [allowed] §a§r§6Pickobulus §r§ais now available!
02:20:36 [allowed] §b§lCOMPACT! §r§fYou found an §r§aEnchanted Lapis Lazuli§r§f!
02:20:38 [allowed] §b§lCOMPACT! §r§fYou found an §r§aEnchanted Coal§r§f!
02:20:40 [allowed] §aYou uncovered a treasure chest!
02:20:47 [allowed] §b§lCOMPACT! §r§fYou found an §r§aEnchanted Hard Stone§r§f!
02:20:48 [allowed] §aYou uncovered a treasure chest!
02:20:52 [allowed] §aYou uncovered a treasure chest!
02:20:53 [allowed] §6[Sacks] §r§a+2,413§r§e items§r§e.§r§8 (Last 20s.)
02:21:02 [allowed] §b§lCOMPACT! §r§fYou found an §r§aEnchanted Hard Stone§r§f!
02:21:09 [allowed]  
02:21:14 [allowed] §b§lCOMPACT! §r§fYou found an §r§aEnchanted Hard Stone§r§f!
02:21:19 [allowed] §b§lCOMPACT! §r§fYou found an §r§aEnchanted Hard Stone§r§f!
02:21:19 [allowed] §cYour §r§5Auspicious Titanium Drill DR-X455 §r§chas §r§e50% §r§cfuel remaining!
02:21:20 [allowed] §b§lCOMPACT! §r§fYou found an §r§aEnchanted Hard Stone§r§f!
02:21:22 [allowed] §aYou uncovered a treasure chest!
02:21:24 [allowed] §6[Sacks] §r§a+160§r§e items§r§e.§r§8 (Last 30s.)
02:21:30 [allowed] §aYou uncovered a treasure chest!
02:21:35 [allowed] §aYou uncovered a treasure chest!
02:21:35 [allowed] §b§lCOMPACT! §r§fYou found an §r§aEnchanted Hard Stone§r§f!
02:21:36 [allowed] §b§lCOMPACT! §r§fYou found an §r§aEnchanted Hard Stone§r§f!
02:21:47 [allowed] §b§lCOMPACT! §r§fYou found an §r§aEnchanted Hard Stone§r§f!
02:21:56 [allowed] §6[Sacks] §r§a+708§r§e items§r§e.§r§8 (Last 30s.)
02:22:00 [allowed] §cThere are blocks in the way!
02:22:00 [allowed] §cThere are blocks in the way!
02:22:06 [allowed] §aYou earned §r§2750 GEXP §r§afrom playing SkyBlock!
02:22:07 [allowed] §b§lCOMPACT! §r§fYou found an §r§aEnchanted Hard Stone§r§f!
02:22:11 [allowed]  
02:22:16 [allowed] §b§lCOMPACT! §r§fYou found an §r§aEnchanted Hard Stone§r§f!
02:22:19 [allowed] §b§lCOMPACT! §r§fYou found an §r§aEnchanted Hard Stone§r§f!
02:22:28 [allowed] §6[Sacks] §r§a+1,499§r§e items§r§e.§r§8 (Last 30s.)
02:22:31 [allowed] §b§lCOMPACT! §r§fYou found an §r§aEnchanted Cobblestone§r§f!
02:22:31 [allowed] §b§lCOMPACT! §r§fYou found an §r§aEnchanted Hard Stone§r§f!
02:22:35 [allowed] §b§lCOMPACT! §r§fYou found an §r§aEnchanted Hard Stone§r§f!
02:22:40 [allowed] §b§lCOMPACT! §r§fYou found an §r§aEnchanted Coal§r§f!
02:22:41 [allowed] §b§lCOMPACT! §r§fYou found an §r§aEnchanted Hard Stone§r§f!
02:22:43 [allowed] §eYour armadillo is full of energy!
02:22:44 [allowed] §b§lCOMPACT! §r§fYou found an §r§aEnchanted Hard Stone§r§f!
02:22:47 [allowed] §b§lCOMPACT! §r§fYou found an §r§aEnchanted Hard Stone§r§f!
02:22:59 [allowed] §6[Sacks] §r§a+174§r§e items§r§e.§r§8 (Last 27s.)
02:23:14 [allowed]  
02:23:48 [allowed] §aYou used your §r§6Pickobulus §r§aPickaxe Ability!
02:23:48 [allowed] §aRolling miner granted you double drops!
02:23:48 [allowed] §7Your §r§aPickobulus §r§7destroyed §r§e48 §r§7blocks!
02:23:53 [allowed] §6[Sacks] §r§a+639§r§e items§r§e.§r§8 (Last 5s.)
02:23:58 [allowed] §b§lCOMPACT! §r§fYou found an §r§aEnchanted Hard Stone§r§f!
02:24:00 [allowed] §c ☠ §r§7§r§aKoTeb_b§r§7 burned to death§r§7.
02:24:03 [allowed] §cYour pickaxe ability is on cooldown for 45s.
02:24:05 [allowed] §cYour pickaxe ability is on cooldown for 43s.
02:24:06 [allowed] §b§lCOMPACT! §r§fYou found an §r§aEnchanted Hard Stone§r§f!
02:24:15 [allowed] §6[Sacks] §r§a+548§r§e items§r§e.§r§8 (Last 19s.)
02:24:15 [allowed] §cYour §r§5Auspicious Titanium Drill DR-X455 §r§chas §r§e25% §r§cfuel remaining!
02:24:16 [allowed] §aYou uncovered a treasure chest!
02:24:16 [allowed]  
02:24:21 [allowed] §b§lCOMPACT! §r§fYou found an §r§aEnchanted Hard Stone§r§f!
02:24:22 [allowed] §b§lCOMPACT! §r§fYou found an §r§aEnchanted Hard Stone§r§f!
02:24:23 [allowed] §b§lCOMPACT! §r§fYou found an §r§aEnchanted Hard Stone§r§f!
02:24:26 [allowed] §aYou uncovered a treasure chest!
02:24:29 [allowed] §eYour armadillo is full of energy!
02:24:38 [allowed] §b§lCOMPACT! §r§fYou found an §r§aEnchanted Hard Stone§r§f!
02:24:47 [allowed] §6[Sacks] §r§a+267§r§e items§r§e.§r§8 (Last 30s.)
02:24:49 [allowed] §a§r§6Pickobulus §r§ais now available!
02:25:18 [allowed]  
02:25:20 [allowed] §b§lCOMPACT! §r§fYou found an §r§aEnchanted Hard Stone§r§f!
02:25:22 [allowed] §b§lCOMPACT! §r§fYou found an §r§aEnchanted Hard Stone§r§f!
02:25:23 [allowed] §b§lCOMPACT! §r§fYou found an §r§aEnchanted Hard Stone§r§f!
02:25:25 [allowed] §cThere are blocks in the way!
02:25:25 [allowed] §cThere are blocks in the way!
02:25:31 [allowed] §aYou uncovered a treasure chest!
02:25:35 [allowed] §cThere are blocks in the way!
02:25:35 [allowed] §cThere are blocks in the way!
02:25:39 [allowed] §6[Sacks] §r§a+64§r§e items§r§e.§r§8 (Last 29s.)
02:26:20 [allowed]  
02:26:25 [allowed] §cThere are blocks in the way!
02:26:33 [allowed] §6[Sacks] §r§a+604§r§e items§r§e.§r§8 (Last 12s.)
02:26:36 [allowed] §aYou uncovered a treasure chest!
02:26:41 [allowed] §6A Golden Goblin has spawned!
02:26:45 [allowed] §aYou uncovered a treasure chest!
02:26:45 [allowed] §b§lCOMPACT! §r§fYou found an §r§aEnchanted Hard Stone§r§f!
02:26:48 [allowed] §cYour §r§5Auspicious Titanium Drill DR-X455 §r§chas §r§e10% §r§cfuel remaining!
02:26:56 [allowed] §6[Sacks] §r§a+137§r§e items§r§e.§r§8 (Last 20s.)
02:27:05 [allowed] §a§l▬▬▬▬▬▬▬▬▬▬▬▬▬▬▬▬▬▬▬▬▬▬▬▬▬▬▬▬▬▬▬▬▬▬▬▬▬▬▬▬▬▬▬▬▬▬▬▬▬▬▬▬▬▬▬▬▬▬▬▬▬▬▬▬
02:27:05 [allowed] §f                           §r§b§l2X POWDER ENDED!
02:27:05 [allowed] §f                           §r§7Passive Active Event
02:27:05 [allowed] 
02:27:05 [allowed] §f   Powder amount is back to normal, but there will be another
02:27:05 [allowed] §f§r§f                                 event soon!
02:27:05 [allowed] §a§l▬▬▬▬▬▬▬▬▬▬▬▬▬▬▬▬▬▬▬▬▬▬▬▬▬▬▬▬▬▬▬▬▬▬▬▬▬▬▬▬▬▬▬▬▬▬▬▬▬▬▬▬▬▬▬▬▬▬▬▬▬▬▬▬
02:27:18 [allowed] §aYou earned §r§2678 GEXP §r§afrom playing SkyBlock!
02:27:19 [allowed] §c ☠ §r§7§r§bGrizzBearGrr§r§7 was killed by Yog§r§7§r§7.
02:27:23 [allowed]  
02:27:28 [allowed] §a§aYou tipped 2 players in 7 different games!
