02:08:50 [STASH_COMPACT] §f                 §7You have §3869 §7materials stashed away!
02:08:50 [STASH_COMPACT] §f               §8(This totals 1 type of material stashed!)
02:08:50 [STASH_COMPACT] §f                §3§l>>> §3§lCLICK HERE§b to pick them up! §3§l<<<
02:08:50 [STASH_COMPACT]   
02:09:52 [STASH_COMPACT] §f                 §7You have §3869 §7materials stashed away!
02:09:52 [STASH_COMPACT] §f               §8(This totals 1 type of material stashed!)
02:09:52 [STASH_COMPACT] §f                §3§l>>> §3§lCLICK HERE§b to pick them up! §3§l<<<
02:09:52 [STASH_COMPACT]   
02:10:54 [STASH_COMPACT] §f                §7You have §31,039 §7materials stashed away!
02:10:54 [STASH_COMPACT] §f               §8(This totals 1 type of material stashed!)
02:10:54 [STASH_COMPACT] §f                §3§l>>> §3§lCLICK HERE§b to pick them up! §3§l<<<
02:10:54 [STASH_COMPACT]   
02:20:08 [STASH_COMPACT] §f                §7You have §31,204 §7materials stashed away!
02:20:08 [STASH_COMPACT] §f              §8(This totals 2 types of materials stashed!)
02:20:08 [STASH_COMPACT] §f                §3§l>>> §3§lCLICK HERE§b to pick them up! §3§l<<<
02:20:08 [STASH_COMPACT]   
02:21:10 [STASH_COMPACT] §f                 §7You have §337 §7materials stashed away!
02:21:10 [STASH_COMPACT] §f               §8(This totals 1 type of material stashed!)
02:21:10 [STASH_COMPACT] §f                §3§l>>> §3§lCLICK HERE§b to pick them up! §3§l<<<
02:21:10 [STASH_COMPACT]   
02:22:12 [STASH_COMPACT] §f                 §7You have §337 §7materials stashed away!
02:22:12 [STASH_COMPACT] §f               §8(This totals 1 type of material stashed!)
02:22:12 [STASH_COMPACT] §f                §3§l>>> §3§lCLICK HERE§b to pick them up! §3§l<<<
02:22:12 [STASH_COMPACT]   
02:23:14 [STASH_COMPACT] §f                 §7You have §337 §7materials stashed away!
02:23:14 [STASH_COMPACT] §f               §8(This totals 1 type of material stashed!)
02:23:14 [STASH_COMPACT] §f                §3§l>>> §3§lCLICK HERE§b to pick them up! §3§l<<<
02:23:14 [STASH_COMPACT]   
02:24:17 [STASH_COMPACT] §f                 §7You have §337 §7materials stashed away!
02:24:17 [STASH_COMPACT] §f               §8(This totals 1 type of material stashed!)
02:24:17 [STASH_COMPACT] §f                §3§l>>> §3§lCLICK HERE§b to pick them up! §3§l<<<
02:24:17 [STASH_COMPACT]   
02:25:19 [STASH_COMPACT] §f                 §7You have §337 §7materials stashed away!
02:25:19 [STASH_COMPACT] §f               §8(This totals 1 type of material stashed!)
02:25:19 [STASH_COMPACT] §f                §3§l>>> §3§lCLICK HERE§b to pick them up! §3§l<<<
02:25:19 [STASH_COMPACT]   
02:26:21 [STASH_COMPACT] §f                 §7You have §337 §7materials stashed away!
02:26:21 [STASH_COMPACT] §f               §8(This totals 1 type of material stashed!)
02:26:21 [STASH_COMPACT] §f                §3§l>>> §3§lCLICK HERE§b to pick them up! §3§l<<<
02:26:21 [STASH_COMPACT]   
02:27:23 [STASH_COMPACT] §f                 §7You have §337 §7materials stashed away!
02:27:23 [STASH_COMPACT] §f               §8(This totals 1 type of material stashed!)
02:27:23 [STASH_COMPACT] §f                §3§l>>> §3§lCLICK HERE§b to pick them up! §3§l<<<
02:27:23 [STASH_COMPACT]   
