19:21:48 [STASH_COMPACT] §f                §7You have §33,968 §7materials stashed away!
19:21:48 [STASH_COMPACT] §f               §8(This totals 1 type of material stashed!)
19:21:48 [STASH_COMPACT] §f                §3§l>>> §3§lCLICK HERE§b to pick them up! §3§l<<<
19:21:48 [STASH_COMPACT]   
19:22:05 [STASH_COMPACT] §f                §7You have §33,968 §7materials stashed away!
19:22:05 [STASH_COMPACT] §f               §8(This totals 1 type of material stashed!)
19:22:05 [STASH_COMPACT] §f                §3§l>>> §3§lCLICK HERE§b to pick them up! §3§l<<<
19:22:05 [STASH_COMPACT]   
22:06:11 [HOPPITY_EGG] §cYou have already collected this Chocolate Lunch Egg§r§c! Try again when it respawns!
01:41:50 [HOPPITY_EGG] §cYou have already collected this Chocolate Breakfast Egg§r§c! Try again when it respawns!
01:48:58 [PEST_DROP] §eYou received §a70x Enchanted Potato §efor killing a §2Locust§e!
01:49:11 [PEST_DROP] §eYou received §a25x Enchanted Pumpkin §efor killing a §2Rat§e!
01:49:17 [PEST_DROP] §eYou received §a104x Enchanted Potato §efor killing a §2Locust§e!
01:49:20 [PEST_DROP] §eYou received §a113x Enchanted Potato §efor killing a §2Locust§e!
01:49:30 [PEST_DROP] §eYou received §a33x Enchanted Red Mushroom §efor killing a §2Slug§e!
01:49:38 [PEST_DROP] §eYou received §a118x Enchanted Potato §efor killing a §2Locust§e!
01:49:44 [PEST_DROP] §eYou received §a117x Enchanted Carrot §efor killing a §2Cricket§e!
01:49:49 [PEST_DROP] §eYou received §a98x Enchanted Nether Wart §efor killing a §2Beetle§e!
01:49:55 [PEST_DROP] §eYou received §a86x Enchanted Cocoa Beans §efor killing a §2Moth§e!
01:49:55 [PEST_DROP] §eYou received §a94x Enchanted Cocoa Beans §efor killing a §2Moth§e!
01:49:55 [PEST_DROP] §eYou received §a117x Enchanted Carrot §efor killing a §2Cricket§e!
01:49:56 [PEST_DROP] §eYou received §a30x Enchanted Red Mushroom §efor killing a §2Slug§e!
01:49:56 [PEST_DROP] §eYou received §a33x Enchanted Pumpkin §efor killing a §2Rat§e!
01:49:56 [PEST_DROP] §eYou received §a68x Enchanted Cactus Green §efor killing a §2Mite§e!
01:49:57 [PEST_DROP] §eYou received §a171x Enchanted Melon §efor killing an §2Earthworm§e!
01:49:57 [PEST_DROP] §eYou received §a68x Enchanted Cactus Green §efor killing a §2Mite§e!
01:49:57 [PEST_DROP] §eYou received §a118x Enchanted Potato §efor killing a §2Locust§e!
01:50:12 [GARDEN_VISITOR_MESSAGE] §e[NPC] §aFarmer Jon§f: §r§fI've competed in numerous sugar cane contests, but I've never actually tried farming other crops.
01:50:14 [GARDEN_VISITOR_MESSAGE] §e[NPC] §aFarmer Jon§f: §r§fCultivating sugar cane gets boring eventually.
01:50:14 [GARDEN_VISITOR_MESSAGE] §e[NPC] §aLumber Jack§f: §r§fMy assistant is feeling off, and I think we could do with a hearty meal. Do you think you can help us out?
01:50:16 [GARDEN_VISITOR_MESSAGE] §e[NPC] §aLumber Jack§f: §r§fI thought you'd be more thankful for the sweet axe I gave you.
01:50:17 [GARDEN_VISITOR_MESSAGE] §e[NPC] §aFelix§f: §r§fYou won't be able to store any items in the Garden, you should keep them on your Private Island!
01:50:19 [GARDEN_VISITOR_MESSAGE] §e[NPC] §aFelix§f: §r§fMaybe next time.
01:50:19 [GARDEN_VISITOR_MESSAGE] §e[NPC] §aRyu§f: §r§fDid you know that there is a Garden Level? Increase it by hitting milestones or selling to customers like me!
01:50:21 [GARDEN_VISITOR_MESSAGE] §e[NPC] §aRyu§f: §r§fThat's alright.
01:52:12 [NEW_VISITOR_ARRIVED] §a§r§aFelix §r§ehas arrived on your §r§aGarden§r§e!
