18:46:41 §e[SkyHanni] Reloaded 7440 items in the NEU repo§r
18:49:05 §e[SkyHanni] §f                §r§eYour Weight: §r§a300§r
18:49:06 §e[SkyHanni] Profit for Dragon§e: §6531k§r
18:51:01 §e[SkyHanni] §f                §r§eYour Weight: §r§a204§r
18:51:01 §e[SkyHanni] Profit for Dragon§e: §6107k§r
18:53:47 §e[SkyHanni] §f                §r§eYour Weight: §r§a54§r
19:21:48 §e[SkyHanni] §bYou have §33.9k §bmaterials in stash, §btotalling §31 type§b. §bClick to §3pickup §byour stash!§r
19:26:08 §e[SkyHanni] Click here to share the location of this chocolate egg with the server!§r
19:26:49 §e[SkyHanni] §b+10 SkyBlock XP §7(§aHoppity§7)§b (44/100)§r
19:57:35 §e[SkyHanni] Click here to share the location of this chocolate egg with the server!§r
19:59:10 §e[SkyHanni] Click here to share the location of this chocolate egg with the server!§r
20:01:28 §e[SkyHanni] Gained §d26,000 motes §ethis Rift session! (§d1M/h§e)§r
20:03:40 §e[SkyHanni] Click here to share the location of this chocolate egg with the server!§r
20:07:53 §e[SkyHanni] Click here to share the location of this chocolate egg with the server!§r
20:13:19 §e[SkyHanni] §b[MVP§c+§b] SunlessSunny §l§efound an inquisitor at §l§c-74 80 -211!§r
20:14:00 §e[SkyHanni] Inquisitor from §b[MVP§c+§b] SunlessSunny §enot found, deleting.§r
20:19:38 §e[SkyHanni] §b[MVP§c+§b] SunlessSunny §l§efound an inquisitor at §l§c-210 90 105!§r
20:20:12 §e[SkyHanni] Inquisitor from §b[MVP§c+§b] SunlessSunny §enot found, deleting.§r
20:23:18 §e[SkyHanni] §b[MVP§c+§b] SunlessSunny §l§efound an inquisitor at §l§c68 72 -187!§r
20:25:53 §e[SkyHanni] Click here to share the location of this chocolate egg with the server!§r
20:27:26 §e[SkyHanni] Detected not having access to warp point §bDark Auction§e!§r
20:27:26 §e[SkyHanni] Use §c/shresetburrowwarps §eonce you have activated this travel scroll.§r
20:29:07 §e[SkyHanni] §b[MVP§c+§b] SunlessSunny §l§efound an inquisitor at §l§c-78 91 48!§r
20:29:37 §e[SkyHanni] Inquisitor from §b[MVP§c+§b] SunlessSunny §enot found, deleting.§r
20:30:22 §e[SkyHanni] §cYour Time Tower just expired and has 1 charge remaining. Click here to open the Chocolate Factory Menu.§r
20:34:04 §e[SkyHanni] §b[MVP§c+§b] SunlessSunny §l§efound an inquisitor at §l§c-37 74 144!§r
20:34:12 §e[SkyHanni] §b+3 SkyBlock XP §7(Mythological Kills§7)§b (48/100)§r
20:34:41 §e[SkyHanni] Inquisitor from §b[MVP§c+§b] SunlessSunny §enot found, deleting.§r
20:52:39 §e[SkyHanni] §b[MVP§c+§b] Sainx_ §l§efound an inquisitor at §l§c61 78 87!§r
21:09:24 §e[SkyHanni] §b+5 SkyBlock XP §7(Pet Score§7)§b (53/100)§r
21:30:06 §e[SkyHanni] §f                §r§eYour Weight: §r§a300§r
21:30:06 §e[SkyHanni] §a+Tracker Drop§7: §r§6Superior Dragon Helmet §7(§66.7M coins§7)§r
21:30:06 §e[SkyHanni] Profit for Dragon§e: §66.8M§r
21:34:46 §e[SkyHanni] §f                §r§eYour Weight: §r§a300§r
21:34:47 §e[SkyHanni] Profit for Dragon§e: §69.4k§r
21:35:21 §e[SkyHanni] Click here to share the location of this chocolate egg with the server!§r
21:38:25 §e[SkyHanni] §f                §r§eYour Weight: §r§a188§r
21:42:47 §e[SkyHanni] §f                §r§eYour Weight: §r§a143§r
21:42:47 §e[SkyHanni] Profit for Dragon§e: §681k§r
21:47:40 §e[SkyHanni] Click here to share the location of this chocolate egg with the server!§r
21:50:30 §e[SkyHanni] §cExtra Information from Tab list not found! Enable it: SkyBlock Menu ➜ Settings ➜ Personal ➜ User Interface ➜ Player List Info§r
21:50:33 §e[SkyHanni] §cExtra Information from Tab list not found! Enable it: SkyBlock Menu ➜ Settings ➜ Personal ➜ User Interface ➜ Player List Info§r
21:50:36 §e[SkyHanni] §cExtra Information from Tab list not found! Enable it: SkyBlock Menu ➜ Settings ➜ Personal ➜ User Interface ➜ Player List Info§r
21:50:39 §e[SkyHanni] §cExtra Information from Tab list not found! Enable it: SkyBlock Menu ➜ Settings ➜ Personal ➜ User Interface ➜ Player List Info§r
21:50:42 §e[SkyHanni] §cExtra Information from Tab list not found! Enable it: SkyBlock Menu ➜ Settings ➜ Personal ➜ User Interface ➜ Player List Info§r
21:50:45 §e[SkyHanni] §cExtra Information from Tab list not found! Enable it: SkyBlock Menu ➜ Settings ➜ Personal ➜ User Interface ➜ Player List Info§r
21:50:48 §e[SkyHanni] §cExtra Information from Tab list not found! Enable it: SkyBlock Menu ➜ Settings ➜ Personal ➜ User Interface ➜ Player List Info§r
21:50:51 §e[SkyHanni] §cExtra Information from Tab list not found! Enable it: SkyBlock Menu ➜ Settings ➜ Personal ➜ User Interface ➜ Player List Info§r
21:50:54 §e[SkyHanni] §cExtra Information from Tab list not found! Enable it: SkyBlock Menu ➜ Settings ➜ Personal ➜ User Interface ➜ Player List Info§r
21:50:57 §e[SkyHanni] §cExtra Information from Tab list not found! Enable it: SkyBlock Menu ➜ Settings ➜ Personal ➜ User Interface ➜ Player List Info§r
21:51:00 §e[SkyHanni] §cExtra Information from Tab list not found! Enable it: SkyBlock Menu ➜ Settings ➜ Personal ➜ User Interface ➜ Player List Info§r
21:51:03 §e[SkyHanni] §cExtra Information from Tab list not found! Enable it: SkyBlock Menu ➜ Settings ➜ Personal ➜ User Interface ➜ Player List Info§r
21:51:06 §e[SkyHanni] §cExtra Information from Tab list not found! Enable it: SkyBlock Menu ➜ Settings ➜ Personal ➜ User Interface ➜ Player List Info§r
21:51:09 §e[SkyHanni] §cExtra Information from Tab list not found! Enable it: SkyBlock Menu ➜ Settings ➜ Personal ➜ User Interface ➜ Player List Info§r
21:51:12 §e[SkyHanni] §cExtra Information from Tab list not found! Enable it: SkyBlock Menu ➜ Settings ➜ Personal ➜ User Interface ➜ Player List Info§r
21:51:16 §e[SkyHanni] §cExtra Information from Tab list not found! Enable it: SkyBlock Menu ➜ Settings ➜ Personal ➜ User Interface ➜ Player List Info§r
21:51:19 §e[SkyHanni] §cExtra Information from Tab list not found! Enable it: SkyBlock Menu ➜ Settings ➜ Personal ➜ User Interface ➜ Player List Info§r
21:56:42 §e[SkyHanni] §eRemoved invalid Account Upgrade information.§r
22:06:11 §e[SkyHanni] §eNext egg available in §b28s§e.§r
22:32:46 §e[SkyHanni] Click here to share the location of this chocolate egg with the server!§r
22:55:19 §e[SkyHanni] Click here to share the location of this chocolate egg with the server!§r
22:55:22 §e[SkyHanni] Click here to share the location of this chocolate egg with the server!§r
22:55:27 §e[SkyHanni] Click here to share the location of this chocolate egg with the server!§r
23:15:00 §e[SkyHanni] The Perkpocalypse Mayor has expired! Click here to update the new temporary Mayor.§r
23:23:40 §e[SkyHanni] §b+4 SkyBlock XP §7(Class Level Up§7)§b (86/100)§r
23:46:19 §e[SkyHanni] Click here to share the location of this chocolate egg with the server!§r
23:50:01 §e[SkyHanni] Click here to share the location of this chocolate egg with the server!§r
23:52:31 §e[SkyHanni] Click here to share the location of this chocolate egg with the server!§r
00:06:15 §e[SkyHanni] §b+1 SkyBlock XP §7(HOTM Progression§7)§b (95/100)§r
00:06:56 §e[SkyHanni] Gained §d18,000 motes §ethis Rift session! (§d2.3M/h§e)§r
00:37:59 §e[SkyHanni] Click here to share the location of this chocolate egg with the server!§r
00:48:16 §c[SkyHanni] Couldn't find an item with this name or identifier!§r
01:30:51 §e[SkyHanni] Click here to share the location of this chocolate egg with the server!§r
01:41:50 §e[SkyHanni] §eNext egg available in §b4m 49s§e.§r
01:43:24 §e[SkyHanni] Click here to share the location of this chocolate egg with the server!§r
01:49:40 §e[SkyHanni] Loaded Potato milestone data from tab list!§r
01:52:13 §e[SkyHanni] §aFelix §eis visiting your garden!§r
