19:19:50 `Scion `1254432 missed {
 is already Found: false).
 Position: LorenzVec(x=16.5, y=100.0, z=50.8125)
 DistanceC: 19.443934630122556
Relative Position: LorenzVec(x=14.899074080958423, y=0.0, z=19.443934630122556)
 }
19:22:05 `Scion `1209888 missed {
 is already Found: false).
 Position: LorenzVec(x=11.5, y=100.0, z=46.125)
 DistanceC: 17.429885511268022
Relative Position: LorenzVec(x=16.606328985257036, y=1.0, z=17.429885511268022)
 }
19:22:05 `Scion `1212165 missed {
 is already Found: false).
 Position: LorenzVec(x=16.1875, y=100.0, z=46.0)
 DistanceC: 21.293828985257036
Relative Position: LorenzVec(x=21.293828985257036, y=1.0, z=17.304885511268022)
 }
19:22:05 `Scion `1254432 missed {
 is already Found: false).
 Position: LorenzVec(x=12.125, y=100.0, z=45.4375)
 DistanceC: 17.231328985257036
Relative Position: LorenzVec(x=17.231328985257036, y=1.0, z=16.742385511268022)
 }
19:22:15 `Scion `1209887 missed {
 is already Found: false).
 Position: LorenzVec(x=12.09375, y=100.0, z=45.5)
 DistanceC: 17.200078985257036
Relative Position: LorenzVec(x=17.200078985257036, y=1.0, z=16.804885511268022)
 }
19:24:10 `Scion `1305461 missed {
 is already Found: false).
 Position: LorenzVec(x=14.677083333333334, y=100.0, z=46.177083333333336)
 DistanceC: 19.783412318590372
Relative Position: LorenzVec(x=19.783412318590372, y=1.0, z=17.481968844601358)
 }
19:39:03 `Slime`123 missed {
 is already Found: false).
 Position: LorenzVec(x=46.5, y=132.1875, z=24.5)
 DistanceC: 6.523014570763195
Relative Position: LorenzVec(x=6.523014570763195, y=-28.467865933440038, z=0.3157009796920818)
 }
19:39:08 `Slime`244 missed {
 is already Found: false).
 Position: LorenzVec(x=16.96875, y=101.125, z=27.03125)
 DistanceC: 20.68552658012659
Relative Position: LorenzVec(x=-20.68552658012659, y=-30.875, z=8.453240548005216)
 }
19:39:45 `cycejgdqnakgvdi `258 missed {
 is already Found: false).
 Position: LorenzVec(x=-5.6875, y=114.0, z=35.0625)
 DistanceC: 12.88399487152627
Relative Position: LorenzVec(x=12.88399487152627, y=-30.139634532004663, z=-5.548745681274092)
 }
19:39:50 `ptdtebiredqpibk `254 missed {
 is already Found: false).
 Position: LorenzVec(x=3.6875, y=154.0, z=32.46875)
 DistanceC: 17.833001482306358
Relative Position: LorenzVec(x=17.833001482306358, y=19.0, z=-13.276381870761227)
 }
19:39:50 `ajkfsivlupwcsws `247 missed {
 is already Found: false).
 Position: LorenzVec(x=2.84375, y=179.0, z=38.3125)
 DistanceC: 16.989251482306358
Relative Position: LorenzVec(x=16.989251482306358, y=44.0, z=-7.432631870761227)
 }
19:43:46 `Guardian`763879 missed {
 is already Found: false).
 Position: LorenzVec(x=58.6875, y=69.0, z=-75.8125)
 DistanceC: 21.225393370645094
Relative Position: LorenzVec(x=21.225393370645094, y=-4.0, z=12.430862189411812)
 }
19:47:42 `y5f499uvv5`338 missed {
 is already Found: false).
 Position: LorenzVec(x=23.5, y=88.5, z=-90.5)
 DistanceC: 18.659695039490423
Relative Position: LorenzVec(x=18.659695039490423, y=18.5, z=-9.571932273636861)
 }
19:48:17 `Slime`244 missed {
 is already Found: false).
 Position: LorenzVec(x=16.96875, y=101.125, z=27.03125)
 DistanceC: 15.86034689553767
Relative Position: LorenzVec(x=15.86034689553767, y=29.954212922781196, z=3.1612639336309982)
 }
19:49:16 `i3t7lcm6zn`335 missed {
 is already Found: false).
 Position: LorenzVec(x=-2.5, y=70.0, z=-43.5)
 DistanceC: 23.923205315325568
Relative Position: LorenzVec(x=-0.26422634057814065, y=-7.480710876331699, z=-23.923205315325568)
 }
19:49:54 `a77oavn9x8`218 missed {
 is already Found: false).
 Position: LorenzVec(x=1.375, y=114.43125, z=21.375)
 DistanceC: 22.65826800651848
Relative Position: LorenzVec(x=-12.254721519244397, y=12.265140739061792, z=22.65826800651848)
 }
19:50:05 `Slime`244 missed {
 is already Found: false).
 Position: LorenzVec(x=16.96875, y=101.125, z=27.03125)
 DistanceC: 21.32507762292498
Relative Position: LorenzVec(x=6.668749988079071, y=-21.875, z=21.32507762292498)
 }
19:51:01 `Slime`244 missed {
 is already Found: false).
 Position: LorenzVec(x=16.96875, y=101.125, z=27.03125)
 DistanceC: 12.804722290438647
Relative Position: LorenzVec(x=-6.710371025693792, y=12.125, z=-12.804722290438647)
 }
19:53:53 `Zombie`778679 missed {
 is already Found: false).
 Position: LorenzVec(x=-50.0, y=104.0, z=71.0)
 DistanceC: 4.938600255656709
Relative Position: LorenzVec(x=-3.9667045764858173, y=-20.0155550727022, z=-4.938600255656709)
 }
19:54:24 `rk9hv3136i`329 missed {
 is already Found: false).
 Position: LorenzVec(x=-118.3125, y=73.025, z=172.5)
 DistanceC: 7.774325053184441
Relative Position: LorenzVec(x=-7.774325053184441, y=0.3684175188903822, z=0.5332688066899891)
 }
19:54:25 `Skeleton`323 missed {
 is already Found: false).
 Position: LorenzVec(x=-120.5, y=73.0, z=174.5)
 DistanceC: 8.986371217086685
Relative Position: LorenzVec(x=-1.9800116366906622, y=2.0, z=8.986371217086685)
 }
19:54:26 `399dq3c977`334 missed {
 is already Found: false).
 Position: LorenzVec(x=-124.3125, y=73.025, z=172.5)
 DistanceC: 8.419102660482281
Relative Position: LorenzVec(x=-4.28002756022596, y=2.489159374955449, z=8.419102660482281)
 }
19:54:26 `qc5613udh4`330 missed {
 is already Found: false).
 Position: LorenzVec(x=-127.59375, y=73.025, z=172.65625)
 DistanceC: 10.882017237236482
Relative Position: LorenzVec(x=-4.808538085755345, y=3.103400001525884, z=10.882017237236482)
 }
19:54:26 `fcp4libc5v`332 missed {
 is already Found: false).
 Position: LorenzVec(x=-127.625, y=79.025, z=166.3125)
 DistanceC: 4.839788085755345
Relative Position: LorenzVec(x=-4.839788085755345, y=9.103400001525884, z=4.538267237236482)
 }
19:54:27 `164e90ug0y`325 missed {
 is already Found: false).
 Position: LorenzVec(x=-128.59375, y=73.025, z=168.65625)
 DistanceC: 6.919789452115452
Relative Position: LorenzVec(x=-2.448372903608302, y=3.858890739061792, z=6.919789452115452)
 }
19:54:27 `5th1m4altj`327 missed {
 is already Found: false).
 Position: LorenzVec(x=-128.59375, y=73.025, z=164.3125)
 DistanceC: 2.5760394521154524
Relative Position: LorenzVec(x=-2.448372903608302, y=3.858890739061792, z=2.5760394521154524)
 }
19:54:27 `9qwnlra86p`331 missed {
 is already Found: false).
 Position: LorenzVec(x=-128.59375, y=79.025, z=170.65625)
 DistanceC: 8.919789452115452
Relative Position: LorenzVec(x=-2.448372903608302, y=9.858890739061792, z=8.919789452115452)
 }
19:54:28 `a0i315rktg`333 missed {
 is already Found: false).
 Position: LorenzVec(x=-129.3125, y=79.025, z=168.5)
 DistanceC: 4.772655854803446
Relative Position: LorenzVec(x=4.772655854803446, y=11.025000000000006, z=4.424799157070765)
 }
19:54:28 `tt9kmby625`326 missed {
 is already Found: false).
 Position: LorenzVec(x=-130.3125, y=73.025, z=166.5)
 DistanceC: 6.02492646989046
Relative Position: LorenzVec(x=6.02492646989046, y=5.025000000000006, z=1.800000011920929)
 }
19:54:28 `3iqnsc4h5s`324 missed {
 is already Found: false).
 Position: LorenzVec(x=-130.625, y=73.025, z=169.65625)
 DistanceC: 6.025308193473279
Relative Position: LorenzVec(x=6.025308193473279, y=4.6050000131130275, z=5.015023935586214)
 }
19:54:28 `o6792pxtuo`328 missed {
 is already Found: false).
 Position: LorenzVec(x=-130.59375, y=73.025, z=173.3125)
 DistanceC: 8.671273935586214
Relative Position: LorenzVec(x=6.056558193473279, y=4.6050000131130275, z=8.671273935586214)
 }
19:54:49 `mumcxwsbjc`536 missed {
 is already Found: false).
 Position: LorenzVec(x=114.5, y=73.0, z=175.0)
 DistanceC: 22.27257629128009
Relative Position: LorenzVec(x=22.27257629128009, y=-7.0, z=-1.7042512823785785)
 }
19:55:55 `p6w877cdv5`530 missed {
 is already Found: false).
 Position: LorenzVec(x=-6.5, y=55.0, z=-95.5)
 DistanceC: 21.33301929848217
Relative Position: LorenzVec(x=-1.5767350634616388, y=-15.0, z=-21.33301929848217)
 }
19:56:17 `Villager`357 missed {
 is already Found: false).
 Position: LorenzVec(x=-25.71875, y=68.0, z=-103.125)
 DistanceC: 22.500668683694386
Relative Position: LorenzVec(x=-22.500668683694386, y=-2.0, z=-21.946501220012323)
 }
19:56:17 `Villager`365 missed {
 is already Found: false).
 Position: LorenzVec(x=17.5, y=70.0, z=-99.0)
 DistanceC: 20.718081316305614
Relative Position: LorenzVec(x=20.718081316305614, y=0.0, z=-17.821501220012323)
 }
19:56:17 `zxrl9vve50`251 missed {
 is already Found: false).
 Position: LorenzVec(x=-24.5, y=71.0, z=-58.5)
 DistanceC: 22.678498779987677
Relative Position: LorenzVec(x=-21.281918683694386, y=1.0, z=22.678498779987677)
 }
19:56:34 `8t5hmuv874`523 missed {
 is already Found: false).
 Position: LorenzVec(x=-29.5, y=57.0, z=-90.5)
 DistanceC: 18.076303123105845
Relative Position: LorenzVec(x=-18.076303123105845, y=-13.0, z=-16.816422634214405)
 }
19:56:50 `Bat`398151 missed {
 is already Found: false).
 Position: LorenzVec(x=-7.579861111111112, y=72.89930555555556, z=-63.41319444444445)
 DistanceC: 16.495408097756005
Relative Position: LorenzVec(x=-13.069855928901351, y=2.899305555555557, z=16.495408097756005)
 }
19:56:56 `8owal46r2s`228 missed {
 is already Found: false).
 Position: LorenzVec(x=22.0, y=71.0, z=-45.5)
 DistanceC: 6.300000011920929
Relative Position: LorenzVec(x=6.300000011920929, y=-14.98301735129175, z=-0.003267132895132363)
 }
19:56:59 `Villager`375 missed {
 is already Found: false).
 Position: LorenzVec(x=38.5, y=68.0, z=-46.5)
 DistanceC: 22.513028892783083
Relative Position: LorenzVec(x=22.513028892783083, y=-8.854893299348362, z=5.478219968704778)
 }
19:57:19 `Scion `5366040 missed {
 is already Found: false).
 Position: LorenzVec(x=11.9375, y=100.0, z=45.78125)
 DistanceC: 21.692698066651506
Relative Position: LorenzVec(x=8.944810914847745, y=0.0, z=21.692698066651506)
 }
19:57:20 `088t6zv334`5366133 missed {
 is already Found: false).
 Position: LorenzVec(x=-19.0, y=100.0, z=6.0)
 DistanceC: 21.992689085152257
Relative Position: LorenzVec(x=-21.992689085152257, y=0.0, z=-18.088551933348494)
 }
19:57:25 `Scion `5366037 missed {
 is already Found: false).
 Position: LorenzVec(x=11.96875, y=100.0, z=45.75)
 DistanceC: 21.661448066651506
Relative Position: LorenzVec(x=8.976060914847745, y=0.0, z=21.661448066651506)
 }
20:03:53 `49a57rz1u1`421 missed {
 is already Found: false).
 Position: LorenzVec(x=-31.0, y=73.0, z=-85.5)
 DistanceC: 23.5
Relative Position: LorenzVec(x=-23.5, y=3.0, z=-17.0)
 }
20:03:53 `md7024ur1h`523 missed {
 is already Found: false).
 Position: LorenzVec(x=-29.5, y=57.0, z=-90.5)
 DistanceC: 22.0
Relative Position: LorenzVec(x=-22.0, y=-13.0, z=-22.0)
 }
20:04:06 `Villager`365 missed {
 is already Found: false).
 Position: LorenzVec(x=17.5, y=70.0, z=-99.0)
 DistanceC: 21.616692096293413
Relative Position: LorenzVec(x=21.616692096293413, y=0.0, z=-20.643255233180412)
 }
20:04:12 `4d7x3a0jg2`421 missed {
 is already Found: false).
 Position: LorenzVec(x=-31.0, y=73.0, z=-85.5)
 DistanceC: 21.937716280051866
Relative Position: LorenzVec(x=-21.937716280051866, y=3.0, z=-10.107983556879134)
 }
20:04:14 `s99y557fn7`523 missed {
 is already Found: false).
 Position: LorenzVec(x=-29.5, y=57.0, z=-90.5)
 DistanceC: 22.34675616027775
Relative Position: LorenzVec(x=-19.60303935608924, y=-13.0, z=-22.34675616027775)
 }
20:04:58 `nuet53xt0h`530 missed {
 is already Found: false).
 Position: LorenzVec(x=-6.5, y=55.0, z=-95.5)
 DistanceC: 22.56251682178916
Relative Position: LorenzVec(x=-5.0149029308619335, y=-15.0, z=-22.56251682178916)
 }
20:07:10 `2vbpt81zxg`531 missed {
 is already Found: false).
 Position: LorenzVec(x=-32.5, y=71.0, z=-76.5)
 DistanceC: 18.772908964589398
Relative Position: LorenzVec(x=18.772908964589398, y=-1.0, z=-17.80000001192093)
 }
20:14:42 `rwc17t7k05`243 missed {
 is already Found: false).
 Position: LorenzVec(x=-89.5, y=75.0, z=-134.5)
 DistanceC: 23.263711284041847
Relative Position: LorenzVec(x=-9.99392360615957, y=1.7031271377604469, z=23.263711284041847)
 }
20:17:05 `37b91876ch`242 missed {
 is already Found: false).
 Position: LorenzVec(x=-134.5, y=73.0, z=-97.5)
 DistanceC: 23.100869841189052
Relative Position: LorenzVec(x=23.100869841189052, y=2.0, z=4.005491311002828)
 }
20:18:02 `nuet53xt0h`530 missed {
 is already Found: false).
 Position: LorenzVec(x=-6.5, y=55.0, z=-95.5)
 DistanceC: 22.975026226595958
Relative Position: LorenzVec(x=-1.6289767226886456, y=-15.0, z=-22.975026226595958)
 }
20:20:05 `fw5g2vcw9m`325 missed {
 is already Found: false).
 Position: LorenzVec(x=-85.5, y=55.0, z=-139.5)
 DistanceC: 23.43684824747288
Relative Position: LorenzVec(x=-12.199999988079071, y=-20.0, z=23.43684824747288)
 }
20:23:26 `33e1u751pj`242 missed {
 is already Found: false).
 Position: LorenzVec(x=-134.5, y=73.0, z=-97.5)
 DistanceC: 20.869712356266973
Relative Position: LorenzVec(x=12.212529046290626, y=1.0, z=20.869712356266973)
 }
20:24:45 `ColdHawk`14668 missed {
 is already Found: false).
 Position: LorenzVec(x=-157.5625, y=73.0, z=-28.40625)
 DistanceC: 5.293749988079071
Relative Position: LorenzVec(x=-3.0673796902465256, y=-10.5, z=5.293749988079071)
 }
20:25:56 `ColdHawk`14668 missed {
 is already Found: false).
 Position: LorenzVec(x=62.25, y=84.0, z=74.46875)
 DistanceC: 5.950536885713468
Relative Position: LorenzVec(x=5.950536885713468, y=-5.0, z=0.7259985267785254)
 }
20:26:48 `ColdHawk`14668 missed {
 is already Found: false).
 Position: LorenzVec(x=158.3125, y=81.53819444444444, z=-77.26736111111111)
 DistanceC: 5.8125
Relative Position: LorenzVec(x=5.8125, y=-12.461805555555557, z=0.23263888888888573)
 }
20:29:07 `Minos Champion`18463 missed {
 is already Found: false).
 Position: LorenzVec(x=-21.71875, y=80.90625, z=-209.71875)
 DistanceC: 1.9183227281646502
Relative Position: LorenzVec(x=-1.9183227281646502, y=-0.09375, z=-1.5587747523981932)
 }
20:29:32 `6ph1e9j9bp`531 missed {
 is already Found: false).
 Position: LorenzVec(x=-32.5, y=71.0, z=-76.5)
 DistanceC: 24.0
Relative Position: LorenzVec(x=20.0, y=-1.0, z=-24.0)
 }
20:30:52 `Minos Champion`19615 missed {
 is already Found: false).
 Position: LorenzVec(x=160.6875, y=72.73789723365341, z=-30.71875)
 DistanceC: 2.1209559934257065
Relative Position: LorenzVec(x=0.9929986825590333, y=0.7378972336534133, z=-2.1209559934257065)
 }
20:35:47 `8g8e335bh2`326 missed {
 is already Found: false).
 Position: LorenzVec(x=-88.5, y=55.0, z=-128.5)
 DistanceC: 18.446664933048183
Relative Position: LorenzVec(x=14.883173711055022, y=-17.0, z=-18.446664933048183)
 }
20:37:09 `thc5hl2853`538 missed {
 is already Found: false).
 Position: LorenzVec(x=123.5, y=79.0, z=165.5)
 DistanceC: 23.810312853213617
Relative Position: LorenzVec(x=22.758158341416447, y=13.0, z=23.810312853213617)
 }
20:41:12 Something Went Wrong!
20:45:24 `33e1u751pj`242 missed {
 is already Found: false).
 Position: LorenzVec(x=-134.5, y=73.0, z=-97.5)
 DistanceC: 16.19999998807907
Relative Position: LorenzVec(x=-9.831539532595798, y=0.2911660866600556, z=16.19999998807907)
 }
20:45:49 `in658tf8en`262 missed {
 is already Found: false).
 Position: LorenzVec(x=44.5, y=72.0, z=-162.5)
 DistanceC: 23.976704059247393
Relative Position: LorenzVec(x=23.976704059247393, y=1.0, z=12.542034878586378)
 }
20:46:19 `Minos Champion`27973 missed {
 is already Found: false).
 Position: LorenzVec(x=-14.3125, y=85.0, z=105.28125)
 DistanceC: 1.9847270828058399
Relative Position: LorenzVec(x=1.9847270828058399, y=0.0, z=-1.7296500172720215)
 }
20:47:09 `ColdHawk`21187 missed {
 is already Found: false).
 Position: LorenzVec(x=-194.46875, y=73.0, z=-118.65625)
 DistanceC: 18.95383757968031
Relative Position: LorenzVec(x=-18.95383757968031, y=1.0, z=4.109078650058649)
 }
20:47:42 `4684ays6m4`528 missed {
 is already Found: false).
 Position: LorenzVec(x=-62.5, y=77.0, z=84.5)
 DistanceC: 23.528918378218037
Relative Position: LorenzVec(x=23.528918378218037, y=2.5, z=2.6847008545639426)
 }
20:47:55 `k8o05ylf73`243 missed {
 is already Found: false).
 Position: LorenzVec(x=-89.5, y=75.0, z=-134.5)
 DistanceC: 23.06781947403843
Relative Position: LorenzVec(x=-5.966459973246174, y=-2.9215999984741217, z=23.06781947403843)
 }
20:48:11 `4684ays6m4`528 missed {
 is already Found: false).
 Position: LorenzVec(x=-62.5, y=77.0, z=84.5)
 DistanceC: 13.0
Relative Position: LorenzVec(x=13.0, y=1.0, z=4.0)
 }
20:50:17 Something Went Wrong!
20:52:22 `33e1u751pj`242 missed {
 is already Found: false).
 Position: LorenzVec(x=-134.5, y=73.0, z=-97.5)
 DistanceC: 19.21569819571151
Relative Position: LorenzVec(x=-15.064470459927321, y=1.0, z=19.21569819571151)
 }
20:53:35 `ColdHawk`21187 missed {
 is already Found: false).
 Position: LorenzVec(x=104.8099279835391, y=79.56172839506172, z=-16.704346707818928)
 DistanceC: 9.701286331773218
Relative Position: LorenzVec(x=9.701286331773218, y=-8.43827160493828, z=0.2885759372400649)
 }
20:53:41 `fs53kw6976`535 missed {
 is already Found: false).
 Position: LorenzVec(x=92.5, y=73.0, z=5.5)
 DistanceC: 22.492922645058993
Relative Position: LorenzVec(x=-2.608641651765879, y=-15.0, z=22.492922645058993)
 }
20:55:24 `ColdHawk`21187 missed {
 is already Found: false).
 Position: LorenzVec(x=-82.78472222222223, y=75.55555555555556, z=80.10069444444444)
 DistanceC: 12.681838771347145
Relative Position: LorenzVec(x=12.681838771347145, y=-1.4444444444444429, z=8.406819815677466)
 }
20:56:30 `6ph1e9j9bp`531 missed {
 is already Found: false).
 Position: LorenzVec(x=-32.5, y=71.0, z=-76.5)
 DistanceC: 24.0
Relative Position: LorenzVec(x=20.0, y=-1.0, z=-24.0)
 }
20:57:00 `23n46yv363`536 missed {
 is already Found: false).
 Position: LorenzVec(x=114.5, y=73.0, z=175.0)
 DistanceC: 13.34542949011383
Relative Position: LorenzVec(x=13.34542949011383, y=-1.0, z=-2.069931791217499)
 }
20:57:13 `ColdHawk`21187 missed {
 is already Found: false).
 Position: LorenzVec(x=-43.625, y=81.0, z=-181.65625)
 DistanceC: 1.15625
Relative Position: LorenzVec(x=-1.125, y=-18.0, z=-1.15625)
 }
20:59:52 Something Went Wrong!
21:00:40 `ColdHawk`21187 missed {
 is already Found: false).
 Position: LorenzVec(x=-66.71875, y=82.0, z=-161.6875)
 DistanceC: 10.591789083069251
Relative Position: LorenzVec(x=-10.591789083069251, y=1.0, z=-5.056418117118682)
 }
21:00:50 `4684ays6m4`528 missed {
 is already Found: false).
 Position: LorenzVec(x=-62.5, y=77.0, z=84.5)
 DistanceC: 13.0
Relative Position: LorenzVec(x=13.0, y=1.0, z=4.0)
 }
21:01:27 `4iz4oi71gs`523 missed {
 is already Found: false).
 Position: LorenzVec(x=-29.5, y=57.0, z=-90.5)
 DistanceC: 22.487805215276637
Relative Position: LorenzVec(x=-20.679512409005035, y=-13.0, z=-22.487805215276637)
 }
21:01:27 `kaw3n745v7`421 missed {
 is already Found: false).
 Position: LorenzVec(x=-31.0, y=73.0, z=-85.5)
 DistanceC: 22.179512409005035
Relative Position: LorenzVec(x=-22.179512409005035, y=3.0, z=-17.487805215276637)
 }
21:01:27 `298ejvicd4`531 missed {
 is already Found: false).
 Position: LorenzVec(x=-32.5, y=71.0, z=-76.5)
 DistanceC: 23.679512409005035
Relative Position: LorenzVec(x=-23.679512409005035, y=1.0, z=-8.487805215276637)
 }
21:01:54 `Villager`365 missed {
 is already Found: false).
 Position: LorenzVec(x=17.5, y=70.0, z=-99.0)
 DistanceC: 20.0027778869553
Relative Position: LorenzVec(x=20.0027778869553, y=0.0, z=-16.842167900524856)
 }
21:04:10 `087axry0ew`523 missed {
 is already Found: false).
 Position: LorenzVec(x=-29.5, y=57.0, z=-90.5)
 DistanceC: 21.561144687597743
Relative Position: LorenzVec(x=-21.561144687597743, y=-13.0, z=-20.812225887968182)
 }
21:04:19 `Bat`284360 missed {
 is already Found: true).
 Position: LorenzVec(x=-7.03125, y=77.0625, z=-68.21875)
 DistanceC: 12.91570321563296
Relative Position: LorenzVec(x=-7.006649670081826, y=7.0625, z=12.91570321563296)
 }
21:05:02 `au3270r73n`1440 missed {
 is already Found: false).
 Position: LorenzVec(x=-0.5, y=72.0, z=-111.5)
 DistanceC: 22.849388485786108
Relative Position: LorenzVec(x=10.28540420966548, y=2.0, z=-22.849388485786108)
 }
21:05:52 `79e048t7xu`336 missed {
 is already Found: false).
 Position: LorenzVec(x=-10.0, y=68.0, z=-130.0)
 DistanceC: 23.02420101524376
Relative Position: LorenzVec(x=-17.3586437607179, y=-4.0, z=-23.02420101524376)
 }
21:06:20 `Villager`359 missed {
 is already Found: false).
 Position: LorenzVec(x=-21.5, y=68.0, z=-124.5)
 DistanceC: 23.247827904825584
Relative Position: LorenzVec(x=-19.80000001192093, y=-4.0625, z=-23.247827904825584)
 }
21:06:58 `1ox77c40mv`523 missed {
 is already Found: false).
 Position: LorenzVec(x=-29.5, y=57.0, z=-90.5)
 DistanceC: 19.194027552080353
Relative Position: LorenzVec(x=-19.194027552080353, y=-13.0, z=-12.066266653892725)
 }
21:06:58 `q0d9033k0l`423 missed {
 is already Found: false).
 Position: LorenzVec(x=-31.0, y=73.0, z=-95.5)
 DistanceC: 20.694027552080353
Relative Position: LorenzVec(x=-20.694027552080353, y=3.0, z=-17.066266653892725)
 }
21:06:58 `Villager`367 missed {
 is already Found: false).
 Position: LorenzVec(x=-0.5, y=70.0, z=-54.5)
 DistanceC: 23.933733346107275
Relative Position: LorenzVec(x=9.805972447919647, y=0.0, z=23.933733346107275)
 }
21:07:53 `Zombie`9025 missed {
 is already Found: false).
 Position: LorenzVec(x=1.46875, y=72.0, z=-111.15625)
 DistanceC: 19.65625
Relative Position: LorenzVec(x=-3.03125, y=-6.0, z=-19.65625)
 }
21:08:05 `1d34hr6x82`523 missed {
 is already Found: false).
 Position: LorenzVec(x=-29.5, y=57.0, z=-90.5)
 DistanceC: 21.03315202057771
Relative Position: LorenzVec(x=-21.03315202057771, y=-13.0, z=-15.013640199484868)
 }
21:08:14 `05384wc2lj`245 missed {
 is already Found: false).
 Position: LorenzVec(x=-51.0, y=72.0, z=-60.5)
 DistanceC: 20.675812572240833
Relative Position: LorenzVec(x=-20.675812572240833, y=2.0, z=14.856099096209022)
 }
21:08:21 `09v956lumw`499 missed {
 is already Found: false).
 Position: LorenzVec(x=15.5, y=70.0, z=-71.8125)
 DistanceC: 23.02036406307245
Relative Position: LorenzVec(x=10.80288673274403, y=0.0, z=-23.02036406307245)
 }
21:08:22 `47u3dh8l64`228 missed {
 is already Found: false).
 Position: LorenzVec(x=22.0, y=71.0, z=-45.5)
 DistanceC: 17.302886732744028
Relative Position: LorenzVec(x=17.302886732744028, y=1.0, z=3.2921359369275507)
 }
21:08:22 `em44bj3l82`497 missed {
 is already Found: false).
 Position: LorenzVec(x=23.0, y=71.0, z=-69.0)
 DistanceC: 20.20786406307245
Relative Position: LorenzVec(x=18.302886732744028, y=1.0, z=-20.20786406307245)
 }
21:08:22 `fy3rn49q47`498 missed {
 is already Found: false).
 Position: LorenzVec(x=23.0, y=77.0, z=-69.5)
 DistanceC: 20.70786406307245
Relative Position: LorenzVec(x=18.302886732744028, y=7.0, z=-20.70786406307245)
 }
21:08:22 `Zombie`9021 missed {
 is already Found: false).
 Position: LorenzVec(x=24.5, y=69.0, z=-29.25)
 DistanceC: 19.802886732744028
Relative Position: LorenzVec(x=19.802886732744028, y=-1.0, z=19.54213593692755)
 }
21:08:23 `Villager`355 missed {
 is already Found: false).
 Position: LorenzVec(x=28.5, y=69.0, z=-57.5)
 DistanceC: 23.802886732744028
Relative Position: LorenzVec(x=23.802886732744028, y=-1.0, z=-8.70786406307245)
 }
21:10:23 `Zombie`2086 missed {
 is already Found: false).
 Position: LorenzVec(x=-540.5, y=41.0, z=-888.5)
 DistanceC: 12.75653361408638
Relative Position: LorenzVec(x=-8.440843666365026, y=-76.0, z=12.75653361408638)
 }
21:10:23 `Dinnerbone`2087 missed {
 is already Found: false).
 Position: LorenzVec(x=-536.0625, y=36.25, z=-888.5)
 DistanceC: 12.75653361408638
Relative Position: LorenzVec(x=-4.003343666365026, y=-80.75, z=12.75653361408638)
 }
21:10:23 `Dinnerbone`2088 missed {
 is already Found: false).
 Position: LorenzVec(x=-537.75, y=36.25, z=-885.03125)
 DistanceC: 16.22528361408638
Relative Position: LorenzVec(x=-5.690843666365026, y=-80.75, z=16.22528361408638)
 }
21:10:23 `Dinnerbone`2089 missed {
 is already Found: false).
 Position: LorenzVec(x=-541.5, y=36.25, z=-884.15625)
 DistanceC: 17.10028361408638
Relative Position: LorenzVec(x=-9.440843666365026, y=-80.75, z=17.10028361408638)
 }
21:10:23 `Dinnerbone`2092 missed {
 is already Found: false).
 Position: LorenzVec(x=-541.5, y=36.25, z=-892.875)
 DistanceC: 9.440843666365026
Relative Position: LorenzVec(x=-9.440843666365026, y=-80.75, z=8.38153361408638)
 }
21:10:23 `Dinnerbone`2093 missed {
 is already Found: false).
 Position: LorenzVec(x=-537.75, y=36.25, z=-892.0)
 DistanceC: 9.25653361408638
Relative Position: LorenzVec(x=-5.690843666365026, y=-80.75, z=9.25653361408638)
 }
21:10:23 `Dinnerbone`2090 missed {
 is already Found: false).
 Position: LorenzVec(x=-544.53125, y=36.25, z=-886.59375)
 DistanceC: 14.418393791198241
Relative Position: LorenzVec(x=-14.125440804630784, y=-80.75, z=14.418393791198241)
 }
21:10:23 `Dinnerbone`2091 missed {
 is already Found: false).
 Position: LorenzVec(x=-544.53125, y=36.25, z=-890.4375)
 DistanceC: 14.125440804630784
Relative Position: LorenzVec(x=-14.125440804630784, y=-80.75, z=10.574643791198241)
 }
21:12:25 `53843057f4`97 missed {
 is already Found: false).
 Position: LorenzVec(x=-131.5, y=101.0, z=-753.5)
 DistanceC: 10.393832484850805
Relative Position: LorenzVec(x=-10.393832484850805, y=9.0, z=-1.0100777188971506)
 }
21:12:25 `0wlbo40ojo`98 missed {
 is already Found: false).
 Position: LorenzVec(x=-131.5, y=101.0, z=-755.5)
 DistanceC: 10.393832484850805
Relative Position: LorenzVec(x=-10.393832484850805, y=9.0, z=-3.0100777188971506)
 }
21:12:25 `w3ya68gfac`121 missed {
 is already Found: false).
 Position: LorenzVec(x=-117.5, y=105.0, z=-754.5)
 DistanceC: 3.6061675151491954
Relative Position: LorenzVec(x=3.6061675151491954, y=13.0, z=-2.0100777188971506)
 }
21:23:24 `§bSam `8056285 missed {
 is already Found: false).
 Position: LorenzVec(x=14.5, y=100.0, z=-16.5)
 DistanceC: 19.101137991678883
Relative Position: LorenzVec(x=13.113381064373293, y=82.0, z=-19.101137991678883)
 }
21:35:56 `2m3qkf6e2h`251 missed {
 is already Found: false).
 Position: LorenzVec(x=-24.5, y=71.0, z=-58.5)
 DistanceC: 20.855272660683966
Relative Position: LorenzVec(x=-18.79440198469298, y=1.0, z=20.855272660683966)
 }
21:35:59 `02g8ec75kw`523 missed {
 is already Found: false).
 Position: LorenzVec(x=-29.5, y=57.0, z=-90.5)
 DistanceC: 23.07572202381712
Relative Position: LorenzVec(x=-21.04229475684992, y=-19.091470789652504, z=-23.07572202381712)
 }
21:36:12 `6ov226voj8`228 missed {
 is already Found: false).
 Position: LorenzVec(x=22.0, y=71.0, z=-45.5)
 DistanceC: 15.18865162876822
Relative Position: LorenzVec(x=9.710060522466607, y=1.0, z=15.18865162876822)
 }
21:36:13 `6dpizw33rn`229 missed {
 is already Found: false).
 Position: LorenzVec(x=25.0, y=65.0, z=-41.0)
 DistanceC: 22.32356392116443
Relative Position: LorenzVec(x=22.32356392116443, y=-5.0, z=8.410965475010748)
 }
21:36:30 `l52x37f9e1`422 missed {
 is already Found: false).
 Position: LorenzVec(x=-36.0, y=73.0, z=-85.5)
 DistanceC: 21.76062273750019
Relative Position: LorenzVec(x=-21.76062273750019, y=3.0, z=-16.041505415245837)
 }
21:36:31 `7k2t5u80jx`523 missed {
 is already Found: false).
 Position: LorenzVec(x=-29.5, y=57.0, z=-90.5)
 DistanceC: 21.041505415245837
Relative Position: LorenzVec(x=-15.260622737500189, y=-13.0, z=-21.041505415245837)
 }
21:36:57 `7fo71b8alp`423 missed {
 is already Found: false).
 Position: LorenzVec(x=-31.0, y=73.0, z=-95.5)
 DistanceC: 20.82000685996789
Relative Position: LorenzVec(x=-20.82000685996789, y=-1.6769322131301294, z=-16.872588398594175)
 }
21:37:05 `Villager`355 missed {
 is already Found: false).
 Position: LorenzVec(x=28.5, y=69.0, z=-57.5)
 DistanceC: 21.907012966344197
Relative Position: LorenzVec(x=20.97663777912581, y=-1.0, z=21.907012966344197)
 }
21:37:06 `rqz590fsk4`332 missed {
 is already Found: false).
 Position: LorenzVec(x=31.5, y=71.0, z=-101.5)
 DistanceC: 23.97663777912581
Relative Position: LorenzVec(x=23.97663777912581, y=1.0, z=-22.092987033655803)
 }
21:37:06 `uor36vn3ae`333 missed {
 is already Found: false).
 Position: LorenzVec(x=31.5, y=70.0, z=-94.5)
 DistanceC: 23.97663777912581
Relative Position: LorenzVec(x=23.97663777912581, y=0.0, z=-15.092987033655803)
 }
21:37:23 `p1872e83i7`334 missed {
 is already Found: false).
 Position: LorenzVec(x=38.5, y=70.0, z=-88.5)
 DistanceC: 17.55383437290203
Relative Position: LorenzVec(x=16.210586525949186, y=-17.157525004739057, z=-17.55383437290203)
 }
21:37:50 `p1872e83i7`334 missed {
 is already Found: false).
 Position: LorenzVec(x=38.5, y=70.0, z=-88.5)
 DistanceC: 15.35068980032662
Relative Position: LorenzVec(x=15.266912915960845, y=-14.0, z=-15.35068980032662)
 }
21:37:51 `uor36vn3ae`333 missed {
 is already Found: false).
 Position: LorenzVec(x=31.5, y=70.0, z=-94.5)
 DistanceC: 21.35068980032662
Relative Position: LorenzVec(x=8.266912915960845, y=-14.0, z=-21.35068980032662)
 }
21:37:52 `6y89v97kx7`331 missed {
 is already Found: false).
 Position: LorenzVec(x=34.5, y=71.0, z=-96.5)
 DistanceC: 23.35068980032662
Relative Position: LorenzVec(x=11.266912915960845, y=-13.0, z=-23.35068980032662)
 }
21:38:12 `6ov226voj8`228 missed {
 is already Found: false).
 Position: LorenzVec(x=22.0, y=71.0, z=-45.5)
 DistanceC: 16.85029934237238
Relative Position: LorenzVec(x=10.506407345534964, y=1.0, z=16.85029934237238)
 }
21:38:13 `6dpizw33rn`229 missed {
 is already Found: false).
 Position: LorenzVec(x=25.0, y=65.0, z=-41.0)
 DistanceC: 21.35029934237238
Relative Position: LorenzVec(x=13.506407345534964, y=-5.0, z=21.35029934237238)
 }
21:38:47 `Witch`344 missed {
 is already Found: false).
 Position: LorenzVec(x=41.5, y=70.0, z=-63.5)
 DistanceC: 21.63972219824791
Relative Position: LorenzVec(x=21.63972219824791, y=-11.0, z=11.845520585775375)
 }
21:49:26 `4kxe18oib8`536 missed {
 is already Found: false).
 Position: LorenzVec(x=114.5, y=73.0, z=175.0)
 DistanceC: 10.909369713673513
Relative Position: LorenzVec(x=10.909369713673513, y=-1.0, z=-1.4234986316357663)
 }
21:49:26 `ztajh80z5y`538 missed {
 is already Found: false).
 Position: LorenzVec(x=123.5, y=79.0, z=165.5)
 DistanceC: 20.813627385624883
Relative Position: LorenzVec(x=20.813627385624883, y=5.0, z=-9.493727009901619)
 }
21:49:26 `m97b9ay0xf`537 missed {
 is already Found: false).
 Position: LorenzVec(x=125.0, y=73.0, z=165.0)
 DistanceC: 22.57092597140843
Relative Position: LorenzVec(x=22.57092597140843, y=-1.0, z=-10.26195080582562)
 }
21:50:10 `9l5t4q7y76`529 missed {
 is already Found: false).
 Position: LorenzVec(x=-250.75, y=130.0, z=41.1875)
 DistanceC: 8.944964402851923
Relative Position: LorenzVec(x=-8.944964402851923, y=14.554141162874956, z=8.792014383270235)
 }
21:51:01 `Minos Champion`58910 missed {
 is already Found: false).
 Position: LorenzVec(x=3.04783950617284, y=79.7986111111111, z=-208.8085133744856)
 DistanceC: 0.41511190609926985
Relative Position: LorenzVec(x=-0.08193582347494477, y=0.7986111111111001, z=0.41511190609926985)
 }
21:58:38 `19rwq8u018`243 missed {
 is already Found: false).
 Position: LorenzVec(x=-89.5, y=75.0, z=-134.5)
 DistanceC: 10.312898395491501
Relative Position: LorenzVec(x=10.312898395491501, y=3.0, z=0.15389852841923357)
 }
21:58:38 `5e6a98091g`327 missed {
 is already Found: false).
 Position: LorenzVec(x=-80.5, y=56.0, z=-119.5)
 DistanceC: 20.924822837370925
Relative Position: LorenzVec(x=17.56159029613852, y=-16.0, z=20.924822837370925)
 }
22:00:35 `an46724gx6`242 missed {
 is already Found: false).
 Position: LorenzVec(x=-134.5, y=73.0, z=-97.5)
 DistanceC: 18.450117742148777
Relative Position: LorenzVec(x=-18.450117742148777, y=1.0, z=16.681653131462895)
 }
22:01:00 `4kxe18oib8`536 missed {
 is already Found: false).
 Position: LorenzVec(x=114.5, y=73.0, z=175.0)
 DistanceC: 16.85684434264492
Relative Position: LorenzVec(x=16.85684434264492, y=1.0, z=16.721902805029856)
 }
22:02:52 `4kxe18oib8`536 missed {
 is already Found: false).
 Position: LorenzVec(x=114.5, y=73.0, z=175.0)
 DistanceC: 16.203015240046
Relative Position: LorenzVec(x=14.47871765688565, y=0.0, z=-16.203015240046)
 }
22:04:11 `e3hvek498p`528 missed {
 is already Found: false).
 Position: LorenzVec(x=-62.5, y=77.0, z=84.5)
 DistanceC: 1.800000011920929
Relative Position: LorenzVec(x=1.030033607348372, y=1.0, z=1.800000011920929)
 }
22:05:53 `074s808c8x`225 missed {
 is already Found: false).
 Position: LorenzVec(x=67.5, y=69.65, z=-7.5)
 DistanceC: 22.303852848644297
Relative Position: LorenzVec(x=-14.997954259192724, y=-2.3499999999999943, z=22.303852848644297)
 }
22:08:51 `e3hvek498p`528 missed {
 is already Found: false).
 Position: LorenzVec(x=-62.5, y=77.0, z=84.5)
 DistanceC: 22.975986086265664
Relative Position: LorenzVec(x=22.975986086265664, y=5.0, z=-8.568648527390891)
 }
23:31:10 `Zombie`96183 missed {
 is already Found: false).
 Position: LorenzVec(x=13.84375, y=70.0, z=-93.875)
 DistanceC: 15.41362269694133
Relative Position: LorenzVec(x=15.41362269694133, y=-2.0625, z=7.285433221083522)
 }
23:31:13 `Villager`359 missed {
 is already Found: false).
 Position: LorenzVec(x=-21.5, y=68.0, z=-124.5)
 DistanceC: 23.339566778916478
Relative Position: LorenzVec(x=-19.930127303058672, y=-4.0625, z=-23.339566778916478)
 }
23:31:13 `xa0jk2bw5x`339 missed {
 is already Found: false).
 Position: LorenzVec(x=-9.0, y=68.0, z=-125.0)
 DistanceC: 23.839566778916478
Relative Position: LorenzVec(x=-7.430127303058671, y=-4.0625, z=-23.839566778916478)
 }
23:31:30 `Zombie`96180 missed {
 is already Found: false).
 Position: LorenzVec(x=-31.625, y=57.0, z=-81.18402777777777)
 DistanceC: 7.450554931372608
Relative Position: LorenzVec(x=-6.582062637381231, y=-13.0, z=-7.450554931372608)
 }
23:31:44 `Villager`363 missed {
 is already Found: false).
 Position: LorenzVec(x=28.0, y=70.0, z=-116.0)
 DistanceC: 22.45032299072855
Relative Position: LorenzVec(x=16.092006213095175, y=-4.741574587805147, z=-22.45032299072855)
 }
23:32:29 `Scion `3023687 missed {
 is already Found: false).
 Position: LorenzVec(x=11.75, y=100.0, z=47.0625)
 DistanceC: 20.26679162465074
Relative Position: LorenzVec(x=-4.811657354763156, y=1.0, z=20.26679162465074)
 }
23:33:26 `Scion `3023688 missed {
 is already Found: false).
 Position: LorenzVec(x=11.96875, y=100.0, z=45.90625)
 DistanceC: 19.322059105793524
Relative Position: LorenzVec(x=7.5382916964043805, y=1.0, z=19.322059105793524)
 }
23:33:27 `a1r4nsa892`3023806 missed {
 is already Found: false).
 Position: LorenzVec(x=-19.0, y=100.0, z=6.0)
 DistanceC: 23.43045830359562
Relative Position: LorenzVec(x=-23.43045830359562, y=1.0, z=-20.584190894206476)
 }
23:33:28 `Scion `3023685 missed {
 is already Found: false).
 Position: LorenzVec(x=11.53125, y=100.0, z=47.03125)
 DistanceC: 20.447059105793524
Relative Position: LorenzVec(x=7.1007916964043805, y=1.0, z=20.447059105793524)
 }
23:36:09 `3x3dj464nt`499 missed {
 is already Found: false).
 Position: LorenzVec(x=15.5, y=70.0, z=-71.8125)
 DistanceC: 23.956641718782237
Relative Position: LorenzVec(x=17.821942364492372, y=0.0, z=-23.956641718782237)
 }
23:36:45 `ibnff74qhm`523 missed {
 is already Found: false).
 Position: LorenzVec(x=-29.5, y=57.0, z=-90.5)
 DistanceC: 16.548688264282006
Relative Position: LorenzVec(x=-15.188811546498991, y=-13.0, z=-16.548688264282006)
 }
23:36:47 `ksy9e7ff08`423 missed {
 is already Found: false).
 Position: LorenzVec(x=-31.0, y=73.0, z=-95.5)
 DistanceC: 21.548688264282006
Relative Position: LorenzVec(x=-16.68881154649899, y=3.0, z=-21.548688264282006)
 }
23:36:47 `j3o72k511u`424 missed {
 is already Found: false).
 Position: LorenzVec(x=-36.0, y=73.0, z=-95.5)
 DistanceC: 21.68881154649899
Relative Position: LorenzVec(x=-21.68881154649899, y=3.0, z=-21.548688264282006)
 }
23:36:47 `r35fixmi00`530 missed {
 is already Found: false).
 Position: LorenzVec(x=-6.5, y=55.0, z=-95.5)
 DistanceC: 21.548688264282006
Relative Position: LorenzVec(x=7.811188453501009, y=-15.0, z=-21.548688264282006)
 }
23:38:47 `r35fixmi00`530 missed {
 is already Found: false).
 Position: LorenzVec(x=-6.5, y=55.0, z=-95.5)
 DistanceC: 20.00529695207085
Relative Position: LorenzVec(x=7.175400005210047, y=-15.0, z=-20.00529695207085)
 }
23:38:58 `§bSam `6691302 missed {
 is already Found: false).
 Position: LorenzVec(x=14.5, y=100.0, z=-16.5)
 DistanceC: 24.0
Relative Position: LorenzVec(x=7.0, y=0.0, z=-24.0)
 }
23:39:19 `ypc13a89q6`530 missed {
 is already Found: false).
 Position: LorenzVec(x=-6.5, y=55.0, z=-95.5)
 DistanceC: 22.307503401282972
Relative Position: LorenzVec(x=-5.898282050237558, y=-15.0, z=-22.307503401282972)
 }
23:39:33 `z8xfj30277`523 missed {
 is already Found: false).
 Position: LorenzVec(x=-29.5, y=57.0, z=-90.5)
 DistanceC: 22.712197252347796
Relative Position: LorenzVec(x=-22.712197252347796, y=-13.0, z=-19.88639879244178)
 }
23:39:52 `031l2qb90i`421 missed {
 is already Found: false).
 Position: LorenzVec(x=-31.0, y=73.0, z=-85.5)
 DistanceC: 22.69999998807907
Relative Position: LorenzVec(x=-22.69999998807907, y=3.0, z=-18.062867753166927)
 }
23:40:00 `2y0q38482i`530 missed {
 is already Found: false).
 Position: LorenzVec(x=-6.5, y=55.0, z=-95.5)
 DistanceC: 21.921431246490556
Relative Position: LorenzVec(x=-8.875438265736838, y=-15.0, z=-21.921431246490556)
 }
23:40:12 `hx83cjpp9f`228 missed {
 is already Found: false).
 Position: LorenzVec(x=22.0, y=71.0, z=-45.5)
 DistanceC: 16.617257405901302
Relative Position: LorenzVec(x=16.617257405901302, y=1.0, z=13.47798697228508)
 }
23:40:12 `2669b3yf7g`229 missed {
 is already Found: false).
 Position: LorenzVec(x=25.0, y=65.0, z=-41.0)
 DistanceC: 19.617257405901302
Relative Position: LorenzVec(x=19.617257405901302, y=-5.0, z=17.97798697228508)
 }
23:41:56 `z8xfj30277`523 missed {
 is already Found: false).
 Position: LorenzVec(x=-29.5, y=57.0, z=-90.5)
 DistanceC: 22.617795911540867
Relative Position: LorenzVec(x=-20.130892111008116, y=-13.0, z=-22.617795911540867)
 }
23:41:57 `031l2qb90i`421 missed {
 is already Found: false).
 Position: LorenzVec(x=-31.0, y=73.0, z=-85.5)
 DistanceC: 21.630892111008116
Relative Position: LorenzVec(x=-21.630892111008116, y=3.0, z=-17.617795911540867)
 }
23:43:54 `i4e103d8x4`418 missed {
 is already Found: false).
 Position: LorenzVec(x=14.0, y=72.0, z=-106.0)
 DistanceC: 21.784816998754977
Relative Position: LorenzVec(x=13.190982642833706, y=2.0, z=-21.784816998754977)
 }
23:43:55 `zg3dk523h9`497 missed {
 is already Found: false).
 Position: LorenzVec(x=23.0, y=71.0, z=-69.0)
 DistanceC: 22.190982642833706
Relative Position: LorenzVec(x=22.190982642833706, y=1.0, z=15.215183001245023)
 }
23:43:55 `s38w5wz668`498 missed {
 is already Found: false).
 Position: LorenzVec(x=23.0, y=77.0, z=-69.5)
 DistanceC: 22.190982642833706
Relative Position: LorenzVec(x=22.190982642833706, y=7.0, z=14.715183001245023)
 }
23:45:12 `2jq339363q`523 missed {
 is already Found: false).
 Position: LorenzVec(x=-29.5, y=57.0, z=-90.5)
 DistanceC: 19.925431583915977
Relative Position: LorenzVec(x=-19.925431583915977, y=-13.0, z=-18.374314318401204)
 }
23:45:12 `i51u2y2ms5`530 missed {
 is already Found: false).
 Position: LorenzVec(x=-6.5, y=55.0, z=-95.5)
 DistanceC: 23.374314318401204
Relative Position: LorenzVec(x=3.0745684160840234, y=-15.0, z=-23.374314318401204)
 }
23:45:12 `pnx86q9168`421 missed {
 is already Found: false).
 Position: LorenzVec(x=-31.0, y=73.0, z=-85.5)
 DistanceC: 21.425431583915977
Relative Position: LorenzVec(x=-21.425431583915977, y=3.0, z=-13.374314318401204)
 }
23:45:12 `6716i90p88`423 missed {
 is already Found: false).
 Position: LorenzVec(x=-31.0, y=73.0, z=-95.5)
 DistanceC: 23.374314318401204
Relative Position: LorenzVec(x=-21.425431583915977, y=3.0, z=-23.374314318401204)
 }
23:46:28 `he59r85d6y`331 missed {
 is already Found: false).
 Position: LorenzVec(x=34.5, y=71.0, z=-96.5)
 DistanceC: 21.19999998807907
Relative Position: LorenzVec(x=-21.19999998807907, y=-9.0, z=-20.805210255092348)
 }
23:47:25 `sxfwbn7893`242 missed {
 is already Found: false).
 Position: LorenzVec(x=-134.5, y=73.0, z=-97.5)
 DistanceC: 16.529441355118635
Relative Position: LorenzVec(x=-13.729061552884971, y=-3.7843033101724473, z=16.529441355118635)
 }
23:49:54 `1qa80nn1aq`528 missed {
 is already Found: false).
 Position: LorenzVec(x=-62.5, y=77.0, z=84.5)
 DistanceC: 19.741841006485984
Relative Position: LorenzVec(x=19.741841006485984, y=5.0, z=-11.303004614376775)
 }
23:56:58 `r3rh7i4pkl`523 missed {
 is already Found: false).
 Position: LorenzVec(x=-29.5, y=57.0, z=-90.5)
 DistanceC: 21.461535121993805
Relative Position: LorenzVec(x=-19.168665037632678, y=-13.0, z=-21.461535121993805)
 }
23:56:59 `b46hpv0jv6`421 missed {
 is already Found: false).
 Position: LorenzVec(x=-31.0, y=73.0, z=-85.5)
 DistanceC: 20.668665037632678
Relative Position: LorenzVec(x=-20.668665037632678, y=3.0, z=-16.461535121993805)
 }
23:57:45 `yp5z73u6oi`523 missed {
 is already Found: false).
 Position: LorenzVec(x=-29.5, y=57.0, z=-90.5)
 DistanceC: 21.113626841571204
Relative Position: LorenzVec(x=-15.58353245187643, y=-13.0, z=-21.113626841571204)
 }
23:57:49 `n62035di7d`422 missed {
 is already Found: false).
 Position: LorenzVec(x=-36.0, y=73.0, z=-85.5)
 DistanceC: 22.08353245187643
Relative Position: LorenzVec(x=-22.08353245187643, y=3.0, z=-16.113626841571204)
 }
23:58:03 `f845784og0`523 missed {
 is already Found: false).
 Position: LorenzVec(x=-29.5, y=57.0, z=-90.5)
 DistanceC: 20.98134911933486
Relative Position: LorenzVec(x=-20.98134911933486, y=-13.0, z=-20.32397757949306)
 }
23:58:03 `t2zjx26dce`421 missed {
 is already Found: false).
 Position: LorenzVec(x=-31.0, y=73.0, z=-85.5)
 DistanceC: 22.48134911933486
Relative Position: LorenzVec(x=-22.48134911933486, y=3.0, z=-15.32397757949306)
 }
23:58:36 `ykv0g34188`523 missed {
 is already Found: false).
 Position: LorenzVec(x=-29.5, y=57.0, z=-90.5)
 DistanceC: 21.493674083417176
Relative Position: LorenzVec(x=-21.493674083417176, y=-13.0, z=-17.997276286962787)
 }
23:58:36 `wj0z4834ji`421 missed {
 is already Found: false).
 Position: LorenzVec(x=-31.0, y=73.0, z=-85.5)
 DistanceC: 22.993674083417176
Relative Position: LorenzVec(x=-22.993674083417176, y=3.0, z=-12.997276286962787)
 }
23:58:36 `3m80eq2jhn`423 missed {
 is already Found: false).
 Position: LorenzVec(x=-31.0, y=73.0, z=-95.5)
 DistanceC: 22.997276286962787
Relative Position: LorenzVec(x=-22.993674083417176, y=3.0, z=-22.997276286962787)
 }
23:58:36 `80o150d5ke`530 missed {
 is already Found: false).
 Position: LorenzVec(x=-6.5, y=55.0, z=-95.5)
 DistanceC: 22.997276286962787
Relative Position: LorenzVec(x=1.5063259165828224, y=-15.0, z=-22.997276286962787)
 }
23:59:50 `2y8z0068k7`523 missed {
 is already Found: false).
 Position: LorenzVec(x=-29.5, y=57.0, z=-90.5)
 DistanceC: 22.863653156395372
Relative Position: LorenzVec(x=-19.735874198619612, y=-13.0, z=-22.863653156395372)
 }
23:59:50 `fjac0m63y7`421 missed {
 is already Found: false).
 Position: LorenzVec(x=-31.0, y=73.0, z=-85.5)
 DistanceC: 21.235874198619612
Relative Position: LorenzVec(x=-21.235874198619612, y=3.0, z=-17.863653156395372)
 }
00:00:14 `gk7tww3414`423 missed {
 is already Found: false).
 Position: LorenzVec(x=-31.0, y=73.0, z=-95.5)
 DistanceC: 20.8342397416656
Relative Position: LorenzVec(x=-20.137932014345285, y=3.0, z=-20.8342397416656)
 }
00:00:14 `7byjfy20k3`523 missed {
 is already Found: false).
 Position: LorenzVec(x=-29.5, y=57.0, z=-90.5)
 DistanceC: 18.637932014345285
Relative Position: LorenzVec(x=-18.637932014345285, y=-13.0, z=-15.834239741665598)
 }
00:00:17 `o0m5b8877h`530 missed {
 is already Found: false).
 Position: LorenzVec(x=-6.5, y=55.0, z=-95.5)
 DistanceC: 18.45343803377203
Relative Position: LorenzVec(x=1.938892111629782, y=-15.0, z=-18.45343803377203)
 }
00:02:17 Something Went Wrong!
00:03:20 `213ls3h4co`530 missed {
 is already Found: false).
 Position: LorenzVec(x=-6.5, y=55.0, z=-95.5)
 DistanceC: 18.031663748393555
Relative Position: LorenzVec(x=-14.977696847649323, y=-15.0, z=-18.031663748393555)
 }
00:03:30 `301urt0w27`507 missed {
 is already Found: false).
 Position: LorenzVec(x=97.5, y=72.0, z=-102.5)
 DistanceC: 23.326575699684483
Relative Position: LorenzVec(x=-13.556052513557944, y=-4.0, z=-23.326575699684483)
 }
00:05:52 `7em5isj4la`528 missed {
 is already Found: false).
 Position: LorenzVec(x=-62.5, y=77.0, z=84.5)
 DistanceC: 22.47880669201797
Relative Position: LorenzVec(x=22.47880669201797, y=5.0, z=-10.498809234675122)
 }
00:06:47 `4ud1y04cz5`242 missed {
 is already Found: false).
 Position: LorenzVec(x=-134.5, y=73.0, z=-97.5)
 DistanceC: 20.663276018518246
Relative Position: LorenzVec(x=-11.303032303637409, y=-2.2555431697504105, z=-20.663276018518246)
 }
00:07:12 `122e7d6vh0`245 missed {
 is already Found: false).
 Position: LorenzVec(x=-51.0, y=72.0, z=-60.5)
 DistanceC: 23.014838497861632
Relative Position: LorenzVec(x=-3.9916065254552393, y=-13.0, z=23.014838497861632)
 }
00:07:13 `Villager`357 missed {
 is already Found: false).
 Position: LorenzVec(x=-25.71875, y=68.0, z=-103.125)
 DistanceC: 21.28964347454476
Relative Position: LorenzVec(x=21.28964347454476, y=-17.0, z=-19.610161502138368)
 }
