16:19:25 HUB
16:20:38 NONE
16:20:40 PRIVATE_ISLAND
16:22:17 HUB
16:29:04 NONE
16:29:04 PRIVATE_ISLAND
16:29:15 HUB
16:35:27 NONE
16:35:27 PRIVATE_ISLAND
16:46:08 THE_RIFT
16:47:21 NONE
16:47:22 PRIVATE_ISLAND_GUEST
16:48:01 NONE
16:48:01 CRIMSON_ISLE
16:48:40 NONE
16:48:41 PRIVATE_ISLAND
16:54:35 NONE
16:54:36 HUB
16:55:22 DARK_AUCTION
17:03:40 NONE
17:03:40 HUB
17:04:57 NONE
17:04:58 PRIVATE_ISLAND
17:05:03 NONE
17:05:03 CRIMSON_ISLE
17:05:07 NONE
17:10:55 CRIMSON_ISLE
17:23:55 NONE
17:23:56 PRIVATE_ISLAND
17:28:55 NONE
17:28:56 DUNGEON_HUB
17:31:20 NONE
17:31:21 CATACOMBS
17:31:24 NONE
17:31:24 DUNGEON_HUB
17:32:01 NONE
17:32:01 CATACOMBS
17:35:01 NONE
17:35:01 CATACOMBS
17:37:38 NONE
17:37:38 DUNGEON_HUB
17:38:21 NONE
17:38:24 CATACOMBS
17:41:26 NONE
17:41:26 CATACOMBS
17:44:49 NONE
17:44:49 CATACOMBS
17:48:04 NONE
17:48:04 CATACOMBS
17:51:32 NONE
17:51:32 CATACOMBS
17:51:35 NONE
17:51:35 DUNGEON_HUB
17:52:12 NONE
17:53:14 DUNGEON_HUB
17:56:20 NONE
17:56:20 CATACOMBS
17:59:39 NONE
17:59:39 CATACOMBS
18:03:50 NONE
18:03:51 DUNGEON_HUB
18:04:44 NONE
18:04:45 CATACOMBS
18:10:03 NONE
18:10:03 DUNGEON_HUB
18:12:56 NONE
18:12:57 THE_RIFT
18:14:49 NONE
18:14:50 PRIVATE_ISLAND
18:17:01 NONE
18:17:01 HUB
18:18:04 NONE
18:18:04 DUNGEON_HUB
18:23:26 NONE
18:23:26 HUB
18:24:53 NONE
18:24:53 PRIVATE_ISLAND
18:26:39 NONE
18:26:41 CRIMSON_ISLE
18:28:15 HUB
18:30:44 NONE
18:50:29 HUB
18:51:03 NONE
18:51:15 HUB
19:16:49 NONE
19:16:50 DUNGEON_HUB
19:17:39 NONE
19:17:40 CATACOMBS
19:27:21 NONE
19:27:22 DUNGEON_HUB
19:32:02 NONE
19:32:03 THE_RIFT
19:32:51 NONE
19:32:52 DUNGEON_HUB
19:34:53 NONE
19:34:54 CATACOMBS
19:42:39 CATACOMBS
19:49:56 NONE
19:49:58 DUNGEON_HUB
19:52:32 NONE
19:52:32 CATACOMBS
20:00:37 NONE
20:00:38 DUNGEON_HUB
20:54:34 NONE
20:54:35 HUB
20:55:18 DARK_AUCTION
21:01:59 NONE
21:02:00 HUB
21:12:15 NONE
21:12:15 CATACOMBS
21:15:57 NONE
21:15:59 DUNGEON_HUB
21:24:13 NONE
21:24:15 CATACOMBS
21:27:52 CATACOMBS
21:31:27 NONE
21:31:27 CATACOMBS
21:34:39 NONE
21:34:43 CATACOMBS
21:38:05 NONE
21:38:05 CATACOMBS
21:41:36 NONE
21:41:38 DUNGEON_HUB
21:42:08 NONE
21:42:08 CATACOMBS
21:45:27 NONE
21:45:30 CATACOMBS
21:49:07 NONE
21:49:09 CATACOMBS
21:52:42 NONE
21:52:43 CATACOMBS
21:56:03 NONE
21:56:03 CATACOMBS
21:59:37 NONE
21:59:41 CATACOMBS
22:03:46 CATACOMBS
22:07:04 NONE
22:07:05 DUNGEON_HUB
22:07:43 NONE
22:07:44 CATACOMBS
22:11:34 CATACOMBS
22:14:53 DUNGEON_HUB
22:15:40 NONE
22:15:40 CATACOMBS
22:18:59 NONE
22:19:00 CATACOMBS
22:22:52 NONE
22:22:53 DUNGEON_HUB
22:23:33 NONE
22:23:36 CATACOMBS
22:26:55 NONE
22:26:56 DUNGEON_HUB
22:31:46 NONE
22:31:46 PRIVATE_ISLAND
22:49:13 NONE
22:49:13 PRIVATE_ISLAND_GUEST
22:53:29 NONE
22:53:31 PRIVATE_ISLAND_GUEST
22:54:28 NONE
22:54:28 HUB
23:05:39 NONE
23:05:41 THE_END
23:07:53 NONE
23:07:54 PRIVATE_ISLAND
23:08:04 THE_END
23:08:25 NONE
23:08:27 THE_END
23:22:27 NONE
23:22:28 DWARVEN_MINES
23:31:12 NONE
23:31:13 PRIVATE_ISLAND
