16:28:36 
16:28:36 blocked link because:
16:28:36 isNotInSignAndOnSlot
16:28:36 
16:28:36 allowed click
16:28:36 allowed click
16:28:36 allowed click
16:28:36 allowed click
16:28:36 allowed click
16:28:36 allowed click
16:28:36 allowed click
16:28:36 allowed click
16:28:36 allowed click
16:28:36 allowed click
16:28:36 allowed click
16:28:36 allowed click
16:28:36 allowed click
16:28:36 allowed click
16:28:36 allowed click
16:28:36 allowed click
16:28:36 allowed click
16:28:36 allowed click
16:28:36 allowed click
16:28:36 allowed click
16:28:36 allowed click
16:28:36 allowed click
16:28:36 allowed click
16:28:36 allowed click
16:28:36 allowed click
16:28:36 allowed click
16:28:36 allowed click
16:28:36 allowed click
16:28:36 allowed click
16:28:36 allowed click
16:28:36 allowed click
16:28:36 allowed click
16:28:36 allowed click
16:28:36 allowed click
16:28:36 allowed click
16:28:36 allowed click
16:28:36 allowed click
16:28:36 allowed click
16:28:36 allowed click
16:28:36 allowed click
16:28:36 allowed click
16:28:36 allowed click
16:28:36 allowed click
16:28:36 allowed click
16:28:36 allowed click
16:28:36 allowed click
16:28:36 allowed click
16:28:36 allowed click
16:28:36 allowed click
16:28:36 allowed click
16:28:36 allowed click
16:28:36 allowed click
16:28:36 allowed click
16:28:36 allowed click
16:28:36 allowed click
16:28:36 allowed click
16:28:36 allowed click
16:28:36 allowed click
16:28:36 allowed click
16:28:36 allowed click
16:28:36 allowed click
16:28:36 allowed click
16:28:36 allowed click
16:28:36 allowed click
16:28:36 allowed click
16:28:36 allowed click
16:28:36 allowed click
16:28:36 allowed click
16:28:36 allowed click
16:28:36 allowed click
16:28:36 allowed click
16:28:36 allowed click
16:28:36 allowed click
16:28:36 allowed click
16:28:36 allowed click
16:28:36 allowed click
16:28:36 allowed click
16:28:36 allowed click
16:28:36 allowed click
16:28:36 allowed click
16:28:36 allowed click
16:28:36 allowed click
16:28:37 allowed click
16:28:37 allowed click
16:28:37 allowed click
16:28:37 allowed click
16:28:37 allowed click
16:28:37 allowed click
16:28:37 allowed click
16:28:37 allowed click
16:28:37 allowed click
16:28:37 allowed click
16:28:37 allowed click
16:28:37 allowed click
16:28:37 allowed click
16:28:37 allowed click
16:28:37 allowed click
16:28:37 allowed click
16:28:37 allowed click
16:28:37 allowed click
16:28:37 allowed click
16:28:37 allowed click
16:28:37 allowed click
16:28:37 allowed click
16:28:37 allowed click
16:28:37 allowed click
16:28:37 allowed click
16:28:37 allowed click
16:28:37 allowed click
16:28:37 allowed click
16:28:37 allowed click
16:28:37 allowed click
16:31:22 
16:31:22 blocked link because:
16:31:22 isNotInSignAndOnSlot
16:31:22 
16:31:22 
16:31:22 blocked link because:
16:31:22 isNotInSignAndOnSlot
16:31:22 
16:31:22 allowed click
16:31:22 allowed click
16:31:22 allowed click
16:31:22 allowed click
16:31:22 allowed click
16:31:22 allowed click
16:31:22 allowed click
16:31:22 allowed click
16:31:22 allowed click
16:31:22 allowed click
16:31:22 allowed click
16:31:22 allowed click
16:31:23 allowed click
16:31:23 allowed click
16:31:23 allowed click
16:31:23 allowed click
16:31:23 allowed click
16:31:23 allowed click
16:31:23 allowed click
16:31:23 allowed click
16:31:23 allowed click
16:31:23 allowed click
16:31:23 allowed click
16:31:23 allowed click
16:31:23 allowed click
16:31:23 allowed click
16:31:23 allowed click
16:31:23 allowed click
16:31:23 allowed click
16:31:23 allowed click
16:31:23 allowed click
16:31:23 allowed click
16:31:23 allowed click
16:31:23 allowed click
16:31:23 allowed click
16:31:23 allowed click
16:31:23 allowed click
16:31:23 allowed click
16:31:23 allowed click
16:31:23 allowed click
16:31:23 allowed click
16:31:23 allowed click
16:31:23 allowed click
16:31:23 allowed click
16:31:23 allowed click
16:31:23 allowed click
16:31:23 allowed click
16:31:23 allowed click
16:31:23 allowed click
16:31:23 allowed click
16:31:23 allowed click
16:31:23 allowed click
16:31:23 allowed click
16:31:23 allowed click
16:31:23 allowed click
16:31:23 allowed click
16:31:23 allowed click
16:31:23 allowed click
16:31:23 allowed click
16:31:23 allowed click
16:31:23 allowed click
16:31:23 allowed click
16:31:23 allowed click
16:31:23 allowed click
16:31:23 allowed click
16:31:23 allowed click
16:31:23 allowed click
16:31:23 allowed click
16:31:23 allowed click
16:31:23 allowed click
16:31:23 allowed click
16:31:23 allowed click
16:31:23 allowed click
16:31:23 allowed click
16:31:23 allowed click
16:31:23 allowed click
16:31:23 allowed click
16:31:23 allowed click
16:31:23 allowed click
16:31:23 allowed click
16:31:23 allowed click
16:31:23 allowed click
16:31:23 allowed click
16:31:23 allowed click
16:31:23 allowed click
16:31:23 allowed click
16:31:23 allowed click
16:41:06 allowed click
16:41:06 allowed click
16:41:06 allowed click
16:41:06 allowed click
16:41:06 allowed click
16:41:06 allowed click
16:41:06 allowed click
16:41:06 allowed click
16:41:06 allowed click
16:41:06 allowed click
16:41:06 allowed click
16:41:06 allowed click
16:41:06 allowed click
16:41:06 allowed click
16:41:06 allowed click
16:41:06 allowed click
16:41:06 allowed click
16:41:06 allowed click
16:41:06 allowed click
16:41:06 allowed click
16:41:06 allowed click
16:41:06 allowed click
16:41:06 allowed click
16:41:06 allowed click
16:41:06 allowed click
16:41:06 allowed click
16:41:06 allowed click
16:41:06 allowed click
16:41:06 allowed click
16:41:06 allowed click
16:41:06 allowed click
16:41:06 allowed click
16:41:06 allowed click
16:41:06 allowed click
16:41:06 allowed click
16:41:06 allowed click
16:41:06 allowed click
16:41:06 allowed click
16:41:06 allowed click
16:41:06 allowed click
16:41:06 allowed click
16:41:06 allowed click
16:41:06 allowed click
16:41:06 allowed click
16:41:06 allowed click
16:41:06 allowed click
16:41:06 allowed click
16:41:06 allowed click
16:41:06 allowed click
16:41:06 allowed click
16:41:07 allowed click
16:41:07 allowed click
16:41:07 allowed click
16:41:07 allowed click
16:41:07 allowed click
16:41:07 allowed click
16:41:07 allowed click
16:41:07 allowed click
16:41:07 allowed click
16:41:07 allowed click
16:41:07 allowed click
16:41:07 allowed click
16:41:07 allowed click
16:41:07 allowed click
16:41:07 allowed click
16:41:07 allowed click
16:41:07 allowed click
16:41:07 allowed click
16:41:07 allowed click
16:41:07 allowed click
16:41:07 allowed click
16:41:07 allowed click
16:41:07 allowed click
16:41:07 allowed click
16:41:07 allowed click
16:41:07 allowed click
16:41:07 allowed click
16:41:07 allowed click
16:41:07 allowed click
16:41:07 allowed click
16:41:07 allowed click
16:41:07 allowed click
16:41:07 allowed click
16:41:07 allowed click
16:41:07 allowed click
16:41:07 allowed click
16:41:07 allowed click
16:41:07 allowed click
16:41:07 allowed click
16:41:07 allowed click
16:41:07 allowed click
16:41:07 allowed click
16:41:07 allowed click
16:41:07 allowed click
16:41:07 allowed click
16:41:07 allowed click
16:41:07 allowed click
16:41:07 allowed click
16:41:07 allowed click
16:41:07 allowed click
16:41:07 allowed click
16:41:07 allowed click
16:41:07 allowed click
16:41:07 allowed click
16:41:07 allowed click
16:41:07 allowed click
16:41:07 allowed click
16:41:07 allowed click
16:41:07 allowed click
16:41:07 allowed click
16:41:07 allowed click
16:41:07 allowed click
16:41:07 allowed click
16:41:07 allowed click
16:41:07 allowed click
16:41:07 allowed click
16:41:07 allowed click
16:41:07 allowed click
16:41:07 allowed click
16:41:07 allowed click
16:41:07 allowed click
16:41:07 allowed click
16:41:07 allowed click
16:41:07 allowed click
16:41:07 allowed click
16:41:07 allowed click
16:41:07 allowed click
16:41:07 allowed click
16:41:07 allowed click
16:41:07 allowed click
16:41:07 allowed click
16:41:07 allowed click
16:41:07 allowed click
16:41:07 allowed click
16:41:07 allowed click
16:41:07 allowed click
16:41:07 allowed click
16:41:07 allowed click
16:41:07 allowed click
16:41:07 allowed click
16:41:07 allowed click
16:41:07 allowed click
16:41:07 allowed click
16:41:07 allowed click
16:41:07 allowed click
16:41:07 allowed click
16:41:07 allowed click
16:41:07 allowed click
16:41:07 allowed click
16:41:07 allowed click
16:41:07 allowed click
16:41:07 allowed click
16:41:07 allowed click
16:41:07 allowed click
16:41:07 allowed click
16:41:07 allowed click
16:41:07 allowed click
16:41:07 allowed click
16:41:07 allowed click
16:41:07 allowed click
16:41:07 allowed click
16:41:07 allowed click
16:41:07 allowed click
16:41:07 allowed click
16:41:07 allowed click
16:41:07 allowed click
16:41:07 allowed click
16:41:07 allowed click
16:41:07 allowed click
16:41:07 allowed click
16:41:07 allowed click
16:41:07 allowed click
16:41:07 allowed click
16:41:07 allowed click
16:41:07 allowed click
16:41:07 allowed click
16:41:07 allowed click
16:41:07 allowed click
16:41:07 allowed click
16:41:07 allowed click
16:41:07 allowed click
16:41:07 allowed click
16:41:07 allowed click
16:41:07 allowed click
16:41:07 allowed click
16:41:07 allowed click
16:41:07 allowed click
16:41:07 allowed click
16:41:07 allowed click
16:41:07 allowed click
16:41:07 allowed click
16:41:07 allowed click
16:41:07 allowed click
16:41:07 allowed click
16:41:07 allowed click
16:41:07 allowed click
16:41:07 allowed click
16:41:07 allowed click
16:41:07 allowed click
16:41:07 allowed click
16:41:07 allowed click
16:41:07 allowed click
16:41:07 allowed click
16:41:07 allowed click
16:41:07 allowed click
16:41:07 allowed click
16:41:07 allowed click
16:41:07 allowed click
16:41:07 allowed click
16:41:07 allowed click
16:41:07 allowed click
16:41:07 allowed click
16:41:07 allowed click
16:41:07 allowed click
16:41:07 allowed click
16:41:07 allowed click
16:41:07 allowed click
16:41:07 allowed click
16:41:07 allowed click
16:41:07 allowed click
16:41:07 allowed click
16:41:07 allowed click
16:41:08 allowed click
16:41:08 allowed click
16:41:08 allowed click
16:41:08 allowed click
16:41:08 allowed click
16:41:08 allowed click
16:41:08 allowed click
16:41:08 allowed click
16:41:08 allowed click
16:41:08 allowed click
16:41:08 allowed click
16:41:08 allowed click
16:41:08 allowed click
16:41:08 allowed click
16:41:08 allowed click
16:41:08 allowed click
16:41:08 allowed click
16:41:08 allowed click
16:41:08 allowed click
16:41:08 allowed click
16:41:08 allowed click
16:41:08 allowed click
16:41:08 allowed click
16:41:08 allowed click
16:41:08 allowed click
16:41:08 allowed click
16:41:08 allowed click
16:41:08 allowed click
16:41:08 allowed click
16:41:08 allowed click
16:41:08 allowed click
16:41:08 allowed click
16:41:08 allowed click
16:41:08 allowed click
16:41:08 allowed click
16:41:08 allowed click
17:10:58 
17:10:58 blocked link because:
17:10:58 isNotInSignAndOnSlot
17:10:58 
17:10:58 
17:10:58 blocked link because:
17:10:58 isNotInSignAndOnSlot
17:10:58 
17:10:58 allowed click
17:10:58 allowed click
17:10:58 allowed click
17:10:58 allowed click
17:10:58 allowed click
17:10:58 allowed click
17:10:58 allowed click
17:10:58 allowed click
17:10:58 allowed click
17:10:58 allowed click
17:10:58 allowed click
17:10:58 allowed click
17:10:58 allowed click
17:10:58 allowed click
17:10:58 allowed click
17:10:58 allowed click
17:10:58 allowed click
17:10:58 allowed click
17:10:58 allowed click
17:10:58 allowed click
17:10:58 allowed click
17:10:58 allowed click
17:10:58 allowed click
17:10:58 allowed click
17:10:58 allowed click
17:10:58 allowed click
17:10:58 allowed click
17:10:58 allowed click
17:10:58 allowed click
17:10:58 allowed click
17:10:58 allowed click
17:10:58 allowed click
17:10:58 allowed click
17:10:58 allowed click
17:10:58 allowed click
17:10:58 allowed click
17:10:58 allowed click
17:10:58 allowed click
17:10:58 allowed click
17:10:58 allowed click
17:10:58 allowed click
17:10:58 allowed click
17:10:58 allowed click
17:10:58 allowed click
17:10:58 allowed click
17:10:58 allowed click
17:10:58 allowed click
17:10:58 allowed click
17:10:58 allowed click
17:10:58 allowed click
17:10:58 allowed click
17:10:58 allowed click
17:10:58 allowed click
17:10:58 allowed click
17:10:58 allowed click
17:10:58 allowed click
17:10:58 allowed click
17:10:58 allowed click
17:10:58 allowed click
17:10:58 allowed click
17:10:59 allowed click
17:10:59 allowed click
17:10:59 allowed click
17:10:59 allowed click
17:10:59 allowed click
17:10:59 allowed click
17:10:59 allowed click
17:10:59 allowed click
17:10:59 allowed click
17:10:59 allowed click
17:10:59 allowed click
17:10:59 allowed click
17:10:59 allowed click
17:10:59 allowed click
17:10:59 allowed click
17:10:59 allowed click
17:10:59 allowed click
17:10:59 allowed click
17:10:59 allowed click
17:10:59 allowed click
17:10:59 allowed click
17:10:59 allowed click
17:10:59 allowed click
17:10:59 allowed click
17:10:59 allowed click
17:10:59 allowed click
17:10:59 allowed click
17:10:59 allowed click
17:10:59 allowed click
17:10:59 allowed click
17:10:59 allowed click
17:10:59 allowed click
17:10:59 allowed click
17:10:59 allowed click
17:10:59 allowed click
17:10:59 allowed click
17:10:59 allowed click
17:10:59 allowed click
17:10:59 allowed click
17:10:59 allowed click
17:10:59 allowed click
17:10:59 allowed click
17:10:59 allowed click
17:10:59 allowed click
17:10:59 allowed click
17:10:59 allowed click
17:10:59 allowed click
17:10:59 allowed click
17:10:59 allowed click
17:10:59 allowed click
17:10:59 allowed click
17:10:59 allowed click
17:10:59 allowed click
17:10:59 allowed click
17:10:59 allowed click
17:10:59 allowed click
17:10:59 allowed click
17:10:59 allowed click
17:10:59 allowed click
17:10:59 allowed click
17:10:59 allowed click
17:10:59 allowed click
17:10:59 allowed click
17:10:59 allowed click
17:10:59 allowed click
17:10:59 allowed click
17:10:59 allowed click
17:10:59 allowed click
17:10:59 allowed click
17:10:59 allowed click
17:10:59 allowed click
17:10:59 allowed click
17:10:59 allowed click
17:10:59 allowed click
17:11:00 allowed click
17:11:00 allowed click
17:11:00 allowed click
17:11:00 allowed click
17:11:00 allowed click
17:11:00 allowed click
17:11:00 allowed click
17:11:00 allowed click
17:11:00 allowed click
17:11:00 allowed click
17:11:00 allowed click
17:11:00 allowed click
17:11:00 allowed click
17:11:00 allowed click
17:11:00 allowed click
17:11:00 allowed click
17:11:00 allowed click
17:11:00 allowed click
17:11:00 allowed click
17:11:00 allowed click
17:11:00 allowed click
17:11:00 allowed click
17:11:00 allowed click
17:11:00 allowed click
17:11:00 allowed click
17:11:00 allowed click
17:11:00 allowed click
17:11:00 allowed click
17:11:00 allowed click
17:11:00 allowed click
17:11:00 allowed click
17:11:00 allowed click
17:23:26 
17:23:26 blocked link because:
17:23:26 isNotInSignAndOnSlot
17:23:26 
17:23:26 
17:23:26 blocked link because:
17:23:26 isNotInSignAndOnSlot
17:23:26 
17:23:26 allowed click
17:23:26 allowed click
17:23:26 allowed click
17:23:26 allowed click
17:23:26 allowed click
17:23:26 allowed click
17:23:26 allowed click
17:23:26 allowed click
17:23:26 allowed click
17:23:26 allowed click
17:23:26 allowed click
17:23:26 allowed click
17:23:26 allowed click
17:23:26 allowed click
17:23:26 allowed click
17:23:26 allowed click
17:23:26 allowed click
17:23:26 allowed click
17:23:26 allowed click
17:23:26 allowed click
17:23:26 allowed click
17:23:26 allowed click
17:23:26 allowed click
17:23:26 allowed click
17:23:26 allowed click
17:23:26 allowed click
17:23:26 allowed click
17:23:26 allowed click
17:23:26 allowed click
17:23:26 allowed click
17:23:26 allowed click
17:23:26 allowed click
17:23:26 allowed click
17:23:26 allowed click
17:23:26 allowed click
17:23:26 allowed click
17:23:26 allowed click
17:23:26 allowed click
17:23:26 allowed click
17:23:26 allowed click
17:23:26 allowed click
17:23:26 allowed click
17:23:26 allowed click
17:23:26 allowed click
17:23:26 allowed click
17:23:26 allowed click
17:23:26 allowed click
17:23:26 allowed click
17:23:26 allowed click
17:23:26 allowed click
17:23:26 allowed click
17:23:26 allowed click
17:23:26 allowed click
17:23:26 allowed click
17:23:26 allowed click
17:23:26 allowed click
17:23:26 allowed click
17:23:26 allowed click
17:23:26 allowed click
17:23:26 allowed click
17:23:26 allowed click
17:23:26 allowed click
17:23:26 allowed click
17:23:26 allowed click
17:23:27 allowed click
17:23:27 allowed click
17:23:27 allowed click
17:23:27 allowed click
17:23:27 allowed click
17:23:27 allowed click
17:23:27 allowed click
17:23:27 allowed click
17:23:27 allowed click
17:23:27 allowed click
17:23:27 allowed click
17:23:27 allowed click
17:23:27 allowed click
17:23:27 allowed click
17:23:27 allowed click
17:23:27 allowed click
17:23:27 allowed click
17:23:27 allowed click
17:23:27 allowed click
17:23:27 allowed click
17:23:27 allowed click
17:23:27 allowed click
17:23:27 allowed click
17:23:27 allowed click
17:23:27 allowed click
17:23:27 allowed click
17:23:27 allowed click
17:23:27 allowed click
17:23:27 allowed click
17:23:27 allowed click
17:23:27 allowed click
17:23:27 allowed click
17:54:16 allowed click
17:54:16 allowed click
17:54:16 allowed click
17:54:16 allowed click
17:54:16 allowed click
17:54:16 allowed click
17:54:16 allowed click
17:54:16 allowed click
17:54:16 allowed click
17:54:16 allowed click
17:54:16 allowed click
17:54:16 allowed click
17:54:16 allowed click
17:54:16 allowed click
17:54:16 allowed click
17:54:16 allowed click
17:54:16 allowed click
17:54:16 allowed click
17:54:16 allowed click
17:54:16 allowed click
17:54:16 allowed click
17:54:16 allowed click
17:54:16 allowed click
17:54:16 allowed click
17:54:16 allowed click
17:54:16 allowed click
17:54:16 allowed click
17:54:16 allowed click
17:54:16 allowed click
17:54:16 allowed click
17:54:16 allowed click
17:54:16 allowed click
17:54:16 allowed click
17:54:16 allowed click
17:54:16 allowed click
17:54:16 allowed click
17:54:16 allowed click
17:54:16 allowed click
17:54:16 allowed click
17:54:16 allowed click
17:54:16 allowed click
17:54:16 allowed click
17:54:16 allowed click
17:54:16 allowed click
17:54:16 allowed click
17:54:16 allowed click
17:54:16 allowed click
17:54:16 allowed click
17:54:16 allowed click
17:54:16 allowed click
17:54:16 allowed click
17:54:16 allowed click
17:54:16 allowed click
17:54:16 allowed click
17:54:16 allowed click
17:54:16 allowed click
17:54:16 allowed click
17:54:16 allowed click
17:54:16 allowed click
17:54:16 allowed click
17:54:16 allowed click
17:54:16 allowed click
17:54:16 allowed click
17:54:16 allowed click
17:54:16 allowed click
17:54:16 allowed click
17:54:17 allowed click
17:54:17 allowed click
17:54:17 allowed click
17:54:17 allowed click
17:54:17 allowed click
17:54:17 allowed click
17:54:17 allowed click
17:54:17 allowed click
17:54:17 allowed click
17:54:17 allowed click
17:54:17 allowed click
17:54:17 allowed click
17:54:17 allowed click
17:54:17 allowed click
17:54:17 allowed click
17:54:17 allowed click
17:54:17 allowed click
17:54:17 allowed click
17:54:17 allowed click
17:54:17 allowed click
17:54:17 allowed click
17:54:17 allowed click
17:54:54 allowed click
17:54:54 allowed click
17:54:54 allowed click
17:54:54 allowed click
17:54:54 allowed click
17:54:54 allowed click
17:54:54 allowed click
17:54:54 allowed click
17:54:54 allowed click
17:54:54 allowed click
17:54:54 allowed click
17:54:54 allowed click
17:54:54 allowed click
17:54:54 allowed click
17:54:54 allowed click
17:54:54 allowed click
17:54:54 allowed click
17:54:54 allowed click
17:54:54 allowed click
17:54:54 allowed click
17:54:54 allowed click
17:54:54 allowed click
17:54:54 allowed click
17:54:54 allowed click
17:54:54 allowed click
17:54:54 allowed click
17:54:54 allowed click
17:54:54 allowed click
17:54:54 allowed click
17:54:54 allowed click
17:54:54 allowed click
17:54:54 allowed click
17:54:54 allowed click
17:54:54 allowed click
17:54:54 allowed click
17:54:54 allowed click
17:54:54 allowed click
17:54:54 allowed click
17:54:54 allowed click
17:54:54 allowed click
17:54:54 allowed click
17:54:54 allowed click
17:54:54 allowed click
17:54:54 allowed click
17:54:54 allowed click
17:54:54 allowed click
17:54:54 allowed click
17:54:54 allowed click
17:54:54 allowed click
17:54:54 allowed click
17:54:54 allowed click
17:54:54 allowed click
17:54:54 allowed click
17:54:54 allowed click
17:54:54 allowed click
17:54:54 allowed click
17:54:54 allowed click
17:54:54 allowed click
17:54:54 allowed click
17:54:54 allowed click
18:25:39 
18:25:39 blocked link because:
18:25:39 isNotInSignAndOnSlot
18:25:39 
18:25:39 
18:25:39 blocked link because:
18:25:39 isNotInSignAndOnSlot
18:25:39 
18:25:39 allowed click
18:25:39 allowed click
18:25:39 allowed click
18:25:39 allowed click
18:25:39 allowed click
18:25:39 allowed click
18:25:39 allowed click
18:25:39 allowed click
18:25:39 allowed click
18:25:39 allowed click
18:25:39 allowed click
18:25:39 allowed click
18:51:50 
18:51:50 blocked link because:
18:51:50 isNotInSignAndOnSlot
18:51:50 
18:51:50 allowed click
18:51:50 allowed click
18:51:50 allowed click
18:51:50 allowed click
18:51:50 allowed click
18:51:50 allowed click
18:51:50 allowed click
18:51:50 allowed click
18:51:50 allowed click
18:51:50 allowed click
18:51:50 allowed click
18:51:50 allowed click
18:51:50 allowed click
18:51:50 allowed click
18:51:50 allowed click
18:51:50 allowed click
18:51:50 allowed click
18:51:50 allowed click
18:51:50 allowed click
18:51:50 allowed click
18:51:50 allowed click
18:51:50 allowed click
18:51:50 allowed click
18:51:50 allowed click
18:51:50 allowed click
18:51:50 allowed click
18:51:50 allowed click
18:51:50 allowed click
18:51:50 allowed click
18:51:50 allowed click
18:51:50 allowed click
18:51:50 allowed click
18:51:50 allowed click
18:51:50 allowed click
18:51:50 allowed click
18:51:50 allowed click
18:51:50 allowed click
18:51:50 allowed click
18:51:50 allowed click
18:51:50 allowed click
18:51:50 allowed click
18:51:50 allowed click
18:51:50 allowed click
18:51:50 allowed click
18:51:50 allowed click
18:51:50 allowed click
18:51:50 allowed click
18:51:50 allowed click
18:51:51 allowed click
18:51:51 allowed click
18:51:51 allowed click
18:51:51 allowed click
18:51:51 allowed click
18:51:51 allowed click
18:51:51 allowed click
18:51:51 allowed click
18:51:51 allowed click
18:51:51 allowed click
18:51:51 allowed click
18:51:51 allowed click
18:51:51 allowed click
18:51:51 allowed click
18:51:51 allowed click
18:51:51 allowed click
18:51:51 allowed click
18:51:51 allowed click
18:51:51 allowed click
18:51:51 allowed click
18:51:51 allowed click
18:51:51 allowed click
18:51:51 allowed click
18:51:51 allowed click
18:51:51 allowed click
18:51:51 allowed click
18:51:51 allowed click
18:51:51 allowed click
18:51:51 allowed click
18:51:51 allowed click
19:07:08 
19:07:08 blocked link because:
19:07:08 isNotInSignAndOnSlot
19:07:08 
19:07:08 
19:07:08 blocked link because:
19:07:08 isNotInSignAndOnSlot
19:07:08 
19:07:09 allowed click
19:07:09 allowed click
19:07:09 allowed click
19:07:09 allowed click
19:07:09 allowed click
19:07:09 allowed click
19:07:09 allowed click
19:07:09 allowed click
19:07:09 allowed click
19:07:09 allowed click
19:07:09 allowed click
19:07:09 allowed click
19:07:09 allowed click
19:07:09 allowed click
19:07:09 allowed click
19:07:09 allowed click
19:07:09 allowed click
19:07:09 allowed click
19:07:09 allowed click
19:07:09 allowed click
19:07:09 allowed click
19:07:09 allowed click
19:07:09 allowed click
19:07:09 allowed click
19:07:09 allowed click
19:07:09 allowed click
19:07:09 allowed click
19:07:09 allowed click
19:07:09 allowed click
19:07:09 allowed click
19:07:09 allowed click
19:07:09 allowed click
19:07:09 allowed click
19:07:09 allowed click
19:07:09 allowed click
19:07:09 allowed click
19:07:09 allowed click
19:07:09 allowed click
19:07:09 allowed click
19:07:09 allowed click
19:17:11 allowed click
19:17:11 allowed click
19:17:11 allowed click
19:17:11 allowed click
19:17:12 allowed click
19:17:12 allowed click
19:17:12 allowed click
19:17:12 allowed click
19:17:12 allowed click
19:17:12 allowed click
19:17:12 allowed click
19:17:12 allowed click
19:17:12 allowed click
19:17:12 allowed click
19:17:12 allowed click
19:17:12 allowed click
19:17:12 allowed click
19:17:12 allowed click
19:17:12 allowed click
19:17:12 allowed click
19:17:12 allowed click
19:17:12 allowed click
19:17:12 allowed click
19:17:12 allowed click
19:17:12 allowed click
19:17:12 allowed click
19:17:12 allowed click
19:17:12 allowed click
19:17:12 allowed click
19:17:12 allowed click
19:17:12 allowed click
19:17:12 allowed click
19:17:12 allowed click
19:17:12 allowed click
19:17:12 allowed click
19:17:12 allowed click
19:17:12 allowed click
19:17:12 allowed click
19:17:12 allowed click
19:17:12 allowed click
19:17:12 allowed click
19:17:12 allowed click
19:17:12 allowed click
19:17:12 allowed click
19:17:12 allowed click
19:17:12 allowed click
19:17:12 allowed click
19:17:12 allowed click
19:17:12 allowed click
19:17:12 allowed click
19:17:12 allowed click
19:17:12 allowed click
19:17:12 allowed click
19:17:12 allowed click
19:17:12 allowed click
19:17:12 allowed click
19:17:12 allowed click
19:17:12 allowed click
19:17:12 allowed click
19:17:12 allowed click
19:17:12 allowed click
19:17:12 allowed click
19:17:12 allowed click
19:17:12 allowed click
19:17:12 allowed click
19:17:12 allowed click
19:17:12 allowed click
19:17:12 allowed click
19:17:12 allowed click
19:17:12 allowed click
19:17:12 allowed click
19:17:12 allowed click
19:17:12 allowed click
19:17:12 allowed click
19:17:12 allowed click
19:17:12 allowed click
19:17:12 allowed click
19:17:12 allowed click
19:17:12 allowed click
19:17:12 allowed click
19:17:12 allowed click
19:17:12 allowed click
19:17:12 allowed click
19:17:12 allowed click
19:17:12 allowed click
19:17:12 allowed click
19:17:12 allowed click
19:17:12 allowed click
19:17:12 allowed click
19:17:12 allowed click
19:17:12 allowed click
19:17:12 allowed click
19:17:12 allowed click
19:17:12 allowed click
19:17:12 allowed click
19:17:12 allowed click
19:17:12 allowed click
19:17:12 allowed click
19:17:12 allowed click
19:17:12 allowed click
19:17:12 allowed click
19:17:12 allowed click
19:17:12 allowed click
19:17:12 allowed click
19:17:12 allowed click
19:17:12 allowed click
19:17:12 allowed click
19:17:12 allowed click
19:17:12 allowed click
19:17:12 allowed click
19:17:12 allowed click
19:17:12 allowed click
19:17:12 allowed click
19:17:12 allowed click
19:17:12 allowed click
19:17:12 allowed click
19:17:12 allowed click
19:17:12 allowed click
19:17:12 allowed click
19:17:12 allowed click
19:17:12 allowed click
19:17:12 allowed click
19:17:12 allowed click
19:17:12 allowed click
19:17:12 allowed click
19:17:12 allowed click
19:17:12 allowed click
19:17:12 allowed click
19:17:12 allowed click
19:17:12 allowed click
19:17:12 allowed click
19:17:12 allowed click
19:17:12 allowed click
19:17:12 allowed click
19:17:12 allowed click
19:17:12 allowed click
19:17:12 allowed click
19:17:12 allowed click
19:17:12 allowed click
19:17:12 allowed click
19:17:12 allowed click
19:17:12 allowed click
19:17:12 allowed click
19:17:12 allowed click
19:17:12 allowed click
19:17:12 allowed click
19:17:12 allowed click
19:17:12 allowed click
19:17:12 allowed click
19:17:12 allowed click
19:17:12 allowed click
19:17:12 allowed click
19:17:12 allowed click
19:17:12 allowed click
19:17:12 allowed click
19:17:12 allowed click
19:17:12 allowed click
19:17:12 allowed click
19:17:12 allowed click
19:17:12 allowed click
19:17:12 allowed click
19:17:12 allowed click
19:17:12 allowed click
19:17:12 allowed click
19:17:12 allowed click
19:17:12 allowed click
19:17:12 allowed click
19:17:12 allowed click
19:17:12 allowed click
19:17:12 allowed click
19:17:12 allowed click
19:17:12 allowed click
19:17:12 allowed click
19:17:12 allowed click
19:17:12 allowed click
19:17:12 allowed click
19:17:12 allowed click
19:17:12 allowed click
19:17:12 allowed click
19:17:12 allowed click
20:56:08 
20:56:08 blocked link because:
20:56:08 isNotInSignAndOnSlot
20:56:08 
20:56:08 
20:56:08 blocked link because:
20:56:08 isNotInSignAndOnSlot
20:56:08 
20:56:08 allowed click
20:56:08 allowed click
20:56:08 allowed click
20:56:08 allowed click
20:56:08 allowed click
20:56:08 allowed click
20:56:08 allowed click
20:56:08 allowed click
20:56:08 allowed click
20:56:08 allowed click
20:56:08 allowed click
20:56:08 allowed click
20:56:08 allowed click
20:56:08 allowed click
20:56:08 allowed click
20:56:08 allowed click
20:56:08 allowed click
20:56:08 allowed click
20:56:08 allowed click
20:56:08 allowed click
20:56:08 allowed click
20:56:08 allowed click
20:56:08 allowed click
20:56:08 allowed click
20:56:09 allowed click
20:56:09 allowed click
20:56:09 allowed click
20:56:09 allowed click
20:56:09 allowed click
20:56:09 allowed click
20:56:09 allowed click
20:56:09 allowed click
20:56:09 allowed click
20:56:09 allowed click
20:56:09 allowed click
20:56:09 allowed click
20:56:09 allowed click
20:56:09 allowed click
20:56:09 allowed click
20:56:09 allowed click
20:56:09 allowed click
20:56:09 allowed click
20:56:09 allowed click
20:56:09 allowed click
20:56:09 allowed click
20:56:09 allowed click
20:56:09 allowed click
20:56:09 allowed click
20:56:09 allowed click
20:56:09 allowed click
20:56:09 allowed click
20:56:09 allowed click
20:56:09 allowed click
20:56:09 allowed click
20:56:09 allowed click
20:56:09 allowed click
20:56:09 allowed click
20:56:09 allowed click
20:56:09 allowed click
20:56:09 allowed click
20:56:09 allowed click
20:56:09 allowed click
20:56:09 allowed click
20:56:09 allowed click
20:56:09 allowed click
20:56:09 allowed click
20:56:09 allowed click
20:56:09 allowed click
20:56:09 allowed click
20:56:09 allowed click
20:56:09 allowed click
20:56:09 allowed click
20:56:09 allowed click
20:56:09 allowed click
20:56:09 allowed click
20:56:09 allowed click
20:56:09 allowed click
20:56:09 allowed click
20:56:09 allowed click
20:56:09 allowed click
20:56:09 allowed click
20:56:09 allowed click
20:56:09 allowed click
20:56:09 allowed click
20:56:10 
20:56:10 blocked link because:
20:56:10 isNotInSignAndOnSlot
20:56:10 
20:56:10 
20:56:10 blocked link because:
20:56:10 isNotInSignAndOnSlot
20:56:10 
20:56:10 allowed click
20:56:10 allowed click
20:56:10 allowed click
20:56:10 allowed click
20:56:10 allowed click
20:56:10 allowed click
20:56:10 allowed click
20:56:10 allowed click
20:56:10 allowed click
20:56:10 allowed click
20:56:10 allowed click
20:56:10 allowed click
20:56:10 allowed click
20:56:10 allowed click
20:56:10 allowed click
20:56:10 allowed click
20:56:10 allowed click
20:56:10 allowed click
20:56:10 allowed click
20:56:10 allowed click
20:56:10 allowed click
20:56:10 allowed click
20:56:10 allowed click
20:56:10 allowed click
20:56:10 allowed click
20:56:10 allowed click
20:56:10 allowed click
20:56:10 allowed click
20:56:10 allowed click
20:56:10 allowed click
20:56:10 allowed click
20:56:10 allowed click
20:56:10 allowed click
20:56:10 allowed click
20:56:10 allowed click
20:56:10 allowed click
20:56:10 allowed click
20:56:10 allowed click
20:56:10 allowed click
20:56:10 allowed click
20:56:10 allowed click
20:56:10 allowed click
20:56:10 allowed click
20:56:10 allowed click
20:56:10 allowed click
20:56:10 allowed click
20:56:10 allowed click
20:56:10 allowed click
20:56:10 allowed click
20:56:10 allowed click
20:56:10 allowed click
20:56:10 allowed click
20:56:10 allowed click
20:56:10 allowed click
20:56:10 allowed click
20:56:10 allowed click
20:56:10 allowed click
20:56:10 allowed click
20:56:10 allowed click
20:56:10 allowed click
20:56:10 allowed click
20:56:10 allowed click
20:56:10 allowed click
20:56:10 allowed click
20:56:10 allowed click
20:56:10 allowed click
20:56:10 allowed click
20:56:10 allowed click
20:56:11 allowed click
20:56:11 allowed click
20:56:11 allowed click
20:56:11 allowed click
20:56:11 allowed click
20:56:11 allowed click
20:56:11 allowed click
20:56:11 allowed click
20:56:11 allowed click
20:56:11 allowed click
20:56:11 allowed click
20:56:11 allowed click
20:56:11 allowed click
20:56:11 allowed click
20:56:11 allowed click
20:56:11 allowed click
20:56:11 allowed click
20:56:11 allowed click
20:56:11 allowed click
20:56:11 allowed click
20:56:11 allowed click
20:56:11 allowed click
20:56:11 allowed click
20:56:11 allowed click
20:56:11 allowed click
20:56:11 allowed click
20:56:11 allowed click
20:56:11 allowed click
20:56:11 allowed click
20:56:11 allowed click
20:56:11 allowed click
20:56:11 allowed click
20:56:11 allowed click
20:56:11 allowed click
20:56:11 allowed click
20:56:11 allowed click
20:56:11 allowed click
20:56:11 allowed click
20:56:11 allowed click
20:56:11 allowed click
20:56:11 allowed click
20:56:11 allowed click
20:56:11 allowed click
20:56:11 allowed click
20:56:11 allowed click
20:56:11 allowed click
20:56:11 allowed click
20:56:11 allowed click
20:56:11 allowed click
20:56:11 allowed click
20:56:11 allowed click
20:56:11 allowed click
20:56:11 allowed click
20:56:11 allowed click
20:56:11 allowed click
20:56:11 allowed click
20:56:11 allowed click
20:56:11 allowed click
20:56:11 allowed click
20:56:11 allowed click
20:56:11 allowed click
20:56:11 allowed click
20:56:11 allowed click
20:56:11 allowed click
20:56:11 allowed click
20:56:11 allowed click
20:56:11 allowed click
20:56:11 allowed click
20:56:11 allowed click
20:56:11 allowed click
20:56:11 allowed click
20:56:11 allowed click
20:56:11 allowed click
20:56:11 allowed click
20:56:11 allowed click
20:56:11 allowed click
20:56:11 allowed click
20:56:11 allowed click
20:56:11 allowed click
20:56:11 allowed click
20:56:11 allowed click
20:56:11 allowed click
20:56:11 allowed click
20:56:11 allowed click
20:56:11 allowed click
20:56:11 allowed click
20:56:11 allowed click
20:56:11 allowed click
20:56:11 allowed click
20:56:11 allowed click
20:56:11 allowed click
20:56:11 allowed click
21:11:33 
21:11:33 blocked link because:
21:11:33 isNotInSignAndOnSlot
21:11:33 
21:11:33 
21:11:33 blocked link because:
21:11:33 isNotInSignAndOnSlot
21:11:33 
21:11:33 allowed click
21:11:33 allowed click
21:11:33 allowed click
21:11:33 allowed click
21:11:33 allowed click
21:11:33 allowed click
21:11:33 allowed click
21:11:33 allowed click
21:11:33 allowed click
21:11:33 allowed click
21:11:33 allowed click
21:11:33 allowed click
21:11:33 allowed click
21:11:33 allowed click
21:11:33 allowed click
21:11:33 allowed click
21:11:33 allowed click
21:11:33 allowed click
21:11:33 allowed click
21:11:33 allowed click
21:11:33 allowed click
21:11:33 allowed click
21:11:33 allowed click
21:11:33 allowed click
21:11:33 allowed click
21:11:33 allowed click
21:11:33 allowed click
21:11:33 allowed click
21:11:33 allowed click
21:11:33 allowed click
21:11:33 allowed click
21:11:33 allowed click
21:11:33 allowed click
21:11:33 allowed click
21:11:33 allowed click
21:11:33 allowed click
21:11:33 allowed click
21:11:33 allowed click
21:11:33 allowed click
21:11:33 allowed click
21:11:33 allowed click
21:11:33 allowed click
21:11:33 allowed click
21:11:33 allowed click
21:11:33 allowed click
21:11:33 allowed click
21:11:33 allowed click
21:11:33 allowed click
21:11:33 allowed click
21:11:33 allowed click
21:11:33 allowed click
21:11:33 allowed click
21:11:33 allowed click
21:11:33 allowed click
21:11:33 allowed click
21:11:33 allowed click
21:11:33 allowed click
21:11:33 allowed click
21:11:33 allowed click
21:11:33 allowed click
21:11:33 allowed click
21:11:33 allowed click
21:11:33 allowed click
21:11:33 allowed click
21:11:33 allowed click
21:11:33 allowed click
21:11:34 allowed click
21:11:34 allowed click
21:11:34 allowed click
21:11:34 allowed click
21:11:34 allowed click
21:11:34 allowed click
21:11:34 allowed click
21:11:34 allowed click
21:11:34 allowed click
21:11:34 allowed click
21:11:34 allowed click
21:11:34 allowed click
21:11:34 allowed click
21:11:34 allowed click
21:11:34 allowed click
21:11:34 allowed click
21:11:34 allowed click
21:11:34 allowed click
21:11:34 allowed click
21:11:34 allowed click
21:11:34 allowed click
21:11:34 allowed click
21:11:34 allowed click
21:11:34 allowed click
21:11:34 allowed click
21:11:34 allowed click
21:11:34 allowed click
21:11:34 allowed click
21:11:34 allowed click
21:11:34 allowed click
21:11:34 allowed click
21:11:34 allowed click
21:11:34 allowed click
21:11:34 allowed click
21:11:34 allowed click
21:11:34 allowed click
21:11:34 allowed click
21:11:34 allowed click
22:30:55 
22:30:55 blocked link because:
22:30:55 isNotInSignAndOnSlot
22:30:55 
22:30:55 
22:30:55 blocked link because:
22:30:55 isNotInSignAndOnSlot
22:30:55 
22:30:55 allowed click
22:30:55 allowed click
22:30:55 allowed click
22:30:55 allowed click
22:30:55 allowed click
22:30:55 allowed click
22:30:55 allowed click
22:30:55 allowed click
22:30:55 allowed click
22:30:55 allowed click
22:30:55 allowed click
22:30:55 allowed click
22:30:55 allowed click
22:30:55 allowed click
22:30:55 allowed click
22:30:55 allowed click
22:30:55 allowed click
22:30:55 allowed click
22:30:55 allowed click
22:30:55 allowed click
22:30:55 allowed click
22:30:55 allowed click
22:30:55 allowed click
22:30:55 allowed click
22:30:55 allowed click
22:30:55 allowed click
22:30:55 allowed click
22:30:55 allowed click
22:30:55 allowed click
22:30:55 allowed click
22:30:55 allowed click
22:30:55 allowed click
22:30:55 allowed click
22:30:55 allowed click
22:30:55 allowed click
22:30:55 allowed click
22:30:56 allowed click
22:30:56 allowed click
22:30:56 allowed click
22:30:56 allowed click
22:30:56 allowed click
22:30:56 allowed click
22:30:56 allowed click
22:30:56 allowed click
22:30:56 allowed click
22:30:56 allowed click
22:30:56 allowed click
22:30:56 allowed click
22:30:56 allowed click
22:30:56 allowed click
22:30:56 allowed click
22:30:56 allowed click
22:30:56 allowed click
22:30:56 allowed click
22:30:56 allowed click
22:30:56 allowed click
22:30:56 allowed click
22:30:56 allowed click
22:30:56 allowed click
22:30:56 allowed click
22:30:56 allowed click
22:30:56 allowed click
22:30:56 allowed click
22:30:56 allowed click
22:30:56 allowed click
22:30:56 allowed click
22:30:56 allowed click
22:30:56 allowed click
22:30:56 allowed click
22:30:56 allowed click
22:30:56 allowed click
22:30:56 allowed click
22:30:56 allowed click
22:30:56 allowed click
22:30:56 allowed click
22:30:56 allowed click
22:30:56 allowed click
22:30:56 allowed click
22:30:56 allowed click
22:30:56 allowed click
22:30:56 allowed click
22:30:56 allowed click
22:30:56 allowed click
22:30:56 allowed click
22:30:56 allowed click
22:30:56 allowed click
22:30:56 allowed click
22:30:56 allowed click
22:30:56 allowed click
22:30:56 allowed click
22:30:56 allowed click
22:30:56 allowed click
22:30:56 allowed click
22:30:56 allowed click
22:30:56 allowed click
22:30:56 allowed click
22:30:56 allowed click
22:30:56 allowed click
22:30:56 allowed click
22:30:56 allowed click
22:30:56 allowed click
22:30:56 allowed click
22:30:56 allowed click
22:30:56 allowed click
22:30:56 allowed click
22:30:56 allowed click
22:30:56 allowed click
22:30:56 allowed click
22:30:56 allowed click
22:30:56 allowed click
22:30:56 allowed click
22:30:56 allowed click
22:30:56 allowed click
22:30:56 allowed click
22:30:56 allowed click
22:30:56 allowed click
22:30:56 allowed click
22:30:56 allowed click
22:30:56 allowed click
22:30:56 allowed click
22:30:56 allowed click
22:30:56 allowed click
22:30:56 allowed click
22:30:56 allowed click
22:30:56 allowed click
22:30:56 allowed click
22:30:56 allowed click
22:30:56 allowed click
22:30:56 allowed click
22:30:56 allowed click
22:30:56 allowed click
22:30:56 allowed click
22:30:56 allowed click
22:30:56 allowed click
22:30:56 allowed click
22:30:56 allowed click
22:30:56 allowed click
22:30:56 allowed click
22:30:56 allowed click
22:30:56 allowed click
22:30:56 allowed click
22:30:56 allowed click
22:30:56 allowed click
22:30:56 allowed click
22:30:56 allowed click
22:30:56 allowed click
22:30:56 allowed click
22:30:56 allowed click
22:30:56 allowed click
22:30:56 allowed click
22:30:56 allowed click
22:30:56 allowed click
22:30:56 allowed click
22:30:56 allowed click
22:30:56 allowed click
22:30:56 allowed click
22:30:56 allowed click
22:30:56 allowed click
22:30:56 allowed click
22:30:56 allowed click
22:30:56 allowed click
22:30:56 allowed click
22:30:56 allowed click
22:30:56 allowed click
22:30:56 allowed click
22:30:56 allowed click
22:30:56 allowed click
22:30:56 allowed click
22:30:56 allowed click
22:30:56 allowed click
22:30:56 allowed click
22:30:56 allowed click
22:30:56 allowed click
22:30:56 allowed click
22:30:56 allowed click
22:30:56 allowed click
22:30:56 allowed click
22:30:56 allowed click
22:30:56 allowed click
22:30:56 allowed click
22:30:56 allowed click
22:30:56 allowed click
22:30:56 allowed click
22:30:56 allowed click
22:30:56 allowed click
22:30:56 allowed click
22:30:56 allowed click
22:30:56 allowed click
22:30:56 allowed click
22:30:56 allowed click
22:30:56 allowed click
22:30:56 allowed click
22:30:56 allowed click
22:30:56 allowed click
22:30:56 allowed click
22:30:56 allowed click
22:30:56 allowed click
22:30:56 allowed click
22:30:56 allowed click
22:30:56 allowed click
22:30:57 allowed click
22:30:57 allowed click
22:30:57 allowed click
22:30:57 allowed click
22:30:57 allowed click
22:30:57 allowed click
22:30:57 allowed click
22:30:57 allowed click
22:30:57 allowed click
22:30:57 allowed click
22:30:57 allowed click
22:30:57 allowed click
22:30:57 allowed click
22:30:57 allowed click
22:30:57 allowed click
22:30:57 allowed click
22:30:57 allowed click
22:30:57 allowed click
22:30:57 allowed click
22:30:57 allowed click
22:30:57 allowed click
22:30:57 allowed click
22:30:57 allowed click
22:30:57 allowed click
22:30:57 allowed click
22:30:57 allowed click
22:30:57 allowed click
22:30:57 allowed click
22:30:57 allowed click
22:30:57 allowed click
22:30:57 allowed click
22:30:57 allowed click
22:30:57 allowed click
22:30:57 allowed click
22:30:57 allowed click
22:30:57 allowed click
22:30:57 allowed click
22:30:57 allowed click
22:30:57 allowed click
22:30:57 allowed click
22:30:57 allowed click
22:30:57 allowed click
22:30:57 allowed click
22:30:57 allowed click
22:30:57 allowed click
22:30:57 allowed click
22:30:57 allowed click
22:30:57 allowed click
22:30:57 allowed click
22:30:57 allowed click
22:30:57 allowed click
22:30:57 allowed click
22:30:57 allowed click
22:30:57 allowed click
22:30:57 allowed click
22:30:57 allowed click
22:30:57 allowed click
22:30:57 allowed click
22:30:57 allowed click
22:30:57 allowed click
22:30:57 allowed click
22:30:57 allowed click
22:30:57 allowed click
22:30:57 allowed click
22:30:57 allowed click
22:30:57 allowed click
22:30:57 allowed click
22:30:57 allowed click
22:30:57 allowed click
22:30:57 allowed click
22:30:57 allowed click
22:30:57 allowed click
22:30:57 allowed click
22:30:57 allowed click
22:30:57 allowed click
22:30:57 allowed click
22:30:57 allowed click
22:30:57 allowed click
22:30:57 allowed click
22:30:57 allowed click
22:30:57 allowed click
22:30:57 allowed click
22:30:57 allowed click
22:30:57 allowed click
22:30:57 allowed click
22:30:57 allowed click
22:30:57 allowed click
22:30:57 allowed click
22:30:57 allowed click
22:30:57 allowed click
22:30:57 allowed click
22:30:57 allowed click
22:30:57 allowed click
22:30:57 allowed click
22:30:57 allowed click
22:30:57 allowed click
22:30:57 allowed click
22:30:57 allowed click
22:30:57 allowed click
22:30:57 allowed click
22:30:57 allowed click
22:30:57 allowed click
22:30:57 allowed click
22:30:57 allowed click
22:30:57 allowed click
22:30:57 allowed click
22:30:57 allowed click
22:30:57 allowed click
22:30:57 allowed click
22:30:57 allowed click
22:30:57 allowed click
22:30:57 allowed click
22:30:57 allowed click
22:30:57 allowed click
22:30:57 allowed click
22:30:57 allowed click
22:30:57 allowed click
22:30:57 allowed click
22:30:57 allowed click
22:30:57 allowed click
22:30:57 allowed click
22:40:52 
22:40:52 blocked link because:
22:40:52 isNotInSignAndOnSlot
22:40:52 
22:40:52 
22:40:52 blocked link because:
22:40:52 isNotInSignAndOnSlot
22:40:52 
22:40:52 allowed click
22:40:52 allowed click
22:40:52 allowed click
22:40:52 allowed click
22:40:52 allowed click
22:40:52 allowed click
22:40:52 allowed click
22:40:52 allowed click
22:40:52 allowed click
22:40:52 allowed click
22:40:52 allowed click
22:40:52 allowed click
22:40:52 allowed click
22:40:52 allowed click
22:40:52 allowed click
22:40:52 allowed click
22:40:52 allowed click
22:40:52 allowed click
22:40:52 allowed click
22:40:52 allowed click
22:40:52 allowed click
22:40:52 allowed click
22:40:52 allowed click
22:40:52 allowed click
22:40:52 allowed click
22:40:52 allowed click
22:40:52 allowed click
22:40:52 allowed click
22:40:52 allowed click
22:40:52 allowed click
22:40:52 allowed click
22:40:52 allowed click
22:40:52 allowed click
22:40:52 allowed click
22:40:52 allowed click
22:40:52 allowed click
22:40:52 allowed click
22:40:52 allowed click
22:40:52 allowed click
22:40:52 allowed click
22:40:52 allowed click
22:40:52 allowed click
22:40:52 allowed click
22:40:52 allowed click
22:40:52 allowed click
22:40:52 allowed click
22:40:52 allowed click
22:40:52 allowed click
22:40:52 allowed click
22:40:52 allowed click
22:40:52 allowed click
22:40:52 allowed click
22:40:52 allowed click
22:40:52 allowed click
22:40:52 allowed click
22:40:52 allowed click
22:40:52 allowed click
22:40:52 allowed click
22:40:52 allowed click
22:40:52 allowed click
22:40:52 allowed click
22:40:52 allowed click
22:40:52 allowed click
22:40:52 allowed click
22:40:52 allowed click
22:40:52 allowed click
22:40:52 allowed click
22:40:52 allowed click
22:40:52 allowed click
22:40:52 allowed click
22:40:52 allowed click
22:40:52 allowed click
22:40:52 allowed click
22:40:52 allowed click
22:40:52 allowed click
22:40:52 allowed click
22:40:52 allowed click
22:40:52 allowed click
22:40:52 allowed click
22:40:52 allowed click
22:40:52 allowed click
22:40:52 allowed click
22:40:52 allowed click
22:40:52 allowed click
22:40:52 allowed click
22:40:52 allowed click
22:40:52 allowed click
22:40:52 allowed click
22:40:53 allowed click
22:40:53 allowed click
22:40:53 allowed click
22:40:53 allowed click
22:40:53 allowed click
22:40:53 allowed click
22:40:53 allowed click
22:40:53 allowed click
22:40:53 allowed click
22:40:53 allowed click
22:40:53 allowed click
22:40:53 allowed click
22:40:53 allowed click
22:40:53 allowed click
22:41:28 
22:41:28 blocked link because:
22:41:28 isNotInSignAndOnSlot
22:41:28 
22:41:28 
22:41:28 blocked link because:
22:41:28 isNotInSignAndOnSlot
22:41:28 
22:41:28 allowed click
22:41:28 allowed click
22:41:28 allowed click
22:41:28 allowed click
22:41:28 allowed click
22:41:28 allowed click
22:41:28 allowed click
22:41:28 allowed click
22:41:28 allowed click
22:41:28 allowed click
22:41:28 allowed click
22:41:28 allowed click
22:41:29 allowed click
22:41:29 allowed click
22:41:29 allowed click
22:41:29 allowed click
22:41:29 allowed click
22:41:29 allowed click
22:41:29 allowed click
22:41:29 allowed click
22:41:29 allowed click
22:41:29 allowed click
22:41:29 allowed click
22:41:29 allowed click
22:41:29 allowed click
22:41:29 allowed click
22:41:29 allowed click
22:41:29 allowed click
22:41:29 allowed click
22:41:29 allowed click
22:41:29 allowed click
22:41:29 allowed click
22:41:29 allowed click
22:41:29 allowed click
22:41:29 allowed click
22:41:29 allowed click
22:41:29 allowed click
22:41:29 allowed click
22:41:29 allowed click
22:41:29 allowed click
22:41:29 allowed click
22:41:29 allowed click
22:41:29 allowed click
22:41:29 allowed click
22:41:29 allowed click
22:41:29 allowed click
22:41:29 allowed click
22:41:29 allowed click
22:41:29 allowed click
22:41:29 allowed click
22:41:29 allowed click
22:41:29 allowed click
22:41:29 allowed click
22:41:29 allowed click
22:41:29 allowed click
22:41:29 allowed click
22:41:29 allowed click
22:41:29 allowed click
22:41:29 allowed click
22:41:29 allowed click
22:41:29 allowed click
22:41:29 allowed click
22:41:29 allowed click
22:41:29 allowed click
22:41:29 allowed click
22:41:29 allowed click
22:41:29 allowed click
22:41:29 allowed click
22:41:29 allowed click
22:41:29 allowed click
22:41:29 allowed click
22:41:29 allowed click
22:41:29 allowed click
22:41:29 allowed click
22:41:29 allowed click
22:41:29 allowed click
22:41:29 allowed click
22:41:29 allowed click
22:41:29 allowed click
22:41:29 allowed click
22:41:29 allowed click
22:41:29 allowed click
22:41:29 allowed click
22:41:29 allowed click
22:41:29 allowed click
22:41:29 allowed click
22:41:29 allowed click
22:48:40 
22:48:40 blocked link because:
22:48:40 isNotInSignAndOnSlot
22:48:40 
22:48:40 
22:48:40 blocked link because:
22:48:40 isNotInSignAndOnSlot
22:48:40 
22:48:40 allowed click
22:48:40 allowed click
22:48:40 allowed click
22:48:40 allowed click
22:48:40 allowed click
22:48:40 allowed click
22:48:40 allowed click
22:48:40 allowed click
22:48:40 allowed click
22:48:40 allowed click
22:48:40 allowed click
22:48:40 allowed click
22:48:40 allowed click
22:48:40 allowed click
22:48:40 allowed click
22:48:40 allowed click
22:48:40 allowed click
22:48:40 allowed click
22:48:40 allowed click
22:48:40 allowed click
22:48:40 allowed click
22:48:40 allowed click
22:48:40 allowed click
22:48:40 allowed click
22:48:40 allowed click
22:48:40 allowed click
22:48:40 allowed click
22:48:40 allowed click
22:48:40 allowed click
22:48:40 allowed click
22:48:40 allowed click
22:48:40 allowed click
22:48:40 allowed click
22:48:40 allowed click
22:48:40 allowed click
22:48:40 allowed click
22:48:40 allowed click
22:48:40 allowed click
22:48:40 allowed click
22:48:40 allowed click
22:48:40 allowed click
22:48:40 allowed click
22:48:40 allowed click
22:48:40 allowed click
22:48:40 allowed click
22:48:40 allowed click
22:48:40 allowed click
22:48:40 allowed click
22:48:40 allowed click
22:48:40 allowed click
22:48:40 allowed click
22:48:40 allowed click
22:48:40 allowed click
22:48:40 allowed click
22:48:40 allowed click
22:48:40 allowed click
23:05:54 
23:05:54 blocked link because:
23:05:54 isNotInSignAndOnSlot
23:05:54 
23:05:55 
23:05:55 blocked link because:
23:05:55 isNotInSignAndOnSlot
23:05:55 
23:05:55 allowed click
23:05:55 allowed click
23:05:55 allowed click
23:05:55 allowed click
23:05:55 allowed click
23:05:55 allowed click
23:05:55 allowed click
23:05:55 allowed click
23:05:55 allowed click
23:05:55 allowed click
23:05:55 allowed click
23:05:55 allowed click
23:05:55 allowed click
23:05:55 allowed click
23:05:55 allowed click
23:05:55 allowed click
23:05:55 allowed click
23:05:55 allowed click
23:05:55 allowed click
23:05:55 allowed click
23:05:55 allowed click
23:05:55 allowed click
23:05:55 allowed click
23:05:55 allowed click
23:05:55 allowed click
23:05:55 allowed click
23:05:55 allowed click
23:05:55 allowed click
23:05:55 allowed click
23:05:55 allowed click
23:05:55 allowed click
23:05:55 allowed click
23:05:55 allowed click
23:05:55 allowed click
23:05:55 allowed click
23:05:55 allowed click
23:05:55 allowed click
23:05:55 allowed click
23:05:55 allowed click
23:05:55 allowed click
23:05:55 allowed click
23:05:55 allowed click
23:05:55 allowed click
23:05:55 allowed click
23:05:55 allowed click
23:05:55 allowed click
23:05:55 allowed click
23:05:55 allowed click
23:05:55 allowed click
23:05:55 allowed click
23:05:55 allowed click
23:05:55 allowed click
23:05:55 allowed click
23:05:55 allowed click
23:05:55 allowed click
23:05:55 allowed click
23:05:55 allowed click
23:05:55 allowed click
23:05:55 allowed click
23:05:55 allowed click
23:05:55 allowed click
23:05:55 allowed click
23:05:55 allowed click
23:05:55 allowed click
23:05:55 allowed click
23:05:55 allowed click
23:05:55 allowed click
23:05:55 allowed click
23:05:55 allowed click
23:05:55 allowed click
23:05:55 allowed click
23:05:55 allowed click
23:05:55 allowed click
23:05:55 allowed click
23:05:55 allowed click
23:05:55 allowed click
23:05:55 allowed click
23:05:55 allowed click
23:05:55 allowed click
23:05:55 allowed click
23:05:55 allowed click
23:05:55 allowed click
23:05:55 allowed click
23:05:55 allowed click
23:05:55 allowed click
23:05:55 allowed click
23:05:55 allowed click
23:05:55 allowed click
23:05:55 allowed click
23:05:55 allowed click
23:05:55 allowed click
23:05:55 allowed click
23:05:55 allowed click
23:05:55 allowed click
23:05:55 allowed click
23:05:55 allowed click
23:05:55 allowed click
23:05:55 allowed click
23:05:55 allowed click
23:05:55 allowed click
23:05:55 allowed click
23:05:55 allowed click
23:05:55 allowed click
23:05:55 allowed click
23:05:55 allowed click
23:05:55 allowed click
23:05:55 allowed click
23:05:55 allowed click
23:05:55 allowed click
23:05:55 allowed click
23:05:55 allowed click
23:05:55 allowed click
23:05:55 allowed click
23:05:55 allowed click
23:05:55 allowed click
23:05:55 allowed click
23:05:55 allowed click
23:05:55 allowed click
23:05:55 allowed click
23:05:55 allowed click
23:05:56 allowed click
23:05:56 allowed click
23:05:56 allowed click
23:05:56 allowed click
23:05:56 allowed click
23:05:56 allowed click
23:05:56 allowed click
23:05:56 allowed click
23:05:56 allowed click
23:05:56 allowed click
23:05:56 allowed click
23:05:56 allowed click
23:05:56 allowed click
23:05:56 allowed click
23:05:56 allowed click
23:05:56 allowed click
23:05:56 allowed click
23:05:56 allowed click
23:05:56 allowed click
23:05:56 allowed click
23:05:56 allowed click
23:05:56 allowed click
23:05:56 allowed click
23:05:56 allowed click
23:05:56 allowed click
23:05:56 allowed click
23:05:56 allowed click
23:05:56 allowed click
23:05:56 allowed click
23:05:56 allowed click
23:05:56 allowed click
23:05:56 allowed click
23:05:56 allowed click
23:05:56 allowed click
23:05:56 allowed click
23:05:56 allowed click
23:05:56 allowed click
23:05:56 allowed click
23:05:56 allowed click
23:05:56 allowed click
23:05:56 allowed click
23:05:56 allowed click
23:05:56 allowed click
23:05:56 allowed click
23:05:56 allowed click
23:05:56 allowed click
23:05:56 allowed click
23:05:56 allowed click
23:05:56 allowed click
23:05:56 allowed click
23:05:56 allowed click
23:05:56 allowed click
23:05:56 allowed click
23:05:56 allowed click
23:05:56 allowed click
23:05:56 allowed click
23:05:56 allowed click
23:05:56 allowed click
23:05:56 allowed click
23:05:56 allowed click
23:05:56 allowed click
23:05:56 allowed click
23:05:56 allowed click
23:05:56 allowed click
23:05:56 allowed click
23:05:56 allowed click
23:05:56 allowed click
23:05:56 allowed click
23:05:56 allowed click
23:05:56 allowed click
23:05:56 allowed click
23:05:56 allowed click
23:05:56 allowed click
23:05:56 allowed click
23:05:56 allowed click
23:05:56 allowed click
23:05:56 allowed click
23:05:56 allowed click
23:05:56 allowed click
23:05:56 allowed click
23:05:56 allowed click
23:05:56 allowed click
23:05:56 allowed click
23:05:56 allowed click
23:05:56 allowed click
23:05:56 allowed click
23:05:56 allowed click
23:05:56 allowed click
23:05:56 allowed click
23:05:56 allowed click
23:05:56 allowed click
23:05:56 allowed click
23:05:56 allowed click
23:05:56 allowed click
23:05:56 allowed click
23:05:56 allowed click
23:05:56 allowed click
23:05:56 allowed click
23:05:56 allowed click
23:05:56 allowed click
23:05:56 allowed click
23:05:56 allowed click
23:05:56 allowed click
23:05:56 allowed click
23:05:56 allowed click
23:05:56 allowed click
23:05:56 allowed click
23:05:56 allowed click
23:05:56 allowed click
23:05:56 allowed click
23:05:56 allowed click
23:05:56 allowed click
23:05:56 allowed click
23:05:56 allowed click
23:05:56 allowed click
23:05:56 allowed click
23:05:56 allowed click
23:05:56 allowed click
23:05:56 allowed click
23:05:56 allowed click
23:05:56 allowed click
23:05:56 allowed click
23:05:56 allowed click
23:05:56 allowed click
23:05:56 allowed click
23:05:56 allowed click
23:05:56 allowed click
23:05:56 allowed click
23:05:57 allowed click
23:05:57 allowed click
23:05:57 allowed click
23:05:57 allowed click
23:05:57 allowed click
23:05:57 allowed click
23:05:57 allowed click
23:05:57 allowed click
23:05:57 allowed click
23:05:57 allowed click
23:05:57 allowed click
23:05:57 allowed click
23:05:57 allowed click
23:05:57 allowed click
23:05:57 allowed click
23:05:57 allowed click
23:05:57 allowed click
23:05:57 allowed click
23:05:57 allowed click
23:05:57 allowed click
23:05:57 allowed click
23:05:57 allowed click
23:05:57 allowed click
23:05:57 allowed click
23:05:57 allowed click
23:05:57 allowed click
23:05:57 allowed click
23:05:57 allowed click
23:05:57 allowed click
23:05:57 allowed click
23:05:57 allowed click
23:05:57 allowed click
23:05:57 allowed click
23:05:57 allowed click
23:05:57 allowed click
23:05:57 allowed click
23:05:57 allowed click
23:05:57 allowed click
23:05:57 allowed click
23:05:57 allowed click
23:05:57 allowed click
23:05:57 allowed click
23:05:57 allowed click
23:05:57 allowed click
23:05:57 allowed click
23:05:57 allowed click
23:05:57 allowed click
23:05:57 allowed click
23:05:57 allowed click
23:05:57 allowed click
23:05:57 allowed click
23:05:57 allowed click
23:05:57 allowed click
23:05:57 allowed click
23:05:57 allowed click
23:05:57 allowed click
23:05:57 allowed click
23:05:57 allowed click
23:05:57 allowed click
23:05:57 allowed click
23:07:32 allowed click
23:07:32 allowed click
23:07:32 allowed click
23:07:32 allowed click
23:07:32 allowed click
23:07:32 allowed click
23:07:32 allowed click
23:07:32 allowed click
23:07:32 allowed click
23:07:32 allowed click
23:07:32 allowed click
23:07:32 allowed click
23:07:32 allowed click
23:07:32 allowed click
23:07:32 allowed click
23:07:32 allowed click
23:07:32 allowed click
23:07:32 allowed click
23:07:32 allowed click
23:07:32 allowed click
23:07:32 allowed click
23:07:32 allowed click
23:07:32 allowed click
23:07:32 allowed click
23:07:32 allowed click
23:07:32 allowed click
23:07:32 allowed click
23:07:32 allowed click
23:07:32 allowed click
23:07:32 allowed click
23:07:32 allowed click
23:07:32 allowed click
23:07:32 allowed click
23:07:32 allowed click
23:07:32 allowed click
23:07:32 allowed click
23:07:32 allowed click
23:07:32 allowed click
23:07:33 allowed click
23:07:33 allowed click
23:07:33 allowed click
23:07:33 allowed click
23:07:33 allowed click
23:07:33 allowed click
23:07:33 allowed click
23:07:33 allowed click
23:07:33 allowed click
23:07:33 allowed click
23:07:33 allowed click
23:07:33 allowed click
23:07:33 allowed click
23:07:33 allowed click
23:07:33 allowed click
23:07:33 allowed click
23:07:33 allowed click
23:07:33 allowed click
23:07:33 allowed click
23:07:33 allowed click
23:07:33 allowed click
23:07:33 allowed click
23:07:33 allowed click
23:07:33 allowed click
23:07:33 allowed click
23:07:33 allowed click
23:07:33 allowed click
23:07:33 allowed click
23:07:33 allowed click
23:07:33 allowed click
23:07:33 allowed click
23:07:33 allowed click
23:07:33 allowed click
23:07:33 allowed click
23:07:33 allowed click
23:07:33 allowed click
23:07:33 allowed click
23:07:33 allowed click
23:07:33 allowed click
23:07:33 allowed click
23:07:33 allowed click
23:07:33 allowed click
23:07:33 allowed click
23:07:33 allowed click
23:07:33 allowed click
23:07:33 allowed click
23:07:33 allowed click
23:07:33 allowed click
23:23:54 
23:23:54 blocked link because:
23:23:54 isNotInSignAndOnSlot
23:23:54 
23:23:54 
23:23:54 blocked link because:
23:23:54 isNotInSignAndOnSlot
23:23:54 
23:23:55 allowed click
23:23:55 allowed click
23:23:55 allowed click
23:23:55 allowed click
23:23:55 allowed click
23:23:55 allowed click
23:23:55 allowed click
23:23:55 allowed click
23:23:55 allowed click
23:23:55 allowed click
23:23:55 allowed click
23:23:55 allowed click
23:23:55 allowed click
23:23:55 allowed click
23:23:55 allowed click
23:23:55 allowed click
23:23:55 allowed click
23:23:55 allowed click
23:23:55 allowed click
23:23:55 allowed click
23:23:55 allowed click
23:23:55 allowed click
23:23:55 allowed click
23:23:55 allowed click
23:23:55 allowed click
23:23:55 allowed click
23:23:55 allowed click
23:23:55 allowed click
23:23:55 allowed click
23:23:55 allowed click
23:23:55 allowed click
23:23:55 allowed click
23:23:55 allowed click
23:23:55 allowed click
23:23:55 allowed click
23:23:55 allowed click
23:23:55 allowed click
23:23:55 allowed click
23:23:55 allowed click
23:23:55 allowed click
23:23:55 allowed click
23:23:55 allowed click
23:23:55 allowed click
23:23:55 allowed click
23:23:55 allowed click
23:23:55 allowed click
23:23:55 allowed click
23:23:55 allowed click
23:23:55 allowed click
23:23:55 allowed click
23:23:55 allowed click
23:23:55 allowed click
23:23:55 allowed click
23:23:55 allowed click
23:23:55 allowed click
23:23:55 allowed click
23:23:55 allowed click
23:23:55 allowed click
23:23:55 allowed click
23:23:55 allowed click
23:23:55 allowed click
23:23:55 allowed click
23:23:55 allowed click
23:23:55 allowed click
23:23:55 allowed click
23:23:55 allowed click
23:23:55 allowed click
23:23:55 allowed click
23:23:55 allowed click
23:23:55 allowed click
23:23:55 allowed click
23:23:55 allowed click
23:23:55 allowed click
23:23:55 allowed click
23:23:55 allowed click
23:23:55 allowed click
23:23:55 allowed click
23:23:55 allowed click
23:23:55 allowed click
23:23:55 allowed click
23:23:55 allowed click
23:23:55 allowed click
23:23:55 allowed click
23:23:55 allowed click
23:23:55 allowed click
23:23:55 allowed click
23:23:55 allowed click
23:23:55 allowed click
23:23:55 allowed click
23:23:55 allowed click
23:23:55 allowed click
23:23:55 allowed click
23:23:55 allowed click
23:23:55 allowed click
23:23:55 allowed click
23:23:55 allowed click
23:23:55 allowed click
23:23:55 allowed click
23:23:55 allowed click
23:23:55 allowed click
23:23:55 allowed click
23:23:55 allowed click
23:23:55 allowed click
23:23:55 allowed click
23:23:55 allowed click
23:23:55 allowed click
23:23:55 allowed click
23:23:55 allowed click
23:23:55 allowed click
23:23:55 allowed click
23:23:55 allowed click
23:23:55 allowed click
23:23:55 allowed click
23:23:55 allowed click
23:23:55 allowed click
23:23:55 allowed click
23:23:55 allowed click
23:23:55 allowed click
23:23:55 allowed click
23:23:55 allowed click
23:23:55 allowed click
23:23:55 allowed click
23:23:55 allowed click
23:23:55 allowed click
23:23:55 allowed click
23:23:55 allowed click
23:23:55 allowed click
23:23:55 allowed click
23:23:55 allowed click
23:23:55 allowed click
23:23:55 allowed click
23:23:55 allowed click
23:23:55 allowed click
23:23:55 allowed click
23:23:55 allowed click
23:23:55 allowed click
23:23:55 allowed click
23:23:55 allowed click
23:23:55 allowed click
23:23:55 allowed click
23:23:55 allowed click
23:23:55 allowed click
23:23:55 allowed click
23:23:55 allowed click
23:23:55 allowed click
23:23:55 allowed click
23:23:55 allowed click
23:23:55 allowed click
23:23:55 allowed click
23:23:55 allowed click
23:23:55 allowed click
23:23:55 allowed click
23:23:55 allowed click
23:23:55 allowed click
23:23:55 allowed click
23:23:55 allowed click
23:23:55 allowed click
23:23:55 allowed click
23:23:55 allowed click
23:23:55 allowed click
23:23:55 allowed click
23:23:55 allowed click
23:23:55 allowed click
23:23:55 allowed click
23:23:55 allowed click
23:23:55 allowed click
23:23:55 allowed click
23:23:55 allowed click
23:23:55 allowed click
23:23:55 allowed click
23:23:55 allowed click
23:23:55 allowed click
23:23:56 allowed click
23:23:56 allowed click
23:23:56 allowed click
23:23:56 allowed click
23:23:56 allowed click
23:23:56 allowed click
23:23:56 allowed click
23:23:56 allowed click
23:23:56 allowed click
23:23:56 allowed click
23:23:56 allowed click
23:23:56 allowed click
23:23:56 allowed click
23:23:56 allowed click
23:23:56 allowed click
23:23:56 allowed click
23:23:56 allowed click
23:23:56 allowed click
23:23:56 allowed click
23:23:56 allowed click
23:23:56 allowed click
23:23:56 allowed click
23:23:56 allowed click
23:23:56 allowed click
23:23:56 allowed click
23:23:56 allowed click
23:23:56 allowed click
23:23:56 allowed click
23:23:56 allowed click
23:23:56 allowed click
23:23:56 allowed click
23:23:56 allowed click
23:23:56 allowed click
23:23:56 allowed click
23:23:56 allowed click
23:23:56 allowed click
23:23:56 allowed click
23:23:56 allowed click
23:23:56 allowed click
23:23:56 allowed click
23:23:56 allowed click
23:23:56 allowed click
23:23:56 allowed click
23:23:56 allowed click
23:23:56 allowed click
23:23:56 allowed click
23:23:56 allowed click
23:23:56 allowed click
23:23:56 allowed click
23:23:56 allowed click
23:23:56 allowed click
23:23:56 allowed click
23:23:56 allowed click
23:23:56 allowed click
23:23:56 allowed click
23:23:56 allowed click
23:23:56 allowed click
23:23:56 allowed click
23:23:56 allowed click
23:23:56 allowed click
23:23:56 allowed click
23:23:56 allowed click
23:23:56 allowed click
23:23:56 allowed click
23:23:56 allowed click
23:23:56 allowed click
23:23:56 allowed click
23:23:56 allowed click
23:23:56 allowed click
23:23:56 allowed click
23:23:56 allowed click
23:23:56 allowed click
23:24:09 
23:24:09 blocked link because:
23:24:09 isNotInSignAndOnSlot
23:24:09 
23:24:09 
23:24:09 blocked link because:
23:24:09 isNotInSignAndOnSlot
23:24:09 
23:24:09 allowed click
23:24:09 allowed click
23:24:09 allowed click
23:24:09 allowed click
23:24:10 allowed click
23:24:10 allowed click
23:24:10 allowed click
23:24:10 allowed click
23:24:10 allowed click
23:24:10 allowed click
23:24:10 allowed click
23:24:10 allowed click
23:24:10 allowed click
23:24:10 allowed click
23:24:10 allowed click
23:24:10 allowed click
23:24:10 allowed click
23:24:10 allowed click
23:24:10 allowed click
23:24:10 allowed click
23:24:10 allowed click
23:24:10 allowed click
23:24:10 allowed click
23:24:10 allowed click
23:24:10 allowed click
23:24:10 allowed click
23:24:10 allowed click
23:24:10 allowed click
23:24:10 allowed click
23:24:10 allowed click
23:24:10 allowed click
23:24:10 allowed click
23:24:10 allowed click
23:24:10 allowed click
23:24:10 allowed click
23:24:10 allowed click
23:24:10 allowed click
23:24:10 allowed click
23:24:10 allowed click
23:24:10 allowed click
23:24:10 allowed click
23:24:10 allowed click
23:24:10 allowed click
23:24:10 allowed click
23:24:10 allowed click
23:24:10 allowed click
23:24:10 allowed click
23:24:10 allowed click
23:24:10 allowed click
23:24:10 allowed click
23:24:10 allowed click
23:24:10 allowed click
23:24:10 allowed click
23:24:10 allowed click
23:24:10 allowed click
23:24:10 allowed click
23:24:10 allowed click
23:24:10 allowed click
23:24:10 allowed click
23:24:10 allowed click
23:24:10 allowed click
23:24:10 allowed click
23:24:10 allowed click
23:24:10 allowed click
23:24:10 allowed click
23:24:10 allowed click
23:24:10 allowed click
23:24:10 allowed click
23:24:10 allowed click
23:24:10 allowed click
23:24:10 allowed click
23:24:10 allowed click
23:24:10 allowed click
23:24:10 allowed click
23:24:10 allowed click
23:24:10 allowed click
23:24:10 allowed click
23:24:10 allowed click
23:24:10 allowed click
23:24:10 allowed click
23:24:10 allowed click
23:24:10 allowed click
23:24:10 allowed click
23:24:10 allowed click
23:24:10 allowed click
23:24:10 allowed click
23:24:10 allowed click
23:24:10 allowed click
23:24:10 allowed click
23:24:10 allowed click
23:24:10 allowed click
23:24:10 allowed click
23:24:10 allowed click
23:24:10 allowed click
23:24:10 allowed click
23:24:10 allowed click
23:24:10 allowed click
23:24:10 allowed click
23:24:10 allowed click
23:24:10 allowed click
23:24:10 allowed click
23:24:10 allowed click
23:24:10 allowed click
23:24:10 allowed click
23:24:10 allowed click
23:24:10 allowed click
23:24:10 allowed click
23:24:10 allowed click
23:24:10 allowed click
23:24:10 allowed click
23:24:10 allowed click
23:24:10 allowed click
23:24:10 allowed click
23:24:10 allowed click
23:24:10 allowed click
23:24:10 allowed click
23:24:10 allowed click
23:24:10 allowed click
23:24:10 allowed click
23:24:10 allowed click
23:24:10 allowed click
23:24:10 allowed click
23:24:10 allowed click
23:24:10 allowed click
23:24:10 allowed click
23:24:10 allowed click
23:24:10 allowed click
23:24:10 allowed click
23:24:10 allowed click
23:24:10 allowed click
23:24:10 allowed click
23:24:10 allowed click
23:24:10 allowed click
23:24:10 allowed click
23:24:10 allowed click
23:24:10 allowed click
23:24:10 allowed click
23:24:10 allowed click
23:24:10 allowed click
23:24:10 allowed click
23:24:10 allowed click
23:24:10 allowed click
23:24:10 allowed click
23:24:10 allowed click
23:24:10 allowed click
23:24:10 allowed click
23:24:10 allowed click
23:24:10 allowed click
23:24:10 allowed click
23:24:10 allowed click
23:24:10 allowed click
23:24:10 allowed click
23:24:10 allowed click
23:24:10 allowed click
23:24:10 allowed click
23:24:10 allowed click
23:24:10 allowed click
23:24:10 allowed click
23:24:10 allowed click
23:24:10 allowed click
23:24:10 allowed click
23:24:10 allowed click
23:24:10 allowed click
23:24:10 allowed click
23:24:10 allowed click
23:24:10 allowed click
23:24:10 allowed click
23:24:10 allowed click
23:24:10 allowed click
23:24:10 allowed click
23:24:10 allowed click
23:24:10 allowed click
23:24:10 allowed click
23:24:10 allowed click
23:24:10 allowed click
23:24:10 allowed click
23:24:10 allowed click
23:24:10 allowed click
23:24:10 allowed click
23:24:10 allowed click
23:24:10 allowed click
23:24:10 allowed click
23:24:10 allowed click
23:24:10 allowed click
23:24:10 allowed click
23:24:10 allowed click
23:24:10 allowed click
23:24:10 allowed click
23:24:10 allowed click
23:24:10 allowed click
23:24:10 allowed click
23:24:10 allowed click
23:24:10 allowed click
23:24:10 allowed click
23:24:10 allowed click
23:24:10 allowed click
23:24:10 allowed click
23:24:10 allowed click
23:24:10 allowed click
23:24:10 allowed click
23:24:10 allowed click
23:24:10 allowed click
23:24:10 allowed click
23:24:10 allowed click
23:24:10 allowed click
23:24:10 allowed click
23:24:10 allowed click
23:24:10 allowed click
23:24:10 allowed click
23:24:10 allowed click
23:24:10 allowed click
23:24:10 allowed click
23:24:10 allowed click
23:24:10 allowed click
23:24:10 allowed click
23:24:10 allowed click
23:24:11 allowed click
23:24:11 allowed click
23:24:11 allowed click
23:24:11 allowed click
23:24:11 allowed click
23:24:11 allowed click
23:24:11 allowed click
23:24:11 allowed click
23:24:11 allowed click
23:24:11 allowed click
23:24:11 allowed click
23:24:11 allowed click
23:24:11 allowed click
23:24:11 allowed click
23:24:11 allowed click
23:24:11 allowed click
23:24:11 allowed click
23:24:11 allowed click
23:24:11 allowed click
23:24:11 allowed click
23:24:11 allowed click
23:24:11 allowed click
23:24:11 allowed click
23:24:11 allowed click
23:24:11 allowed click
23:24:11 allowed click
23:24:11 allowed click
23:24:11 allowed click
23:24:11 allowed click
23:24:11 allowed click
23:24:11 allowed click
23:24:11 allowed click
23:24:11 allowed click
23:24:11 allowed click
23:24:11 allowed click
23:24:11 allowed click
23:24:11 allowed click
23:24:11 allowed click
23:24:11 allowed click
23:24:11 allowed click
23:24:11 allowed click
23:24:11 allowed click
23:24:11 allowed click
23:24:11 allowed click
23:24:11 allowed click
23:24:11 allowed click
23:24:11 allowed click
23:24:11 allowed click
23:24:11 allowed click
23:24:11 allowed click
23:24:11 allowed click
23:24:11 allowed click
23:24:11 allowed click
23:24:11 allowed click
23:24:11 allowed click
23:24:11 allowed click
23:24:11 allowed click
23:24:11 allowed click
23:24:11 allowed click
23:24:11 allowed click
23:24:11 allowed click
23:24:11 allowed click
23:24:11 allowed click
23:24:11 allowed click
23:24:11 allowed click
23:24:11 allowed click
23:24:11 allowed click
23:24:11 allowed click
23:24:11 allowed click
23:24:11 allowed click
23:24:11 allowed click
23:24:11 allowed click
23:24:11 allowed click
23:24:11 allowed click
23:24:11 allowed click
23:24:11 allowed click
23:24:11 allowed click
23:24:11 allowed click
23:24:11 allowed click
23:24:11 allowed click
23:24:11 allowed click
23:24:11 allowed click
23:24:11 allowed click
23:24:11 allowed click
23:24:11 allowed click
23:24:11 allowed click
23:24:11 allowed click
23:24:11 allowed click
23:24:11 allowed click
23:24:11 allowed click
23:24:11 allowed click
23:24:11 allowed click
23:24:11 allowed click
23:24:11 allowed click
23:24:11 allowed click
23:24:11 allowed click
23:24:11 allowed click
23:24:11 allowed click
23:24:11 allowed click
23:24:11 allowed click
23:24:11 allowed click
23:24:11 allowed click
23:24:11 allowed click
23:24:11 allowed click
23:24:11 allowed click
23:24:11 allowed click
23:24:11 allowed click
23:24:11 allowed click
23:24:11 allowed click
23:24:11 allowed click
23:24:11 allowed click
23:24:11 allowed click
23:24:11 allowed click
23:24:11 allowed click
23:24:11 allowed click
23:24:11 allowed click
23:24:11 allowed click
23:24:11 allowed click
23:24:11 allowed click
23:24:11 allowed click
23:24:11 allowed click
23:24:11 allowed click
23:24:11 allowed click
23:24:11 allowed click
23:24:11 allowed click
23:24:11 allowed click
23:24:11 allowed click
23:24:11 allowed click
23:24:11 allowed click
23:24:11 allowed click
23:24:11 allowed click
23:24:11 allowed click
23:24:11 allowed click
23:24:11 allowed click
23:24:11 allowed click
23:24:11 allowed click
23:24:11 allowed click
23:24:11 allowed click
23:24:11 allowed click
23:24:11 allowed click
23:24:11 allowed click
23:24:11 allowed click
23:24:11 allowed click
23:24:11 allowed click
23:24:11 allowed click
23:24:11 allowed click
23:24:11 allowed click
23:24:11 allowed click
23:24:11 allowed click
23:24:11 allowed click
23:24:11 allowed click
23:24:11 allowed click
23:24:11 allowed click
23:24:11 allowed click
23:24:11 allowed click
23:24:11 allowed click
23:24:11 allowed click
23:24:11 allowed click
23:24:11 allowed click
23:24:11 allowed click
23:24:11 allowed click
23:24:11 allowed click
23:24:11 allowed click
23:24:11 allowed click
23:24:11 allowed click
23:24:11 allowed click
23:24:11 allowed click
23:24:11 allowed click
23:24:11 allowed click
23:24:11 allowed click
23:24:11 allowed click
23:24:11 allowed click
23:24:11 allowed click
23:24:11 allowed click
23:24:11 allowed click
23:24:11 allowed click
23:24:11 allowed click
23:24:11 allowed click
23:24:11 allowed click
23:24:11 allowed click
23:24:11 allowed click
23:24:11 allowed click
23:24:11 allowed click
23:24:11 allowed click
23:24:11 allowed click
23:24:11 allowed click
23:24:11 allowed click
23:24:11 allowed click
23:24:11 allowed click
23:24:11 allowed click
23:24:11 allowed click
23:24:11 allowed click
23:24:11 allowed click
23:24:11 allowed click
23:24:11 allowed click
23:24:11 allowed click
23:24:11 allowed click
23:24:11 allowed click
23:24:11 allowed click
23:24:11 allowed click
23:24:11 allowed click
23:24:11 allowed click
23:24:11 allowed click
23:24:11 allowed click
23:24:11 allowed click
23:24:11 allowed click
23:24:11 allowed click
23:24:11 allowed click
23:24:11 allowed click
23:24:11 allowed click
23:24:11 allowed click
23:24:11 allowed click
23:24:11 allowed click
23:24:11 allowed click
23:24:11 allowed click
23:24:11 allowed click
23:24:12 allowed click
23:24:12 allowed click
23:24:12 allowed click
23:24:12 allowed click
23:24:12 allowed click
23:24:12 allowed click
23:24:12 allowed click
23:24:12 allowed click
23:24:12 allowed click
23:24:12 allowed click
23:24:12 allowed click
23:24:12 allowed click
23:24:12 allowed click
23:24:12 allowed click
23:24:12 allowed click
23:24:12 allowed click
23:24:12 allowed click
23:24:12 allowed click
23:24:12 allowed click
23:24:12 allowed click
23:24:12 allowed click
23:24:12 allowed click
23:24:12 allowed click
23:24:12 allowed click
23:24:12 allowed click
23:24:12 allowed click
23:24:12 allowed click
23:24:12 allowed click
23:24:12 allowed click
23:24:12 allowed click
23:24:12 allowed click
23:24:12 allowed click
23:24:12 allowed click
23:24:12 allowed click
23:24:12 allowed click
23:24:12 allowed click
23:24:12 allowed click
23:24:12 allowed click
23:24:12 allowed click
23:24:12 allowed click
23:24:12 allowed click
23:24:12 allowed click
23:24:12 allowed click
23:24:12 allowed click
23:24:12 allowed click
23:24:12 allowed click
23:24:12 allowed click
23:24:12 allowed click
23:24:12 allowed click
23:24:12 allowed click
23:24:12 allowed click
23:24:12 allowed click
23:24:12 allowed click
23:24:12 allowed click
23:24:12 allowed click
23:24:12 allowed click
23:24:12 allowed click
23:24:12 allowed click
23:24:12 allowed click
23:24:12 allowed click
23:24:12 allowed click
23:24:12 allowed click
23:24:12 allowed click
23:24:12 allowed click
23:24:12 allowed click
23:24:12 allowed click
23:24:12 allowed click
23:24:12 allowed click
23:24:12 allowed click
23:24:12 allowed click
23:24:12 allowed click
23:24:12 allowed click
23:24:12 allowed click
23:24:12 allowed click
23:24:12 allowed click
23:24:12 allowed click
23:24:12 allowed click
23:24:12 allowed click
23:24:12 allowed click
23:24:12 allowed click
23:24:12 allowed click
23:24:12 allowed click
23:24:12 allowed click
23:24:12 allowed click
23:24:12 allowed click
23:24:12 allowed click
23:24:12 allowed click
23:24:12 allowed click
23:24:12 allowed click
23:24:12 allowed click
23:24:12 allowed click
23:24:12 allowed click
23:24:12 allowed click
23:24:12 allowed click
23:24:12 allowed click
23:24:12 allowed click
23:24:12 allowed click
23:24:12 allowed click
23:24:12 allowed click
23:24:12 allowed click
23:24:12 allowed click
23:24:12 allowed click
23:24:12 allowed click
23:24:12 allowed click
23:24:12 allowed click
23:24:12 allowed click
23:24:12 allowed click
23:24:12 allowed click
23:24:12 allowed click
23:24:12 allowed click
23:24:12 allowed click
23:24:12 allowed click
23:24:12 allowed click
23:24:12 allowed click
23:24:12 allowed click
23:24:12 allowed click
23:24:12 allowed click
23:24:12 allowed click
23:24:12 allowed click
23:24:12 allowed click
23:24:12 allowed click
23:24:12 allowed click
23:24:12 allowed click
23:24:12 allowed click
23:24:12 allowed click
23:24:12 allowed click
23:24:12 allowed click
23:24:12 allowed click
23:24:12 allowed click
23:24:12 allowed click
23:24:12 allowed click
23:24:12 allowed click
23:24:12 allowed click
23:24:12 allowed click
23:24:12 allowed click
23:24:12 allowed click
23:24:12 allowed click
23:24:12 allowed click
23:24:12 allowed click
23:24:12 allowed click
23:24:43 allowed click
23:24:43 allowed click
23:24:43 allowed click
23:24:43 allowed click
23:24:43 allowed click
23:24:43 allowed click
23:24:43 allowed click
23:24:43 allowed click
23:24:43 allowed click
23:24:43 allowed click
23:24:43 allowed click
23:24:43 allowed click
23:24:43 allowed click
23:24:43 allowed click
23:24:43 allowed click
23:24:43 allowed click
23:24:43 allowed click
23:24:43 allowed click
23:24:43 allowed click
23:24:43 allowed click
23:24:43 allowed click
23:24:43 allowed click
23:24:43 allowed click
23:24:43 allowed click
23:24:43 allowed click
23:24:43 allowed click
23:24:43 allowed click
23:24:43 allowed click
23:24:43 allowed click
23:24:43 allowed click
23:24:43 allowed click
23:24:43 allowed click
23:24:43 allowed click
23:24:43 allowed click
23:24:43 allowed click
23:24:43 allowed click
23:24:43 allowed click
23:24:43 allowed click
23:24:43 allowed click
23:24:43 allowed click
23:24:43 allowed click
23:24:43 allowed click
23:24:43 allowed click
23:24:43 allowed click
23:24:43 allowed click
23:24:43 allowed click
23:24:43 allowed click
23:24:43 allowed click
23:24:43 allowed click
23:24:43 allowed click
23:24:43 allowed click
23:24:43 allowed click
23:24:43 allowed click
23:24:43 allowed click
23:24:43 allowed click
23:24:43 allowed click
23:24:43 allowed click
23:24:43 allowed click
23:24:43 allowed click
23:24:43 allowed click
23:24:43 allowed click
23:24:43 allowed click
23:24:43 allowed click
23:24:43 allowed click
23:24:43 allowed click
23:24:43 allowed click
23:24:43 allowed click
23:24:43 allowed click
23:24:43 allowed click
23:24:43 allowed click
23:24:43 allowed click
23:24:43 allowed click
23:24:43 allowed click
23:24:43 allowed click
23:24:43 allowed click
23:24:43 allowed click
23:24:43 allowed click
23:24:43 allowed click
23:24:43 allowed click
23:24:43 allowed click
23:24:44 allowed click
23:24:44 allowed click
23:24:44 allowed click
23:24:44 allowed click
23:24:44 allowed click
23:24:44 allowed click
23:24:44 allowed click
23:24:44 allowed click
23:24:44 allowed click
23:24:44 allowed click
23:24:44 allowed click
23:24:44 allowed click
23:24:44 allowed click
23:24:44 allowed click
23:24:44 allowed click
23:24:44 allowed click
23:24:44 allowed click
23:24:44 allowed click
23:24:44 allowed click
23:24:44 allowed click
23:24:44 allowed click
23:24:44 allowed click
23:24:44 allowed click
23:24:44 allowed click
23:24:44 allowed click
23:24:44 allowed click
23:24:44 allowed click
23:24:44 allowed click
23:24:44 allowed click
23:24:44 allowed click
23:24:44 allowed click
23:24:44 allowed click
23:24:44 allowed click
23:24:44 allowed click
23:24:44 allowed click
23:24:44 allowed click
23:24:44 allowed click
23:24:44 allowed click
23:24:44 allowed click
23:24:44 allowed click
23:24:44 allowed click
23:24:44 allowed click
23:24:44 allowed click
23:24:44 allowed click
23:24:44 allowed click
23:24:44 allowed click
23:24:44 allowed click
23:24:44 allowed click
23:24:44 allowed click
23:24:44 allowed click
23:24:44 allowed click
23:24:44 allowed click
23:24:44 allowed click
23:24:44 allowed click
23:24:44 allowed click
23:24:44 allowed click
23:24:44 allowed click
23:24:44 allowed click
23:24:44 allowed click
23:24:44 allowed click
