15:30:29 Trying to load config from config\skyhanni\config.json
15:30:29 load-config-now
15:30:31 Loaded config from file
15:30:31 Trying to load sacks from config\skyhanni\sacks.json
15:30:31 load-sacks-now
15:30:31 Loaded sacks from file
15:30:31 Trying to load friends from config\skyhanni\friends.json
15:30:31 load-friends-now
15:30:31 Loaded friends from file
15:30:31 Trying to load known_features from config\skyhanni\known_features.json
15:30:31 load-known_features-now
15:30:31 Loaded known_features from file
15:30:31 Trying to load jacob_contests from config\skyhanni\jacob_contests.json
15:30:31 load-jacob_contests-now
15:30:31 Loaded jacob_contests from file
15:30:31 Trying to load visual_words from config\skyhanni\visual_words.json
15:30:31 Setting visual_words to be blank as it did not exist. It will be saved once something is written to it
15:31:31 saveConfig: auto-save-60s
15:31:31 Saving config file
15:31:31 Saved config file successfully
15:31:31 saveConfig: auto-save-60s
15:31:31 Saving config file
15:31:31 Saved config file successfully
15:32:31 saveConfig: auto-save-60s
15:32:31 Saving config file
15:32:31 Saved config file successfully
15:32:31 saveConfig: auto-save-60s
15:32:31 Saving config file
15:32:31 Saved config file successfully
15:32:54 saveConfig: Updated known feature flags
15:32:54 Saving known_features file
15:32:54 Saved known_features file successfully
15:32:54 saveConfig: Updated known feature flags
15:32:54 Saving known_features file
15:32:54 Saved known_features file successfully
15:33:24 saveConfig: close-gui
15:33:24 Saving config file
15:33:24 Saved config file successfully
15:33:24 saveConfig: close-gui
15:33:24 Saving config file
15:33:24 Saved config file successfully
15:33:31 saveConfig: auto-save-60s
15:33:31 Saving config file
15:33:31 Saved config file successfully
15:33:31 saveConfig: auto-save-60s
15:33:31 Saving config file
15:33:31 Saved config file successfully
15:33:42 saveConfig: close-gui
15:33:42 Saving config file
15:33:42 Saved config file successfully
15:33:42 saveConfig: close-gui
15:33:42 Saving config file
15:33:42 Saved config file successfully
15:33:44 saveConfig: shutdown-hook
15:33:44 Saving config file
