23:54:16 CRIMSON_ISLE
23:56:43 NONE
23:56:44 THE_RIFT
23:58:16 NONE
23:58:16 HUB
23:58:55 NONE
23:58:55 PRIVATE_ISLAND_GUEST
23:58:59 NONE
23:58:59 DWARVEN_MINES
23:59:43 NONE
23:59:45 HUB
00:03:52 NONE
00:03:53 CRIMSON_ISLE
00:08:56 NONE
00:08:56 PRIVATE_ISLAND_GUEST
00:09:00 NONE
00:09:00 DWARVEN_MINES
00:11:46 NONE
00:11:46 DUNGEON_HUB
00:12:00 NONE
00:12:00 PRIVATE_ISLAND
00:12:51 NONE
00:12:51 GARDEN
00:16:30 NONE
00:16:32 PRIVATE_ISLAND
00:18:49 NONE
00:18:50 HUB
00:28:26 NONE
00:28:27 HUB
00:29:33 NONE
00:29:34 HUB
00:31:34 NONE
00:31:35 PRIVATE_ISLAND
00:32:50 NONE
00:32:50 HUB
00:32:56 NONE
00:32:56 HUB
00:36:38 PRIVATE_ISLAND
