11:57:01 §e[SkyHanni] Reloaded 7449 items in the NEU repo§r
11:58:00 §e[SkyHanni] §eYou have §61 §eitem in stash. §eClick to §6pickup §eyour stash!§r
11:59:29 §e[SkyHanni] §lCLICK HERE§r§e to grab §ax56 §9§9Concentrated Stone§e from sacks!§r
12:01:01 §e[SkyHanni] Gained §d26,000 motes §ethis Rift session! (§d3.4M/h§e)§r
12:17:05 §e[SkyHanni] Low on arrows §e(5 left)§r
12:17:36 §e[SkyHanni] Low on arrows §e(4 left)§r
12:18:06 §e[SkyHanni] Low on arrows §e(5 left)§r
12:18:40 §e[SkyHanni] Low on arrows §e(1 left)§r
12:20:17 §e[SkyHanni] Low on arrows §e(4 left)§r
12:21:00 §e[SkyHanni] Low on arrows §e(4 left)§r
12:30:39 §e[SkyHanni] §c§lPUZZLE FAILED! §r§b6zez §r§efailed a puzzle. 
§eClick here to get §5Architect's First Draft §7(§e6x left§7)§r
12:37:16 §e[SkyHanni] Low on arrows §e(100 left)§r
12:37:52 §e[SkyHanni] Low on arrows §e(99 left)§r
13:02:38 §e[SkyHanni] §cYour Time Tower just expired and has 1 charge remaining. Click here to open the Chocolate Factory Menu.§r
13:06:15 §e[SkyHanni] Low on arrows §e(79 left)§r
13:06:49 §e[SkyHanni] Low on arrows §e(68 left)§r
13:07:25 §e[SkyHanni] Low on arrows §e(63 left)§r
13:07:55 §e[SkyHanni] Low on arrows §e(48 left)§r
14:20:27 §e[SkyHanni] §fYou were in Limbo for §e53m 45s§f.§r
