17:57:45 Trying to load config from config\skyhanni\config.json
17:57:45 load-config-now
17:57:46 Loaded config from file
17:57:46 Trying to load sacks from config\skyhanni\sacks.json
17:57:46 load-sacks-now
17:57:46 Loaded sacks from file
17:57:46 Trying to load friends from config\skyhanni\friends.json
17:57:46 load-friends-now
17:57:46 Loaded friends from file
17:57:46 Trying to load known_features from config\skyhanni\known_features.json
17:57:46 load-known_features-now
17:57:46 Loaded known_features from file
17:57:46 Trying to load jacob_contests from config\skyhanni\jacob_contests.json
17:57:46 load-jacob_contests-now
17:57:46 Loaded jacob_contests from file
17:57:46 Trying to load visual_words from config\skyhanni\visual_words.json
17:57:46 Setting visual_words to be blank as it did not exist. It will be saved once something is written to it
17:58:46 saveConfig: auto-save-60s
17:58:46 Saving config file
17:58:46 Saved config file successfully
17:58:46 saveConfig: auto-save-60s
17:58:46 Saving config file
17:58:46 Saved config file successfully
17:59:46 saveConfig: auto-save-60s
17:59:46 Saving config file
17:59:46 Saved config file successfully
17:59:46 saveConfig: auto-save-60s
17:59:46 Saving config file
17:59:46 Saved config file successfully
18:00:32 saveConfig: Updated known feature flags
18:00:32 Saving known_features file
18:00:32 Saved known_features file successfully
18:00:32 saveConfig: Updated known feature flags
18:00:32 Saving known_features file
18:00:32 Saved known_features file successfully
18:00:46 saveConfig: auto-save-60s
18:00:46 Saving config file
18:00:46 Saved config file successfully
18:00:46 saveConfig: auto-save-60s
18:00:46 Saving config file
18:00:46 Saved config file successfully
18:01:46 saveConfig: auto-save-60s
18:01:46 Saving config file
18:01:46 Saved config file successfully
18:01:46 saveConfig: auto-save-60s
18:01:46 Saving config file
18:01:46 Saved config file successfully
18:02:46 saveConfig: auto-save-60s
18:02:46 Saving config file
18:02:46 Saved config file successfully
18:02:46 saveConfig: auto-save-60s
18:02:46 Saving config file
18:02:46 Saved config file successfully
18:03:46 saveConfig: auto-save-60s
18:03:46 Saving config file
18:03:46 Saved config file successfully
18:03:46 saveConfig: auto-save-60s
18:03:46 Saving config file
18:03:46 Saved config file successfully
18:04:46 saveConfig: auto-save-60s
18:04:46 Saving config file
18:04:46 Saved config file successfully
18:04:46 saveConfig: auto-save-60s
18:04:46 Saving config file
18:04:46 Saved config file successfully
18:05:46 saveConfig: auto-save-60s
18:05:46 Saving config file
18:05:46 Saved config file successfully
18:05:46 saveConfig: auto-save-60s
18:05:46 Saving config file
18:05:46 Saved config file successfully
18:06:46 saveConfig: auto-save-60s
18:06:46 Saving config file
18:06:46 Saved config file successfully
18:06:46 saveConfig: auto-save-60s
18:06:46 Saving config file
18:06:46 Saved config file successfully
18:07:46 saveConfig: auto-save-60s
18:07:46 Saving config file
18:07:46 Saved config file successfully
18:07:46 saveConfig: auto-save-60s
18:07:46 Saving config file
18:07:46 Saved config file successfully
18:08:46 saveConfig: auto-save-60s
18:08:46 Saving config file
18:08:46 Saved config file successfully
18:08:46 saveConfig: auto-save-60s
18:08:46 Saving config file
18:08:46 Saved config file successfully
18:09:46 saveConfig: auto-save-60s
18:09:46 Saving config file
18:09:46 Saved config file successfully
18:09:46 saveConfig: auto-save-60s
18:09:46 Saving config file
18:09:46 Saved config file successfully
18:10:46 saveConfig: auto-save-60s
18:10:46 Saving config file
18:10:46 Saved config file successfully
18:10:46 saveConfig: auto-save-60s
18:10:46 Saving config file
18:10:46 Saved config file successfully
18:11:46 saveConfig: auto-save-60s
18:11:46 Saving config file
18:11:46 Saved config file successfully
18:11:46 saveConfig: auto-save-60s
18:11:46 Saving config file
18:11:46 Saved config file successfully
18:12:42 saveConfig: saving-data
18:12:42 Saving sacks file
18:12:42 Saved sacks file successfully
18:12:42 saveConfig: saving-data
18:12:42 Saving sacks file
18:12:42 Saved sacks file successfully
18:12:46 saveConfig: auto-save-60s
18:12:46 Saving config file
18:12:46 Saved config file successfully
18:12:46 saveConfig: auto-save-60s
18:12:46 Saving config file
18:12:46 Saved config file successfully
18:13:46 saveConfig: auto-save-60s
18:13:46 Saving config file
18:13:46 Saved config file successfully
18:13:46 saveConfig: auto-save-60s
18:13:46 Saving config file
18:13:46 Saved config file successfully
18:14:46 saveConfig: auto-save-60s
18:14:46 Saving config file
18:14:46 Saved config file successfully
18:14:46 saveConfig: auto-save-60s
18:14:46 Saving config file
18:14:46 Saved config file successfully
18:15:46 saveConfig: auto-save-60s
18:15:46 Saving config file
18:15:46 Saved config file successfully
18:15:46 saveConfig: auto-save-60s
18:15:46 Saving config file
18:15:46 Saved config file successfully
18:16:46 saveConfig: auto-save-60s
18:16:46 Saving config file
18:16:46 Saved config file successfully
18:16:46 saveConfig: auto-save-60s
18:16:46 Saving config file
18:16:46 Saved config file successfully
18:17:46 saveConfig: auto-save-60s
18:17:46 Saving config file
18:17:46 Saved config file successfully
18:17:46 saveConfig: auto-save-60s
18:17:46 Saving config file
18:17:46 Saved config file successfully
18:18:46 saveConfig: auto-save-60s
18:18:46 Saving config file
18:18:46 Saved config file successfully
18:18:46 saveConfig: auto-save-60s
18:18:46 Saving config file
18:18:46 Saved config file successfully
18:18:48 saveConfig: saving-data
18:18:48 Saving sacks file
18:18:48 Saved sacks file successfully
18:18:48 saveConfig: saving-data
18:18:48 Saving sacks file
18:18:48 Saved sacks file successfully
18:18:55 saveConfig: saving-data
18:18:55 Saving sacks file
18:18:55 Saved sacks file successfully
18:18:55 saveConfig: saving-data
18:18:55 Saving sacks file
18:18:55 Saved sacks file successfully
18:19:30 saveConfig: saving-data
18:19:30 Saving sacks file
18:19:30 Saved sacks file successfully
18:19:30 saveConfig: saving-data
18:19:30 Saving sacks file
18:19:30 Saved sacks file successfully
18:19:46 saveConfig: auto-save-60s
18:19:46 Saving config file
18:19:46 Saved config file successfully
18:19:46 saveConfig: auto-save-60s
18:19:46 Saving config file
18:19:46 Saved config file successfully
18:19:48 saveConfig: saving-data
18:19:48 Saving sacks file
18:19:48 Saved sacks file successfully
18:19:48 saveConfig: saving-data
18:19:48 Saving sacks file
18:19:48 Saved sacks file successfully
18:20:16 saveConfig: saving-data
18:20:16 Saving sacks file
18:20:16 Saved sacks file successfully
18:20:16 saveConfig: saving-data
18:20:16 Saving sacks file
18:20:16 Saved sacks file successfully
18:20:46 saveConfig: auto-save-60s
18:20:46 Saving config file
18:20:46 Saved config file successfully
18:20:46 saveConfig: auto-save-60s
18:20:46 Saving config file
18:20:46 Saved config file successfully
18:21:46 saveConfig: auto-save-60s
18:21:46 Saving config file
18:21:46 Saved config file successfully
18:21:46 saveConfig: auto-save-60s
18:21:46 Saving config file
18:21:46 Saved config file successfully
18:21:54 saveConfig: saving-data
18:21:54 Saving sacks file
18:21:54 Saved sacks file successfully
18:21:54 saveConfig: saving-data
18:21:54 Saving sacks file
18:21:54 Saved sacks file successfully
18:22:06 saveConfig: saving-data
18:22:06 Saving sacks file
18:22:06 Saved sacks file successfully
18:22:06 saveConfig: saving-data
18:22:06 Saving sacks file
18:22:06 Saved sacks file successfully
18:22:13 saveConfig: saving-data
18:22:13 Saving sacks file
18:22:13 Saved sacks file successfully
18:22:13 saveConfig: saving-data
18:22:13 Saving sacks file
18:22:13 Saved sacks file successfully
18:22:37 saveConfig: saving-data
18:22:37 Saving sacks file
18:22:37 Saved sacks file successfully
18:22:37 saveConfig: saving-data
18:22:37 Saving sacks file
18:22:37 Saved sacks file successfully
18:22:46 saveConfig: auto-save-60s
18:22:46 Saving config file
18:22:46 Saved config file successfully
18:22:46 saveConfig: auto-save-60s
18:22:46 Saving config file
18:22:46 Saved config file successfully
18:23:00 saveConfig: saving-data
18:23:00 Saving sacks file
18:23:00 Saved sacks file successfully
18:23:00 saveConfig: saving-data
18:23:00 Saving sacks file
18:23:00 Saved sacks file successfully
18:23:15 saveConfig: saving-data
18:23:15 Saving sacks file
18:23:15 Saved sacks file successfully
18:23:15 saveConfig: saving-data
18:23:15 Saving sacks file
18:23:15 Saved sacks file successfully
18:23:46 saveConfig: auto-save-60s
18:23:46 Saving config file
18:23:46 Saved config file successfully
18:23:46 saveConfig: auto-save-60s
18:23:46 Saving config file
18:23:46 Saved config file successfully
18:24:46 saveConfig: auto-save-60s
18:24:46 Saving config file
18:24:46 Saved config file successfully
18:24:46 saveConfig: auto-save-60s
18:24:46 Saving config file
18:24:46 Saved config file successfully
18:25:46 saveConfig: auto-save-60s
18:25:46 Saving config file
18:25:46 Saved config file successfully
18:25:46 saveConfig: auto-save-60s
18:25:46 Saving config file
18:25:46 Saved config file successfully
18:26:46 saveConfig: auto-save-60s
18:26:46 Saving config file
18:26:46 Saved config file successfully
18:26:46 saveConfig: auto-save-60s
18:26:46 Saving config file
18:26:46 Saved config file successfully
18:27:46 saveConfig: auto-save-60s
18:27:46 Saving config file
18:27:46 Saved config file successfully
18:27:46 saveConfig: auto-save-60s
18:27:46 Saving config file
18:27:46 Saved config file successfully
18:27:51 saveConfig: saving-data
18:27:51 Saving sacks file
18:27:51 Saved sacks file successfully
18:27:51 saveConfig: saving-data
18:27:51 Saving sacks file
18:27:51 Saved sacks file successfully
18:28:06 saveConfig: saving-data
18:28:06 Saving sacks file
18:28:06 Saved sacks file successfully
18:28:06 saveConfig: saving-data
18:28:06 Saving sacks file
18:28:06 Saved sacks file successfully
18:28:20 saveConfig: saving-data
18:28:20 Saving sacks file
18:28:20 Saved sacks file successfully
18:28:20 saveConfig: saving-data
18:28:20 Saving sacks file
18:28:20 Saved sacks file successfully
18:28:26 saveConfig: saving-data
18:28:26 Saving sacks file
18:28:26 Saved sacks file successfully
18:28:26 saveConfig: saving-data
18:28:26 Saving sacks file
18:28:26 Saved sacks file successfully
18:28:37 saveConfig: saving-data
18:28:37 Saving sacks file
18:28:37 Saved sacks file successfully
18:28:37 saveConfig: saving-data
18:28:37 Saving sacks file
18:28:37 Saved sacks file successfully
18:28:43 saveConfig: saving-data
18:28:43 Saving sacks file
18:28:43 Saved sacks file successfully
18:28:43 saveConfig: saving-data
18:28:43 Saving sacks file
18:28:43 Saved sacks file successfully
18:28:46 saveConfig: auto-save-60s
18:28:46 Saving config file
18:28:46 Saved config file successfully
18:28:46 saveConfig: auto-save-60s
18:28:46 Saving config file
18:28:46 Saved config file successfully
18:29:46 saveConfig: auto-save-60s
18:29:46 Saving config file
18:29:46 Saved config file successfully
18:29:46 saveConfig: auto-save-60s
18:29:46 Saving config file
18:29:46 Saved config file successfully
18:30:46 saveConfig: auto-save-60s
18:30:46 Saving config file
18:30:46 Saved config file successfully
18:30:46 saveConfig: auto-save-60s
18:30:46 Saving config file
18:30:46 Saved config file successfully
18:31:14 saveConfig: saving-data
18:31:14 Saving sacks file
18:31:14 Saved sacks file successfully
18:31:14 saveConfig: saving-data
18:31:14 Saving sacks file
18:31:14 Saved sacks file successfully
18:31:26 saveConfig: saving-data
18:31:26 Saving sacks file
18:31:26 Saved sacks file successfully
18:31:26 saveConfig: saving-data
18:31:26 Saving sacks file
18:31:26 Saved sacks file successfully
18:31:40 saveConfig: saving-data
18:31:40 Saving sacks file
18:31:40 Saved sacks file successfully
18:31:40 saveConfig: saving-data
18:31:40 Saving sacks file
18:31:40 Saved sacks file successfully
18:31:46 saveConfig: auto-save-60s
18:31:46 Saving config file
18:31:46 Saved config file successfully
18:31:46 saveConfig: auto-save-60s
18:31:46 Saving config file
18:31:46 Saved config file successfully
18:31:48 saveConfig: saving-data
18:31:48 Saving sacks file
18:31:48 Saved sacks file successfully
18:31:48 saveConfig: saving-data
18:31:48 Saving sacks file
18:31:48 Saved sacks file successfully
18:32:00 saveConfig: saving-data
18:32:00 Saving sacks file
18:32:00 Saved sacks file successfully
18:32:00 saveConfig: saving-data
18:32:00 Saving sacks file
18:32:00 Saved sacks file successfully
18:32:46 saveConfig: auto-save-60s
18:32:46 Saving config file
18:32:46 Saved config file successfully
18:32:46 saveConfig: auto-save-60s
18:32:46 Saving config file
18:32:46 Saved config file successfully
18:33:46 saveConfig: auto-save-60s
18:33:46 Saving config file
18:33:46 Saved config file successfully
18:33:46 saveConfig: auto-save-60s
18:33:46 Saving config file
18:33:46 Saved config file successfully
18:34:43 saveConfig: saving-data
18:34:43 Saving sacks file
18:34:43 Saved sacks file successfully
18:34:43 saveConfig: saving-data
18:34:43 Saving sacks file
18:34:43 Saved sacks file successfully
18:34:46 saveConfig: auto-save-60s
18:34:46 Saving config file
18:34:46 Saved config file successfully
18:34:46 saveConfig: auto-save-60s
18:34:46 Saving config file
18:34:46 Saved config file successfully
18:34:54 saveConfig: saving-data
18:34:54 Saving sacks file
18:34:54 Saved sacks file successfully
18:34:54 saveConfig: saving-data
18:34:54 Saving sacks file
18:34:54 Saved sacks file successfully
18:35:06 saveConfig: saving-data
18:35:06 Saving sacks file
18:35:06 Saved sacks file successfully
18:35:06 saveConfig: saving-data
18:35:06 Saving sacks file
18:35:06 Saved sacks file successfully
18:35:46 saveConfig: auto-save-60s
18:35:46 Saving config file
18:35:46 Saved config file successfully
18:35:46 saveConfig: auto-save-60s
18:35:46 Saving config file
18:35:46 Saved config file successfully
18:36:46 saveConfig: auto-save-60s
18:36:46 Saving config file
18:36:46 Saved config file successfully
18:36:46 saveConfig: auto-save-60s
18:36:46 Saving config file
18:36:46 Saved config file successfully
18:37:46 saveConfig: auto-save-60s
18:37:46 Saving config file
18:37:46 Saved config file successfully
18:37:46 saveConfig: auto-save-60s
18:37:46 Saving config file
18:37:46 Saved config file successfully
18:38:17 saveConfig: saving-data
18:38:17 Saving sacks file
18:38:17 Saved sacks file successfully
18:38:17 saveConfig: saving-data
18:38:17 Saving sacks file
18:38:17 Saved sacks file successfully
18:38:25 saveConfig: saving-data
18:38:25 Saving sacks file
18:38:25 Saved sacks file successfully
18:38:25 saveConfig: saving-data
18:38:25 Saving sacks file
18:38:25 Saved sacks file successfully
18:38:40 saveConfig: saving-data
18:38:40 Saving sacks file
18:38:40 Saved sacks file successfully
18:38:40 saveConfig: saving-data
18:38:40 Saving sacks file
18:38:40 Saved sacks file successfully
18:38:46 saveConfig: auto-save-60s
18:38:46 Saving config file
18:38:46 Saved config file successfully
18:38:46 saveConfig: auto-save-60s
18:38:46 Saving config file
18:38:46 Saved config file successfully
18:39:46 saveConfig: auto-save-60s
18:39:46 Saving config file
18:39:46 Saved config file successfully
18:39:46 saveConfig: auto-save-60s
18:39:46 Saving config file
18:39:46 Saved config file successfully
18:40:46 saveConfig: auto-save-60s
18:40:46 Saving config file
18:40:46 Saved config file successfully
18:40:46 saveConfig: auto-save-60s
18:40:46 Saving config file
18:40:46 Saved config file successfully
18:41:46 saveConfig: auto-save-60s
18:41:46 Saving config file
18:41:46 Saved config file successfully
18:41:46 saveConfig: auto-save-60s
18:41:46 Saving config file
18:41:46 Saved config file successfully
18:42:46 saveConfig: auto-save-60s
18:42:46 Saving config file
18:42:46 Saved config file successfully
18:42:46 saveConfig: auto-save-60s
18:42:46 Saving config file
18:42:46 Saved config file successfully
18:43:46 saveConfig: auto-save-60s
18:43:46 Saving config file
18:43:46 Saved config file successfully
18:43:46 saveConfig: auto-save-60s
18:43:46 Saving config file
18:43:46 Saved config file successfully
18:44:43 saveConfig: saving-data
18:44:43 Saving sacks file
18:44:43 Saved sacks file successfully
18:44:43 saveConfig: saving-data
18:44:43 Saving sacks file
18:44:43 Saved sacks file successfully
18:44:46 saveConfig: auto-save-60s
18:44:46 Saving config file
18:44:46 Saved config file successfully
18:44:46 saveConfig: auto-save-60s
18:44:46 Saving config file
18:44:46 Saved config file successfully
18:44:51 saveConfig: saving-data
18:44:51 Saving sacks file
18:44:51 Saved sacks file successfully
18:44:51 saveConfig: saving-data
18:44:51 Saving sacks file
18:44:51 Saved sacks file successfully
18:45:02 saveConfig: saving-data
18:45:02 Saving sacks file
18:45:02 Saved sacks file successfully
18:45:02 saveConfig: saving-data
18:45:02 Saving sacks file
18:45:02 Saved sacks file successfully
18:45:46 saveConfig: auto-save-60s
18:45:46 Saving config file
18:45:46 Saved config file successfully
18:45:46 saveConfig: auto-save-60s
18:45:46 Saving config file
18:45:46 Saved config file successfully
18:46:46 saveConfig: auto-save-60s
18:46:46 Saving config file
18:46:46 Saved config file successfully
18:46:46 saveConfig: auto-save-60s
18:46:46 Saving config file
18:46:46 Saved config file successfully
18:47:46 saveConfig: auto-save-60s
18:47:46 Saving config file
18:47:46 Saved config file successfully
18:47:46 saveConfig: auto-save-60s
18:47:46 Saving config file
18:47:46 Saved config file successfully
18:48:40 saveConfig: saving-data
18:48:40 Saving sacks file
18:48:40 Saved sacks file successfully
18:48:40 saveConfig: saving-data
18:48:40 Saving sacks file
18:48:40 Saved sacks file successfully
18:48:46 saveConfig: auto-save-60s
18:48:46 Saving config file
18:48:46 Saved config file successfully
18:48:46 saveConfig: auto-save-60s
18:48:46 Saving config file
18:48:46 Saved config file successfully
18:48:56 saveConfig: saving-data
18:48:56 Saving sacks file
18:48:56 Saved sacks file successfully
18:48:56 saveConfig: saving-data
18:48:56 Saving sacks file
18:48:56 Saved sacks file successfully
18:49:46 saveConfig: auto-save-60s
18:49:46 Saving config file
18:49:46 Saved config file successfully
18:49:46 saveConfig: auto-save-60s
18:49:46 Saving config file
18:49:46 Saved config file successfully
18:50:46 saveConfig: auto-save-60s
18:50:46 Saving config file
18:50:46 Saved config file successfully
18:50:46 saveConfig: auto-save-60s
18:50:46 Saving config file
18:50:46 Saved config file successfully
18:51:46 saveConfig: auto-save-60s
18:51:46 Saving config file
18:51:46 Saved config file successfully
18:51:46 saveConfig: auto-save-60s
18:51:46 Saving config file
18:51:46 Saved config file successfully
18:52:26 saveConfig: saving-data
18:52:26 Saving sacks file
18:52:26 Saved sacks file successfully
18:52:26 saveConfig: saving-data
18:52:26 Saving sacks file
18:52:26 Saved sacks file successfully
18:52:40 saveConfig: saving-data
18:52:40 Saving sacks file
18:52:40 Saved sacks file successfully
18:52:40 saveConfig: saving-data
18:52:40 Saving sacks file
18:52:41 Saved sacks file successfully
18:52:46 saveConfig: auto-save-60s
18:52:46 Saving config file
18:52:46 Saved config file successfully
18:52:46 saveConfig: auto-save-60s
18:52:46 Saving config file
18:52:46 Saved config file successfully
18:52:58 saveConfig: saving-data
18:52:58 Saving sacks file
18:52:58 Saved sacks file successfully
18:52:58 saveConfig: saving-data
18:52:58 Saving sacks file
18:52:58 Saved sacks file successfully
18:53:46 saveConfig: auto-save-60s
18:53:46 Saving config file
18:53:46 Saved config file successfully
18:53:46 saveConfig: auto-save-60s
18:53:46 Saving config file
18:53:46 Saved config file successfully
18:54:46 saveConfig: auto-save-60s
18:54:46 Saving config file
18:54:46 Saved config file successfully
18:54:46 saveConfig: auto-save-60s
18:54:46 Saving config file
18:54:46 Saved config file successfully
18:55:46 saveConfig: auto-save-60s
18:55:46 Saving config file
18:55:46 Saved config file successfully
18:55:46 saveConfig: auto-save-60s
18:55:46 Saving config file
18:55:46 Saved config file successfully
18:56:14 saveConfig: saving-data
18:56:14 Saving sacks file
18:56:14 Saved sacks file successfully
18:56:14 saveConfig: saving-data
18:56:14 Saving sacks file
18:56:14 Saved sacks file successfully
18:56:28 saveConfig: saving-data
18:56:28 Saving sacks file
18:56:28 Saved sacks file successfully
18:56:28 saveConfig: saving-data
18:56:28 Saving sacks file
18:56:28 Saved sacks file successfully
18:56:34 saveConfig: saving-data
18:56:34 Saving sacks file
18:56:34 Saved sacks file successfully
18:56:34 saveConfig: saving-data
18:56:34 Saving sacks file
18:56:34 Saved sacks file successfully
18:56:44 saveConfig: saving-data
18:56:44 Saving sacks file
18:56:44 Saved sacks file successfully
18:56:44 saveConfig: saving-data
18:56:44 Saving sacks file
18:56:44 Saved sacks file successfully
18:56:46 saveConfig: auto-save-60s
18:56:46 Saving config file
18:56:46 Saved config file successfully
18:56:46 saveConfig: auto-save-60s
18:56:46 Saving config file
18:56:46 Saved config file successfully
18:57:46 saveConfig: auto-save-60s
18:57:46 Saving config file
18:57:46 Saved config file successfully
18:57:46 saveConfig: auto-save-60s
18:57:46 Saving config file
18:57:46 Saved config file successfully
18:58:46 saveConfig: auto-save-60s
18:58:46 Saving config file
18:58:46 Saved config file successfully
18:58:46 saveConfig: auto-save-60s
18:58:46 Saving config file
18:58:46 Saved config file successfully
18:59:46 saveConfig: auto-save-60s
18:59:46 Saving config file
18:59:46 Saved config file successfully
18:59:46 saveConfig: auto-save-60s
18:59:46 Saving config file
18:59:46 Saved config file successfully
19:00:46 saveConfig: auto-save-60s
19:00:46 Saving config file
19:00:46 Saved config file successfully
19:00:46 saveConfig: auto-save-60s
19:00:46 Saving config file
19:00:46 Saved config file successfully
19:01:46 saveConfig: auto-save-60s
19:01:46 Saving config file
19:01:46 Saved config file successfully
19:01:46 saveConfig: auto-save-60s
19:01:46 Saving config file
19:01:46 Saved config file successfully
19:02:46 saveConfig: auto-save-60s
19:02:46 Saving config file
19:02:46 Saved config file successfully
19:02:46 saveConfig: auto-save-60s
19:02:46 Saving config file
19:02:46 Saved config file successfully
19:02:59 saveConfig: saving-data
19:02:59 Saving sacks file
19:02:59 Saved sacks file successfully
19:02:59 saveConfig: saving-data
19:02:59 Saving sacks file
19:02:59 Saved sacks file successfully
19:03:46 saveConfig: auto-save-60s
19:03:46 Saving config file
19:03:46 Saved config file successfully
19:03:46 saveConfig: auto-save-60s
19:03:46 Saving config file
19:03:46 Saved config file successfully
19:03:53 saveConfig: saving-data
19:03:53 Saving sacks file
19:03:53 Saved sacks file successfully
19:03:53 saveConfig: saving-data
19:03:53 Saving sacks file
19:03:53 Saved sacks file successfully
19:04:46 saveConfig: auto-save-60s
19:04:46 Saving config file
19:04:46 Saved config file successfully
19:04:46 saveConfig: auto-save-60s
19:04:46 Saving config file
19:04:46 Saved config file successfully
19:05:46 saveConfig: auto-save-60s
19:05:46 Saving config file
19:05:46 Saved config file successfully
19:05:46 saveConfig: auto-save-60s
19:05:46 Saving config file
19:05:46 Saved config file successfully
19:06:46 saveConfig: auto-save-60s
19:06:46 Saving config file
19:06:46 Saved config file successfully
19:06:46 saveConfig: auto-save-60s
19:06:46 Saving config file
19:06:46 Saved config file successfully
19:07:40 saveConfig: saving-data
19:07:40 Saving sacks file
19:07:40 Saved sacks file successfully
19:07:40 saveConfig: saving-data
19:07:40 Saving sacks file
19:07:40 Saved sacks file successfully
19:07:46 saveConfig: auto-save-60s
19:07:46 Saving config file
19:07:46 Saved config file successfully
19:07:46 saveConfig: auto-save-60s
19:07:46 Saving config file
19:07:46 Saved config file successfully
19:07:47 saveConfig: saving-data
19:07:47 Saving sacks file
19:07:47 Saved sacks file successfully
19:07:47 saveConfig: saving-data
19:07:47 Saving sacks file
19:07:47 Saved sacks file successfully
19:07:55 saveConfig: saving-data
19:07:55 Saving sacks file
19:07:56 Saved sacks file successfully
19:07:56 saveConfig: saving-data
19:07:56 Saving sacks file
19:07:56 Saved sacks file successfully
19:08:33 saveConfig: saving-data
19:08:33 Saving sacks file
19:08:33 Saved sacks file successfully
19:08:33 saveConfig: saving-data
19:08:33 Saving sacks file
19:08:33 Saved sacks file successfully
19:08:46 saveConfig: auto-save-60s
19:08:46 Saving config file
19:08:46 Saved config file successfully
19:08:46 saveConfig: auto-save-60s
19:08:46 Saving config file
19:08:46 Saved config file successfully
19:09:14 saveConfig: saving-data
19:09:14 Saving sacks file
19:09:14 Saved sacks file successfully
19:09:14 saveConfig: saving-data
19:09:14 Saving sacks file
19:09:14 Saved sacks file successfully
19:09:46 saveConfig: auto-save-60s
19:09:46 Saving config file
19:09:46 Saved config file successfully
19:09:46 saveConfig: auto-save-60s
19:09:46 Saving config file
19:09:46 Saved config file successfully
19:10:46 saveConfig: auto-save-60s
19:10:46 Saving config file
19:10:46 Saved config file successfully
19:10:46 saveConfig: auto-save-60s
19:10:46 Saving config file
19:10:46 Saved config file successfully
19:11:46 saveConfig: auto-save-60s
19:11:46 Saving config file
19:11:46 Saved config file successfully
19:11:46 saveConfig: auto-save-60s
19:11:46 Saving config file
19:11:46 Saved config file successfully
19:12:46 saveConfig: auto-save-60s
19:12:46 Saving config file
19:12:46 Saved config file successfully
19:12:46 saveConfig: auto-save-60s
19:12:46 Saving config file
19:12:46 Saved config file successfully
19:13:46 saveConfig: auto-save-60s
19:13:46 Saving config file
19:13:46 Saved config file successfully
19:13:46 saveConfig: auto-save-60s
19:13:46 Saving config file
19:13:46 Saved config file successfully
19:14:46 saveConfig: auto-save-60s
19:14:46 Saving config file
19:14:46 Saved config file successfully
19:14:46 saveConfig: auto-save-60s
19:14:46 Saving config file
19:14:46 Saved config file successfully
19:15:46 saveConfig: auto-save-60s
19:15:46 Saving config file
19:15:46 Saved config file successfully
19:15:46 saveConfig: auto-save-60s
19:15:46 Saving config file
19:15:46 Saved config file successfully
19:16:46 saveConfig: auto-save-60s
19:16:46 Saving config file
19:16:46 Saved config file successfully
19:16:46 saveConfig: auto-save-60s
19:16:46 Saving config file
19:16:46 Saved config file successfully
19:17:46 saveConfig: auto-save-60s
19:17:46 Saving config file
19:17:46 Saved config file successfully
19:17:46 saveConfig: auto-save-60s
19:17:46 Saving config file
19:17:46 Saved config file successfully
19:18:46 saveConfig: auto-save-60s
19:18:46 Saving config file
19:18:46 Saved config file successfully
19:18:46 saveConfig: auto-save-60s
19:18:46 Saving config file
19:18:46 Saved config file successfully
19:19:46 saveConfig: auto-save-60s
19:19:46 Saving config file
19:19:46 Saved config file successfully
19:19:46 saveConfig: auto-save-60s
19:19:46 Saving config file
19:19:46 Saved config file successfully
19:20:46 saveConfig: auto-save-60s
19:20:46 Saving config file
19:20:46 Saved config file successfully
19:20:46 saveConfig: auto-save-60s
19:20:46 Saving config file
19:20:46 Saved config file successfully
19:21:46 saveConfig: auto-save-60s
19:21:46 Saving config file
19:21:46 Saved config file successfully
19:21:46 saveConfig: auto-save-60s
19:21:46 Saving config file
19:21:46 Saved config file successfully
19:22:46 saveConfig: auto-save-60s
19:22:46 Saving config file
19:22:46 Saved config file successfully
19:22:46 saveConfig: auto-save-60s
19:22:46 Saving config file
19:22:46 Saved config file successfully
19:23:46 saveConfig: auto-save-60s
19:23:46 Saving config file
19:23:46 Saved config file successfully
19:23:46 saveConfig: auto-save-60s
19:23:46 Saving config file
19:23:46 Saved config file successfully
19:24:46 saveConfig: auto-save-60s
19:24:46 Saving config file
19:24:46 Saved config file successfully
19:24:46 saveConfig: auto-save-60s
19:24:46 Saving config file
19:24:46 Saved config file successfully
19:25:46 saveConfig: auto-save-60s
19:25:46 Saving config file
19:25:46 Saved config file successfully
19:25:46 saveConfig: auto-save-60s
19:25:46 Saving config file
19:25:46 Saved config file successfully
19:26:46 saveConfig: auto-save-60s
19:26:46 Saving config file
19:26:46 Saved config file successfully
19:26:46 saveConfig: auto-save-60s
19:26:46 Saving config file
19:26:46 Saved config file successfully
19:27:46 saveConfig: auto-save-60s
19:27:46 Saving config file
19:27:46 Saved config file successfully
19:27:46 saveConfig: auto-save-60s
19:27:46 Saving config file
19:27:46 Saved config file successfully
19:28:46 saveConfig: auto-save-60s
19:28:46 Saving config file
19:28:46 Saved config file successfully
19:28:46 saveConfig: auto-save-60s
19:28:46 Saving config file
19:28:46 Saved config file successfully
19:29:46 saveConfig: auto-save-60s
19:29:46 Saving config file
19:29:46 Saved config file successfully
19:29:46 saveConfig: auto-save-60s
19:29:46 Saving config file
19:29:46 Saved config file successfully
19:30:46 saveConfig: auto-save-60s
19:30:46 Saving config file
19:30:46 Saved config file successfully
19:30:46 saveConfig: auto-save-60s
19:30:46 Saving config file
19:30:46 Saved config file successfully
19:31:46 saveConfig: auto-save-60s
19:31:46 Saving config file
19:31:46 Saved config file successfully
19:31:46 saveConfig: auto-save-60s
19:31:46 Saving config file
19:31:46 Saved config file successfully
19:32:46 saveConfig: auto-save-60s
19:32:46 Saving config file
19:32:46 Saved config file successfully
19:32:46 saveConfig: auto-save-60s
19:32:46 Saving config file
19:32:46 Saved config file successfully
19:33:46 saveConfig: auto-save-60s
19:33:46 Saving config file
19:33:46 Saved config file successfully
19:33:46 saveConfig: auto-save-60s
19:33:46 Saving config file
19:33:46 Saved config file successfully
19:34:46 saveConfig: auto-save-60s
19:34:46 Saving config file
19:34:46 Saved config file successfully
19:34:46 saveConfig: auto-save-60s
19:34:46 Saving config file
19:34:46 Saved config file successfully
19:35:46 saveConfig: auto-save-60s
19:35:46 Saving config file
19:35:46 Saved config file successfully
19:35:46 saveConfig: auto-save-60s
19:35:46 Saving config file
19:35:46 Saved config file successfully
19:36:46 saveConfig: auto-save-60s
19:36:46 Saving config file
19:36:46 Saved config file successfully
19:36:46 saveConfig: auto-save-60s
19:36:46 Saving config file
19:36:46 Saved config file successfully
19:37:46 saveConfig: auto-save-60s
19:37:46 Saving config file
19:37:46 Saved config file successfully
19:37:46 saveConfig: auto-save-60s
19:37:46 Saving config file
19:37:46 Saved config file successfully
19:38:46 saveConfig: auto-save-60s
19:38:46 Saving config file
19:38:46 Saved config file successfully
19:38:46 saveConfig: auto-save-60s
19:38:46 Saving config file
19:38:46 Saved config file successfully
19:39:46 saveConfig: auto-save-60s
19:39:46 Saving config file
19:39:46 Saved config file successfully
19:39:46 saveConfig: auto-save-60s
19:39:46 Saving config file
19:39:46 Saved config file successfully
19:40:46 saveConfig: auto-save-60s
19:40:46 Saving config file
19:40:46 Saved config file successfully
19:40:46 saveConfig: auto-save-60s
19:40:46 Saving config file
19:40:46 Saved config file successfully
19:41:46 saveConfig: auto-save-60s
19:41:46 Saving config file
19:41:46 Saved config file successfully
19:41:46 saveConfig: auto-save-60s
19:41:46 Saving config file
19:41:46 Saved config file successfully
19:42:46 saveConfig: auto-save-60s
19:42:46 Saving config file
19:42:46 Saved config file successfully
19:42:46 saveConfig: auto-save-60s
19:42:46 Saving config file
19:42:46 Saved config file successfully
19:43:46 saveConfig: auto-save-60s
19:43:46 Saving config file
19:43:46 Saved config file successfully
19:43:46 saveConfig: auto-save-60s
19:43:46 Saving config file
19:43:46 Saved config file successfully
19:44:46 saveConfig: auto-save-60s
19:44:46 Saving config file
19:44:46 Saved config file successfully
19:44:46 saveConfig: auto-save-60s
19:44:46 Saving config file
19:44:46 Saved config file successfully
19:45:46 saveConfig: auto-save-60s
19:45:46 Saving config file
19:45:46 Saved config file successfully
19:45:46 saveConfig: auto-save-60s
19:45:46 Saving config file
19:45:46 Saved config file successfully
19:46:46 saveConfig: auto-save-60s
19:46:46 Saving config file
19:46:46 Saved config file successfully
19:46:46 saveConfig: auto-save-60s
19:46:46 Saving config file
19:46:46 Saved config file successfully
19:47:46 saveConfig: auto-save-60s
19:47:46 Saving config file
19:47:46 Saved config file successfully
19:47:46 saveConfig: auto-save-60s
19:47:46 Saving config file
19:47:46 Saved config file successfully
19:48:46 saveConfig: auto-save-60s
19:48:46 Saving config file
19:48:46 Saved config file successfully
19:48:46 saveConfig: auto-save-60s
19:48:46 Saving config file
19:48:46 Saved config file successfully
19:49:46 saveConfig: auto-save-60s
19:49:46 Saving config file
19:49:46 Saved config file successfully
19:49:46 saveConfig: auto-save-60s
19:49:46 Saving config file
19:49:46 Saved config file successfully
19:50:46 saveConfig: auto-save-60s
19:50:46 Saving config file
19:50:46 Saved config file successfully
19:50:46 saveConfig: auto-save-60s
19:50:46 Saving config file
19:50:46 Saved config file successfully
19:51:46 saveConfig: auto-save-60s
19:51:46 Saving config file
19:51:46 Saved config file successfully
19:51:46 saveConfig: auto-save-60s
19:51:46 Saving config file
19:51:46 Saved config file successfully
19:52:46 saveConfig: auto-save-60s
19:52:46 Saving config file
19:52:46 Saved config file successfully
19:52:46 saveConfig: auto-save-60s
19:52:46 Saving config file
19:52:46 Saved config file successfully
19:53:46 saveConfig: auto-save-60s
19:53:46 Saving config file
19:53:46 Saved config file successfully
19:53:46 saveConfig: auto-save-60s
19:53:46 Saving config file
19:53:46 Saved config file successfully
19:54:46 saveConfig: auto-save-60s
19:54:46 Saving config file
19:54:46 Saved config file successfully
19:54:46 saveConfig: auto-save-60s
19:54:46 Saving config file
19:54:46 Saved config file successfully
19:55:46 saveConfig: auto-save-60s
19:55:46 Saving config file
19:55:46 Saved config file successfully
19:55:46 saveConfig: auto-save-60s
19:55:46 Saving config file
19:55:46 Saved config file successfully
19:56:46 saveConfig: auto-save-60s
19:56:46 Saving config file
19:56:46 Saved config file successfully
19:56:46 saveConfig: auto-save-60s
19:56:46 Saving config file
19:56:46 Saved config file successfully
19:57:46 saveConfig: auto-save-60s
19:57:46 Saving config file
19:57:46 Saved config file successfully
19:57:46 saveConfig: auto-save-60s
19:57:46 Saving config file
19:57:46 Saved config file successfully
19:58:46 saveConfig: auto-save-60s
19:58:46 Saving config file
19:58:46 Saved config file successfully
19:58:46 saveConfig: auto-save-60s
19:58:46 Saving config file
19:58:46 Saved config file successfully
19:59:46 saveConfig: auto-save-60s
19:59:46 Saving config file
19:59:46 Saved config file successfully
19:59:46 saveConfig: auto-save-60s
19:59:46 Saving config file
19:59:46 Saved config file successfully
20:00:46 saveConfig: auto-save-60s
20:00:46 Saving config file
20:00:46 Saved config file successfully
20:00:46 saveConfig: auto-save-60s
20:00:46 Saving config file
20:00:46 Saved config file successfully
20:01:46 saveConfig: auto-save-60s
20:01:46 Saving config file
20:01:46 Saved config file successfully
20:01:46 saveConfig: auto-save-60s
20:01:46 Saving config file
20:01:46 Saved config file successfully
20:02:46 saveConfig: auto-save-60s
20:02:46 Saving config file
20:02:46 Saved config file successfully
20:02:46 saveConfig: auto-save-60s
20:02:46 Saving config file
20:02:46 Saved config file successfully
20:03:46 saveConfig: auto-save-60s
20:03:46 Saving config file
20:03:46 Saved config file successfully
20:03:46 saveConfig: auto-save-60s
20:03:46 Saving config file
20:03:46 Saved config file successfully
20:04:46 saveConfig: auto-save-60s
20:04:46 Saving config file
20:04:46 Saved config file successfully
20:04:46 saveConfig: auto-save-60s
20:04:46 Saving config file
20:04:46 Saved config file successfully
20:05:46 saveConfig: auto-save-60s
20:05:46 Saving config file
20:05:46 Saved config file successfully
20:05:46 saveConfig: auto-save-60s
20:05:46 Saving config file
20:05:46 Saved config file successfully
20:06:46 saveConfig: auto-save-60s
20:06:46 Saving config file
20:06:46 Saved config file successfully
20:06:46 saveConfig: auto-save-60s
20:06:46 Saving config file
20:06:46 Saved config file successfully
20:07:46 saveConfig: auto-save-60s
20:07:46 Saving config file
20:07:46 Saved config file successfully
20:07:46 saveConfig: auto-save-60s
20:07:46 Saving config file
20:07:46 Saved config file successfully
20:08:46 saveConfig: auto-save-60s
20:08:46 Saving config file
20:08:46 Saved config file successfully
20:08:46 saveConfig: auto-save-60s
20:08:46 Saving config file
20:08:46 Saved config file successfully
20:09:46 saveConfig: auto-save-60s
20:09:46 Saving config file
20:09:46 Saved config file successfully
20:09:46 saveConfig: auto-save-60s
20:09:46 Saving config file
20:09:46 Saved config file successfully
20:10:46 saveConfig: auto-save-60s
20:10:46 Saving config file
20:10:46 Saved config file successfully
20:10:46 saveConfig: auto-save-60s
20:10:46 Saving config file
20:10:46 Saved config file successfully
20:11:46 saveConfig: auto-save-60s
20:11:46 Saving config file
20:11:46 Saved config file successfully
20:11:46 saveConfig: auto-save-60s
20:11:46 Saving config file
20:11:46 Saved config file successfully
20:12:46 saveConfig: auto-save-60s
20:12:46 Saving config file
20:12:46 Saved config file successfully
20:12:46 saveConfig: auto-save-60s
20:12:46 Saving config file
20:12:46 Saved config file successfully
20:13:46 saveConfig: auto-save-60s
20:13:46 Saving config file
20:13:46 Saved config file successfully
20:13:46 saveConfig: auto-save-60s
20:13:46 Saving config file
20:13:46 Saved config file successfully
20:14:46 saveConfig: auto-save-60s
20:14:46 Saving config file
20:14:46 Saved config file successfully
20:14:46 saveConfig: auto-save-60s
20:14:46 Saving config file
20:14:46 Saved config file successfully
20:15:46 saveConfig: auto-save-60s
20:15:46 Saving config file
20:15:46 Saved config file successfully
20:15:46 saveConfig: auto-save-60s
20:15:46 Saving config file
20:15:46 Saved config file successfully
20:16:46 saveConfig: auto-save-60s
20:16:46 Saving config file
20:16:46 Saved config file successfully
20:16:46 saveConfig: auto-save-60s
20:16:46 Saving config file
20:16:46 Saved config file successfully
20:16:49 saveConfig: saving-data
20:16:49 Saving sacks file
20:16:49 Saved sacks file successfully
20:16:49 saveConfig: saving-data
20:16:49 Saving sacks file
20:16:49 Saved sacks file successfully
20:16:58 saveConfig: saving-data
20:16:58 Saving sacks file
20:16:58 Saved sacks file successfully
20:16:58 saveConfig: saving-data
20:16:58 Saving sacks file
20:16:58 Saved sacks file successfully
20:16:59 saveConfig: saving-data
20:16:59 Saving sacks file
20:16:59 Saved sacks file successfully
20:16:59 saveConfig: saving-data
20:16:59 Saving sacks file
20:16:59 Saved sacks file successfully
20:17:08 saveConfig: saving-data
20:17:08 Saving sacks file
20:17:08 Saved sacks file successfully
20:17:08 saveConfig: saving-data
20:17:08 Saving sacks file
20:17:08 Saved sacks file successfully
20:17:09 saveConfig: saving-data
20:17:09 Saving sacks file
20:17:09 Saved sacks file successfully
20:17:09 saveConfig: saving-data
20:17:09 Saving sacks file
20:17:09 Saved sacks file successfully
20:17:21 saveConfig: saving-data
20:17:21 Saving sacks file
20:17:21 Saved sacks file successfully
20:17:21 saveConfig: saving-data
20:17:21 Saving sacks file
20:17:21 Saved sacks file successfully
20:17:46 saveConfig: auto-save-60s
20:17:46 Saving config file
20:17:46 Saved config file successfully
20:17:46 saveConfig: auto-save-60s
20:17:46 Saving config file
20:17:46 Saved config file successfully
20:18:46 saveConfig: auto-save-60s
20:18:46 Saving config file
20:18:46 Saved config file successfully
20:18:46 saveConfig: auto-save-60s
20:18:46 Saving config file
20:18:46 Saved config file successfully
20:19:46 saveConfig: auto-save-60s
20:19:46 Saving config file
20:19:46 Saved config file successfully
20:19:46 saveConfig: auto-save-60s
20:19:46 Saving config file
20:19:46 Saved config file successfully
20:20:46 saveConfig: auto-save-60s
20:20:46 Saving config file
20:20:46 Saved config file successfully
20:20:46 saveConfig: auto-save-60s
20:20:46 Saving config file
20:20:46 Saved config file successfully
20:21:46 saveConfig: auto-save-60s
20:21:46 Saving config file
20:21:46 Saved config file successfully
20:21:46 saveConfig: auto-save-60s
20:21:46 Saving config file
20:21:46 Saved config file successfully
20:22:46 saveConfig: auto-save-60s
20:22:46 Saving config file
20:22:46 Saved config file successfully
20:22:46 saveConfig: auto-save-60s
20:22:46 Saving config file
20:22:46 Saved config file successfully
20:23:46 saveConfig: auto-save-60s
20:23:46 Saving config file
20:23:46 Saved config file successfully
20:23:46 saveConfig: auto-save-60s
20:23:46 Saving config file
20:23:46 Saved config file successfully
20:24:46 saveConfig: auto-save-60s
20:24:46 Saving config file
20:24:46 Saved config file successfully
20:24:46 saveConfig: auto-save-60s
20:24:46 Saving config file
20:24:46 Saved config file successfully
20:25:46 saveConfig: auto-save-60s
20:25:46 Saving config file
20:25:46 Saved config file successfully
20:25:46 saveConfig: auto-save-60s
20:25:46 Saving config file
20:25:46 Saved config file successfully
20:26:46 saveConfig: auto-save-60s
20:26:46 Saving config file
20:26:46 Saved config file successfully
20:26:46 saveConfig: auto-save-60s
20:26:46 Saving config file
20:26:46 Saved config file successfully
20:27:46 saveConfig: auto-save-60s
20:27:46 Saving config file
20:27:46 Saved config file successfully
20:27:46 saveConfig: auto-save-60s
20:27:46 Saving config file
20:27:46 Saved config file successfully
20:28:46 saveConfig: auto-save-60s
20:28:46 Saving config file
20:28:46 Saved config file successfully
20:28:46 saveConfig: auto-save-60s
20:28:46 Saving config file
20:28:46 Saved config file successfully
20:29:23 saveConfig: shutdown-hook
20:29:23 Saving config file
20:29:23 Saved config file successfully
20:29:23 saveConfig: shutdown-hook
20:29:23 Saving config file
