22:46:21 §eYou received §a20x Enchanted Pumpkin §efor killing a §2Rat§e!
22:46:21 §eYou received §a26x Enchanted Brown Mushroom §efor killing a §2Slug§e!
22:46:21 §eYou received §a103x Enchanted Potato §efor killing a §2Locust§e!
22:46:24 §eYou received §a41x Enchanted Cactus Green §efor killing a §2Mite§e!
22:46:24 §eYou received §a51x Enchanted Cactus Green §efor killing a §2Mite§e!
22:46:24 §eYou received §a59x Enchanted Cactus Green §efor killing a §2Mite§e!
22:46:26 §eYou received §a69x Enchanted Potato §efor killing a §2Locust§e!
22:46:26 §eYou received §a25x Enchanted Pumpkin §efor killing a §2Rat§e!
22:46:26 §eYou received §a101x Enchanted Carrot §efor killing a §2Cricket§e!
22:46:33 §eYou received §a112x Enchanted Potato §efor killing a §2Locust§e!
22:46:36 §eYou received §a67x Enchanted Cactus Green §efor killing a §2Mite§e!
22:46:44 §eYou received §a117x Enchanted Potato §efor killing a §2Locust§e!
22:46:47 §eYou received §a33x Enchanted Pumpkin §efor killing a §2Rat§e!
22:46:57 §eYou received §a116x Enchanted Potato §efor killing a §2Locust§e!
03:04:35 §eYou received §a29x Enchanted Pumpkin §efor killing a §2Rat§e!
03:04:35 §eYou received §a32x Enchanted Pumpkin §efor killing a §2Rat§e!
03:04:35 §eYou received §a33x Enchanted Brown Mushroom §efor killing a §2Slug§e!
03:04:36 §eYou received §a59x Enchanted Cactus Green §efor killing a §2Mite§e!
03:04:36 §eYou received §a64x Enchanted Cactus Green §efor killing a §2Mite§e!
03:04:36 §eYou received §a33x Enchanted Pumpkin §efor killing a §2Rat§e!
03:04:37 §eYou received §a59x Enchanted Cactus Green §efor killing a §2Mite§e!
03:04:37 §eYou received §a64x Enchanted Cactus Green §efor killing a §2Mite§e!
03:04:37 §eYou received §a168x Enchanted Melon §efor killing an §2Earthworm§e!
03:04:47 §eYou received §a116x Enchanted Potato §efor killing a §2Locust§e!
03:04:53 §eYou received §a33x Enchanted Pumpkin §efor killing a §2Rat§e!
03:04:56 §eYou received §a117x Enchanted Potato §efor killing a §2Locust§e!
