14:32:26 [allowed] §aYou are still radiating with §bGenerosity§r§a!
14:32:26 [allowed] §f §r§r§r§f §r§r§r§1 §r§r§r§0 §r§r§r§2 §r§r§r§f §r§r§r§f §r§r§r§2 §r§r§r§0 §r§r§r§4 §r§r§r§3 §r§r§r§9 §r§r§r§2 §r§r§r§0 §r§r§r§0 §r§r§r§3 §r§r§r§9 §r§r§r§2 §r§r§r§0 §r§r§r§0 §r§r§r§3 §r§r§r§9 §r§r§r§2 §r§r§r§0 §r§r§r§0 
14:32:26 [allowed] §b[MVP§0+§b] KobeAim§f §6joined the lobby!
14:32:28 [allowed] §b[MVP§d+§b] 1voc§f §6joined the lobby!
14:32:30 [allowed] §b[MVP§d+§b] MisonoMika§f §6joined the lobby!
14:32:34 [allowed] §7Sending to server mini183CC...
14:32:34 [allowed] §b[MVP§f+§b] Pedrinpjl§f §6joined the lobby!
14:32:36 [allowed] §8 §r§8 §r§1 §r§3 §r§3 §r§7 §r§8 
14:32:37 [allowed]  
14:32:37 [allowed] §f       §7You have §38 §7pending §3Bestiary Milestones §7to be claimed!
14:32:37 [allowed] §f                  §6§l>>> §6§lCLICK HERE§e to claim them! §6§l<<<
14:32:37 [allowed]   
14:32:37 [allowed] 
14:32:37 [allowed] §eWelcome to §r§aHypixel SkyBlock§r§e! §r§d§l6TH ANNIVERSARY!
14:32:37 [allowed] §eEarn §r§a+20% §r§eDungeons and Skill EXP and §r§b+10✯ Magic Find§r§e!
14:32:37 [allowed] 
14:32:37 [allowed] §6§lMAINTENANCE!
14:32:37 [allowed] §7 SkyBlock will be temporarily unavailable on §r§eJune 23rd @ 6am EDT §r§7for maintenance.
14:32:37 [allowed] §7 Check the status page for more info: §r§b§nhttps://status.hypixel.net
14:32:37 [allowed] 
14:32:37 [allowed] §eLatest update: §bSkyBlock v0.22.1 §e§lCLICK
14:32:38 [allowed] §aYou are playing on profile: §eCoconut§b (Co-op)
14:32:38 [allowed] §8Profile ID: 4ef1bd42-ec32-42d4-afba-b766eacde1e7
14:32:46 [allowed] §cThere are blocks in the way!
14:32:48 [allowed] §cThere are blocks in the way!
14:32:48 [allowed] §cThere are blocks in the way!
14:32:49 [allowed] §cThere are blocks in the way!
14:32:49 [allowed] §cThere are blocks in the way!
14:32:50 [allowed] §7Warping...
14:32:51 [allowed] §7Sending to server mini78CU...
14:32:52 [allowed] §8 §r§8 §r§1 §r§3 §r§3 §r§7 §r§8 
14:32:52 [allowed]  
14:32:52 [allowed] §f       §7You have §38 §7pending §3Bestiary Milestones §7to be claimed!
14:32:52 [allowed] §f                  §6§l>>> §6§lCLICK HERE§e to claim them! §6§l<<<
14:32:52 [allowed]   
14:32:54 [allowed] §aYou are playing on profile: §eCoconut§b (Co-op)
14:32:55 [allowed] §8Profile ID: 4ef1bd42-ec32-42d4-afba-b766eacde1e7
14:33:03 [allowed] §9§m-----------------------------
§r§b[MVP§r§0+§r§b] KobeAim§r§f §r§eentered §r§c§lMM§r§c The Catacombs§r§e, §r§eFloor III§r§e!
§r§9§m-----------------------------
14:33:03 [allowed] §8Queuing... (Attempt 1/3)
14:33:05 [allowed] §7Sending to server mini150DM...
14:33:07 [allowed] §8 §r§8 §r§1 §r§3 §r§3 §r§7 §r§8 
14:33:07 [allowed]  
14:33:07 [allowed] §f       §7You have §38 §7pending §3Bestiary Milestones §7to be claimed!
14:33:07 [allowed] §f                  §6§l>>> §6§lCLICK HERE§e to claim them! §6§l<<<
14:33:07 [allowed]   
14:33:08 [allowed] §bKobeAim§r§a is now ready!
14:33:08 [allowed] §aYou are playing on profile: §eCoconut§b (Co-op)
14:33:08 [allowed] §8Profile ID: 4ef1bd42-ec32-42d4-afba-b766eacde1e7
14:33:09 [allowed] §aStarting in 4 seconds.
14:33:10 [allowed] §aStarting in 3 seconds.
14:33:11 [allowed] §aStarting in 2 seconds.
14:33:12 [allowed] §aStarting in 1 second.
14:33:13 [allowed] §6Your §r§aBerserk §r§6stats are doubled because you are the only player using this class!
14:33:13 [allowed] §a[Berserk] §r§fMelee Damage §r§c52.4%§r§f -> §r§a92.4%
14:33:13 [allowed] §a[Berserk] §r§fWalk Speed §r§c42.4§r§f -> §r§a72.4
14:33:13 [allowed] §a[Berserk] §r§fBloodlust Damage §r§c32.4%§r§f -> §r§a52.4%
14:33:13 [allowed] §a[Berserk] §r§fLust For Blood Damage Increase Cap §r§c670%§r§f -> §r§a920%
14:33:13 [allowed] §a[Berserk] §r§fLust For Blood Damage Increase Per Hit §r§c33.6%§r§f -> §r§a48.6%
14:33:13 [allowed] §a[Berserk] §r§fIndomitable Strength to Defense §r§c8.1%§r§f -> §r§a13.1%
14:33:13 [allowed] §a[Berserk] §r§fWeapon Master Swing Range Increase §r§c3.9§r§f -> §r§a4.4
14:33:13 [allowed] §a[Berserk] §r§fBloodlust Heal Percent §r§c3%§r§f -> §r§a6%
14:33:13 [allowed] §a[Berserk] §r§fBloodlust Duration §r§c5§r§f -> §r§a10
14:33:13 [allowed] §e[NPC] §bMort§f: §rHere, I found this map when I first entered the dungeon.
14:33:14 [allowed] §e§lBerserk Milestone §r§e❶§r§7: You have dealt §r§c1,050,000§r§7 Total Damage so far! §r§a01s
14:33:15 [allowed] §e[NPC] §bMort§f: §rYou should find it useful if you get lost.
14:33:15 [allowed] §e§lBerserk Milestone §r§e❷§r§7: You have dealt §r§c5,250,000§r§7 Total Damage so far! §r§a02s
14:33:16 [allowed] §e[NPC] §bMort§f: §rGood luck.
14:33:16 [allowed] §e§lBerserk Milestone §r§e❸§r§7: You have dealt §r§c21,000,000§r§7 Total Damage so far! §r§a03s
14:33:17 [allowed] §a§l+5 Kill Combo §r§b+3% §r§b✯ Magic Find
14:33:18 [allowed] §e§lBerserk Milestone §r§e❹§r§7: You have dealt §r§c52,500,000§r§7 Total Damage so far! §r§a05s
14:33:18 [allowed] §a§l+10 Kill Combo §r§8+§r§610 §r§7coins per kill
14:33:22 [allowed] §b[MVP§r§0+§r§b] KobeAim§r§f §r§ehas obtained §r§a§r§dBlessing of Wisdom§r§e!
14:33:22 [allowed] §6§lDUNGEON BUFF! §r§fYou found a §r§dBlessing of Wisdom V§r§f! (§r§a09s§r§f)
14:33:22 [allowed]      §r§7Granted you §r§a§r§a+31.2§r§7 & §r§a+1.16x §r§b✎ Intelligence §r§7and §r§a+24 §r§f✦ Speed§r§7.
14:33:22 [allowed] §b[MVP§r§0+§r§b] KobeAim§r§f §r§ehas obtained §r§a§r§6§r§8Wither Key§r§e!
14:33:22 [allowed] §e§lRIGHT CLICK §r§7on §r§7a §r§8WITHER §r§7door§r§7 to open it. This key can only be used to open §r§a1§r§7 door!
14:33:22 [allowed] §b[MVP§r§0+§r§b] KobeAim§r§f §r§ehas obtained §r§a§r§6Revive Stone§r§e!
14:33:23 [allowed] §6[Sacks] §r§a+1§r§e item§r§e.§r§8 (Last 5s.)
14:33:24 [allowed] §a§r§bKobeAim§r§a opened a §r§8§lWITHER §r§adoor!
14:33:26 [allowed] §cYour Kill Combo has expired! You reached a 13 Kill Combo!
14:33:29 [allowed] §e§lBerserk Milestone §r§e❺§r§7: You have dealt §r§c105,000,000§r§7 Total Damage so far! §r§a16s
14:33:30 [allowed] §b[MVP§r§0+§r§b] KobeAim§r§f §r§ehas obtained §r§a§r§dBlessing of Power§r§e!
14:33:30 [allowed] §6§lDUNGEON BUFF! §r§fYou found a §r§dBlessing of Power V§r§f! (§r§a17s§r§f)
14:33:30 [allowed]      §r§7Granted you §r§a§r§a+31.2§r§7 & §r§a+1.16x §r§c❁ Strength§r§7.
14:33:30 [allowed]      §r§7Also granted you §r§a§r§a+31.2§r§7 & §r§a+1.16x §r§9☠ Crit Damage§r§7.
14:33:30 [allowed] §b[MVP§r§0+§r§b] KobeAim§r§f §r§ehas obtained §r§a§r§6§r§8Wither Key§r§e!
14:33:30 [allowed] §e§lRIGHT CLICK §r§7on §r§7a §r§8WITHER §r§7door§r§7 to open it. This key can only be used to open §r§a1§r§7 door!
14:33:30 [allowed] §b[MVP§r§0+§r§b] KobeAim§r§f §r§ehas obtained §r§a§r§9Superboom TNT§r§e!
14:33:33 [allowed] §a§r§bKobeAim§r§a opened a §r§8§lWITHER §r§adoor!
14:33:34 [allowed] §aFriend > §r§bAmitIsBored §r§ejoined.
14:33:34 [allowed] §6Ragnarok§r§a is ready to use! Press §r§6§lDROP§r§a to activate it!
14:33:35 [allowed] §6[Sacks] §r§a+7§r§e items§r§e.§r§8 (Last 5s.)
14:33:35 [allowed] §a§l+5 Kill Combo §r§b+3% §r§b✯ Magic Find
14:33:37 [allowed] §e§lBerserk Milestone §r§e❻§r§7: You have dealt §r§c157,500,000§r§7 Total Damage so far! §r§a24s
14:33:37 [allowed] §a§l+10 Kill Combo §r§8+§r§610 §r§7coins per kill
14:33:40 [allowed] §9§l+15 Kill Combo §r§b+3% §r§b✯ Magic Find
14:33:41 [allowed] §e§lBerserk Milestone §r§e❼§r§7: You have dealt §r§c210,000,000§r§7 Total Damage so far! §r§a28s
14:33:41 [allowed] §5§l+20 Kill Combo §r§8§r§3+15☯ Combat Wisdom
14:33:43 [allowed] §5§l+25 Kill Combo §r§b+3% §r§b✯ Magic Find
14:33:43 [allowed] §b[MVP§r§0+§r§b] KobeAim§r§f §r§ehas obtained §r§a§r§9Superboom TNT§r§e!
14:33:43 [allowed] §b[MVP§r§0+§r§b] KobeAim§r§f §r§ehas obtained §r§a§r§c§r§cBlood Key§r§e!
14:33:43 [allowed] §e§lRIGHT CLICK §r§7on §r§7the §r§cBLOOD DOOR§r§7 to open it. This key can only be used to open §r§a1§r§7 door!
14:33:45 [allowed] §cYour Kill Combo has expired! You reached a 25 Kill Combo!
14:33:46 [allowed] §cThe §r§c§lBLOOD DOOR§r§c has been opened!
14:33:46 [allowed] §5A shiver runs down your spine...
14:33:46 [allowed] §c[BOSS] The Watcher§r§f: So you made it this far... interesting.
14:33:48 [allowed] §e§lBerserk Milestone §r§e❽§r§7: You have dealt §r§c262,500,000§r§7 Total Damage so far! §r§a35s
14:33:49 [allowed] §6[Sacks] §r§a+1§r§e item§r§e.§r§8 (Last 5s.)
14:33:50 [allowed] §c[BOSS] The Watcher§r§f: You are much stronger than I was expecting.
14:33:50 [allowed] §a§l+5 Kill Combo §r§b+3% §r§b✯ Magic Find
14:33:54 [allowed] §c[BOSS] The Watcher§r§f: Not to worry, I recently added a very fine piece to my collection!
14:33:54 [allowed] §b[MVP§r§0+§r§b] KobeAim§r§f §r§ehas obtained §r§a§r§6Revive Stone§r§e!
14:33:54 [allowed] §b-----------------------------------------------------
14:33:54 [allowed] §b[MVP§r§c+§r§b] BlazeKickers§r§f §r§ecreated a BIN auction for §r§6Precise Spirit Shortbow §r§eat §r§64,799,999 coins!
14:33:54 [allowed] §b-----------------------------------------------------
14:33:59 [allowed] §cYour Kill Combo has expired! You reached a 8 Kill Combo!
14:33:59 [allowed] §c[BOSS] The Watcher§r§f: Go, fight!
14:34:04 [allowed] §6Ragnarok§r§a is ready to use! Press §r§6§lDROP§r§a to activate it!
14:34:06 [allowed] §c[BOSS] The Watcher§r§f: You'll do.
14:34:09 [allowed] §c[BOSS] The Watcher§r§f: Let's see how you can handle this.
14:34:09 [allowed] §cThe Flamethrower hit you for 2,130 damage!
14:34:11 [allowed] §cThe Flamethrower hit you for 2,130 damage!
14:34:15 [allowed] §cYou cannot use abilities in this room!
