00:26:21 GARDEN
00:28:00 NONE
00:28:01 CRIMSON_ISLE
01:02:17 THE_END
01:03:17 NONE
01:03:18 PRIVATE_ISLAND_GUEST
01:03:43 THE_END
01:47:12 NONE
01:47:12 PRIVATE_ISLAND
01:47:21 NONE
01:47:22 THE_END
02:23:31 NONE
02:23:31 DUNGEON_HUB
02:25:12 NONE
02:25:13 CATACOMBS
02:26:03 NONE
02:26:03 DUNGEON_HUB
02:26:29 NONE
02:26:30 CATACOMBS
02:30:01 NONE
02:30:02 CATACOMBS
02:33:22 NONE
02:33:22 CATACOMBS
02:36:40 DUNGEON_HUB
02:37:19 NONE
02:37:20 CATACOMBS
02:40:21 NONE
02:40:21 CATACOMBS
02:43:29 NONE
02:43:30 CATACOMBS
02:46:36 NONE
02:46:36 CATACOMBS
02:49:57 NONE
02:49:59 DUNGEON_HUB
02:51:35 NONE
02:51:35 HUB
02:51:57 NONE
02:51:57 GARDEN
02:55:09 NONE
02:55:09 DUNGEON_HUB
02:59:34 CRIMSON_ISLE
03:03:57 NONE
03:03:57 SPIDER_DEN
03:13:35 NONE
03:13:36 THE_RIFT
03:14:11 NONE
03:14:11 HUB
03:15:54 NONE
03:15:55 DWARVEN_MINES
03:17:44 NONE
03:17:44 HUB
03:17:50 NONE
03:17:50 THE_RIFT
