12:50:11 PRIVATE_ISLAND
12:51:11 NONE
12:51:11 DUNGEON_HUB
12:52:32 NONE
12:52:32 PRIVATE_ISLAND_GUEST
12:52:38 NONE
12:52:39 DWARVEN_MINES
12:53:17 NONE
12:53:17 THE_RIFT
12:53:58 NONE
12:53:58 GARDEN
12:56:39 DUNGEON_HUB
12:59:19 NONE
12:59:20 CATACOMBS
13:04:02 NONE
13:04:02 CATACOMBS
13:08:41 NONE
13:08:42 CATACOMBS
13:13:24 NONE
13:13:24 DUNGEON_HUB
13:15:22 NONE
13:27:26 DUNGEON_HUB
13:29:49 NONE
13:29:49 THE_END
13:44:50 NONE
13:44:50 DUNGEON_HUB
13:46:16 NONE
13:46:17 CATACOMBS
13:52:33 NONE
13:52:35 CATACOMBS
13:58:56 NONE
13:58:56 DUNGEON_HUB
13:59:20 NONE
13:59:22 CATACOMBS
14:03:35 NONE
14:03:35 CATACOMBS
14:15:36 NONE
14:15:36 DUNGEON_HUB
14:16:28 HUB
14:17:41 NONE
14:17:41 DUNGEON_HUB
14:19:33 NONE
14:19:34 CATACOMBS
14:22:00 NONE
14:22:00 DUNGEON_HUB
14:22:14 NONE
14:22:14 CATACOMBS
14:22:47 DUNGEON_HUB
14:22:58 NONE
14:22:58 CATACOMBS
14:28:02 NONE
14:28:03 CATACOMBS
