12:55:54 DWARVEN_MINES
13:01:52 THE_RIFT
13:02:23 HUB
13:10:04 PRIVATE_ISLAND
13:13:51 NONE
13:13:51 HUB
13:17:38 NONE
13:17:38 PRIVATE_ISLAND
13:39:02 NONE
13:39:02 HUB
13:39:14 GOLD_MINES
13:43:36 NONE
13:43:36 HUB
13:44:11 NONE
13:44:12 HUB
13:44:24 NONE
13:44:24 HUB
13:45:59 NONE
13:45:59 CRIMSON_ISLE
13:54:58 NONE
13:54:58 HUB
13:59:43 NONE
13:59:43 HUB
14:00:44 NONE
14:00:45 HUB
14:01:05 NONE
14:01:05 HUB
14:07:12 NONE
14:07:12 HUB
14:08:08 NONE
14:08:08 HUB
14:12:02 NONE
14:12:04 GARDEN
14:36:32 NONE
14:36:32 PRIVATE_ISLAND
14:36:48 NONE
14:36:48 HUB
14:39:23 HUB
14:40:03 PRIVATE_ISLAND_GUEST
14:40:33 HUB
14:40:38 NONE
14:40:38 HUB
14:40:47 NONE
14:40:48 PRIVATE_ISLAND_GUEST
14:41:17 NONE
14:41:17 HUB
14:41:21 NONE
14:41:22 HUB
14:41:33 PRIVATE_ISLAND_GUEST
14:43:07 NONE
14:43:07 HUB
14:55:22 DARK_AUCTION
15:03:57 HUB
15:04:19 HUB
15:04:32 NONE
15:04:33 HUB
15:04:55 NONE
15:04:55 HUB
15:05:03 NONE
15:05:03 HUB
