13:01:35 
13:01:35 blocked link because:
13:01:35 isNotInSignAndOnSlot
13:01:35 
13:01:35 
13:01:35 blocked link because:
13:01:35 isNotInSignAndOnSlot
13:01:35 
13:01:35 allowed click
13:01:35 allowed click
13:01:35 allowed click
13:01:35 allowed click
13:01:35 allowed click
13:01:35 allowed click
13:01:35 allowed click
13:01:35 allowed click
13:01:36 allowed click
13:01:36 allowed click
13:01:36 allowed click
13:01:36 allowed click
13:01:36 allowed click
13:01:36 allowed click
13:01:36 allowed click
13:01:36 allowed click
13:01:36 allowed click
13:01:36 allowed click
13:01:36 allowed click
13:01:36 allowed click
13:01:36 allowed click
13:01:36 allowed click
13:01:36 allowed click
13:01:36 allowed click
13:01:36 allowed click
13:01:36 allowed click
13:01:36 allowed click
13:01:36 allowed click
13:01:36 allowed click
13:01:36 allowed click
13:01:36 allowed click
13:01:36 allowed click
13:01:36 allowed click
13:01:36 allowed click
13:01:36 allowed click
13:01:36 allowed click
13:01:36 allowed click
13:01:36 allowed click
13:01:36 allowed click
13:01:36 allowed click
13:01:36 allowed click
13:01:36 allowed click
13:01:36 allowed click
13:01:36 allowed click
13:01:36 allowed click
13:01:36 allowed click
13:01:36 allowed click
13:01:36 allowed click
13:01:36 allowed click
13:01:36 allowed click
13:01:36 allowed click
13:01:36 allowed click
13:01:36 allowed click
13:01:36 allowed click
13:01:36 allowed click
13:01:36 allowed click
13:01:36 allowed click
13:01:36 allowed click
13:01:36 allowed click
13:01:36 allowed click
13:01:36 allowed click
13:01:36 allowed click
13:01:36 allowed click
13:01:36 allowed click
13:01:36 allowed click
13:01:36 allowed click
13:01:36 allowed click
13:01:36 allowed click
13:01:36 allowed click
13:01:36 allowed click
13:01:36 allowed click
13:01:36 allowed click
13:01:36 allowed click
13:01:36 allowed click
13:01:36 allowed click
13:01:36 allowed click
13:01:36 allowed click
13:01:36 allowed click
13:01:36 allowed click
13:01:36 allowed click
13:01:36 allowed click
13:01:36 allowed click
13:01:36 allowed click
13:01:36 allowed click
13:01:36 allowed click
13:01:36 allowed click
13:01:36 allowed click
13:01:36 allowed click
13:01:36 allowed click
13:01:36 allowed click
13:01:36 allowed click
13:01:36 allowed click
13:01:36 allowed click
13:01:36 allowed click
13:01:36 allowed click
13:01:36 allowed click
14:11:51 
14:11:51 blocked link because:
14:11:51 isNotInSignAndOnSlot
14:11:51 
14:11:51 
14:11:51 blocked link because:
14:11:51 isNotInSignAndOnSlot
14:11:51 
14:11:52 allowed click
14:11:52 allowed click
14:11:52 allowed click
14:11:52 allowed click
14:11:52 allowed click
14:11:52 allowed click
14:11:52 allowed click
14:11:52 allowed click
14:11:52 allowed click
14:11:52 allowed click
14:11:52 allowed click
14:11:52 allowed click
14:11:52 allowed click
14:11:52 allowed click
14:11:52 allowed click
14:11:52 allowed click
14:11:52 allowed click
14:11:52 allowed click
14:11:52 allowed click
14:11:52 allowed click
14:11:52 allowed click
14:11:52 allowed click
14:11:52 allowed click
14:11:52 allowed click
14:11:52 allowed click
14:11:52 allowed click
14:11:52 allowed click
14:11:52 allowed click
14:11:52 allowed click
14:11:52 allowed click
14:11:52 allowed click
14:11:52 allowed click
14:11:52 allowed click
14:11:52 allowed click
14:11:52 allowed click
14:11:52 allowed click
14:11:52 allowed click
14:11:52 allowed click
14:11:52 allowed click
14:11:52 allowed click
14:11:52 allowed click
14:11:52 allowed click
14:11:52 allowed click
14:11:52 allowed click
14:11:52 allowed click
14:11:52 allowed click
14:11:52 allowed click
14:11:52 allowed click
14:11:52 allowed click
14:11:52 allowed click
14:11:52 allowed click
14:11:52 allowed click
14:11:52 allowed click
14:11:52 allowed click
14:11:52 allowed click
14:11:52 allowed click
14:11:52 allowed click
14:11:52 allowed click
14:11:52 allowed click
14:11:52 allowed click
14:11:52 allowed click
14:11:52 allowed click
14:11:52 allowed click
14:11:52 allowed click
14:11:52 allowed click
14:11:52 allowed click
14:11:52 allowed click
14:11:52 allowed click
14:11:52 allowed click
14:11:52 allowed click
14:11:52 allowed click
14:11:52 allowed click
14:11:52 allowed click
14:11:52 allowed click
14:11:52 allowed click
14:11:52 allowed click
14:11:52 allowed click
14:11:52 allowed click
14:11:52 allowed click
14:11:52 allowed click
14:11:52 allowed click
14:11:52 allowed click
14:11:52 allowed click
14:11:52 allowed click
14:11:52 allowed click
14:11:52 allowed click
14:11:52 allowed click
14:11:52 allowed click
14:11:52 allowed click
14:11:52 allowed click
14:11:52 allowed click
14:11:52 allowed click
14:11:52 allowed click
14:11:52 allowed click
14:11:52 allowed click
14:11:52 allowed click
14:11:53 allowed click
14:11:53 allowed click
14:11:53 allowed click
14:11:53 allowed click
14:11:53 allowed click
14:11:53 allowed click
14:11:53 allowed click
14:11:53 allowed click
14:11:53 allowed click
14:11:53 allowed click
14:11:53 allowed click
14:11:53 allowed click
14:11:53 allowed click
14:11:53 allowed click
14:11:53 allowed click
14:11:53 allowed click
14:11:53 allowed click
14:11:53 allowed click
14:11:53 allowed click
14:11:53 allowed click
14:11:53 allowed click
14:11:53 allowed click
14:11:53 allowed click
14:11:53 allowed click
14:11:53 allowed click
14:11:53 allowed click
14:11:53 allowed click
14:11:53 allowed click
14:11:53 allowed click
14:11:53 allowed click
14:11:53 allowed click
14:11:53 allowed click
14:11:53 allowed click
14:11:53 allowed click
14:11:53 allowed click
14:11:53 allowed click
14:11:53 allowed click
14:11:53 allowed click
14:11:53 allowed click
14:11:53 allowed click
14:11:53 allowed click
14:11:53 allowed click
14:11:53 allowed click
14:11:53 allowed click
14:11:53 allowed click
14:11:53 allowed click
14:11:53 allowed click
14:11:53 allowed click
14:11:53 allowed click
14:11:53 allowed click
14:11:53 allowed click
14:11:53 allowed click
14:11:53 allowed click
14:11:53 allowed click
14:11:53 allowed click
14:11:53 allowed click
14:15:19 
14:15:19 blocked link because:
14:15:19 isNotInSignAndOnSlot
14:15:19 
14:15:20 
14:15:20 blocked link because:
14:15:20 isNotInSignAndOnSlot
14:15:20 
14:15:20 allowed click
14:15:20 allowed click
14:15:20 allowed click
14:15:20 allowed click
14:15:20 allowed click
14:15:20 allowed click
14:15:20 allowed click
14:15:20 allowed click
14:15:20 allowed click
14:15:20 allowed click
14:15:20 allowed click
14:15:20 allowed click
14:15:20 allowed click
14:15:20 allowed click
14:15:20 allowed click
14:15:20 allowed click
14:15:20 allowed click
14:15:20 allowed click
14:15:20 allowed click
14:15:20 allowed click
14:15:20 allowed click
14:15:20 allowed click
14:15:20 allowed click
14:15:20 allowed click
14:15:20 allowed click
14:15:20 allowed click
14:15:20 allowed click
14:15:20 allowed click
14:15:20 allowed click
14:15:20 allowed click
14:15:20 allowed click
14:15:20 allowed click
14:15:20 allowed click
14:15:20 allowed click
14:15:20 allowed click
14:15:20 allowed click
14:15:20 allowed click
14:15:20 allowed click
14:15:20 allowed click
14:15:20 allowed click
14:15:20 allowed click
14:15:20 allowed click
14:15:20 allowed click
14:15:20 allowed click
14:15:20 allowed click
14:15:20 allowed click
14:15:20 allowed click
14:15:20 allowed click
14:15:20 allowed click
14:15:20 allowed click
14:15:20 allowed click
14:15:20 allowed click
14:15:20 allowed click
14:15:20 allowed click
14:15:20 allowed click
14:15:20 allowed click
14:15:20 allowed click
14:15:20 allowed click
14:15:20 allowed click
14:15:20 allowed click
14:15:20 allowed click
14:15:20 allowed click
14:15:20 allowed click
14:15:20 allowed click
14:15:20 allowed click
14:15:20 allowed click
14:15:20 allowed click
14:15:20 allowed click
14:15:20 allowed click
14:15:20 allowed click
14:15:20 allowed click
14:15:20 allowed click
14:15:20 allowed click
14:15:20 allowed click
14:15:20 allowed click
14:15:20 allowed click
14:15:20 allowed click
14:15:20 allowed click
14:15:20 allowed click
14:15:20 allowed click
14:15:20 allowed click
14:15:20 allowed click
14:15:20 allowed click
14:15:20 allowed click
14:15:20 allowed click
14:15:20 allowed click
14:15:20 allowed click
14:15:20 allowed click
14:15:20 allowed click
14:15:20 allowed click
14:15:20 allowed click
14:15:20 allowed click
14:15:20 allowed click
14:15:20 allowed click
14:15:20 allowed click
14:15:20 allowed click
14:15:20 allowed click
14:15:20 allowed click
14:15:20 allowed click
14:15:20 allowed click
14:15:20 allowed click
14:15:20 allowed click
14:15:20 allowed click
14:15:20 allowed click
14:15:20 allowed click
14:15:20 allowed click
14:15:20 allowed click
14:15:20 allowed click
14:17:39 allowed click
14:17:39 allowed click
14:17:39 allowed click
14:17:39 allowed click
14:17:39 allowed click
14:17:39 allowed click
14:17:39 allowed click
14:17:39 allowed click
14:17:39 allowed click
14:17:39 allowed click
14:17:39 allowed click
14:17:39 allowed click
14:17:39 allowed click
14:17:39 allowed click
14:17:39 allowed click
14:17:39 allowed click
14:17:39 allowed click
14:17:39 allowed click
14:17:39 allowed click
14:17:39 allowed click
14:17:39 allowed click
14:17:39 allowed click
14:17:39 allowed click
14:17:39 allowed click
14:17:39 allowed click
14:17:39 allowed click
14:17:39 allowed click
14:17:39 allowed click
14:17:39 allowed click
14:17:39 allowed click
14:17:39 allowed click
14:17:39 allowed click
14:17:39 allowed click
14:17:39 allowed click
14:17:39 allowed click
14:17:39 allowed click
14:17:39 allowed click
14:17:39 allowed click
14:17:39 allowed click
14:17:39 allowed click
14:17:39 allowed click
14:17:39 allowed click
14:17:39 allowed click
14:17:39 allowed click
14:17:39 allowed click
14:17:39 allowed click
14:17:39 allowed click
14:17:39 allowed click
14:17:39 allowed click
14:17:39 allowed click
14:17:39 allowed click
14:17:39 allowed click
14:17:39 allowed click
14:17:39 allowed click
14:17:39 allowed click
14:17:39 allowed click
14:17:39 allowed click
14:17:39 allowed click
14:17:40 allowed click
14:17:40 allowed click
14:17:40 allowed click
14:17:40 allowed click
14:17:40 allowed click
14:17:40 allowed click
14:17:40 allowed click
14:17:40 allowed click
14:17:40 allowed click
14:17:40 allowed click
14:17:40 allowed click
14:17:40 allowed click
14:17:40 allowed click
14:17:40 allowed click
14:17:40 allowed click
14:17:40 allowed click
14:17:40 allowed click
14:17:40 allowed click
14:17:40 allowed click
14:17:40 allowed click
14:17:40 allowed click
14:17:40 allowed click
14:17:40 allowed click
14:17:40 allowed click
14:17:40 allowed click
14:17:40 allowed click
14:17:40 allowed click
14:17:40 allowed click
14:17:40 allowed click
14:17:40 allowed click
14:17:40 allowed click
14:17:40 allowed click
14:17:40 allowed click
14:17:40 allowed click
14:17:40 allowed click
14:17:40 allowed click
14:17:40 allowed click
14:17:40 allowed click
14:17:41 allowed click
14:17:41 allowed click
14:17:41 allowed click
14:17:41 allowed click
14:17:41 allowed click
14:17:41 allowed click
14:17:41 allowed click
14:17:41 allowed click
14:17:41 allowed click
14:17:41 allowed click
14:17:41 allowed click
14:17:41 allowed click
14:17:41 allowed click
14:17:41 allowed click
14:17:41 allowed click
14:17:41 allowed click
14:17:41 allowed click
14:17:41 allowed click
14:17:41 allowed click
14:17:41 allowed click
14:17:41 allowed click
14:17:41 allowed click
14:17:41 allowed click
14:17:41 allowed click
14:17:41 allowed click
14:17:41 allowed click
14:17:41 allowed click
14:17:41 allowed click
14:17:41 allowed click
14:17:41 allowed click
14:17:41 allowed click
14:17:41 allowed click
14:17:41 allowed click
14:17:41 allowed click
14:17:41 allowed click
14:17:41 allowed click
14:17:41 allowed click
14:17:41 allowed click
14:17:41 allowed click
14:17:41 allowed click
14:17:41 allowed click
14:17:41 allowed click
14:17:41 allowed click
14:17:41 allowed click
14:17:41 allowed click
14:17:41 allowed click
14:17:41 allowed click
14:17:41 allowed click
14:17:41 allowed click
14:17:41 allowed click
14:17:41 allowed click
14:17:41 allowed click
14:17:41 allowed click
14:17:41 allowed click
14:17:41 allowed click
14:17:41 allowed click
14:17:41 allowed click
14:17:41 allowed click
14:17:41 allowed click
14:17:41 allowed click
14:17:41 allowed click
14:17:41 allowed click
14:17:41 allowed click
14:17:41 allowed click
14:17:41 allowed click
14:17:41 allowed click
14:17:41 allowed click
14:17:41 allowed click
14:17:41 allowed click
14:17:41 allowed click
14:17:41 allowed click
14:17:41 allowed click
14:17:41 allowed click
14:17:41 allowed click
14:17:45 
14:17:45 blocked link because:
14:17:45 neuFocus
14:17:45 
14:17:45 
14:17:45 blocked link because:
14:17:45 neuFocus
14:17:45 
14:17:45 
14:17:45 blocked link because:
14:17:45 neuFocus
14:17:45 
14:17:45 
14:17:45 blocked link because:
14:17:45 neuFocus
14:17:45 
14:46:50 
14:46:50 blocked link because:
14:46:50 isNotInSignAndOnSlot
14:46:50 
14:46:50 
14:46:50 blocked link because:
14:46:50 isNotInSignAndOnSlot
14:46:50 
14:46:51 allowed click
14:46:51 allowed click
14:46:51 allowed click
14:46:51 allowed click
14:46:51 allowed click
14:46:51 allowed click
14:46:51 allowed click
14:46:51 allowed click
14:46:51 allowed click
14:46:51 allowed click
14:46:51 allowed click
14:46:51 allowed click
14:46:51 allowed click
14:46:51 allowed click
14:46:51 allowed click
14:46:51 allowed click
14:46:51 allowed click
14:46:51 allowed click
14:46:51 allowed click
14:46:51 allowed click
14:46:51 allowed click
14:46:51 allowed click
14:46:51 allowed click
14:46:51 allowed click
14:46:51 allowed click
14:46:51 allowed click
14:46:51 allowed click
14:46:51 allowed click
14:46:51 allowed click
14:46:51 allowed click
14:46:51 allowed click
14:46:51 allowed click
14:46:51 allowed click
14:46:51 allowed click
14:46:51 allowed click
14:46:51 allowed click
14:46:51 allowed click
14:46:51 allowed click
14:46:51 allowed click
14:46:51 allowed click
14:46:51 allowed click
14:46:51 allowed click
14:46:51 allowed click
14:46:51 allowed click
14:46:51 allowed click
14:46:51 allowed click
14:46:51 allowed click
14:46:51 allowed click
14:46:51 allowed click
14:46:51 allowed click
14:46:51 allowed click
14:46:51 allowed click
14:46:51 allowed click
14:46:51 allowed click
14:46:51 allowed click
14:46:51 allowed click
14:46:51 allowed click
14:46:51 allowed click
14:46:51 allowed click
14:46:51 allowed click
14:46:51 allowed click
14:46:51 allowed click
14:46:51 allowed click
14:46:51 allowed click
14:46:51 allowed click
14:46:51 allowed click
14:46:51 allowed click
14:46:51 allowed click
14:46:51 allowed click
14:46:51 allowed click
14:46:51 allowed click
14:46:51 allowed click
14:46:51 allowed click
14:46:51 allowed click
14:46:51 allowed click
14:46:51 allowed click
14:46:51 allowed click
14:46:51 allowed click
14:46:51 allowed click
14:46:51 allowed click
14:46:51 allowed click
14:46:51 allowed click
14:46:51 allowed click
14:46:51 allowed click
14:46:51 allowed click
14:46:51 allowed click
14:46:51 allowed click
14:46:51 allowed click
14:46:51 allowed click
14:46:51 allowed click
14:46:51 allowed click
14:46:51 allowed click
14:46:51 allowed click
14:46:51 allowed click
14:46:51 allowed click
14:46:51 allowed click
14:46:51 allowed click
14:46:51 allowed click
14:46:51 allowed click
14:46:51 allowed click
14:46:51 allowed click
14:46:51 allowed click
14:46:51 allowed click
14:46:51 allowed click
14:46:51 allowed click
14:46:51 allowed click
14:46:51 allowed click
14:46:51 allowed click
14:46:51 allowed click
14:46:51 allowed click
14:46:51 allowed click
14:46:51 allowed click
14:46:51 allowed click
14:46:51 allowed click
14:46:51 allowed click
14:46:51 allowed click
14:46:52 allowed click
14:46:52 allowed click
14:46:52 allowed click
14:46:52 allowed click
14:46:52 allowed click
14:46:52 allowed click
14:46:52 allowed click
14:46:52 allowed click
14:46:52 allowed click
14:46:52 allowed click
14:46:52 allowed click
14:46:52 allowed click
14:46:52 allowed click
14:46:52 allowed click
14:46:52 allowed click
14:46:52 allowed click
14:46:52 allowed click
14:46:52 allowed click
14:46:52 allowed click
14:46:52 allowed click
14:46:52 allowed click
14:46:52 allowed click
14:46:52 allowed click
14:46:52 allowed click
14:46:52 allowed click
14:46:52 allowed click
14:46:52 allowed click
14:46:52 allowed click
14:46:52 allowed click
14:46:52 allowed click
14:46:52 allowed click
14:46:52 allowed click
14:46:52 allowed click
14:46:52 allowed click
14:46:52 allowed click
14:46:52 allowed click
14:46:52 allowed click
14:46:52 allowed click
14:46:52 allowed click
14:46:52 allowed click
14:46:52 allowed click
14:46:52 allowed click
14:46:52 allowed click
14:46:52 allowed click
14:46:52 allowed click
14:46:52 allowed click
14:46:52 allowed click
14:46:52 allowed click
14:46:52 allowed click
14:46:52 allowed click
14:46:52 allowed click
14:46:52 allowed click
14:46:52 allowed click
14:46:52 allowed click
14:46:52 allowed click
14:46:52 allowed click
14:46:52 allowed click
14:46:52 allowed click
14:46:52 allowed click
14:46:52 allowed click
14:46:52 allowed click
14:46:52 allowed click
14:46:52 allowed click
14:46:52 allowed click
14:46:52 allowed click
14:46:52 allowed click
14:46:52 allowed click
14:46:52 allowed click
14:46:52 allowed click
14:46:52 allowed click
14:46:52 allowed click
14:46:52 allowed click
14:46:52 allowed click
14:46:52 allowed click
14:46:52 allowed click
14:46:52 allowed click
14:46:52 allowed click
14:46:52 allowed click
14:46:52 allowed click
14:46:52 allowed click
14:46:52 allowed click
14:46:52 allowed click
14:46:52 allowed click
14:46:52 allowed click
14:46:52 allowed click
14:46:52 allowed click
14:46:52 allowed click
14:46:52 allowed click
14:47:39 
14:47:39 blocked link because:
14:47:39 isNotInSignAndOnSlot
14:47:39 
14:47:40 
14:47:40 blocked link because:
14:47:40 isNotInSignAndOnSlot
14:47:40 
14:47:40 allowed click
14:47:40 allowed click
14:47:40 allowed click
14:47:40 allowed click
14:47:40 allowed click
14:47:40 allowed click
14:47:40 allowed click
14:47:40 allowed click
14:47:40 allowed click
14:47:40 allowed click
14:47:40 allowed click
14:47:40 allowed click
14:47:40 allowed click
14:47:40 allowed click
14:47:40 allowed click
14:47:40 allowed click
14:47:40 allowed click
14:47:40 allowed click
14:47:40 allowed click
14:47:40 allowed click
14:47:40 allowed click
14:47:40 allowed click
14:47:40 allowed click
14:47:40 allowed click
14:47:40 allowed click
14:47:40 allowed click
14:47:40 allowed click
14:47:40 allowed click
14:47:40 allowed click
14:47:40 allowed click
14:47:40 allowed click
14:47:40 allowed click
14:47:40 allowed click
14:47:40 allowed click
14:47:40 allowed click
14:47:40 allowed click
14:47:40 allowed click
14:47:40 allowed click
14:47:40 allowed click
14:47:40 allowed click
14:47:40 allowed click
14:47:40 allowed click
14:47:40 allowed click
14:47:40 allowed click
14:47:40 allowed click
14:47:40 allowed click
14:47:40 allowed click
14:47:40 allowed click
14:47:40 allowed click
14:47:40 allowed click
14:47:40 allowed click
14:47:40 allowed click
14:47:40 allowed click
14:47:40 allowed click
14:47:40 allowed click
14:47:40 allowed click
14:47:40 allowed click
14:47:40 allowed click
14:47:40 allowed click
14:47:40 allowed click
14:47:40 allowed click
14:47:40 allowed click
14:47:40 allowed click
14:47:40 allowed click
14:47:40 allowed click
14:47:40 allowed click
14:47:40 allowed click
14:47:40 allowed click
14:47:41 allowed click
14:47:41 allowed click
14:47:41 allowed click
14:47:41 allowed click
14:47:41 allowed click
14:47:41 allowed click
14:47:41 allowed click
14:47:41 allowed click
14:47:41 allowed click
14:47:41 allowed click
14:47:41 allowed click
14:47:41 allowed click
14:47:41 allowed click
14:47:41 allowed click
14:47:41 allowed click
14:47:41 allowed click
14:47:41 allowed click
14:47:41 allowed click
14:47:41 allowed click
14:47:41 allowed click
14:47:41 allowed click
14:47:41 allowed click
14:47:41 allowed click
14:47:41 allowed click
14:47:41 allowed click
14:47:41 allowed click
14:47:41 allowed click
14:47:41 allowed click
14:47:41 allowed click
14:47:41 allowed click
14:47:41 allowed click
14:47:41 allowed click
14:47:41 allowed click
14:47:41 allowed click
14:47:41 allowed click
14:47:41 allowed click
14:47:41 allowed click
14:47:41 allowed click
14:47:41 allowed click
14:47:41 allowed click
14:47:41 allowed click
14:47:41 allowed click
14:47:41 allowed click
14:47:41 allowed click
14:47:41 allowed click
14:47:41 allowed click
14:47:41 allowed click
14:47:41 allowed click
14:47:41 allowed click
14:47:41 allowed click
14:47:41 allowed click
14:47:41 allowed click
14:47:41 allowed click
14:47:41 allowed click
14:47:41 allowed click
14:47:41 allowed click
14:47:41 allowed click
14:47:41 allowed click
14:47:41 allowed click
14:47:41 allowed click
14:47:41 allowed click
14:47:41 allowed click
14:47:41 allowed click
14:47:41 allowed click
14:47:41 allowed click
14:47:41 allowed click
14:47:41 allowed click
14:47:41 allowed click
