18:27:00 [allowed] §aYou are still radiating with §bGenerosity§r§a!
18:27:00 [allowed] §f §r§r§r§f §r§r§r§1 §r§r§r§0 §r§r§r§2 §r§r§r§f §r§r§r§f §r§r§r§2 §r§r§r§0 §r§r§r§4 §r§r§r§3 §r§r§r§9 §r§r§r§2 §r§r§r§0 §r§r§r§0 §r§r§r§3 §r§r§r§9 §r§r§r§2 §r§r§r§0 §r§r§r§0 §r§r§r§3 §r§r§r§9 §r§r§r§2 §r§r§r§0 §r§r§r§0 
18:27:00 [allowed] §b[MVP§0+§b] KobeAim§f §6joined the lobby!
18:27:01 [allowed] §aYou have §61 §aunclaimed achievement reward!
18:27:01 [allowed] §eClick here to view it!
18:27:01 [allowed]   §r§f§l➤ §r§6You have reached your Hype limit! Add Hype to Prototype Lobby minigames by right-clicking with the Hype Diamond!
18:27:01 [allowed] §b[MVP§6+§b] Notmaddsluv§f §6joined the lobby!
18:27:02 [allowed] §b[MVP§d+§b] RubyMagician737§f §6joined the lobby!
18:27:04 [allowed] §b[MVP§f+§b] Nav6§f §6joined the lobby!
18:27:08 [allowed] §b[MVP§c+§b] Kittcat_§f §6joined the lobby!
18:27:09 [allowed] §b[MVP§c+§b] AlderBresil§f §6joined the lobby!
18:27:14 [allowed] §b[MVP§4+§b] Xsantes§f §6joined the lobby!
18:27:14 [allowed] §b[MVP§9+§b] brehhhh§f §6joined the lobby!
18:27:14 [allowed] §b[MVP§c+§b] NathChab§f §6joined the lobby!
18:27:17 [allowed] §b[MVP§f+§b] 3dde§f §6joined the lobby!
18:27:18 [allowed] §b[MVP§0+§b] SpiritReborn§f §6joined the lobby!
18:27:22 [allowed] §7Sending to server mini20AR...
18:27:24 [allowed] §8 §r§8 §r§1 §r§3 §r§3 §r§7 §r§8 
18:27:24 [allowed]  
18:27:24 [allowed] §f       §7You have §32 §7pending §3Bestiary Milestones §7to be claimed!
18:27:24 [allowed] §f                  §6§l>>> §6§lCLICK HERE§e to claim them! §6§l<<<
18:27:24 [allowed]   
18:27:26 [allowed] 
18:27:26 [allowed] §eWelcome to §r§aHypixel SkyBlock§r§e!
18:27:26 [allowed] 
18:27:26 [allowed] §eLatest update: §bSkyBlock v0.22.1 §e§lCLICK
18:27:26 [allowed] §aYou are playing on profile: §eCoconut§b (Co-op)
18:27:26 [allowed] §8Profile ID: 4ef1bd42-ec32-42d4-afba-b766eacde1e7
18:28:46 [allowed] §7Warping...
18:28:46 [allowed] §7Sending to server mini183CF...
18:28:47 [allowed] §8 §r§8 §r§1 §r§3 §r§3 §r§7 §r§8 
18:28:47 [allowed] §c ☠ §r§7§r§bUndooiii§r§7 was killed by Nest Endermite§r§7§r§7.
18:28:48 [allowed]  
18:28:48 [allowed] §f       §7You have §32 §7pending §3Bestiary Milestones §7to be claimed!
18:28:48 [allowed] §f                  §6§l>>> §6§lCLICK HERE§e to claim them! §6§l<<<
18:28:48 [allowed]   
18:28:50 [allowed] §aYou are playing on profile: §eCoconut§b (Co-op)
18:28:50 [allowed] §8Profile ID: 4ef1bd42-ec32-42d4-afba-b766eacde1e7
18:28:58 [allowed] §c ☠ §r§7§r§aHaZe_HaZes§r§7 was killed by Enderman§r§7§r§7.
18:28:58 [allowed] §c ☠ §r§7§r§bUndooiii§r§7 was killed by Nest Endermite§r§7§r§7.
18:29:14 [allowed] §c ☠ §r§7§r§7HesitantTag1363§r§7 was killed by Nest Endermite§r§7§r§7.
18:29:54 [allowed] §c ☠ §r§7§r§aHaZe_HaZes§r§7 was killed by Enderman§r§7§r§7.
18:30:04 [allowed] §cThere are blocks in the way!
18:30:12 [allowed] §cThere are blocks in the way!
18:30:12 [allowed] §cThere are blocks in the way!
18:30:14 [allowed] §cThere are blocks in the way!
18:30:21 [allowed] §cThere are blocks in the way!
18:30:25 [allowed] §cThere are blocks in the way!
18:30:30 [allowed] §cThere are blocks in the way!
18:30:32 [allowed] §cThere are blocks in the way!
18:30:34 [allowed] §cThere are blocks in the way!
18:30:36 [allowed] §cThere are blocks in the way!
18:30:51 [allowed] §cThere are blocks in the way!
18:30:57 [allowed] §c ☠ §r§7§r§7HesitantTag1363§r§7 was killed by Enderman§r§7§r§7.
18:31:00 [allowed] §cThere are blocks in the way!
18:31:04 [allowed] §cThere are blocks in the way!
18:31:04 [allowed] §c ☠ §r§7§r§aHaZe_HaZes§r§7 was killed by Enderman§r§7§r§7.
18:31:05 [allowed] §cThere are blocks in the way!
18:31:06 [allowed] §cThere are blocks in the way!
18:31:09 [allowed] §cThere are blocks in the way!
18:31:13 [allowed] §c ☠ §r§7§r§achez_again§r§7 was killed by Nest Endermite§r§7§r§7.
18:31:15 [allowed] §6[Auction] §6BlueSpear §ebought §fRod of Champions §efor §6999,999 coins §lCLICK
18:31:21 [allowed] §c ☠ §r§7§r§achez_again§r§7 was killed by Enderman§r§7§r§7.
18:31:24 [allowed] §c ☠ §r§7§r§aHaZe_HaZes§r§7 was killed by Nest Endermite§r§7§r§7.
18:31:26 [allowed] §c ☠ §r§7§r§bLeafz187§r§7 was killed by Voidgloom Seraph§r§7§r§7.
18:31:31 [allowed] §cThere are blocks in the way!
18:31:33 [allowed] §cThere are blocks in the way!
18:31:41 [allowed] §cThere are blocks in the way!
18:31:48 [allowed] §cThere are blocks in the way!
18:32:03 [allowed] §c ☠ §r§7§r§bUndooiii§r§7 was killed by Enderman§r§7§r§7.
18:32:05 [allowed] §6[Bazaar] §r§7Claiming orders...
18:32:05 [allowed] §6[Bazaar] §r§7§r§7Claimed §r§61,531,418 coins §r§7from selling §r§a141§r§7x §r§aFried Feather §r§7at §r§610,985 §r§7each!
18:32:05 [allowed] §6[Bazaar] §r§7§r§7Claimed §r§64,402,843 coins §r§7from selling §r§a87§r§7x §r§aEnchanted Glowstone §r§7at §r§651,183 §r§7each!
18:32:05 [allowed] §6[Bazaar] §r§7§r§7Claimed §r§62,042,444 coins §r§7from selling §r§a1§r§7x §r§5§r§cVolcanic Rock §r§7at §r§62,065,683 §r§7each!
18:32:05 [allowed] §6[Bazaar] §r§7§r§7Claimed §r§61,525,526 coins §r§7from selling §r§a86§r§7x §r§aNurse Shark Tooth §r§7at §r§617,940 §r§7each!
18:32:05 [allowed] §6[Bazaar] §r§7§r§7Claimed §r§6516,162 coins §r§7from selling §r§a128§r§7x §r§fWhite Gift §r§7at §r§64,078.4 §r§7each!
18:32:09 [allowed] §b-----------------------------------------------------
18:32:09 [allowed] §eYou collected §r§6999,999 coins §r§efrom selling §r§f§r§9Rod of Champions §r§eto §r§6[MVP§r§0++§r§6] BlueSpear §r§ein an auction!
18:32:10 [allowed] §b[MVP§r§0+§r§b] KobeAim§r§f §r§ecollected an auction for §r§6999,999 coins§r§e!
18:32:10 [allowed] §b-----------------------------------------------------
18:32:10 [allowed] §b-----------------------------------------------------
18:32:10 [allowed] §b[MVP§r§0+§r§b] KobeAim§r§f §r§ecollected an auction for §r§6999,999 coins§r§e!
18:32:10 [allowed] §b-----------------------------------------------------
18:32:10 [allowed] §eYou collected §r§6999,999 coins §r§efrom selling §r§f§r§9Rod of Champions §r§eto §r§b[MVP§r§2+§r§b] Viknetic §r§ein an auction!
18:32:10 [allowed] §b-----------------------------------------------------
18:32:10 [allowed] §b[MVP§r§0+§r§b] KobeAim§r§f §r§ecollected an auction for §r§6999,999 coins§r§e!
18:32:10 [allowed] §b-----------------------------------------------------
18:32:10 [allowed] §eYou collected §r§6999,999 coins §r§efrom selling §r§f§r§9Rod of Champions §r§eto §r§7Nysoalt08 §r§ein an auction!
18:32:10 [allowed] §b-----------------------------------------------------
18:32:10 [allowed] §b[MVP§r§0+§r§b] KobeAim§r§f §r§ecollected an auction for §r§6999,999 coins§r§e!
18:32:10 [allowed] §b-----------------------------------------------------
18:32:10 [allowed] §b-----------------------------------------------------
18:32:10 [allowed] §b[MVP§r§0+§r§b] KobeAim§r§f §r§ecollected an auction for §r§6999,999 coins§r§e!
18:32:10 [allowed] §b-----------------------------------------------------
18:32:10 [allowed] §eYou collected §r§6999,999 coins §r§efrom selling §r§f§r§9Rod of Champions §r§eto §r§a[VIP§r§6+§r§a] I_AM_MUTED §r§ein an auction!
18:32:10 [allowed] §eYou collected §r§6999,999 coins §r§efrom selling §r§f§r§9Rod of Champions §r§eto §r§a[VIP§r§6+§r§a] S0mtingW0ng §r§ein an auction!
18:32:10 [allowed] §b-----------------------------------------------------
18:32:10 [allowed] §b[MVP§r§0+§r§b] KobeAim§r§f §r§ecollected an auction for §r§6999,999 coins§r§e!
18:32:10 [allowed] §b-----------------------------------------------------
18:32:10 [allowed] §b-----------------------------------------------------
18:32:10 [allowed] §b[MVP§r§0+§r§b] KobeAim§r§f §r§ecollected an auction for §r§6999,999 coins§r§e!
18:32:10 [allowed] §b-----------------------------------------------------
18:32:10 [allowed] §eYou collected §r§6999,999 coins §r§efrom selling §r§f§r§9Rod of Champions §r§eto §r§b[MVP§r§c+§r§b] Jarkadiusz §r§ein an auction!
18:32:10 [allowed] §eYou collected §r§6999,999 coins §r§efrom selling §r§f§r§9Rod of Champions §r§eto §r§b[MVP§r§c+§r§b] ziretin §r§ein an auction!
18:32:10 [allowed] §eYou collected §r§6999,999 coins §r§efrom selling §r§f§r§9Rod of Champions §r§eto §r§7Fembois4Life §r§ein an auction!
18:32:10 [allowed] §b-----------------------------------------------------
18:32:10 [allowed] §b[MVP§r§0+§r§b] KobeAim§r§f §r§ecollected an auction for §r§6999,999 coins§r§e!
18:32:10 [allowed] §b-----------------------------------------------------
18:32:10 [allowed] §b-----------------------------------------------------
18:32:10 [allowed] §b[MVP§r§0+§r§b] KobeAim§r§f §r§ecollected an auction for §r§6999,999 coins§r§e!
18:32:10 [allowed] §b-----------------------------------------------------
18:32:10 [allowed] §eYou collected §r§6999,999 coins §r§efrom selling §r§f§r§9Rod of Champions §r§eto §r§b[MVP] PIERUU §r§ein an auction!
18:32:10 [allowed] §b-----------------------------------------------------
18:32:10 [allowed] §b[MVP§r§0+§r§b] KobeAim§r§f §r§ecollected an auction for §r§6999,999 coins§r§e!
18:32:10 [allowed] §b-----------------------------------------------------
18:32:10 [allowed] §b-----------------------------------------------------
18:32:10 [allowed] §b[MVP§r§0+§r§b] KobeAim§r§f §r§ecollected an auction for §r§6999,999 coins§r§e!
18:32:10 [allowed] §b-----------------------------------------------------
18:32:10 [allowed] §b-----------------------------------------------------
18:32:10 [allowed] §b[MVP§r§0+§r§b] KobeAim§r§f §r§ecollected an auction for §r§6999,999 coins§r§e!
18:32:10 [allowed] §b-----------------------------------------------------
18:32:10 [allowed] §eYou collected §r§6999,999 coins §r§efrom selling §r§f§r§9Rod of Champions §r§eto §r§b[MVP§r§c+§r§b] HappyDeath §r§ein an auction!
18:32:10 [allowed] §eYou collected §r§6999,999 coins §r§efrom selling §r§f§r§9Rod of Champions §r§eto §r§b[MVP§r§1+§r§b] smexcc §r§ein an auction!
18:32:10 [allowed] §eYou collected §r§6999,999 coins §r§efrom selling §r§f§r§9Rod of Champions §r§eto §r§b[MVP§r§4+§r§b] Ryoou_ §r§ein an auction!
18:32:10 [allowed] §b-----------------------------------------------------
18:32:10 [allowed] §b[MVP§r§0+§r§b] KobeAim§r§f §r§ecollected an auction for §r§6999,999 coins§r§e!
18:32:10 [allowed] §b-----------------------------------------------------
18:32:10 [allowed] §eYou collected §r§6999,999 coins §r§efrom selling §r§f§r§9Rod of Champions §r§eto §r§b[MVP§r§f+§r§b] salviow §r§ein an auction!
18:32:10 [allowed] §b-----------------------------------------------------
18:32:10 [allowed] §b[MVP§r§0+§r§b] KobeAim§r§f §r§ecollected an auction for §r§6999,999 coins§r§e!
18:32:10 [allowed] §b-----------------------------------------------------
18:32:10 [allowed] §eYou collected §r§6999,999 coins §r§efrom selling §r§f§r§9Rod of Champions §r§eto §r§7ArapSukru31 §r§ein an auction!
18:32:10 [allowed] §b-----------------------------------------------------
18:32:10 [allowed] §b[MVP§r§0+§r§b] KobeAim§r§f §r§ecollected an auction for §r§6999,999 coins§r§e!
18:32:10 [allowed] §b-----------------------------------------------------
18:32:10 [allowed] §eYou collected §r§6999,999 coins §r§efrom selling §r§f§r§9Rod of Champions §r§eto §r§b[MVP§r§c+§r§b] Lucatjuuuhhh §r§ein an auction!
18:32:11 [allowed] §7Warping you to your SkyBlock island...
18:32:11 [allowed] §7Sending to server mini18CT...
18:32:13 [allowed] §8 §r§8 §r§1 §r§3 §r§3 §r§7 §r§8 
18:32:13 [allowed]  
18:32:13 [allowed] §f       §7You have §32 §7pending §3Bestiary Milestones §7to be claimed!
18:32:13 [allowed] §f                  §6§l>>> §6§lCLICK HERE§e to claim them! §6§l<<<
18:32:13 [allowed]   
18:32:15 [allowed] §aYou are playing on profile: §eCoconut§b (Co-op)
18:32:15 [allowed] §8Profile ID: 4ef1bd42-ec32-42d4-afba-b766eacde1e7
18:32:28 [allowed] §cThere are blocks in the way!
18:35:19 [allowed] §aFriend > §r§6Emijaxxu_ §r§eleft.
18:35:23 [allowed] §aFriend > §r§6FoundLove §r§eleft.
18:36:28 [allowed] §6[Bazaar] §eYour §6Sell Offer §efor §a251§7x §aNurse Shark Tooth §ewas filled!
18:37:13 [allowed] §aYou earned §r§298 GEXP §r§afrom playing SkyBlock!
18:38:18 [allowed] §a§aYou tipped 1 player in 1 game!
18:45:02 [allowed] §6[Bazaar] §eYour §6Sell Offer §efor §a20§7x §9Tentacle Meat §ewas filled!
18:51:46 [allowed] §6[Bazaar] §r§7Claiming orders...
18:51:47 [allowed] §6[Bazaar] §r§7§r§7Claimed §r§6638,592 coins §r§7from selling §r§a36§r§7x §r§aNurse Shark Tooth §r§7at §r§617,940 §r§7each!
18:51:47 [allowed] §6[Bazaar] §r§7§r§7Claimed §r§61,359,274 coins §r§7from selling §r§a20§r§7x §r§9Tentacle Meat §r§7at §r§668,737 §r§7each!
18:53:18 [allowed] §cYou already tipped everyone that has boosters active, so there isn't anybody to be tipped right now!
18:53:29 [allowed] §6[Sacks] §r§a+2§r§e items§r§e.§r§8 (Last 5s.)
18:53:37 [allowed] §aFriend > §r§arom0kyu §r§eleft.
18:53:42 [allowed] §6[Sacks] §r§a+4§r§e items§r§e.§r§8 (Last 5s.)
18:54:44 [allowed] §6[Bazaar] §r§7Executing instant buy...
18:54:44 [allowed] §6[Bazaar] §r§7Bought §r§a64§r§7x §r§aRusty Coin §r§7for §r§61,114,880 coins§r§7!
18:54:44 [allowed] §6[Bazaar] §r§7Executing instant buy...
18:54:45 [allowed] §6[Bazaar] §r§7Bought §r§a64§r§7x §r§aRusty Coin §r§7for §r§61,114,880 coins§r§7!
18:54:45 [allowed] §6[Bazaar] §r§7Executing instant buy...
18:54:45 [allowed] §6[Bazaar] §r§7Bought §r§a64§r§7x §r§aRusty Coin §r§7for §r§61,114,880 coins§r§7!
18:54:54 [allowed] §6[Bazaar] §r§7Executing instant buy...
18:54:54 [allowed] §6[Bazaar] §r§7Bought §r§a64§r§7x §r§aRusty Coin §r§7for §r§61,114,880 coins§r§7!
18:55:06 [allowed] §6[Sacks] §r§a+256§r§e items§r§e.§r§8 (Last 5s.)
18:55:11 [allowed] §aMoved §r§e40 String§r§a from your Sacks to your inventory.
18:55:17 [allowed] §6[Sacks] §r§c-40§r§e items§r§e.§r§8 (Last 5s.)
18:55:19 [allowed] §aMoved §r§e10 Oak Wood§r§a from your Sacks to your inventory.
18:55:24 [allowed] §6[Sacks] §r§c-10§r§e items§r§e.§r§8 (Last 5s.)
18:55:42 [allowed] §6[Bazaar] §r§7Executing instant buy...
18:55:43 [allowed] §6[Bazaar] §r§7Bought §r§a64§r§7x §r§aRusty Coin §r§7for §r§61,114,880 coins§r§7!
18:55:53 [allowed] §6[Sacks] §r§a+64§r§e items§r§e.§r§8 (Last 5s.)
18:55:57 [allowed] §c§lYour inventory is full!
18:56:25 [allowed] Unknown command. Type "/help" for help. ('viewstach item')
18:56:27 [allowed]  
18:56:27 [STASH_COMPACT] §f                 §7You have §318 §7materials stashed away!
18:56:27 [STASH_COMPACT] §f              §8(This totals 2 types of materials stashed!)
18:56:27 [STASH_COMPACT] §f                §3§l>>> §3§lCLICK HERE§b to pick them up! §3§l<<<
18:56:27 [STASH_COMPACT]   
18:56:29 [allowed] §eFrom stash: §r§fStick
18:56:29 [allowed] §eFrom stash: §r§fString
18:56:29 [allowed] §eYou picked up §r§aall §r§eitems from your material stash!
18:56:30 [allowed] §cThis block is already occupied!
18:56:43 [allowed] §7Warping...
18:56:43 [allowed] §7Sending to server mini78CN...
18:56:44 [allowed] §8 §r§8 §r§1 §r§3 §r§3 §r§7 §r§8 
18:56:45 [allowed]  
18:56:45 [allowed] §f       §7You have §32 §7pending §3Bestiary Milestones §7to be claimed!
18:56:45 [allowed] §f                  §6§l>>> §6§lCLICK HERE§e to claim them! §6§l<<<
18:56:45 [allowed]   
18:56:47 [allowed] §e[NPC] §2Junker Joel§f: §r§fBring any §2Junk §fyou find while fishing with your §9Junk Sinker §fto me, and I'll let ya trade it in for something more worth your time!
18:56:47 [allowed] §aYou are playing on profile: §eCoconut§b (Co-op)
18:56:47 [allowed] §8Profile ID: 4ef1bd42-ec32-42d4-afba-b766eacde1e7
18:56:51 [allowed] §aYou bought §r§aChallenging Rod§r§a!
18:56:51 [allowed] §aYou bought §r§aChallenging Rod§r§a!
18:56:51 [allowed] §aYou bought §r§aChallenging Rod§r§a!
18:56:52 [allowed] §aYou bought §r§aChallenging Rod§r§a!
18:56:52 [allowed] §aYou bought §r§aChallenging Rod§r§a!
18:56:52 [allowed] §aYou bought §r§aChallenging Rod§r§a!
18:56:52 [allowed] §aYou bought §r§aChallenging Rod§r§a!
18:56:52 [allowed] §aYou bought §r§aChallenging Rod§r§a!
18:56:53 [allowed] §aYou bought §r§aChallenging Rod§r§a!
18:56:53 [allowed] §aYou bought §r§aChallenging Rod§r§a!
18:56:53 [allowed] §aYou bought §r§aChallenging Rod§r§a!
18:56:53 [allowed] §aYou bought §r§aChallenging Rod§r§a!
18:56:53 [allowed] §aYou bought §r§aChallenging Rod§r§a!
18:56:53 [allowed] §aYou bought §r§aChallenging Rod§r§a!
18:56:54 [allowed] §aYou bought §r§aChallenging Rod§r§a!
18:56:54 [allowed] §aYou bought §r§aChallenging Rod§r§a!
18:56:54 [allowed] §aYou bought §r§aChallenging Rod§r§a!
18:56:54 [allowed] §aYou bought §r§aChallenging Rod§r§a!
18:56:54 [allowed] §aYou bought §r§aChallenging Rod§r§a!
18:56:55 [allowed] §aYou bought §r§aChallenging Rod§r§a!
18:56:55 [allowed] §cYou don't have the required items!
18:56:55 [allowed] §cYou don't have the required items!
18:57:00 [allowed] §6[Sacks] §r§c-320§r§e items§r§e.§r§8 (Last 9s.)
18:57:01 [allowed] §cInvalid recipe 'CHALLENGE_ROD'.
18:57:13 [allowed] §eYou Supercrafted §r§r§r§9Rod of Champions§r§e!
18:57:14 [allowed] §eYou Supercrafted §r§r§r§9Rod of Champions§r§e!
18:57:14 [allowed] §eYou Supercrafted §r§r§r§9Rod of Champions§r§e!
18:57:15 [allowed] §eYou Supercrafted §r§r§r§9Rod of Champions§r§e!
18:57:15 [allowed] §eYou Supercrafted §r§r§r§9Rod of Champions§r§e!
18:57:15 [allowed] §eYou Supercrafted §r§r§r§9Rod of Champions§r§e!
18:57:15 [allowed] §eYou Supercrafted §r§r§r§9Rod of Champions§r§e!
18:57:16 [allowed] §eYou Supercrafted §r§r§r§9Rod of Champions§r§e!
18:57:16 [allowed] §eYou Supercrafted §r§r§r§9Rod of Champions§r§e!
18:57:16 [allowed] §eYou Supercrafted §r§r§r§9Rod of Champions§r§e!
18:57:17 [allowed] §eYou Supercrafted §r§r§r§9Rod of Champions§r§e!
18:57:17 [allowed] §eYou Supercrafted §r§r§r§9Rod of Champions§r§e!
18:57:17 [allowed] §eYou Supercrafted §r§r§r§9Rod of Champions§r§e!
18:57:17 [allowed] §eYou Supercrafted §r§r§r§9Rod of Champions§r§e!
18:57:17 [allowed] §eYou Supercrafted §r§r§r§9Rod of Champions§r§e!
18:57:18 [allowed] §eYou Supercrafted §r§r§r§9Rod of Champions§r§e!
18:57:18 [allowed] §eYou Supercrafted §r§r§r§9Rod of Champions§r§e!
18:57:18 [allowed] §eYou Supercrafted §r§r§r§9Rod of Champions§r§e!
18:57:18 [allowed] §eYou Supercrafted §r§r§r§9Rod of Champions§r§e!
18:57:19 [allowed] §eYou Supercrafted §r§r§r§9Rod of Champions§r§e!
18:57:19 [allowed] §cYou are missing some ingredients to execute this Supercraft!
18:57:36 [allowed] Unknown command. Type "/help" for help. ('agh')
18:57:46 [allowed] §7Putting item in escrow...
18:57:46 [allowed] §7Setting up the auction...
18:57:46 [allowed] §b-----------------------------------------------------
18:57:46 [allowed] §b[MVP§r§0+§r§b] KobeAim§r§f §r§ecreated a BIN auction for §r§9Rod of Champions §r§eat §r§6999,999 coins!
18:57:46 [allowed] §b-----------------------------------------------------
18:57:46 [allowed] §eBIN Auction started for §r§f§r§9Rod of Champions§r§e!
18:57:53 [allowed] §7Putting item in escrow...
18:57:53 [allowed] §7Setting up the auction...
18:57:53 [allowed] §b-----------------------------------------------------
18:57:53 [allowed] §b[MVP§r§0+§r§b] KobeAim§r§f §r§ecreated a BIN auction for §r§9Rod of Champions §r§eat §r§6999,999 coins!
18:57:53 [allowed] §b-----------------------------------------------------
18:57:53 [allowed] §eBIN Auction started for §r§f§r§9Rod of Champions§r§e!
18:58:00 [allowed] §7Putting item in escrow...
18:58:00 [allowed] §7Setting up the auction...
18:58:00 [allowed] §b-----------------------------------------------------
18:58:00 [allowed] §b[MVP§r§0+§r§b] KobeAim§r§f §r§ecreated a BIN auction for §r§9Rod of Champions §r§eat §r§6999,999 coins!
18:58:00 [allowed] §b-----------------------------------------------------
18:58:00 [allowed] §eBIN Auction started for §r§f§r§9Rod of Champions§r§e!
18:58:05 [allowed] §7Putting item in escrow...
18:58:05 [allowed] §7Setting up the auction...
18:58:05 [allowed] §b-----------------------------------------------------
18:58:05 [allowed] §b[MVP§r§0+§r§b] KobeAim§r§f §r§ecreated a BIN auction for §r§9Rod of Champions §r§eat §r§6999,999 coins!
18:58:05 [allowed] §b-----------------------------------------------------
18:58:05 [allowed] §eBIN Auction started for §r§f§r§9Rod of Champions§r§e!
18:58:18 [allowed] §7Putting item in escrow...
18:58:18 [allowed] §7Setting up the auction...
18:58:18 [allowed] §b-----------------------------------------------------
18:58:18 [allowed] §b[MVP§r§0+§r§b] KobeAim§r§f §r§ecreated a BIN auction for §r§9Rod of Champions §r§eat §r§6999,999 coins!
18:58:18 [allowed] §b-----------------------------------------------------
18:58:18 [allowed] §eBIN Auction started for §r§f§r§9Rod of Champions§r§e!
18:58:26 [allowed] §7Putting item in escrow...
18:58:26 [allowed] §7Setting up the auction...
18:58:26 [allowed] §eBIN Auction started for §r§f§r§9Rod of Champions§r§e!
18:58:26 [allowed] §b-----------------------------------------------------
18:58:26 [allowed] §b[MVP§r§0+§r§b] KobeAim§r§f §r§ecreated a BIN auction for §r§9Rod of Champions §r§eat §r§6999,999 coins!
18:58:26 [allowed] §b-----------------------------------------------------
18:58:31 [allowed] §7Putting item in escrow...
18:58:31 [allowed] §7Setting up the auction...
18:58:32 [allowed] §eBIN Auction started for §r§f§r§9Rod of Champions§r§e!
18:58:32 [allowed] §b-----------------------------------------------------
18:58:32 [allowed] §b[MVP§r§0+§r§b] KobeAim§r§f §r§ecreated a BIN auction for §r§9Rod of Champions §r§eat §r§6999,999 coins!
18:58:32 [allowed] §b-----------------------------------------------------
18:58:37 [allowed] §7Putting item in escrow...
18:58:37 [allowed] §7Setting up the auction...
18:58:37 [allowed] §b-----------------------------------------------------
18:58:37 [allowed] §b[MVP§r§0+§r§b] KobeAim§r§f §r§ecreated a BIN auction for §r§9Rod of Champions §r§eat §r§6999,999 coins!
18:58:37 [allowed] §b-----------------------------------------------------
18:58:37 [allowed] §eBIN Auction started for §r§f§r§9Rod of Champions§r§e!
18:58:45 [allowed] §7Putting item in escrow...
18:58:45 [allowed] §7Setting up the auction...
18:58:45 [allowed] §b-----------------------------------------------------
18:58:45 [allowed] §b[MVP§r§0+§r§b] KobeAim§r§f §r§ecreated a BIN auction for §r§9Rod of Champions §r§eat §r§6999,999 coins!
18:58:45 [allowed] §b-----------------------------------------------------
18:58:45 [allowed] §eBIN Auction started for §r§f§r§9Rod of Champions§r§e!
18:58:53 [allowed] §7Putting item in escrow...
18:58:53 [allowed] §7Setting up the auction...
18:58:53 [allowed] §eBIN Auction started for §r§f§r§9Rod of Champions§r§e!
18:58:53 [allowed] §b-----------------------------------------------------
18:58:53 [allowed] §b[MVP§r§0+§r§b] KobeAim§r§f §r§ecreated a BIN auction for §r§9Rod of Champions §r§eat §r§6999,999 coins!
18:58:53 [allowed] §b-----------------------------------------------------
18:58:58 [allowed] §7Putting item in escrow...
18:58:58 [allowed] §7Setting up the auction...
18:58:59 [allowed] §b-----------------------------------------------------
18:58:59 [allowed] §b[MVP§r§0+§r§b] KobeAim§r§f §r§ecreated a BIN auction for §r§9Rod of Champions §r§eat §r§6999,999 coins!
18:58:59 [allowed] §b-----------------------------------------------------
18:58:59 [allowed] §eBIN Auction started for §r§f§r§9Rod of Champions§r§e!
18:59:03 [allowed] §cThis menu has been throttled! Please slow down...
18:59:11 [allowed] §7Putting item in escrow...
18:59:11 [allowed] §7Setting up the auction...
18:59:11 [allowed] §b-----------------------------------------------------
18:59:11 [allowed] §b[MVP§r§0+§r§b] KobeAim§r§f §r§ecreated a BIN auction for §r§9Rod of Champions §r§eat §r§6999,999 coins!
18:59:11 [allowed] §b-----------------------------------------------------
18:59:11 [allowed] §eBIN Auction started for §r§f§r§9Rod of Champions§r§e!
18:59:18 [allowed] §7Putting item in escrow...
18:59:18 [allowed] §7Setting up the auction...
18:59:18 [allowed] §eBIN Auction started for §r§f§r§9Rod of Champions§r§e!
18:59:18 [allowed] §b-----------------------------------------------------
18:59:18 [allowed] §b[MVP§r§0+§r§b] KobeAim§r§f §r§ecreated a BIN auction for §r§9Rod of Champions §r§eat §r§6999,999 coins!
18:59:18 [allowed] §b-----------------------------------------------------
18:59:23 [allowed] §7Putting item in escrow...
18:59:23 [allowed] §7Setting up the auction...
18:59:23 [allowed] §b-----------------------------------------------------
18:59:23 [allowed] §b[MVP§r§0+§r§b] KobeAim§r§f §r§ecreated a BIN auction for §r§9Rod of Champions §r§eat §r§6999,999 coins!
18:59:23 [allowed] §b-----------------------------------------------------
18:59:23 [allowed] §eBIN Auction started for §r§f§r§9Rod of Champions§r§e!
18:59:29 [allowed] §7Putting item in escrow...
18:59:29 [allowed] §7Setting up the auction...
18:59:29 [allowed] §eBIN Auction started for §r§f§r§9Rod of Champions§r§e!
18:59:29 [allowed] §b-----------------------------------------------------
18:59:29 [allowed] §b[MVP§r§0+§r§b] KobeAim§r§f §r§ecreated a BIN auction for §r§9Rod of Champions §r§eat §r§6999,999 coins!
18:59:29 [allowed] §b-----------------------------------------------------
18:59:34 [allowed] §7Putting item in escrow...
18:59:34 [allowed] §7Setting up the auction...
18:59:34 [allowed] §b-----------------------------------------------------
18:59:34 [allowed] §b[MVP§r§0+§r§b] KobeAim§r§f §r§ecreated a BIN auction for §r§9Rod of Champions §r§eat §r§6999,999 coins!
18:59:34 [allowed] §b-----------------------------------------------------
18:59:34 [allowed] §eBIN Auction started for §r§f§r§9Rod of Champions§r§e!
18:59:39 [allowed] §7Putting item in escrow...
18:59:39 [allowed] §7Setting up the auction...
18:59:39 [allowed] §eBIN Auction started for §r§f§r§9Rod of Champions§r§e!
18:59:39 [allowed] §b-----------------------------------------------------
18:59:39 [allowed] §b[MVP§r§0+§r§b] KobeAim§r§f §r§ecreated a BIN auction for §r§9Rod of Champions §r§eat §r§6999,999 coins!
18:59:39 [allowed] §b-----------------------------------------------------
18:59:45 [allowed] §7Putting item in escrow...
18:59:45 [allowed] §7Setting up the auction...
18:59:45 [allowed] §eBIN Auction started for §r§f§r§9Rod of Champions§r§e!
18:59:45 [allowed] §b-----------------------------------------------------
18:59:45 [allowed] §b[MVP§r§0+§r§b] KobeAim§r§f §r§ecreated a BIN auction for §r§9Rod of Champions §r§eat §r§6999,999 coins!
18:59:45 [allowed] §b-----------------------------------------------------
18:59:46 [allowed] §cThis menu has been throttled! Please slow down...
18:59:47 [allowed] §cThis menu has been throttled! Please slow down...
18:59:49 [allowed] §cThis menu has been throttled! Please slow down...
18:59:57 [allowed] §7Putting item in escrow...
18:59:57 [allowed] §7Setting up the auction...
18:59:57 [allowed] §b-----------------------------------------------------
18:59:57 [allowed] §b[MVP§r§0+§r§b] KobeAim§r§f §r§ecreated a BIN auction for §r§9Rod of Champions §r§eat §r§6999,999 coins!
18:59:57 [allowed] §b-----------------------------------------------------
18:59:57 [allowed] §eBIN Auction started for §r§f§r§9Rod of Champions§r§e!
19:00:02 [allowed] §7Putting item in escrow...
19:00:02 [allowed] §7Setting up the auction...
19:00:02 [allowed] §b-----------------------------------------------------
19:00:02 [allowed] §b[MVP§r§0+§r§b] KobeAim§r§f §r§ecreated a BIN auction for §r§9Rod of Champions §r§eat §r§6999,999 coins!
19:00:02 [allowed] §b-----------------------------------------------------
19:00:02 [allowed] §eBIN Auction started for §r§f§r§9Rod of Champions§r§e!
19:00:09 [allowed] §cThere are blocks in the way!
19:00:10 [allowed] §cThere are blocks in the way!
19:00:11 [allowed] §cThere are blocks in the way!
19:00:12 [allowed] §cThere are blocks in the way!
19:00:16 [allowed] §cThere are blocks in the way!
19:00:18 [allowed] §cThere are blocks in the way!
19:00:19 [allowed] §cThere are blocks in the way!
19:00:20 [allowed] §cThere are blocks in the way!
19:00:21 [allowed] §cThere are blocks in the way!
19:00:22 [allowed] §cThere are blocks in the way!
19:00:24 [allowed] §cThere are blocks in the way!
19:00:25 [allowed] §cThere are blocks in the way!
19:00:25 [allowed] §cThere are blocks in the way!
19:00:26 [allowed] §cThere are blocks in the way!
19:00:28 [allowed] §cThere are blocks in the way!
19:00:29 [allowed] §cThere are blocks in the way!
19:00:30 [allowed] §cThere are blocks in the way!
19:00:34 [allowed] §cThere are blocks in the way!
19:00:36 [allowed] §cThere are blocks in the way!
19:00:56 [allowed] §cThere are blocks in the way!
19:00:58 [allowed] §cThere are blocks in the way!
19:01:00 [allowed] §cThere are blocks in the way!
19:01:01 [allowed] §cThere are blocks in the way!
19:01:02 [allowed] §cThere are blocks in the way!
19:01:02 [allowed] §cThere are blocks in the way!
19:01:05 [allowed] §cThere are blocks in the way!
19:01:06 [allowed] §cThere are blocks in the way!
19:01:08 [allowed] §cThere are blocks in the way!
19:01:08 [allowed] §cThere are blocks in the way!
19:01:09 [allowed] §cThere are blocks in the way!
19:01:10 [allowed] §cThere are blocks in the way!
19:01:11 [allowed] §cThere are blocks in the way!
19:01:12 [allowed] §cThere are blocks in the way!
19:01:13 [allowed] §cThere are blocks in the way!
19:01:15 [allowed] §cThere are blocks in the way!
19:01:15 [allowed] §cThere are blocks in the way!
19:01:17 [allowed] §cThere are blocks in the way!
19:01:18 [allowed] §cThere are blocks in the way!
19:01:19 [allowed] §cThere are blocks in the way!
19:01:20 [allowed] §cThere are blocks in the way!
19:01:21 [allowed] §cThere are blocks in the way!
19:01:22 [allowed] §cThere are blocks in the way!
19:01:23 [allowed] §cThere are blocks in the way!
19:01:49 [allowed] §cThere are blocks in the way!
19:01:51 [allowed] §cThere are blocks in the way!
19:01:52 [allowed] §cThere are blocks in the way!
19:01:53 [allowed] §cThere are blocks in the way!
19:01:55 [allowed] §cThere are blocks in the way!
19:01:58 [allowed] §cThere are blocks in the way!
19:01:59 [allowed] §cThere are blocks in the way!
19:02:00 [allowed] §cThere are blocks in the way!
19:02:01 [allowed] §cThere are blocks in the way!
19:02:03 [allowed] §cThere are blocks in the way!
19:02:04 [allowed] §cThere are blocks in the way!
19:02:05 [allowed] §cThere are blocks in the way!
19:02:11 [allowed] §cThere are blocks in the way!
19:02:17 [allowed] §7Warping...
19:02:17 [allowed] §7Sending to server mini88H...
19:02:18 [allowed] §8 §r§8 §r§1 §r§3 §r§3 §r§7 §r§8 
19:02:19 [allowed]  
19:02:19 [allowed] §f       §7You have §32 §7pending §3Bestiary Milestones §7to be claimed!
19:02:19 [allowed] §f                  §6§l>>> §6§lCLICK HERE§e to claim them! §6§l<<<
19:02:19 [allowed]   
19:02:21 [allowed] §aYou are playing on profile: §eCoconut§b (Co-op)
19:02:21 [allowed] §8Profile ID: 4ef1bd42-ec32-42d4-afba-b766eacde1e7
19:02:23 [allowed] §cThere are blocks in the way!
19:02:30 [allowed] §6[Sacks] §r§a+2§r§e items§r§e.§r§8 (Last 5s.)
19:02:42 [allowed] §c[Important] §r§eThis server will restart soon: §r§bGame Update
19:02:42 [allowed] §eYou have §a30 seconds §eto warp out! §a§l§nCLICK§e to warp now!
19:02:46 [allowed] §8[§r§e85§r§8] §r§b[MVP§c+§b] tigerthefish§f§r§f: ..
19:02:47 [allowed] §8[§r§b208§r§8] §r§7Want_To_play§7§r§7: f**
19:02:48 [allowed] §c ☠ §r§7§r§aBreadCatFan5666§r§7 was killed by Watcher§r§7§r§7.
19:02:53 [allowed] §cThere are blocks in the way!
19:02:54 [allowed] §cThere are blocks in the way!
19:02:54 [allowed] §c ☠ §r§7§r§aIsaknoclap§r§7 was killed by §r§dVoidling Extremist§r§7§r§7.
19:03:07 [allowed] §cThere are blocks in the way!
19:03:08 [allowed] §cThere are blocks in the way!
19:03:10 [allowed] §cThere are blocks in the way!
19:03:10 [allowed] §7Evacuating to Hub...
19:03:10 [allowed] §7Sending to server mini13BV...
19:03:12 [allowed] §8 §r§8 §r§1 §r§3 §r§3 §r§7 §r§8 
19:03:13 [allowed]  
19:03:13 [allowed] §f       §7You have §32 §7pending §3Bestiary Milestones §7to be claimed!
19:03:13 [allowed] §f                  §6§l>>> §6§lCLICK HERE§e to claim them! §6§l<<<
19:03:13 [allowed]   
19:03:15 [allowed] §aYou are playing on profile: §eCoconut§b (Co-op)
19:03:15 [allowed] §8Profile ID: 4ef1bd42-ec32-42d4-afba-b766eacde1e7
19:03:27 [allowed] §cThere are blocks in the way!
19:06:37 [allowed] §aNK_Daniel §r§elaunched a §r§9Bat Firework §r§ein the Village. It's dropping candies for everyone!
19:06:49 [allowed] §aYou earned §r§285 GEXP §r§afrom playing SkyBlock!
19:07:01 [allowed] §cThere are blocks in the way!
19:07:03 [allowed] §6[Sacks] §r§a+16§r§e items§r§e.§r§8 (Last 10s.)
19:07:06 [allowed] §cThere are blocks in the way!
19:07:21 [allowed] §6[Sacks] §r§a+9§r§e items§r§e.§r§8 (Last 7s.)
19:08:19 [allowed] §cNo one has a network booster active right now! Try again later.
19:09:13 [allowed] §cThere are blocks in the way!
19:09:19 [allowed] §cThere are blocks in the way!
19:09:20 [allowed] §cThere are blocks in the way!
19:09:21 [allowed] §cThere are blocks in the way!
19:09:22 [allowed] §cThere are blocks in the way!
19:09:23 [allowed] §cThere are blocks in the way!
19:09:24 [allowed] §cThere are blocks in the way!
19:09:32 [allowed] §cThere are blocks in the way!
19:09:50 [allowed] §6[Bazaar] §r§7Cancelling order...
19:09:50 [allowed] §6[Bazaar] §r§7§r§cCancelled! §r§7Refunded §r§a73§r§7x §r§9§r§cRed Gift §r§7from cancelling Sell Offer!
19:09:53 [allowed] §6[Bazaar] §r§7Putting goods in escrow...
19:09:53 [allowed] §6[Bazaar] §r§7Submitting sell offer...
19:09:53 [allowed] §6[Bazaar] §r§7§r§eSell Offer Setup! §r§a73§r§7x §r§9§r§cRed Gift §r§7for §r§61,975,208 coins§r§7.
19:10:04 [allowed] §6[Auction] §aFlaourr §ebought §fRod of Champions §efor §6999,999 coins §lCLICK
19:10:40 [allowed] §6[Auction] §bplanet7942 §ebought §fRod of Champions §efor §6999,999 coins §lCLICK
19:10:43 [allowed] §7Warping...
19:10:43 [allowed] §7Sending to server mini2W...
19:10:44 [allowed] §8 §r§8 §r§1 §r§3 §r§3 §r§7 §r§8 
19:10:44 [allowed]  
19:10:44 [allowed] §f       §7You have §32 §7pending §3Bestiary Milestones §7to be claimed!
19:10:44 [allowed] §f                  §6§l>>> §6§lCLICK HERE§e to claim them! §6§l<<<
19:10:44 [allowed]   
19:10:47 [allowed] §aYou are playing on profile: §eCoconut§b (Co-op)
19:10:47 [allowed] §8Profile ID: 4ef1bd42-ec32-42d4-afba-b766eacde1e7
19:10:51 [allowed] §cThere are blocks in the way!
19:11:02 [allowed] §cThere are blocks in the way!
19:11:11 [allowed] §c ☠ §r§7§r§7HEVT§r§7 was killed by Zealot§r§7§r§7.
19:11:26 [allowed] §cThere are blocks in the way!
19:11:30 [allowed] §cThere are blocks in the way!
19:11:42 [allowed] §cThere are blocks in the way!
19:11:44 [allowed] §c ☠ §r§7§r§bkenaj3310§r§7 was killed by Voidgloom Seraph§r§7§r§7.
19:11:54 [allowed] §c ☠ §r§7§r§7MHumus§r§7 was killed by Nest Endermite§r§7§r§7.
19:12:10 [allowed] §cThere are blocks in the way!
19:12:32 [allowed] §c ☠ §r§7§r§7MHumus§r§7 was killed by Enderman§r§7§r§7.
19:12:46 [allowed] §aYou earned §r§2150 GEXP §r§afrom playing SkyBlock!
19:12:52 [allowed] §e✆ RING... 
19:12:52 [allowed] §e✆ RING... RING... 
19:12:53 [allowed] §e✆ RING... RING... RING... 
19:12:53 [allowed] §e[NPC] §dTia the Fairy§f: §b✆ §f§r§fThe next relay is on the highest spike of §dThe End§f.
19:12:55 [allowed] §e[NPC] §dTia the Fairy§f: §b✆ §f§r§fIt's on the face which looks at the moon rising.
19:12:57 [allowed] §e[NPC] §dTia the Fairy§f: §b✆ §f§r§fOr the sun! If you're §othat §fkind of person...
19:13:08 [allowed] §c ☠ §r§7§r§7_IDGS_§r§7 was killed by Voidgloom Seraph§r§7§r§7.
19:13:41 [allowed] §aFriend > §r§6FoundLove §r§ejoined.
19:13:55 [allowed] §6[Auction] §aAtsukerai §ebought §fRod of Champions §efor §6999,999 coins §lCLICK
19:13:58 [allowed] §cThere are blocks in the way!
19:14:03 [allowed] §c ☠ §r§7§r§bkenaj3310§r§7 was killed by Voidgloom Seraph§r§7§r§7.
19:14:21 [allowed] §aYou completed the maintenance on the relay!
19:14:21 [allowed] §eYour §r§59f™ Operator Chip §r§ehas been upgraded!
19:14:25 [allowed] §e✆ RING... 
19:14:25 [allowed] §e✆ RING... RING... 
19:14:25 [allowed] §e✆ RING... RING... RING... 
19:14:26 [allowed] §e[NPC] §dTia the Fairy§f: §b✆ §f§r§fThe next relay was placed by our consultant, Odger.
19:14:27 [allowed] §e[NPC] §dTia the Fairy§f: §b✆ §f§r§fHe said "Travel too far home. Bye." after installing it and never called again.
19:14:29 [allowed] §e[NPC] §dTia the Fairy§f: §b✆ §f§r§fMaybe he can tell you where he put the relay?
19:14:32 [allowed] §7Warping...
19:14:32 [allowed] §7Sending to server mini75U...
19:14:33 [allowed] §8 §r§8 §r§1 §r§3 §r§3 §r§7 §r§8 
19:14:34 [allowed]  
19:14:34 [allowed] §f       §7You have §32 §7pending §3Bestiary Milestones §7to be claimed!
19:14:34 [allowed] §f                  §6§l>>> §6§lCLICK HERE§e to claim them! §6§l<<<
19:14:34 [allowed]   
19:14:36 [allowed] §aYou are playing on profile: §eCoconut§b (Co-op)
19:14:36 [allowed] §8Profile ID: 4ef1bd42-ec32-42d4-afba-b766eacde1e7
19:14:46 [allowed] §cThere are blocks in the way!
19:15:12 [allowed] §aYou completed the maintenance on the relay!
19:15:12 [allowed] §eYour §r§59f™ Operator Chip §r§ehas been upgraded!
19:15:19 [allowed] §e✆ RING... 
19:15:19 [allowed] §e✆ RING... RING... 
19:15:19 [allowed] §e✆ RING... RING... RING... 
19:15:20 [allowed] §e[NPC] §dTia the Fairy§f: §b✆ §f§r§fYou need more contacts before you can deal with the next relay!
19:15:22 [allowed] §e[NPC] §dTia the Fairy§f: §b✆ §f§r§fDon't ask me why...
19:15:23 [allowed] §e[NPC] §dTia the Fairy§f: §b✆ §f§r§fI don't make the rules!
19:15:24 [allowed] §8[§r§b218§r§8] §r§7§lꈔ §r§b[MVP§c+§b] Porblematico§f§r§f: ffs
19:16:23 [allowed] §c ☠ §r§7§r§7Dylanonios§r§7 was digested by Hellwisp§r§7§r§7.
19:16:49 [allowed] §6[Bazaar] §r§7Executing instant buy...
19:16:49 [allowed] §6[Bazaar] §r§7Bought §r§a512§r§7x §r§aEnchanted Wool §r§7for §r§6148,634 coins§r§7!
19:16:51 [allowed] §7Warping...
19:16:51 [allowed] §7Sending to server mini27V...
19:16:52 [allowed] §8 §r§8 §r§1 §r§3 §r§3 §r§7 §r§8 
19:16:53 [allowed]  
19:16:53 [allowed] §f       §7You have §32 §7pending §3Bestiary Milestones §7to be claimed!
19:16:53 [allowed] §f                  §6§l>>> §6§lCLICK HERE§e to claim them! §6§l<<<
19:16:53 [allowed]   
19:16:55 [allowed] §aYou are playing on profile: §eCoconut§b (Co-op)
19:16:55 [allowed] §8Profile ID: 4ef1bd42-ec32-42d4-afba-b766eacde1e7
19:17:01 [allowed] §e[NPC] Wool Weaver§f: §b✆ §f§r§fYou want to add m-me... as a contact?
19:17:02 [allowed] §e[NPC] Wool Weaver§f: §b✆ §f§r§fI'm so happy!!
19:17:03 [allowed] §e[NPC] Wool Weaver§f: §b✆ §f§r§fI'd gladly supply you with colorful blocks anywhere, but I'm running out of supplies.
19:17:05 [allowed] §e[NPC] Wool Weaver§f: §b✆ §f§r§fWould you mind getting me §a512 §aEnchanted Wool§f?
19:17:05 [allowed] §a§l[GIVE ITEM] 
19:17:07 [allowed] §e[NPC] Wool Weaver§f: §b✆ §f§r§fThanks a lot! Call me any time to make your island more §cv§6i§eb§ar§ba§9n§dt§f!
19:17:07 [allowed] §b✆ Wool Weaver §r§fhas been added to your Abiphone's contacts!
19:17:11 [allowed] §7[§r§b✆§r§7] §r§7This NPC doesn't own an Abiphone...
19:17:13 [allowed] §e[NPC] Builder§f: §b✆ §f§r§fOh?
19:17:15 [allowed] §e[NPC] Builder§f: §b✆ §f§r§fYes... I could give you my contact... However, may I ask a favor in return?
19:17:18 [allowed] §e[NPC] Builder§f: §b✆ §f§r§fFor a builder to not have a §6Builder's Wand §fis quite uncommon.
19:17:21 [allowed] §e[NPC] Builder§f: §b✆ §f§r§fIf you give me one I'll gladly give you my contact!
19:17:21 [allowed] §a§l[GIVE ITEM] 
19:17:26 [allowed] §7Warping you to your SkyBlock island...
19:17:27 [allowed] §7Sending to server mini72H...
19:17:28 [allowed] §8 §r§8 §r§1 §r§3 §r§3 §r§7 §r§8 
19:17:28 [allowed]  
19:17:28 [allowed] §f       §7You have §32 §7pending §3Bestiary Milestones §7to be claimed!
19:17:28 [allowed] §f                  §6§l>>> §6§lCLICK HERE§e to claim them! §6§l<<<
19:17:28 [allowed]   
19:17:30 [allowed] §aYou are playing on profile: §eCoconut§b (Co-op)
19:17:30 [allowed] §8Profile ID: 4ef1bd42-ec32-42d4-afba-b766eacde1e7
19:17:34 [allowed] §7Warping...
19:17:34 [allowed] §7Sending to server mini15AV...
19:17:35 [allowed] §8 §r§8 §r§1 §r§3 §r§3 §r§7 §r§8 
19:17:35 [allowed] §aFriend > §r§aToastedBreadCrum §r§ejoined.
19:17:35 [allowed]  
19:17:35 [allowed] §f       §7You have §32 §7pending §3Bestiary Milestones §7to be claimed!
19:17:35 [allowed] §f                  §6§l>>> §6§lCLICK HERE§e to claim them! §6§l<<<
19:17:35 [allowed]   
19:17:38 [allowed] §aYou are playing on profile: §eCoconut§b (Co-op)
19:17:38 [allowed] §8Profile ID: 4ef1bd42-ec32-42d4-afba-b766eacde1e7
19:17:38 [allowed] §cThere are blocks in the way!
19:17:42 [allowed] §e[NPC] Builder§f: §b✆ §f§r§fOh?
19:17:44 [allowed] §e[NPC] Builder§f: §b✆ §f§r§fYes... I could give you my contact... However, may I ask a favor in return?
19:17:47 [allowed] §e[NPC] Builder§f: §b✆ §f§r§fFor a builder to not have a §6Builder's Wand §fis quite uncommon.
19:17:50 [allowed] §e[NPC] Builder§f: §b✆ §f§r§fIf you give me one I'll gladly give you my contact!
19:17:50 [allowed] §a§l[GIVE ITEM] 
19:17:51 [allowed] §e[NPC] Builder§f: §b✆ §f§r§fA §6Builder's Wand§f! This is a dream come true!
19:17:51 [allowed] §b✆ Builder §r§fhas been added to your Abiphone's contacts!
19:18:02 [allowed] §6[Bazaar] §r§7Executing instant buy...
19:18:02 [allowed] §6[Bazaar] §r§7Bought §r§a1§r§7x §r§aTorn Cloth §r§7for §r§610,167 coins§r§7!
19:18:04 [allowed] §7Warping...
19:18:04 [allowed] §7Sending to server mini156R...
19:18:06 [allowed] §8 §r§8 §r§1 §r§3 §r§3 §r§7 §r§8 
19:18:06 [allowed]  
19:18:06 [allowed] §f       §7You have §32 §7pending §3Bestiary Milestones §7to be claimed!
19:18:06 [allowed] §f                  §6§l>>> §6§lCLICK HERE§e to claim them! §6§l<<<
19:18:06 [allowed]   
19:18:08 [allowed] §aYou are playing on profile: §eCoconut§b (Co-op)
19:18:08 [allowed] §8Profile ID: 4ef1bd42-ec32-42d4-afba-b766eacde1e7
19:18:10 [allowed] §cThere are blocks in the way!
19:18:11 [allowed] §e[NPC] §2Roddy§f: §b✆ §f§r§fHey pal! You lookin' for the §9contact§f, eh?
19:18:13 [allowed] §e[NPC] §2Roddy§f: §b✆ §f§r§fAlright, pop a squat and listen up then, buddy.
19:18:16 [allowed] §e[NPC] §2Roddy§f: §b✆ §f§r§fThis morning I got woken up by a §9Banshee §fscreechin' outside my window.
19:18:16 [allowed] §8[§r§c465§r§8] §r§7⸙ §r§6[MVP§0++§6] SakuraPaul§f§r§f: well people will mostlikely pay alot to get alot of the foraging stuff early
19:18:19 [allowed] §e[NPC] §2Roddy§f: §b✆ §f§r§fBefore I knew it, she snatched something from my washin' line and leapt back into the §2Bayou§f.
19:18:22 [allowed] §e[NPC] §2Roddy§f: §b✆ §f§r§fIf you get that piece of §aTorn Cloth §fback off the Banshee, I'll give you my contact.
19:18:22 [allowed] §a§l[GIVE ITEM] 
19:18:25 [allowed] §e[NPC] §2Roddy§f: §b✆ §f§r§fYou got my §aTorn Cloth §fback!
19:18:27 [allowed] §e[NPC] §2Roddy§f: §b✆ §f§r§fWell, what's left of it.
19:18:29 [allowed] §e[NPC] §2Roddy§f: §b✆ §f§r§fNot gonna be able to wear this anymore, bud. But a deal's a deal, I guess!
19:18:31 [allowed] §e[NPC] §2Roddy§f: §b✆ §f§r§fHere's my contact, boss.
19:18:31 [allowed] §b✆ §r§2Roddy §r§fhas been added to your Abiphone's contacts!
19:18:32 [allowed] §c ☠ §r§7§r§aMronker§r§7 was killed by Wiki Tiki Laser Totem§r§7§r§7.
19:18:42 [allowed] §7Your Giant's Sword hit §r§c2 §r§7enemies for §r§c152,560 §r§7damage.
19:18:42 [allowed] §cThis ability is on cooldown for 30s.
19:19:05 [allowed] §7[§r§b✆§r§7] §r§7This NPC doesn't own an Abiphone...
19:19:07 [allowed] §cThere are blocks in the way!
19:19:08 [allowed] §7[§r§b✆§r§7] §r§7You cannot add this NPC as a contact...
19:19:14 [allowed] §7Warping...
19:19:15 [allowed] §7Sending to server mega35C...
19:19:16 [allowed] §8 §r§8 §r§1 §r§3 §r§3 §r§7 §r§8 
19:19:16 [allowed]  
19:19:16 [allowed] §f       §7You have §32 §7pending §3Bestiary Milestones §7to be claimed!
19:19:16 [allowed] §f                  §6§l>>> §6§lCLICK HERE§e to claim them! §6§l<<<
19:19:16 [allowed]   
19:19:18 [allowed] §8[§r§70§r§8] §r§7NotJibJames§7§r§7: Wanna be displayed on my island? /visit me
19:19:18 [allowed] §aYou are playing on profile: §eCoconut§b (Co-op)
19:19:18 [allowed] §8Profile ID: 4ef1bd42-ec32-42d4-afba-b766eacde1e7
19:19:19 [allowed] §7Warping...
19:19:27 [allowed] §aYou retrieved your §r§aJungle Axe §r§afrom the §r§3Museum§r§a!
19:19:27 [allowed] §7It still counts towards your §r§3Museum§r§7 progress, but not towards your §r§6total item value§r§7.
19:19:34 [allowed] §cThere are blocks in the way!
19:19:35 [allowed] §7[§r§b✆§r§7] §r§7This NPC doesn't own an Abiphone...
19:19:45 [allowed] §8[§r§a126§r§8] §r§6ௐ §r§b[MVP§6+§b] yeetest§f§r§f: giving away 256 coins
19:19:48 [allowed] §e[NPC] Lumber Merchant§f: §b✆ §f§r§fYou want my contact? Sure.
19:19:49 [allowed] §e[NPC] Lumber Merchant§f: §b✆ §f§r§fLet's see...
19:19:50 [allowed] §e[NPC] Lumber Merchant§f: §b✆ §f§r§fMy Axe could do with an upgrade...
19:19:52 [allowed] §8[§r§a126§r§8] §r§6ௐ §r§b[MVP§6+§b] yeetest§f§r§f: at maep
19:19:52 [allowed] §e[NPC] Lumber Merchant§f: §b✆ §f§r§fThat's right! A §a§aJungle Axe §fis what I desire!
19:19:52 [allowed] §a§l[GIVE ITEM] 
19:19:54 [allowed] §e[NPC] Lumber Merchant§f: §b✆ §f§r§fA §a§aJungle Axe§f! I sure owe you one!
19:19:55 [allowed] §e[NPC] Lumber Merchant§f: §b✆ §f§r§fA deal is a deal and I'm a man of my word. Here's my contact.
19:19:55 [allowed] §b✆ Lumber Merchant §r§fhas been added to your Abiphone's contacts!
19:19:57 [allowed] §7[§r§b✆§r§7] §r§7This NPC doesn't own an Abiphone...
19:20:08 [allowed] §8[§r§b223§r§8] §r§6§l⸕ §r§b[MVP§c+§b] Memphisf7§f§r§f: LMAO
19:20:14 [allowed] §8[§r§b223§r§8] §r§6§l⸕ §r§b[MVP§c+§b] Memphisf7§f§r§f: HE PUT A M ON IT
19:20:18 [allowed] §8[§r§b223§r§8] §r§6§l⸕ §r§b[MVP§c+§b] Memphisf7§f§r§f: 256 M FOR ME
19:20:21 [allowed] §8[§r§b223§r§8] §r§6§l⸕ §r§b[MVP§c+§b] Memphisf7§f§r§f: HAHHAHAHA\
19:20:32 [allowed] §8[§r§b223§r§8] §r§6§l⸕ §r§b[MVP§c+§b] Memphisf7§f§r§f: LLLMAO
19:20:35 [allowed] §8[§r§a126§r§8] §r§6ௐ §r§b[MVP§6+§b] yeetest§f§r§f: now give back the money
19:20:37 [allowed] §8[§r§a126§r§8] §r§6ௐ §r§b[MVP§6+§b] yeetest§f§r§f: fr
19:20:37 [allowed] §8[§r§b223§r§8] §r§6§l⸕ §r§b[MVP§c+§b] Memphisf7§f§r§f: no
19:20:42 [allowed] §8[§r§b223§r§8] §r§6§l⸕ §r§b[MVP§c+§b] Memphisf7§f§r§f: u gab
19:20:46 [allowed] Unknown command. Type "/help" for help. ('giftmilestone')
19:20:53 [allowed] §8[§r§3249§r§8] §r§7ф §r§b[MVP§r§0+§r§b] KobeAim§r§f: whats the command for gift milestone
19:20:56 [allowed] Unknown command. Type "/help" for help. ('gift milestone')
19:20:57 [allowed] §8[§r§9299§r§8] §r§7α §r§b[MVP§2+§b] Creeperbaendiger§f§r§f: Lowballing with 470m coins! No minions no skins etc! Fair Prices!
19:21:00 [allowed] §8[§r§a126§r§8] §r§6ௐ §r§b[MVP§6+§b] yeetest§f§r§f: ima report u for stealing my 256 coins
19:21:00 [allowed] §8[§r§b223§r§8] §r§6§l⸕ §r§b[MVP§c+§b] Memphisf7§f§r§f: lmao
19:21:04 [allowed] §8[§r§b223§r§8] §r§6§l⸕ §r§b[MVP§c+§b] Memphisf7§f§r§f: finenee
19:21:07 [allowed] §8[§r§f51§r§8] §r§6▒ §r§7DeluxeGamr§7§r§7: brand new cafe everything free type /visit DeluxeGamr
19:21:15 [allowed] §8[§2170§8] §7❤ §r§a[VIP§6+§a] Wheresglow§f§7 is holding §r§8[§8✿ §dAncient Necron's Chestplate §6✪✪✪✪✪§c➊§8]
19:21:16 [allowed] §8[§r§2170§r§8] §r§7❤ §r§a[VIP§6+§a] Wheresglow§f§r§f: selling 135m
19:21:20 [allowed] §8[§r§a138§r§8] §r§b[MVP§f+§b] NotSowrd§f§r§f: SELLING SNOW MINIONS 750k T11 250K T1 /visit notsowrd
19:21:29 [allowed] §7Putting coins in escrow...
19:21:29 [allowed] §7Processing purchase...
19:21:30 [allowed] §cThere was an error with the auction house! §r§7(AUCTION_EXPIRED_OR_NOT_FOUND)
19:21:30 [allowed] §7Checking escrow for recent transaction...
19:21:30 [allowed] §eEscrow refunded §r§66,799,999 coins §r§efor §r§bBIN Auction Buy§r§e!
19:21:31 [allowed] §aYou earned §r§2170 GEXP §r§afrom playing SkyBlock!
19:21:33 [allowed] §c ☠ §r§7§r§aJaezick§r§7 was killed by Sea Guardian§r§7§r§7.
19:21:34 [allowed] §7Putting coins in escrow...
19:21:34 [allowed] §7Processing purchase...
19:21:34 [allowed] §eYou purchased §r§f§r§f§r§cMagic Find Enrichment §r§efor §r§66,900,000 coins§r§e!
19:21:34 [allowed] §7Claiming BIN auction...
19:21:34 [allowed] §eYou claimed §r§f§r§cMagic Find Enrichment §r§efrom §r§a[VIP§r§6+§r§a] Ningx05§r§e's auction!
19:21:59 [allowed] §8[§r§730§r§8] §r§7HeIenKeller§7§r§7: ANYONE LOW BALLING
19:22:31 [allowed] §8[§r§a138§r§8] §r§b[MVP§f+§b] NotSowrd§f§r§f: SELLING SNOW MINIONS 200k PER /visit notsowrd
19:22:37 [allowed] §8[§r§70§r§8] §r§7nicolaiandre10§7§r§7: bro there are so many villagers i gotta talk to, this tutorial sucks but u gotta do what you gotta do
19:22:39 [allowed] §c ☠ §r§7§r§aJaezick§r§7 was killed by Sea Guardian§r§7§r§7.
19:23:06 [allowed] §8[§r§727§r§8] §r§7turjo121§7§r§7: you dont really HAVE to
19:23:11 [allowed] §6[Auction] §aARSSA001 §ebought §fRod of Champions §efor §6999,999 coins §lCLICK
19:23:11 [allowed] §7Placing your bid...
19:23:11 [allowed] §aSuccessfully placed your Stonk bid of §r§63,100,000 Coins§r§a!
19:23:13 [allowed] §aYou claimed §r§82x §r§5Stock of Stonks §r§afrom the §r§dStonks Auction§r§a!
19:23:19 [allowed] §aYou bought §r§5Golden Fragment§r§a!
19:23:24 [allowed] §cNo one has a network booster active right now! Try again later.
19:23:35 [allowed] §c ☠ §r§7§r§aJaezick§r§7 was killed by Sea Guardian§r§7§r§7.
19:23:45 [allowed] §8[§r§b203§r§8] §r§6§l⸕ §r§b[MVP§2+§b] Neqy_§f§r§f: anyone selling tier 1 flower minion? party me
19:24:26 [allowed] §8[§r§f41§r§8] §r§a[VIP] Dreamedc2015§f§r§f: lowballing 50m take anything /visit
19:24:27 [allowed] §c ☠ §r§7§r§aJaezick§r§7 was killed by Sea Guardian§r§7§r§7.
19:24:28 [allowed] §2Guild > §r§bBlazeKickers §r§ejoined.
19:24:46 [allowed] §8[§r§a139§r§8] §r§7§l㋖ §r§a[VIP§6+§a] Vrrooom23§f§r§f: lowballing 500m visit me with price in mind
19:24:49 [allowed] §8[§r§b217§r§8] §r§7☃ §r§b[MVP§f+§b] KarmaMercure265§f§r§f: someone buy my ah good flip
19:25:23 [allowed] §aYou bought §r§cKat Flower§r§a!
19:25:27 [allowed] §e[NPC] §bKat§f: §b✆ §f§r§fFriends? Sure!
19:25:29 [allowed] §e[NPC] §bKat§f: §b✆ §f§r§fBut hold on, I don't give my contact to everyone.
19:25:32 [allowed] §e[NPC] §bKat§f: §b✆ §f§r§fGive me something I like first!
19:25:32 [allowed] §a§l[GIVE ITEM] 
19:25:33 [allowed] §e[NPC] §bKat§f: §b✆ §f§r§fAww, you shouldn't have! §a:3
19:25:33 [allowed] §b✆ §r§bKat §r§fhas been added to your Abiphone's contacts!
19:25:44 [allowed] §7Warping...
19:25:44 [allowed] §7Sending to server mini191W...
19:25:45 [allowed] §8 §r§8 §r§1 §r§3 §r§3 §r§7 §r§8 
19:25:46 [allowed]  
19:25:46 [allowed] §f       §7You have §32 §7pending §3Bestiary Milestones §7to be claimed!
19:25:46 [allowed] §f                  §6§l>>> §6§lCLICK HERE§e to claim them! §6§l<<<
19:25:46 [allowed]   
19:25:48 [allowed] §aYou are playing on profile: §eCoconut§b (Co-op)
19:25:48 [allowed] §8Profile ID: 4ef1bd42-ec32-42d4-afba-b766eacde1e7
19:26:39 [allowed] §5☬ §r§dThe Dragon Egg has spawned!
19:26:40 [allowed] §5☬ §r§aIceCold2224 §r§dplaced a Summoning Eye! §r§7(§r§e1§r§7/§r§a8§r§7)
19:26:41 [allowed] §5☬ §r§aIceCold2224 §r§dplaced a Summoning Eye! §r§7(§r§e2§r§7/§r§a8§r§7)
19:26:44 [allowed] §5☬ §r§aDuckYeah §r§dplaced a Summoning Eye! §r§7(§r§e3§r§7/§r§a8§r§7)
19:26:44 [allowed] §5☬ §r§aIceCold2224 §r§dplaced a Summoning Eye! §r§7(§r§e4§r§7/§r§a8§r§7)
19:26:44 [allowed] §5☬ §r§aIceCold2224 §r§dplaced a Summoning Eye! §r§7(§r§e5§r§7/§r§a8§r§7)
19:26:45 [allowed] §5☬ §r§aDuckYeah §r§dplaced a Summoning Eye! §r§7(§r§e6§r§7/§r§a8§r§7)
19:26:46 [allowed] §cThere are blocks in the way!
19:26:47 [allowed] §cThere are blocks in the way!
19:26:48 [allowed] §5☬ §r§aDuckYeah §r§dplaced a Summoning Eye! §r§7(§r§e7§r§7/§r§a8§r§7)
19:26:49 [allowed] §5☬ §r§aDuckYeah §r§dplaced a Summoning Eye! Brace yourselves! §r§7(§r§a8§r§7/§r§a8§r§7)
19:26:56 [allowed] §cThere are blocks in the way!
19:26:56 [allowed] §cThere are blocks in the way!
19:26:59 [allowed] §5☬ §r§d§lThe §r§5§c§lProtector Dragon§r§d§l has spawned!
19:26:59 [allowed] §5☬ §r§7Jett5 §r§ddestroyed an §r§5Ender Crystal§r§d!
19:27:02 [allowed] §5☬ §r§7JustTheKing25 §r§ddestroyed an §r§5Ender Crystal§r§d!
19:27:02 [allowed] §5☬ §r§dYou destroyed an §r§5Ender Crystal§r§d!
19:27:02 [allowed] §5☬ §r§7Mama1830 §r§ddestroyed an §r§5Ender Crystal§r§d!
19:27:04 [allowed] §5☬ §r§bRobsterMcK §r§ddestroyed an §r§5Ender Crystal§r§d!
19:27:06 [allowed] §5☬ §r§bRobsterMcK §r§ddestroyed an §r§5Ender Crystal§r§d!
19:27:07 [allowed] §a§l▬▬▬▬▬▬▬▬▬▬▬▬▬▬▬▬▬▬▬▬▬▬▬▬▬▬▬▬▬▬▬▬▬▬▬▬▬▬▬▬▬▬▬▬▬▬▬▬▬▬▬▬▬▬▬▬▬▬▬▬▬▬▬▬
19:27:07 [allowed] §f                      §r§6§lPROTECTOR DRAGON DOWN!
19:27:07 [allowed] 
19:27:07 [allowed] §f                     §r§b[MVP§r§3+§r§b] Uxiii§r§f §r§7dealt the final blow.
19:27:07 [allowed] 
19:27:07 [allowed] §f              §r§e§l1st Damager §r§7- §r§b[MVP§r§3+§r§b] Uxiii§r§f §r§7- §r§e12,330,403
19:27:07 [allowed] §f             §r§6§l2nd Damager §r§7- §r§b[MVP§r§0+§r§b] KobeAim§r§f §r§7- §r§e380,792
19:27:07 [allowed] §f       §r§c§l3rd Damager §r§7- §r§a[VIP§r§6+§r§a] BlackjackPlayz21§r§f §r§7- §r§e305,704
19:27:07 [allowed] 
19:27:07 [allowed] §f                  §r§eYour Damage: §r§a380,792 §r§7(Position #2)
19:27:07 [allowed] §f                     §r§eRunecrafting: §r§d+144 XP §r§eBits: §r§b+59
19:27:07 [allowed] §f                            §r§d+5 Dragon Essence
19:27:07 [allowed] 
19:27:07 [allowed] §a§l▬▬▬▬▬▬▬▬▬▬▬▬▬▬▬▬▬▬▬▬▬▬▬▬▬▬▬▬▬▬▬▬▬▬▬▬▬▬▬▬▬▬▬▬▬▬▬▬▬▬▬▬▬▬▬▬▬▬▬▬▬▬▬▬
19:27:08 [allowed] §6[Sacks] §r§a+1§r§e item§r§e.§r§8 (Last 5s.)
19:27:10 [allowed] §cThere are blocks in the way!
19:27:16 [allowed] §6§lRARE DROP! §r§aEnchanted Ender Pearl
19:27:24 [allowed] §cThere are blocks in the way!
19:27:30 [allowed] §cThere are blocks in the way!
19:27:31 [allowed] §6[Sacks] §r§a+21§r§e items§r§e.§r§8 (Last 14s.)
19:27:33 [allowed] §a§l+5 Kill Combo §r§b+3% §r§b✯ Magic Find
19:27:35 [allowed] §cThere are blocks in the way!
19:27:39 [allowed] §a§l+10 Kill Combo §r§8+§r§610 §r§7coins per kill
19:27:39 [allowed] §6§lRARE DROP! §r§aEnchanted Ender Pearl §r§b(+§r§b206% §r§b✯ Magic Find§r§b)
19:27:43 [allowed] §5§lENDER NODE! §r§fYou found §r§8§r§aEnchanted Obsidian§r§f!
19:27:45 [allowed] §cYour Kill Combo has expired! You reached a 12 Kill Combo!
19:27:46 [allowed] §5§lENDER NODE! §r§fYou found §r§85x §r§aGrand Experience Bottle§r§f!
19:27:48 [allowed] §5§lENDER NODE! §r§fYou found §r§85x §r§aGrand Experience Bottle§r§f!
19:27:50 [allowed] §a§l+5 Kill Combo §r§b+3% §r§b✯ Magic Find
19:27:55 [allowed] §5§lENDER NODE! §r§fYou found §r§8§r§cEndermite Nest§r§f!
19:27:57 [allowed] §a§l+10 Kill Combo §r§8+§r§610 §r§7coins per kill
19:27:57 [allowed] §7Your Giant's Sword hit §r§c2 §r§7enemies for §r§c1,152,758 §r§7damage.
19:27:59 [allowed] §2Guild > §r§bBlazeKickers §r§eleft.
19:28:02 [allowed] §cThere are blocks in the way!
19:28:03 [allowed] §6[Sacks] §r§a+112§r§e items§r§e.§r§8 (Last 30s.)
19:28:05 [allowed] §cYour Kill Combo has expired! You reached a 12 Kill Combo!
19:28:07 [allowed] §5☬ §r§dThe Dragon Egg has spawned!
19:28:09 [allowed] §5☬ §r§aIceCold2224 §r§dplaced a Summoning Eye! §r§7(§r§e1§r§7/§r§a8§r§7)
19:28:10 [allowed] §5☬ §r§aIceCold2224 §r§dplaced a Summoning Eye! §r§7(§r§e2§r§7/§r§a8§r§7)
19:28:10 [allowed] §5☬ §r§aIceCold2224 §r§dplaced a Summoning Eye! §r§7(§r§e3§r§7/§r§a8§r§7)
19:28:11 [allowed] §5☬ §r§aIceCold2224 §r§dplaced a Summoning Eye! §r§7(§r§e4§r§7/§r§a8§r§7)
19:28:11 [allowed] §5☬ §r§aDuckYeah §r§dplaced a Summoning Eye! §r§7(§r§e5§r§7/§r§a8§r§7)
19:28:12 [allowed] §5☬ §r§aDuckYeah §r§dplaced a Summoning Eye! §r§7(§r§e6§r§7/§r§a8§r§7)
19:28:14 [allowed] §c ☠ §r§7§r§7JeevsTDM§r§7 was killed by Voidgloom Seraph§r§7§r§7.
19:28:15 [allowed] §5☬ §r§aDuckYeah §r§dplaced a Summoning Eye! §r§7(§r§e7§r§7/§r§a8§r§7)
19:28:15 [allowed] §6[Sacks] §r§a+18§r§e items§r§e.§r§8 (Last 9s.)
19:28:16 [allowed] §5☬ §r§aDuckYeah §r§dplaced a Summoning Eye! Brace yourselves! §r§7(§r§a8§r§7/§r§a8§r§7)
19:28:26 [allowed] §5☬ §r§d§lThe §r§5§c§lOld Dragon§r§d§l has spawned!
19:28:28 [allowed] §5☬ §r§bRobsterMcK §r§ddestroyed an §r§5Ender Crystal§r§d!
19:28:29 [allowed] §5☬ §r§aDuckYeah §r§ddestroyed an §r§5Ender Crystal§r§d!
19:28:31 [allowed] §5☬ §r§bRobsterMcK §r§ddestroyed an §r§5Ender Crystal§r§d!
19:28:33 [allowed] §5☬ §r§7BigBoyKoka §r§ddestroyed an §r§5Ender Crystal§r§d!
19:28:34 [allowed] §5☬ §r§d§lThe Dragon's Gate is weakening!
19:28:37 [allowed] §c[BOSS] §r§cOld Dragon§r§f: §r§6I call upon my loyal servants for this final battle!
19:28:37 [allowed] §a§l▬▬▬▬▬▬▬▬▬▬▬▬▬▬▬▬▬▬▬▬▬▬▬▬▬▬▬▬▬▬▬▬▬▬▬▬▬▬▬▬▬▬▬▬▬▬▬▬▬▬▬▬▬▬▬▬▬▬▬▬▬▬▬▬
19:28:37 [allowed] §f                           §r§6§lOLD DRAGON DOWN!
19:28:37 [allowed] 
19:28:37 [allowed] §f                     §r§b[MVP§r§3+§r§b] Uxiii§r§f §r§7dealt the final blow.
19:28:37 [allowed] 
19:28:37 [allowed] §f              §r§e§l1st Damager §r§7- §r§b[MVP§r§3+§r§b] Uxiii§r§f §r§7- §r§e17,968,431
19:28:37 [allowed] §f            §r§6§l2nd Damager §r§7- §r§b[MVP§r§0+§r§b] KobeAim§r§f §r§7- §r§e2,209,026
19:28:37 [allowed] §f      §r§c§l3rd Damager §r§7- §r§a[VIP§r§6+§r§a] BlackjackPlayz21§r§f §r§7- §r§e1,248,766
19:28:37 [allowed] 
19:28:37 [allowed] §f      §r§eYour Damage: §r§a2,209,026 §r§d§l(NEW RECORD!) §r§7(Position #2)
19:28:37 [allowed] §f                     §r§eRunecrafting: §r§d+260 XP §r§eBits: §r§b+59
19:28:37 [allowed] §f                            §r§d+5 Dragon Essence
19:28:37 [allowed] 
19:28:37 [allowed] §a§l▬▬▬▬▬▬▬▬▬▬▬▬▬▬▬▬▬▬▬▬▬▬▬▬▬▬▬▬▬▬▬▬▬▬▬▬▬▬▬▬▬▬▬▬▬▬▬▬▬▬▬▬▬▬▬▬▬▬▬▬▬▬▬▬
19:28:45 [allowed] §cThere are blocks in the way!
19:28:45 [allowed] §cThere are blocks in the way!
19:28:47 [allowed] §cThere are blocks in the way!
19:28:48 [allowed] §6[Sacks] §r§a+8§r§e items§r§e.§r§8 (Last 5s.)
19:28:49 [allowed] §aYou earned §r§2243 GEXP §r§afrom playing SkyBlock!
19:28:55 [allowed] §cThere are blocks in the way!
19:28:55 [allowed] §cThere are blocks in the way!
19:28:58 [allowed] §7Warping...
19:28:58 [allowed] §7Sending to server mega12A...
19:28:59 [allowed] §8 §r§8 §r§1 §r§3 §r§3 §r§7 §r§8 
19:28:59 [allowed]  
19:28:59 [allowed] §f       §7You have §32 §7pending §3Bestiary Milestones §7to be claimed!
19:28:59 [allowed] §f                  §6§l>>> §6§lCLICK HERE§e to claim them! §6§l<<<
19:28:59 [allowed]   
19:29:01 [allowed] §cThere are blocks in the way!
19:29:02 [allowed] §cThere are blocks in the way!
19:29:02 [allowed] §aYou are playing on profile: §eCoconut§b (Co-op)
19:29:02 [allowed] §8Profile ID: 4ef1bd42-ec32-42d4-afba-b766eacde1e7
19:29:04 [allowed] §e[NPC] §5Dusk§f: §b✆ §f§r§fOhhhh, you did it.
19:29:05 [allowed] §8[§r§f49§r§8] §r§7FAA1L§7§r§7: thx Link9126
19:29:05 [allowed] §e[NPC] §5Dusk§f: §b✆ §f§r§fPerfect.
19:29:06 [allowed] §8[§r§9315§r§8] §r§6⚔ §r§b[MVP§c+§b] m7non§f§r§f: lowballing 2.3b
19:29:08 [allowed] §e[NPC] §5Dusk§f: §b✆ §f§r§fHere take my contact, but don't give it to anyone else!
19:29:08 [allowed] §b✆ §r§5Dusk §r§fhas been added to your Abiphone's contacts!
19:29:18 [allowed] §8[§r§b203§r§8] §r§7❁ §r§b[MVP§f+§b] 1096ms§f§r§f: lowball 3b /visit
19:29:29 [allowed] §7[§r§b✆§r§7] This NPC is already in your contacts list!
19:29:31 [allowed] §8[§r§f77§r§8] §r§a[VIP] dr4gn0§f§r§f: its happy hour at the sleepy fox cafe! come chill and enjoy a free treat on the house! /visit dr4gn0
19:29:35 [allowed] §7[§r§b✆§r§7] §r§7You cannot add this NPC as a contact...
19:29:36 [allowed] §e[NPC] Jacobus§f: §rCoins aren't everything, but everything needs coins.
19:29:37 [allowed] §e[NPC] Jacobus§f: §rCoins aren't everything, but everything needs coins.
19:29:41 [allowed] §eUpgraded accessory bag size by §r§6+2 Slots §r§efor §r§612,000,000 Coins§r§e!
19:29:41 [allowed] §8[§r§729§r§8] §r§7Pranav2201§7§r§7: can anyone spare me some money i need it
19:30:04 [allowed] §aYour §r§eTuning Points §r§awere auto-assigned as convenience!
19:30:09 [allowed] §8[§r§79§r§8] §r§a[VIP§6+§a] BabyLamb135§f§r§f: how meny coins you have
19:30:11 [allowed] §bCounterfactual §r§elaunched a §r§9Bat Firework §r§ein the Village. It's dropping candies for everyone!
19:30:19 [allowed] §8[§r§e84§r§8] §r§b[MVP§c+§b] Landoee_a§f§r§f: lb 4mil /visit me
19:30:21 [allowed] §b-----------------------------------------------------
19:30:21 [allowed] §b[MVP§r§0+§r§b] KobeAim§r§f §r§ecollected an auction for §r§6999,999 coins§r§e!
19:30:21 [allowed] §b-----------------------------------------------------
19:30:21 [allowed] §eYou collected §r§6999,999 coins §r§efrom selling §r§f§r§9Rod of Champions §r§eto §r§a[VIP] Atsukerai §r§ein an auction!
19:30:22 [allowed] §b-----------------------------------------------------
19:30:22 [allowed] §b[MVP§r§0+§r§b] KobeAim§r§f §r§ecollected an auction for §r§6999,999 coins§r§e!
19:30:22 [allowed] §b-----------------------------------------------------
19:30:22 [allowed] §eYou collected §r§6999,999 coins §r§efrom selling §r§f§r§9Rod of Champions §r§eto §r§a[VIP] ARSSA001 §r§ein an auction!
19:30:22 [allowed] §b-----------------------------------------------------
19:30:22 [allowed] §b[MVP§r§0+§r§b] KobeAim§r§f §r§ecollected an auction for §r§6999,999 coins§r§e!
19:30:22 [allowed] §b-----------------------------------------------------
19:30:22 [allowed] §b-----------------------------------------------------
19:30:22 [allowed] §b[MVP§r§0+§r§b] KobeAim§r§f §r§ecollected an auction for §r§6999,999 coins§r§e!
19:30:22 [allowed] §b-----------------------------------------------------
19:30:22 [allowed] §eYou collected §r§6999,999 coins §r§efrom selling §r§f§r§9Rod of Champions §r§eto §r§b[MVP§r§2+§r§b] planet7942 §r§ein an auction!
19:30:22 [allowed] §eYou collected §r§6999,999 coins §r§efrom selling §r§f§r§9Rod of Champions §r§eto §r§a[VIP] Flaourr §r§ein an auction!
19:30:22 [allowed] §8[§r§9315§r§8] §r§6⚔ §r§b[MVP§c+§b] m7non§f§r§f: lowballing 2.3b purse
19:30:25 [allowed] §8[§r§729§r§8] §r§7Pranav2201§7§r§7: thank you
19:30:33 [allowed] §8[§r§e81§r§8] §r§a[VIP] Blue_Riper§f§r§f: knock yourself out<3
19:30:33 [allowed] §7Warping...
19:30:33 [allowed] §7Sending to server mini80AN...
19:30:34 [allowed] §8 §r§8 §r§1 §r§3 §r§3 §r§7 §r§8 
19:30:34 [allowed]  
19:30:34 [allowed] §f       §7You have §32 §7pending §3Bestiary Milestones §7to be claimed!
19:30:34 [allowed] §f                  §6§l>>> §6§lCLICK HERE§e to claim them! §6§l<<<
19:30:34 [allowed]   
19:30:36 [allowed] §aYou are playing on profile: §eCoconut§b (Co-op)
19:30:36 [allowed] §8Profile ID: 4ef1bd42-ec32-42d4-afba-b766eacde1e7
19:30:40 [allowed] §cThere are blocks in the way!
19:30:40 [allowed] §cThere are blocks in the way!
19:30:41 [allowed] §cThere are blocks in the way!
19:30:44 [allowed] §cThere are blocks in the way!
19:30:45 [allowed] §cThere are blocks in the way!
19:30:48 [allowed] §6[Sacks] §r§a+4§r§e items§r§e.§r§8 (Last 5s.)
19:30:57 [allowed] §8[§r§b216§r§8] §r§7♦ §r§b[MVP§c+§b] zzzxz1337§f§r§f: again lord
19:30:58 [allowed] §8[§r§b216§r§8] §r§7♦ §r§b[MVP§c+§b] zzzxz1337§f§r§f: spawned
19:30:59 [allowed] §e[NPC] §5Kheharad§f: §r§fI don't have anything to sell you right now.
19:31:01 [allowed] §e[NPC] §5Kheharad§f: §r§fCome back later and I might be able to sell you something!
19:31:04 [allowed] §cThere are blocks in the way!
19:31:10 [allowed] §c ☠ §r§7§r§bzzzxz1337§r§7 was killed by Lord Jawbus§r§7§r§7.
19:31:10 [allowed] §e[NPC] §5Rhanora§f: §r§fDo you like my cats?
19:31:12 [allowed] §e[NPC] §5Rhanora§f: §r§fMy favorite cat? I love them all.
19:31:14 [allowed] §e[NPC] §5Rhanora§f: §r§fI like to study cats, and I think they sometimes study me.
19:31:16 [allowed] §e[NPC] §5Rhanora§f: §r§fI think all cats teleport to the same spiritual world when they dream.
19:31:18 [allowed] §e[NPC] §5Rhanora§f: §r§fCats are the only known animals that are gifted with magic, except they are too lazy to use their powers.
19:31:20 [allowed] §e[NPC] §5Rhanora§f: §r§fMy dear Leo is on his 9th life, I give him all the care in the world.
19:31:21 [allowed] §7[§r§b✆§r§7] §r§7This NPC doesn't own an Abiphone...
19:31:21 [allowed] §e[NPC] §5Eludore§f: §r§fThe Academy was great today, learned a lot of important things.
19:31:24 [allowed] §e[NPC] §5Eludore§f: §r§fI'm just waiting for my friend to arrive so we can walk back home together.
19:31:27 [allowed] §c ☠ §r§7§r§bDesotroya§r§7 was killed by Lord Jawbus§r§7§r§7.
19:31:27 [allowed] §cThere are blocks in the way!
19:31:27 [allowed] §cThere are blocks in the way!
19:31:28 [allowed] §cThere are blocks in the way!
19:31:32 [allowed] §c ☠ §r§7§r§bProNoob09§r§7 was killed by §r§5§lMage Outlaw§r§7§r§7.
19:31:37 [allowed] §c ☠ §r§7§r§bzzzxz1337§r§7 was killed by Lord Jawbus§r§7§r§7.
19:31:37 [allowed] §c ☠ §r§7§r§bDesotroya§r§7 was killed by Lord Jawbus§r§7§r§7.
19:31:38 [allowed] §c ☠ §r§7§r§bblanklife§r§7 was killed by §r§8§lBladesoul§r§7§r§7.
19:31:52 [allowed] §c ☠ §r§7§r§bzzzxz1337§r§7 was killed by Lord Jawbus§r§7§r§7.
19:31:53 [allowed] §c ☠ §r§7§r§bProNoob09§r§7 was killed by §r§5§lMage Outlaw§r§7§r§7.
19:32:38 [allowed] §cThere are blocks in the way!
19:32:39 [allowed] §cThere are blocks in the way!
19:34:02 [allowed] §aYou earned §r§2360 GEXP §r§afrom playing SkyBlock!
19:35:52 [allowed] §cThere are blocks in the way!
19:35:57 [allowed] §cThere are blocks in the way!
19:35:59 [allowed] §7Warping...
19:35:59 [allowed] §7Sending to server mini192BP...
19:36:00 [allowed] §8 §r§8 §r§1 §r§3 §r§3 §r§7 §r§8 
19:36:01 [allowed]  
19:36:01 [allowed] §f       §7You have §32 §7pending §3Bestiary Milestones §7to be claimed!
19:36:01 [allowed] §f                  §6§l>>> §6§lCLICK HERE§e to claim them! §6§l<<<
19:36:01 [allowed]   
19:36:03 [allowed] §aYou are playing on profile: §eCoconut§b (Co-op)
19:36:03 [allowed] §8Profile ID: 4ef1bd42-ec32-42d4-afba-b766eacde1e7
19:36:23 [allowed] §cThere are blocks in the way!
19:36:23 [allowed] §cThere are blocks in the way!
19:36:24 [allowed] §cThere are blocks in the way!
19:37:01 [allowed] §cThere are blocks in the way!
19:37:09 [allowed] §cThere are blocks in the way!
19:37:15 [allowed] §cThere are blocks in the way!
19:37:15 [allowed] §cThere are blocks in the way!
19:37:15 [allowed] §cThere are blocks in the way!
19:37:17 [allowed] §cThere are blocks in the way!
19:37:17 [allowed] §cThere are blocks in the way!
19:37:17 [allowed] §cThere are blocks in the way!
19:37:21 [allowed] §cThere are blocks in the way!
19:37:53 [allowed] §cThere are blocks in the way!
19:38:03 [allowed] §7Sending to server mini191G...
19:38:05 [allowed] §8 §r§8 §r§1 §r§3 §r§3 §r§7 §r§8 
19:38:05 [allowed] §d§lINFUSED! §r§7Used one of your free Rift charges!
19:38:05 [allowed] §8If this was unintended, you can leave at no cost whatsoever.
19:38:06 [allowed]  
19:38:06 [allowed] §f       §7You have §32 §7pending §3Bestiary Milestones §7to be claimed!
19:38:06 [allowed] §f                  §6§l>>> §6§lCLICK HERE§e to claim them! §6§l<<<
19:38:06 [allowed]   
19:38:07 [allowed] §aYou are playing on profile: §eCoconut§b (Co-op)
19:38:07 [allowed] §8Profile ID: 4ef1bd42-ec32-42d4-afba-b766eacde1e7
19:38:09 [allowed] §6§lROUND 1§r§6§l: §r§eYou chose §r§a§lSPLIT §r§eand gained §r§53,000 Motes§r§e!
19:38:12 [allowed] §6§lROUND 2§r§6§l: §r§eYou chose §r§a§lSPLIT §r§eand gained §r§53,000 Motes§r§e!
19:38:14 [allowed] §6§lROUND 3§r§6§l: §r§eYou chose §r§a§lSPLIT §r§eand gained §r§53,000 Motes§r§e!
19:38:17 [allowed] §6§lROUND 4§r§6§l: §r§eYou chose §r§a§lSPLIT §r§eand gained §r§53,000 Motes§r§e!
19:38:18 [allowed] §6§lROUND 5§r§6§l: §r§eYou chose §r§a§lSPLIT §r§eand gained §r§53,000 Motes§r§e!
19:38:20 [allowed] §6§lROUND 6§r§6§l: §r§eYou chose §r§a§lSPLIT §r§eand gained §r§53,000 Motes§r§e!
19:38:21 [allowed] §6§lROUND 7§r§6§l: §r§eYou chose §r§a§lSPLIT §r§eand gained §r§53,000 Motes§r§e!
19:38:24 [allowed] §6§lROUND 8 §r§6(§r§6§lFINAL§r§6)§r§6§l: §r§eYou chose §r§a§lSPLIT §r§eand gained §r§53,000 Motes§r§e!
19:38:24 [allowed] §eYou earned §r§524,000 Motes §r§ein this match!
19:38:24 [allowed] §eYour opponent earned §r§524,000 Motes §r§ein this match!
19:38:26 [allowed] §cThere are blocks in the way!
19:38:27 [allowed] §a§aYou tipped 10 players in 15 different games!
19:38:31 [allowed] §eYou used §r§a§r§a21m41s ф Rift Time §r§eto teleport to §r§fMountaintop§r§e!
19:38:32 [allowed] §5§l▬▬▬▬▬▬▬▬▬▬▬▬▬▬▬▬▬▬▬▬▬▬▬▬▬▬▬▬▬▬▬▬▬▬▬▬▬▬▬▬▬▬▬▬▬▬▬▬▬▬▬▬▬▬▬▬▬▬▬▬▬▬▬▬
19:38:32 [allowed]   §r§d§lRIFT INSTABILITY WARNING
19:38:32 [allowed]     §r§7Venturing in the §r§dRift §r§7breaches spacetime.
19:38:32 [allowed]     §r§7You have §r§a46m40sф §r§7left before the rift collapses!
19:38:32 [allowed]     §r§8Your dimensional infusion has been consumed!
19:38:32 [allowed] §5§l▬▬▬▬▬▬▬▬▬▬▬▬▬▬▬▬▬▬▬▬▬▬▬▬▬▬▬▬▬▬▬▬▬▬▬▬▬▬▬▬▬▬▬▬▬▬▬▬▬▬▬▬▬▬▬▬▬▬▬▬▬▬▬▬
19:38:37 [allowed] §5§lORB! §r§dPicked up §r§5+25 Motes§r§d, recovered §r§a+2ф Rift Time§r§d!
19:38:45 [allowed] §7Warping...
19:38:45 [allowed] §7Sending to server mini3CS...
19:38:47 [allowed] §8 §r§8 §r§1 §r§3 §r§3 §r§7 §r§8 
19:38:47 [allowed]  
19:38:47 [allowed] §f       §7You have §32 §7pending §3Bestiary Milestones §7to be claimed!
19:38:47 [allowed] §f                  §6§l>>> §6§lCLICK HERE§e to claim them! §6§l<<<
19:38:47 [allowed]   
19:38:49 [allowed] §aYou are playing on profile: §eCoconut§b (Co-op)
19:38:49 [allowed] §8Profile ID: 4ef1bd42-ec32-42d4-afba-b766eacde1e7
19:38:49 [allowed] §cYou may only use this command after 4s on the server!
19:39:08 [allowed] §6[Bazaar] §r§7Putting goods in escrow...
19:39:08 [allowed] §6[Bazaar] §r§7Submitting sell offer...
19:39:08 [allowed] §6[Bazaar] §r§7§r§eSell Offer Setup! §r§a2§r§7x §r§6Free Will §r§7for §r§617,498,299 coins§r§7.
