18:23:04 §e[SkyHanni] Reloaded 7436 items in the NEU repo§r
18:27:40 §e[SkyHanni] You have gained §b495 §eBits.§r
18:56:27 §e[SkyHanni] §bYou have §318 §bmaterials in stash, §btotalling §32 types§b. §bClick to §3pickup §byour stash!§r
18:58:14 §e[SkyHanni] You have gained §b495 §eBits.§r
19:02:24 §e[SkyHanni] Wrong slayer selected! You have Revenant Horror selected and you are in an Voidgloom Seraph area!§r
19:14:16 §c[SkyHanni] Tia Relay Helper error: Too much background noise! Try turning off the music and then try again.§r
19:14:16 §e[SkyHanni] Click here to run /togglemusic§r
19:14:58 §c[SkyHanni] Tia Relay Helper error: Too much background noise! Try turning off the music and then try again.§r
19:14:58 §e[SkyHanni] Click here to run /togglemusic§r
19:17:07 §e[SkyHanni] §b+10 SkyBlock XP §7(Wool Weaver§7)§b (11/100)§r
19:17:51 §e[SkyHanni] §b+10 SkyBlock XP §7(Builder§7)§b (21/100)§r
19:18:32 §e[SkyHanni] §b+10 SkyBlock XP §7(§2Roddy§7)§b (31/100)§r
19:19:56 §e[SkyHanni] §b+10 SkyBlock XP §7(Lumber Merchant§7)§b (41/100)§r
19:21:46 §e[SkyHanni] §b+3 SkyBlock XP §7(Accessory Bag§7)§b (44/100)§r
19:25:33 §e[SkyHanni] §b+10 SkyBlock XP §7(§bKat§7)§b (54/100)§r
19:27:07 §e[SkyHanni] §f                §r§eYour Weight: §r§a178§r
19:27:07 §e[SkyHanni] Profit for Dragon§e: §6101k§r
19:27:07 §e[SkyHanni] You have gained §b59 §eBits.§r
19:27:36 §e[SkyHanni] Wrong slayer selected! You have Revenant Horror selected and you are in an Voidgloom Seraph area!§r
19:27:47 §e[SkyHanni] Wrong slayer selected! You have Revenant Horror selected and you are in an Voidgloom Seraph area!§r
19:28:05 §e[SkyHanni] Wrong slayer selected! You have Revenant Horror selected and you are in an Voidgloom Seraph area!§r
19:28:37 §e[SkyHanni] §f                §r§eYour Weight: §r§a187§r
19:28:38 §e[SkyHanni] Profit for Dragon§e: §6137k§r
19:28:38 §e[SkyHanni] You have gained §b59 §eBits.§r
19:28:55 §e[SkyHanni] You have gained §b495 §eBits.§r
19:28:56 §e[SkyHanni] Wrong slayer selected! You have Revenant Horror selected and you are in an Voidgloom Seraph area!§r
19:29:08 §e[SkyHanni] §b+10 SkyBlock XP §7(§5Dusk§7)§b (64/100)§r
19:29:41 §e[SkyHanni] §b+2 SkyBlock XP §7(Bag Upgrades§7)§b (66/100)§r
19:30:01 §e[SkyHanni] §b+1 SkyBlock XP §7(Accessory Bag§7)§b (67/100)§r
19:30:03 §e[SkyHanni] §b+3 SkyBlock XP §7(Accessory Bag§7)§b (73/100)§r
19:38:47 §e[SkyHanni] Gained §d24,025 motes §ethis Rift session! (§d2.1M/h§e)§r
