20:00:16 [allowed] §aYou are still radiating with §bGenerosity§r§a!
20:00:16 [allowed] §f §r§r§r§f §r§r§r§1 §r§r§r§0 §r§r§r§2 §r§r§r§f §r§r§r§f §r§r§r§2 §r§r§r§0 §r§r§r§4 §r§r§r§3 §r§r§r§9 §r§r§r§2 §r§r§r§0 §r§r§r§0 §r§r§r§3 §r§r§r§9 §r§r§r§2 §r§r§r§0 §r§r§r§0 §r§r§r§3 §r§r§r§9 §r§r§r§2 §r§r§r§0 §r§r§r§0 
20:00:17 [allowed] §b[MVP§0+§b] KobeAim§f §6joined the lobby!
20:00:17 [allowed] §b[MVP§a+§b] SynqsMuffins§f §6joined the lobby!
20:00:17 [allowed] §b[MVP§4+§b] anhmizh§f §6joined the lobby!
20:00:17 [allowed] §b[MVP§f+§b] DevPhoenix§f §6joined the lobby!
20:00:18 [allowed]  §b>§c>§a>§r §r§6[MVP§f++§6] NavidSamurai§f §6joined the lobby!§r §a<§c<§b<
20:00:20 [allowed]  §b>§c>§a>§r §r§6[MVP§d++§6] Timal97122§f §6joined the lobby!§r §a<§c<§b<
20:00:23 [allowed] §7Sending to server mini28DD...
20:00:24 [allowed] §8 §r§8 §r§1 §r§3 §r§3 §r§7 §r§8 
20:00:25 [allowed]  
20:00:25 [allowed] §f       §7You have §35 §7pending §3Bestiary Milestones §7to be claimed!
20:00:25 [allowed] §f                  §6§l>>> §6§lCLICK HERE§e to claim them! §6§l<<<
20:00:25 [allowed]   
20:00:26 [allowed] §c ☠ §r§7§r§7aidenfkk§r§7 was killed by Enderman§r§7§r§7.
20:00:27 [allowed] 
20:00:27 [allowed] §eWelcome to §r§aHypixel SkyBlock§r§e! §r§d§l6TH ANNIVERSARY!
20:00:27 [allowed] §eEarn §r§a+20% §r§eDungeons and Skill EXP and §r§b+10✯ Magic Find§r§e!
20:00:27 [allowed] 
20:00:27 [allowed] §eLatest update: §bSkyBlock v0.22.1 §e§lCLICK
20:00:27 [allowed] §f
20:00:27 [allowed] §4[WATCHDOG ANNOUNCEMENT]
20:00:27 [allowed] §fWatchdog has banned §r§c§l10,574§r§f players in the last 7 days.
20:00:27 [allowed] §fStaff have banned an additional §r§c§l11,298§r§f in the last 7 days.
20:00:27 [allowed] §cBlacklisted modifications are a bannable offense!
20:00:27 [allowed] §c
20:00:27 [allowed] §aYou are playing on profile: §eCoconut§b (Co-op)
20:00:27 [allowed] §8Profile ID: 4ef1bd42-ec32-42d4-afba-b766eacde1e7
20:00:27 [allowed]  
20:00:32 [allowed] §eFrom stash: §r§aGreen Jerry Box
20:00:32 [allowed] §eYou picked up §r§aall §r§eitems from your material stash!
20:00:34 [allowed] 
20:00:34 [allowed] §6§k§lA§r §c§lFIRE SALE §r§6§k§lA
§r§c♨ §eSelling an item for a limited time!
§r§c   ♨ §66th Anniversary Barn Skin §e(§a2,821 left§e)§c§r
§r§c♨ §a§l[WARP] §eTo Elizabeth in the next §c3d 21h 59m §eto grab yours!
20:00:34 [allowed] 
20:00:35 [allowed] §b ☺ §r§eYou claimed §r§aJerry Candy §r§efrom the Jerry Box!
20:00:52 [allowed] §c ☠ §r§7§r§7aidenfkk§r§7 was killed by Enderman§r§7§r§7.
20:01:04 [allowed] §6[Sacks] §r§a+6§r§e items§r§e.§r§8 (Last 6s.)
20:01:19 [allowed] §dWarped to §r§dVoid Sepulture§r§d!
20:01:20 [allowed] §c ☠ §r§7§r§7aidenfkk§r§7 was killed by Enderman§r§7§r§7.
20:01:21 [allowed] §6[Sacks] §r§a+13§r§e items§r§e.§r§8 (Last 5s.)
20:01:39 [allowed] §a§l+5 Kill Combo §r§b+3% §r§b✯ Magic Find
20:01:42 [allowed] §6§lSLAYER MINI-BOSS §r§5§lVoidling Radical§r§7 has spawned!
20:01:42 [allowed] §c ☠ §r§7§r§aEterStrd§r§7 was killed by Nest Endermite§r§7§r§7.
20:01:45 [allowed] §a§l+10 Kill Combo §r§8+§r§610 §r§7coins per kill
20:01:46 [allowed] §6§lSLAYER MINI-BOSS §r§5§lVoidling Radical§r§7 has spawned!
20:01:47 [allowed] §cThis ability is on cooldown for 1s.
20:01:47 [allowed] §cThis ability is on cooldown for 1s.
20:01:52 [allowed] §b ☺ §eYou discovered a §aGreen Jerry§e!
20:01:52 [allowed] §6§lRARE DROP! §r§aEnchanted Ender Pearl §r§b(+§r§b203% §r§b✯ Magic Find§r§b)
20:01:52 [allowed] §6§lSLAYER MINI-BOSS §r§5§lVoidling Radical§r§7 has spawned!
20:01:53 [allowed] §9§l+15 Kill Combo §r§b+3% §r§b✯ Magic Find
20:01:54 [allowed] §c ☠ §r§7§r§7aidenfkk§r§7 was killed by Enderman§r§7§r§7.
20:01:59 [allowed] §cYour Kill Combo has expired! You reached a 17 Kill Combo!
20:02:00 [allowed] §6[Sacks] §r§a+137§r§e items§r§e.§r§8 (Last 27s.)
20:02:08 [allowed] §b ☺ §r§eYou claimed §r§620,000 coins §r§efrom the Jerry Box!
20:02:10 [allowed] §e§lLOOT SHARE §r§r§r§fYou received loot for assisting §r§aSavageFrank§r§f!
20:02:16 [allowed] §e§lLOOT SHARE §r§r§r§fYou received loot for assisting §r§aSavageFrank§r§f!
20:02:16 [allowed] §e§lLOOT SHARE §r§r§r§fYou received loot for assisting §r§aSavageFrank§r§f!
20:02:16 [allowed] §aYou have spawned your Tank Zombie §r§asoul! §r§d(181 Mana)
20:02:16 [allowed] §aYou have spawned your Tank Zombie §r§asoul! §r§d(181 Mana)
20:02:16 [allowed] §aYou have spawned your Tank Zombie §r§asoul! §r§d(181 Mana)
20:02:17 [allowed] 
20:02:17 [allowed] §6§k§lA§r §c§lFIRE SALE §r§6§k§lA
§r§c♨ §eSelling an item for a limited time!
§r§c   ♨ §66th Anniversary Barn Skin §e(§a2,812 left§e)§c§r
§r§c♨ §a§l[WARP] §eTo Elizabeth in the next §c3d 21h 57m §eto grab yours!
20:02:17 [allowed] 
20:02:18 [allowed] §c ☠ §r§7§r§bGubbi6§r§7 was killed by Voidgloom Seraph§r§7§r§7.
20:02:21 [allowed] §6[Sacks] §r§a+43§r§e items§r§e.§r§8 (Last 11s.)
20:02:24 [allowed] §cThe Seraph recalled your 3 summoned allies!
20:02:45 [allowed] §cThis ability is on cooldown for 4s.
20:02:46 [allowed] §aYou have spawned your Tank Zombie §r§asoul! §r§d(181 Mana)
20:02:46 [allowed] §aYou have spawned your Tank Zombie §r§asoul! §r§d(181 Mana)
20:02:46 [allowed] §aYou have spawned your Tank Zombie §r§asoul! §r§d(181 Mana)
20:02:50 [allowed] §cThe Seraph recalled your 3 summoned allies!
20:02:53 [allowed] §6[Sacks] §r§a+6§r§e items§r§e.§r§8 (Last 5s.)
20:03:00 [allowed] §cThere are blocks in the way!
20:03:08 [allowed] §aYou earned §r§2228 GEXP §r§afrom playing SkyBlock!
20:03:13 [allowed] §aYou have spawned your Tank Zombie §r§asoul! §r§d(181 Mana)
20:03:13 [allowed] §aYou have spawned your Tank Zombie §r§asoul! §r§d(181 Mana)
20:03:13 [allowed] §aYou have spawned your Tank Zombie §r§asoul! §r§d(181 Mana)
20:03:17 [allowed] §cThe Seraph recalled your 3 summoned allies!
20:03:40 [allowed]   §r§a§lSLAYER QUEST COMPLETE!
20:03:40 [allowed]    §r§eEnderman Slayer LVL 6 §r§5- §r§7Next LVL in §r§d41,833 XP§r§7!
20:03:40 [allowed]    §dRNG Meter §f- §d57,500 Stored XP
20:03:40 [allowed]   §r§5§lSLAYER QUEST STARTED!
20:03:40 [allowed]    §5§l» §7Slay §c22,000 Combat XP §7worth of Endermen§7.
20:03:44 [allowed] §a§l+5 Kill Combo §r§b+3% §r§b✯ Magic Find
20:03:51 [allowed] §8[§r§e100§r§8] §r§7☠ §r§a[VIP§6+§a] PandoDK§f§r§f: Bruh
20:03:54 [allowed] §a§l+10 Kill Combo §r§8+§r§610 §r§7coins per kill
20:03:55 [allowed] §6§lRARE DROP! §r§aEnchanted Ender Pearl §r§b(+§r§b203% §r§b✯ Magic Find§r§b)
20:03:56 [allowed] §c ☠ §r§7§r§7rian252525§r§7 was killed by Obsidian Defender§r§7§r§7.
20:04:00 [allowed] §9§l+15 Kill Combo §r§b+3% §r§b✯ Magic Find
20:04:05 [allowed] §cYour Kill Combo has expired! You reached a 15 Kill Combo!
20:04:08 [allowed] §6§lSLAYER MINI-BOSS §r§5§lVoidling Radical§r§7 has spawned!
20:04:09 [allowed] §a§l+5 Kill Combo §r§b+3% §r§b✯ Magic Find
20:04:11 [allowed] §6[Sacks] §r§a+371§r§e items§r§e.§r§8 (Last 30s.)
20:04:15 [allowed] §c ☠ §r§7§r§bGubbi6§r§7 was killed by Voidgloom Seraph§r§7§r§7.
20:04:17 [allowed] §a§l+10 Kill Combo §r§8+§r§610 §r§7coins per kill
20:04:21 [allowed] §6§lSLAYER MINI-BOSS §r§5§lVoidling Radical§r§7 has spawned!
20:04:22 [allowed] §c ☠ §r§7§r§7RoBeau2000§r§7 was killed by Endermite§r§7§r§7.
20:04:23 [allowed] §b ☺ §r§b[MVP§r§c+§r§b] RinkaaaI§r§f §r§efound §r§5Jerry-chine Gun §r§ein a Jerry Box!
20:04:25 [allowed] §9§l+15 Kill Combo §r§b+3% §r§b✯ Magic Find
20:04:27 [allowed] §aYou have spawned your Tank Zombie §r§asoul! §r§d(181 Mana)
20:04:27 [allowed] §aYou have spawned your Tank Zombie §r§asoul! §r§d(181 Mana)
20:04:27 [allowed] §aYou have spawned your Tank Zombie §r§asoul! §r§d(181 Mana)
20:04:29 [allowed] §cYour Kill Combo has expired! You reached a 16 Kill Combo!
20:04:31 [allowed] §6[Sacks] §r§a+47§r§e items§r§e.§r§8 (Last 14s.)
20:04:34 [allowed] §cThe Seraph recalled your 3 summoned allies!
20:04:38 [allowed] §cThis ability is on cooldown for 1s.
20:04:45 [allowed] §c§lYou feel a tremor from beneath the earth!
20:04:46 [allowed] §e§lLOOT SHARE §r§r§r§fYou received loot for assisting §r§66pen§r§f!
20:04:51 [allowed] §6[Sacks] §r§a+33§r§e items§r§e.§r§8 (Last 5s.)
20:04:55 [allowed] §aYou have spawned your Tank Zombie §r§asoul! §r§d(181 Mana)
20:04:55 [allowed] §aYou have spawned your Tank Zombie §r§asoul! §r§d(181 Mana)
20:04:55 [allowed] §aYou have spawned your Tank Zombie §r§asoul! §r§d(181 Mana)
20:04:59 [allowed] §cThe Seraph recalled your 3 summoned allies!
20:05:09 [allowed] §cThere are blocks in the way!
20:05:13 [allowed] §8[§r§721§r§8] §r§7Wafflesonsyrup§7§r§7: someone summon a dragon
20:05:20 [allowed] §aYou have spawned your Tank Zombie §r§asoul! §r§d(181 Mana)
20:05:20 [allowed] §aYou have spawned your Tank Zombie §r§asoul! §r§d(181 Mana)
20:05:20 [allowed] §aYou have spawned your Tank Zombie §r§asoul! §r§d(181 Mana)
20:05:22 [allowed] §c ☠ §r§7§r§7RoBeau2000§r§7 was killed by Endermite§r§7§r§7.
20:05:23 [allowed] §cThe Seraph recalled your 3 summoned allies!
20:05:26 [allowed] §8[§r§713§r§8] §r§7RoBeau2000§7§r§7: how about no
20:05:28 [allowed] §cThis ability is on cooldown for 4s.
20:05:33 [allowed] §8[§r§721§r§8] §r§7Wafflesonsyrup§7§r§7: how about yes
20:05:35 [allowed] §6[Sacks] §r§a+5§r§e items§r§e.§r§8 (Last 5s.)
20:05:42 [allowed] §cThis ability is on cooldown for 1s.
20:05:45 [allowed] §e§lLOOT SHARE §r§r§r§fYou received loot for assisting §r§66pen§r§f!
20:05:45 [allowed]   §r§a§lSLAYER QUEST COMPLETE!
20:05:45 [allowed]    §r§eEnderman Slayer LVL 6 §r§5- §r§7Next LVL in §r§d41,333 XP§r§7!
20:05:45 [allowed]    §dRNG Meter §f- §d58,000 Stored XP
20:05:45 [allowed]   §r§5§lSLAYER QUEST STARTED!
20:05:45 [allowed]    §5§l» §7Slay §c22,000 Combat XP §7worth of Endermen§7.
20:05:50 [allowed] §e§lLOOT SHARE §r§r§r§fYou received loot for assisting §r§66pen§r§f!
20:05:50 [allowed] §e§lLOOT SHARE §r§r§r§fYou received loot for assisting §r§66pen§r§f!
20:05:52 [allowed] §a§l+5 Kill Combo §r§b+3% §r§b✯ Magic Find
20:06:01 [allowed] §6[Sacks] §r§a+192§r§e items§r§e.§r§8 (Last 15s.)
20:06:01 [allowed] §cThere are blocks in the way!
20:06:02 [allowed] §a§l+10 Kill Combo §r§8+§r§610 §r§7coins per kill
20:06:02 [allowed] §8[§r§713§r§8] §r§7RoBeau2000§7§r§7: dude
20:06:12 [allowed] §6[Sacks] §r§a+37§r§e items§r§e.§r§8 (Last 10s.)
20:06:12 [allowed] §cYour Kill Combo has expired! You reached a 12 Kill Combo!
20:06:13 [allowed] §6§lSLAYER MINI-BOSS §r§5§lVoidling Radical§r§7 has spawned!
20:06:18 [allowed] §a§l+5 Kill Combo §r§b+3% §r§b✯ Magic Find
20:06:19 [allowed] §6§lSLAYER MINI-BOSS §r§5§lVoidling Radical§r§7 has spawned!
20:06:24 [allowed] §c ☠ §r§7§r§7RoBeau2000§r§7 was killed by Zealot§r§7§r§7.
20:06:27 [allowed] §6§lSLAYER MINI-BOSS §r§5§lVoidling Radical§r§7 has spawned!
20:06:30 [allowed] §aFriend > §r§bskelette §r§ejoined.
20:06:31 [allowed] §a§l+10 Kill Combo §r§8+§r§610 §r§7coins per kill
20:06:33 [allowed] §aYou have spawned your Tank Zombie §r§asoul! §r§d(181 Mana)
20:06:33 [allowed] §aYou have spawned your Tank Zombie §r§asoul! §r§d(181 Mana)
20:06:33 [allowed] §aYou have spawned your Tank Zombie §r§asoul! §r§d(181 Mana)
20:06:36 [allowed] §cYour Kill Combo has expired! You reached a 11 Kill Combo!
20:06:37 [allowed] §6[Sacks] §r§a+111§r§e items§r§e.§r§8 (Last 23s.)
20:06:41 [allowed] §cThe Seraph recalled your 3 summoned allies!
20:06:47 [allowed] §6[Sacks] §r§a+9§r§e items§r§e.§r§8 (Last 5s.)
20:07:01 [allowed] §6[Sacks] §r§a+23§r§e items§r§e.§r§8 (Last 6s.)
20:07:03 [allowed] §c ☠ §r§7§r§7Wafflesonsyrup§r§7 was killed by Zealot§r§7§r§7.
20:07:03 [allowed] §aYou have spawned your Tank Zombie §r§asoul! §r§d(181 Mana)
20:07:03 [allowed] §aYou have spawned your Tank Zombie §r§asoul! §r§d(181 Mana)
20:07:03 [allowed] §aYou have spawned your Tank Zombie §r§asoul! §r§d(181 Mana)
20:07:10 [allowed] §cThe Seraph recalled your 3 summoned allies!
20:07:13 [allowed] §cThis ability is on cooldown for 1s.
20:07:18 [allowed] §cThere are blocks in the way!
20:07:21 [allowed] §c ☠ §r§7§r§aPandoDK§r§7 was killed by Voidgloom Seraph§r§7§r§7.
20:07:28 [allowed] §cThis ability is on cooldown for 1s.
20:07:30 [allowed] §aYou have spawned your Tank Zombie §r§asoul! §r§d(181 Mana)
20:07:30 [allowed] §aYou have spawned your Tank Zombie §r§asoul! §r§d(181 Mana)
20:07:30 [allowed] §aYou have spawned your Tank Zombie §r§asoul! §r§d(181 Mana)
20:07:35 [allowed] §c ☠ §r§7§r§7RoBeau2000§r§7 was killed by Endermite§r§7§r§7.
20:07:36 [allowed] §cThe Seraph recalled your 3 summoned allies!
20:07:39 [allowed] §2Guild > §r§bThomasBaguette §r§ejoined.
20:07:49 [allowed] §cThere are blocks in the way!
20:07:54 [allowed]   §r§a§lSLAYER QUEST COMPLETE!
20:07:54 [allowed]    §r§eEnderman Slayer LVL 6 §r§5- §r§7Next LVL in §r§d40,833 XP§r§7!
20:07:54 [allowed]    §dRNG Meter §f- §d58,500 Stored XP
20:07:54 [allowed]   §r§5§lSLAYER QUEST STARTED!
20:07:54 [allowed]    §5§l» §7Slay §c22,000 Combat XP §7worth of Endermen§7.
20:07:55 [allowed] §cThere are blocks in the way!
20:07:57 [allowed] §a§l+5 Kill Combo §r§b+3% §r§b✯ Magic Find
20:08:09 [allowed] §6[Sacks] §r§a+193§r§e items§r§e.§r§8 (Last 14s.)
20:08:09 [allowed] §a§l+10 Kill Combo §r§8+§r§610 §r§7coins per kill
20:08:13 [allowed] §6§lSLAYER MINI-BOSS §r§5§lVoidling Radical§r§7 has spawned!
20:08:14 [allowed] §aYou earned §r§2750 GEXP §r§afrom playing SkyBlock!
20:08:15 [allowed] §cThis ability is on cooldown for 1s.
20:08:16 [allowed] §9§l+15 Kill Combo §r§b+3% §r§b✯ Magic Find
20:08:17 [allowed] §aYou have spawned your Tank Zombie §r§asoul! §r§d(181 Mana)
20:08:17 [allowed] §aYou have spawned your Tank Zombie §r§asoul! §r§d(181 Mana)
20:08:17 [allowed] §aYou have spawned your Tank Zombie §r§asoul! §r§d(181 Mana)
20:08:20 [allowed] §cYour Kill Combo has expired! You reached a 16 Kill Combo!
20:08:22 [allowed] §6[Sacks] §r§a+5§r§e items§r§e.§r§8 (Last 5s.)
20:08:26 [allowed] §cThe Seraph recalled your 3 summoned allies!
20:08:34 [allowed] §cThere are blocks in the way!
20:08:34 [allowed] §cThere are blocks in the way!
20:08:48 [allowed] §aYou have spawned your Tank Zombie §r§asoul! §r§d(181 Mana)
20:08:48 [allowed] §aYou have spawned your Tank Zombie §r§asoul! §r§d(181 Mana)
20:08:48 [allowed] §aYou have spawned your Tank Zombie §r§asoul! §r§d(181 Mana)
20:08:53 [allowed] §cThe Seraph recalled your 3 summoned allies!
20:09:04 [allowed] §cThere are blocks in the way!
20:09:05 [allowed] §cThere are blocks in the way!
20:09:13 [allowed] §aYou have spawned your Tank Zombie §r§asoul! §r§d(181 Mana)
20:09:13 [allowed] §aYou have spawned your Tank Zombie §r§asoul! §r§d(181 Mana)
20:09:13 [allowed] §aYou have spawned your Tank Zombie §r§asoul! §r§d(181 Mana)
20:09:16 [allowed] §cThe Seraph recalled your 3 summoned allies!
20:09:21 [allowed] §cThis ability is on cooldown for 1s.
20:09:21 [allowed] §cThis ability is on cooldown for 1s.
20:09:26 [allowed] §cThere are blocks in the way!
20:09:37 [allowed]   §r§a§lSLAYER QUEST COMPLETE!
20:09:37 [allowed]    §r§eEnderman Slayer LVL 6 §r§5- §r§7Next LVL in §r§d40,333 XP§r§7!
20:09:37 [allowed]    §dRNG Meter §f- §d59,000 Stored XP
20:09:37 [allowed]   §r§5§lSLAYER QUEST STARTED!
20:09:37 [allowed]    §5§l» §7Slay §c22,000 Combat XP §7worth of Endermen§7.
20:09:38 [allowed] §5§lVERY RARE DROP! §r§7(§r§f§r§5◆ End Rune I§r§7) §r§b(+156% §r§b✯ Magic Find§r§b)
20:09:42 [allowed] §a§l+5 Kill Combo §r§b+3% §r§b✯ Magic Find
20:09:42 [allowed] §6[Sacks] §r§a+129§r§e items§r§e.§r§8 (Last 5s.)
20:09:50 [allowed] §6[Sacks] §r§a+1§r§e item§r§e.§r§8 (Last 5s.)
20:09:51 [allowed] §eYou Supercrafted §r§r§r§aEnchanted Ender Pearl§r§e!
20:09:51 [allowed] §cYour Kill Combo has expired! You reached a 6 Kill Combo!
20:09:52 [allowed] §eMaxed the Supercraft to §r§b1,014x crafts§r§e!
20:09:52 [allowed] §eYou Supercrafted §r§r§r§aEnchanted Ender Pearl §r§8x1,014§r§e!
20:09:58 [allowed] §6§lSLAYER MINI-BOSS §r§4§lVoidcrazed Maniac§r§7 has spawned!
20:10:00 [allowed] §a§l+5 Kill Combo §r§b+3% §r§b✯ Magic Find
20:10:06 [allowed] §6[Sacks] §r§a+1,073§r§e items§r§e, §r§c-20,159§r§e items§r§e.§r§8 (Last 14s.)
20:10:09 [allowed] §a§l+10 Kill Combo §r§8+§r§610 §r§7coins per kill
20:10:09 [allowed] §6§lRARE DROP! §r§aEnchanted Ender Pearl §r§b(+§r§b203% §r§b✯ Magic Find§r§b)
20:10:12 [allowed] §8[§r§f53§r§8] §r§7noamtheking204§7§r§7: ANY1 DOING T4 CARRIES?
20:10:14 [allowed] §cThis ability is on cooldown for 2s.
20:10:15 [allowed] §aYou have spawned your Tank Zombie §r§asoul! §r§d(181 Mana)
20:10:15 [allowed] §aYou have spawned your Tank Zombie §r§asoul! §r§d(181 Mana)
20:10:15 [allowed] §aYou have spawned your Tank Zombie §r§asoul! §r§d(181 Mana)
20:10:18 [allowed] §cYour Kill Combo has expired! You reached a 12 Kill Combo!
20:10:18 [allowed] §6[Sacks] §r§a+101§r§e items§r§e.§r§8 (Last 10s.)
20:10:18 [allowed]  §b§l» §bThomasBaguette §eis traveling to §aCrystal Hollows §e§lFOLLOW
20:10:19 [allowed] §cThe Seraph recalled your 3 summoned allies!
20:10:22 [allowed] §bThomasBaguette joined SkyBlock.
20:10:38 [allowed] §e§lLOOT SHARE §r§r§r§fYou received loot for assisting §r§bgrisconny§r§f!
20:10:38 [allowed] §cThis ability is on cooldown for 1s.
20:10:41 [allowed] §aYou have spawned your Tank Zombie §r§asoul! §r§d(181 Mana)
20:10:41 [allowed] §aYou have spawned your Tank Zombie §r§asoul! §r§d(181 Mana)
20:10:41 [allowed] §aYou have spawned your Tank Zombie §r§asoul! §r§d(181 Mana)
20:10:44 [allowed] §6[Sacks] §r§a+14§r§e items§r§e.§r§8 (Last 7s.)
20:10:45 [allowed] §cThe Seraph recalled your 3 summoned allies!
20:10:51 [allowed] §8[§r§2185§r§8] §r§b[MVP§d+§b] jj132122§f§r§f: anyone want to go 4/4
20:10:54 [allowed] §cThere are blocks in the way!
20:11:10 [allowed] §aYou have spawned your Tank Zombie §r§asoul! §r§d(181 Mana)
20:11:10 [allowed] §aYou have spawned your Tank Zombie §r§asoul! §r§d(181 Mana)
20:11:10 [allowed] §aYou have spawned your Tank Zombie §r§asoul! §r§d(181 Mana)
20:11:16 [allowed] §cThe Seraph recalled your 3 summoned allies!
20:11:26 [allowed] §cThere are blocks in the way!
20:11:32 [allowed] §cThere are blocks in the way!
20:11:39 [allowed] §cThis ability is on cooldown for 1s.
20:11:39 [allowed] §5☬ §r§bjj132122 §r§dplaced a Summoning Eye! §r§7(§r§e1§r§7/§r§a8§r§7)
20:11:40 [allowed]   §r§a§lSLAYER QUEST COMPLETE!
20:11:40 [allowed]    §r§eEnderman Slayer LVL 6 §r§5- §r§7Next LVL in §r§d39,833 XP§r§7!
20:11:40 [allowed]    §dRNG Meter §f- §d59,500 Stored XP
20:11:40 [allowed]   §r§5§lSLAYER QUEST STARTED!
20:11:40 [allowed]    §5§l» §7Slay §c22,000 Combat XP §7worth of Endermen§7.
20:11:40 [allowed] §5☬ §r§bjj132122 §r§dplaced a Summoning Eye! §r§7(§r§e2§r§7/§r§a8§r§7)
20:11:42 [allowed] §6§lRARE DROP! §r§aEnchanted Ender Pearl §r§b(+§r§b197% §r§b✯ Magic Find§r§b)
20:11:43 [allowed] §5☬ §r§bjj132122 §r§dplaced a Summoning Eye! §r§7(§r§e3§r§7/§r§a8§r§7)
20:11:44 [allowed] §a§l+5 Kill Combo §r§b+3% §r§b✯ Magic Find
20:11:45 [allowed] §5☬ §r§bjj132122 §r§dplaced a Summoning Eye! §r§7(§r§e4§r§7/§r§a8§r§7)
20:11:47 [allowed] §6§lRARE DROP! §r§aEnchanted Ender Pearl §r§b(+§r§b203% §r§b✯ Magic Find§r§b)
20:11:52 [allowed] §8[§r§2185§r§8] §r§b[MVP§d+§b] jj132122§f§r§f: anyone want to place
20:11:53 [allowed] §a§l+10 Kill Combo §r§8+§r§610 §r§7coins per kill
20:11:53 [allowed] §c ☠ §r§7§r§bgrisconny§r§7 was killed by Voidgloom Seraph§r§7§r§7.
20:11:53 [allowed] §b ☺ §eThere is a §5Purple Jerry§e!
20:11:57 [allowed] §e§lLOOT SHARE §r§r§r§fYou received loot for assisting §r§66pen§r§f!
20:11:59 [allowed] §cYour Kill Combo has expired! You reached a 11 Kill Combo!
20:12:03 [allowed] §6§lRARE DROP! §r§aEnchanted Ender Pearl §r§b(+§r§b197% §r§b✯ Magic Find§r§b)
20:12:05 [allowed] §6§lRARE DROP! §r§aEnchanted Ender Pearl §r§b(+§r§b197% §r§b✯ Magic Find§r§b)
20:12:08 [allowed] §a§l+5 Kill Combo §r§b+3% §r§b✯ Magic Find
20:12:11 [allowed] §6[Sacks] §r§a+299§r§e items§r§e.§r§8 (Last 30s.)
20:12:11 [allowed] §a§l+10 Kill Combo §r§8+§r§610 §r§7coins per kill
20:12:12 [allowed] §6§lSLAYER MINI-BOSS §r§5§lVoidling Radical§r§7 has spawned!
20:12:13 [allowed] §8[§r§736§r§8] §r§a[VIP] Rartr§f§r§f: i have one
20:12:18 [allowed] §6[Bazaar] §eYour §6Sell Offer §efor §a2§7x §fSmarty Pants I §ewas filled!
20:12:18 [allowed] §6§lSLAYER MINI-BOSS §r§5§lVoidling Radical§r§7 has spawned!
20:12:22 [allowed] §9§l+15 Kill Combo §r§b+3% §r§b✯ Magic Find
20:12:22 [allowed] §aYour §r§5Enderman §r§aleveled up to level §r§992§r§a!
20:12:24 [allowed] §8[§r§b226§r§8] §r§6ௐ §r§b[MVP§f+§b] CatgirlAurora§f§r§f: can you warp me back
20:12:27 [allowed] §6§lRARE DROP! §r§aEnchanted Ender Pearl §r§b(+§r§b209% §r§b✯ Magic Find§r§b)
20:12:27 [allowed] §6§lSLAYER MINI-BOSS §r§5§lVoidling Radical§r§7 has spawned!
20:12:29 [allowed] §c§lYou feel a tremor from beneath the earth!
20:12:30 [allowed] §8[§r§b226§r§8] §r§6ௐ §r§b[MVP§f+§b] CatgirlAurora§f§r§f: ill buy 4
20:12:31 [allowed] §cYour Kill Combo has expired! You reached a 18 Kill Combo!
20:12:36 [allowed] §aYou have spawned your Tank Zombie §r§asoul! §r§d(181 Mana)
20:12:36 [allowed] §aYou have spawned your Tank Zombie §r§asoul! §r§d(181 Mana)
20:12:36 [allowed] §aYou have spawned your Tank Zombie §r§asoul! §r§d(181 Mana)
20:12:38 [allowed] §6[Sacks] §r§a+58§r§e items§r§e.§r§8 (Last 25s.)
20:12:44 [allowed] §cThe Seraph recalled your 3 summoned allies!
20:12:49 [allowed] §cThis ability is on cooldown for 1s.
20:12:57 [allowed] §cThere are blocks in the way!
20:13:09 [allowed] §aYou have spawned your Tank Zombie §r§asoul! §r§d(181 Mana)
20:13:09 [allowed] §aYou have spawned your Tank Zombie §r§asoul! §r§d(181 Mana)
20:13:09 [allowed] §aYou have spawned your Tank Zombie §r§asoul! §r§d(181 Mana)
20:13:09 [allowed] §5☬ §r§bCatgirlAurora §r§dplaced a Summoning Eye! §r§7(§r§e5§r§7/§r§a8§r§7)
20:13:10 [allowed] §5☬ §r§bCatgirlAurora §r§dplaced a Summoning Eye! §r§7(§r§e6§r§7/§r§a8§r§7)
20:13:10 [allowed] §5☬ §r§bCatgirlAurora §r§dplaced a Summoning Eye! §r§7(§r§e7§r§7/§r§a8§r§7)
20:13:10 [allowed] §5☬ §r§bCatgirlAurora §r§dplaced a Summoning Eye! Brace yourselves! §r§7(§r§a8§r§7/§r§a8§r§7)
20:13:13 [allowed] §b ☺ §r§eYou claimed §r§6150,000 coins §r§efrom the Jerry Box!
20:13:14 [allowed] §cThe Seraph recalled your 3 summoned allies!
20:13:20 [allowed] §5☬ §r§d§lThe §r§5§c§lStrong Dragon§r§d§l has spawned!
20:13:22 [allowed] §aYou earned §r§2750 GEXP §r§afrom playing SkyBlock!
20:13:23 [allowed] §6[Sacks] §r§a+18§r§e items§r§e.§r§8 (Last 9s.)
20:13:24 [allowed] §5☬ §r§bCatgirlAurora §r§ddestroyed an §r§5Ender Crystal§r§d!
20:13:27 [allowed] §5☬ §r§bIkonnnic §r§ddestroyed an §r§5Ender Crystal§r§d!
20:13:33 [allowed] §cThere are blocks in the way!
20:13:36 [allowed] §6[Sacks] §r§a+10§r§e items§r§e.§r§8 (Last 5s.)
20:13:36 [allowed] §a§l▬▬▬▬▬▬▬▬▬▬▬▬▬▬▬▬▬▬▬▬▬▬▬▬▬▬▬▬▬▬▬▬▬▬▬▬▬▬▬▬▬▬▬▬▬▬▬▬▬▬▬▬▬▬▬▬▬▬▬▬▬▬▬▬
20:13:36 [allowed] §f                         §r§6§lSTRONG DRAGON DOWN!
20:13:36 [allowed] 
20:13:36 [allowed] §f               §r§b[MVP§r§f+§r§b] CatgirlAurora§r§f §r§7dealt the final blow.
20:13:36 [allowed] 
20:13:36 [allowed] §f         §r§e§l1st Damager §r§7- §r§b[MVP§r§f+§r§b] CatgirlAurora§r§f §r§7- §r§e8,696,632
20:13:36 [allowed] §f            §r§6§l2nd Damager §r§7- §r§b[MVP§r§f+§r§b] luckyblo§r§f §r§7- §r§e1,427,920
20:13:36 [allowed] §f           §r§c§l3rd Damager §r§7- §r§b[MVP§r§d+§r§b] jj132122§r§f §r§7- §r§e1,167,278
20:13:36 [allowed] 
20:13:36 [allowed] §f                      §r§eYour Damage: §r§a0 §r§7(Position #15)
20:13:36 [allowed] 
20:13:36 [allowed] §a§l▬▬▬▬▬▬▬▬▬▬▬▬▬▬▬▬▬▬▬▬▬▬▬▬▬▬▬▬▬▬▬▬▬▬▬▬▬▬▬▬▬▬▬▬▬▬▬▬▬▬▬▬▬▬▬▬▬▬▬▬▬▬▬▬
20:13:39 [allowed] §cThis ability is on cooldown for 1s.
20:13:42 [allowed] §aYou have spawned your Tank Zombie §r§asoul! §r§d(181 Mana)
20:13:42 [allowed] §aYou have spawned your Tank Zombie §r§asoul! §r§d(181 Mana)
20:13:42 [allowed] §aYou have spawned your Tank Zombie §r§asoul! §r§d(181 Mana)
20:13:45 [allowed] §cThe Seraph recalled your 3 summoned allies!
20:13:51 [allowed] §8[§r§b226§r§8] §r§6ௐ §r§b[MVP§f+§b] CatgirlAurora§f§r§f: well
20:13:52 [allowed] §8[§r§b226§r§8] §r§6ௐ §r§b[MVP§f+§b] CatgirlAurora§f§r§f: legs
20:13:55 [allowed] §8[§2185§8] §r§b[MVP§d+§b] jj132122§f§7 is holding §r§8[§6Strong Dragon Helmet§8]
20:13:58 [allowed] §8[§r§2185§r§8] §r§b[MVP§d+§b] jj132122§f§r§f: anyone want
20:14:01 [allowed] §cThere are blocks in the way!
20:14:03 [allowed] §cThis ability is on cooldown for 4s.
20:14:03 [allowed] §8[§r§736§r§8] §r§a[VIP] Rartr§f§r§f: i wanna
20:14:05 [allowed] §8[§r§2185§r§8] §r§b[MVP§d+§b] jj132122§f§r§f: okay
20:14:07 [allowed] §8[§r§b226§r§8] §r§6ௐ §r§b[MVP§f+§b] CatgirlAurora§f§r§f: mee :33
20:14:10 [allowed]   §r§a§lSLAYER QUEST COMPLETE!
20:14:10 [allowed]    §r§eEnderman Slayer LVL 6 §r§5- §r§7Next LVL in §r§d39,333 XP§r§7!
20:14:10 [allowed]    §dRNG Meter §f- §d60,000 Stored XP
20:14:10 [allowed]   §r§5§lSLAYER QUEST STARTED!
20:14:10 [allowed]    §5§l» §7Slay §c22,000 Combat XP §7worth of Endermen§7.
20:14:16 [allowed] §aFriend > §r§bskelette §r§eleft.
20:14:18 [allowed] §6[Sacks] §r§a+144§r§e items§r§e.§r§8 (Last 8s.)
20:14:19 [allowed] §a§l+5 Kill Combo §r§b+3% §r§b✯ Magic Find
20:14:26 [allowed] §6§lSLAYER MINI-BOSS §r§5§lVoidling Radical§r§7 has spawned!
20:14:26 [allowed] §a§l+10 Kill Combo §r§8+§r§610 §r§7coins per kill
20:14:34 [allowed] §8[§r§f40§r§8] §r§a[VIP] DentaHindi6995§f§r§f: 2 more
20:14:35 [allowed] §cYour Kill Combo has expired! You reached a 12 Kill Combo!
20:14:37 [allowed] §6[Sacks] §r§a+52§r§e items§r§e.§r§8 (Last 12s.)
20:14:37 [allowed] §5☬ §r§dThe Dragon Egg has spawned!
20:14:49 [allowed] §a§aYou tipped 33 players in 15 different games!
20:14:50 [allowed] §6[Bazaar] §r§7Claiming order...
20:14:50 [allowed] §6[Bazaar] §r§7§r§7Claimed §r§6525,642 coins §r§7from selling §r§a2§r§7x §r§fSmarty Pants I §r§7at §r§6265,811 §r§7each!
20:14:52 [allowed] §6[Bazaar] §r§7Claiming order...
20:14:52 [allowed] §6[Bazaar] §r§7§r§7Claimed §r§a192§r§7x §r§9Null Ovoid §r§7worth §r§616,635,168 coins §r§7bought for §r§686,642 §r§7each!
20:14:56 [allowed] §c ☠ §r§7§r§bIkonnnic§r§7 was killed by Voidgloom Seraph§r§7§r§7.
20:15:01 [allowed] §8[§r§736§r§8] §r§a[VIP] Rartr§f§r§f: why the 1M?
20:15:10 [allowed] §6§lSLAYER MINI-BOSS §r§5§lVoidling Radical§r§7 has spawned!
20:15:10 [allowed] §8[§r§2185§r§8] §r§b[MVP§d+§b] jj132122§f§r§f: for the value
20:15:12 [allowed] §aYou have spawned your Tank Zombie §r§asoul! §r§d(181 Mana)
20:15:12 [allowed] §aYou have spawned your Tank Zombie §r§asoul! §r§d(181 Mana)
20:15:12 [allowed] §aYou have spawned your Tank Zombie §r§asoul! §r§d(181 Mana)
20:15:13 [allowed] §aFriend > §r§bskelette §r§ejoined.
20:15:14 [allowed] §8[§r§f40§r§8] §r§a[VIP] DentaHindi6995§f§r§f: thx
20:15:15 [allowed] §c ☠ §r§7§r§bMyt4iq§r§7 was killed by Voidgloom Seraph§r§7§r§7.
20:15:16 [allowed] §6[Sacks] §r§a+19§r§e items§r§e.§r§8 (Last 11s.)
20:15:19 [allowed] §cThe Seraph recalled your 3 summoned allies!
20:15:23 [allowed] §c ☠ §r§7§r§bgrisconny§r§7 was killed by Voidgloom Seraph§r§7§r§7.
20:15:37 [allowed] §aYou have spawned your Tank Zombie §r§asoul! §r§d(181 Mana)
20:15:37 [allowed] §aYou have spawned your Tank Zombie §r§asoul! §r§d(181 Mana)
20:15:37 [allowed] §aYou have spawned your Tank Zombie §r§asoul! §r§d(181 Mana)
20:15:39 [allowed] §8[§r§2185§r§8] §r§b[MVP§d+§b] jj132122§f§r§f: I like doing dragons whenever I can I dont need them tho lmao
20:15:41 [allowed] §cThe Seraph recalled your 3 summoned allies!
20:15:42 [allowed] §cThis ability is on cooldown for 2s.
20:15:44 [allowed] §eYou received kill credit for assisting on a slayer miniboss!
20:15:51 [allowed] §6[Sacks] §r§a+5§r§e items§r§e.§r§8 (Last 5s.)
20:15:52 [allowed] §cThere are blocks in the way!
20:16:08 [allowed] §aYou have spawned your Tank Zombie §r§asoul! §r§d(181 Mana)
20:16:08 [allowed] §aYou have spawned your Tank Zombie §r§asoul! §r§d(181 Mana)
20:16:08 [allowed] §aYou have spawned your Tank Zombie §r§asoul! §r§d(181 Mana)
20:16:08 [allowed] §e§lLOOT SHARE §r§r§r§fYou received loot for assisting §r§bMyt4iq§r§f!
20:16:13 [allowed] §cThe Seraph recalled your 3 summoned allies!
20:16:14 [allowed] §8[§r§736§r§8] §r§a[VIP] Rartr§f§r§f: thank u so much <3
20:16:14 [allowed] §6[Sacks] §r§a+11§r§e items§r§e.§r§8 (Last 5s.)
20:16:30 [allowed] §8[§r§2185§r§8] §r§b[MVP§d+§b] jj132122§f§r§f: yeah np
20:16:35 [allowed]   §r§a§lSLAYER QUEST COMPLETE!
20:16:35 [allowed]    §r§eEnderman Slayer LVL 6 §r§5- §r§7Next LVL in §r§d38,833 XP§r§7!
20:16:35 [allowed]    §dRNG Meter §f- §d60,500 Stored XP
20:16:35 [allowed]   §r§5§lSLAYER QUEST STARTED!
20:16:35 [allowed]    §5§l» §7Slay §c22,000 Combat XP §7worth of Endermen§7.
20:16:35 [allowed] §9§lVERY RARE DROP! §r§7(§r§f§r§9Null Atom§r§7) §r§b(+156% §r§b✯ Magic Find§r§b)
20:16:44 [allowed] §6[Sacks] §r§a+159§r§e items§r§e.§r§8 (Last 9s.)
20:16:56 [allowed] §8[§r§f60§r§8] §r§a[VIP] Chilingamer§f§r§f: 4/4 anyone?
20:17:07 [allowed] §a§l+5 Kill Combo §r§b+3% §r§b✯ Magic Find
20:17:08 [allowed] §5☬ §r§aChilingamer §r§dplaced a Summoning Eye! §r§7(§r§e1§r§7/§r§a8§r§7)
20:17:08 [allowed] §5☬ §r§aChilingamer §r§dplaced a Summoning Eye! §r§7(§r§e2§r§7/§r§a8§r§7)
20:17:09 [allowed] §5☬ §r§aChilingamer §r§dplaced a Summoning Eye! §r§7(§r§e3§r§7/§r§a8§r§7)
20:17:10 [allowed] §5☬ §r§aChilingamer §r§dplaced a Summoning Eye! §r§7(§r§e4§r§7/§r§a8§r§7)
20:17:17 [allowed] §a§l+10 Kill Combo §r§8+§r§610 §r§7coins per kill
20:17:24 [allowed] §cThis ability is on cooldown for 1s.
20:17:24 [allowed] §6[Sacks] §r§a+100§r§e items§r§e.§r§8 (Last 24s.)
20:17:25 [allowed] §9§l+15 Kill Combo §r§b+3% §r§b✯ Magic Find
20:17:25 [allowed] §6§lSLAYER MINI-BOSS §r§5§lVoidling Radical§r§7 has spawned!
20:17:34 [allowed] §6§lSLAYER MINI-BOSS §r§5§lVoidling Radical§r§7 has spawned!
20:17:34 [allowed] §5§l+20 Kill Combo §r§8§r§3+15☯ Combat Wisdom
20:17:40 [allowed] §aYou have spawned your Tank Zombie §r§asoul! §r§d(181 Mana)
20:17:40 [allowed] §aYou have spawned your Tank Zombie §r§asoul! §r§d(181 Mana)
20:17:40 [allowed] §aYou have spawned your Tank Zombie §r§asoul! §r§d(181 Mana)
20:17:42 [allowed] §cYour Kill Combo has expired! You reached a 24 Kill Combo!
20:17:44 [allowed] §6[Sacks] §r§a+136§r§e items§r§e.§r§8 (Last 18s.)
20:17:48 [allowed] §cThe Seraph recalled your 3 summoned allies!
20:17:48 [allowed] §c ☠ §r§7§r§bIkonnnic§r§7 was killed by Voidgloom Seraph§r§7§r§7.
20:17:51 [allowed] §cThis ability is on cooldown for 1s.
20:17:52 [allowed] §6[Sacks] §r§a+9§r§e items§r§e.§r§8 (Last 5s.)
20:18:07 [allowed] §aYou have spawned your Tank Zombie §r§asoul! §r§d(181 Mana)
20:18:07 [allowed] §aYou have spawned your Tank Zombie §r§asoul! §r§d(181 Mana)
20:18:07 [allowed] §aYou have spawned your Tank Zombie §r§asoul! §r§d(181 Mana)
20:18:12 [allowed] §cThe Seraph recalled your 3 summoned allies!
20:18:20 [allowed] §cThere are blocks in the way!
20:18:29 [allowed] §aYou earned §r§2750 GEXP §r§afrom playing SkyBlock!
20:18:32 [allowed] §aYou have spawned your Tank Zombie §r§asoul! §r§d(181 Mana)
20:18:32 [allowed] §aYou have spawned your Tank Zombie §r§asoul! §r§d(181 Mana)
20:18:32 [allowed] §aYou have spawned your Tank Zombie §r§asoul! §r§d(181 Mana)
20:18:36 [allowed] §cThe Seraph recalled your 3 summoned allies!
20:18:39 [allowed] §6[Sacks] §r§a+14§r§e items§r§e.§r§8 (Last 5s.)
20:18:58 [allowed]   §r§a§lSLAYER QUEST COMPLETE!
20:18:58 [allowed]    §r§eEnderman Slayer LVL 6 §r§5- §r§7Next LVL in §r§d38,333 XP§r§7!
20:18:58 [allowed]    §dRNG Meter §f- §d61,000 Stored XP
20:18:58 [allowed]   §r§5§lSLAYER QUEST STARTED!
20:18:58 [allowed]    §5§l» §7Slay §c22,000 Combat XP §7worth of Endermen§7.
20:18:59 [allowed] §b§lRARE DROP! §r§7(§r§f§r§761x §r§f§r§aTwilight Arrow Poison§r§7) §r§b(+156% §r§b✯ Magic Find§r§b)
20:18:59 [allowed] §5§lVERY RARE DROP! §r§7(§r§f§r§5◆ End Rune I§r§7) §r§b(+156% §r§b✯ Magic Find§r§b)
20:19:08 [allowed] §cThere are blocks in the way!
20:19:10 [allowed] §a§l+5 Kill Combo §r§b+3% §r§b✯ Magic Find
20:19:16 [allowed] §6§lRARE DROP! §r§aEnchanted Ender Pearl §r§b(+§r§b203% §r§b✯ Magic Find§r§b)
20:19:20 [allowed] §a§l+10 Kill Combo §r§8+§r§610 §r§7coins per kill
20:19:23 [allowed] §6§lSLAYER MINI-BOSS §r§5§lVoidling Radical§r§7 has spawned!
20:19:28 [allowed] §cYour Kill Combo has expired! You reached a 11 Kill Combo!
20:19:28 [allowed] §6[Sacks] §r§a+245§r§e items§r§e.§r§8 (Last 29s.)
20:19:30 [allowed] §e§lLOOT SHARE §r§r§r§fYou received loot for assisting §r§bVoidFire3954§r§f!
20:19:36 [allowed] §aFriend > §r§bwitherfry §r§ejoined.
20:19:36 [allowed] §a§l+5 Kill Combo §r§b+3% §r§b✯ Magic Find
20:19:36 [allowed] §c§lYou feel a tremor from beneath the earth!
20:19:42 [allowed] §a§l+10 Kill Combo §r§8+§r§610 §r§7coins per kill
20:19:42 [allowed] §6§lRARE DROP! §r§aEnchanted Ender Pearl §r§b(+§r§b203% §r§b✯ Magic Find§r§b)
20:19:50 [allowed] §9§l+15 Kill Combo §r§b+3% §r§b✯ Magic Find
20:19:50 [allowed] §aFriend > §r§bskelette §r§eleft.
20:19:51 [allowed] §6§lSLAYER MINI-BOSS §r§5§lVoidling Radical§r§7 has spawned!
20:19:55 [allowed] §cYour Kill Combo has expired! You reached a 15 Kill Combo!
20:19:58 [allowed] §aYou have spawned your Tank Zombie §r§asoul! §r§d(181 Mana)
20:19:58 [allowed] §aYou have spawned your Tank Zombie §r§asoul! §r§d(181 Mana)
20:19:58 [allowed] §aYou have spawned your Tank Zombie §r§asoul! §r§d(181 Mana)
20:20:01 [allowed] §6[Sacks] §r§a+174§r§e items§r§e.§r§8 (Last 30s.)
20:20:04 [allowed] §cThe Seraph recalled your 3 summoned allies!
20:20:19 [allowed] §8[§r§f40§r§8] §r§a[VIP] DentaHindi6995§f§r§f: see down
20:20:21 [allowed] §6[Sacks] §r§a+14§r§e items§r§e.§r§8 (Last 5s.)
20:20:28 [allowed] §c ☠ §r§7§r§aDentaHindi6995§r§7 was killed by Voidgloom Seraph§r§7§r§7.
20:20:31 [allowed] §aYou have spawned your Tank Zombie §r§asoul! §r§d(181 Mana)
20:20:31 [allowed] §aYou have spawned your Tank Zombie §r§asoul! §r§d(181 Mana)
20:20:31 [allowed] §aYou have spawned your Tank Zombie §r§asoul! §r§d(181 Mana)
20:20:33 [allowed] §cThis ability is on cooldown for 2s.
20:20:33 [allowed] §aFriend > §r§bskelette §r§ejoined.
20:20:38 [allowed] §cThe Seraph recalled your 3 summoned allies!
20:20:40 [allowed] §6[Sacks] §r§a+64§r§e items§r§e.§r§8 (Last 5s.)
20:21:01 [allowed] §aYou have spawned your Tank Zombie §r§asoul! §r§d(181 Mana)
20:21:01 [allowed] §aYou have spawned your Tank Zombie §r§asoul! §r§d(181 Mana)
20:21:01 [allowed] §aYou have spawned your Tank Zombie §r§asoul! §r§d(181 Mana)
20:21:05 [allowed] §cThe Seraph recalled your 3 summoned allies!
20:21:13 [allowed] §cThis ability is on cooldown for 2s.
20:21:14 [allowed] §cThere are blocks in the way!
20:21:23 [allowed] §c ☠ §r§7§r§aAeolous999§r§7 was killed by Enderman§r§7§r§7.
20:21:25 [allowed]   §r§a§lSLAYER QUEST COMPLETE!
20:21:25 [allowed]    §r§eEnderman Slayer LVL 6 §r§5- §r§7Next LVL in §r§d37,833 XP§r§7!
20:21:25 [allowed]    §dRNG Meter §f- §d61,500 Stored XP
20:21:25 [allowed]   §r§5§lSLAYER QUEST STARTED!
20:21:25 [allowed]    §5§l» §7Slay §c22,000 Combat XP §7worth of Endermen§7.
20:21:30 [allowed] §6[Sacks] §r§a+150§r§e items§r§e.§r§8 (Last 5s.)
20:21:41 [allowed] §6[Sacks] §r§a+14§r§e items§r§e.§r§8 (Last 6s.)
20:21:46 [allowed] §cThere are blocks in the way!
20:21:47 [allowed] §a§l+5 Kill Combo §r§b+3% §r§b✯ Magic Find
20:21:51 [allowed] §6§lSLAYER MINI-BOSS §r§4§lVoidcrazed Maniac§r§7 has spawned!
20:21:52 [allowed] §cThis ability is on cooldown for 1s.
20:21:58 [allowed] §6[Sacks] §r§a+113§r§e items§r§e.§r§8 (Last 14s.)
20:21:58 [allowed] §cYour Kill Combo has expired! You reached a 8 Kill Combo!
20:22:01 [allowed] §bThomasBaguette left SkyBlock.
20:22:01 [allowed] §2Guild > §r§bThomasBaguette §r§eleft.
20:22:03 [allowed] §6§lSLAYER MINI-BOSS §r§5§lVoidling Radical§r§7 has spawned!
20:22:03 [allowed] §8[§r§6406§r§8] §r§6〣 §r§6[MVP§f++§6] 6pen§f§r§f: pls stop
20:22:05 [allowed] §c ☠ §r§7§r§aAeolous999§r§7 was killed by Enderman§r§7§r§7.
20:22:08 [allowed] §a§l+5 Kill Combo §r§b+3% §r§b✯ Magic Find
20:22:09 [allowed] §aYou have spawned your Tank Zombie §r§asoul! §r§d(181 Mana)
20:22:09 [allowed] §aYou have spawned your Tank Zombie §r§asoul! §r§d(181 Mana)
20:22:09 [allowed] §aYou have spawned your Tank Zombie §r§asoul! §r§d(181 Mana)
20:22:13 [allowed] §6[Sacks] §r§a+31§r§e items§r§e.§r§8 (Last 14s.)
20:22:15 [allowed] §8[§r§f40§r§8] §r§a[VIP] DentaHindi6995§f§r§f: Mortadelka_ where are u
20:22:17 [allowed] §cThe Seraph recalled your 3 summoned allies!
20:22:19 [allowed] §6[Sacks] §r§a+9§r§e items§r§e.§r§8 (Last 5s.)
20:22:21 [allowed] §cYour Kill Combo has expired! You reached a 7 Kill Combo!
20:22:26 [allowed] §aFriend > §r§bskelette §r§eleft.
20:22:33 [allowed] §6[Sacks] §r§a+5§r§e items§r§e.§r§8 (Last 5s.)
20:22:37 [allowed] §aYou have spawned your Tank Zombie §r§asoul! §r§d(181 Mana)
20:22:37 [allowed] §aYou have spawned your Tank Zombie §r§asoul! §r§d(181 Mana)
20:22:37 [allowed] §aYou have spawned your Tank Zombie §r§asoul! §r§d(181 Mana)
20:22:40 [allowed] §c ☠ §r§7§r§7SlenderW§r§7 was killed by Nest Endermite§r§7§r§7.
20:22:42 [allowed] §cThe Seraph recalled your 3 summoned allies!
20:22:45 [allowed] §c ☠ §r§7§r§aAeolous999§r§7 was killed by Enderman§r§7§r§7.
20:22:51 [allowed] §cThere are blocks in the way!
20:23:01 [allowed] §cThis ability is on cooldown for 4s.
20:23:01 [allowed] §aYou have spawned your Tank Zombie §r§asoul! §r§d(181 Mana)
20:23:01 [allowed] §aYou have spawned your Tank Zombie §r§asoul! §r§d(181 Mana)
20:23:01 [allowed] §aYou have spawned your Tank Zombie §r§asoul! §r§d(181 Mana)
20:23:05 [allowed] §cThe Seraph recalled your 3 summoned allies!
20:23:08 [allowed] §cThis ability is on cooldown for 2s.
20:23:10 [allowed] §cThis ability is on cooldown for 1s.
20:23:14 [allowed] §cThere are blocks in the way!
20:23:23 [allowed] §cThere are blocks in the way!
20:23:25 [allowed] §cThis ability is on cooldown for 1s.
20:23:30 [allowed]   §r§a§lSLAYER QUEST COMPLETE!
20:23:30 [allowed]    §r§eEnderman Slayer LVL 6 §r§5- §r§7Next LVL in §r§d37,333 XP§r§7!
20:23:30 [allowed]    §dRNG Meter §f- §d62,000 Stored XP
20:23:30 [allowed]   §r§5§lSLAYER QUEST STARTED!
20:23:30 [allowed]    §5§l» §7Slay §c22,000 Combat XP §7worth of Endermen§7.
20:23:30 [allowed] §b§lRARE DROP! §r§7(§r§f§r§763x §r§f§r§aTwilight Arrow Poison§r§7) §r§b(+156% §r§b✯ Magic Find§r§b)
20:23:36 [allowed] §a§l+5 Kill Combo §r§b+3% §r§b✯ Magic Find
20:23:37 [allowed] §cThere are blocks in the way!
20:23:37 [allowed] §aYou earned §r§2750 GEXP §r§afrom playing SkyBlock!
20:23:41 [allowed] §a§l+10 Kill Combo §r§8+§r§610 §r§7coins per kill
20:23:41 [allowed] §6§lRARE DROP! §r§aEnchanted Ender Pearl §r§b(+§r§b203% §r§b✯ Magic Find§r§b)
20:23:51 [allowed] §cYour Kill Combo has expired! You reached a 11 Kill Combo!
20:23:51 [allowed] §6[Sacks] §r§a+183§r§e items§r§e.§r§8 (Last 17s.)
20:23:59 [allowed] §a§l+5 Kill Combo §r§b+3% §r§b✯ Magic Find
20:23:59 [allowed] §6§lRARE DROP! §r§5Ender Chestplate §r§b(+§r§b233% §r§b✯ Magic Find§r§b)
20:23:59 [allowed] §6§lRARE DROP! §r§aEnchanted Ender Pearl §r§b(+§r§b203% §r§b✯ Magic Find§r§b)
20:23:59 [allowed] §6§lSLAYER MINI-BOSS §r§5§lVoidling Radical§r§7 has spawned!
20:24:05 [allowed] §6[Sacks] §r§a+73§r§e items§r§e.§r§8 (Last 9s.)
20:24:06 [allowed] §cYour Kill Combo has expired! You reached a 7 Kill Combo!
20:24:08 [allowed] §e✆ RING... 
20:24:08 [allowed] §e✆ RING... RING... 
20:24:08 [allowed] §e✆ RING... RING... RING... 
20:24:09 [allowed] §e[NPC] §5Maddox§f: §b✆ §f§rHello?
20:24:28 [allowed] §a§l+5 Kill Combo §r§b+3% §r§b✯ Magic Find
20:24:33 [allowed] §5☬ §r§bkinga64256 §r§dplaced a Summoning Eye! §r§7(§r§e1§r§7/§r§a8§r§7)
20:24:34 [allowed] §6[Sacks] §r§a+107§r§e items§r§e.§r§8 (Last 11s.)
20:24:36 [allowed] §cYour Kill Combo has expired! You reached a 7 Kill Combo!
20:24:47 [allowed] §eYou received kill credit for assisting on a slayer miniboss!
20:24:50 [allowed] §6§lSLAYER MINI-BOSS §r§5§lVoidling Radical§r§7 has spawned!
20:24:51 [allowed] §a§l+5 Kill Combo §r§b+3% §r§b✯ Magic Find
20:24:51 [allowed] §3§l▬▬▬▬▬▬▬▬▬▬▬▬▬▬▬▬▬▬▬▬▬▬▬▬▬▬▬▬▬▬▬▬▬▬▬▬▬▬▬▬▬▬▬▬▬▬▬▬▬▬▬▬▬▬▬▬▬▬▬▬▬▬▬▬
20:24:51 [allowed]  
20:24:51 [allowed] §f                                  §6§lBESTIARY
20:24:51 [allowed] §f                      §b§lVoidling Fanatic §7§8XIV §8➡§b §bXV
20:24:51 [allowed] 
20:24:51 [allowed] §f                                  §r§6§lREWARDS
20:24:51 [allowed] §f                    §r§8+§r§a4 Voidling Fanatic §r§b✯ Magic Find
20:24:51 [allowed] §f                     §r§8+§r§a4 Voidling Fanatic §r§c❁ Strength
20:24:51 [allowed] §f                        §r§8+§r§62% §r§aVoidling Fanatic §r§7coins
20:24:51 [allowed] §f                    §r§8+§r§a50% §r§7chance for extra XP orbs
20:24:51 [allowed] §f                               §r§8+§r§b1 SkyBlock XP
20:24:51 [allowed] 
20:24:51 [allowed] §3§l▬▬▬▬▬▬▬▬▬▬▬▬▬▬▬▬▬▬▬▬▬▬▬▬▬▬▬▬▬▬▬▬▬▬▬▬▬▬▬▬▬▬▬▬▬▬▬▬▬▬▬▬▬▬▬▬▬▬▬▬▬▬▬▬
20:25:00 [allowed] §6[Sacks] §r§a+126§r§e items§r§e.§r§8 (Last 13s.)
20:25:01 [allowed] §cYour Kill Combo has expired! You reached a 7 Kill Combo!
20:25:04 [allowed] §c ☠ §r§7§r§aminecronnie§r§7 was killed by Voidgloom Seraph§r§7§r§7.
20:25:10 [allowed] §aYou have spawned your Tank Zombie §r§asoul! §r§d(181 Mana)
20:25:10 [allowed] §aYou have spawned your Tank Zombie §r§asoul! §r§d(181 Mana)
20:25:10 [allowed] §aYou have spawned your Tank Zombie §r§asoul! §r§d(181 Mana)
20:25:14 [allowed] §6[Sacks] §r§a+10§r§e items§r§e.§r§8 (Last 8s.)
20:25:15 [allowed] §cThe Seraph recalled your 3 summoned allies!
20:25:17 [allowed] §8[§r§f40§r§8] §r§a[VIP] DentaHindi6995§f§r§f: readY?
20:25:23 [allowed] §6[Sacks] §r§a+5§r§e items§r§e.§r§8 (Last 5s.)
20:25:24 [allowed] §8[§r§e111§r§8] §r§a[VIP§6+§a] Iahe§f§r§f: no
20:25:30 [allowed] §8[§r§e111§r§8] §r§a[VIP§6+§a] Iahe§f§r§f: be gentle
20:25:30 [allowed] §aFriend > §r§bskelette §r§ejoined.
20:25:34 [allowed] §6[Sacks] §r§a+6§r§e items§r§e.§r§8 (Last 5s.)
20:25:35 [allowed] §aYou have spawned your Tank Zombie §r§asoul! §r§d(181 Mana)
20:25:35 [allowed] §aYou have spawned your Tank Zombie §r§asoul! §r§d(181 Mana)
20:25:35 [allowed] §aYou have spawned your Tank Zombie §r§asoul! §r§d(181 Mana)
20:25:39 [allowed] §cThe Seraph recalled your 3 summoned allies!
20:25:56 [allowed] §6[Sacks] §r§a+15§r§e items§r§e.§r§8 (Last 6s.)
20:26:01 [allowed] §aYou have spawned your Tank Zombie §r§asoul! §r§d(181 Mana)
20:26:01 [allowed] §aYou have spawned your Tank Zombie §r§asoul! §r§d(181 Mana)
20:26:01 [allowed] §aYou have spawned your Tank Zombie §r§asoul! §r§d(181 Mana)
20:26:04 [allowed] §c ☠ §r§7§r§7ka4o0§r§7 was killed by Voidgloom Seraph§r§7§r§7.
20:26:05 [allowed] §cThe Seraph recalled your 3 summoned allies!
20:26:15 [allowed] §c§lThe ground begins to shake as an Endstone Protector rises from below!
20:26:18 [allowed] §cThis ability is on cooldown for 1s.
20:26:28 [allowed] §6[Sacks] §r§a+64§r§e items§r§e.§r§8 (Last 5s.)
20:26:29 [allowed]   §r§a§lSLAYER QUEST COMPLETE!
20:26:29 [allowed]    §r§eEnderman Slayer LVL 6 §r§5- §r§7Next LVL in §r§d36,833 XP§r§7!
20:26:29 [allowed]    §dRNG Meter §f- §d62,500 Stored XP
20:26:29 [allowed]   §r§5§lSLAYER QUEST STARTED!
20:26:29 [allowed]    §5§l» §7Slay §c22,000 Combat XP §7worth of Endermen§7.
20:26:34 [allowed] §6[Sacks] §r§a+132§r§e items§r§e.§r§8 (Last 5s.)
20:26:35 [allowed] §c§lBEWARE - An Endstone Protector has risen!
20:26:37 [allowed] §cYou must double tap the drop button to drop this item!
20:26:37 [allowed] §cYou can disable this in the §r§fSettings§r§c in your §r§aSkyBlock Menu§r§c!
20:26:46 [allowed] §a§l+5 Kill Combo §r§b+3% §r§b✯ Magic Find
20:26:49 [allowed] §c ☠ §r§7§r§bEarthpenguin712§r§7 was killed by Voidgloom Seraph§r§7§r§7.
