23:36:04 [allowed] §aYou are still radiating with §bGenerosity§r§a!
23:36:04 [allowed] §f §r§r§r§f §r§r§r§1 §r§r§r§0 §r§r§r§2 §r§r§r§f §r§r§r§f §r§r§r§2 §r§r§r§0 §r§r§r§4 §r§r§r§3 §r§r§r§9 §r§r§r§2 §r§r§r§0 §r§r§r§0 §r§r§r§3 §r§r§r§9 §r§r§r§2 §r§r§r§0 §r§r§r§0 §r§r§r§3 §r§r§r§9 §r§r§r§2 §r§r§r§0 §r§r§r§0 
23:36:04 [allowed] §b[MVP§0+§b] KobeAim§f §6joined the lobby!
23:36:04 [allowed] §b[MVP§e+§b] ZacharyPlayz1228§f §6joined the lobby!
23:36:04 [allowed] §b[MVP§f+§b] zq_x§f §6joined the lobby!
23:36:05 [allowed] §b§m--------------§r§f  §r§aGuild: Message Of The Day  §r§b§m--------------
23:36:05 [allowed] §b| §r§eFriend request from §r§d[PIG§r§b+++§r§d] Technoblade
23:36:05 [allowed] §b| §r§a§l[ACCEPT] §r§8- §r§c§l[DENY] §r§8- §r§7§l[IGNORE]
23:36:05 [allowed] §b§m-----------------------------------------------------
23:36:05 [allowed] §b[MVP§c+§b] __Kusho__§f §6joined the lobby!
23:36:05 [allowed] §aFriend > §r§bmawiek §r§ejoined.
23:36:05 [allowed]   §r§f§l➤ §r§6You have reached your Hype limit! Add Hype to Prototype Lobby minigames by right-clicking with the Hype Diamond!
23:36:05 [allowed] §b[MVP§d+§b] gangstastyle§f §6joined the lobby!
23:36:06 [allowed] 
§r§f§l➔ §r§6§lWelcome to the Prototype Lobby§r
§r§aAll games in this lobby are currently in development.§r
§r§eClick here to leave feedback!§r§f ➤ §r§b§nhttps://hypixel.net/PTL

23:36:08 [allowed] §b[MVP§2+§b] CornyGameing§f §6joined the lobby!
23:36:09 [allowed] §7Sending to server mini3AS...
23:36:10 [allowed] §8 §r§8 §r§1 §r§3 §r§3 §r§7 §r§8 
23:36:11 [allowed]  
23:36:11 [allowed] §f       §7You have §31 §7pending §3Bestiary Milestone §7to be claimed!
23:36:11 [allowed] §f                    §6§l>>> §6§lCLICK HERE§e to claim it! §6§l<<<
23:36:11 [allowed]   
23:36:12 [allowed] 
23:36:12 [allowed] §eWelcome to §r§aHypixel SkyBlock§r§e!
23:36:12 [allowed] 
23:36:12 [allowed] §eLatest update: §bSkyBlock v0.22.1 §e§lCLICK
23:36:13 [allowed] §aYou are playing on profile: §eCoconut§b (Co-op)
23:36:13 [allowed] §8Profile ID: 4ef1bd42-ec32-42d4-afba-b766eacde1e7
23:36:13 [allowed] §dFrom §r§b[MVP§r§6+§r§b] Matteke42§r§7: §r§7yoo
23:36:22 [allowed] §cThere are blocks in the way!
23:36:24 [allowed] §cThere are blocks in the way!
23:36:25 [allowed] §cThere are blocks in the way!
23:36:46 [allowed] §dTo §r§b[MVP§r§6+§r§b] Matteke42§r§7: §r§7hey
23:36:50 [allowed] §6[Bazaar] §r§7Claiming order...
23:36:50 [allowed] §6[Bazaar] §r§7§r§7Claimed §r§a1§r§7x §r§6The Art of War §r§7worth §r§67,000,001 coins §r§7bought for §r§67,000,001 §r§7each!
23:36:51 [allowed] §6[Bazaar] §r§7Claiming order...
23:36:52 [allowed] §6[Bazaar] §r§7§r§7Claimed §r§a1§r§7x §r§aChance V §r§7worth §r§610,878,171 coins §r§7bought for §r§610,878,171 §r§7each!
23:37:30 [allowed] §aYou earned §r§230 GEXP §r§afrom playing SkyBlock!
23:37:50 [allowed] §b-----------------------------------------------------
23:37:50 [allowed] §b[MVP§r§0+§r§b] KobeAim§r§f §r§ecollected an auction for §r§610,889,999 coins§r§e!
23:37:50 [allowed] §b-----------------------------------------------------
23:37:50 [allowed] §eYou collected §r§610,889,999 coins §r§efrom selling §r§f§r§5Ember Chestplate §r§eto §r§b[MVP§r§d+§r§b] Norway_Agent §r§ein an auction!
23:38:25 [allowed] §c ☠ §r§7§r§7Cassonde§r§7 fell into the void§r§7.
23:40:12 [allowed] §6[Bazaar] §r§7Cancelling order...
23:40:12 [allowed] §6[Bazaar] §r§7§r§cCancelled! §r§7Refunded §r§68,556,511 coins §r§7from cancelling Buy Order!
23:40:19 [allowed] §6[Bazaar] §r§7Putting goods in escrow...
23:40:20 [allowed] §6[Bazaar] §r§7Submitting buy order...
23:40:20 [allowed] §6[Bazaar] §r§7§r§eBuy Order Setup! §r§a2§r§7x §r§fTabasco II §r§7for §r§68,556,511 coins§r§7.
23:40:25 [allowed] §6[Bazaar] §r§7Cancelling order...
23:40:25 [allowed] §6[Bazaar] §r§7§r§cCancelled! §r§7Refunded §r§62,472,052 coins §r§7from cancelling Buy Order!
23:40:25 [allowed] §8[§r§a151§r§8] §r§b[MVP§c+§b] Greenyish§f§r§f: nice name
23:40:33 [allowed] §6[Bazaar] §r§7Putting goods in escrow...
23:40:33 [allowed] §6[Bazaar] §r§7Submitting buy order...
23:40:33 [allowed] §6[Bazaar] §r§7§r§eBuy Order Setup! §r§a2§r§7x §r§5Fuming Potato Book §r§7for §r§62,472,056 coins§r§7.
23:40:44 [allowed] §8[§r§d342§r§8] §r§6✿ §r§6[MVP§0++§6] Thighs_§f§r§f: thank you
23:40:53 [allowed] §6[Bazaar] §r§7Cancelling order...
23:40:53 [allowed] §6[Bazaar] §r§7§r§cCancelled! §r§7Refunded §r§a2§r§7x §r§6Free Will §r§7from cancelling Sell Offer!
23:41:04 [allowed] §cUnknown destination! Check the Fast Travel menu to view options!
23:41:05 [allowed] §6[Bazaar] §eYour §aBuy Order §efor §a2§7x §5Fuming Potato Book §ewas filled!
23:41:09 [allowed] §6[Bazaar] §r§7Claiming order...
23:41:09 [allowed] §6[Bazaar] §r§7§r§7Claimed §r§a2§r§7x §r§5Fuming Potato Book §r§7worth §r§62,472,056 coins §r§7bought for §r§61,236,028 §r§7each!
23:41:30 [allowed] §aFriend > §r§6FoundLove §r§eleft.
23:41:52 [allowed] §6[Bazaar] §r§7Executing instant buy...
23:41:52 [allowed] §6[Bazaar] §r§7Bought §r§a1§r§7x §r§5Fuming Potato Book §r§7for §r§61,295,393 coins§r§7!
23:42:02 [allowed] §aYou applied a §r§5Fuming Potato Book §r§ato your §r§dAncient Necron's Boots §r§6✪✪✪✪✪§r§a!
23:42:02 [allowed] §cWhoa! Slow down there!
23:42:03 [allowed] §aYou applied a §r§5Fuming Potato Book §r§ato your §r§dAncient Necron's Boots §r§6✪✪✪✪✪§r§a!
23:42:03 [allowed] §cWhoa! Slow down there!
23:42:04 [allowed] §aYou applied a §r§5Fuming Potato Book §r§ato your §r§dAncient Necron's Boots §r§6✪✪✪✪✪§r§a!
23:42:04 [allowed] §cWhoa! Slow down there!
23:42:04 [allowed] §cWhoa! Slow down there!
23:42:04 [allowed] §aYou applied a §r§5Fuming Potato Book §r§ato your §r§dAncient Necron's Boots §r§6✪✪✪✪✪§r§a!
23:42:05 [allowed] §cWhoa! Slow down there!
23:42:05 [allowed] §cYou have applied the maximum amount of Potato Books to this item!
23:42:05 [allowed] §aYou applied a §r§5Fuming Potato Book §r§ato your §r§dAncient Necron's Boots §r§6✪✪✪✪✪§r§a!
23:42:05 [allowed] §cWhoa! Slow down there!
23:42:18 [allowed] §aFriend > §r§bboredwolf1003 §r§eleft.
23:42:35 [allowed] §aYou earned §r§2467 GEXP §r§afrom playing SkyBlock!
23:44:56 [allowed] §cThere are blocks in the way!
23:44:57 [allowed] §cThere are blocks in the way!
23:44:57 [allowed] §cThere are blocks in the way!
23:47:39 [allowed] §aYou earned §r§2184 GEXP §r§afrom playing SkyBlock!
23:50:48 [allowed] §aFriend > §r§bboredwolf1003 §r§ejoined.
23:51:05 [allowed] §a§aYou tipped 1 player in 1 game!
23:51:16 [allowed] §aFriend > §r§bboredwolf1003 §r§eleft.
23:52:43 [allowed] §aYou earned §r§2223 GEXP §r§afrom playing SkyBlock!
23:57:46 [allowed] §aYou earned §r§23 GEXP §r§afrom playing SkyBlock!
00:00:15 [allowed] §f
00:00:15 [allowed] §4[WATCHDOG ANNOUNCEMENT]
00:00:15 [allowed] §fWatchdog has banned §r§c§l12,435§r§f players in the last 7 days.
00:00:15 [allowed] §fStaff have banned an additional §r§c§l12,339§r§f in the last 7 days.
00:00:15 [allowed] §cBlacklisted modifications are a bannable offense!
00:00:15 [allowed] §c
00:01:25 [allowed] §7Warping...
00:01:26 [allowed] §7Sending to server mini181BK...
00:01:28 [allowed] §8 §r§8 §r§1 §r§3 §r§3 §r§7 §r§8 
00:01:28 [allowed] §2§lGOTCHA! §7Your traps caught a §2Pest §7in §aPlot §r§b18§r§r§7!
00:01:28 [allowed]  
00:01:28 [allowed] §f       §7You have §31 §7pending §3Bestiary Milestone §7to be claimed!
00:01:28 [allowed] §f                    §6§l>>> §6§lCLICK HERE§e to claim it! §6§l<<<
00:01:28 [allowed]   
00:01:28 [allowed] §6§lGROSS! §7While you were offline, §2Pests §7spawned in §aPlots §r§b12§r§7 and §r§b7§r§r§7!
00:01:28 [allowed] §7Click on a plot's name in chat to teleport to it!
00:01:29 [allowed] §aYou are playing on profile: §eCoconut§b (Co-op)
00:01:29 [allowed] §8Profile ID: 4ef1bd42-ec32-42d4-afba-b766eacde1e7
00:01:36 [allowed] §aYou released all Pests from Trap §r§2#3§r§7!
00:01:37 [allowed] §aYou released all Pests from Trap §r§2#2§r§7!
00:01:38 [PEST_DROP] §eYou received §a20x Enchanted Cactus Green §efor killing a §2Mite§e!
00:01:38 [PEST_DROP] §eYou received §a35x Enchanted Nether Wart §efor killing a §2Beetle§e!
00:01:38 [PEST_DROP] §eYou received §a15x Enchanted Pumpkin §efor killing a §2Rat§e!
00:01:39 [PEST_DROP] §eYou received §a16x Enchanted Pumpkin §efor killing a §2Rat§e!
00:01:39 [allowed] §aYour Garden is no longer infested and your §r§6☘ Farming Fortune §r§ahas returned to normal!
00:01:39 [PEST_DROP] §eYou received §a15x Enchanted Pumpkin §efor killing a §2Rat§e!
00:01:39 [PEST_DROP] §eYou received §a16x Enchanted Pumpkin §efor killing a §2Rat§e!
00:01:41 [allowed] §aYou released all Pests from Trap §r§2#1§r§7!
00:01:43 [PEST_DROP] §eYou received §a45x Enchanted Cocoa Beans §efor killing a §2Moth§e!
00:01:43 [allowed] §aYour Garden is no longer infested and your §r§6☘ Farming Fortune §r§ahas returned to normal!
00:01:43 [PEST_DROP] §eYou received §a55x Enchanted Carrot §efor killing a §2Cricket§e!
00:01:43 [PEST_DROP] §eYou received §a55x Enchanted Carrot §efor killing a §2Cricket§e!
00:01:48 [allowed] §6[Sacks] §r§a+272§r§e items§r§e.§r§8 (Last 10s.)
00:02:00 [PEST_DROP] §eYou received §a56x Enchanted Potato §efor killing a §2Locust§e!
00:02:05 [allowed] §6[Sacks] §r§a+56§r§e items§r§e.§r§8 (Last 5s.)
00:02:08 [PEST_DROP] §eYou received §a57x Enchanted Potato §efor killing a §2Locust§e!
00:02:14 [allowed] §6[Sacks] §r§a+58§r§e items§r§e.§r§8 (Last 5s.)
00:02:19 [allowed] §aTeleported you to §r§aThe Barn§r§a!
00:02:21 [GARDEN_VISITOR_MESSAGE] §e[NPC] §aXalx§f: §r§fHello gardener, I've been looking for some sugar to grow my new crop. Wanna try it?
00:02:24 [allowed] §6§lOFFER ACCEPTED §r§8with §r§aXalx §r§8(§r§a§lUNCOMMON§r§8)
00:02:24 [allowed] 
00:02:24 [allowed]   §r§a§lREWARDS
00:02:24 [allowed]     §r§8+§r§215 §r§7Garden Experience
00:02:24 [allowed]     §r§8+§r§34k §r§7Farming XP
00:02:24 [allowed]     §r§8+§r§c26 Copper
00:02:24 [allowed]     §r§7§fMysterious Crop
00:02:24 [allowed] 
00:02:24 [GARDEN_VISITOR_MESSAGE] §e[NPC] §aXalx§f: §r§fDarn humans, you don't understand how to use things...
00:02:26 [GARDEN_VISITOR_MESSAGE] §e[NPC] §9Gwendolyn§f: §r§fI don't really have a sweet tooth, but chocolate is probably my favorite thing in this world. But the supply is really poor mostly because of the mines' lack of accessibility.
00:02:27 [NEW_VISITOR_ARRIVED] §9§r§9Emissary Sisko §r§ehas arrived on your §r§aGarden§r§e!
00:02:30 [allowed] §6[Sacks] §r§c-247§r§e items§r§e.§r§8 (Last 5s.)
00:02:30 [GARDEN_VISITOR_MESSAGE] §e[NPC] §9Gwendolyn§f: §r§fI helped you enter the Crystal Hollows so many times! Why won't you return the favor?
00:02:30 [GARDEN_VISITOR_MESSAGE] §e[NPC] §aRoyal Resident§f: §r§fMy neighbor told me to get off his property, but he doesn't even own this place!
00:02:33 [allowed] §6§lOFFER ACCEPTED §r§8with §r§aRoyal Resident §r§8(§r§a§lUNCOMMON§r§8)
00:02:33 [allowed] 
00:02:33 [allowed]   §r§a§lREWARDS
00:02:33 [allowed]     §r§8+§r§215 §r§7Garden Experience
00:02:33 [allowed]     §r§8+§r§39.9k §r§7Farming XP
00:02:33 [allowed]     §r§8+§r§c16 Copper
00:02:33 [allowed] 
00:02:33 [GARDEN_VISITOR_MESSAGE] §e[NPC] §aRoyal Resident§f: §rMaybe I have to talk to the King about him. He is going too far. I think the current King is §l§6Emkam§f.
00:02:34 [GARDEN_VISITOR_MESSAGE] §e[NPC] §9Shifty§f: §r§fIt seems like my brew selection is rather small...I've recently heard that melon juice is really sought after so maybe it can enhance my drinks' flavors!
00:02:36 [allowed] §6§lOFFER ACCEPTED §r§8with §r§9Shifty §r§8(§r§9§lRARE§r§8)
00:02:36 [allowed] 
00:02:36 [allowed]   §r§a§lREWARDS
00:02:36 [allowed]     §r§8+§r§230 §r§7Garden Experience
00:02:36 [allowed]     §r§8+§r§35.7k §r§7Farming XP
00:02:36 [allowed]     §r§8+§r§c70 Copper
00:02:36 [allowed] 
00:02:36 [GARDEN_VISITOR_MESSAGE] §e[NPC] §9Shifty§f: §r§fWell done! I'm sure that even Sirius will enjoy my revolutionary melon refreshments.
00:02:36 [GARDEN_VISITOR_MESSAGE] §e[NPC] §9Emissary Sisko§f: §r§fI've heard I can find the best mushrooms here, and as the King's favorite emissary I will bring them to him!
00:02:39 [allowed] §6§lOFFER ACCEPTED §r§8with §r§9Emissary Sisko §r§8(§r§9§lRARE§r§8)
00:02:39 [allowed] 
00:02:39 [allowed]   §r§a§lREWARDS
00:02:39 [allowed]     §r§8+§r§230 §r§7Garden Experience
00:02:39 [allowed]     §r§8+§r§322.9k §r§7Farming XP
00:02:39 [allowed]     §r§8+§r§c87 Copper
00:02:39 [allowed]     §r§7§8+§d1,530 Gemstone Powder
00:02:39 [allowed] 
00:02:39 [GARDEN_VISITOR_MESSAGE] §e[NPC] §9Emissary Sisko§f: §r§fMy standing as the King's favorite emissary is secured as soon as I bring these back home!
00:02:43 [allowed] §aInserted §r§257,591.8 §r§aOrganic Matter from your sacks!
00:02:49 [allowed] §6[Sacks] §r§c-1,247§r§e items§r§e.§r§8 (Last 16s.)
00:02:49 [allowed] §dFrom §r§b[MVP§r§6+§r§b] Matteke42§r§7: §r§7[Bazaar] Claimed 248,259,887 coins from selling 1x Wither Shield
00:02:53 [allowed] §2§lCOMPOSTER UPGRADED §r§aMulti Drop §r§8VI➜§r§aVII
00:02:53 [allowed]     §r§7When compost is produced, grants a §r§a21% §r§7chance to
00:02:53 [allowed]     §r§7produce an extra one.
00:02:53 [allowed]     §r§8+§r§b1 SkyBlock XP
00:02:57 [allowed] §dTo §r§b[MVP§r§6+§r§b] Matteke42§r§7: §r§7LOL NICE GG
00:02:59 [allowed] §6[Sacks] §r§c-8§r§e items§r§e.§r§8 (Last 5s.)
00:03:17 [allowed] §dTo §r§b[MVP§r§6+§r§b] Matteke42§r§7: §r§7kga valorant unrated spelen met een paar andere, wil je joinen?
00:03:29 [allowed] §d§lTIME TOWER! §r§7Your §r§6Chocolate Factory §r§7production has increased by §r§6+1.5x §r§7for §r§a1h§r§7!
00:03:33 [allowed] §7Sending to server mini37AW...
00:03:35 [allowed] §8 §r§8 §r§1 §r§3 §r§3 §r§7 §r§8 
00:03:35 [allowed] §d§lINFUSION GONE! §r§7Insta-consumed because you joined 3 rift instances with it!
00:03:35 [allowed]  
00:03:35 [allowed] §f       §7You have §31 §7pending §3Bestiary Milestone §7to be claimed!
00:03:35 [allowed] §f                    §6§l>>> §6§lCLICK HERE§e to claim it! §6§l<<<
00:03:35 [allowed]   
00:03:36 [allowed] §aYou are playing on profile: §eCoconut§b (Co-op)
00:03:36 [allowed] §8Profile ID: 4ef1bd42-ec32-42d4-afba-b766eacde1e7
00:03:39 [allowed] §6§lROUND 1§r§6§l: §r§eYou chose §r§a§lSPLIT §r§eand gained §r§53,000 Motes§r§e!
00:03:41 [allowed] §6§lROUND 2§r§6§l: §r§eYou chose §r§a§lSPLIT §r§eand gained §r§53,000 Motes§r§e!
00:03:43 [allowed] §6§lROUND 3§r§6§l: §r§eYou chose §r§a§lSPLIT §r§eand gained §r§53,000 Motes§r§e!
00:03:46 [allowed] §6§lROUND 4§r§6§l: §r§eYou chose §r§a§lSPLIT §r§eand gained §r§53,000 Motes§r§e!
00:03:48 [allowed] §6§lROUND 5§r§6§l: §r§eYou chose §r§a§lSPLIT §r§eand gained §r§53,000 Motes§r§e!
00:03:51 [allowed] §6§lROUND 6§r§6§l: §r§eYou chose §r§a§lSPLIT §r§eand gained §r§53,000 Motes§r§e!
00:03:53 [allowed] §6§lROUND 7§r§6§l: §r§eYou chose §r§a§lSPLIT §r§eand gained §r§53,000 Motes§r§e!
00:03:56 [allowed] §6§lROUND 8 §r§6(§r§6§lFINAL§r§6)§r§6§l: §r§eYou chose §r§a§lSPLIT §r§eand gained §r§53,000 Motes§r§e!
00:03:56 [allowed] §eYou earned §r§524,000 Motes §r§ein this match!
00:03:56 [allowed] §eYour opponent earned §r§524,000 Motes §r§ein this match!
00:03:58 [allowed] §cThere are blocks in the way!
00:04:02 [allowed] §7Warping...
00:04:02 [allowed] §7Sending to server mini200CK...
00:04:04 [allowed] §8 §r§8 §r§1 §r§3 §r§3 §r§7 §r§8 
00:04:04 [allowed]  
00:04:04 [allowed] §f       §7You have §31 §7pending §3Bestiary Milestone §7to be claimed!
00:04:04 [allowed] §f                    §6§l>>> §6§lCLICK HERE§e to claim it! §6§l<<<
00:04:04 [allowed]   
00:04:06 [allowed] §aYou are playing on profile: §eCoconut§b (Co-op)
00:04:06 [allowed] §8Profile ID: 4ef1bd42-ec32-42d4-afba-b766eacde1e7
00:04:41 [allowed] §aFriend > §r§bpnk0 §r§eleft.
00:05:00 [allowed] §dTo §r§b[MVP§r§6+§r§b] Matteke42§r§7: §r§7zag je de message?
00:05:04 [allowed] §dFrom §r§b[MVP§r§6+§r§b] Matteke42§r§7: §r§7nee
00:05:07 [allowed] §cYou cannot say the same message twice!
00:05:13 [allowed] §dFrom §r§b[MVP§r§6+§r§b] Matteke42§r§7: §r§7ben in dungeon
00:05:13 [allowed] §cYou cannot say the same message twice!
00:05:19 [allowed] §dTo §r§b[MVP§r§6+§r§b] Matteke42§r§7: §r§7kga valorant unrated spelen met een paar andere, wil je joinen? dit was de message
00:05:22 [allowed] §dFrom §r§b[MVP§r§6+§r§b] Matteke42§r§7: §r§7dus chat word volgespamed
00:05:29 [allowed] §dTo §r§b[MVP§r§6+§r§b] Matteke42§r§7: §r§7ye khad een gevoel
00:05:45 [allowed] §cThere are blocks in the way!
00:05:46 [allowed] §cThere are blocks in the way!
00:05:56 [allowed] §cThere are blocks in the way!
00:06:02 [allowed] §cThere are blocks in the way!
00:06:06 [allowed] §cThere are blocks in the way!
00:06:14 [allowed] §a§aYou tipped 2 players in 2 different games!
00:07:12 [allowed] §cThere are blocks in the way!
00:07:13 [allowed] §cThere are blocks in the way!
00:07:24 [allowed] §cThere are blocks in the way!
00:07:26 [allowed] §cThere are blocks in the way!
00:07:29 [allowed] §cThere are blocks in the way!
00:07:30 [allowed] §cThere are blocks in the way!
00:07:35 [allowed] §cThere are blocks in the way!
00:07:36 [allowed] §cThere are blocks in the way!
00:07:38 [allowed] §cThere are blocks in the way!
00:07:39 [allowed] §cThere are blocks in the way!
00:08:06 [allowed] §cThere are blocks in the way!
00:08:07 [allowed] §cThere are blocks in the way!
00:08:08 [allowed] §cThere are blocks in the way!
00:08:08 [allowed] §cThere are blocks in the way!
00:08:09 [allowed] §cThere are blocks in the way!
00:08:09 [allowed] §cThere are blocks in the way!
