18:08:38 Trying to load config from config\skyhanni\config.json
18:08:38 load-config-now
18:08:39 Loaded config from file
18:08:39 Trying to load sacks from config\skyhanni\sacks.json
18:08:39 load-sacks-now
18:08:39 Loaded sacks from file
18:08:39 Trying to load friends from config\skyhanni\friends.json
18:08:39 load-friends-now
18:08:39 Loaded friends from file
18:08:39 Trying to load known_features from config\skyhanni\known_features.json
18:08:39 load-known_features-now
18:08:39 Loaded known_features from file
18:08:39 Trying to load jacob_contests from config\skyhanni\jacob_contests.json
18:08:39 load-jacob_contests-now
18:08:39 Loaded jacob_contests from file
18:08:39 Trying to load visual_words from config\skyhanni\visual_words.json
18:08:39 Setting visual_words to be blank as it did not exist. It will be saved once something is written to it
18:09:39 saveConfig: auto-save-60s
18:09:39 Saving config file
18:09:39 Saved config file successfully
18:09:39 saveConfig: auto-save-60s
18:09:39 Saving config file
18:09:40 Saved config file successfully
18:10:39 saveConfig: auto-save-60s
18:10:39 Saving config file
18:10:39 Saved config file successfully
18:10:39 saveConfig: auto-save-60s
18:10:39 Saving config file
18:10:39 Saved config file successfully
18:11:39 saveConfig: auto-save-60s
18:11:39 Saving config file
18:11:39 Saved config file successfully
18:11:39 saveConfig: auto-save-60s
18:11:39 Saving config file
18:11:39 Saved config file successfully
18:12:39 saveConfig: auto-save-60s
18:12:39 Saving config file
18:12:39 Saved config file successfully
18:12:39 saveConfig: auto-save-60s
18:12:39 Saving config file
18:12:39 Saved config file successfully
18:13:39 saveConfig: auto-save-60s
18:13:39 Saving config file
18:13:39 Saved config file successfully
18:13:39 saveConfig: auto-save-60s
18:13:39 Saving config file
18:13:39 Saved config file successfully
18:14:39 saveConfig: auto-save-60s
18:14:39 Saving config file
18:14:39 Saved config file successfully
18:14:39 saveConfig: auto-save-60s
18:14:39 Saving config file
18:14:39 Saved config file successfully
18:15:39 saveConfig: auto-save-60s
18:15:39 Saving config file
18:15:39 Saved config file successfully
18:15:39 saveConfig: auto-save-60s
18:15:39 Saving config file
18:15:39 Saved config file successfully
18:16:39 saveConfig: auto-save-60s
18:16:39 Saving config file
18:16:39 Saved config file successfully
18:16:39 saveConfig: auto-save-60s
18:16:39 Saving config file
18:16:39 Saved config file successfully
18:17:39 saveConfig: auto-save-60s
18:17:39 Saving config file
18:17:39 Saved config file successfully
18:17:39 saveConfig: auto-save-60s
18:17:39 Saving config file
18:17:39 Saved config file successfully
18:18:39 saveConfig: auto-save-60s
18:18:39 Saving config file
18:18:39 Saved config file successfully
18:18:39 saveConfig: auto-save-60s
18:18:39 Saving config file
18:18:39 Saved config file successfully
18:19:39 saveConfig: auto-save-60s
18:19:39 Saving config file
18:19:39 Saved config file successfully
18:19:39 saveConfig: auto-save-60s
18:19:39 Saving config file
18:19:39 Saved config file successfully
18:20:39 saveConfig: auto-save-60s
18:20:39 Saving config file
18:20:39 Saved config file successfully
18:20:39 saveConfig: auto-save-60s
18:20:39 Saving config file
18:20:39 Saved config file successfully
18:21:39 saveConfig: auto-save-60s
18:21:39 Saving config file
18:21:39 Saved config file successfully
18:21:39 saveConfig: auto-save-60s
18:21:39 Saving config file
18:21:39 Saved config file successfully
18:22:39 saveConfig: auto-save-60s
18:22:39 Saving config file
18:22:39 Saved config file successfully
18:22:39 saveConfig: auto-save-60s
18:22:39 Saving config file
18:22:39 Saved config file successfully
18:23:39 saveConfig: auto-save-60s
18:23:39 Saving config file
18:23:39 Saved config file successfully
18:23:39 saveConfig: auto-save-60s
18:23:39 Saving config file
18:23:39 Saved config file successfully
18:24:39 saveConfig: auto-save-60s
18:24:39 Saving config file
18:24:39 Saved config file successfully
18:24:39 saveConfig: auto-save-60s
18:24:39 Saving config file
18:24:39 Saved config file successfully
18:25:39 saveConfig: auto-save-60s
18:25:39 Saving config file
18:25:39 Saved config file successfully
18:25:39 saveConfig: auto-save-60s
18:25:39 Saving config file
18:25:39 Saved config file successfully
18:26:39 saveConfig: auto-save-60s
18:26:39 Saving config file
18:26:39 Saved config file successfully
18:26:39 saveConfig: auto-save-60s
18:26:39 Saving config file
18:26:39 Saved config file successfully
18:27:39 saveConfig: auto-save-60s
18:27:39 Saving config file
18:27:39 Saved config file successfully
18:27:39 saveConfig: auto-save-60s
18:27:39 Saving config file
18:27:39 Saved config file successfully
18:28:39 saveConfig: auto-save-60s
18:28:39 Saving config file
18:28:39 Saved config file successfully
18:28:39 saveConfig: auto-save-60s
18:28:39 Saving config file
18:28:39 Saved config file successfully
18:29:39 saveConfig: auto-save-60s
18:29:39 Saving config file
18:29:39 Saved config file successfully
18:29:39 saveConfig: auto-save-60s
18:29:39 Saving config file
18:29:39 Saved config file successfully
18:30:39 saveConfig: auto-save-60s
18:30:39 Saving config file
18:30:39 Saved config file successfully
18:30:39 saveConfig: auto-save-60s
18:30:39 Saving config file
18:30:39 Saved config file successfully
18:31:39 saveConfig: auto-save-60s
18:31:39 Saving config file
18:31:39 Saved config file successfully
18:31:39 saveConfig: auto-save-60s
18:31:39 Saving config file
18:31:39 Saved config file successfully
18:32:39 saveConfig: auto-save-60s
18:32:39 Saving config file
18:32:39 Saved config file successfully
18:32:39 saveConfig: auto-save-60s
18:32:39 Saving config file
18:32:39 Saved config file successfully
18:33:39 saveConfig: auto-save-60s
18:33:39 Saving config file
18:33:39 Saved config file successfully
18:33:39 saveConfig: auto-save-60s
18:33:39 Saving config file
18:33:39 Saved config file successfully
18:34:39 saveConfig: auto-save-60s
18:34:39 Saving config file
18:34:39 Saved config file successfully
18:34:39 saveConfig: auto-save-60s
18:34:39 Saving config file
18:34:39 Saved config file successfully
18:35:39 saveConfig: auto-save-60s
18:35:39 Saving config file
18:35:39 Saved config file successfully
18:35:39 saveConfig: auto-save-60s
18:35:39 Saving config file
18:35:39 Saved config file successfully
18:36:39 saveConfig: auto-save-60s
18:36:39 Saving config file
18:36:39 Saved config file successfully
18:36:39 saveConfig: auto-save-60s
18:36:39 Saving config file
18:36:39 Saved config file successfully
18:37:11 saveConfig: shutdown-hook
18:37:11 Saving config file
18:37:11 Saved config file successfully
18:37:11 saveConfig: shutdown-hook
18:37:11 Saving config file
