13:00:18 `nkxb06u8bb`113 missed {
 is already Found: false).
 Position: LorenzVec(x=84.0, y=224.0, z=-118.0)
 DistanceC: 0.81403652923305
Relative Position: LorenzVec(x=-0.81403652923305, y=0.0, z=-0.5611436611722809)
 }
13:01:33 `Villager`121 missed {
 is already Found: false).
 Position: LorenzVec(x=191.0, y=216.0, z=154.0)
 DistanceC: 16.710405163775135
Relative Position: LorenzVec(x=12.0113351542754, y=20.0, z=16.710405163775135)
 }
13:01:58 `Zombie`505623 missed {
 is already Found: false).
 Position: LorenzVec(x=-50.217618113555034, y=104.0, z=70.10039034898267)
 DistanceC: 6.440736660968611
Relative Position: LorenzVec(x=-3.1347411158780716, y=-18.0, z=-6.440736660968611)
 }
13:02:13 `Slime`123 missed {
 is already Found: false).
 Position: LorenzVec(x=46.5, y=132.1875, z=24.5)
 DistanceC: 9.059740196952518
Relative Position: LorenzVec(x=9.059740196952518, y=-7.7340999984741075, z=3.043909219521808)
 }
13:02:18 `Slime`244 missed {
 is already Found: false).
 Position: LorenzVec(x=17.0, y=101.125, z=27.03125)
 DistanceC: 19.68226998092537
Relative Position: LorenzVec(x=-19.68226998092537, y=-30.875, z=8.136832376526407)
 }
13:02:50 `1z97tvo69d`529 missed {
 is already Found: false).
 Position: LorenzVec(x=-32.5, y=71.0, z=-76.5)
 DistanceC: 21.19999998807907
Relative Position: LorenzVec(x=21.19999998807907, y=-1.0, z=-20.557745958108228)
 }
13:02:51 `22nl50e93d`530 missed {
 is already Found: false).
 Position: LorenzVec(x=-39.5, y=70.0, z=-78.90625)
 DistanceC: 22.800008050247193
Relative Position: LorenzVec(x=13.231285174441297, y=-2.0, z=-22.800008050247193)
 }
13:04:57 `Villager`371 missed {
 is already Found: false).
 Position: LorenzVec(x=-11.3125, y=70.0, z=-95.6875)
 DistanceC: 20.99384130723216
Relative Position: LorenzVec(x=20.99384130723216, y=0.0, z=-20.98750001192093)
 }
13:05:13 `57lneic2v7`528 missed {
 is already Found: false).
 Position: LorenzVec(x=-6.5, y=55.0, z=-95.5)
 DistanceC: 19.29223157200265
Relative Position: LorenzVec(x=17.86191572222687, y=-15.0, z=-19.29223157200265)
 }
13:05:14 `Villager`367 missed {
 is already Found: false).
 Position: LorenzVec(x=-0.5, y=70.0, z=-54.5)
 DistanceC: 23.86191572222687
Relative Position: LorenzVec(x=23.86191572222687, y=0.0, z=21.70776842799735)
 }
13:08:20 `414je5gfj2`1520 missed {
 is already Found: false).
 Position: LorenzVec(x=-0.5, y=72.0, z=-111.5)
 DistanceC: 23.125443341683464
Relative Position: LorenzVec(x=16.30744360063611, y=1.5, z=-23.125443341683464)
 }
13:08:35 `o3j25168m8`246 missed {
 is already Found: false).
 Position: LorenzVec(x=-55.5, y=72.0, z=-56.5)
 DistanceC: 22.56239380575741
Relative Position: LorenzVec(x=-22.56239380575741, y=1.0, z=19.932526067844435)
 }
13:08:51 `Villager`363 missed {
 is already Found: false).
 Position: LorenzVec(x=28.0, y=70.0, z=-116.0)
 DistanceC: 20.695432857017423
Relative Position: LorenzVec(x=17.135066176516414, y=-2.0, z=-20.695432857017423)
 }
13:09:02 `o3j25168m8`246 missed {
 is already Found: false).
 Position: LorenzVec(x=-55.5, y=72.0, z=-56.5)
 DistanceC: 22.03842848109194
Relative Position: LorenzVec(x=-22.03842848109194, y=2.0, z=18.19999998807907)
 }
13:09:09 `57lneic2v7`528 missed {
 is already Found: false).
 Position: LorenzVec(x=-6.5, y=55.0, z=-95.5)
 DistanceC: 19.090879605949667
Relative Position: LorenzVec(x=9.299258026845777, y=-15.0, z=-19.090879605949667)
 }
13:11:06 `§bSam `4109484 missed {
 is already Found: false).
 Position: LorenzVec(x=14.5, y=100.0, z=-16.5)
 DistanceC: 23.359163169388616
Relative Position: LorenzVec(x=8.984529957641898, y=0.0, z=-23.359163169388616)
 }
13:13:56 `ny46102nhz`526 missed {
 is already Found: false).
 Position: LorenzVec(x=-62.5, y=77.0, z=84.5)
 DistanceC: 1.905570736172237
Relative Position: LorenzVec(x=-0.21782902128789772, y=1.0, z=1.905570736172237)
 }
13:14:42 `cfvm18d9s5`350 missed {
 is already Found: false).
 Position: LorenzVec(x=-10.0, y=70.0, z=-67.0)
 DistanceC: 18.26420927492623
Relative Position: LorenzVec(x=-7.065949171075328, y=0.0, z=18.26420927492623)
 }
13:14:49 `0719cf2lc1`340 missed {
 is already Found: false).
 Position: LorenzVec(x=-49.5, y=70.0, z=-67.5)
 DistanceC: 20.331929853935208
Relative Position: LorenzVec(x=-16.227787824529045, y=-2.0, z=20.331929853935208)
 }
13:17:35 `cfvm18d9s5`350 missed {
 is already Found: false).
 Position: LorenzVec(x=-10.0, y=70.0, z=-67.0)
 DistanceC: 11.661129216718862
Relative Position: LorenzVec(x=-7.27650278895868, y=-6.09935711385296, z=11.661129216718862)
 }
13:17:45 `r4co0rfw7p`12861250 missed {
 is already Found: false).
 Position: LorenzVec(x=-19.0, y=100.0, z=6.0)
 DistanceC: 23.389568915713724
Relative Position: LorenzVec(x=-23.389568915713724, y=0.0, z=14.323795440612638)
 }
13:23:46 `Skeleton`12862154 missed {
 is already Found: false).
 Position: LorenzVec(x=19.71875, y=18.0, z=13.84375)
 DistanceC: 20.34197272462096
Relative Position: LorenzVec(x=15.936395045959369, y=-82.0, z=20.34197272462096)
 }
13:37:04 `Scion `13700370 missed {
 is already Found: false).
 Position: LorenzVec(x=16.5, y=100.0, z=51.5)
 DistanceC: 21.19999998807907
Relative Position: LorenzVec(x=21.19999998807907, y=-2.7655760830912612, z=0.4724744638847582)
 }
13:39:48 `Zombie`41476 missed {
 is already Found: false).
 Position: LorenzVec(x=-0.46875, y=44.0, z=-323.1875)
 DistanceC: 18.824997562455863
Relative Position: LorenzVec(x=18.824997562455863, y=-34.0, z=1.6037725592917695)
 }
13:43:47 `175vd141q5`521 missed {
 is already Found: false).
 Position: LorenzVec(x=-29.5, y=57.0, z=-90.5)
 DistanceC: 21.78813475878366
Relative Position: LorenzVec(x=-21.78813475878366, y=-13.0, z=-19.5554275277525)
 }
13:43:47 `exe9g06v38`421 missed {
 is already Found: false).
 Position: LorenzVec(x=-31.0, y=73.0, z=-85.5)
 DistanceC: 23.28813475878366
Relative Position: LorenzVec(x=-23.28813475878366, y=3.0, z=-14.5554275277525)
 }
13:44:39 `1rkeom1z99`228 missed {
 is already Found: false).
 Position: LorenzVec(x=22.0, y=71.0, z=-45.5)
 DistanceC: 18.634882097507827
Relative Position: LorenzVec(x=9.818981124469055, y=1.0, z=18.634882097507827)
 }
13:44:40 `c339mf4gt9`229 missed {
 is already Found: false).
 Position: LorenzVec(x=25.0, y=65.0, z=-41.0)
 DistanceC: 23.134882097507827
Relative Position: LorenzVec(x=12.818981124469055, y=-5.0, z=23.134882097507827)
 }
13:45:15 `7r5u1bz410`533 missed {
 is already Found: false).
 Position: LorenzVec(x=92.5, y=73.0, z=5.5)
 DistanceC: 22.18701888533385
Relative Position: LorenzVec(x=14.853856171985115, y=1.0, z=22.18701888533385)
 }
13:45:53 `92tv88z095`535 missed {
 is already Found: false).
 Position: LorenzVec(x=125.0, y=73.0, z=165.0)
 DistanceC: 21.528934217960924
Relative Position: LorenzVec(x=21.528934217960924, y=-4.773432754562364, z=-21.106535964762116)
 }
13:45:53 `v05hmesn08`536 missed {
 is already Found: false).
 Position: LorenzVec(x=123.5, y=79.0, z=165.5)
 DistanceC: 20.606535964762116
Relative Position: LorenzVec(x=20.028934217960924, y=1.2265672454376357, z=-20.606535964762116)
 }
13:45:53 `h477439zvc`534 missed {
 is already Found: false).
 Position: LorenzVec(x=114.5, y=73.0, z=175.0)
 DistanceC: 14.453260779480189
Relative Position: LorenzVec(x=14.453260779480189, y=-2.0, z=-6.904407670790846)
 }
13:49:36 `0l71dis1n2`174 missed {
 is already Found: false).
 Position: LorenzVec(x=-390.5, y=81.0, z=-701.5)
 DistanceC: 17.003317460999824
Relative Position: LorenzVec(x=-17.003317460999824, y=0.0, z=16.389761074503895)
 }
13:50:01 `Slime`21956 missed {
 is already Found: false).
 Position: LorenzVec(x=-540.7395833333333, y=33.57291666666667, z=-889.1666666666667)
 DistanceC: 0.6666666666667425
Relative Position: LorenzVec(x=-0.23958333333325754, y=4.484969222943448, z=-0.6666666666667425)
 }
13:50:01 `Slime`21957 missed {
 is already Found: false).
 Position: LorenzVec(x=-540.2604166666667, y=33.57291666666667, z=-887.9375)
 DistanceC: 0.5625
Relative Position: LorenzVec(x=0.23958333333325754, y=4.484969222943448, z=0.5625)
 }
13:50:01 `Slime`21958 missed {
 is already Found: false).
 Position: LorenzVec(x=-540.3645833333333, y=33.57291666666667, z=-888.9791666666667)
 DistanceC: 0.47916666666674246
Relative Position: LorenzVec(x=0.13541666666674246, y=4.484969222943448, z=-0.47916666666674246)
 }
13:50:01 `Slime`21959 missed {
 is already Found: false).
 Position: LorenzVec(x=-540.7604166666667, y=33.57291666666667, z=-888.53125)
 DistanceC: 0.26041666666674246
Relative Position: LorenzVec(x=-0.26041666666674246, y=4.484969222943448, z=-0.03125)
 }
13:50:01 `Slime`21960 missed {
 is already Found: false).
 Position: LorenzVec(x=-540.7708333333333, y=33.57291666666667, z=-888.1354166666667)
 DistanceC: 0.36458333333325754
Relative Position: LorenzVec(x=-0.27083333333325754, y=4.484969222943448, z=0.36458333333325754)
 }
13:50:01 `Slime`21961 missed {
 is already Found: false).
 Position: LorenzVec(x=-541.1666666666667, y=33.57291666666667, z=-888.0729166666667)
 DistanceC: 0.6666666666667425
Relative Position: LorenzVec(x=-0.6666666666667425, y=4.484969222943448, z=0.42708333333325754)
 }
13:53:00 `z0st022982`121 missed {
 is already Found: false).
 Position: LorenzVec(x=-117.5, y=105.0, z=-754.5)
 DistanceC: 20.0
Relative Position: LorenzVec(x=2.0, y=5.233632006042484, z=20.0)
 }
13:53:01 `5qpor5356t`128 missed {
 is already Found: false).
 Position: LorenzVec(x=-120.5, y=92.0, z=-751.5)
 DistanceC: 22.0
Relative Position: LorenzVec(x=11.0, y=-7.0, z=22.0)
 }
13:53:02 `vt061uear9`97 missed {
 is already Found: false).
 Position: LorenzVec(x=-131.5, y=101.0, z=-753.5)
 DistanceC: 21.905442886758266
Relative Position: LorenzVec(x=21.905442886758266, y=14.0, z=4.6520519837176835)
 }
13:53:02 `79imgs585k`98 missed {
 is already Found: false).
 Position: LorenzVec(x=-131.5, y=101.0, z=-755.5)
 DistanceC: 21.905442886758266
Relative Position: LorenzVec(x=21.905442886758266, y=14.0, z=2.6520519837176835)
 }
13:55:08 `Villager`365 missed {
 is already Found: false).
 Position: LorenzVec(x=17.5, y=70.0, z=-99.0)
 DistanceC: 20.592714806413657
Relative Position: LorenzVec(x=20.592714806413657, y=0.0, z=-19.429057835388335)
 }
13:55:08 `Villager`357 missed {
 is already Found: false).
 Position: LorenzVec(x=-25.6875, y=68.0, z=-103.09375)
 DistanceC: 23.522807835388335
Relative Position: LorenzVec(x=-22.594785193586343, y=-2.0, z=-23.522807835388335)
 }
13:55:29 `z3pns3fg18`534 missed {
 is already Found: false).
 Position: LorenzVec(x=114.5, y=73.0, z=175.0)
 DistanceC: 21.219836382566598
Relative Position: LorenzVec(x=21.219836382566598, y=-7.0, z=-1.4675240668412926)
 }
13:56:14 `04305dwp31`340 missed {
 is already Found: false).
 Position: LorenzVec(x=-49.5, y=70.0, z=-67.5)
 DistanceC: 22.683247835398056
Relative Position: LorenzVec(x=-22.683247835398056, y=-2.0625, z=22.141403699083668)
 }
13:56:18 `om8876ymy1`1558 missed {
 is already Found: false).
 Position: LorenzVec(x=-2.5, y=72.0, z=-109.5)
 DistanceC: 18.824038721362324
Relative Position: LorenzVec(x=18.824038721362324, y=1.0, z=-16.96938678863063)
 }
13:56:25 `6h0ram89h8`341 missed {
 is already Found: false).
 Position: LorenzVec(x=-41.5, y=70.0, z=-64.5)
 DistanceC: 21.44241355208289
Relative Position: LorenzVec(x=-19.7280040926842, y=2.0, z=-21.44241355208289)
 }
13:56:36 `w9ks580pjt`19 missed {
 is already Found: false).
 Position: LorenzVec(x=4.5, y=72.0, z=-104.5)
 DistanceC: 19.597763008874097
Relative Position: LorenzVec(x=19.140887156733942, y=2.0, z=-19.597763008874097)
 }
13:57:55 `04305dwp31`340 missed {
 is already Found: false).
 Position: LorenzVec(x=-49.5, y=70.0, z=-67.5)
 DistanceC: 21.889787339395255
Relative Position: LorenzVec(x=-19.735324727859194, y=-2.0625, z=21.889787339395255)
 }
13:58:38 `04305dwp31`340 missed {
 is already Found: false).
 Position: LorenzVec(x=-49.5, y=70.0, z=-67.5)
 DistanceC: 21.430457560526847
Relative Position: LorenzVec(x=-17.939205491195256, y=-2.0625, z=21.430457560526847)
 }
13:59:11 `Villager`369 missed {
 is already Found: false).
 Position: LorenzVec(x=10.5, y=70.0, z=-41.5)
 DistanceC: 22.59321911305227
Relative Position: LorenzVec(x=22.59321911305227, y=-1.9412000391721733, z=7.780610902954187)
 }
13:59:41 `qs4rvvo76m`521 missed {
 is already Found: false).
 Position: LorenzVec(x=-29.5, y=57.0, z=-90.5)
 DistanceC: 21.728864230468844
Relative Position: LorenzVec(x=-18.656873815902493, y=-13.0, z=-21.728864230468844)
 }
13:59:49 `e324veu1j7`421 missed {
 is already Found: false).
 Position: LorenzVec(x=-31.0, y=73.0, z=-85.5)
 DistanceC: 21.827242956222946
Relative Position: LorenzVec(x=-21.827242956222946, y=3.0, z=-12.24324406026659)
 }
13:59:49 `77c2jn3gvd`423 missed {
 is already Found: false).
 Position: LorenzVec(x=-31.0, y=73.0, z=-95.5)
 DistanceC: 22.24324406026659
Relative Position: LorenzVec(x=-21.827242956222946, y=3.0, z=-22.24324406026659)
 }
13:59:49 `tax1kqz4v8`521 missed {
 is already Found: false).
 Position: LorenzVec(x=-29.5, y=57.0, z=-90.5)
 DistanceC: 20.327242956222946
Relative Position: LorenzVec(x=-20.327242956222946, y=-13.0, z=-17.24324406026659)
 }
13:59:49 `83iz8pcnzp`528 missed {
 is already Found: false).
 Position: LorenzVec(x=-6.5, y=55.0, z=-95.5)
 DistanceC: 22.24324406026659
Relative Position: LorenzVec(x=2.6727570437770556, y=-15.0, z=-22.24324406026659)
 }
14:00:00 `7ox1j6fbtp`334 missed {
 is already Found: false).
 Position: LorenzVec(x=38.5, y=70.0, z=-88.5)
 DistanceC: 22.892689237060136
Relative Position: LorenzVec(x=22.892689237060136, y=-13.005328813460707, z=-16.998763445285263)
 }
14:00:05 `85f2a768ek`228 missed {
 is already Found: false).
 Position: LorenzVec(x=22.0, y=71.0, z=-45.5)
 DistanceC: 15.196828787568023
Relative Position: LorenzVec(x=9.53269755876532, y=1.0, z=15.196828787568023)
 }
14:00:29 `e324veu1j7`421 missed {
 is already Found: false).
 Position: LorenzVec(x=-31.0, y=73.0, z=-85.5)
 DistanceC: 21.765634461938053
Relative Position: LorenzVec(x=-21.765634461938053, y=3.0, z=-16.567797472376185)
 }
14:00:29 `tax1kqz4v8`521 missed {
 is already Found: false).
 Position: LorenzVec(x=-29.5, y=57.0, z=-90.5)
 DistanceC: 21.567797472376185
Relative Position: LorenzVec(x=-20.265634461938053, y=-13.0, z=-21.567797472376185)
 }
14:00:52 `3c8rp5nigr`528 missed {
 is already Found: false).
 Position: LorenzVec(x=-6.5, y=55.0, z=-95.5)
 DistanceC: 22.379969140023334
Relative Position: LorenzVec(x=-18.398403790085467, y=-15.0, z=-22.379969140023334)
 }
14:00:53 `cu9j1317f2`333 missed {
 is already Found: false).
 Position: LorenzVec(x=31.5, y=70.0, z=-94.5)
 DistanceC: 21.379969140023334
Relative Position: LorenzVec(x=19.601596209914533, y=0.0, z=-21.379969140023334)
 }
14:00:53 `r14s595dz0`331 missed {
 is already Found: false).
 Position: LorenzVec(x=34.5, y=71.0, z=-96.5)
 DistanceC: 23.379969140023334
Relative Position: LorenzVec(x=22.601596209914533, y=1.0, z=-23.379969140023334)
 }
14:00:53 `Bat`606244 missed {
 is already Found: true).
 Position: LorenzVec(x=13.15625, y=73.15625, z=-71.71875)
 DistanceC: 1.4012808599766657
Relative Position: LorenzVec(x=1.2578462099145327, y=3.15625, z=1.4012808599766657)
 }
14:01:24 `Villager`369 missed {
 is already Found: false).
 Position: LorenzVec(x=10.5, y=70.0, z=-41.5)
 DistanceC: 16.994743055386152
Relative Position: LorenzVec(x=15.995262669024648, y=-6.941200039172173, z=16.994743055386152)
 }
14:01:45 `Villager`355 missed {
 is already Found: false).
 Position: LorenzVec(x=28.5, y=69.0, z=-57.5)
 DistanceC: 22.19301329487145
Relative Position: LorenzVec(x=22.19301329487145, y=-1.0, z=17.269311151694765)
 }
14:02:10 `85f2a768ek`228 missed {
 is already Found: false).
 Position: LorenzVec(x=22.0, y=71.0, z=-45.5)
 DistanceC: 21.0
Relative Position: LorenzVec(x=-3.5, y=-20.0, z=21.0)
 }
14:02:26 `dq75l77zq9`245 missed {
 is already Found: false).
 Position: LorenzVec(x=-51.0, y=72.0, z=-60.5)
 DistanceC: 23.5
Relative Position: LorenzVec(x=-23.5, y=-13.0, z=23.0)
 }
14:02:27 `Villager`353 missed {
 is already Found: false).
 Position: LorenzVec(x=-7.5, y=70.0, z=-75.5)
 DistanceC: 20.0
Relative Position: LorenzVec(x=20.0, y=-15.0, z=8.0)
 }
14:02:27 `Villager`357 missed {
 is already Found: false).
 Position: LorenzVec(x=-25.6875, y=68.0, z=-103.09375)
 DistanceC: 19.59375
Relative Position: LorenzVec(x=1.8125, y=-17.0, z=-19.59375)
 }
14:02:28 `jyugx9509y`340 missed {
 is already Found: false).
 Position: LorenzVec(x=-49.5, y=70.0, z=-67.5)
 DistanceC: 22.0
Relative Position: LorenzVec(x=-22.0, y=-15.0, z=16.0)
 }
14:02:28 `boo714t4x5`341 missed {
 is already Found: false).
 Position: LorenzVec(x=-41.5, y=70.0, z=-64.5)
 DistanceC: 19.0
Relative Position: LorenzVec(x=-14.0, y=-15.0, z=19.0)
 }
14:02:28 `124t31v317`350 missed {
 is already Found: false).
 Position: LorenzVec(x=-10.0, y=70.0, z=-67.0)
 DistanceC: 17.5
Relative Position: LorenzVec(x=17.5, y=-15.0, z=16.5)
 }
14:03:04 `l04651m9d5`1512 missed {
 is already Found: false).
 Position: LorenzVec(x=-2.5, y=72.0, z=-109.5)
 DistanceC: 22.50797716616761
Relative Position: LorenzVec(x=22.50797716616761, y=-15.0, z=-22.31455201444291)
 }
14:03:22 `39wx0y2fh6`1511 missed {
 is already Found: false).
 Position: LorenzVec(x=-0.5, y=72.0, z=-111.5)
 DistanceC: 23.036486996843113
Relative Position: LorenzVec(x=23.036486996843113, y=-16.5, z=-21.20417654891493)
 }
14:03:22 `Villager`255 missed {
 is already Found: false).
 Position: LorenzVec(x=-35.5, y=69.0, z=-112.5)
 DistanceC: 22.20417654891493
Relative Position: LorenzVec(x=-11.963513003156887, y=-19.5, z=-22.20417654891493)
 }
14:06:52 `t8n2h58c24`333 missed {
 is already Found: false).
 Position: LorenzVec(x=31.5, y=70.0, z=-94.5)
 DistanceC: 23.93329390549944
Relative Position: LorenzVec(x=21.16074852119868, y=0.0, z=-23.93329390549944)
 }
14:07:23 `88d44e0cx8`330 missed {
 is already Found: false).
 Position: LorenzVec(x=39.5, y=71.0, z=-100.5)
 DistanceC: 23.319962539748136
Relative Position: LorenzVec(x=23.319962539748136, y=1.0, z=-18.587828102518145)
 }
14:08:28 `5154xrf7f0`245 missed {
 is already Found: false).
 Position: LorenzVec(x=-51.0, y=72.0, z=-60.5)
 DistanceC: 19.440207851338336
Relative Position: LorenzVec(x=-19.440207851338336, y=1.0, z=15.813945940000352)
 }
14:08:30 `6i138489lc`246 missed {
 is already Found: false).
 Position: LorenzVec(x=-55.5, y=72.0, z=-56.5)
 DistanceC: 23.940207851338336
Relative Position: LorenzVec(x=-23.940207851338336, y=1.0, z=19.81394594000035)
 }
14:11:55 `Villager`355 missed {
 is already Found: false).
 Position: LorenzVec(x=28.5, y=69.0, z=-57.5)
 DistanceC: 23.8036665900689
Relative Position: LorenzVec(x=17.255294699388855, y=-1.0, z=23.8036665900689)
 }
14:11:55 `xv70i26ll4`332 missed {
 is already Found: false).
 Position: LorenzVec(x=31.5, y=71.0, z=-101.5)
 DistanceC: 20.255294699388855
Relative Position: LorenzVec(x=20.255294699388855, y=1.0, z=-20.1963334099311)
 }
14:11:55 `c751kl5g53`331 missed {
 is already Found: false).
 Position: LorenzVec(x=34.5, y=71.0, z=-96.5)
 DistanceC: 23.255294699388855
Relative Position: LorenzVec(x=23.255294699388855, y=1.0, z=-15.1963334099311)
 }
14:25:49 `t4of89bjk1`40600 missed {
 is already Found: false).
 Position: LorenzVec(x=2.5, y=71.0, z=-7.5)
 DistanceC: 16.80000001192093
Relative Position: LorenzVec(x=16.80000001192093, y=-14.365554012148095, z=14.481377520607321)
 }
14:33:57 `3095wdg29t`40606 missed {
 is already Found: false).
 Position: LorenzVec(x=-27.5, y=71.0, z=-11.5)
 DistanceC: 23.0
Relative Position: LorenzVec(x=23.0, y=-4.75, z=11.0)
 }
14:36:39 `§bSam `92546 missed {
 is already Found: false).
 Position: LorenzVec(x=14.5, y=100.0, z=-16.5)
 DistanceC: 20.31227162411462
Relative Position: LorenzVec(x=20.31227162411462, y=0.0, z=-19.16900480425103)
 }
14:36:58 `Villager`369 missed {
 is already Found: false).
 Position: LorenzVec(x=10.5, y=70.0, z=-41.5)
 DistanceC: 23.931125200652644
Relative Position: LorenzVec(x=21.583202273200214, y=0.0, z=23.931125200652644)
 }
14:37:22 `53e2k4n7mq`528 missed {
 is already Found: false).
 Position: LorenzVec(x=-6.5, y=55.0, z=-95.5)
 DistanceC: 17.41448085161271
Relative Position: LorenzVec(x=13.44317118077241, y=-24.134970081856068, z=-17.41448085161271)
 }
14:37:25 `Zombie`23901 missed {
 is already Found: false).
 Position: LorenzVec(x=-44.46875, y=70.0, z=-79.8125)
 DistanceC: 19.605991612626926
Relative Position: LorenzVec(x=-19.605991612626926, y=-9.132993659646488, z=-9.112500011920929)
 }
14:37:35 `o93x0n4s2s`244 missed {
 is already Found: false).
 Position: LorenzVec(x=-42.5, y=72.0, z=-54.5)
 DistanceC: 18.995951649500057
Relative Position: LorenzVec(x=-18.995951649500057, y=-19.0, z=6.96147561684468)
 }
14:37:35 `3jc76p6ouv`529 missed {
 is already Found: false).
 Position: LorenzVec(x=-32.5, y=71.0, z=-76.5)
 DistanceC: 15.03852438315532
Relative Position: LorenzVec(x=-8.995951649500057, y=-20.0, z=-15.03852438315532)
 }
14:37:54 `Villager`357 missed {
 is already Found: false).
 Position: LorenzVec(x=-25.6875, y=68.0, z=-103.09375)
 DistanceC: 21.59375
Relative Position: LorenzVec(x=-5.1875, y=-16.0, z=-21.59375)
 }
14:39:01 `Villager`255 missed {
 is already Found: false).
 Position: LorenzVec(x=-35.5, y=69.0, z=-112.5)
 DistanceC: 18.726143715381724
Relative Position: LorenzVec(x=-17.678282259501945, y=-25.091470789652504, z=-18.726143715381724)
 }
14:39:27 `Bat`667049 missed {
 is already Found: true).
 Position: LorenzVec(x=-3.4375, y=72.6875, z=-77.34375)
 DistanceC: 4.084635835346617
Relative Position: LorenzVec(x=1.3786195622646602, y=2.6875, z=-4.084635835346617)
 }
14:39:45 `t3rxxuxoo6`424 missed {
 is already Found: false).
 Position: LorenzVec(x=-36.0, y=73.0, z=-95.5)
 DistanceC: 23.171984730441906
Relative Position: LorenzVec(x=-18.97941605210508, y=3.0, z=-23.171984730441906)
 }
14:39:50 `3c8rp5nigr`528 missed {
 is already Found: false).
 Position: LorenzVec(x=-6.5, y=55.0, z=-95.5)
 DistanceC: 23.171984730441906
Relative Position: LorenzVec(x=10.52058394789492, y=-15.0, z=-23.171984730441906)
 }
14:40:09 `Villager`468134 missed {
 is already Found: false).
 Position: LorenzVec(x=8.5, y=20.0, z=8.5)
 DistanceC: 5.199999988079071
Relative Position: LorenzVec(x=5.199999988079071, y=-79.0, z=-0.16743325553497357)
 }
14:40:09 `§bSam `468691 missed {
 is already Found: false).
 Position: LorenzVec(x=8.5, y=20.0, z=7.5)
 DistanceC: 5.199999988079071
Relative Position: LorenzVec(x=5.199999988079071, y=-79.0, z=-1.1674332555349736)
 }
14:40:45 `Villager`365 missed {
 is already Found: false).
 Position: LorenzVec(x=17.5, y=70.0, z=-99.0)
 DistanceC: 23.463243371659388
Relative Position: LorenzVec(x=23.463243371659388, y=0.0, z=-13.013034473694589)
 }
14:40:45 `bk5w1fqo36`418 missed {
 is already Found: false).
 Position: LorenzVec(x=14.0, y=72.0, z=-106.0)
 DistanceC: 20.01303447369459
Relative Position: LorenzVec(x=19.963243371659388, y=2.0, z=-20.01303447369459)
 }
14:40:45 `shc0c0793a`497 missed {
 is already Found: false).
 Position: LorenzVec(x=15.5, y=70.0, z=-71.8125)
 DistanceC: 21.463243371659388
Relative Position: LorenzVec(x=21.463243371659388, y=0.0, z=14.174465526305411)
 }
14:41:26 `Bat`667049 missed {
 is already Found: true).
 Position: LorenzVec(x=11.875, y=73.21875, z=-56.34375)
 DistanceC: 20.3190292763434
Relative Position: LorenzVec(x=17.177114664060554, y=3.21875, z=20.3190292763434)
 }
14:41:27 `Villager`365 missed {
 is already Found: false).
 Position: LorenzVec(x=17.5, y=70.0, z=-99.0)
 DistanceC: 22.802114664060554
Relative Position: LorenzVec(x=22.802114664060554, y=0.0, z=-22.3372207236566)
 }
14:41:28 `9i190je646`251 missed {
 is already Found: false).
 Position: LorenzVec(x=-24.5, y=71.0, z=-58.5)
 DistanceC: 19.197885335939446
Relative Position: LorenzVec(x=-19.197885335939446, y=1.0, z=18.1627792763434)
 }
14:43:15 `Villager`329 missed {
 is already Found: false).
 Position: LorenzVec(x=56.5, y=70.0, z=-77.5)
 DistanceC: 23.15085192892606
Relative Position: LorenzVec(x=18.186467452156876, y=-1.0625, z=23.15085192892606)
 }
14:43:31 `3pdzs6kk19`340 missed {
 is already Found: false).
 Position: LorenzVec(x=-49.5, y=70.0, z=-67.5)
 DistanceC: 23.713044807549338
Relative Position: LorenzVec(x=-23.713044807549338, y=-15.0, z=16.129551871009028)
 }
14:44:19 `z81ocxm104`528 missed {
 is already Found: false).
 Position: LorenzVec(x=-6.5, y=55.0, z=-95.5)
 DistanceC: 22.29589889236199
Relative Position: LorenzVec(x=-2.854446277192692, y=-15.0, z=-22.29589889236199)
 }
14:44:20 `f0cc76a5a7`251 missed {
 is already Found: false).
 Position: LorenzVec(x=-24.5, y=71.0, z=-58.5)
 DistanceC: 16.549587410719433
Relative Position: LorenzVec(x=-16.549587410719433, y=-0.02000001072883606, z=13.94466720745325)
 }
14:44:46 `v476v88977`244 missed {
 is already Found: false).
 Position: LorenzVec(x=-42.5, y=72.0, z=-54.5)
 DistanceC: 22.85764937207138
Relative Position: LorenzVec(x=-9.138061341988305, y=-0.02000001072883606, z=22.85764937207138)
 }
14:44:46 `6haec6v9g1`245 missed {
 is already Found: false).
 Position: LorenzVec(x=-51.0, y=72.0, z=-60.5)
 DistanceC: 15.568327681666176
Relative Position: LorenzVec(x=-15.568327681666176, y=-1.6073954500486565, z=13.378295440533805)
 }
14:45:34 `Villager`361 missed {
 is already Found: false).
 Position: LorenzVec(x=-16.5, y=70.0, z=-81.5)
 DistanceC: 20.19999998807907
Relative Position: LorenzVec(x=-20.108663733226425, y=-5.4950646203298135, z=20.19999998807907)
 }
14:45:34 `xzpc71p9bf`339 missed {
 is already Found: false).
 Position: LorenzVec(x=-9.0, y=68.0, z=-125.0)
 DistanceC: 23.30000001192093
Relative Position: LorenzVec(x=-12.608663733226425, y=-9.132993659646488, z=-23.30000001192093)
 }
14:46:01 `Villager`363 missed {
 is already Found: false).
 Position: LorenzVec(x=28.0, y=70.0, z=-116.0)
 DistanceC: 23.5
Relative Position: LorenzVec(x=23.5, y=-8.0, z=-17.5)
 }
14:47:35 `k0565908n4`521 missed {
 is already Found: false).
 Position: LorenzVec(x=-29.5, y=57.0, z=-90.5)
 DistanceC: 23.285806133365455
Relative Position: LorenzVec(x=5.800000011920929, y=-12.0, z=23.285806133365455)
 }
14:47:39 `7i991y32v7`422 missed {
 is already Found: false).
 Position: LorenzVec(x=-36.0, y=73.0, z=-85.5)
 DistanceC: 22.656182168221427
Relative Position: LorenzVec(x=-22.656182168221427, y=-1.0914707896525044, z=11.254673617607153)
 }
14:47:42 `ydxhng981r`529 missed {
 is already Found: false).
 Position: LorenzVec(x=-32.5, y=71.0, z=-76.5)
 DistanceC: 20.481874993689665
Relative Position: LorenzVec(x=-20.481874993689665, y=-2.078815772674403, z=9.958844902388549)
 }
14:49:06 `yt07z7m5ac`228 missed {
 is already Found: false).
 Position: LorenzVec(x=22.0, y=71.0, z=-45.5)
 DistanceC: 11.528696846424708
Relative Position: LorenzVec(x=11.528696846424708, y=1.0, z=9.005419187758193)
 }
14:49:25 `w440z0zrp5`536 missed {
 is already Found: false).
 Position: LorenzVec(x=123.5, y=79.0, z=165.5)
 DistanceC: 22.91905146022623
Relative Position: LorenzVec(x=22.91905146022623, y=5.609160505369957, z=1.9750412709841214)
 }
14:49:25 `7vgy645xf6`534 missed {
 is already Found: false).
 Position: LorenzVec(x=114.5, y=73.0, z=175.0)
 DistanceC: 23.261884309850075
Relative Position: LorenzVec(x=23.261884309850075, y=-2.0, z=-1.527803715043973)
 }
14:50:48 `2a7f2z6238`535 missed {
 is already Found: false).
 Position: LorenzVec(x=125.0, y=73.0, z=165.0)
 DistanceC: 23.641918982919435
Relative Position: LorenzVec(x=23.641918982919435, y=-1.0, z=-11.413304425242643)
 }
14:55:29 `5nr2okcsd6`1 missed {
 is already Found: false).
 Position: LorenzVec(x=86.0, y=55.0, z=153.0)
 DistanceC: 8.454845692828684
Relative Position: LorenzVec(x=2.596841085053697, y=-5.8359327545624, z=-8.454845692828684)
 }
14:55:30 `iv1ou17s4r`2 missed {
 is already Found: false).
 Position: LorenzVec(x=90.0, y=55.0, z=150.5)
 DistanceC: 11.980691410767548
Relative Position: LorenzVec(x=6.81752801415108, y=-3.1413157726744387, z=-11.980691410767548)
 }
14:55:30 `2m1h4sh98p`3 missed {
 is already Found: false).
 Position: LorenzVec(x=82.0, y=55.0, z=150.5)
 DistanceC: 11.980691410767548
Relative Position: LorenzVec(x=-1.1824719858489203, y=-3.1413157726744387, z=-11.980691410767548)
 }
15:04:03 `woj8331h61`534 missed {
 is already Found: false).
 Position: LorenzVec(x=114.5, y=73.0, z=175.0)
 DistanceC: 23.081221374875682
Relative Position: LorenzVec(x=23.081221374875682, y=-1.0, z=5.342824968882837)
 }
15:04:13 `54194x19rf`421 missed {
 is already Found: false).
 Position: LorenzVec(x=-31.0, y=73.0, z=-85.5)
 DistanceC: 21.27768078616584
Relative Position: LorenzVec(x=-21.27768078616584, y=3.0, z=-18.170352587596454)
 }
15:04:15 `v79s13a6wz`521 missed {
 is already Found: false).
 Position: LorenzVec(x=-29.5, y=57.0, z=-90.5)
 DistanceC: 21.722228428955134
Relative Position: LorenzVec(x=-20.500805681029544, y=-13.0, z=-21.722228428955134)
 }
15:04:28 `458g043a9m`521 missed {
 is already Found: false).
 Position: LorenzVec(x=-29.5, y=57.0, z=-90.5)
 DistanceC: 22.062266017243417
Relative Position: LorenzVec(x=-20.776472004910094, y=-19.09935711385296, z=-22.062266017243417)
 }
15:04:38 `Zombie Horse`715321 missed {
 is already Found: false).
 Position: LorenzVec(x=-8.21875, y=70.0, z=-92.5625)
 DistanceC: 21.284168586780936
Relative Position: LorenzVec(x=0.9163543672625778, y=0.0, z=-21.284168586780936)
 }
15:04:39 `m9jda1q7w7`521 missed {
 is already Found: false).
 Position: LorenzVec(x=-29.5, y=57.0, z=-90.5)
 DistanceC: 20.364895632737422
Relative Position: LorenzVec(x=-20.364895632737422, y=-13.0, z=-19.221668586780936)
 }
15:04:54 `r44zip5bco`423 missed {
 is already Found: false).
 Position: LorenzVec(x=-31.0, y=73.0, z=-95.5)
 DistanceC: 23.20814993288201
Relative Position: LorenzVec(x=-22.093658463250545, y=3.0, z=-23.20814993288201)
 }
15:05:10 `64b5h6s8t7`1620 missed {
 is already Found: false).
 Position: LorenzVec(x=-2.5, y=72.0, z=-109.5)
 DistanceC: 19.41022601366164
Relative Position: LorenzVec(x=-19.41022601366164, y=1.0, z=-15.07794060522697)
 }
15:05:11 `3c8rp5nigr`528 missed {
 is already Found: false).
 Position: LorenzVec(x=-6.5, y=55.0, z=-95.5)
 DistanceC: 18.974528601393104
Relative Position: LorenzVec(x=-18.974528601393104, y=-23.0, z=-0.9993380582891405)
 }
15:05:14 `Zombie Horse`715321 missed {
 is already Found: false).
 Position: LorenzVec(x=-7.71875, y=70.0, z=-93.4375)
 DistanceC: 7.262499988079071
Relative Position: LorenzVec(x=-0.658857562510458, y=-14.535840625044557, z=7.262499988079071)
 }
15:05:40 `m9jda1q7w7`521 missed {
 is already Found: false).
 Position: LorenzVec(x=-29.5, y=57.0, z=-90.5)
 DistanceC: 21.85059012888012
Relative Position: LorenzVec(x=-21.85059012888012, y=-16.495064620329813, z=-3.281232146765106)
 }
15:05:53 `i0l9k30431`332 missed {
 is already Found: false).
 Position: LorenzVec(x=31.5, y=71.0, z=-101.5)
 DistanceC: 23.530864631513204
Relative Position: LorenzVec(x=23.530864631513204, y=1.0, z=-14.859905450216004)
 }
15:05:53 `va0nz1r89r`350 missed {
 is already Found: false).
 Position: LorenzVec(x=-10.0, y=70.0, z=-67.0)
 DistanceC: 19.640094549783996
Relative Position: LorenzVec(x=-17.969135368486796, y=0.0, z=19.640094549783996)
 }
15:05:53 `64b5h6s8t7`1620 missed {
 is already Found: false).
 Position: LorenzVec(x=-2.5, y=72.0, z=-109.5)
 DistanceC: 22.859905450216004
Relative Position: LorenzVec(x=-10.469135368486798, y=2.0, z=-22.859905450216004)
 }
15:07:45 `r14s595dz0`331 missed {
 is already Found: false).
 Position: LorenzVec(x=34.5, y=71.0, z=-96.5)
 DistanceC: 21.09904062923716
Relative Position: LorenzVec(x=21.09904062923716, y=1.0, z=-19.011542538219274)
 }
15:07:45 `Villager`355 missed {
 is already Found: false).
 Position: LorenzVec(x=28.5, y=69.0, z=-57.5)
 DistanceC: 19.988457461780726
Relative Position: LorenzVec(x=15.099040629237159, y=-1.0, z=19.988457461780726)
 }
15:07:46 `Villager`367 missed {
 is already Found: false).
 Position: LorenzVec(x=-0.5, y=70.0, z=-54.5)
 DistanceC: 22.988457461780726
Relative Position: LorenzVec(x=-13.900959370762841, y=0.0, z=22.988457461780726)
 }
15:07:47 `3c8rp5nigr`528 missed {
 is already Found: false).
 Position: LorenzVec(x=-6.5, y=55.0, z=-95.5)
 DistanceC: 19.90095937076284
Relative Position: LorenzVec(x=-19.90095937076284, y=-15.0, z=-18.011542538219274)
 }
15:08:24 `1rkeom1z99`228 missed {
 is already Found: false).
 Position: LorenzVec(x=22.0, y=71.0, z=-45.5)
 DistanceC: 20.360533811715882
Relative Position: LorenzVec(x=20.360533811715882, y=-6.700832369260581, z=12.000670905737152)
 }
15:08:28 `c339mf4gt9`229 missed {
 is already Found: false).
 Position: LorenzVec(x=25.0, y=65.0, z=-41.0)
 DistanceC: 14.895290866531557
Relative Position: LorenzVec(x=14.895290866531557, y=-16.001964197431263, z=10.514570192061754)
 }
15:08:46 `1rkeom1z99`228 missed {
 is already Found: false).
 Position: LorenzVec(x=22.0, y=71.0, z=-45.5)
 DistanceC: 3.17085247479735
Relative Position: LorenzVec(x=3.17085247479735, y=-9.5, z=1.449999988079071)
 }
15:09:15 `m9jda1q7w7`521 missed {
 is already Found: false).
 Position: LorenzVec(x=-29.5, y=57.0, z=-90.5)
 DistanceC: 23.48004145336066
Relative Position: LorenzVec(x=-23.48004145336066, y=-13.0, z=-22.185315813274457)
 }
15:09:30 `Villager`373 missed {
 is already Found: false).
 Position: LorenzVec(x=-36.0, y=68.0, z=-39.0)
 DistanceC: 22.783055578833984
Relative Position: LorenzVec(x=-22.783055578833984, y=-7.157525004739057, z=22.190305457234487)
 }
15:09:37 `Villager`369 missed {
 is already Found: false).
 Position: LorenzVec(x=10.5, y=70.0, z=-41.5)
 DistanceC: 23.503943794309222
Relative Position: LorenzVec(x=23.503943794309222, y=-2.4073954023649407, z=20.595320659784733)
 }
15:10:27 `q1p8fj9dcu`19 missed {
 is already Found: false).
 Position: LorenzVec(x=4.5, y=72.0, z=-104.5)
 DistanceC: 19.856981029469445
Relative Position: LorenzVec(x=19.856981029469445, y=2.0, z=-18.044425269200616)
 }
