10:20:25 HUB
10:38:41 HUB
10:55:18 NONE
10:55:23 DARK_AUCTION
11:01:01 NONE
11:01:02 HUB
11:01:30 NONE
11:01:31 HUB
11:05:05 NONE
11:05:05 HUB
12:03:36 NONE
12:32:05 HUB
12:35:22 HUB
13:55:18 NONE
13:55:25 DARK_AUCTION
14:01:15 NONE
14:01:15 HUB
14:01:25 NONE
14:01:26 HUB
14:01:32 NONE
14:01:33 HUB
14:14:36 NONE
14:14:37 PRIVATE_ISLAND
14:15:41 HUB
14:15:48 NONE
14:15:50 PRIVATE_ISLAND
14:15:54 NONE
14:15:55 HUB
15:16:29 THE_RIFT
15:17:09 NONE
15:17:10 HUB
15:43:39 HUB
15:55:29 DARK_AUCTION
16:02:27 HUB
16:30:07 NONE
16:30:08 HUB
16:30:45 NONE
16:30:48 HUB
16:31:04 HUB
16:55:18 NONE
16:56:13 HUB
17:18:25 NONE
17:18:27 PRIVATE_ISLAND
17:21:03 NONE
17:21:03 HUB
18:50:24 NONE
19:07:40 HUB
19:07:50 HUB
19:07:57 HUB
