11:40:08 
11:40:08 blocked link because:
11:40:08 isNotInSignAndOnSlot
11:40:08 
11:40:09 
11:40:09 blocked link because:
11:40:09 isNotInSignAndOnSlot
11:40:09 
11:40:09 allowed click
11:40:09 allowed click
11:40:09 allowed click
11:40:09 allowed click
11:40:09 allowed click
11:40:09 allowed click
11:40:09 allowed click
11:40:09 allowed click
11:40:09 allowed click
11:40:09 allowed click
11:40:09 allowed click
11:40:09 allowed click
11:40:09 allowed click
11:40:09 allowed click
11:40:09 allowed click
11:40:09 allowed click
11:40:09 allowed click
11:40:09 allowed click
11:40:09 allowed click
11:40:09 allowed click
11:40:09 allowed click
11:40:09 allowed click
11:40:09 allowed click
11:40:09 allowed click
11:40:09 allowed click
11:40:09 allowed click
11:40:09 allowed click
11:40:09 allowed click
11:40:09 allowed click
11:40:09 allowed click
11:40:09 allowed click
11:40:09 allowed click
11:40:09 allowed click
11:40:09 allowed click
11:40:09 allowed click
11:40:09 allowed click
11:40:09 allowed click
11:40:09 allowed click
11:40:09 allowed click
11:40:09 allowed click
11:40:09 allowed click
11:40:09 allowed click
11:40:09 allowed click
11:40:09 allowed click
11:40:09 allowed click
11:40:09 allowed click
11:40:09 allowed click
11:40:09 allowed click
11:40:09 allowed click
11:40:09 allowed click
11:40:09 allowed click
11:40:09 allowed click
11:40:09 allowed click
11:40:09 allowed click
11:40:09 allowed click
11:40:09 allowed click
11:40:09 allowed click
11:40:09 allowed click
11:40:09 allowed click
11:40:09 allowed click
11:40:09 allowed click
11:40:09 allowed click
11:40:09 allowed click
11:40:09 allowed click
11:40:09 allowed click
11:40:09 allowed click
11:40:09 allowed click
11:40:09 allowed click
11:40:09 allowed click
11:40:09 allowed click
11:40:09 allowed click
11:40:09 allowed click
11:40:09 allowed click
11:40:09 allowed click
11:40:09 allowed click
11:40:09 allowed click
11:40:09 allowed click
11:40:09 allowed click
11:40:09 allowed click
11:40:09 allowed click
11:40:09 allowed click
11:40:09 allowed click
11:40:09 allowed click
11:40:09 allowed click
11:40:09 allowed click
11:40:09 allowed click
11:40:09 allowed click
11:40:09 allowed click
11:40:09 allowed click
11:40:09 allowed click
11:40:09 allowed click
11:43:23 allowed click
11:43:23 allowed click
11:43:23 allowed click
11:43:23 allowed click
11:43:23 allowed click
11:43:23 allowed click
11:43:23 allowed click
11:43:23 allowed click
11:43:23 allowed click
11:43:23 allowed click
11:43:23 allowed click
11:43:23 allowed click
11:43:23 allowed click
11:43:23 allowed click
11:43:23 allowed click
11:43:23 allowed click
11:43:23 allowed click
11:43:23 allowed click
11:43:23 allowed click
11:43:23 allowed click
11:43:23 allowed click
11:43:23 allowed click
11:43:23 allowed click
11:43:23 allowed click
11:43:23 allowed click
11:43:23 allowed click
11:43:23 allowed click
11:43:23 allowed click
11:43:23 allowed click
11:43:23 allowed click
11:43:23 allowed click
11:43:23 allowed click
11:43:23 allowed click
11:43:23 allowed click
11:43:23 allowed click
11:43:23 allowed click
11:43:23 allowed click
11:43:23 allowed click
11:43:23 allowed click
11:43:23 allowed click
11:43:23 allowed click
11:43:23 allowed click
11:43:23 allowed click
11:43:23 allowed click
11:43:23 allowed click
11:43:23 allowed click
11:43:23 allowed click
11:43:23 allowed click
11:43:24 allowed click
11:43:24 allowed click
11:43:24 allowed click
11:43:24 allowed click
11:43:24 allowed click
11:43:24 allowed click
11:43:24 allowed click
11:43:24 allowed click
11:43:24 allowed click
11:43:24 allowed click
11:43:24 allowed click
11:43:24 allowed click
11:43:24 allowed click
11:43:24 allowed click
11:43:24 allowed click
11:43:24 allowed click
11:43:24 allowed click
11:43:24 allowed click
11:43:24 allowed click
11:43:24 allowed click
11:43:24 allowed click
11:43:24 allowed click
11:43:24 allowed click
11:43:24 allowed click
11:43:24 allowed click
11:43:24 allowed click
11:43:24 allowed click
11:43:24 allowed click
11:43:24 allowed click
11:43:24 allowed click
11:43:24 allowed click
11:43:24 allowed click
11:43:24 allowed click
11:43:24 allowed click
11:43:24 allowed click
11:43:24 allowed click
11:43:24 allowed click
11:43:24 allowed click
11:43:24 allowed click
11:43:24 allowed click
11:43:24 allowed click
11:43:24 allowed click
11:43:24 allowed click
11:43:24 allowed click
11:43:24 allowed click
11:43:24 allowed click
11:43:24 allowed click
11:43:24 allowed click
11:43:24 allowed click
11:43:24 allowed click
11:43:24 allowed click
11:43:24 allowed click
11:43:24 allowed click
11:43:24 allowed click
11:43:24 allowed click
11:43:24 allowed click
11:43:24 allowed click
11:43:24 allowed click
11:43:24 allowed click
11:43:24 allowed click
11:43:24 allowed click
11:43:24 allowed click
11:43:24 allowed click
11:43:24 allowed click
11:43:24 allowed click
11:43:24 allowed click
11:43:24 allowed click
11:43:24 allowed click
11:43:24 allowed click
11:43:24 allowed click
11:43:24 allowed click
11:43:24 allowed click
11:43:24 allowed click
11:43:24 allowed click
11:43:24 allowed click
11:43:24 allowed click
11:43:24 allowed click
11:43:24 allowed click
11:43:24 allowed click
11:43:24 allowed click
11:43:24 allowed click
11:43:24 allowed click
11:43:24 allowed click
11:43:24 allowed click
11:43:24 allowed click
11:43:24 allowed click
11:43:24 allowed click
11:43:24 allowed click
11:43:24 allowed click
11:43:24 allowed click
11:43:24 allowed click
11:43:24 allowed click
11:43:24 allowed click
11:43:24 allowed click
11:43:24 allowed click
11:43:24 allowed click
11:43:24 allowed click
11:43:24 allowed click
11:43:24 allowed click
11:43:24 allowed click
11:43:24 allowed click
11:43:24 allowed click
11:43:24 allowed click
11:43:24 allowed click
11:43:24 allowed click
11:43:24 allowed click
11:43:24 allowed click
11:43:24 allowed click
11:43:24 allowed click
11:43:24 allowed click
11:43:24 allowed click
11:43:24 allowed click
11:43:24 allowed click
11:43:24 allowed click
11:43:24 allowed click
11:43:24 allowed click
11:43:24 allowed click
11:43:24 allowed click
11:43:24 allowed click
11:43:24 allowed click
11:43:24 allowed click
11:43:24 allowed click
11:43:24 allowed click
11:43:24 allowed click
11:43:24 allowed click
11:43:24 allowed click
11:43:24 allowed click
11:43:24 allowed click
11:43:24 allowed click
11:43:24 allowed click
11:43:24 allowed click
11:43:24 allowed click
11:43:24 allowed click
11:43:24 allowed click
11:43:24 allowed click
11:43:24 allowed click
11:43:24 allowed click
11:43:24 allowed click
11:43:24 allowed click
11:43:24 allowed click
11:43:24 allowed click
11:43:24 allowed click
11:43:24 allowed click
11:43:24 allowed click
11:43:24 allowed click
11:43:24 allowed click
11:43:24 allowed click
11:43:24 allowed click
11:43:24 allowed click
11:43:24 allowed click
11:43:24 allowed click
11:43:24 allowed click
11:43:24 allowed click
11:43:24 allowed click
11:43:24 allowed click
11:43:24 allowed click
11:43:24 allowed click
11:43:24 allowed click
11:43:24 allowed click
11:43:24 allowed click
11:43:24 allowed click
11:43:24 allowed click
11:43:24 allowed click
11:43:24 allowed click
11:43:24 allowed click
11:43:24 allowed click
11:43:24 allowed click
11:43:24 allowed click
11:43:24 allowed click
11:43:24 allowed click
11:43:24 allowed click
11:43:24 allowed click
11:43:24 allowed click
11:43:24 allowed click
11:43:24 allowed click
11:43:24 allowed click
11:43:24 allowed click
11:43:24 allowed click
11:43:24 allowed click
11:43:24 allowed click
11:43:24 allowed click
11:43:24 allowed click
11:43:24 allowed click
11:43:24 allowed click
11:43:24 allowed click
11:43:24 allowed click
11:43:24 allowed click
11:43:24 allowed click
11:43:24 allowed click
11:43:24 allowed click
11:43:24 allowed click
11:43:24 allowed click
11:43:24 allowed click
11:43:24 allowed click
11:43:24 allowed click
11:43:24 allowed click
11:43:25 allowed click
11:43:25 allowed click
11:43:25 allowed click
11:43:25 allowed click
11:43:25 allowed click
11:43:25 allowed click
11:43:25 allowed click
11:43:25 allowed click
11:43:25 allowed click
11:43:25 allowed click
11:43:25 allowed click
11:43:25 allowed click
11:43:25 allowed click
11:43:25 allowed click
11:43:25 allowed click
11:43:25 allowed click
11:43:25 allowed click
11:43:25 allowed click
11:43:25 allowed click
11:43:25 allowed click
11:43:25 allowed click
11:43:25 allowed click
11:43:25 allowed click
11:43:25 allowed click
11:43:25 allowed click
11:43:25 allowed click
11:43:25 allowed click
11:43:25 allowed click
11:43:25 allowed click
11:43:25 allowed click
11:43:25 allowed click
11:43:25 allowed click
11:43:25 allowed click
11:43:25 allowed click
11:43:25 allowed click
11:43:25 allowed click
11:43:25 allowed click
11:43:25 allowed click
11:43:25 allowed click
11:43:25 allowed click
11:43:25 allowed click
11:43:25 allowed click
11:43:25 allowed click
11:43:25 allowed click
11:43:43 
11:43:43 blocked link because:
11:43:43 isNotInSignAndOnSlot
11:43:43 
11:43:43 
11:43:43 blocked link because:
11:43:43 isNotInSignAndOnSlot
11:43:43 
11:43:44 allowed click
11:43:44 allowed click
11:43:44 allowed click
11:43:44 allowed click
11:43:44 allowed click
11:43:44 allowed click
11:43:44 allowed click
11:43:44 allowed click
11:43:44 allowed click
11:43:44 allowed click
11:43:44 allowed click
11:43:44 allowed click
11:43:44 allowed click
11:43:44 allowed click
11:43:44 allowed click
11:43:44 allowed click
11:43:44 allowed click
11:43:44 allowed click
11:43:44 allowed click
11:43:44 allowed click
11:43:44 allowed click
11:43:44 allowed click
11:43:44 allowed click
11:43:44 allowed click
11:43:44 allowed click
11:43:44 allowed click
11:43:44 allowed click
11:43:44 allowed click
11:43:44 allowed click
11:43:44 allowed click
11:43:44 allowed click
11:43:44 allowed click
11:43:44 allowed click
11:43:44 allowed click
11:43:44 allowed click
11:43:44 allowed click
11:43:44 allowed click
11:43:44 allowed click
11:43:44 allowed click
11:43:44 allowed click
11:43:57 
11:43:57 blocked link because:
11:43:57 isNotInSignAndOnSlot
11:43:57 
11:43:57 
11:43:57 blocked link because:
11:43:57 isNotInSignAndOnSlot
11:43:57 
11:43:58 allowed click
11:43:58 allowed click
11:43:58 allowed click
11:43:58 allowed click
11:43:58 allowed click
11:43:58 allowed click
11:43:58 allowed click
11:43:58 allowed click
11:43:58 allowed click
11:43:58 allowed click
11:43:58 allowed click
11:43:58 allowed click
11:43:58 allowed click
11:43:58 allowed click
11:43:58 allowed click
11:43:58 allowed click
11:43:58 allowed click
11:43:58 allowed click
11:43:58 allowed click
11:43:58 allowed click
11:43:58 allowed click
11:43:58 allowed click
11:43:58 allowed click
11:43:58 allowed click
11:43:58 allowed click
11:43:58 allowed click
11:43:58 allowed click
11:43:58 allowed click
11:43:58 allowed click
11:43:58 allowed click
11:43:58 allowed click
11:43:58 allowed click
11:43:58 allowed click
11:43:58 allowed click
11:43:58 allowed click
11:43:58 allowed click
11:43:58 allowed click
11:43:58 allowed click
11:43:58 allowed click
11:43:58 allowed click
11:43:58 allowed click
11:43:58 allowed click
11:43:58 allowed click
11:43:58 allowed click
11:43:58 allowed click
11:43:58 allowed click
11:43:58 allowed click
11:43:58 allowed click
11:43:58 allowed click
11:43:58 allowed click
11:43:58 allowed click
11:43:58 allowed click
11:43:58 allowed click
11:43:58 allowed click
11:43:58 allowed click
11:43:58 allowed click
11:43:58 allowed click
11:43:58 allowed click
11:43:58 allowed click
11:43:58 allowed click
11:43:58 allowed click
11:43:58 allowed click
11:43:58 allowed click
11:43:58 allowed click
11:43:58 allowed click
11:43:58 allowed click
11:43:58 allowed click
11:43:58 allowed click
11:43:58 allowed click
11:43:58 allowed click
11:43:58 allowed click
11:43:58 allowed click
11:43:58 allowed click
11:43:58 allowed click
11:43:58 allowed click
11:43:58 allowed click
11:43:58 allowed click
11:43:58 allowed click
11:43:58 allowed click
11:43:58 allowed click
11:43:58 allowed click
11:43:58 allowed click
11:43:58 allowed click
11:43:58 allowed click
11:43:58 allowed click
11:43:58 allowed click
11:43:58 allowed click
11:43:58 allowed click
11:43:58 allowed click
11:43:58 allowed click
11:43:59 allowed click
11:43:59 allowed click
11:43:59 allowed click
11:43:59 allowed click
11:43:59 allowed click
11:43:59 allowed click
11:43:59 allowed click
11:43:59 allowed click
11:43:59 allowed click
11:43:59 allowed click
11:43:59 allowed click
11:43:59 allowed click
11:43:59 allowed click
11:43:59 allowed click
11:43:59 allowed click
11:43:59 allowed click
11:43:59 allowed click
11:43:59 allowed click
11:43:59 allowed click
11:43:59 allowed click
11:43:59 allowed click
11:43:59 allowed click
11:43:59 allowed click
11:43:59 allowed click
11:43:59 allowed click
11:43:59 allowed click
11:43:59 allowed click
11:43:59 allowed click
11:43:59 allowed click
11:43:59 allowed click
11:43:59 allowed click
11:43:59 allowed click
11:43:59 allowed click
11:43:59 allowed click
11:43:59 allowed click
11:43:59 allowed click
11:52:01 allowed click
11:52:01 allowed click
11:52:01 allowed click
11:52:01 allowed click
11:52:01 allowed click
11:52:01 allowed click
11:52:01 allowed click
11:52:01 allowed click
11:52:01 allowed click
11:52:01 allowed click
11:52:01 allowed click
11:52:01 allowed click
11:52:01 allowed click
11:52:01 allowed click
11:52:01 allowed click
11:52:01 allowed click
11:52:01 allowed click
11:52:01 allowed click
11:52:01 allowed click
11:52:01 allowed click
11:52:01 allowed click
11:52:01 allowed click
11:52:01 allowed click
11:52:01 allowed click
11:52:01 allowed click
11:52:01 allowed click
11:52:01 allowed click
11:52:01 allowed click
11:52:01 allowed click
11:52:01 allowed click
11:52:01 allowed click
11:52:01 allowed click
11:52:01 allowed click
11:52:01 allowed click
11:52:01 allowed click
11:52:01 allowed click
11:52:01 allowed click
11:52:01 allowed click
11:52:01 allowed click
11:52:01 allowed click
14:26:48 
14:26:48 blocked link because:
14:26:48 isNotInSignAndOnSlot
14:26:48 
14:26:49 
14:26:49 blocked link because:
14:26:49 isNotInSignAndOnSlot
14:26:49 
14:26:49 allowed click
14:26:49 allowed click
14:26:49 allowed click
14:26:49 allowed click
14:26:49 allowed click
14:26:49 allowed click
14:26:49 allowed click
14:26:49 allowed click
14:26:49 allowed click
14:26:49 allowed click
14:26:49 allowed click
14:26:49 allowed click
14:26:49 allowed click
14:26:49 allowed click
14:26:49 allowed click
14:26:49 allowed click
14:26:49 allowed click
14:26:49 allowed click
14:26:49 allowed click
14:26:49 allowed click
14:26:49 allowed click
14:26:49 allowed click
14:26:49 allowed click
14:26:49 allowed click
14:26:49 allowed click
14:26:49 allowed click
14:26:49 allowed click
14:26:49 allowed click
14:26:49 allowed click
14:26:49 allowed click
14:26:49 allowed click
14:26:49 allowed click
14:26:49 allowed click
14:26:49 allowed click
14:26:49 allowed click
14:26:49 allowed click
14:26:49 allowed click
14:26:49 allowed click
14:26:49 allowed click
14:26:49 allowed click
14:27:04 
14:27:04 blocked link because:
14:27:04 isNotInSignAndOnSlot
14:27:04 
14:27:04 
14:27:04 blocked link because:
14:27:04 isNotInSignAndOnSlot
14:27:04 
14:27:05 allowed click
14:27:05 allowed click
14:27:05 allowed click
14:27:05 allowed click
14:27:05 allowed click
14:27:05 allowed click
14:27:05 allowed click
14:27:05 allowed click
14:27:05 allowed click
14:27:05 allowed click
14:27:05 allowed click
14:27:05 allowed click
14:27:05 allowed click
14:27:05 allowed click
14:27:05 allowed click
14:27:05 allowed click
14:27:05 allowed click
14:27:05 allowed click
14:27:05 allowed click
14:27:05 allowed click
14:27:05 allowed click
14:27:05 allowed click
14:27:05 allowed click
14:27:05 allowed click
14:27:05 allowed click
14:27:05 allowed click
14:27:05 allowed click
14:27:05 allowed click
14:27:05 allowed click
14:27:05 allowed click
14:27:05 allowed click
14:27:05 allowed click
14:27:05 allowed click
14:27:05 allowed click
14:27:05 allowed click
14:27:05 allowed click
14:27:05 allowed click
14:27:05 allowed click
14:27:05 allowed click
14:27:05 allowed click
14:27:05 allowed click
14:27:05 allowed click
14:27:05 allowed click
14:27:05 allowed click
14:27:05 allowed click
14:27:05 allowed click
14:27:05 allowed click
14:27:05 allowed click
14:27:05 allowed click
14:27:05 allowed click
14:27:05 allowed click
14:27:05 allowed click
14:27:05 allowed click
14:27:05 allowed click
14:27:05 allowed click
14:27:05 allowed click
14:27:05 allowed click
14:27:05 allowed click
14:27:05 allowed click
14:27:05 allowed click
14:27:05 allowed click
14:27:05 allowed click
14:27:05 allowed click
14:27:05 allowed click
14:27:05 allowed click
14:27:05 allowed click
14:27:05 allowed click
14:27:05 allowed click
14:27:05 allowed click
14:27:05 allowed click
14:27:05 allowed click
14:27:05 allowed click
14:27:05 allowed click
14:27:05 allowed click
14:27:05 allowed click
14:27:05 allowed click
14:27:05 allowed click
14:27:05 allowed click
14:27:05 allowed click
14:27:05 allowed click
14:27:05 allowed click
14:27:05 allowed click
14:27:05 allowed click
14:27:05 allowed click
14:27:05 allowed click
14:27:05 allowed click
14:27:05 allowed click
14:27:05 allowed click
14:27:05 allowed click
14:27:05 allowed click
14:27:05 allowed click
14:27:05 allowed click
14:27:05 allowed click
14:27:05 allowed click
14:27:05 allowed click
14:27:05 allowed click
14:27:05 allowed click
14:27:05 allowed click
14:27:05 allowed click
14:27:05 allowed click
14:27:05 allowed click
14:27:05 allowed click
14:27:05 allowed click
14:27:06 allowed click
14:27:06 allowed click
14:27:06 allowed click
14:27:06 allowed click
14:27:06 allowed click
14:27:06 allowed click
14:27:06 allowed click
14:27:06 allowed click
14:27:06 allowed click
14:27:06 allowed click
14:27:06 allowed click
14:27:06 allowed click
14:27:06 allowed click
14:27:06 allowed click
14:27:06 allowed click
14:27:06 allowed click
14:27:06 allowed click
14:27:06 allowed click
14:27:06 allowed click
14:27:06 allowed click
14:27:06 allowed click
14:27:06 allowed click
14:27:06 allowed click
14:27:06 allowed click
14:27:06 allowed click
14:27:06 allowed click
14:27:06 allowed click
14:27:06 allowed click
14:27:06 allowed click
14:27:06 allowed click
14:27:06 allowed click
14:27:06 allowed click
14:27:06 allowed click
14:27:06 allowed click
14:27:06 allowed click
14:27:06 allowed click
14:27:06 allowed click
14:27:06 allowed click
14:27:06 allowed click
14:27:06 allowed click
14:27:06 allowed click
14:27:06 allowed click
14:27:06 allowed click
14:27:06 allowed click
14:27:06 allowed click
14:27:06 allowed click
14:27:06 allowed click
14:27:06 allowed click
14:27:06 allowed click
14:27:06 allowed click
14:27:06 allowed click
14:27:06 allowed click
14:27:06 allowed click
14:27:06 allowed click
14:27:06 allowed click
14:27:06 allowed click
14:27:06 allowed click
14:27:06 allowed click
14:27:06 allowed click
14:27:06 allowed click
14:27:06 allowed click
14:27:06 allowed click
14:27:06 allowed click
14:27:06 allowed click
14:27:06 allowed click
14:27:06 allowed click
14:27:06 allowed click
14:27:06 allowed click
14:27:06 allowed click
14:27:06 allowed click
14:27:06 allowed click
14:27:06 allowed click
14:27:06 allowed click
14:27:06 allowed click
14:27:06 allowed click
14:27:06 allowed click
14:27:06 allowed click
14:27:06 allowed click
14:27:06 allowed click
14:27:06 allowed click
14:27:06 allowed click
14:27:06 allowed click
14:27:06 allowed click
14:27:06 allowed click
14:27:06 allowed click
14:27:06 allowed click
14:27:06 allowed click
14:27:06 allowed click
14:27:06 allowed click
14:27:06 allowed click
14:27:06 allowed click
14:27:06 allowed click
14:27:06 allowed click
14:27:06 allowed click
14:27:06 allowed click
14:27:06 allowed click
14:27:06 allowed click
14:27:06 allowed click
14:27:06 allowed click
14:27:06 allowed click
14:27:06 allowed click
14:27:06 allowed click
14:27:06 allowed click
14:27:06 allowed click
14:27:06 allowed click
14:27:06 allowed click
14:27:06 allowed click
14:27:06 allowed click
14:27:06 allowed click
16:56:15 
16:56:15 blocked link because:
16:56:15 isNotInSignAndOnSlot
16:56:15 
16:56:16 
16:56:16 blocked link because:
16:56:16 isNotInSignAndOnSlot
16:56:16 
16:56:16 allowed click
16:56:16 allowed click
16:56:16 allowed click
16:56:16 allowed click
16:56:16 allowed click
16:56:16 allowed click
16:56:16 allowed click
16:56:16 allowed click
16:56:16 allowed click
16:56:16 allowed click
16:56:16 allowed click
16:56:16 allowed click
16:56:16 allowed click
16:56:16 allowed click
16:56:16 allowed click
16:56:16 allowed click
16:56:16 allowed click
16:56:16 allowed click
16:56:16 allowed click
16:56:16 allowed click
16:56:16 allowed click
16:56:16 allowed click
16:56:16 allowed click
16:56:16 allowed click
16:56:16 allowed click
16:56:16 allowed click
16:56:16 allowed click
16:56:16 allowed click
16:56:16 allowed click
16:56:16 allowed click
16:56:16 allowed click
16:56:16 allowed click
16:56:16 allowed click
16:56:16 allowed click
16:56:16 allowed click
16:56:16 allowed click
16:56:16 allowed click
16:56:16 allowed click
16:56:16 allowed click
16:56:16 allowed click
16:56:16 allowed click
16:56:16 allowed click
16:56:16 allowed click
16:56:16 allowed click
16:56:16 allowed click
16:56:16 allowed click
16:56:16 allowed click
16:56:16 allowed click
16:56:16 allowed click
16:56:16 allowed click
16:56:16 allowed click
16:56:16 allowed click
16:56:16 allowed click
16:56:16 allowed click
16:56:16 allowed click
16:56:16 allowed click
16:56:16 allowed click
16:56:16 allowed click
16:56:16 allowed click
16:56:16 allowed click
16:56:16 allowed click
16:56:16 allowed click
16:56:16 allowed click
16:56:16 allowed click
16:56:16 allowed click
16:56:16 allowed click
16:56:16 allowed click
16:56:16 allowed click
16:56:16 allowed click
16:56:16 allowed click
16:56:16 allowed click
16:56:16 allowed click
16:56:16 allowed click
16:56:16 allowed click
16:56:16 allowed click
16:56:16 allowed click
16:56:16 allowed click
16:56:16 allowed click
16:56:16 allowed click
16:56:16 allowed click
16:56:16 allowed click
16:56:16 allowed click
16:56:16 allowed click
16:56:16 allowed click
16:56:16 allowed click
16:56:16 allowed click
16:56:16 allowed click
16:56:16 allowed click
16:56:16 allowed click
16:56:16 allowed click
16:56:16 allowed click
16:56:16 allowed click
16:56:16 allowed click
16:56:16 allowed click
16:56:16 allowed click
16:56:16 allowed click
16:56:17 allowed click
16:56:17 allowed click
16:56:17 allowed click
16:56:17 allowed click
16:56:17 allowed click
16:56:17 allowed click
16:56:17 allowed click
16:56:17 allowed click
16:56:17 allowed click
16:56:17 allowed click
16:56:17 allowed click
16:56:17 allowed click
16:56:17 allowed click
16:56:17 allowed click
16:56:17 allowed click
16:56:17 allowed click
16:56:17 allowed click
16:56:17 allowed click
16:56:17 allowed click
16:56:17 allowed click
16:56:17 allowed click
16:56:17 allowed click
16:56:17 allowed click
16:56:17 allowed click
16:56:17 allowed click
16:56:17 allowed click
16:56:17 allowed click
16:56:17 allowed click
16:56:37 
16:56:37 blocked link because:
16:56:37 isNotInSignAndOnSlot
16:56:37 
16:56:38 
16:56:38 blocked link because:
16:56:38 isNotInSignAndOnSlot
16:56:38 
16:56:38 allowed click
16:56:38 allowed click
16:56:38 allowed click
16:56:38 allowed click
16:56:38 allowed click
16:56:38 allowed click
16:56:38 allowed click
16:56:38 allowed click
16:56:38 allowed click
16:56:38 allowed click
16:56:38 allowed click
16:56:38 allowed click
16:56:38 allowed click
16:56:38 allowed click
16:56:38 allowed click
16:56:38 allowed click
16:56:38 allowed click
16:56:38 allowed click
16:56:38 allowed click
16:56:38 allowed click
16:56:38 allowed click
16:56:38 allowed click
16:56:38 allowed click
16:56:38 allowed click
16:56:38 allowed click
16:56:38 allowed click
16:56:38 allowed click
16:56:38 allowed click
16:56:38 allowed click
16:56:38 allowed click
16:56:38 allowed click
16:56:38 allowed click
16:56:38 allowed click
16:56:38 allowed click
16:56:38 allowed click
16:56:38 allowed click
16:56:38 allowed click
16:56:38 allowed click
16:56:38 allowed click
16:56:38 allowed click
16:56:38 allowed click
16:56:38 allowed click
16:56:38 allowed click
16:56:38 allowed click
16:56:38 allowed click
16:56:38 allowed click
16:56:38 allowed click
16:56:38 allowed click
16:56:38 allowed click
16:56:38 allowed click
16:56:38 allowed click
16:56:38 allowed click
16:56:38 allowed click
16:56:38 allowed click
16:56:38 allowed click
16:56:38 allowed click
16:56:38 allowed click
16:56:38 allowed click
16:56:38 allowed click
16:56:38 allowed click
16:56:38 allowed click
16:56:38 allowed click
16:56:38 allowed click
16:56:38 allowed click
16:56:38 allowed click
16:56:38 allowed click
16:56:38 allowed click
16:56:38 allowed click
16:56:38 allowed click
16:56:38 allowed click
16:56:38 allowed click
16:56:38 allowed click
16:56:38 allowed click
16:56:38 allowed click
16:56:38 allowed click
16:56:38 allowed click
16:56:38 allowed click
16:56:38 allowed click
16:56:38 allowed click
16:56:38 allowed click
16:56:38 allowed click
16:56:38 allowed click
16:56:38 allowed click
16:56:38 allowed click
16:56:38 allowed click
16:56:38 allowed click
16:56:38 allowed click
16:56:38 allowed click
16:56:38 allowed click
16:56:38 allowed click
16:56:38 allowed click
16:56:38 allowed click
16:56:38 allowed click
16:56:38 allowed click
16:56:38 allowed click
16:56:38 allowed click
16:56:38 allowed click
16:56:38 allowed click
16:56:38 allowed click
16:56:38 allowed click
16:56:38 allowed click
16:56:38 allowed click
16:56:38 allowed click
16:56:38 allowed click
16:56:38 allowed click
16:56:38 allowed click
16:56:38 allowed click
16:56:38 allowed click
16:56:38 allowed click
16:56:38 allowed click
16:56:38 allowed click
16:56:38 allowed click
16:56:38 allowed click
16:56:38 allowed click
16:56:38 allowed click
16:56:38 allowed click
16:56:38 allowed click
16:56:38 allowed click
16:56:38 allowed click
16:56:38 allowed click
16:56:38 allowed click
16:56:38 allowed click
16:56:38 allowed click
16:56:38 allowed click
16:56:38 allowed click
16:56:38 allowed click
16:56:38 allowed click
16:56:38 allowed click
16:56:38 allowed click
16:56:38 allowed click
16:56:38 allowed click
16:56:38 allowed click
16:56:38 allowed click
16:56:38 allowed click
16:56:38 allowed click
16:56:38 allowed click
16:56:38 allowed click
16:56:38 allowed click
16:56:38 allowed click
16:56:38 allowed click
16:56:38 allowed click
16:56:38 allowed click
16:56:38 allowed click
16:56:38 allowed click
16:56:38 allowed click
16:56:38 allowed click
16:56:38 allowed click
16:56:38 allowed click
16:56:38 allowed click
16:56:38 allowed click
16:56:38 allowed click
16:56:38 allowed click
16:56:38 allowed click
16:56:38 allowed click
16:56:38 allowed click
16:56:38 allowed click
16:56:38 allowed click
16:56:38 allowed click
16:56:38 allowed click
16:56:38 allowed click
16:56:38 allowed click
16:56:38 allowed click
16:56:38 allowed click
16:56:38 allowed click
16:56:38 allowed click
16:56:38 allowed click
16:56:38 allowed click
16:56:39 allowed click
16:56:39 allowed click
16:56:39 allowed click
16:56:39 allowed click
16:56:39 allowed click
16:56:39 allowed click
16:56:39 allowed click
16:56:39 allowed click
16:56:39 allowed click
16:56:39 allowed click
16:56:39 allowed click
16:56:39 allowed click
16:56:39 allowed click
16:56:39 allowed click
16:56:39 allowed click
16:56:39 allowed click
16:56:39 allowed click
16:56:39 allowed click
16:56:39 allowed click
16:56:39 allowed click
16:56:39 allowed click
16:56:39 allowed click
16:56:39 allowed click
16:56:39 allowed click
16:56:39 allowed click
16:56:39 allowed click
16:56:39 allowed click
16:56:39 allowed click
16:56:39 allowed click
16:56:39 allowed click
16:56:39 allowed click
16:56:39 allowed click
16:56:39 allowed click
16:56:39 allowed click
16:56:39 allowed click
16:56:39 allowed click
16:56:39 allowed click
16:56:39 allowed click
16:56:39 allowed click
16:56:39 allowed click
16:56:39 allowed click
16:56:39 allowed click
16:56:39 allowed click
16:56:39 allowed click
16:56:39 allowed click
16:56:39 allowed click
16:56:39 allowed click
16:56:39 allowed click
16:56:39 allowed click
16:56:39 allowed click
16:56:39 allowed click
16:56:39 allowed click
16:56:39 allowed click
16:56:39 allowed click
16:56:39 allowed click
16:56:39 allowed click
16:56:39 allowed click
16:56:39 allowed click
16:56:39 allowed click
16:56:39 allowed click
16:56:39 allowed click
16:56:39 allowed click
16:56:39 allowed click
16:56:39 allowed click
16:56:39 allowed click
16:56:39 allowed click
16:56:39 allowed click
16:56:39 allowed click
16:56:39 allowed click
16:56:39 allowed click
16:56:39 allowed click
16:56:39 allowed click
16:56:39 allowed click
16:56:39 allowed click
16:56:39 allowed click
16:56:39 allowed click
16:56:39 allowed click
16:56:39 allowed click
16:56:39 allowed click
16:56:39 allowed click
16:56:39 allowed click
16:56:39 allowed click
16:56:39 allowed click
16:56:39 allowed click
16:56:39 allowed click
16:56:39 allowed click
16:56:39 allowed click
16:56:39 allowed click
16:56:39 allowed click
16:56:39 allowed click
16:56:39 allowed click
16:56:39 allowed click
16:56:39 allowed click
16:56:39 allowed click
16:56:39 allowed click
16:56:39 allowed click
16:56:39 allowed click
16:56:39 allowed click
16:56:39 allowed click
16:56:39 allowed click
16:56:39 allowed click
16:56:39 allowed click
16:56:39 allowed click
16:56:39 allowed click
16:56:39 allowed click
16:56:39 allowed click
16:56:39 allowed click
16:56:39 allowed click
16:56:39 allowed click
16:56:39 allowed click
16:56:39 allowed click
16:56:39 allowed click
16:56:39 allowed click
16:56:39 allowed click
16:56:39 allowed click
16:56:39 allowed click
16:56:39 allowed click
16:56:39 allowed click
16:56:39 allowed click
16:56:39 allowed click
16:56:39 allowed click
16:56:39 allowed click
16:56:39 allowed click
16:56:39 allowed click
16:56:39 allowed click
16:56:39 allowed click
16:56:39 allowed click
16:56:39 allowed click
16:56:39 allowed click
16:56:39 allowed click
16:56:39 allowed click
16:56:39 allowed click
16:56:39 allowed click
16:56:39 allowed click
16:56:39 allowed click
16:56:39 allowed click
16:56:39 allowed click
16:56:39 allowed click
16:56:39 allowed click
16:56:39 allowed click
16:56:39 allowed click
16:56:39 allowed click
16:56:39 allowed click
16:56:39 allowed click
16:56:39 allowed click
16:56:39 allowed click
16:56:39 allowed click
16:56:39 allowed click
16:56:39 allowed click
17:10:25 allowed click
17:10:25 allowed click
17:10:25 allowed click
17:10:25 allowed click
17:10:26 allowed click
17:10:26 allowed click
17:10:26 allowed click
17:10:26 allowed click
17:10:26 allowed click
17:10:26 allowed click
17:10:26 allowed click
17:10:26 allowed click
17:10:26 allowed click
17:10:26 allowed click
17:10:26 allowed click
17:10:26 allowed click
17:10:26 allowed click
17:10:26 allowed click
17:10:26 allowed click
17:10:26 allowed click
17:10:26 allowed click
17:10:26 allowed click
17:10:26 allowed click
17:10:26 allowed click
17:10:26 allowed click
17:10:26 allowed click
17:10:26 allowed click
17:10:26 allowed click
17:10:26 allowed click
17:10:26 allowed click
17:10:26 allowed click
17:10:26 allowed click
17:10:26 allowed click
17:10:26 allowed click
17:10:26 allowed click
17:10:26 allowed click
17:10:26 allowed click
17:10:26 allowed click
17:10:26 allowed click
17:10:26 allowed click
17:10:26 allowed click
17:10:26 allowed click
17:10:26 allowed click
17:10:26 allowed click
17:10:26 allowed click
17:10:26 allowed click
17:10:26 allowed click
17:10:26 allowed click
17:10:26 allowed click
17:10:26 allowed click
17:10:26 allowed click
17:10:26 allowed click
17:10:26 allowed click
17:10:26 allowed click
17:10:26 allowed click
17:10:26 allowed click
17:10:26 allowed click
17:10:26 allowed click
17:10:26 allowed click
17:10:26 allowed click
17:10:26 allowed click
17:10:26 allowed click
17:10:26 allowed click
17:10:26 allowed click
17:10:26 allowed click
17:10:26 allowed click
17:10:26 allowed click
17:10:26 allowed click
17:10:26 allowed click
17:10:26 allowed click
17:10:26 allowed click
17:10:26 allowed click
17:10:26 allowed click
17:10:26 allowed click
17:10:26 allowed click
17:10:26 allowed click
17:10:26 allowed click
17:10:26 allowed click
17:10:26 allowed click
17:10:26 allowed click
17:10:26 allowed click
17:10:26 allowed click
17:10:26 allowed click
17:10:26 allowed click
17:10:26 allowed click
17:10:26 allowed click
17:10:26 allowed click
17:10:26 allowed click
17:10:26 allowed click
17:10:26 allowed click
17:10:26 allowed click
17:10:26 allowed click
17:10:26 allowed click
17:10:26 allowed click
17:10:26 allowed click
17:10:26 allowed click
17:10:26 allowed click
17:10:26 allowed click
17:10:26 allowed click
17:10:26 allowed click
17:10:26 allowed click
17:10:26 allowed click
17:10:26 allowed click
17:10:26 allowed click
17:10:26 allowed click
17:10:26 allowed click
17:10:26 allowed click
17:10:26 allowed click
17:10:26 allowed click
17:10:26 allowed click
17:10:26 allowed click
17:10:26 allowed click
17:10:26 allowed click
17:10:26 allowed click
17:10:26 allowed click
17:10:26 allowed click
17:10:26 allowed click
17:10:26 allowed click
17:10:26 allowed click
17:10:26 allowed click
17:10:26 allowed click
17:10:26 allowed click
17:10:26 allowed click
17:10:26 allowed click
17:10:26 allowed click
17:10:26 allowed click
17:10:26 allowed click
17:10:26 allowed click
17:10:26 allowed click
17:10:26 allowed click
17:10:26 allowed click
17:10:26 allowed click
17:10:26 allowed click
17:10:26 allowed click
17:10:26 allowed click
17:10:26 allowed click
17:10:27 allowed click
17:10:27 allowed click
17:10:27 allowed click
17:10:27 allowed click
17:10:27 allowed click
17:10:27 allowed click
17:10:27 allowed click
17:10:27 allowed click
17:10:27 allowed click
17:10:27 allowed click
17:10:27 allowed click
17:10:27 allowed click
17:10:27 allowed click
17:10:27 allowed click
17:10:27 allowed click
17:10:27 allowed click
17:10:27 allowed click
17:10:27 allowed click
17:10:27 allowed click
17:10:27 allowed click
17:10:27 allowed click
17:10:27 allowed click
17:10:27 allowed click
17:10:27 allowed click
17:10:27 allowed click
17:10:27 allowed click
17:10:27 allowed click
17:10:27 allowed click
17:10:27 allowed click
17:10:27 allowed click
17:10:27 allowed click
17:10:27 allowed click
17:10:27 allowed click
17:10:27 allowed click
17:10:27 allowed click
17:10:27 allowed click
17:10:27 allowed click
17:10:27 allowed click
17:10:27 allowed click
17:10:27 allowed click
17:10:27 allowed click
17:10:27 allowed click
17:10:27 allowed click
17:10:27 allowed click
17:10:27 allowed click
17:10:27 allowed click
17:10:27 allowed click
17:10:27 allowed click
17:10:27 allowed click
17:10:27 allowed click
17:10:27 allowed click
17:10:27 allowed click
17:10:27 allowed click
17:10:27 allowed click
17:10:27 allowed click
17:10:27 allowed click
17:10:27 allowed click
17:10:27 allowed click
17:10:27 allowed click
17:10:27 allowed click
17:10:27 allowed click
17:10:27 allowed click
17:10:27 allowed click
17:10:27 allowed click
17:10:27 allowed click
17:10:27 allowed click
17:10:27 allowed click
17:10:27 allowed click
17:10:27 allowed click
17:10:27 allowed click
17:10:27 allowed click
17:10:27 allowed click
17:10:27 allowed click
17:10:27 allowed click
17:10:27 allowed click
17:10:27 allowed click
17:10:27 allowed click
17:10:27 allowed click
17:10:27 allowed click
17:10:27 allowed click
17:10:27 allowed click
17:10:27 allowed click
17:10:27 allowed click
17:10:27 allowed click
17:10:27 allowed click
17:10:27 allowed click
17:10:27 allowed click
17:10:27 allowed click
17:10:27 allowed click
17:10:27 allowed click
17:10:27 allowed click
17:10:27 allowed click
17:10:27 allowed click
17:10:27 allowed click
17:10:27 allowed click
17:10:27 allowed click
17:10:27 allowed click
17:10:27 allowed click
17:10:27 allowed click
17:10:27 allowed click
17:10:27 allowed click
17:10:27 allowed click
17:10:27 allowed click
17:10:27 allowed click
17:10:27 allowed click
17:10:27 allowed click
17:10:27 allowed click
17:10:27 allowed click
17:10:27 allowed click
17:10:27 allowed click
17:10:27 allowed click
17:10:27 allowed click
17:10:27 allowed click
17:10:27 allowed click
17:10:27 allowed click
17:10:27 allowed click
17:10:27 allowed click
17:10:27 allowed click
17:10:27 allowed click
17:10:27 allowed click
17:10:27 allowed click
17:10:27 allowed click
17:10:27 allowed click
17:10:27 allowed click
17:10:27 allowed click
17:10:27 allowed click
17:10:27 allowed click
17:10:27 allowed click
17:10:27 allowed click
17:10:27 allowed click
17:10:27 allowed click
17:10:27 allowed click
17:10:27 allowed click
17:10:27 allowed click
17:10:27 allowed click
17:10:27 allowed click
17:10:27 allowed click
17:10:27 allowed click
17:10:27 allowed click
17:10:27 allowed click
17:10:27 allowed click
17:10:27 allowed click
17:10:27 allowed click
17:10:27 allowed click
17:10:27 allowed click
17:10:27 allowed click
17:10:27 allowed click
17:10:27 allowed click
17:10:27 allowed click
17:10:27 allowed click
17:10:27 allowed click
17:10:27 allowed click
17:10:27 allowed click
17:10:27 allowed click
17:10:27 allowed click
17:10:27 allowed click
17:10:27 allowed click
17:10:27 allowed click
17:10:27 allowed click
17:10:27 allowed click
17:10:27 allowed click
17:10:27 allowed click
17:10:27 allowed click
17:10:27 allowed click
17:10:27 allowed click
17:10:27 allowed click
17:10:27 allowed click
17:10:27 allowed click
17:10:27 allowed click
17:10:27 allowed click
17:10:27 allowed click
17:10:27 allowed click
17:10:27 allowed click
17:10:27 allowed click
17:10:27 allowed click
17:10:27 allowed click
17:10:27 allowed click
17:10:28 allowed click
17:10:28 allowed click
17:10:28 allowed click
17:10:28 allowed click
17:10:28 allowed click
17:10:28 allowed click
17:10:28 allowed click
17:10:28 allowed click
17:10:28 allowed click
17:10:28 allowed click
17:10:28 allowed click
17:10:28 allowed click
17:10:28 allowed click
17:10:28 allowed click
17:10:28 allowed click
17:10:28 allowed click
17:10:28 allowed click
17:10:28 allowed click
17:10:28 allowed click
17:10:28 allowed click
17:10:28 allowed click
17:10:28 allowed click
17:10:28 allowed click
17:10:28 allowed click
17:10:28 allowed click
17:10:28 allowed click
17:10:28 allowed click
17:10:28 allowed click
17:10:28 allowed click
17:10:28 allowed click
17:10:28 allowed click
17:10:28 allowed click
17:10:28 allowed click
17:10:28 allowed click
17:10:28 allowed click
17:10:28 allowed click
17:10:28 allowed click
17:10:28 allowed click
17:10:28 allowed click
17:10:28 allowed click
17:10:28 allowed click
17:10:28 allowed click
17:10:28 allowed click
17:10:28 allowed click
17:10:28 allowed click
17:10:28 allowed click
17:10:28 allowed click
17:10:28 allowed click
17:10:28 allowed click
17:10:28 allowed click
17:10:28 allowed click
17:10:28 allowed click
17:10:28 allowed click
17:10:28 allowed click
17:10:28 allowed click
17:10:28 allowed click
17:10:28 allowed click
17:10:28 allowed click
17:10:28 allowed click
17:10:28 allowed click
17:10:28 allowed click
17:10:28 allowed click
17:10:28 allowed click
17:10:28 allowed click
17:10:28 allowed click
17:10:28 allowed click
17:10:28 allowed click
17:10:28 allowed click
17:10:28 allowed click
17:10:28 allowed click
17:10:28 allowed click
17:10:28 allowed click
17:10:28 allowed click
17:10:28 allowed click
17:10:28 allowed click
17:10:28 allowed click
17:10:28 allowed click
17:10:28 allowed click
17:10:28 allowed click
17:10:28 allowed click
17:10:28 allowed click
17:10:28 allowed click
17:10:28 allowed click
17:10:28 allowed click
17:10:28 allowed click
17:10:28 allowed click
17:10:28 allowed click
17:10:28 allowed click
17:10:28 allowed click
17:10:28 allowed click
17:10:28 allowed click
17:10:28 allowed click
17:10:28 allowed click
17:10:28 allowed click
17:10:28 allowed click
17:10:28 allowed click
17:10:28 allowed click
17:10:28 allowed click
17:10:28 allowed click
17:10:28 allowed click
17:10:28 allowed click
17:10:28 allowed click
17:10:28 allowed click
17:10:28 allowed click
17:10:28 allowed click
17:10:28 allowed click
17:10:28 allowed click
17:10:28 allowed click
17:10:28 allowed click
17:10:28 allowed click
17:10:28 allowed click
17:10:28 allowed click
17:10:28 allowed click
17:10:28 allowed click
17:10:28 allowed click
17:10:28 allowed click
17:10:28 allowed click
17:10:28 allowed click
17:10:28 allowed click
17:10:28 allowed click
17:10:28 allowed click
17:10:28 allowed click
17:10:28 allowed click
17:10:28 allowed click
17:10:28 allowed click
17:10:28 allowed click
17:10:28 allowed click
17:10:28 allowed click
17:10:28 allowed click
17:10:28 allowed click
17:10:28 allowed click
17:10:28 allowed click
17:10:28 allowed click
17:10:28 allowed click
17:10:28 allowed click
17:10:28 allowed click
17:10:29 allowed click
17:10:29 allowed click
17:10:29 allowed click
17:10:29 allowed click
17:10:29 allowed click
17:10:29 allowed click
17:10:29 allowed click
17:10:29 allowed click
17:10:29 allowed click
17:10:29 allowed click
17:10:29 allowed click
17:10:29 allowed click
17:10:29 allowed click
17:10:29 allowed click
17:10:29 allowed click
17:10:29 allowed click
17:10:29 allowed click
17:10:29 allowed click
17:10:29 allowed click
17:10:29 allowed click
17:10:29 allowed click
17:10:29 allowed click
17:10:29 allowed click
17:10:29 allowed click
17:10:29 allowed click
17:10:29 allowed click
17:10:29 allowed click
17:10:29 allowed click
17:10:29 allowed click
17:10:29 allowed click
17:10:29 allowed click
17:10:29 allowed click
17:10:29 allowed click
17:10:29 allowed click
17:10:29 allowed click
17:10:29 allowed click
17:10:29 allowed click
17:10:29 allowed click
17:10:29 allowed click
17:10:29 allowed click
17:10:29 allowed click
17:10:29 allowed click
17:10:29 allowed click
17:10:29 allowed click
17:10:29 allowed click
17:10:29 allowed click
17:10:29 allowed click
17:10:29 allowed click
17:10:29 allowed click
17:10:29 allowed click
17:10:29 allowed click
17:10:29 allowed click
17:10:29 allowed click
17:10:29 allowed click
17:10:29 allowed click
17:10:29 allowed click
17:10:29 allowed click
17:10:29 allowed click
17:10:29 allowed click
17:10:29 allowed click
17:10:29 allowed click
17:10:29 allowed click
17:10:29 allowed click
17:10:29 allowed click
17:10:29 allowed click
17:10:29 allowed click
17:10:29 allowed click
17:10:29 allowed click
17:10:29 allowed click
17:10:29 allowed click
17:10:29 allowed click
17:10:29 allowed click
17:10:29 allowed click
17:10:29 allowed click
17:10:29 allowed click
17:10:29 allowed click
17:10:29 allowed click
17:10:29 allowed click
17:10:29 allowed click
17:10:29 allowed click
17:10:29 allowed click
17:10:29 allowed click
17:10:29 allowed click
17:10:29 allowed click
17:10:29 allowed click
17:10:29 allowed click
17:10:29 allowed click
17:10:29 allowed click
17:10:29 allowed click
17:10:29 allowed click
17:10:29 allowed click
17:10:29 allowed click
17:10:29 allowed click
17:10:29 allowed click
17:10:29 allowed click
17:10:29 allowed click
17:10:29 allowed click
17:10:29 allowed click
17:10:29 allowed click
17:10:29 allowed click
17:10:29 allowed click
17:10:29 allowed click
17:10:29 allowed click
17:10:29 allowed click
17:10:29 allowed click
17:10:29 allowed click
17:10:29 allowed click
17:10:29 allowed click
17:10:29 allowed click
17:10:29 allowed click
17:10:29 allowed click
17:10:29 allowed click
17:10:29 allowed click
17:10:29 allowed click
17:10:29 allowed click
17:10:29 allowed click
17:10:29 allowed click
17:10:29 allowed click
17:10:29 allowed click
17:10:29 allowed click
17:10:29 allowed click
17:10:29 allowed click
17:10:29 allowed click
17:10:29 allowed click
17:10:29 allowed click
17:10:29 allowed click
17:10:29 allowed click
17:10:29 allowed click
17:10:29 allowed click
17:10:29 allowed click
17:10:29 allowed click
17:10:29 allowed click
17:10:29 allowed click
17:10:29 allowed click
17:10:29 allowed click
17:10:29 allowed click
17:10:29 allowed click
17:10:29 allowed click
17:10:29 allowed click
17:10:29 allowed click
17:10:29 allowed click
17:10:29 allowed click
17:10:29 allowed click
17:10:29 allowed click
17:10:29 allowed click
17:10:29 allowed click
17:10:29 allowed click
17:10:29 allowed click
17:10:29 allowed click
17:10:29 allowed click
17:10:29 allowed click
17:10:29 allowed click
17:10:29 allowed click
17:10:29 allowed click
17:10:29 allowed click
17:10:29 allowed click
17:10:29 allowed click
17:10:29 allowed click
17:10:29 allowed click
17:10:29 allowed click
17:10:29 allowed click
17:10:29 allowed click
17:10:29 allowed click
17:10:29 allowed click
17:10:29 allowed click
17:10:29 allowed click
17:10:29 allowed click
17:10:29 allowed click
17:10:29 allowed click
17:10:29 allowed click
17:10:29 allowed click
17:10:29 allowed click
17:10:29 allowed click
17:10:29 allowed click
17:10:29 allowed click
17:10:29 allowed click
17:10:30 allowed click
17:10:30 allowed click
17:10:30 allowed click
17:10:30 allowed click
17:10:30 allowed click
17:10:30 allowed click
17:10:30 allowed click
17:10:30 allowed click
17:10:30 allowed click
17:10:30 allowed click
17:10:30 allowed click
17:10:30 allowed click
17:10:30 allowed click
17:10:30 allowed click
17:10:30 allowed click
17:10:30 allowed click
17:10:30 allowed click
17:10:30 allowed click
17:10:30 allowed click
17:10:30 allowed click
17:10:30 allowed click
17:10:30 allowed click
17:10:30 allowed click
17:10:30 allowed click
17:10:30 allowed click
17:10:30 allowed click
17:10:30 allowed click
17:10:30 allowed click
17:10:30 allowed click
17:10:30 allowed click
17:10:30 allowed click
17:10:30 allowed click
17:10:30 allowed click
17:10:30 allowed click
17:10:30 allowed click
17:10:30 allowed click
17:10:30 allowed click
17:10:30 allowed click
17:10:30 allowed click
17:10:30 allowed click
17:10:30 allowed click
17:10:30 allowed click
17:10:30 allowed click
17:10:30 allowed click
17:10:30 allowed click
17:10:30 allowed click
17:10:30 allowed click
17:10:30 allowed click
17:10:30 allowed click
17:10:30 allowed click
17:10:30 allowed click
17:10:30 allowed click
17:10:30 allowed click
17:10:30 allowed click
17:10:30 allowed click
17:10:30 allowed click
17:10:30 allowed click
17:10:30 allowed click
17:10:30 allowed click
17:10:30 allowed click
17:10:30 allowed click
17:10:30 allowed click
17:10:30 allowed click
17:10:30 allowed click
17:10:30 allowed click
17:10:30 allowed click
17:10:30 allowed click
17:10:30 allowed click
17:10:30 allowed click
17:10:30 allowed click
17:10:30 allowed click
17:10:30 allowed click
17:10:30 allowed click
17:10:30 allowed click
17:10:30 allowed click
17:10:30 allowed click
17:10:30 allowed click
17:10:30 allowed click
17:10:30 allowed click
17:10:30 allowed click
17:10:30 allowed click
17:10:30 allowed click
17:10:30 allowed click
17:10:30 allowed click
17:10:30 allowed click
17:10:30 allowed click
17:10:30 allowed click
17:10:30 allowed click
17:10:30 allowed click
17:10:30 allowed click
17:10:30 allowed click
17:10:30 allowed click
17:10:30 allowed click
17:10:30 allowed click
17:10:30 allowed click
17:10:30 allowed click
17:10:30 allowed click
17:10:30 allowed click
17:10:30 allowed click
17:10:30 allowed click
17:10:30 allowed click
17:10:30 allowed click
17:10:30 allowed click
17:10:30 allowed click
17:10:30 allowed click
17:10:30 allowed click
17:10:30 allowed click
17:10:30 allowed click
17:10:30 allowed click
17:10:30 allowed click
17:10:30 allowed click
17:10:30 allowed click
17:10:30 allowed click
17:10:30 allowed click
17:10:30 allowed click
17:10:30 allowed click
17:10:30 allowed click
17:10:30 allowed click
17:10:30 allowed click
17:10:30 allowed click
17:10:30 allowed click
17:10:30 allowed click
17:10:30 allowed click
17:10:30 allowed click
17:10:30 allowed click
17:10:30 allowed click
17:10:30 allowed click
17:10:30 allowed click
17:10:30 allowed click
17:10:30 allowed click
17:10:30 allowed click
17:10:30 allowed click
17:10:30 allowed click
17:10:30 allowed click
17:10:30 allowed click
17:10:30 allowed click
17:10:30 allowed click
17:10:30 allowed click
17:10:30 allowed click
17:10:30 allowed click
17:10:30 allowed click
17:10:30 allowed click
17:10:30 allowed click
17:10:30 allowed click
17:10:30 allowed click
17:10:30 allowed click
17:10:30 allowed click
17:10:30 allowed click
17:10:30 allowed click
17:10:30 allowed click
17:10:30 allowed click
17:10:30 allowed click
17:10:30 allowed click
17:10:30 allowed click
17:10:30 allowed click
17:10:30 allowed click
17:10:30 allowed click
17:10:30 allowed click
17:10:30 allowed click
17:10:30 allowed click
17:10:31 allowed click
17:10:31 allowed click
17:10:31 allowed click
17:10:31 allowed click
17:10:31 allowed click
17:10:31 allowed click
17:10:31 allowed click
17:10:31 allowed click
17:10:31 allowed click
17:10:31 allowed click
17:10:31 allowed click
17:10:31 allowed click
17:10:31 allowed click
17:10:31 allowed click
17:10:31 allowed click
17:10:31 allowed click
17:10:31 allowed click
17:10:31 allowed click
17:10:31 allowed click
17:10:31 allowed click
17:10:31 allowed click
17:10:31 allowed click
17:10:31 allowed click
17:10:31 allowed click
17:10:31 allowed click
17:10:31 allowed click
17:10:31 allowed click
17:10:31 allowed click
17:10:31 allowed click
17:10:31 allowed click
17:10:31 allowed click
17:10:31 allowed click
17:10:31 allowed click
17:10:31 allowed click
17:10:31 allowed click
17:10:31 allowed click
17:10:31 allowed click
17:10:31 allowed click
17:10:31 allowed click
17:10:31 allowed click
17:10:31 allowed click
17:10:31 allowed click
17:10:31 allowed click
17:10:31 allowed click
17:10:31 allowed click
17:10:31 allowed click
17:10:31 allowed click
17:10:31 allowed click
17:10:31 allowed click
17:10:31 allowed click
17:10:31 allowed click
17:10:31 allowed click
17:10:31 allowed click
17:10:31 allowed click
17:10:31 allowed click
17:10:31 allowed click
17:10:31 allowed click
17:10:31 allowed click
17:10:31 allowed click
17:10:31 allowed click
17:10:31 allowed click
17:10:31 allowed click
17:10:31 allowed click
17:10:31 allowed click
17:10:31 allowed click
17:10:31 allowed click
17:10:31 allowed click
17:10:31 allowed click
17:10:31 allowed click
17:10:31 allowed click
17:10:31 allowed click
17:10:31 allowed click
18:30:34 allowed click
18:30:34 allowed click
18:30:34 allowed click
18:30:34 allowed click
18:30:35 allowed click
18:30:35 allowed click
18:30:35 allowed click
18:30:35 allowed click
18:30:35 allowed click
18:30:35 allowed click
18:30:35 allowed click
18:30:35 allowed click
18:30:35 allowed click
18:30:35 allowed click
18:30:35 allowed click
18:30:35 allowed click
18:30:35 allowed click
18:30:35 allowed click
18:30:35 allowed click
18:30:35 allowed click
18:30:35 allowed click
18:30:35 allowed click
18:30:35 allowed click
18:30:35 allowed click
18:30:35 allowed click
18:30:35 allowed click
18:30:35 allowed click
18:30:35 allowed click
18:30:35 allowed click
18:30:35 allowed click
18:30:35 allowed click
18:30:35 allowed click
18:30:35 allowed click
18:30:35 allowed click
18:30:35 allowed click
18:30:35 allowed click
18:30:35 allowed click
18:30:35 allowed click
18:30:35 allowed click
18:30:35 allowed click
18:30:35 allowed click
18:30:35 allowed click
18:30:35 allowed click
18:30:35 allowed click
18:30:35 allowed click
18:30:35 allowed click
18:30:35 allowed click
18:30:35 allowed click
18:30:38 
18:30:38 blocked link because:
18:30:38 isNotInSignAndOnSlot
18:30:38 
18:30:38 
18:30:38 blocked link because:
18:30:38 isNotInSignAndOnSlot
18:30:38 
18:30:38 allowed click
18:30:38 allowed click
18:30:38 allowed click
18:30:38 allowed click
18:30:38 allowed click
18:30:38 allowed click
18:30:38 allowed click
18:30:38 allowed click
18:30:38 allowed click
18:30:38 allowed click
18:30:38 allowed click
18:30:38 allowed click
18:30:38 allowed click
18:30:38 allowed click
18:30:38 allowed click
18:30:38 allowed click
18:30:38 allowed click
18:30:38 allowed click
18:30:38 allowed click
18:30:38 allowed click
18:30:38 allowed click
18:30:38 allowed click
18:30:38 allowed click
18:30:38 allowed click
18:30:38 allowed click
18:30:38 allowed click
18:30:38 allowed click
18:30:38 allowed click
18:30:38 allowed click
18:30:38 allowed click
18:30:38 allowed click
18:30:38 allowed click
18:30:38 allowed click
18:30:38 allowed click
18:30:38 allowed click
18:30:38 allowed click
18:30:38 allowed click
18:30:38 allowed click
18:30:38 allowed click
18:30:38 allowed click
18:30:38 allowed click
18:30:38 allowed click
18:30:38 allowed click
18:30:38 allowed click
18:30:38 allowed click
18:30:38 allowed click
18:30:38 allowed click
18:30:38 allowed click
18:30:38 allowed click
18:30:38 allowed click
18:30:38 allowed click
18:30:38 allowed click
18:30:38 allowed click
18:30:38 allowed click
18:30:38 allowed click
18:30:38 allowed click
18:30:38 allowed click
18:30:38 allowed click
18:30:38 allowed click
18:30:38 allowed click
18:30:38 allowed click
18:30:38 allowed click
18:30:38 allowed click
18:30:38 allowed click
18:30:38 allowed click
18:30:38 allowed click
18:30:38 allowed click
18:30:38 allowed click
18:30:38 allowed click
18:30:38 allowed click
18:30:38 allowed click
18:30:38 allowed click
18:30:38 allowed click
18:30:38 allowed click
18:30:38 allowed click
18:30:38 allowed click
18:30:47 
18:30:47 blocked link because:
18:30:47 isNotInSignAndOnSlot
18:30:47 
18:30:47 
18:30:47 blocked link because:
18:30:47 isNotInSignAndOnSlot
18:30:47 
18:30:47 allowed click
18:30:47 allowed click
18:30:47 allowed click
18:30:47 allowed click
18:30:47 allowed click
18:30:47 allowed click
18:30:47 allowed click
18:30:47 allowed click
18:30:47 allowed click
18:30:47 allowed click
18:30:47 allowed click
18:30:47 allowed click
18:30:47 allowed click
18:30:47 allowed click
18:30:47 allowed click
18:30:47 allowed click
18:30:47 allowed click
18:30:47 allowed click
18:30:47 allowed click
18:30:47 allowed click
18:30:48 allowed click
18:30:48 allowed click
18:30:48 allowed click
18:30:48 allowed click
18:30:48 allowed click
18:30:48 allowed click
18:30:48 allowed click
18:30:48 allowed click
18:30:48 allowed click
18:30:48 allowed click
18:30:48 allowed click
18:30:48 allowed click
18:30:48 allowed click
18:30:48 allowed click
18:30:48 allowed click
18:30:48 allowed click
18:30:48 allowed click
18:30:48 allowed click
18:30:48 allowed click
18:30:48 allowed click
18:30:48 allowed click
18:30:48 allowed click
18:30:48 allowed click
18:30:48 allowed click
18:30:48 allowed click
18:30:48 allowed click
18:30:48 allowed click
18:30:48 allowed click
18:30:48 allowed click
18:30:48 allowed click
18:30:48 allowed click
18:30:48 allowed click
18:30:48 allowed click
18:30:48 allowed click
18:30:48 allowed click
18:30:48 allowed click
18:30:48 allowed click
18:30:48 allowed click
18:30:48 allowed click
18:30:48 allowed click
18:30:48 allowed click
18:30:48 allowed click
18:30:48 allowed click
18:30:48 allowed click
18:30:48 allowed click
18:30:48 allowed click
18:30:48 allowed click
18:30:48 allowed click
18:30:48 allowed click
18:30:48 allowed click
18:30:48 allowed click
18:30:48 allowed click
18:30:48 allowed click
18:30:48 allowed click
18:30:48 allowed click
18:30:48 allowed click
18:30:48 allowed click
18:30:48 allowed click
18:30:48 allowed click
18:30:48 allowed click
18:30:48 allowed click
18:30:48 allowed click
18:30:48 allowed click
18:30:48 allowed click
18:30:48 allowed click
18:30:48 allowed click
18:30:48 allowed click
18:30:48 allowed click
18:30:48 allowed click
18:30:48 allowed click
18:30:48 allowed click
18:30:48 allowed click
18:30:48 allowed click
18:30:48 allowed click
18:30:48 allowed click
18:30:48 allowed click
18:30:48 allowed click
18:30:48 allowed click
18:30:48 allowed click
18:30:48 allowed click
18:30:48 allowed click
18:30:48 allowed click
18:30:48 allowed click
18:30:48 allowed click
18:30:48 allowed click
18:30:48 allowed click
18:30:48 allowed click
18:30:48 allowed click
18:30:48 allowed click
18:30:48 allowed click
18:30:48 allowed click
18:30:48 allowed click
18:30:48 allowed click
18:30:48 allowed click
18:30:48 allowed click
18:30:48 allowed click
18:30:48 allowed click
18:30:48 allowed click
18:30:48 allowed click
18:30:48 allowed click
18:30:48 allowed click
18:30:48 allowed click
18:30:48 allowed click
18:30:48 allowed click
18:30:48 allowed click
18:30:48 allowed click
18:30:48 allowed click
18:30:48 allowed click
18:30:48 allowed click
18:30:48 allowed click
18:30:48 allowed click
18:30:48 allowed click
18:30:48 allowed click
18:30:48 allowed click
18:30:48 allowed click
18:30:48 allowed click
18:30:48 allowed click
18:30:48 allowed click
18:30:48 allowed click
18:30:48 allowed click
18:30:48 allowed click
18:30:48 allowed click
18:30:48 allowed click
18:30:48 allowed click
18:30:48 allowed click
18:30:48 allowed click
18:30:48 allowed click
18:30:48 allowed click
18:30:48 allowed click
18:30:48 allowed click
18:30:48 allowed click
18:30:48 allowed click
18:30:48 allowed click
18:30:48 allowed click
18:30:48 allowed click
18:30:48 allowed click
18:30:48 allowed click
18:30:48 allowed click
18:30:48 allowed click
18:30:48 allowed click
18:30:48 allowed click
18:30:48 allowed click
18:30:48 allowed click
18:30:48 allowed click
18:30:48 allowed click
18:30:48 allowed click
18:30:48 allowed click
18:30:48 allowed click
18:30:48 allowed click
18:30:48 allowed click
18:30:48 allowed click
18:30:48 allowed click
18:30:48 allowed click
18:30:48 allowed click
18:30:48 allowed click
18:30:48 allowed click
18:30:48 allowed click
18:30:48 allowed click
18:30:48 allowed click
18:30:48 allowed click
18:30:48 allowed click
18:30:48 allowed click
18:30:48 allowed click
18:30:48 allowed click
18:30:48 allowed click
18:30:48 allowed click
18:30:48 allowed click
18:30:48 allowed click
18:30:48 allowed click
18:30:48 allowed click
18:30:48 allowed click
18:30:48 allowed click
18:30:48 allowed click
18:30:48 allowed click
18:30:48 allowed click
18:30:48 allowed click
18:30:48 allowed click
18:30:48 allowed click
18:30:48 allowed click
18:30:48 allowed click
18:30:48 allowed click
18:30:48 allowed click
18:30:48 allowed click
18:30:48 allowed click
18:30:48 allowed click
18:30:48 allowed click
18:30:48 allowed click
18:30:48 allowed click
18:30:48 allowed click
18:30:48 allowed click
18:30:48 allowed click
18:30:48 allowed click
18:30:48 allowed click
18:30:48 allowed click
18:30:48 allowed click
18:30:48 allowed click
18:30:48 allowed click
18:30:48 allowed click
18:30:48 allowed click
18:30:48 allowed click
18:30:48 allowed click
18:30:48 allowed click
18:30:48 allowed click
18:30:48 allowed click
18:30:48 allowed click
18:30:48 allowed click
18:30:48 allowed click
18:30:48 allowed click
18:30:48 allowed click
18:30:49 allowed click
18:30:49 allowed click
18:30:49 allowed click
18:30:49 allowed click
18:30:49 allowed click
18:30:49 allowed click
18:30:49 allowed click
18:30:49 allowed click
18:30:49 allowed click
18:30:49 allowed click
18:30:49 allowed click
18:30:49 allowed click
18:30:49 allowed click
18:30:49 allowed click
18:30:49 allowed click
18:30:49 allowed click
18:30:49 allowed click
18:30:49 allowed click
18:30:49 allowed click
18:30:49 allowed click
18:30:49 allowed click
18:30:49 allowed click
18:30:49 allowed click
18:30:49 allowed click
18:30:49 allowed click
18:30:49 allowed click
18:30:49 allowed click
18:30:49 allowed click
18:30:49 allowed click
18:30:49 allowed click
18:30:49 allowed click
18:30:49 allowed click
18:30:49 allowed click
18:30:49 allowed click
18:30:49 allowed click
18:30:49 allowed click
18:30:49 allowed click
18:30:49 allowed click
18:30:49 allowed click
18:30:49 allowed click
18:30:49 allowed click
18:30:49 allowed click
18:30:49 allowed click
18:30:49 allowed click
18:30:49 allowed click
18:30:49 allowed click
18:30:49 allowed click
18:30:49 allowed click
18:30:49 allowed click
18:30:49 allowed click
18:30:49 allowed click
18:30:49 allowed click
18:30:49 allowed click
18:30:49 allowed click
18:30:49 allowed click
18:30:49 allowed click
18:30:49 allowed click
18:30:49 allowed click
18:30:49 allowed click
18:30:49 allowed click
18:30:49 allowed click
18:30:49 allowed click
18:30:49 allowed click
18:30:49 allowed click
18:30:49 allowed click
18:30:49 allowed click
18:30:49 allowed click
18:30:49 allowed click
18:30:49 allowed click
18:30:49 allowed click
18:30:49 allowed click
18:30:49 allowed click
18:30:49 allowed click
18:30:49 allowed click
18:30:49 allowed click
18:30:49 allowed click
18:30:49 allowed click
18:30:49 allowed click
18:30:49 allowed click
18:30:49 allowed click
18:30:49 allowed click
18:30:49 allowed click
18:30:49 allowed click
18:30:49 allowed click
18:30:49 allowed click
18:30:49 allowed click
18:30:49 allowed click
