23:36:21 PRIVATE_ISLAND
00:09:53 NONE
00:09:53 DUNGEON_HUB
00:10:06 NONE
00:10:07 CATACOMBS
00:21:38 NONE
00:21:39 DUNGEON_HUB
00:21:42 NONE
00:21:43 HUB
00:22:29 NONE
00:22:29 DUNGEON_HUB
00:22:42 NONE
00:22:42 CATACOMBS
00:23:00 NONE
00:23:00 DUNGEON_HUB
00:23:23 NONE
00:23:23 CATACOMBS
00:27:56 NONE
00:27:56 DUNGEON_HUB
00:29:41 NONE
00:29:41 CATACOMBS
00:31:49 NONE
00:31:50 DUNGEON_HUB
00:32:03 NONE
00:32:03 CATACOMBS
00:33:59 NONE
00:33:59 DUNGEON_HUB
00:34:07 NONE
00:34:07 CATACOMBS
00:37:29 NONE
00:37:30 DUNGEON_HUB
00:37:47 NONE
00:37:47 CATACOMBS
00:40:01 NONE
00:40:02 DUNGEON_HUB
00:40:12 NONE
00:40:12 CATACOMBS
00:46:52 NONE
00:46:53 DUNGEON_HUB
00:47:34 NONE
00:47:34 CATACOMBS
01:49:29 NONE
01:49:29 DUNGEON_HUB
