11:28:42 HUB
11:29:15 NONE
11:29:16 DUNGEON_HUB
11:32:39 NONE
11:32:40 DUNGEON_HUB
11:32:50 NONE
11:32:51 THE_RIFT
11:35:38 NONE
11:35:39 HUB
11:35:46 NONE
11:35:47 CRIMSON_ISLE
11:47:50 NONE
11:47:52 GARDEN
11:57:12 PRIVATE_ISLAND_GUEST
11:57:21 DWARVEN_MINES
12:03:44 NONE
12:03:44 PRIVATE_ISLAND
12:09:26 NONE
12:09:27 CRIMSON_ISLE
13:19:12 NONE
13:19:12 PRIVATE_ISLAND
13:20:10 NONE
13:20:10 CRIMSON_ISLE
13:25:45 NONE
13:25:45 DUNGEON_HUB
13:30:35 NONE
13:30:36 CATACOMBS
13:33:41 NONE
13:33:41 CATACOMBS
13:36:55 NONE
13:36:56 CATACOMBS
13:39:46 NONE
13:39:48 CATACOMBS
13:42:25 NONE
13:42:26 CATACOMBS
13:45:05 NONE
13:45:06 CATACOMBS
13:48:02 CATACOMBS
13:51:01 NONE
13:51:01 DUNGEON_HUB
13:54:16 NONE
13:54:16 CATACOMBS
13:57:58 NONE
13:57:59 DUNGEON_HUB
13:58:41 NONE
13:58:41 CATACOMBS
14:01:51 NONE
14:01:51 CATACOMBS
14:05:42 DUNGEON_HUB
14:06:12 NONE
14:06:13 CATACOMBS
14:09:19 NONE
14:09:19 DUNGEON_HUB
14:10:37 NONE
14:10:42 CATACOMBS
14:11:34 NONE
14:11:34 DUNGEON_HUB
14:11:44 NONE
14:11:44 CATACOMBS
14:15:50 NONE
14:15:52 CATACOMBS
14:19:06 NONE
14:19:07 CATACOMBS
14:22:14 NONE
14:22:14 CATACOMBS
14:22:33 NONE
14:22:33 DUNGEON_HUB
14:23:02 NONE
14:23:02 CATACOMBS
14:26:37 NONE
14:26:37 CATACOMBS
14:29:59 NONE
14:29:59 CATACOMBS
14:32:59 NONE
14:33:00 CATACOMBS
14:36:09 CATACOMBS
14:39:21 NONE
14:39:21 CATACOMBS
14:42:33 NONE
14:42:33 CATACOMBS
14:45:31 CATACOMBS
14:48:39 NONE
14:48:39 CATACOMBS
14:51:56 NONE
14:51:56 DUNGEON_HUB
15:04:10 NONE
15:04:10 HUB
15:07:21 NONE
15:07:23 PRIVATE_ISLAND
15:14:50 NONE
15:14:50 GARDEN
