11:46:55 
11:46:55 blocked link because:
11:46:55 isNotInSignAndOnSlot
11:46:55 
11:46:55 
11:46:55 blocked link because:
11:46:55 isNotInSignAndOnSlot
11:46:55 
11:46:55 allowed click
11:46:55 allowed click
11:46:55 allowed click
11:46:55 allowed click
11:46:55 allowed click
11:46:55 allowed click
11:46:55 allowed click
11:46:55 allowed click
11:46:55 allowed click
11:46:55 allowed click
11:46:55 allowed click
11:46:55 allowed click
11:46:55 allowed click
11:46:55 allowed click
11:46:55 allowed click
11:46:55 allowed click
11:46:56 allowed click
11:46:56 allowed click
11:46:56 allowed click
11:46:56 allowed click
11:46:56 allowed click
11:46:56 allowed click
11:46:56 allowed click
11:46:56 allowed click
11:46:56 allowed click
11:46:56 allowed click
11:46:56 allowed click
11:46:56 allowed click
11:46:56 allowed click
11:46:56 allowed click
11:46:56 allowed click
11:46:56 allowed click
11:46:56 allowed click
11:46:56 allowed click
11:46:56 allowed click
11:46:56 allowed click
11:46:56 allowed click
11:46:56 allowed click
11:46:56 allowed click
11:46:56 allowed click
11:46:56 allowed click
11:46:56 allowed click
11:46:56 allowed click
11:46:56 allowed click
11:46:56 allowed click
11:46:56 allowed click
11:46:56 allowed click
11:46:56 allowed click
11:46:56 allowed click
11:46:56 allowed click
11:46:56 allowed click
11:46:56 allowed click
11:46:56 allowed click
11:46:56 allowed click
11:46:56 allowed click
11:46:56 allowed click
11:46:56 allowed click
11:46:56 allowed click
11:46:56 allowed click
11:46:56 allowed click
11:46:56 allowed click
11:46:56 allowed click
11:46:56 allowed click
11:46:56 allowed click
11:46:56 allowed click
11:46:56 allowed click
11:46:56 allowed click
11:46:56 allowed click
11:46:56 allowed click
11:46:56 allowed click
11:46:56 allowed click
11:46:56 allowed click
11:46:56 allowed click
11:46:56 allowed click
11:46:56 allowed click
11:46:56 allowed click
11:46:56 allowed click
11:46:56 allowed click
11:46:56 allowed click
11:46:56 allowed click
11:46:56 allowed click
11:46:56 allowed click
11:46:56 allowed click
11:46:56 allowed click
11:46:56 allowed click
11:46:56 allowed click
11:46:56 allowed click
11:46:56 allowed click
11:46:56 allowed click
11:46:56 allowed click
11:46:56 allowed click
11:46:56 allowed click
11:46:56 allowed click
11:46:56 allowed click
11:46:56 allowed click
11:46:56 allowed click
11:46:56 allowed click
11:46:56 allowed click
11:46:56 allowed click
11:46:56 allowed click
11:46:56 allowed click
11:46:56 allowed click
11:46:56 allowed click
11:46:56 allowed click
11:46:56 allowed click
11:46:56 allowed click
11:46:56 allowed click
11:46:56 allowed click
11:46:56 allowed click
11:46:56 allowed click
11:46:56 allowed click
11:46:56 allowed click
11:46:56 allowed click
11:46:56 allowed click
11:46:56 allowed click
11:46:56 allowed click
11:46:56 allowed click
11:46:56 allowed click
11:46:56 allowed click
11:46:56 allowed click
11:46:56 allowed click
11:46:56 allowed click
11:46:56 allowed click
11:46:56 allowed click
11:46:56 allowed click
11:46:56 allowed click
11:46:56 allowed click
11:46:56 allowed click
11:46:56 allowed click
11:46:56 allowed click
11:46:56 allowed click
11:46:56 allowed click
11:46:56 allowed click
11:46:56 allowed click
11:46:56 allowed click
11:46:56 allowed click
11:46:56 allowed click
11:46:56 allowed click
11:46:56 allowed click
11:46:56 allowed click
11:56:56 
11:56:56 blocked link because:
11:56:56 isNotInSignAndOnSlot
11:56:56 
11:56:57 
11:56:57 blocked link because:
11:56:57 isNotInSignAndOnSlot
11:56:57 
11:56:57 allowed click
11:56:57 allowed click
11:56:57 allowed click
11:56:57 allowed click
11:56:57 allowed click
11:56:57 allowed click
11:56:57 allowed click
11:56:57 allowed click
11:56:57 allowed click
11:56:57 allowed click
11:56:57 allowed click
11:56:57 allowed click
11:56:57 allowed click
11:56:57 allowed click
11:56:57 allowed click
11:56:57 allowed click
11:56:57 allowed click
11:56:57 allowed click
11:56:57 allowed click
11:56:57 allowed click
11:56:57 allowed click
11:56:57 allowed click
11:56:57 allowed click
11:56:57 allowed click
11:56:57 allowed click
11:56:57 allowed click
11:56:57 allowed click
11:56:57 allowed click
11:56:57 allowed click
11:56:57 allowed click
11:56:57 allowed click
11:56:57 allowed click
11:56:57 allowed click
11:56:57 allowed click
11:56:57 allowed click
11:56:57 allowed click
11:56:57 allowed click
11:56:57 allowed click
11:56:57 allowed click
11:56:57 allowed click
11:56:57 allowed click
11:56:57 allowed click
11:56:57 allowed click
11:56:57 allowed click
11:56:57 allowed click
11:56:57 allowed click
11:56:57 allowed click
11:56:57 allowed click
11:56:57 allowed click
11:56:57 allowed click
11:56:57 allowed click
11:56:57 allowed click
11:56:57 allowed click
11:56:57 allowed click
11:56:57 allowed click
11:56:57 allowed click
11:56:57 allowed click
11:56:57 allowed click
11:56:57 allowed click
11:56:57 allowed click
11:56:57 allowed click
11:56:57 allowed click
11:56:57 allowed click
11:56:57 allowed click
11:56:57 allowed click
11:56:57 allowed click
11:56:57 allowed click
11:56:57 allowed click
11:56:57 allowed click
11:56:57 allowed click
11:56:57 allowed click
11:56:57 allowed click
11:56:57 allowed click
11:56:57 allowed click
11:56:57 allowed click
11:56:57 allowed click
11:56:57 allowed click
11:56:57 allowed click
11:56:57 allowed click
11:56:57 allowed click
11:56:57 allowed click
11:56:57 allowed click
11:56:57 allowed click
11:56:57 allowed click
11:56:57 allowed click
11:56:57 allowed click
11:56:57 allowed click
11:56:57 allowed click
11:56:57 allowed click
11:56:57 allowed click
11:56:57 allowed click
11:56:57 allowed click
11:56:57 allowed click
11:56:57 allowed click
11:56:57 allowed click
11:56:57 allowed click
11:56:57 allowed click
11:56:57 allowed click
11:56:57 allowed click
11:56:57 allowed click
12:09:28 allowed click
12:09:28 allowed click
12:09:28 allowed click
12:09:28 allowed click
12:09:28 allowed click
12:09:28 allowed click
12:09:28 allowed click
12:09:28 allowed click
12:09:28 allowed click
12:09:28 allowed click
12:09:28 allowed click
12:09:28 allowed click
12:09:28 allowed click
12:09:28 allowed click
12:09:28 allowed click
12:09:28 allowed click
12:09:28 allowed click
12:09:28 allowed click
12:09:28 allowed click
12:09:28 allowed click
12:09:28 allowed click
12:09:28 allowed click
12:09:28 allowed click
12:09:28 allowed click
12:09:28 allowed click
12:09:28 allowed click
12:09:28 allowed click
12:09:28 allowed click
12:09:28 allowed click
12:09:28 allowed click
12:09:28 allowed click
12:09:28 allowed click
12:09:28 allowed click
12:09:28 allowed click
12:09:28 allowed click
12:09:28 allowed click
12:09:28 allowed click
12:09:28 allowed click
12:09:28 allowed click
12:09:28 allowed click
12:09:28 allowed click
12:09:28 allowed click
12:09:28 allowed click
12:09:28 allowed click
12:09:28 allowed click
12:09:28 allowed click
12:09:28 allowed click
12:09:28 allowed click
12:09:28 allowed click
12:09:28 allowed click
12:09:28 allowed click
12:09:28 allowed click
12:09:28 allowed click
12:09:28 allowed click
12:09:28 allowed click
12:09:28 allowed click
12:09:28 allowed click
12:09:28 allowed click
12:09:28 allowed click
12:09:28 allowed click
12:09:28 allowed click
12:09:28 allowed click
12:09:28 allowed click
12:09:28 allowed click
12:09:28 allowed click
12:09:28 allowed click
12:09:28 allowed click
12:09:28 allowed click
12:09:28 allowed click
12:09:28 allowed click
12:09:28 allowed click
12:09:28 allowed click
12:09:28 allowed click
12:09:28 allowed click
12:09:28 allowed click
12:09:28 allowed click
12:09:28 allowed click
12:09:28 allowed click
12:09:28 allowed click
12:09:28 allowed click
12:09:29 allowed click
12:09:29 allowed click
12:09:29 allowed click
12:09:29 allowed click
12:09:29 allowed click
12:09:29 allowed click
12:09:29 allowed click
12:09:29 allowed click
12:09:29 allowed click
12:09:29 allowed click
12:09:29 allowed click
12:09:29 allowed click
12:09:29 allowed click
12:09:29 allowed click
12:09:29 allowed click
12:09:29 allowed click
12:09:29 allowed click
12:09:29 allowed click
12:09:29 allowed click
12:09:29 allowed click
12:09:29 allowed click
12:09:29 allowed click
12:09:29 allowed click
12:09:29 allowed click
12:09:29 allowed click
12:09:29 allowed click
12:09:29 allowed click
12:09:29 allowed click
12:09:29 allowed click
12:09:29 allowed click
12:09:29 allowed click
12:09:29 allowed click
12:09:29 allowed click
12:09:29 allowed click
12:09:29 allowed click
12:09:29 allowed click
12:09:29 allowed click
12:09:29 allowed click
12:09:29 allowed click
12:09:29 allowed click
12:09:29 allowed click
12:09:29 allowed click
12:09:29 allowed click
12:09:29 allowed click
12:09:29 allowed click
12:09:29 allowed click
12:09:29 allowed click
12:09:29 allowed click
12:09:29 allowed click
12:09:29 allowed click
12:09:29 allowed click
12:09:29 allowed click
12:09:29 allowed click
12:09:29 allowed click
12:09:29 allowed click
12:09:29 allowed click
12:09:29 allowed click
12:09:29 allowed click
12:09:29 allowed click
12:09:29 allowed click
12:09:29 allowed click
12:09:29 allowed click
12:09:29 allowed click
12:09:29 allowed click
12:09:29 allowed click
12:09:29 allowed click
12:09:29 allowed click
12:09:29 allowed click
12:09:29 allowed click
12:09:29 allowed click
12:09:29 allowed click
12:09:29 allowed click
12:09:29 allowed click
12:09:29 allowed click
12:09:29 allowed click
12:09:29 allowed click
12:09:29 allowed click
12:09:29 allowed click
12:09:29 allowed click
12:09:29 allowed click
12:09:29 allowed click
12:09:29 allowed click
12:09:29 allowed click
12:09:29 allowed click
12:09:29 allowed click
12:09:29 allowed click
12:09:29 allowed click
12:09:29 allowed click
12:09:29 allowed click
12:09:29 allowed click
12:09:29 allowed click
12:09:29 allowed click
12:09:29 allowed click
12:09:29 allowed click
12:09:29 allowed click
12:09:29 allowed click
12:09:29 allowed click
12:09:29 allowed click
12:09:29 allowed click
12:09:29 allowed click
12:09:29 allowed click
12:09:29 allowed click
12:09:29 allowed click
12:09:29 allowed click
12:09:29 allowed click
12:09:29 allowed click
12:09:29 allowed click
12:09:29 allowed click
12:09:29 allowed click
12:09:29 allowed click
12:09:29 allowed click
12:09:29 allowed click
12:09:29 allowed click
12:09:29 allowed click
12:09:29 allowed click
12:09:29 allowed click
12:09:29 allowed click
12:09:29 allowed click
12:09:29 allowed click
12:09:29 allowed click
12:09:29 allowed click
12:09:29 allowed click
12:09:29 allowed click
12:09:29 allowed click
12:09:29 allowed click
12:09:29 allowed click
12:09:29 allowed click
12:09:29 allowed click
12:09:29 allowed click
12:09:29 allowed click
12:09:29 allowed click
12:09:29 allowed click
12:09:29 allowed click
12:09:29 allowed click
12:09:29 allowed click
12:09:29 allowed click
12:09:29 allowed click
12:09:29 allowed click
12:09:29 allowed click
12:09:29 allowed click
12:09:29 allowed click
12:09:29 allowed click
12:09:29 allowed click
12:09:29 allowed click
12:09:29 allowed click
12:09:29 allowed click
12:09:29 allowed click
12:09:29 allowed click
12:09:29 allowed click
12:09:29 allowed click
12:09:29 allowed click
12:09:29 allowed click
12:09:29 allowed click
12:09:29 allowed click
12:09:29 allowed click
12:09:29 allowed click
12:09:29 allowed click
12:09:29 allowed click
12:09:29 allowed click
12:09:29 allowed click
12:09:29 allowed click
12:09:29 allowed click
12:09:29 allowed click
12:09:29 allowed click
12:09:29 allowed click
12:09:29 allowed click
12:09:29 allowed click
12:09:29 allowed click
12:09:29 allowed click
12:09:29 allowed click
12:09:29 allowed click
12:09:29 allowed click
12:09:29 allowed click
12:09:29 allowed click
12:09:29 allowed click
12:09:29 allowed click
12:09:29 allowed click
12:09:29 allowed click
12:09:29 allowed click
12:09:29 allowed click
12:09:29 allowed click
12:09:29 allowed click
12:09:29 allowed click
12:09:29 allowed click
12:09:29 allowed click
12:09:29 allowed click
12:09:29 allowed click
12:09:29 allowed click
12:09:29 allowed click
12:09:29 allowed click
12:09:29 allowed click
12:09:29 allowed click
12:09:29 allowed click
12:09:29 allowed click
12:09:29 allowed click
12:09:29 allowed click
12:09:29 allowed click
12:09:29 allowed click
12:09:29 allowed click
12:09:29 allowed click
12:09:29 allowed click
12:09:29 allowed click
12:09:29 allowed click
12:09:29 allowed click
12:09:29 allowed click
12:09:29 allowed click
12:09:29 allowed click
12:09:29 allowed click
12:09:29 allowed click
12:09:29 allowed click
12:09:29 allowed click
12:09:29 allowed click
12:09:29 allowed click
12:09:29 allowed click
12:09:29 allowed click
12:09:29 allowed click
12:09:29 allowed click
12:09:29 allowed click
12:09:29 allowed click
12:09:29 allowed click
12:09:29 allowed click
12:09:29 allowed click
12:09:29 allowed click
12:09:29 allowed click
12:09:29 allowed click
12:09:29 allowed click
12:09:29 allowed click
12:09:29 allowed click
12:09:29 allowed click
12:09:29 allowed click
12:09:29 allowed click
12:09:29 allowed click
12:09:29 allowed click
12:09:29 allowed click
12:09:29 allowed click
12:09:29 allowed click
12:09:30 allowed click
12:09:30 allowed click
12:09:30 allowed click
12:09:30 allowed click
12:09:30 allowed click
12:09:30 allowed click
12:09:30 allowed click
12:09:30 allowed click
12:09:30 allowed click
12:09:30 allowed click
12:09:30 allowed click
12:09:30 allowed click
12:09:30 allowed click
12:09:30 allowed click
12:09:30 allowed click
12:09:30 allowed click
12:09:30 allowed click
12:09:30 allowed click
12:09:30 allowed click
12:09:30 allowed click
12:09:30 allowed click
12:09:30 allowed click
12:09:30 allowed click
12:09:30 allowed click
12:09:30 allowed click
12:09:30 allowed click
12:09:30 allowed click
12:09:30 allowed click
12:09:30 allowed click
12:09:30 allowed click
12:09:30 allowed click
12:09:30 allowed click
12:09:30 allowed click
12:09:30 allowed click
12:09:30 allowed click
12:09:30 allowed click
12:09:30 allowed click
12:09:30 allowed click
12:09:30 allowed click
12:09:30 allowed click
12:09:30 allowed click
12:09:30 allowed click
12:09:30 allowed click
12:09:30 allowed click
12:09:30 allowed click
12:09:30 allowed click
12:09:30 allowed click
12:09:30 allowed click
12:09:30 allowed click
12:09:30 allowed click
12:09:30 allowed click
12:09:30 allowed click
12:09:30 allowed click
12:09:30 allowed click
12:09:30 allowed click
12:09:30 allowed click
12:09:30 allowed click
12:09:30 allowed click
12:09:30 allowed click
12:09:30 allowed click
12:09:30 allowed click
12:09:30 allowed click
12:09:30 allowed click
12:09:30 allowed click
12:09:30 allowed click
12:09:30 allowed click
12:09:30 allowed click
12:09:30 allowed click
12:09:30 allowed click
12:09:30 allowed click
12:09:30 allowed click
12:09:30 allowed click
12:09:30 allowed click
12:09:30 allowed click
12:09:30 allowed click
12:09:30 allowed click
12:09:30 allowed click
12:09:30 allowed click
12:09:30 allowed click
12:09:30 allowed click
12:09:30 allowed click
12:09:30 allowed click
12:09:30 allowed click
12:09:30 allowed click
12:09:30 allowed click
12:09:30 allowed click
12:09:30 allowed click
12:09:30 allowed click
12:09:30 allowed click
12:09:30 allowed click
12:09:30 allowed click
12:09:30 allowed click
12:09:30 allowed click
12:09:30 allowed click
12:09:30 allowed click
12:09:30 allowed click
12:09:30 allowed click
12:09:30 allowed click
12:09:30 allowed click
12:09:30 allowed click
12:09:30 allowed click
12:09:30 allowed click
12:09:31 allowed click
12:09:31 allowed click
12:09:31 allowed click
12:09:31 allowed click
12:09:31 allowed click
12:09:31 allowed click
12:09:31 allowed click
12:09:31 allowed click
12:09:31 allowed click
12:09:31 allowed click
12:09:31 allowed click
12:09:31 allowed click
12:09:31 allowed click
12:09:31 allowed click
12:09:31 allowed click
12:09:31 allowed click
12:09:31 allowed click
12:09:31 allowed click
12:09:31 allowed click
12:09:31 allowed click
12:09:31 allowed click
12:09:31 allowed click
12:09:31 allowed click
12:09:31 allowed click
12:09:31 allowed click
12:09:31 allowed click
12:09:31 allowed click
12:09:31 allowed click
12:09:31 allowed click
12:09:31 allowed click
12:09:31 allowed click
12:09:31 allowed click
12:09:31 allowed click
12:09:31 allowed click
12:09:31 allowed click
12:09:31 allowed click
12:09:31 allowed click
12:09:31 allowed click
12:09:31 allowed click
12:09:31 allowed click
12:09:31 allowed click
12:09:31 allowed click
12:09:31 allowed click
12:09:31 allowed click
12:09:31 allowed click
12:09:31 allowed click
12:09:31 allowed click
12:09:31 allowed click
12:09:31 allowed click
12:09:31 allowed click
12:09:31 allowed click
12:09:31 allowed click
12:09:31 allowed click
12:09:31 allowed click
12:09:31 allowed click
12:09:31 allowed click
12:09:31 allowed click
12:09:31 allowed click
12:09:31 allowed click
12:09:31 allowed click
12:09:31 allowed click
12:09:31 allowed click
12:09:31 allowed click
12:09:31 allowed click
12:09:31 allowed click
12:09:31 allowed click
12:09:31 allowed click
12:09:31 allowed click
12:09:31 allowed click
12:09:31 allowed click
12:09:31 allowed click
12:09:31 allowed click
12:09:31 allowed click
12:09:31 allowed click
12:09:31 allowed click
12:09:31 allowed click
12:09:31 allowed click
12:09:31 allowed click
12:09:31 allowed click
12:09:31 allowed click
12:09:31 allowed click
12:09:31 allowed click
12:09:31 allowed click
12:09:31 allowed click
12:09:31 allowed click
12:09:31 allowed click
12:09:31 allowed click
12:09:31 allowed click
12:09:31 allowed click
12:09:31 allowed click
13:04:34 
13:04:34 blocked link because:
13:04:34 isNotInSignAndOnSlot
13:04:34 
13:04:34 
13:04:34 blocked link because:
13:04:34 isNotInSignAndOnSlot
13:04:34 
13:04:34 allowed click
13:04:34 allowed click
13:04:34 allowed click
13:04:34 allowed click
13:04:34 allowed click
13:04:34 allowed click
13:04:34 allowed click
13:04:34 allowed click
13:04:34 allowed click
13:04:34 allowed click
13:04:34 allowed click
13:04:34 allowed click
13:04:34 allowed click
13:04:34 allowed click
13:04:34 allowed click
13:04:34 allowed click
13:04:34 allowed click
13:04:34 allowed click
13:04:34 allowed click
13:04:34 allowed click
13:04:34 allowed click
13:04:34 allowed click
13:04:34 allowed click
13:04:34 allowed click
13:04:34 allowed click
13:04:34 allowed click
13:04:34 allowed click
13:04:34 allowed click
13:04:34 allowed click
13:04:34 allowed click
13:04:34 allowed click
13:04:34 allowed click
13:04:34 allowed click
13:04:34 allowed click
13:04:34 allowed click
13:04:34 allowed click
13:04:34 allowed click
13:04:34 allowed click
13:04:34 allowed click
13:04:34 allowed click
13:04:35 allowed click
13:04:35 allowed click
13:04:35 allowed click
13:04:35 allowed click
13:04:35 allowed click
13:04:35 allowed click
13:04:35 allowed click
13:04:35 allowed click
13:04:35 allowed click
13:04:35 allowed click
13:04:35 allowed click
13:04:35 allowed click
13:04:35 allowed click
13:04:35 allowed click
13:04:35 allowed click
13:04:35 allowed click
13:04:35 allowed click
13:04:35 allowed click
13:04:35 allowed click
13:04:35 allowed click
13:04:35 allowed click
13:04:35 allowed click
13:04:35 allowed click
13:04:35 allowed click
13:04:35 allowed click
13:04:35 allowed click
13:04:35 allowed click
13:04:35 allowed click
13:04:35 allowed click
13:04:35 allowed click
13:04:35 allowed click
13:04:35 allowed click
13:04:35 allowed click
13:04:35 allowed click
13:04:35 allowed click
13:04:35 allowed click
13:04:35 allowed click
13:04:35 allowed click
13:04:35 allowed click
13:04:35 allowed click
13:04:35 allowed click
13:04:35 allowed click
13:04:35 allowed click
13:04:35 allowed click
13:04:35 allowed click
13:04:35 allowed click
13:04:35 allowed click
13:04:35 allowed click
13:04:35 allowed click
13:04:35 allowed click
13:04:35 allowed click
13:04:35 allowed click
13:04:35 allowed click
13:04:35 allowed click
13:04:35 allowed click
13:04:35 allowed click
13:04:35 allowed click
13:04:35 allowed click
13:04:35 allowed click
13:04:35 allowed click
13:04:35 allowed click
13:04:35 allowed click
13:04:35 allowed click
13:04:35 allowed click
13:04:35 allowed click
13:04:35 allowed click
13:04:35 allowed click
13:04:35 allowed click
13:04:35 allowed click
13:04:35 allowed click
13:04:35 allowed click
13:04:35 allowed click
13:04:35 allowed click
13:04:35 allowed click
13:04:35 allowed click
13:04:35 allowed click
13:04:35 allowed click
13:04:35 allowed click
13:04:35 allowed click
13:04:35 allowed click
13:04:35 allowed click
13:04:35 allowed click
13:04:35 allowed click
13:04:35 allowed click
13:04:35 allowed click
13:04:35 allowed click
13:04:35 allowed click
13:04:35 allowed click
13:04:35 allowed click
13:04:35 allowed click
13:04:35 allowed click
13:04:35 allowed click
13:04:35 allowed click
13:04:35 allowed click
13:04:35 allowed click
13:04:35 allowed click
13:04:35 allowed click
13:04:35 allowed click
13:04:35 allowed click
13:04:35 allowed click
13:04:35 allowed click
13:04:35 allowed click
13:04:35 allowed click
13:04:35 allowed click
13:04:35 allowed click
13:04:35 allowed click
13:04:35 allowed click
13:04:35 allowed click
13:04:35 allowed click
13:04:35 allowed click
13:04:35 allowed click
13:04:35 allowed click
13:04:35 allowed click
13:04:35 allowed click
13:04:35 allowed click
13:04:35 allowed click
13:04:35 allowed click
13:04:35 allowed click
13:04:35 allowed click
13:04:35 allowed click
13:04:35 allowed click
13:04:35 allowed click
13:04:35 allowed click
13:04:35 allowed click
13:04:35 allowed click
13:04:35 allowed click
13:04:35 allowed click
13:04:35 allowed click
13:04:35 allowed click
13:04:35 allowed click
13:04:35 allowed click
13:04:35 allowed click
13:04:35 allowed click
13:04:35 allowed click
13:04:35 allowed click
13:04:35 allowed click
13:04:35 allowed click
13:04:35 allowed click
13:04:35 allowed click
13:04:35 allowed click
13:04:35 allowed click
13:04:35 allowed click
13:04:35 allowed click
13:04:35 allowed click
13:04:35 allowed click
13:04:35 allowed click
13:04:35 allowed click
13:04:35 allowed click
13:04:35 allowed click
13:04:35 allowed click
13:04:35 allowed click
13:04:35 allowed click
13:06:21 
13:06:21 blocked link because:
13:06:21 isNotInSignAndOnSlot
13:06:21 
13:06:21 
13:06:21 blocked link because:
13:06:21 isNotInSignAndOnSlot
13:06:21 
13:06:21 allowed click
13:06:21 allowed click
13:06:21 allowed click
13:06:21 allowed click
13:06:21 allowed click
13:06:21 allowed click
13:06:21 allowed click
13:06:21 allowed click
13:06:21 allowed click
13:06:21 allowed click
13:06:21 allowed click
13:06:21 allowed click
13:06:21 allowed click
13:06:21 allowed click
13:06:21 allowed click
13:06:21 allowed click
13:06:21 allowed click
13:06:21 allowed click
13:06:21 allowed click
13:06:21 allowed click
13:06:21 allowed click
13:06:21 allowed click
13:06:21 allowed click
13:06:21 allowed click
13:06:21 allowed click
13:06:21 allowed click
13:06:21 allowed click
13:06:21 allowed click
13:06:21 allowed click
13:06:21 allowed click
13:06:21 allowed click
13:06:21 allowed click
13:06:21 allowed click
13:06:21 allowed click
13:06:21 allowed click
13:06:21 allowed click
13:06:21 allowed click
13:06:21 allowed click
13:06:21 allowed click
13:06:21 allowed click
13:06:21 allowed click
13:06:21 allowed click
13:06:21 allowed click
13:06:21 allowed click
13:06:21 allowed click
13:06:21 allowed click
13:06:21 allowed click
13:06:21 allowed click
13:06:22 allowed click
13:06:22 allowed click
13:06:22 allowed click
13:06:22 allowed click
13:06:22 allowed click
13:06:22 allowed click
13:06:22 allowed click
13:06:22 allowed click
13:06:22 allowed click
13:06:22 allowed click
13:06:22 allowed click
13:06:22 allowed click
13:06:22 allowed click
13:06:22 allowed click
13:06:22 allowed click
13:06:22 allowed click
13:06:22 allowed click
13:06:22 allowed click
13:06:22 allowed click
13:06:22 allowed click
13:06:22 allowed click
13:06:22 allowed click
13:06:22 allowed click
13:06:22 allowed click
13:06:22 allowed click
13:06:22 allowed click
13:06:22 allowed click
13:06:22 allowed click
13:06:22 allowed click
13:06:22 allowed click
13:06:22 allowed click
13:06:22 allowed click
13:06:22 allowed click
13:06:22 allowed click
13:06:22 allowed click
13:06:22 allowed click
13:06:22 allowed click
13:06:22 allowed click
13:06:22 allowed click
13:06:22 allowed click
13:06:22 allowed click
13:06:22 allowed click
13:06:22 allowed click
13:06:22 allowed click
13:06:22 allowed click
13:06:22 allowed click
13:06:22 allowed click
13:06:22 allowed click
13:06:22 allowed click
13:06:22 allowed click
13:06:22 allowed click
13:06:22 allowed click
13:06:22 allowed click
13:06:22 allowed click
13:06:22 allowed click
13:06:22 allowed click
13:06:22 allowed click
13:06:22 allowed click
13:06:22 allowed click
13:06:22 allowed click
13:06:22 allowed click
13:06:22 allowed click
13:06:22 allowed click
13:06:22 allowed click
13:06:22 allowed click
13:06:22 allowed click
13:06:22 allowed click
13:06:22 allowed click
13:06:22 allowed click
13:06:22 allowed click
13:06:22 allowed click
13:06:22 allowed click
13:06:22 allowed click
13:06:22 allowed click
13:06:22 allowed click
13:06:22 allowed click
13:06:22 allowed click
13:06:22 allowed click
13:06:22 allowed click
13:06:22 allowed click
13:06:22 allowed click
13:06:22 allowed click
13:06:22 allowed click
13:06:22 allowed click
13:06:22 allowed click
13:06:22 allowed click
13:06:22 allowed click
13:06:22 allowed click
13:06:22 allowed click
13:06:22 allowed click
13:06:22 allowed click
13:06:22 allowed click
13:06:22 allowed click
13:06:22 allowed click
13:06:22 allowed click
13:06:22 allowed click
13:06:22 allowed click
13:06:22 allowed click
13:06:22 allowed click
13:06:22 allowed click
13:06:22 allowed click
13:06:22 allowed click
13:06:22 allowed click
13:06:22 allowed click
13:06:22 allowed click
13:06:22 allowed click
13:06:22 allowed click
13:06:22 allowed click
13:06:22 allowed click
13:06:22 allowed click
13:06:22 allowed click
13:06:22 allowed click
13:06:22 allowed click
13:06:22 allowed click
13:06:22 allowed click
13:06:22 allowed click
13:06:22 allowed click
13:06:22 allowed click
13:06:22 allowed click
13:06:22 allowed click
13:06:22 allowed click
13:06:22 allowed click
13:06:22 allowed click
13:06:22 allowed click
13:06:22 allowed click
13:06:22 allowed click
13:06:22 allowed click
13:06:22 allowed click
13:06:22 allowed click
13:06:22 allowed click
13:06:22 allowed click
13:06:22 allowed click
13:06:22 allowed click
13:06:22 allowed click
13:06:22 allowed click
13:06:22 allowed click
13:06:22 allowed click
13:06:22 allowed click
13:06:22 allowed click
13:06:22 allowed click
13:06:22 allowed click
13:06:22 allowed click
13:06:22 allowed click
13:06:22 allowed click
13:06:22 allowed click
13:06:22 allowed click
13:06:22 allowed click
13:06:22 allowed click
13:06:22 allowed click
13:06:22 allowed click
13:06:22 allowed click
13:06:22 allowed click
13:06:22 allowed click
13:06:22 allowed click
13:06:22 allowed click
13:06:22 allowed click
13:06:22 allowed click
13:06:22 allowed click
13:06:22 allowed click
13:06:22 allowed click
13:06:22 allowed click
13:06:22 allowed click
13:06:22 allowed click
13:06:22 allowed click
13:06:22 allowed click
13:06:22 allowed click
13:06:22 allowed click
13:06:22 allowed click
13:06:22 allowed click
13:06:22 allowed click
13:06:22 allowed click
13:06:22 allowed click
13:06:22 allowed click
13:06:22 allowed click
13:06:22 allowed click
13:06:22 allowed click
13:06:22 allowed click
13:06:22 allowed click
13:06:22 allowed click
13:06:22 allowed click
13:06:22 allowed click
13:06:22 allowed click
13:06:22 allowed click
13:06:22 allowed click
13:06:22 allowed click
13:06:22 allowed click
13:06:22 allowed click
13:06:22 allowed click
13:06:22 allowed click
13:06:22 allowed click
13:06:22 allowed click
13:06:22 allowed click
13:06:22 allowed click
13:06:22 allowed click
13:06:22 allowed click
13:06:22 allowed click
13:06:22 allowed click
13:06:22 allowed click
13:06:22 allowed click
13:06:22 allowed click
13:06:23 allowed click
13:06:23 allowed click
13:06:23 allowed click
13:06:23 allowed click
13:06:23 allowed click
13:06:23 allowed click
13:06:23 allowed click
13:06:23 allowed click
13:06:23 allowed click
13:06:23 allowed click
13:06:23 allowed click
13:06:23 allowed click
13:06:23 allowed click
13:06:23 allowed click
13:06:23 allowed click
13:06:23 allowed click
13:06:23 allowed click
13:06:23 allowed click
13:06:23 allowed click
13:06:23 allowed click
13:06:23 allowed click
13:06:23 allowed click
13:06:23 allowed click
13:06:23 allowed click
13:06:23 allowed click
13:06:23 allowed click
13:06:23 allowed click
13:06:23 allowed click
13:06:23 allowed click
13:06:23 allowed click
13:06:23 allowed click
13:06:23 allowed click
13:06:23 allowed click
13:06:23 allowed click
13:06:23 allowed click
13:06:23 allowed click
13:06:23 allowed click
13:06:23 allowed click
13:06:23 allowed click
13:06:23 allowed click
13:06:23 allowed click
13:06:23 allowed click
13:06:23 allowed click
13:06:23 allowed click
13:06:23 allowed click
13:06:23 allowed click
13:06:23 allowed click
13:06:23 allowed click
13:06:23 allowed click
13:06:23 allowed click
13:06:23 allowed click
13:06:23 allowed click
13:06:23 allowed click
13:06:23 allowed click
13:06:23 allowed click
13:06:23 allowed click
13:06:23 allowed click
13:06:23 allowed click
13:06:23 allowed click
13:06:23 allowed click
13:06:23 allowed click
13:06:23 allowed click
13:06:23 allowed click
13:06:23 allowed click
13:06:23 allowed click
13:06:23 allowed click
13:06:23 allowed click
13:06:23 allowed click
13:06:23 allowed click
13:06:23 allowed click
13:06:23 allowed click
13:06:23 allowed click
13:06:23 allowed click
13:06:23 allowed click
13:06:23 allowed click
13:06:23 allowed click
13:06:23 allowed click
13:06:23 allowed click
13:06:23 allowed click
13:06:23 allowed click
13:06:23 allowed click
13:06:23 allowed click
13:06:23 allowed click
13:06:23 allowed click
13:06:23 allowed click
13:06:23 allowed click
13:06:23 allowed click
13:06:23 allowed click
13:06:23 allowed click
13:06:23 allowed click
13:06:23 allowed click
13:06:23 allowed click
13:06:23 allowed click
13:06:23 allowed click
13:06:23 allowed click
13:06:23 allowed click
13:06:23 allowed click
13:06:23 allowed click
13:06:23 allowed click
13:06:23 allowed click
13:06:23 allowed click
13:06:23 allowed click
13:06:23 allowed click
13:06:23 allowed click
13:06:23 allowed click
13:06:23 allowed click
13:06:23 allowed click
13:06:23 allowed click
13:06:23 allowed click
13:06:23 allowed click
13:06:23 allowed click
13:06:23 allowed click
13:06:23 allowed click
13:06:23 allowed click
13:06:23 allowed click
13:06:23 allowed click
13:06:23 allowed click
13:06:23 allowed click
13:06:23 allowed click
13:06:23 allowed click
13:06:23 allowed click
13:06:23 allowed click
13:06:23 allowed click
13:06:23 allowed click
13:06:23 allowed click
13:06:23 allowed click
13:06:23 allowed click
13:06:23 allowed click
13:06:23 allowed click
13:06:23 allowed click
13:06:23 allowed click
13:06:23 allowed click
13:06:23 allowed click
13:06:23 allowed click
13:06:23 allowed click
13:06:23 allowed click
13:06:23 allowed click
13:06:23 allowed click
13:06:23 allowed click
13:06:23 allowed click
13:06:23 allowed click
13:06:23 allowed click
13:06:23 allowed click
13:06:23 allowed click
13:06:24 allowed click
13:06:24 allowed click
13:06:24 allowed click
13:06:24 allowed click
13:06:24 allowed click
13:06:24 allowed click
13:06:24 allowed click
13:06:24 allowed click
13:06:24 allowed click
13:06:24 allowed click
13:06:24 allowed click
13:06:24 allowed click
13:06:24 allowed click
13:06:24 allowed click
13:06:24 allowed click
13:06:24 allowed click
13:06:24 allowed click
13:06:24 allowed click
13:06:24 allowed click
13:06:24 allowed click
13:06:24 allowed click
13:06:24 allowed click
13:06:24 allowed click
13:06:24 allowed click
13:06:24 allowed click
13:06:24 allowed click
13:06:24 allowed click
13:06:24 allowed click
13:06:24 allowed click
13:06:24 allowed click
13:06:24 allowed click
13:06:24 allowed click
13:06:24 allowed click
13:06:24 allowed click
13:06:24 allowed click
13:06:24 allowed click
13:06:24 allowed click
13:06:24 allowed click
13:06:24 allowed click
13:06:24 allowed click
13:06:24 allowed click
13:06:24 allowed click
13:06:24 allowed click
13:06:24 allowed click
13:06:24 allowed click
13:06:24 allowed click
13:06:24 allowed click
13:06:24 allowed click
13:06:24 allowed click
13:06:24 allowed click
13:06:24 allowed click
13:06:24 allowed click
13:06:24 allowed click
13:06:24 allowed click
13:06:24 allowed click
13:06:24 allowed click
13:06:24 allowed click
13:06:24 allowed click
13:06:24 allowed click
13:06:24 allowed click
13:06:24 allowed click
13:06:24 allowed click
13:06:24 allowed click
13:06:24 allowed click
13:06:24 allowed click
13:06:24 allowed click
13:06:24 allowed click
13:06:24 allowed click
13:06:24 allowed click
13:06:24 allowed click
13:06:24 allowed click
13:06:24 allowed click
13:06:24 allowed click
13:06:24 allowed click
13:06:24 allowed click
13:06:24 allowed click
13:06:24 allowed click
13:06:24 allowed click
13:06:24 allowed click
13:06:24 allowed click
13:06:24 allowed click
13:06:24 allowed click
13:06:24 allowed click
13:06:24 allowed click
13:06:24 allowed click
13:06:24 allowed click
13:06:24 allowed click
13:06:24 allowed click
13:06:24 allowed click
13:06:24 allowed click
13:06:24 allowed click
13:06:24 allowed click
13:06:24 allowed click
13:06:24 allowed click
13:06:24 allowed click
13:06:24 allowed click
13:06:24 allowed click
13:06:24 allowed click
13:06:24 allowed click
13:06:24 allowed click
13:06:24 allowed click
13:06:24 allowed click
13:06:24 allowed click
13:06:24 allowed click
13:06:24 allowed click
13:06:24 allowed click
13:06:24 allowed click
13:06:24 allowed click
13:06:24 allowed click
13:06:24 allowed click
13:06:24 allowed click
13:06:24 allowed click
13:06:24 allowed click
13:06:24 allowed click
13:06:24 allowed click
13:06:24 allowed click
13:06:24 allowed click
13:06:24 allowed click
13:06:24 allowed click
13:06:24 allowed click
13:06:24 allowed click
13:06:24 allowed click
13:06:24 allowed click
13:06:24 allowed click
13:06:24 allowed click
13:06:24 allowed click
13:06:24 allowed click
13:06:24 allowed click
13:06:24 allowed click
13:06:24 allowed click
13:06:24 allowed click
13:06:24 allowed click
13:06:24 allowed click
13:06:24 allowed click
13:06:24 allowed click
13:06:24 allowed click
13:06:24 allowed click
13:06:24 allowed click
13:06:24 allowed click
13:06:24 allowed click
13:06:24 allowed click
13:06:24 allowed click
13:06:24 allowed click
13:06:24 allowed click
13:06:24 allowed click
13:06:24 allowed click
13:06:24 allowed click
13:06:24 allowed click
13:06:24 allowed click
13:06:24 allowed click
13:06:24 allowed click
13:06:24 allowed click
13:06:24 allowed click
13:06:24 allowed click
13:06:24 allowed click
13:06:24 allowed click
13:06:24 allowed click
13:06:24 allowed click
13:06:24 allowed click
13:06:24 allowed click
13:06:24 allowed click
13:06:24 allowed click
13:06:24 allowed click
13:06:24 allowed click
13:07:16 
13:07:16 blocked link because:
13:07:16 isNotInSignAndOnSlot
13:07:16 
13:07:16 
13:07:16 blocked link because:
13:07:16 isNotInSignAndOnSlot
13:07:16 
13:07:16 allowed click
13:07:16 allowed click
13:07:16 allowed click
13:07:16 allowed click
13:07:16 allowed click
13:07:16 allowed click
13:07:16 allowed click
13:07:16 allowed click
13:07:16 allowed click
13:07:16 allowed click
13:07:16 allowed click
13:07:16 allowed click
13:07:16 allowed click
13:07:16 allowed click
13:07:16 allowed click
13:07:16 allowed click
13:07:16 allowed click
13:07:16 allowed click
13:07:16 allowed click
13:07:16 allowed click
13:07:16 allowed click
13:07:16 allowed click
13:07:16 allowed click
13:07:16 allowed click
13:07:16 allowed click
13:07:16 allowed click
13:07:16 allowed click
13:07:16 allowed click
13:07:16 allowed click
13:07:16 allowed click
13:07:16 allowed click
13:07:16 allowed click
13:07:16 allowed click
13:07:16 allowed click
13:07:16 allowed click
13:07:16 allowed click
13:07:16 allowed click
13:07:16 allowed click
13:07:16 allowed click
13:07:16 allowed click
13:07:16 allowed click
13:07:16 allowed click
13:07:16 allowed click
13:07:16 allowed click
13:07:16 allowed click
13:07:16 allowed click
13:07:16 allowed click
13:07:16 allowed click
13:07:16 allowed click
13:07:16 allowed click
13:07:16 allowed click
13:07:16 allowed click
13:07:16 allowed click
13:07:16 allowed click
13:07:16 allowed click
13:07:16 allowed click
13:07:16 allowed click
13:07:16 allowed click
13:07:16 allowed click
13:07:16 allowed click
13:07:16 allowed click
13:07:16 allowed click
13:07:16 allowed click
13:07:16 allowed click
13:07:16 allowed click
13:07:16 allowed click
13:07:16 allowed click
13:07:16 allowed click
13:07:16 allowed click
13:07:16 allowed click
13:07:16 allowed click
13:07:16 allowed click
13:07:17 allowed click
13:07:17 allowed click
13:07:17 allowed click
13:07:17 allowed click
13:07:17 allowed click
13:07:17 allowed click
13:07:17 allowed click
13:07:17 allowed click
13:07:17 allowed click
13:07:17 allowed click
13:07:17 allowed click
13:07:17 allowed click
13:07:17 allowed click
13:07:17 allowed click
13:07:17 allowed click
13:07:17 allowed click
13:07:17 allowed click
13:07:17 allowed click
13:07:17 allowed click
13:07:17 allowed click
13:07:17 allowed click
13:07:17 allowed click
13:07:17 allowed click
13:07:17 allowed click
13:07:17 allowed click
13:07:17 allowed click
13:07:17 allowed click
13:07:17 allowed click
13:07:17 allowed click
13:07:17 allowed click
13:07:17 allowed click
13:07:17 allowed click
13:07:17 allowed click
13:07:17 allowed click
13:07:17 allowed click
13:07:17 allowed click
13:07:17 allowed click
13:07:17 allowed click
13:07:17 allowed click
13:07:17 allowed click
13:07:17 allowed click
13:07:17 allowed click
13:07:17 allowed click
13:07:17 allowed click
13:07:17 allowed click
13:07:17 allowed click
13:07:17 allowed click
13:07:17 allowed click
13:07:17 allowed click
13:07:17 allowed click
13:07:17 allowed click
13:07:17 allowed click
13:07:17 allowed click
13:07:17 allowed click
13:07:17 allowed click
13:07:17 allowed click
13:07:17 allowed click
13:07:17 allowed click
13:07:17 allowed click
13:07:17 allowed click
13:07:17 allowed click
13:07:17 allowed click
13:07:17 allowed click
13:07:17 allowed click
13:07:17 allowed click
13:07:17 allowed click
13:07:17 allowed click
13:07:17 allowed click
13:07:17 allowed click
13:07:17 allowed click
13:07:17 allowed click
13:07:17 allowed click
13:07:17 allowed click
13:07:17 allowed click
13:07:17 allowed click
13:07:17 allowed click
13:07:17 allowed click
13:07:17 allowed click
13:07:17 allowed click
13:07:17 allowed click
13:07:17 allowed click
13:07:17 allowed click
13:07:17 allowed click
13:07:17 allowed click
13:07:17 allowed click
13:07:17 allowed click
13:07:17 allowed click
13:07:17 allowed click
13:07:17 allowed click
13:07:17 allowed click
13:07:17 allowed click
13:07:17 allowed click
13:07:17 allowed click
13:07:17 allowed click
13:07:17 allowed click
13:07:17 allowed click
13:07:17 allowed click
13:07:17 allowed click
13:07:17 allowed click
13:07:17 allowed click
13:07:17 allowed click
13:07:17 allowed click
13:07:17 allowed click
13:07:17 allowed click
13:07:17 allowed click
13:07:17 allowed click
13:07:17 allowed click
13:07:17 allowed click
13:07:17 allowed click
13:07:17 allowed click
13:07:17 allowed click
13:07:17 allowed click
13:07:17 allowed click
13:07:17 allowed click
13:07:17 allowed click
13:07:17 allowed click
13:07:17 allowed click
13:07:17 allowed click
13:07:17 allowed click
13:07:17 allowed click
13:07:17 allowed click
13:07:17 allowed click
13:07:17 allowed click
13:07:17 allowed click
13:07:17 allowed click
13:07:17 allowed click
13:07:17 allowed click
13:07:17 allowed click
13:07:17 allowed click
13:07:17 allowed click
13:07:17 allowed click
13:07:17 allowed click
13:07:17 allowed click
13:07:17 allowed click
13:07:17 allowed click
13:07:17 allowed click
13:07:17 allowed click
13:07:17 allowed click
13:07:17 allowed click
13:07:17 allowed click
13:07:18 allowed click
13:07:18 allowed click
13:07:18 allowed click
13:07:18 allowed click
13:07:18 allowed click
13:07:18 allowed click
13:07:18 allowed click
13:07:18 allowed click
13:07:18 allowed click
13:07:18 allowed click
13:07:18 allowed click
13:07:18 allowed click
13:07:18 allowed click
13:07:18 allowed click
13:07:18 allowed click
13:07:18 allowed click
13:07:18 allowed click
13:07:18 allowed click
13:07:18 allowed click
13:07:18 allowed click
13:07:18 allowed click
13:07:18 allowed click
13:07:18 allowed click
13:07:18 allowed click
13:14:13 allowed click
13:14:13 allowed click
13:14:13 allowed click
13:14:13 allowed click
13:14:14 allowed click
13:14:14 allowed click
13:14:14 allowed click
13:14:14 allowed click
13:14:14 allowed click
13:14:14 allowed click
13:14:14 allowed click
13:14:14 allowed click
13:14:14 allowed click
13:14:14 allowed click
13:14:14 allowed click
13:14:14 allowed click
13:14:14 allowed click
13:14:14 allowed click
13:14:14 allowed click
13:14:14 allowed click
13:14:14 allowed click
13:14:14 allowed click
13:14:14 allowed click
13:14:14 allowed click
13:14:14 allowed click
13:14:14 allowed click
13:14:14 allowed click
13:14:14 allowed click
13:14:14 allowed click
13:14:14 allowed click
13:14:14 allowed click
13:14:14 allowed click
13:14:14 allowed click
13:14:14 allowed click
13:14:14 allowed click
13:14:14 allowed click
13:14:14 allowed click
13:14:14 allowed click
13:14:14 allowed click
13:14:14 allowed click
13:14:14 allowed click
13:14:14 allowed click
13:14:14 allowed click
13:14:14 allowed click
13:14:14 allowed click
13:14:14 allowed click
13:14:14 allowed click
13:14:14 allowed click
13:14:14 allowed click
13:14:14 allowed click
13:14:14 allowed click
13:14:14 allowed click
13:14:14 allowed click
13:14:14 allowed click
13:14:14 allowed click
13:14:14 allowed click
13:14:14 allowed click
13:14:14 allowed click
13:14:14 allowed click
13:14:14 allowed click
13:14:14 allowed click
13:14:14 allowed click
13:14:14 allowed click
13:14:14 allowed click
13:14:14 allowed click
13:14:14 allowed click
13:14:14 allowed click
13:14:14 allowed click
13:14:14 allowed click
13:14:14 allowed click
13:14:14 allowed click
13:14:14 allowed click
13:14:14 allowed click
13:14:14 allowed click
13:14:14 allowed click
13:14:14 allowed click
13:14:14 allowed click
13:14:14 allowed click
13:14:14 allowed click
13:14:14 allowed click
13:14:14 allowed click
13:14:14 allowed click
13:14:14 allowed click
13:14:14 allowed click
13:14:14 allowed click
13:14:14 allowed click
13:14:14 allowed click
13:14:14 allowed click
13:14:14 allowed click
13:14:14 allowed click
13:14:14 allowed click
13:14:14 allowed click
13:14:14 allowed click
13:14:14 allowed click
13:14:14 allowed click
13:14:14 allowed click
13:14:14 allowed click
13:14:14 allowed click
13:14:14 allowed click
13:14:14 allowed click
13:14:14 allowed click
13:14:14 allowed click
13:14:14 allowed click
13:14:14 allowed click
13:14:14 allowed click
13:14:14 allowed click
13:14:14 allowed click
13:14:14 allowed click
13:14:14 allowed click
13:14:14 allowed click
13:14:14 allowed click
13:14:15 allowed click
13:14:15 allowed click
13:14:15 allowed click
13:14:15 allowed click
13:14:15 allowed click
13:14:15 allowed click
13:14:15 allowed click
13:14:15 allowed click
13:14:15 allowed click
13:14:15 allowed click
13:14:15 allowed click
13:14:15 allowed click
13:14:15 allowed click
13:14:15 allowed click
13:14:15 allowed click
13:14:15 allowed click
13:14:15 allowed click
13:14:15 allowed click
13:14:15 allowed click
13:14:15 allowed click
13:14:15 allowed click
13:14:15 allowed click
13:14:15 allowed click
13:14:15 allowed click
13:14:15 allowed click
13:14:15 allowed click
13:14:15 allowed click
13:14:15 allowed click
13:14:15 allowed click
13:14:15 allowed click
13:14:15 allowed click
13:14:15 allowed click
13:14:15 allowed click
13:14:15 allowed click
13:14:15 allowed click
13:14:15 allowed click
13:14:15 allowed click
13:14:15 allowed click
13:14:15 allowed click
13:14:15 allowed click
13:14:15 allowed click
13:14:15 allowed click
13:14:15 allowed click
13:14:15 allowed click
13:14:15 allowed click
13:14:15 allowed click
13:14:15 allowed click
13:14:15 allowed click
13:14:15 allowed click
13:14:15 allowed click
13:14:15 allowed click
13:14:15 allowed click
13:14:15 allowed click
13:14:15 allowed click
13:14:15 allowed click
13:14:15 allowed click
13:14:15 allowed click
13:14:15 allowed click
13:14:15 allowed click
13:14:15 allowed click
13:14:15 allowed click
13:14:15 allowed click
13:14:15 allowed click
13:14:15 allowed click
13:14:17 
13:14:17 blocked link because:
13:14:17 isNotInSignAndOnSlot
13:14:17 
13:14:17 
13:14:17 blocked link because:
13:14:17 isNotInSignAndOnSlot
13:14:17 
13:14:17 allowed click
13:14:17 allowed click
13:14:17 allowed click
13:14:17 allowed click
13:14:17 allowed click
13:14:17 allowed click
13:14:17 allowed click
13:14:17 allowed click
13:14:17 allowed click
13:14:17 allowed click
13:14:17 allowed click
13:14:17 allowed click
13:14:17 allowed click
13:14:17 allowed click
13:14:17 allowed click
13:14:17 allowed click
13:14:17 allowed click
13:14:17 allowed click
13:14:17 allowed click
13:14:17 allowed click
13:14:17 allowed click
13:14:17 allowed click
13:14:17 allowed click
13:14:17 allowed click
13:14:17 allowed click
13:14:17 allowed click
13:14:17 allowed click
13:14:17 allowed click
13:14:17 allowed click
13:14:17 allowed click
13:14:17 allowed click
13:14:17 allowed click
13:14:17 allowed click
13:14:17 allowed click
13:14:17 allowed click
13:14:17 allowed click
13:14:17 allowed click
13:14:17 allowed click
13:14:17 allowed click
13:14:17 allowed click
13:14:17 allowed click
13:14:17 allowed click
13:14:17 allowed click
13:14:17 allowed click
13:14:17 allowed click
13:14:17 allowed click
13:14:17 allowed click
13:14:17 allowed click
13:14:17 allowed click
13:14:17 allowed click
13:14:17 allowed click
13:14:17 allowed click
13:14:17 allowed click
13:14:17 allowed click
13:14:17 allowed click
13:14:17 allowed click
13:14:17 allowed click
13:14:17 allowed click
13:14:17 allowed click
13:14:17 allowed click
13:14:17 allowed click
13:14:17 allowed click
13:14:17 allowed click
13:14:17 allowed click
13:14:17 allowed click
13:14:17 allowed click
13:14:17 allowed click
13:14:17 allowed click
13:14:18 allowed click
13:14:18 allowed click
13:14:18 allowed click
13:14:18 allowed click
13:14:18 allowed click
13:14:18 allowed click
13:14:18 allowed click
13:14:18 allowed click
13:14:18 allowed click
13:14:18 allowed click
13:14:18 allowed click
13:14:18 allowed click
13:14:18 allowed click
13:14:18 allowed click
13:14:18 allowed click
13:14:18 allowed click
13:14:18 allowed click
13:14:18 allowed click
13:14:18 allowed click
13:14:18 allowed click
13:14:18 allowed click
13:14:18 allowed click
13:14:18 allowed click
13:14:18 allowed click
13:14:18 allowed click
13:14:18 allowed click
13:14:18 allowed click
13:14:18 allowed click
13:14:18 allowed click
13:14:18 allowed click
13:14:18 allowed click
13:14:18 allowed click
13:14:18 allowed click
13:14:18 allowed click
13:14:18 allowed click
13:14:18 allowed click
13:14:18 allowed click
13:14:18 allowed click
13:14:18 allowed click
13:14:18 allowed click
13:14:18 allowed click
13:14:18 allowed click
13:14:18 allowed click
13:14:18 allowed click
13:14:18 allowed click
13:14:18 allowed click
13:14:18 allowed click
13:22:45 
13:22:45 blocked link because:
13:22:45 isNotInSignAndOnSlot
13:22:45 
13:22:45 
13:22:45 blocked link because:
13:22:45 isNotInSignAndOnSlot
13:22:45 
13:22:45 allowed click
13:22:45 allowed click
13:22:45 allowed click
13:22:45 allowed click
13:22:45 allowed click
13:22:45 allowed click
13:22:45 allowed click
13:22:45 allowed click
13:22:45 allowed click
13:22:45 allowed click
13:22:45 allowed click
13:22:45 allowed click
13:22:45 allowed click
13:22:45 allowed click
13:22:45 allowed click
13:22:45 allowed click
13:22:45 allowed click
13:22:45 allowed click
13:22:45 allowed click
13:22:45 allowed click
13:22:45 allowed click
13:22:45 allowed click
13:22:45 allowed click
13:22:45 allowed click
13:22:45 allowed click
13:22:45 allowed click
13:22:45 allowed click
13:22:45 allowed click
13:22:45 allowed click
13:22:45 allowed click
13:22:45 allowed click
13:22:45 allowed click
13:22:45 allowed click
13:22:45 allowed click
13:22:45 allowed click
13:22:45 allowed click
13:22:45 allowed click
13:22:45 allowed click
13:22:45 allowed click
13:22:45 allowed click
13:22:45 allowed click
13:22:45 allowed click
13:22:45 allowed click
13:22:45 allowed click
13:22:45 allowed click
13:22:45 allowed click
13:22:45 allowed click
13:22:45 allowed click
13:22:45 allowed click
13:22:45 allowed click
13:22:45 allowed click
13:22:45 allowed click
13:22:45 allowed click
13:22:45 allowed click
13:22:45 allowed click
13:22:45 allowed click
13:22:45 allowed click
13:22:45 allowed click
13:22:45 allowed click
13:22:45 allowed click
13:22:45 allowed click
13:22:45 allowed click
13:22:45 allowed click
13:22:45 allowed click
13:22:45 allowed click
13:22:45 allowed click
13:22:45 allowed click
13:22:45 allowed click
13:22:45 allowed click
13:22:45 allowed click
13:22:45 allowed click
13:22:45 allowed click
13:22:45 allowed click
13:22:45 allowed click
13:22:45 allowed click
13:22:45 allowed click
13:22:45 allowed click
13:22:45 allowed click
13:22:45 allowed click
13:22:45 allowed click
13:22:45 allowed click
13:22:45 allowed click
13:22:45 allowed click
13:22:45 allowed click
13:22:45 allowed click
13:22:45 allowed click
13:22:45 allowed click
13:22:45 allowed click
13:22:45 allowed click
13:22:45 allowed click
13:22:45 allowed click
13:22:45 allowed click
13:22:45 allowed click
13:22:45 allowed click
13:22:45 allowed click
13:22:45 allowed click
13:22:45 allowed click
13:22:45 allowed click
13:22:45 allowed click
13:22:45 allowed click
13:22:45 allowed click
13:22:45 allowed click
13:22:45 allowed click
13:22:45 allowed click
15:12:05 
15:12:05 blocked link because:
15:12:05 isNotInSignAndOnSlot
15:12:05 
15:12:05 
15:12:05 blocked link because:
15:12:05 isNotInSignAndOnSlot
15:12:05 
15:12:05 allowed click
15:12:05 allowed click
15:12:05 allowed click
15:12:05 allowed click
15:14:42 
15:14:42 blocked link because:
15:14:42 isNotInSignAndOnSlot
15:14:42 
15:14:42 
15:14:42 blocked link because:
15:14:42 isNotInSignAndOnSlot
15:14:42 
15:14:43 allowed click
15:14:43 allowed click
15:14:43 allowed click
15:14:43 allowed click
15:14:43 allowed click
15:14:43 allowed click
15:14:43 allowed click
15:14:43 allowed click
15:14:43 allowed click
15:14:43 allowed click
15:14:43 allowed click
15:14:43 allowed click
15:14:43 allowed click
15:14:43 allowed click
15:14:43 allowed click
15:14:43 allowed click
15:14:43 allowed click
15:14:43 allowed click
15:14:43 allowed click
15:14:43 allowed click
15:14:43 allowed click
15:14:43 allowed click
15:14:43 allowed click
15:14:43 allowed click
15:14:43 allowed click
15:14:43 allowed click
15:14:43 allowed click
15:14:43 allowed click
15:14:43 allowed click
15:14:43 allowed click
15:14:43 allowed click
15:14:43 allowed click
15:14:43 allowed click
15:14:43 allowed click
15:14:43 allowed click
15:14:43 allowed click
15:14:43 allowed click
15:14:43 allowed click
15:14:43 allowed click
15:14:43 allowed click
15:14:43 allowed click
15:14:43 allowed click
15:14:43 allowed click
15:14:43 allowed click
15:14:43 allowed click
15:14:43 allowed click
15:14:43 allowed click
15:14:43 allowed click
15:14:43 allowed click
15:14:43 allowed click
15:14:43 allowed click
15:14:43 allowed click
15:14:43 allowed click
15:14:43 allowed click
15:14:43 allowed click
15:14:43 allowed click
15:14:43 allowed click
15:14:43 allowed click
15:14:43 allowed click
15:14:43 allowed click
15:14:43 allowed click
15:14:43 allowed click
15:14:43 allowed click
15:14:43 allowed click
15:14:43 allowed click
15:14:43 allowed click
15:14:43 allowed click
15:14:43 allowed click
15:14:43 allowed click
15:14:43 allowed click
15:14:43 allowed click
15:14:43 allowed click
15:14:43 allowed click
15:14:43 allowed click
15:14:43 allowed click
15:14:43 allowed click
15:14:43 allowed click
15:14:43 allowed click
15:14:43 allowed click
15:14:43 allowed click
15:14:43 allowed click
15:14:43 allowed click
15:14:43 allowed click
15:14:43 allowed click
15:14:43 allowed click
15:14:43 allowed click
15:14:43 allowed click
15:14:43 allowed click
15:14:43 allowed click
15:14:43 allowed click
15:14:43 allowed click
15:14:43 allowed click
15:14:43 allowed click
15:14:43 allowed click
15:14:43 allowed click
15:14:43 allowed click
15:14:43 allowed click
15:14:43 allowed click
15:14:43 allowed click
15:14:43 allowed click
15:14:43 allowed click
15:14:43 allowed click
15:14:43 allowed click
15:14:43 allowed click
15:14:43 allowed click
15:14:43 allowed click
15:14:43 allowed click
15:14:43 allowed click
15:14:43 allowed click
15:14:43 allowed click
15:14:43 allowed click
15:14:43 allowed click
15:14:43 allowed click
15:14:43 allowed click
15:14:43 allowed click
15:14:43 allowed click
15:14:43 allowed click
15:14:43 allowed click
15:14:43 allowed click
15:14:43 allowed click
15:14:43 allowed click
15:14:43 allowed click
15:14:43 allowed click
15:14:43 allowed click
15:14:43 allowed click
15:14:43 allowed click
15:14:43 allowed click
15:14:43 allowed click
15:14:43 allowed click
15:14:43 allowed click
15:14:43 allowed click
15:14:43 allowed click
15:14:43 allowed click
15:14:43 allowed click
15:14:43 allowed click
15:14:43 allowed click
15:14:43 allowed click
15:14:43 allowed click
15:14:43 allowed click
15:14:43 allowed click
15:14:43 allowed click
15:14:43 allowed click
15:14:43 allowed click
15:14:43 allowed click
15:14:43 allowed click
15:14:43 allowed click
15:14:43 allowed click
15:14:43 allowed click
15:14:43 allowed click
15:14:43 allowed click
15:14:43 allowed click
15:14:43 allowed click
15:14:43 allowed click
15:14:43 allowed click
15:14:43 allowed click
15:14:43 allowed click
15:16:46 
15:16:46 blocked link because:
15:16:46 isNotInSignAndOnSlot
15:16:46 
15:16:46 allowed click
15:16:46 allowed click
15:16:46 allowed click
15:16:46 allowed click
15:16:46 allowed click
15:16:46 allowed click
15:16:46 allowed click
15:16:46 allowed click
15:16:46 allowed click
15:16:46 allowed click
15:16:46 allowed click
15:16:46 allowed click
15:16:46 allowed click
15:16:46 allowed click
15:16:46 allowed click
15:16:46 allowed click
15:16:46 allowed click
15:16:46 allowed click
15:16:46 allowed click
15:16:46 allowed click
15:16:46 allowed click
15:16:46 allowed click
15:16:46 allowed click
15:16:46 allowed click
15:16:46 allowed click
15:16:46 allowed click
15:16:46 allowed click
15:16:46 allowed click
15:16:46 allowed click
15:16:46 allowed click
15:16:46 allowed click
15:16:46 allowed click
15:16:46 allowed click
15:16:46 allowed click
15:16:46 allowed click
15:16:46 allowed click
15:16:46 allowed click
15:16:46 allowed click
15:16:46 allowed click
15:16:46 allowed click
15:16:46 allowed click
15:16:46 allowed click
15:16:46 allowed click
15:16:46 allowed click
15:16:46 allowed click
15:16:46 allowed click
15:16:46 allowed click
15:16:46 allowed click
15:16:46 allowed click
15:16:46 allowed click
15:16:46 allowed click
15:16:46 allowed click
15:16:46 allowed click
15:16:46 allowed click
15:16:46 allowed click
15:16:46 allowed click
15:16:46 allowed click
15:16:46 allowed click
15:16:46 allowed click
15:16:46 allowed click
15:16:46 allowed click
15:16:46 allowed click
15:16:46 allowed click
15:16:46 allowed click
15:16:46 allowed click
15:16:46 allowed click
15:16:46 allowed click
15:16:46 allowed click
15:16:46 allowed click
15:16:46 allowed click
15:16:46 allowed click
15:16:46 allowed click
15:16:46 allowed click
15:16:46 allowed click
15:16:46 allowed click
15:16:46 allowed click
15:16:46 allowed click
15:16:46 allowed click
15:16:46 allowed click
15:16:46 allowed click
15:16:46 allowed click
15:16:46 allowed click
15:16:46 allowed click
15:16:46 allowed click
15:16:46 allowed click
15:16:46 allowed click
15:16:46 allowed click
15:16:46 allowed click
15:16:46 allowed click
15:16:46 allowed click
15:16:46 allowed click
15:16:46 allowed click
15:16:46 allowed click
15:16:46 allowed click
15:16:46 allowed click
15:16:46 allowed click
15:16:46 allowed click
15:16:46 allowed click
15:16:46 allowed click
15:16:46 allowed click
15:16:46 allowed click
15:16:46 allowed click
15:16:46 allowed click
15:16:46 allowed click
15:16:46 allowed click
15:16:46 allowed click
15:16:46 allowed click
15:16:46 allowed click
15:16:46 allowed click
15:16:46 allowed click
15:16:46 allowed click
15:16:46 allowed click
15:16:46 allowed click
15:16:46 allowed click
15:16:46 allowed click
15:16:46 allowed click
15:16:46 allowed click
15:16:46 allowed click
15:16:46 allowed click
15:16:46 allowed click
15:16:46 allowed click
15:16:46 allowed click
15:16:46 allowed click
15:16:46 allowed click
15:16:47 allowed click
15:16:47 allowed click
15:16:47 allowed click
15:16:47 allowed click
15:16:47 allowed click
15:16:47 allowed click
15:16:47 allowed click
15:16:47 allowed click
15:16:47 allowed click
15:16:47 allowed click
15:16:47 allowed click
15:16:47 allowed click
15:16:47 allowed click
15:16:47 allowed click
15:16:47 allowed click
15:16:47 allowed click
15:16:47 allowed click
15:16:47 allowed click
15:16:47 allowed click
15:16:47 allowed click
15:16:47 allowed click
15:16:47 allowed click
15:16:47 allowed click
15:16:47 allowed click
15:16:47 allowed click
15:16:47 allowed click
15:16:47 allowed click
15:16:47 allowed click
15:16:47 allowed click
15:16:47 allowed click
15:16:47 allowed click
15:16:47 allowed click
15:16:47 allowed click
15:16:47 allowed click
15:16:47 allowed click
15:16:47 allowed click
15:16:47 allowed click
15:16:47 allowed click
15:16:47 allowed click
15:16:47 allowed click
15:16:47 allowed click
15:16:47 allowed click
15:16:47 allowed click
15:16:47 allowed click
15:16:47 allowed click
15:16:47 allowed click
15:16:47 allowed click
15:16:47 allowed click
15:16:47 allowed click
15:16:47 allowed click
15:16:47 allowed click
15:16:47 allowed click
15:16:47 allowed click
15:16:47 allowed click
15:16:47 allowed click
15:16:47 allowed click
15:16:47 allowed click
15:16:47 allowed click
15:16:47 allowed click
15:16:47 allowed click
15:16:47 allowed click
15:16:47 allowed click
15:16:47 allowed click
15:16:47 allowed click
15:16:47 allowed click
15:16:47 allowed click
15:16:47 allowed click
15:16:47 allowed click
15:16:47 allowed click
15:16:47 allowed click
15:16:47 allowed click
15:16:47 allowed click
15:16:47 allowed click
15:16:47 allowed click
15:16:47 allowed click
15:16:47 allowed click
15:16:47 allowed click
15:16:47 allowed click
15:16:47 allowed click
15:16:47 allowed click
15:16:47 allowed click
15:16:47 allowed click
15:16:47 allowed click
15:16:47 allowed click
15:16:47 allowed click
15:16:47 allowed click
15:16:47 allowed click
15:16:47 allowed click
15:16:47 allowed click
15:16:47 allowed click
15:16:47 allowed click
15:16:47 allowed click
15:16:47 allowed click
15:16:47 allowed click
15:16:47 allowed click
15:16:47 allowed click
15:16:47 allowed click
15:16:47 allowed click
15:16:47 allowed click
15:16:47 allowed click
15:16:47 allowed click
15:16:47 allowed click
15:16:47 allowed click
15:16:47 allowed click
15:16:47 allowed click
15:16:47 allowed click
15:16:47 allowed click
15:16:47 allowed click
15:16:47 allowed click
15:16:47 allowed click
15:16:47 allowed click
15:16:47 allowed click
15:16:47 allowed click
15:16:47 allowed click
15:16:47 allowed click
15:16:47 allowed click
15:16:47 allowed click
15:16:47 allowed click
15:16:47 allowed click
15:16:47 allowed click
15:16:47 allowed click
15:16:47 allowed click
15:16:47 allowed click
15:16:47 allowed click
15:16:47 allowed click
15:16:47 allowed click
15:16:47 allowed click
15:16:47 allowed click
15:16:47 allowed click
15:16:47 allowed click
15:16:47 allowed click
15:16:47 allowed click
15:16:47 allowed click
15:16:47 allowed click
15:16:47 allowed click
15:16:47 allowed click
15:16:47 allowed click
15:16:47 allowed click
15:16:47 allowed click
15:16:47 allowed click
15:16:47 allowed click
15:16:47 allowed click
15:16:47 allowed click
15:16:47 allowed click
15:16:47 allowed click
15:16:47 allowed click
15:16:47 allowed click
15:16:47 allowed click
15:16:47 allowed click
15:16:47 allowed click
15:16:47 allowed click
15:16:47 allowed click
15:16:47 allowed click
15:16:47 allowed click
15:16:47 allowed click
15:16:47 allowed click
15:16:47 allowed click
15:16:47 allowed click
15:16:47 allowed click
15:16:47 allowed click
15:16:47 allowed click
15:16:47 allowed click
15:16:47 allowed click
15:16:47 allowed click
15:16:47 allowed click
15:16:47 allowed click
15:16:47 allowed click
15:16:47 allowed click
15:16:47 allowed click
15:16:47 allowed click
15:16:47 allowed click
15:16:47 allowed click
15:16:47 allowed click
15:16:47 allowed click
15:16:47 allowed click
15:16:47 allowed click
15:16:47 allowed click
15:16:47 allowed click
15:16:47 allowed click
15:16:47 allowed click
15:16:47 allowed click
15:16:47 allowed click
15:16:47 allowed click
15:16:47 allowed click
15:16:47 allowed click
15:16:47 allowed click
15:16:47 allowed click
15:16:47 allowed click
15:16:47 allowed click
15:16:47 allowed click
15:16:47 allowed click
15:16:47 allowed click
15:16:47 allowed click
15:16:47 allowed click
15:16:47 allowed click
15:16:47 allowed click
15:16:47 allowed click
15:16:47 allowed click
15:16:47 allowed click
15:16:47 allowed click
15:16:47 allowed click
15:16:47 allowed click
15:16:47 allowed click
15:16:47 allowed click
15:16:47 allowed click
15:16:47 allowed click
15:16:47 allowed click
15:16:47 allowed click
15:16:47 allowed click
15:16:47 allowed click
15:16:47 allowed click
15:16:47 allowed click
15:16:47 allowed click
15:16:47 allowed click
15:16:47 allowed click
15:16:47 allowed click
15:16:47 allowed click
15:16:47 allowed click
15:16:47 allowed click
15:16:47 allowed click
15:16:47 allowed click
15:16:47 allowed click
15:16:47 allowed click
15:16:47 allowed click
15:16:47 allowed click
15:16:47 allowed click
15:16:47 allowed click
15:16:47 allowed click
15:16:47 allowed click
15:16:47 allowed click
15:16:47 allowed click
15:16:47 allowed click
15:16:47 allowed click
15:16:47 allowed click
15:16:47 allowed click
15:16:47 allowed click
15:16:47 allowed click
15:16:47 allowed click
15:16:47 allowed click
15:16:47 allowed click
15:16:47 allowed click
15:16:47 allowed click
15:16:47 allowed click
15:16:47 allowed click
15:16:47 allowed click
15:16:47 allowed click
15:16:47 allowed click
15:16:47 allowed click
15:16:47 allowed click
15:16:47 allowed click
15:16:47 allowed click
15:16:47 allowed click
15:16:47 allowed click
15:16:47 allowed click
15:16:47 allowed click
15:16:47 allowed click
15:16:47 allowed click
15:16:47 allowed click
15:16:47 allowed click
15:16:47 allowed click
15:16:47 allowed click
15:16:47 allowed click
15:16:47 allowed click
15:16:47 allowed click
15:16:47 allowed click
15:16:47 allowed click
15:16:47 allowed click
15:16:47 allowed click
15:16:47 allowed click
15:16:47 allowed click
15:16:47 allowed click
15:16:47 allowed click
15:16:47 allowed click
15:16:47 allowed click
15:16:47 allowed click
15:16:47 allowed click
15:16:48 allowed click
15:16:48 allowed click
15:16:48 allowed click
15:16:48 allowed click
15:16:48 allowed click
15:16:48 allowed click
15:16:48 allowed click
15:16:48 allowed click
15:16:48 allowed click
15:16:48 allowed click
15:16:48 allowed click
15:16:48 allowed click
15:16:48 allowed click
15:16:48 allowed click
15:16:48 allowed click
15:16:48 allowed click
15:16:48 allowed click
15:16:48 allowed click
15:16:48 allowed click
15:16:48 allowed click
15:16:48 allowed click
15:16:48 allowed click
15:16:48 allowed click
15:16:48 allowed click
15:16:48 allowed click
15:16:48 allowed click
15:16:48 allowed click
15:16:48 allowed click
15:16:48 allowed click
15:16:48 allowed click
15:16:48 allowed click
15:16:48 allowed click
15:16:48 allowed click
15:16:48 allowed click
15:16:48 allowed click
15:16:48 allowed click
15:16:48 allowed click
15:16:48 allowed click
15:16:48 allowed click
15:16:48 allowed click
15:16:48 allowed click
15:16:48 allowed click
15:16:48 allowed click
15:16:48 allowed click
15:16:48 allowed click
15:16:48 allowed click
15:16:48 allowed click
15:16:48 allowed click
15:16:48 allowed click
15:16:48 allowed click
15:16:48 allowed click
15:16:48 allowed click
15:16:48 allowed click
15:16:48 allowed click
15:16:48 allowed click
15:16:48 allowed click
15:16:48 allowed click
15:16:48 allowed click
15:16:48 allowed click
15:16:48 allowed click
15:16:48 allowed click
15:16:48 allowed click
15:16:48 allowed click
15:16:48 allowed click
15:16:48 allowed click
15:16:48 allowed click
15:16:48 allowed click
15:16:48 allowed click
15:16:48 allowed click
15:16:48 allowed click
15:16:48 allowed click
15:16:48 allowed click
15:16:48 allowed click
15:16:48 allowed click
15:16:48 allowed click
15:16:48 allowed click
15:16:48 allowed click
15:16:48 allowed click
15:16:48 allowed click
15:16:48 allowed click
15:16:48 allowed click
15:16:48 allowed click
15:16:48 allowed click
15:16:48 allowed click
15:16:48 allowed click
15:16:48 allowed click
15:16:48 allowed click
15:16:48 allowed click
15:16:48 allowed click
15:16:48 allowed click
15:16:48 allowed click
15:16:48 allowed click
15:16:48 allowed click
15:16:48 allowed click
15:16:48 allowed click
15:16:48 allowed click
15:16:48 allowed click
15:16:48 allowed click
15:16:48 allowed click
15:16:48 allowed click
15:16:48 allowed click
15:16:48 allowed click
15:16:48 allowed click
15:16:48 allowed click
15:16:48 allowed click
15:16:48 allowed click
15:16:48 allowed click
15:16:48 allowed click
15:16:48 allowed click
15:16:48 allowed click
15:16:48 allowed click
15:16:48 allowed click
15:16:48 allowed click
15:16:48 allowed click
15:16:48 allowed click
15:16:48 allowed click
15:16:48 allowed click
15:16:48 allowed click
15:16:48 allowed click
15:16:48 allowed click
15:16:48 allowed click
15:16:48 allowed click
15:16:48 allowed click
15:16:48 allowed click
15:16:48 allowed click
15:16:48 allowed click
15:16:48 allowed click
15:16:48 allowed click
15:16:48 allowed click
15:16:48 allowed click
15:16:48 allowed click
15:16:48 allowed click
