17:16:50 PRIVATE_ISLAND
17:27:18 NONE
17:27:19 HUB
17:27:28 NONE
17:27:28 HUB
17:28:44 NONE
17:28:44 PRIVATE_ISLAND
17:28:48 NONE
17:28:48 HUB
17:37:45 NONE
17:37:46 PRIVATE_ISLAND
17:38:12 NONE
17:38:12 HUB
18:27:43 NONE
18:27:44 PRIVATE_ISLAND
18:28:13 NONE
18:28:13 HUB
18:32:34 PRIVATE_ISLAND
18:32:37 NONE
18:32:38 HUB
18:32:43 NONE
18:32:43 PRIVATE_ISLAND
18:32:46 NONE
18:32:47 HUB
18:36:47 NONE
18:36:48 PRIVATE_ISLAND
18:36:51 NONE
18:36:52 HUB
18:39:17 NONE
18:39:18 PRIVATE_ISLAND
18:39:40 NONE
18:39:45 HUB
19:14:06 PRIVATE_ISLAND
19:14:08 NONE
19:14:09 HUB
19:16:35 NONE
19:16:38 PRIVATE_ISLAND
19:17:52 NONE
19:17:52 HUB
19:27:49 NONE
19:27:49 THE_RIFT
19:28:34 NONE
19:28:34 HUB
19:40:44 NONE
19:40:46 PRIVATE_ISLAND
19:41:13 NONE
19:50:27 PRIVATE_ISLAND
19:51:19 HUB
19:51:23 NONE
19:51:24 HUB
19:51:39 PRIVATE_ISLAND_GUEST
19:52:46 NONE
19:52:47 HUB
19:52:51 NONE
19:52:52 HUB
19:53:18 PRIVATE_ISLAND_GUEST
19:54:02 NONE
19:54:02 HUB
19:54:08 NONE
19:54:08 HUB
19:54:13 NONE
19:54:13 HUB
19:54:28 NONE
19:54:29 PRIVATE_ISLAND_GUEST
19:57:16 NONE
19:57:18 HUB
20:03:26 NONE
20:03:28 PRIVATE_ISLAND
20:13:40 NONE
20:46:40 PRIVATE_ISLAND
