00:51:44 `62u22c0302`228 missed {
 is already Found: false).
 Position: LorenzVec(x=22.0, y=71.0, z=-45.5)
 DistanceC: 20.228662543478194
Relative Position: LorenzVec(x=10.92760524449233, y=1.0, z=20.228662543478194)
 }
00:52:05 `8bf4pau50z`424 missed {
 is already Found: false).
 Position: LorenzVec(x=-36.0, y=73.0, z=-95.5)
 DistanceC: 21.61598554371554
Relative Position: LorenzVec(x=-16.46921237350152, y=3.0, z=-21.61598554371554)
 }
00:52:06 `m2k3m8vf88`244 missed {
 is already Found: false).
 Position: LorenzVec(x=-42.5, y=72.0, z=-54.5)
 DistanceC: 22.96921237350152
Relative Position: LorenzVec(x=-22.96921237350152, y=2.0, z=19.38401445628446)
 }
00:52:07 `o6c108gnrf`530 missed {
 is already Found: false).
 Position: LorenzVec(x=-6.5, y=55.0, z=-95.5)
 DistanceC: 21.61598554371554
Relative Position: LorenzVec(x=13.03078762649848, y=-15.0, z=-21.61598554371554)
 }
00:53:14 `o6c108gnrf`530 missed {
 is already Found: false).
 Position: LorenzVec(x=-6.5, y=55.0, z=-95.5)
 DistanceC: 19.85584904310757
Relative Position: LorenzVec(x=8.668498138505292, y=-15.0, z=-19.85584904310757)
 }
00:53:26 `n5acm919o1`420 missed {
 is already Found: false).
 Position: LorenzVec(x=-46.5, y=73.0, z=-90.5)
 DistanceC: 23.981171991622976
Relative Position: LorenzVec(x=-23.981171991622976, y=3.0, z=-14.279306106905608)
 }
00:54:20 `o6c108gnrf`530 missed {
 is already Found: false).
 Position: LorenzVec(x=-6.5, y=55.0, z=-95.5)
 DistanceC: 19.16303166251295
Relative Position: LorenzVec(x=14.132470516764993, y=-15.0, z=-19.16303166251295)
 }
00:54:46 `d4ag44frqd`536 missed {
 is already Found: false).
 Position: LorenzVec(x=114.5, y=73.0, z=175.0)
 DistanceC: 19.86039767585298
Relative Position: LorenzVec(x=19.86039767585298, y=-2.0, z=-0.2787548249926317)
 }
00:56:06 `Villager`357 missed {
 is already Found: false).
 Position: LorenzVec(x=-25.71875, y=68.0, z=-103.125)
 DistanceC: 23.636322990194856
Relative Position: LorenzVec(x=-23.636322990194856, y=-2.0, z=-18.42524552276774)
 }
00:56:06 `tk34654f2y`418 missed {
 is already Found: false).
 Position: LorenzVec(x=14.0, y=72.0, z=-106.0)
 DistanceC: 21.30024552276774
Relative Position: LorenzVec(x=16.082427009805144, y=2.0, z=-21.30024552276774)
 }
00:56:57 `Villager`363 missed {
 is already Found: false).
 Position: LorenzVec(x=28.0, y=70.0, z=-116.0)
 DistanceC: 22.90513258423373
Relative Position: LorenzVec(x=22.90513258423373, y=-2.0, z=-16.379105314686612)
 }
01:03:33 `Villager`357 missed {
 is already Found: false).
 Position: LorenzVec(x=-25.71875, y=68.0, z=-103.125)
 DistanceC: 21.871307420162665
Relative Position: LorenzVec(x=-21.782752451976858, y=-2.0, z=-21.871307420162665)
 }
01:06:28 `Villager`365 missed {
 is already Found: false).
 Position: LorenzVec(x=17.5, y=70.0, z=-99.0)
 DistanceC: 20.0
Relative Position: LorenzVec(x=20.0, y=0.0, z=-16.182447540907773)
 }
01:06:28 `Villager`357 missed {
 is already Found: false).
 Position: LorenzVec(x=-25.71875, y=68.0, z=-103.125)
 DistanceC: 23.21875
Relative Position: LorenzVec(x=-23.21875, y=-2.0, z=-20.307447540907773)
 }
01:06:29 `wm52af2x01`418 missed {
 is already Found: false).
 Position: LorenzVec(x=14.0, y=72.0, z=-106.0)
 DistanceC: 23.182447540907773
Relative Position: LorenzVec(x=16.5, y=2.0, z=-23.182447540907773)
 }
01:06:45 `w386781w14`341 missed {
 is already Found: false).
 Position: LorenzVec(x=-41.5, y=70.0, z=-64.5)
 DistanceC: 23.97073623008042
Relative Position: LorenzVec(x=-14.573973955506737, y=-2.0, z=23.97073623008042)
 }
01:06:46 `09u7647wg2`340 missed {
 is already Found: false).
 Position: LorenzVec(x=-49.5, y=70.0, z=-67.5)
 DistanceC: 22.573973955506737
Relative Position: LorenzVec(x=-22.573973955506737, y=-2.0, z=20.97073623008042)
 }
01:07:05 `wm52af2x01`418 missed {
 is already Found: false).
 Position: LorenzVec(x=14.0, y=72.0, z=-106.0)
 DistanceC: 21.817378284154557
Relative Position: LorenzVec(x=13.852191039013515, y=2.0, z=-21.817378284154557)
 }
01:07:06 `9g0rws6o07`497 missed {
 is already Found: false).
 Position: LorenzVec(x=23.0, y=71.0, z=-69.0)
 DistanceC: 22.852191039013515
Relative Position: LorenzVec(x=22.852191039013515, y=1.0, z=15.182621715845443)
 }
01:07:06 `9llfv44336`498 missed {
 is already Found: false).
 Position: LorenzVec(x=23.0, y=77.0, z=-69.5)
 DistanceC: 22.852191039013515
Relative Position: LorenzVec(x=22.852191039013515, y=7.0, z=14.682621715845443)
 }
01:08:02 `Villager`255 missed {
 is already Found: false).
 Position: LorenzVec(x=-35.5, y=69.0, z=-112.5)
 DistanceC: 23.229609616565256
Relative Position: LorenzVec(x=-22.127982602839495, y=-1.0, z=-23.229609616565256)
 }
01:08:50 `9g0rws6o07`497 missed {
 is already Found: false).
 Position: LorenzVec(x=23.0, y=71.0, z=-69.0)
 DistanceC: 20.487972868339817
Relative Position: LorenzVec(x=20.487972868339817, y=-2.4950646203298135, z=8.677727410889432)
 }
01:08:50 `9llfv44336`498 missed {
 is already Found: false).
 Position: LorenzVec(x=23.0, y=77.0, z=-69.5)
 DistanceC: 20.487972868339817
Relative Position: LorenzVec(x=20.487972868339817, y=3.5049353796701865, z=8.177727410889432)
 }
01:09:23 `09u7647wg2`340 missed {
 is already Found: false).
 Position: LorenzVec(x=-49.5, y=70.0, z=-67.5)
 DistanceC: 23.295456108747743
Relative Position: LorenzVec(x=-20.348056540919416, y=-18.5, z=23.295456108747743)
 }
01:09:25 `Villager`255 missed {
 is already Found: false).
 Position: LorenzVec(x=-35.5, y=69.0, z=-112.5)
 DistanceC: 21.704543891252257
Relative Position: LorenzVec(x=-6.348056540919416, y=-19.5, z=-21.704543891252257)
 }
01:10:01 `00ilkr9pbr`1593 missed {
 is already Found: false).
 Position: LorenzVec(x=-2.5, y=72.0, z=-109.5)
 DistanceC: 19.36893728553138
Relative Position: LorenzVec(x=19.36893728553138, y=-16.5, z=-18.390376193452923)
 }
01:10:01 `4x5r72iz0n`1592 missed {
 is already Found: false).
 Position: LorenzVec(x=-0.5, y=72.0, z=-111.5)
 DistanceC: 21.36893728553138
Relative Position: LorenzVec(x=21.36893728553138, y=-16.5, z=-20.390376193452923)
 }
01:10:01 `3355426jjp`592 missed {
 is already Found: false).
 Position: LorenzVec(x=0.5, y=70.0, z=-90.5)
 DistanceC: 22.36893728553138
Relative Position: LorenzVec(x=22.36893728553138, y=-18.5, z=0.6096238065470772)
 }
01:11:09 `45hi6s1ml2`251 missed {
 is already Found: false).
 Position: LorenzVec(x=-24.5, y=71.0, z=-58.5)
 DistanceC: 21.4005694899528
Relative Position: LorenzVec(x=-13.460639215600576, y=1.0, z=21.4005694899528)
 }
01:11:09 `Villager`357 missed {
 is already Found: false).
 Position: LorenzVec(x=-25.71875, y=68.0, z=-103.125)
 DistanceC: 23.2244305100472
Relative Position: LorenzVec(x=-14.679389215600576, y=-2.0, z=-23.2244305100472)
 }
01:11:10 `7sy10s6kbm`423 missed {
 is already Found: false).
 Position: LorenzVec(x=-31.0, y=73.0, z=-95.5)
 DistanceC: 19.960639215600576
Relative Position: LorenzVec(x=-19.960639215600576, y=3.0, z=-15.599430510047199)
 }
01:12:49 `d45y1pd202`418 missed {
 is already Found: false).
 Position: LorenzVec(x=14.0, y=72.0, z=-106.0)
 DistanceC: 21.103277898774877
Relative Position: LorenzVec(x=13.166527062469182, y=2.0, z=-21.103277898774877)
 }
01:12:50 `0njg9hm2zw`497 missed {
 is already Found: false).
 Position: LorenzVec(x=23.0, y=71.0, z=-69.0)
 DistanceC: 21.85265426456889
Relative Position: LorenzVec(x=21.85265426456889, y=-1.7655760830912612, z=17.387805277759966)
 }
01:12:50 `173g634m64`498 missed {
 is already Found: false).
 Position: LorenzVec(x=23.0, y=77.0, z=-69.5)
 DistanceC: 21.85265426456889
Relative Position: LorenzVec(x=21.85265426456889, y=4.234423916908739, z=16.887805277759966)
 }
01:13:00 `Villager`357 missed {
 is already Found: false).
 Position: LorenzVec(x=-25.71875, y=68.0, z=-103.125)
 DistanceC: 20.262351044210952
Relative Position: LorenzVec(x=-20.262351044210952, y=-2.0, z=-16.808161189166853)
 }
01:13:38 `fv5x243jp8`424 missed {
 is already Found: false).
 Position: LorenzVec(x=-36.0, y=73.0, z=-95.5)
 DistanceC: 23.576236813074594
Relative Position: LorenzVec(x=-23.576236813074594, y=3.0, z=-7.915100843088595)
 }
01:14:22 `w10x1tir67`244 missed {
 is already Found: false).
 Position: LorenzVec(x=-42.5, y=72.0, z=-54.5)
 DistanceC: 20.335645757537264
Relative Position: LorenzVec(x=-20.335645757537264, y=-4.09935711385296, z=-10.614183043483841)
 }
01:14:33 `7f180m5fz9`528 missed {
 is already Found: false).
 Position: LorenzVec(x=-62.5, y=77.0, z=84.5)
 DistanceC: 1.800000011920929
Relative Position: LorenzVec(x=-0.11959436084651287, y=1.0, z=1.800000011920929)
 }
01:15:16 `Scion `9726827 missed {
 is already Found: false).
 Position: LorenzVec(x=17.0, y=100.0, z=47.8125)
 DistanceC: 20.849351515373858
Relative Position: LorenzVec(x=10.380223610689045, y=0.0, z=20.849351515373858)
 }
01:18:59 `490du535um`531 missed {
 is already Found: false).
 Position: LorenzVec(x=-32.5, y=71.0, z=-76.5)
 DistanceC: 21.19999998807907
Relative Position: LorenzVec(x=21.19999998807907, y=-1.0, z=-19.97260505240338)
 }
01:21:58 `Scion `21678830 missed {
 is already Found: false).
 Position: LorenzVec(x=13.5, y=100.0, z=47.5)
 DistanceC: 19.727303549959952
Relative Position: LorenzVec(x=6.870703866295892, y=-1.020000010728836, z=19.727303549959952)
 }
