13:45:45 Trying to load config from config\skyhanni\config.json
13:45:45 load-config-now
13:45:46 Loaded config from file
13:45:46 Trying to load sacks from config\skyhanni\sacks.json
13:45:46 load-sacks-now
13:45:46 Loaded sacks from file
13:45:46 Trying to load friends from config\skyhanni\friends.json
13:45:46 load-friends-now
13:45:46 Loaded friends from file
13:45:46 Trying to load known_features from config\skyhanni\known_features.json
13:45:46 load-known_features-now
13:45:46 Loaded known_features from file
13:45:46 Trying to load jacob_contests from config\skyhanni\jacob_contests.json
13:45:46 load-jacob_contests-now
13:45:46 Loaded jacob_contests from file
13:45:46 Trying to load visual_words from config\skyhanni\visual_words.json
13:45:46 Setting visual_words to be blank as it did not exist. It will be saved once something is written to it
13:46:46 saveConfig: auto-save-60s
13:46:46 Saving config file
13:46:46 Saved config file successfully
13:46:46 saveConfig: auto-save-60s
13:46:46 Saving config file
13:46:46 Saved config file successfully
13:47:46 saveConfig: auto-save-60s
13:47:46 Saving config file
13:47:46 Saved config file successfully
13:47:46 saveConfig: auto-save-60s
13:47:46 Saving config file
13:47:46 Saved config file successfully
13:48:46 saveConfig: auto-save-60s
13:48:46 Saving config file
13:48:46 Saved config file successfully
13:48:46 saveConfig: auto-save-60s
13:48:46 Saving config file
13:48:46 Saved config file successfully
13:49:46 saveConfig: auto-save-60s
13:49:46 Saving config file
13:49:46 Saved config file successfully
13:49:46 saveConfig: auto-save-60s
13:49:46 Saving config file
13:49:46 Saved config file successfully
13:50:24 saveConfig: Updated known feature flags
13:50:24 Saving known_features file
13:50:24 Saved known_features file successfully
13:50:24 saveConfig: Updated known feature flags
13:50:24 Saving known_features file
13:50:24 Saved known_features file successfully
13:50:46 saveConfig: auto-save-60s
13:50:46 Saving config file
13:50:46 Saved config file successfully
13:50:46 saveConfig: auto-save-60s
13:50:46 Saving config file
13:50:46 Saved config file successfully
13:51:46 saveConfig: auto-save-60s
13:51:46 Saving config file
13:51:46 Saved config file successfully
13:51:46 saveConfig: auto-save-60s
13:51:46 Saving config file
13:51:46 Saved config file successfully
13:52:38 saveConfig: saving-data
13:52:38 Saving sacks file
13:52:38 Saved sacks file successfully
13:52:38 saveConfig: saving-data
13:52:38 Saving sacks file
13:52:38 Saved sacks file successfully
13:52:46 saveConfig: auto-save-60s
13:52:46 Saving config file
13:52:46 Saved config file successfully
13:52:46 saveConfig: auto-save-60s
13:52:46 Saving config file
13:52:46 Saved config file successfully
13:52:54 saveConfig: saving-data
13:52:54 Saving sacks file
13:52:54 Saved sacks file successfully
13:52:54 saveConfig: saving-data
13:52:54 Saving sacks file
13:52:54 Saved sacks file successfully
13:53:06 saveConfig: saving-data
13:53:06 Saving sacks file
13:53:06 Saved sacks file successfully
13:53:06 saveConfig: saving-data
13:53:06 Saving sacks file
13:53:06 Saved sacks file successfully
13:53:46 saveConfig: auto-save-60s
13:53:46 Saving config file
13:53:46 Saved config file successfully
13:53:46 saveConfig: auto-save-60s
13:53:46 Saving config file
13:53:46 Saved config file successfully
13:54:32 saveConfig: saving-data
13:54:32 Saving sacks file
13:54:32 Saved sacks file successfully
13:54:32 saveConfig: saving-data
13:54:32 Saving sacks file
13:54:32 Saved sacks file successfully
13:54:46 saveConfig: auto-save-60s
13:54:46 Saving config file
13:54:46 Saved config file successfully
13:54:46 saveConfig: auto-save-60s
13:54:46 Saving config file
13:54:46 Saved config file successfully
13:55:46 saveConfig: auto-save-60s
13:55:46 Saving config file
13:55:46 Saved config file successfully
13:55:46 saveConfig: auto-save-60s
13:55:46 Saving config file
13:55:46 Saved config file successfully
13:56:46 saveConfig: auto-save-60s
13:56:46 Saving config file
13:56:46 Saved config file successfully
13:56:46 saveConfig: auto-save-60s
13:56:46 Saving config file
13:56:46 Saved config file successfully
13:57:17 saveConfig: saving-data
13:57:17 Saving sacks file
13:57:17 Saved sacks file successfully
13:57:17 saveConfig: saving-data
13:57:17 Saving sacks file
13:57:17 Saved sacks file successfully
13:57:29 saveConfig: saving-data
13:57:29 Saving sacks file
13:57:29 Saved sacks file successfully
13:57:29 saveConfig: saving-data
13:57:29 Saving sacks file
13:57:29 Saved sacks file successfully
13:57:36 saveConfig: saving-data
13:57:36 Saving sacks file
13:57:36 Saved sacks file successfully
13:57:36 saveConfig: saving-data
13:57:36 Saving sacks file
13:57:36 Saved sacks file successfully
13:57:46 saveConfig: auto-save-60s
13:57:46 Saving config file
13:57:46 Saved config file successfully
13:57:46 saveConfig: auto-save-60s
13:57:46 Saving config file
13:57:46 Saved config file successfully
13:57:48 saveConfig: saving-data
13:57:48 Saving sacks file
13:57:48 Saved sacks file successfully
13:57:48 saveConfig: saving-data
13:57:48 Saving sacks file
13:57:48 Saved sacks file successfully
13:58:02 saveConfig: saving-data
13:58:02 Saving sacks file
13:58:02 Saved sacks file successfully
13:58:02 saveConfig: saving-data
13:58:02 Saving sacks file
13:58:03 Saved sacks file successfully
13:58:11 saveConfig: saving-data
13:58:11 Saving sacks file
13:58:11 Saved sacks file successfully
13:58:11 saveConfig: saving-data
13:58:11 Saving sacks file
13:58:11 Saved sacks file successfully
13:58:20 saveConfig: saving-data
13:58:20 Saving sacks file
13:58:20 Saved sacks file successfully
13:58:20 saveConfig: saving-data
13:58:20 Saving sacks file
13:58:20 Saved sacks file successfully
13:58:29 saveConfig: saving-data
13:58:29 Saving sacks file
13:58:29 Saved sacks file successfully
13:58:29 saveConfig: saving-data
13:58:29 Saving sacks file
13:58:29 Saved sacks file successfully
13:58:34 saveConfig: saving-data
13:58:34 Saving sacks file
13:58:34 Saved sacks file successfully
13:58:34 saveConfig: saving-data
13:58:34 Saving sacks file
13:58:34 Saved sacks file successfully
13:58:41 saveConfig: saving-data
13:58:41 Saving sacks file
13:58:41 Saved sacks file successfully
13:58:41 saveConfig: saving-data
13:58:41 Saving sacks file
13:58:41 Saved sacks file successfully
13:58:46 saveConfig: auto-save-60s
13:58:46 Saving config file
13:58:46 Saved config file successfully
13:58:46 saveConfig: auto-save-60s
13:58:46 Saving config file
13:58:46 Saved config file successfully
13:59:03 saveConfig: saving-data
13:59:03 Saving sacks file
13:59:03 Saved sacks file successfully
13:59:03 saveConfig: saving-data
13:59:03 Saving sacks file
13:59:03 Saved sacks file successfully
13:59:27 saveConfig: saving-data
13:59:27 Saving sacks file
13:59:27 Saved sacks file successfully
13:59:27 saveConfig: saving-data
13:59:27 Saving sacks file
13:59:27 Saved sacks file successfully
13:59:38 saveConfig: saving-data
13:59:38 Saving sacks file
13:59:38 Saved sacks file successfully
13:59:38 saveConfig: saving-data
13:59:38 Saving sacks file
13:59:38 Saved sacks file successfully
13:59:46 saveConfig: auto-save-60s
13:59:46 Saving config file
13:59:46 Saved config file successfully
13:59:46 saveConfig: auto-save-60s
13:59:46 Saving config file
13:59:46 Saved config file successfully
14:00:46 saveConfig: auto-save-60s
14:00:46 Saving config file
14:00:46 Saved config file successfully
14:00:46 saveConfig: auto-save-60s
14:00:46 Saving config file
14:00:46 Saved config file successfully
14:01:36 saveConfig: saving-data
14:01:36 Saving sacks file
14:01:37 Saved sacks file successfully
14:01:37 saveConfig: saving-data
14:01:37 Saving sacks file
14:01:37 Saved sacks file successfully
14:01:46 saveConfig: auto-save-60s
14:01:46 Saving config file
14:01:46 Saved config file successfully
14:01:46 saveConfig: auto-save-60s
14:01:46 Saving config file
14:01:46 Saved config file successfully
14:01:50 saveConfig: saving-data
14:01:50 Saving sacks file
14:01:50 Saved sacks file successfully
14:01:50 saveConfig: saving-data
14:01:50 Saving sacks file
14:01:50 Saved sacks file successfully
14:02:30 saveConfig: saving-data
14:02:30 Saving sacks file
14:02:30 Saved sacks file successfully
14:02:30 saveConfig: saving-data
14:02:30 Saving sacks file
14:02:30 Saved sacks file successfully
14:02:46 saveConfig: auto-save-60s
14:02:46 Saving config file
14:02:46 Saved config file successfully
14:02:46 saveConfig: auto-save-60s
14:02:46 Saving config file
14:02:46 Saved config file successfully
14:03:46 saveConfig: auto-save-60s
14:03:46 Saving config file
14:03:46 Saved config file successfully
14:03:46 saveConfig: auto-save-60s
14:03:46 Saving config file
14:03:46 Saved config file successfully
14:04:46 saveConfig: auto-save-60s
14:04:46 Saving config file
14:04:46 Saved config file successfully
14:04:46 saveConfig: auto-save-60s
14:04:46 Saving config file
14:04:46 Saved config file successfully
14:05:46 saveConfig: auto-save-60s
14:05:46 Saving config file
14:05:46 Saved config file successfully
14:05:46 saveConfig: auto-save-60s
14:05:46 Saving config file
14:05:46 Saved config file successfully
14:06:46 saveConfig: auto-save-60s
14:06:46 Saving config file
14:06:46 Saved config file successfully
14:06:46 saveConfig: auto-save-60s
14:06:46 Saving config file
14:06:46 Saved config file successfully
14:06:47 saveConfig: saving-data
14:06:47 Saving sacks file
14:06:47 Saved sacks file successfully
14:06:47 saveConfig: saving-data
14:06:47 Saving sacks file
14:06:47 Saved sacks file successfully
14:07:12 saveConfig: saving-data
14:07:12 Saving sacks file
14:07:12 Saved sacks file successfully
14:07:12 saveConfig: saving-data
14:07:12 Saving sacks file
14:07:12 Saved sacks file successfully
14:07:46 saveConfig: auto-save-60s
14:07:46 Saving config file
14:07:46 Saved config file successfully
14:07:46 saveConfig: auto-save-60s
14:07:46 Saving config file
14:07:46 Saved config file successfully
14:08:46 saveConfig: auto-save-60s
14:08:46 Saving config file
14:08:46 Saved config file successfully
14:08:46 saveConfig: auto-save-60s
14:08:46 Saving config file
14:08:46 Saved config file successfully
14:09:46 saveConfig: auto-save-60s
14:09:46 Saving config file
14:09:46 Saved config file successfully
14:09:46 saveConfig: auto-save-60s
14:09:46 Saving config file
14:09:46 Saved config file successfully
14:10:46 saveConfig: auto-save-60s
14:10:46 Saving config file
14:10:46 Saved config file successfully
14:10:46 saveConfig: auto-save-60s
14:10:46 Saving config file
14:10:46 Saved config file successfully
14:11:46 saveConfig: auto-save-60s
14:11:46 Saving config file
14:11:46 Saved config file successfully
14:11:46 saveConfig: auto-save-60s
14:11:46 Saving config file
14:11:46 Saved config file successfully
14:12:46 saveConfig: auto-save-60s
14:12:46 Saving config file
14:12:46 Saved config file successfully
14:12:46 saveConfig: auto-save-60s
14:12:46 Saving config file
14:12:46 Saved config file successfully
14:13:46 saveConfig: auto-save-60s
14:13:46 Saving config file
14:13:46 Saved config file successfully
14:13:46 saveConfig: auto-save-60s
14:13:46 Saving config file
14:13:46 Saved config file successfully
14:14:46 saveConfig: auto-save-60s
14:14:46 Saving config file
14:14:46 Saved config file successfully
14:14:46 saveConfig: auto-save-60s
14:14:46 Saving config file
14:14:46 Saved config file successfully
14:15:46 saveConfig: auto-save-60s
14:15:46 Saving config file
14:15:46 Saved config file successfully
14:15:46 saveConfig: auto-save-60s
14:15:46 Saving config file
14:15:46 Saved config file successfully
14:16:46 saveConfig: auto-save-60s
14:16:46 Saving config file
14:16:46 Saved config file successfully
14:16:46 saveConfig: auto-save-60s
14:16:46 Saving config file
14:16:46 Saved config file successfully
14:17:46 saveConfig: auto-save-60s
14:17:46 Saving config file
14:17:46 Saved config file successfully
14:17:46 saveConfig: auto-save-60s
14:17:46 Saving config file
14:17:46 Saved config file successfully
14:18:06 saveConfig: saving-data
14:18:06 Saving sacks file
14:18:06 Saved sacks file successfully
14:18:06 saveConfig: saving-data
14:18:06 Saving sacks file
14:18:06 Saved sacks file successfully
14:18:46 saveConfig: auto-save-60s
14:18:46 Saving config file
14:18:46 Saved config file successfully
14:18:46 saveConfig: auto-save-60s
14:18:46 Saving config file
14:18:46 Saved config file successfully
14:19:28 saveConfig: saving-data
14:19:28 Saving sacks file
14:19:28 Saved sacks file successfully
14:19:28 saveConfig: saving-data
14:19:28 Saving sacks file
14:19:28 Saved sacks file successfully
14:19:46 saveConfig: auto-save-60s
14:19:46 Saving config file
14:19:46 Saved config file successfully
14:19:46 saveConfig: auto-save-60s
14:19:46 Saving config file
14:19:46 Saved config file successfully
14:20:38 saveConfig: saving-data
14:20:38 Saving sacks file
14:20:38 Saved sacks file successfully
14:20:38 saveConfig: saving-data
14:20:38 Saving sacks file
14:20:38 Saved sacks file successfully
14:20:46 saveConfig: auto-save-60s
14:20:46 Saving config file
14:20:46 Saved config file successfully
14:20:46 saveConfig: auto-save-60s
14:20:46 Saving config file
14:20:46 Saved config file successfully
14:21:46 saveConfig: auto-save-60s
14:21:46 Saving config file
14:21:46 Saved config file successfully
14:21:46 saveConfig: auto-save-60s
14:21:46 Saving config file
14:21:46 Saved config file successfully
14:21:48 saveConfig: saving-data
14:21:48 Saving sacks file
14:21:48 Saved sacks file successfully
14:21:48 saveConfig: saving-data
14:21:48 Saving sacks file
14:21:48 Saved sacks file successfully
14:22:46 saveConfig: auto-save-60s
14:22:46 Saving config file
14:22:46 Saved config file successfully
14:22:46 saveConfig: auto-save-60s
14:22:46 Saving config file
14:22:46 Saved config file successfully
14:23:46 saveConfig: auto-save-60s
14:23:46 Saving config file
14:23:46 Saved config file successfully
14:23:46 saveConfig: auto-save-60s
14:23:46 Saving config file
14:23:46 Saved config file successfully
14:24:36 saveConfig: saving-data
14:24:36 Saving sacks file
14:24:36 Saved sacks file successfully
14:24:36 saveConfig: saving-data
14:24:36 Saving sacks file
14:24:36 Saved sacks file successfully
14:24:46 saveConfig: auto-save-60s
14:24:46 Saving config file
14:24:46 Saved config file successfully
14:24:46 saveConfig: auto-save-60s
14:24:46 Saving config file
14:24:46 Saved config file successfully
14:25:38 saveConfig: saving-data
14:25:38 Saving sacks file
14:25:38 Saved sacks file successfully
14:25:38 saveConfig: saving-data
14:25:38 Saving sacks file
14:25:38 Saved sacks file successfully
14:25:46 saveConfig: auto-save-60s
14:25:46 Saving config file
14:25:46 Saved config file successfully
14:25:46 saveConfig: auto-save-60s
14:25:46 Saving config file
14:25:46 Saved config file successfully
14:26:15 saveConfig: saving-data
14:26:15 Saving sacks file
14:26:15 Saved sacks file successfully
14:26:15 saveConfig: saving-data
14:26:15 Saving sacks file
14:26:15 Saved sacks file successfully
14:26:46 saveConfig: auto-save-60s
14:26:46 Saving config file
14:26:46 Saved config file successfully
14:26:46 saveConfig: auto-save-60s
14:26:46 Saving config file
14:26:46 Saved config file successfully
14:26:56 saveConfig: saving-data
14:26:56 Saving sacks file
14:26:56 Saved sacks file successfully
14:26:56 saveConfig: saving-data
14:26:56 Saving sacks file
14:26:56 Saved sacks file successfully
14:27:46 saveConfig: auto-save-60s
14:27:46 Saving config file
14:27:46 Saved config file successfully
14:27:46 saveConfig: auto-save-60s
14:27:46 Saving config file
14:27:46 Saved config file successfully
14:28:46 saveConfig: auto-save-60s
14:28:46 Saving config file
14:28:46 Saved config file successfully
14:28:46 saveConfig: auto-save-60s
14:28:46 Saving config file
14:28:46 Saved config file successfully
14:29:46 saveConfig: auto-save-60s
14:29:46 Saving config file
14:29:46 Saved config file successfully
14:29:46 saveConfig: auto-save-60s
14:29:46 Saving config file
14:29:46 Saved config file successfully
14:30:46 saveConfig: auto-save-60s
14:30:46 Saving config file
14:30:46 Saved config file successfully
14:30:46 saveConfig: auto-save-60s
14:30:46 Saving config file
14:30:46 Saved config file successfully
14:31:26 saveConfig: saving-data
14:31:26 Saving sacks file
14:31:26 Saved sacks file successfully
14:31:26 saveConfig: saving-data
14:31:26 Saving sacks file
14:31:26 Saved sacks file successfully
14:31:46 saveConfig: auto-save-60s
14:31:46 Saving config file
14:31:46 Saved config file successfully
14:31:46 saveConfig: auto-save-60s
14:31:46 Saving config file
14:31:46 Saved config file successfully
14:32:46 saveConfig: auto-save-60s
14:32:46 Saving config file
14:32:46 Saved config file successfully
14:32:46 saveConfig: auto-save-60s
14:32:46 Saving config file
14:32:46 Saved config file successfully
14:33:46 saveConfig: auto-save-60s
14:33:46 Saving config file
14:33:46 Saved config file successfully
14:33:46 saveConfig: auto-save-60s
14:33:46 Saving config file
14:33:46 Saved config file successfully
14:34:46 saveConfig: auto-save-60s
14:34:46 Saving config file
14:34:46 Saved config file successfully
14:34:46 saveConfig: auto-save-60s
14:34:46 Saving config file
14:34:46 Saved config file successfully
14:34:53 saveConfig: Save contests
14:34:53 Saving jacob_contests file
14:34:53 Saved jacob_contests file successfully
14:34:53 saveConfig: Save contests
14:34:53 Saving jacob_contests file
14:34:53 Saved jacob_contests file successfully
14:35:02 saveConfig: Save contests
14:35:02 Saving jacob_contests file
14:35:02 Saved jacob_contests file successfully
14:35:02 saveConfig: Save contests
14:35:02 Saving jacob_contests file
14:35:02 Saved jacob_contests file successfully
14:35:11 saveConfig: Save contests
14:35:11 Saving jacob_contests file
14:35:11 Saved jacob_contests file successfully
14:35:11 saveConfig: Save contests
14:35:11 Saving jacob_contests file
14:35:11 Saved jacob_contests file successfully
14:35:46 saveConfig: auto-save-60s
14:35:46 Saving config file
14:35:46 Saved config file successfully
14:35:46 saveConfig: auto-save-60s
14:35:46 Saving config file
14:35:46 Saved config file successfully
14:36:46 saveConfig: auto-save-60s
14:36:46 Saving config file
14:36:46 Saved config file successfully
14:36:46 saveConfig: auto-save-60s
14:36:46 Saving config file
14:36:46 Saved config file successfully
14:37:46 saveConfig: auto-save-60s
14:37:46 Saving config file
14:37:46 Saved config file successfully
14:37:46 saveConfig: auto-save-60s
14:37:46 Saving config file
14:37:46 Saved config file successfully
14:38:46 saveConfig: auto-save-60s
14:38:46 Saving config file
14:38:46 Saved config file successfully
14:38:46 saveConfig: auto-save-60s
14:38:46 Saving config file
14:38:46 Saved config file successfully
14:39:46 saveConfig: auto-save-60s
14:39:46 Saving config file
14:39:46 Saved config file successfully
14:39:46 saveConfig: auto-save-60s
14:39:46 Saving config file
14:39:46 Saved config file successfully
14:40:46 saveConfig: auto-save-60s
14:40:46 Saving config file
14:40:46 Saved config file successfully
14:40:46 saveConfig: auto-save-60s
14:40:46 Saving config file
14:40:46 Saved config file successfully
14:41:00 saveConfig: shutdown-hook
14:41:00 Saving config file
