22:35:24 §eYou received §a67x Enchanted Potato §efor killing a §2Locust§e!
22:35:34 §eYou received §a24x Enchanted Red Mushroom §efor killing a §2Slug§e!
22:35:38 §eYou received §a98x Enchanted Potato §efor killing a §2Locust§e!
22:35:46 §eYou received §a106x Enchanted Carrot §efor killing a §2Cricket§e!
22:35:50 §eYou received §a113x Enchanted Potato §efor killing a §2Locust§e!
22:35:57 §eYou received §a31x Enchanted Wheat §efor killing a §2Fly§e!
22:36:05 §eYou received §a162x Enchanted Melon §efor killing an §2Earthworm§e!
22:36:15 §eYou received §a112x Enchanted Potato §efor killing a §2Locust§e!
22:36:36 §eYou received §a98x Enchanted Potato §efor killing a §2Locust§e!
22:36:36 §eYou received §a1x Honey Jar §efor killing a §2Field Mouse§e!
22:36:36 §eYou received §a1x Plant Matter §efor killing a §2Field Mouse§e!
22:36:36 §eYou received §a159x Enchanted Potato §efor killing a §2Field Mouse§e!
22:36:36 §eYou received §a1x Tasty Cheese §efor killing a §2Field Mouse§e!
22:36:36 §eYou received §a1x Compost §efor killing a §2Field Mouse§e!
22:36:36 §eYou received §a1x Dung §efor killing a §2Field Mouse§e!
22:36:36 §eYou received §a93x Enchanted Cocoa Beans §efor killing a §2Moth§e!
22:36:37 §eYou received §a32x Enchanted Pumpkin §efor killing a §2Rat§e!
22:36:37 §eYou received §a31x Enchanted Pumpkin §efor killing a §2Rat§e!
22:36:37 §eYou received §a112x Enchanted Potato §efor killing a §2Locust§e!
22:36:38 §eYou received §a112x Enchanted Potato §efor killing a §2Locust§e!
22:36:38 §eYou received §a32x Enchanted Pumpkin §efor killing a §2Rat§e!
22:36:38 §eYou received §a65x Enchanted Cactus Green §efor killing a §2Mite§e!
