11:26:33 Trying to load config from config\skyhanni\config.json
11:26:33 load-config-now
11:26:34 Loaded config from file
11:26:34 Trying to load sacks from config\skyhanni\sacks.json
11:26:34 load-sacks-now
11:26:34 Loaded sacks from file
11:26:34 Trying to load friends from config\skyhanni\friends.json
11:26:34 load-friends-now
11:26:34 Loaded friends from file
11:26:34 Trying to load known_features from config\skyhanni\known_features.json
11:26:34 load-known_features-now
11:26:34 Loaded known_features from file
11:26:34 Trying to load jacob_contests from config\skyhanni\jacob_contests.json
11:26:34 load-jacob_contests-now
11:26:34 Loaded jacob_contests from file
11:26:34 Trying to load visual_words from config\skyhanni\visual_words.json
11:26:34 Setting visual_words to be blank as it did not exist. It will be saved once something is written to it
11:27:34 saveConfig: auto-save-60s
11:27:34 Saving config file
11:27:34 Saved config file successfully
11:27:34 saveConfig: auto-save-60s
11:27:34 Saving config file
11:27:34 Saved config file successfully
11:28:34 saveConfig: auto-save-60s
11:28:34 Saving config file
11:28:34 Saved config file successfully
11:28:34 saveConfig: auto-save-60s
11:28:34 Saving config file
11:28:34 Saved config file successfully
11:28:36 saveConfig: Updated known feature flags
11:28:36 Saving known_features file
11:28:36 Saved known_features file successfully
11:28:36 saveConfig: Updated known feature flags
11:28:36 Saving known_features file
11:28:36 Saved known_features file successfully
11:29:34 saveConfig: auto-save-60s
11:29:34 Saving config file
11:29:34 Saved config file successfully
11:29:34 saveConfig: auto-save-60s
11:29:34 Saving config file
11:29:34 Saved config file successfully
11:30:34 saveConfig: auto-save-60s
11:30:34 Saving config file
11:30:34 Saved config file successfully
11:30:34 saveConfig: auto-save-60s
11:30:34 Saving config file
11:30:34 Saved config file successfully
11:31:34 saveConfig: auto-save-60s
11:31:34 Saving config file
11:31:34 Saved config file successfully
11:31:34 saveConfig: auto-save-60s
11:31:34 Saving config file
11:31:34 Saved config file successfully
11:32:34 saveConfig: auto-save-60s
11:32:34 Saving config file
11:32:34 Saved config file successfully
11:32:34 saveConfig: auto-save-60s
11:32:34 Saving config file
11:32:34 Saved config file successfully
11:33:34 saveConfig: auto-save-60s
11:33:34 Saving config file
11:33:34 Saved config file successfully
11:33:34 saveConfig: auto-save-60s
11:33:34 Saving config file
11:33:34 Saved config file successfully
11:34:34 saveConfig: auto-save-60s
11:34:34 Saving config file
11:34:34 Saved config file successfully
11:34:34 saveConfig: auto-save-60s
11:34:34 Saving config file
11:34:34 Saved config file successfully
11:35:34 saveConfig: auto-save-60s
11:35:34 Saving config file
11:35:34 Saved config file successfully
11:35:34 saveConfig: auto-save-60s
11:35:34 Saving config file
11:35:34 Saved config file successfully
11:36:34 saveConfig: auto-save-60s
11:36:34 Saving config file
11:36:34 Saved config file successfully
11:36:34 saveConfig: auto-save-60s
11:36:34 Saving config file
11:36:34 Saved config file successfully
11:37:34 saveConfig: auto-save-60s
11:37:34 Saving config file
11:37:34 Saved config file successfully
11:37:34 saveConfig: auto-save-60s
11:37:34 Saving config file
11:37:34 Saved config file successfully
11:38:11 saveConfig: saving-data
11:38:11 Saving sacks file
11:38:11 Saved sacks file successfully
11:38:11 saveConfig: saving-data
11:38:11 Saving sacks file
11:38:11 Saved sacks file successfully
11:38:34 saveConfig: auto-save-60s
11:38:34 Saving config file
11:38:34 Saved config file successfully
11:38:34 saveConfig: auto-save-60s
11:38:34 Saving config file
11:38:34 Saved config file successfully
11:39:34 saveConfig: auto-save-60s
11:39:34 Saving config file
11:39:34 Saved config file successfully
11:39:34 saveConfig: auto-save-60s
11:39:34 Saving config file
11:39:34 Saved config file successfully
11:40:18 saveConfig: saving-data
11:40:18 Saving sacks file
11:40:18 Saved sacks file successfully
11:40:18 saveConfig: saving-data
11:40:18 Saving sacks file
11:40:18 Saved sacks file successfully
11:40:34 saveConfig: auto-save-60s
11:40:34 Saving config file
11:40:34 Saved config file successfully
11:40:34 saveConfig: auto-save-60s
11:40:34 Saving config file
11:40:34 Saved config file successfully
11:41:34 saveConfig: auto-save-60s
11:41:34 Saving config file
11:41:34 Saved config file successfully
11:41:34 saveConfig: auto-save-60s
11:41:34 Saving config file
11:41:34 Saved config file successfully
11:42:34 saveConfig: auto-save-60s
11:42:34 Saving config file
11:42:34 Saved config file successfully
11:42:34 saveConfig: auto-save-60s
11:42:34 Saving config file
11:42:34 Saved config file successfully
11:42:58 saveConfig: saving-data
11:42:58 Saving sacks file
11:42:58 Saved sacks file successfully
11:42:58 saveConfig: saving-data
11:42:58 Saving sacks file
11:42:58 Saved sacks file successfully
11:43:16 saveConfig: saving-data
11:43:16 Saving sacks file
11:43:16 Saved sacks file successfully
11:43:16 saveConfig: saving-data
11:43:16 Saving sacks file
11:43:16 Saved sacks file successfully
11:43:34 saveConfig: auto-save-60s
11:43:34 Saving config file
11:43:34 Saved config file successfully
11:43:34 saveConfig: auto-save-60s
11:43:34 Saving config file
11:43:34 Saved config file successfully
11:44:22 saveConfig: saving-data
11:44:22 Saving sacks file
11:44:22 Saved sacks file successfully
11:44:22 saveConfig: saving-data
11:44:22 Saving sacks file
11:44:22 Saved sacks file successfully
11:44:34 saveConfig: auto-save-60s
11:44:34 Saving config file
11:44:34 Saved config file successfully
11:44:34 saveConfig: auto-save-60s
11:44:34 Saving config file
11:44:34 Saved config file successfully
11:44:50 saveConfig: saving-data
11:44:50 Saving sacks file
11:44:50 Saved sacks file successfully
11:44:50 saveConfig: saving-data
11:44:50 Saving sacks file
11:44:50 Saved sacks file successfully
11:45:24 saveConfig: saving-data
11:45:24 Saving sacks file
11:45:24 Saved sacks file successfully
11:45:24 saveConfig: saving-data
11:45:24 Saving sacks file
11:45:24 Saved sacks file successfully
11:45:34 saveConfig: auto-save-60s
11:45:34 Saving config file
11:45:34 Saved config file successfully
11:45:34 saveConfig: auto-save-60s
11:45:34 Saving config file
11:45:34 Saved config file successfully
11:45:51 saveConfig: saving-data
11:45:51 Saving sacks file
11:45:51 Saved sacks file successfully
11:45:51 saveConfig: saving-data
11:45:51 Saving sacks file
11:45:51 Saved sacks file successfully
11:46:34 saveConfig: auto-save-60s
11:46:34 Saving config file
11:46:34 Saved config file successfully
11:46:34 saveConfig: auto-save-60s
11:46:34 Saving config file
11:46:34 Saved config file successfully
11:47:21 saveConfig: saving-data
11:47:21 Saving sacks file
11:47:21 Saved sacks file successfully
11:47:21 saveConfig: saving-data
11:47:21 Saving sacks file
11:47:21 Saved sacks file successfully
11:47:34 saveConfig: auto-save-60s
11:47:34 Saving config file
11:47:34 Saved config file successfully
11:47:34 saveConfig: auto-save-60s
11:47:34 Saving config file
11:47:34 Saved config file successfully
11:48:01 saveConfig: saving-data
11:48:01 Saving sacks file
11:48:01 Saved sacks file successfully
11:48:01 saveConfig: saving-data
11:48:01 Saving sacks file
11:48:01 Saved sacks file successfully
11:48:09 saveConfig: saving-data
11:48:09 Saving sacks file
11:48:09 Saved sacks file successfully
11:48:09 saveConfig: saving-data
11:48:09 Saving sacks file
11:48:09 Saved sacks file successfully
11:48:17 saveConfig: saving-data
11:48:17 Saving sacks file
11:48:17 Saved sacks file successfully
11:48:17 saveConfig: saving-data
11:48:17 Saving sacks file
11:48:17 Saved sacks file successfully
11:48:23 saveConfig: saving-data
11:48:23 Saving sacks file
11:48:23 Saved sacks file successfully
11:48:23 saveConfig: saving-data
11:48:23 Saving sacks file
11:48:23 Saved sacks file successfully
11:48:34 saveConfig: auto-save-60s
11:48:34 Saving config file
11:48:34 Saved config file successfully
11:48:34 saveConfig: auto-save-60s
11:48:34 Saving config file
11:48:34 Saved config file successfully
11:48:36 saveConfig: saving-data
11:48:36 Saving sacks file
11:48:36 Saved sacks file successfully
11:48:36 saveConfig: saving-data
11:48:36 Saving sacks file
11:48:36 Saved sacks file successfully
11:48:43 saveConfig: saving-data
11:48:43 Saving sacks file
11:48:43 Saved sacks file successfully
11:48:43 saveConfig: saving-data
11:48:43 Saving sacks file
11:48:43 Saved sacks file successfully
11:48:51 saveConfig: saving-data
11:48:51 Saving sacks file
11:48:51 Saved sacks file successfully
11:48:51 saveConfig: saving-data
11:48:51 Saving sacks file
11:48:51 Saved sacks file successfully
11:49:34 saveConfig: auto-save-60s
11:49:34 Saving config file
11:49:34 Saved config file successfully
11:49:34 saveConfig: auto-save-60s
11:49:34 Saving config file
11:49:34 Saved config file successfully
11:49:36 saveConfig: saving-data
11:49:36 Saving sacks file
11:49:36 Saved sacks file successfully
11:49:36 saveConfig: saving-data
11:49:36 Saving sacks file
11:49:36 Saved sacks file successfully
11:49:47 saveConfig: saving-data
11:49:47 Saving sacks file
11:49:47 Saved sacks file successfully
11:49:47 saveConfig: saving-data
11:49:47 Saving sacks file
11:49:47 Saved sacks file successfully
11:50:34 saveConfig: auto-save-60s
11:50:34 Saving config file
11:50:34 Saved config file successfully
11:50:34 saveConfig: auto-save-60s
11:50:34 Saving config file
11:50:34 Saved config file successfully
11:51:34 saveConfig: auto-save-60s
11:51:34 Saving config file
11:51:34 Saved config file successfully
11:51:34 saveConfig: auto-save-60s
11:51:34 Saving config file
11:51:34 Saved config file successfully
11:52:34 saveConfig: auto-save-60s
11:52:34 Saving config file
11:52:34 Saved config file successfully
11:52:34 saveConfig: auto-save-60s
11:52:34 Saving config file
11:52:34 Saved config file successfully
11:53:34 saveConfig: auto-save-60s
11:53:34 Saving config file
11:53:34 Saved config file successfully
11:53:34 saveConfig: auto-save-60s
11:53:34 Saving config file
11:53:34 Saved config file successfully
11:53:39 saveConfig: saving-data
11:53:39 Saving sacks file
11:53:39 Saved sacks file successfully
11:53:39 saveConfig: saving-data
11:53:39 Saving sacks file
11:53:39 Saved sacks file successfully
11:54:34 saveConfig: auto-save-60s
11:54:34 Saving config file
11:54:34 Saved config file successfully
11:54:34 saveConfig: auto-save-60s
11:54:34 Saving config file
11:54:34 Saved config file successfully
11:55:34 saveConfig: auto-save-60s
11:55:34 Saving config file
11:55:34 Saved config file successfully
11:55:34 saveConfig: auto-save-60s
11:55:34 Saving config file
11:55:34 Saved config file successfully
11:56:34 saveConfig: auto-save-60s
11:56:34 Saving config file
11:56:34 Saved config file successfully
11:56:34 saveConfig: auto-save-60s
11:56:34 Saving config file
11:56:34 Saved config file successfully
11:57:34 saveConfig: auto-save-60s
11:57:34 Saving config file
11:57:34 Saved config file successfully
11:57:34 saveConfig: auto-save-60s
11:57:34 Saving config file
11:57:34 Saved config file successfully
11:58:34 saveConfig: auto-save-60s
11:58:34 Saving config file
11:58:34 Saved config file successfully
11:58:34 saveConfig: auto-save-60s
11:58:34 Saving config file
11:58:34 Saved config file successfully
11:59:34 saveConfig: auto-save-60s
11:59:34 Saving config file
11:59:34 Saved config file successfully
11:59:34 saveConfig: auto-save-60s
11:59:34 Saving config file
11:59:34 Saved config file successfully
12:00:34 saveConfig: auto-save-60s
12:00:34 Saving config file
12:00:34 Saved config file successfully
12:00:34 saveConfig: auto-save-60s
12:00:34 Saving config file
12:00:34 Saved config file successfully
12:01:30 saveConfig: close-gui
12:01:30 Saving config file
12:01:30 Saved config file successfully
12:01:30 saveConfig: close-gui
12:01:30 Saving config file
12:01:30 Saved config file successfully
12:01:34 saveConfig: auto-save-60s
12:01:34 Saving config file
12:01:34 Saved config file successfully
12:01:34 saveConfig: auto-save-60s
12:01:34 Saving config file
12:01:34 Saved config file successfully
12:01:49 saveConfig: close-gui
12:01:49 Saving config file
12:01:49 Saved config file successfully
12:01:49 saveConfig: close-gui
12:01:49 Saving config file
12:01:49 Saved config file successfully
12:02:34 saveConfig: auto-save-60s
12:02:34 Saving config file
12:02:34 Saved config file successfully
12:02:34 saveConfig: auto-save-60s
12:02:34 Saving config file
12:02:34 Saved config file successfully
12:03:06 saveConfig: saving-data
12:03:06 Saving sacks file
12:03:06 Saved sacks file successfully
12:03:06 saveConfig: saving-data
12:03:06 Saving sacks file
12:03:06 Saved sacks file successfully
12:03:34 saveConfig: auto-save-60s
12:03:34 Saving config file
12:03:34 Saved config file successfully
12:03:34 saveConfig: auto-save-60s
12:03:34 Saving config file
12:03:34 Saved config file successfully
12:04:34 saveConfig: auto-save-60s
12:04:34 Saving config file
12:04:34 Saved config file successfully
12:04:34 saveConfig: auto-save-60s
12:04:34 Saving config file
12:04:34 Saved config file successfully
12:05:34 saveConfig: auto-save-60s
12:05:34 Saving config file
12:05:34 Saved config file successfully
12:05:34 saveConfig: auto-save-60s
12:05:34 Saving config file
12:05:34 Saved config file successfully
12:06:34 saveConfig: auto-save-60s
12:06:34 Saving config file
12:06:34 Saved config file successfully
12:06:34 saveConfig: auto-save-60s
12:06:34 Saving config file
12:06:34 Saved config file successfully
12:07:34 saveConfig: auto-save-60s
12:07:34 Saving config file
12:07:34 Saved config file successfully
12:07:34 saveConfig: auto-save-60s
12:07:34 Saving config file
12:07:34 Saved config file successfully
12:08:34 saveConfig: auto-save-60s
12:08:34 Saving config file
12:08:34 Saved config file successfully
12:08:34 saveConfig: auto-save-60s
12:08:34 Saving config file
12:08:34 Saved config file successfully
12:09:34 saveConfig: auto-save-60s
12:09:34 Saving config file
12:09:34 Saved config file successfully
12:09:34 saveConfig: auto-save-60s
12:09:34 Saving config file
12:09:34 Saved config file successfully
12:10:05 saveConfig: saving-data
12:10:05 Saving sacks file
12:10:05 Saved sacks file successfully
12:10:05 saveConfig: saving-data
12:10:05 Saving sacks file
12:10:05 Saved sacks file successfully
12:10:21 saveConfig: saving-data
12:10:21 Saving sacks file
12:10:21 Saved sacks file successfully
12:10:21 saveConfig: saving-data
12:10:21 Saving sacks file
12:10:21 Saved sacks file successfully
12:10:34 saveConfig: auto-save-60s
12:10:34 Saving config file
12:10:34 Saved config file successfully
12:10:34 saveConfig: auto-save-60s
12:10:34 Saving config file
12:10:34 Saved config file successfully
12:10:56 saveConfig: saving-data
12:10:56 Saving sacks file
12:10:56 Saved sacks file successfully
12:10:56 saveConfig: saving-data
12:10:56 Saving sacks file
12:10:56 Saved sacks file successfully
12:11:06 saveConfig: saving-data
12:11:06 Saving sacks file
12:11:06 Saved sacks file successfully
12:11:06 saveConfig: saving-data
12:11:06 Saving sacks file
12:11:06 Saved sacks file successfully
12:11:24 saveConfig: saving-data
12:11:24 Saving sacks file
12:11:24 Saved sacks file successfully
12:11:24 saveConfig: saving-data
12:11:24 Saving sacks file
12:11:24 Saved sacks file successfully
12:11:34 saveConfig: auto-save-60s
12:11:34 Saving config file
12:11:34 Saved config file successfully
12:11:34 saveConfig: auto-save-60s
12:11:34 Saving config file
12:11:34 Saved config file successfully
12:12:31 saveConfig: saving-data
12:12:31 Saving sacks file
12:12:31 Saved sacks file successfully
12:12:31 saveConfig: saving-data
12:12:31 Saving sacks file
12:12:31 Saved sacks file successfully
12:12:34 saveConfig: auto-save-60s
12:12:34 Saving config file
12:12:34 Saved config file successfully
12:12:34 saveConfig: auto-save-60s
12:12:34 Saving config file
12:12:34 Saved config file successfully
12:12:51 saveConfig: saving-data
12:12:51 Saving sacks file
12:12:51 Saved sacks file successfully
12:12:51 saveConfig: saving-data
12:12:51 Saving sacks file
12:12:51 Saved sacks file successfully
12:12:57 saveConfig: saving-data
12:12:57 Saving sacks file
12:12:57 Saved sacks file successfully
12:12:57 saveConfig: saving-data
12:12:57 Saving sacks file
12:12:57 Saved sacks file successfully
12:13:12 saveConfig: saving-data
12:13:12 Saving sacks file
12:13:12 Saved sacks file successfully
12:13:12 saveConfig: saving-data
12:13:12 Saving sacks file
12:13:12 Saved sacks file successfully
12:13:19 saveConfig: saving-data
12:13:19 Saving sacks file
12:13:19 Saved sacks file successfully
12:13:19 saveConfig: saving-data
12:13:19 Saving sacks file
12:13:19 Saved sacks file successfully
12:13:34 saveConfig: auto-save-60s
12:13:34 Saving config file
12:13:34 Saved config file successfully
12:13:34 saveConfig: auto-save-60s
12:13:34 Saving config file
12:13:34 Saved config file successfully
12:13:51 saveConfig: saving-data
12:13:51 Saving sacks file
12:13:51 Saved sacks file successfully
12:13:51 saveConfig: saving-data
12:13:51 Saving sacks file
12:13:51 Saved sacks file successfully
12:14:22 saveConfig: saving-data
12:14:22 Saving sacks file
12:14:22 Saved sacks file successfully
12:14:22 saveConfig: saving-data
12:14:22 Saving sacks file
12:14:22 Saved sacks file successfully
12:14:34 saveConfig: auto-save-60s
12:14:34 Saving config file
12:14:34 Saved config file successfully
12:14:34 saveConfig: auto-save-60s
12:14:34 Saving config file
12:14:34 Saved config file successfully
12:14:54 saveConfig: saving-data
12:14:54 Saving sacks file
12:14:54 Saved sacks file successfully
12:14:54 saveConfig: saving-data
12:14:54 Saving sacks file
12:14:54 Saved sacks file successfully
12:15:03 saveConfig: saving-data
12:15:03 Saving sacks file
12:15:03 Saved sacks file successfully
12:15:03 saveConfig: saving-data
12:15:03 Saving sacks file
12:15:03 Saved sacks file successfully
12:15:32 saveConfig: saving-data
12:15:32 Saving sacks file
12:15:32 Saved sacks file successfully
12:15:32 saveConfig: saving-data
12:15:32 Saving sacks file
12:15:32 Saved sacks file successfully
12:15:34 saveConfig: auto-save-60s
12:15:34 Saving config file
12:15:34 Saved config file successfully
12:15:34 saveConfig: auto-save-60s
12:15:34 Saving config file
12:15:34 Saved config file successfully
12:15:48 saveConfig: saving-data
12:15:48 Saving sacks file
12:15:48 Saved sacks file successfully
12:15:48 saveConfig: saving-data
12:15:48 Saving sacks file
12:15:48 Saved sacks file successfully
12:15:59 saveConfig: saving-data
12:15:59 Saving sacks file
12:15:59 Saved sacks file successfully
12:15:59 saveConfig: saving-data
12:15:59 Saving sacks file
12:15:59 Saved sacks file successfully
12:16:05 saveConfig: saving-data
12:16:05 Saving sacks file
12:16:05 Saved sacks file successfully
12:16:05 saveConfig: saving-data
12:16:05 Saving sacks file
12:16:05 Saved sacks file successfully
12:16:34 saveConfig: auto-save-60s
12:16:34 Saving config file
12:16:34 Saved config file successfully
12:16:34 saveConfig: auto-save-60s
12:16:34 Saving config file
12:16:34 Saved config file successfully
12:16:37 saveConfig: saving-data
12:16:37 Saving sacks file
12:16:37 Saved sacks file successfully
12:16:37 saveConfig: saving-data
12:16:37 Saving sacks file
12:16:37 Saved sacks file successfully
12:17:11 saveConfig: saving-data
12:17:11 Saving sacks file
12:17:11 Saved sacks file successfully
12:17:11 saveConfig: saving-data
12:17:11 Saving sacks file
12:17:11 Saved sacks file successfully
12:17:18 saveConfig: saving-data
12:17:18 Saving sacks file
12:17:18 Saved sacks file successfully
12:17:18 saveConfig: saving-data
12:17:18 Saving sacks file
12:17:18 Saved sacks file successfully
12:17:34 saveConfig: auto-save-60s
12:17:34 Saving config file
12:17:34 Saved config file successfully
12:17:34 saveConfig: auto-save-60s
12:17:34 Saving config file
12:17:34 Saved config file successfully
12:17:43 saveConfig: saving-data
12:17:43 Saving sacks file
12:17:43 Saved sacks file successfully
12:17:43 saveConfig: saving-data
12:17:43 Saving sacks file
12:17:43 Saved sacks file successfully
12:18:07 saveConfig: saving-data
12:18:07 Saving sacks file
12:18:07 Saved sacks file successfully
12:18:07 saveConfig: saving-data
12:18:07 Saving sacks file
12:18:07 Saved sacks file successfully
12:18:26 saveConfig: saving-data
12:18:26 Saving sacks file
12:18:27 Saved sacks file successfully
12:18:27 saveConfig: saving-data
12:18:27 Saving sacks file
12:18:27 Saved sacks file successfully
12:18:34 saveConfig: auto-save-60s
12:18:34 Saving config file
12:18:34 Saved config file successfully
12:18:34 saveConfig: auto-save-60s
12:18:34 Saving config file
12:18:34 Saved config file successfully
12:18:45 saveConfig: saving-data
12:18:45 Saving sacks file
12:18:45 Saved sacks file successfully
12:18:45 saveConfig: saving-data
12:18:45 Saving sacks file
12:18:45 Saved sacks file successfully
12:19:03 saveConfig: saving-data
12:19:03 Saving sacks file
12:19:03 Saved sacks file successfully
12:19:03 saveConfig: saving-data
12:19:03 Saving sacks file
12:19:03 Saved sacks file successfully
12:19:34 saveConfig: saving-data
12:19:34 Saving sacks file
12:19:34 Saved sacks file successfully
12:19:34 saveConfig: saving-data
12:19:34 Saving sacks file
12:19:34 Saved sacks file successfully
12:19:34 saveConfig: auto-save-60s
12:19:34 Saving config file
12:19:34 Saved config file successfully
12:19:34 saveConfig: auto-save-60s
12:19:34 Saving config file
12:19:34 Saved config file successfully
12:20:03 saveConfig: saving-data
12:20:03 Saving sacks file
12:20:03 Saved sacks file successfully
12:20:03 saveConfig: saving-data
12:20:03 Saving sacks file
12:20:03 Saved sacks file successfully
12:20:33 saveConfig: saving-data
12:20:33 Saving sacks file
12:20:33 Saved sacks file successfully
12:20:33 saveConfig: saving-data
12:20:33 Saving sacks file
12:20:33 Saved sacks file successfully
12:20:34 saveConfig: auto-save-60s
12:20:34 Saving config file
12:20:34 Saved config file successfully
12:20:34 saveConfig: auto-save-60s
12:20:34 Saving config file
12:20:34 Saved config file successfully
12:21:05 saveConfig: saving-data
12:21:05 Saving sacks file
12:21:05 Saved sacks file successfully
12:21:05 saveConfig: saving-data
12:21:05 Saving sacks file
12:21:05 Saved sacks file successfully
12:21:24 saveConfig: saving-data
12:21:24 Saving sacks file
12:21:24 Saved sacks file successfully
12:21:24 saveConfig: saving-data
12:21:24 Saving sacks file
12:21:24 Saved sacks file successfully
12:21:34 saveConfig: auto-save-60s
12:21:34 Saving config file
12:21:34 Saved config file successfully
12:21:34 saveConfig: auto-save-60s
12:21:34 Saving config file
12:21:34 Saved config file successfully
12:21:34 saveConfig: saving-data
12:21:34 Saving sacks file
12:21:34 Saved sacks file successfully
12:21:34 saveConfig: saving-data
12:21:34 Saving sacks file
12:21:34 Saved sacks file successfully
12:21:40 saveConfig: saving-data
12:21:40 Saving sacks file
12:21:40 Saved sacks file successfully
12:21:40 saveConfig: saving-data
12:21:40 Saving sacks file
12:21:41 Saved sacks file successfully
12:22:14 saveConfig: saving-data
12:22:14 Saving sacks file
12:22:14 Saved sacks file successfully
12:22:14 saveConfig: saving-data
12:22:14 Saving sacks file
12:22:14 Saved sacks file successfully
12:22:34 saveConfig: auto-save-60s
12:22:34 Saving config file
12:22:34 Saved config file successfully
12:22:34 saveConfig: auto-save-60s
12:22:34 Saving config file
12:22:34 Saved config file successfully
12:22:36 saveConfig: saving-data
12:22:36 Saving sacks file
12:22:36 Saved sacks file successfully
12:22:36 saveConfig: saving-data
12:22:36 Saving sacks file
12:22:36 Saved sacks file successfully
12:22:56 saveConfig: saving-data
12:22:56 Saving sacks file
12:22:56 Saved sacks file successfully
12:22:56 saveConfig: saving-data
12:22:56 Saving sacks file
12:22:56 Saved sacks file successfully
12:23:13 saveConfig: saving-data
12:23:13 Saving sacks file
12:23:13 Saved sacks file successfully
12:23:13 saveConfig: saving-data
12:23:13 Saving sacks file
12:23:13 Saved sacks file successfully
12:23:25 saveConfig: saving-data
12:23:25 Saving sacks file
12:23:25 Saved sacks file successfully
12:23:25 saveConfig: saving-data
12:23:25 Saving sacks file
12:23:25 Saved sacks file successfully
12:23:34 saveConfig: auto-save-60s
12:23:34 Saving config file
12:23:34 Saved config file successfully
12:23:34 saveConfig: auto-save-60s
12:23:34 Saving config file
12:23:34 Saved config file successfully
12:23:48 saveConfig: saving-data
12:23:48 Saving sacks file
12:23:48 Saved sacks file successfully
12:23:48 saveConfig: saving-data
12:23:48 Saving sacks file
12:23:48 Saved sacks file successfully
12:24:03 saveConfig: saving-data
12:24:03 Saving sacks file
12:24:03 Saved sacks file successfully
12:24:03 saveConfig: saving-data
12:24:03 Saving sacks file
12:24:04 Saved sacks file successfully
12:24:10 saveConfig: saving-data
12:24:10 Saving sacks file
12:24:10 Saved sacks file successfully
12:24:10 saveConfig: saving-data
12:24:10 Saving sacks file
12:24:10 Saved sacks file successfully
12:24:16 saveConfig: saving-data
12:24:16 Saving sacks file
12:24:16 Saved sacks file successfully
12:24:16 saveConfig: saving-data
12:24:16 Saving sacks file
12:24:16 Saved sacks file successfully
12:24:34 saveConfig: saving-data
12:24:34 Saving sacks file
12:24:34 saveConfig: auto-save-60s
12:24:34 Saving config file
12:24:34 Saved sacks file successfully
12:24:34 saveConfig: saving-data
12:24:34 Saving sacks file
12:24:34 Saved sacks file successfully
12:24:34 Saved config file successfully
12:24:34 saveConfig: auto-save-60s
12:24:34 Saving config file
12:24:34 Saved config file successfully
12:25:04 saveConfig: saving-data
12:25:04 Saving sacks file
12:25:04 Saved sacks file successfully
12:25:04 saveConfig: saving-data
12:25:04 Saving sacks file
12:25:04 Saved sacks file successfully
12:25:13 saveConfig: saving-data
12:25:13 Saving sacks file
12:25:13 Saved sacks file successfully
12:25:13 saveConfig: saving-data
12:25:13 Saving sacks file
12:25:13 Saved sacks file successfully
12:25:24 saveConfig: saving-data
12:25:24 Saving sacks file
12:25:24 Saved sacks file successfully
12:25:24 saveConfig: saving-data
12:25:24 Saving sacks file
12:25:24 Saved sacks file successfully
12:25:34 saveConfig: auto-save-60s
12:25:34 Saving config file
12:25:34 Saved config file successfully
12:25:34 saveConfig: auto-save-60s
12:25:34 Saving config file
12:25:34 Saved config file successfully
12:25:56 saveConfig: saving-data
12:25:56 Saving sacks file
12:25:56 Saved sacks file successfully
12:25:56 saveConfig: saving-data
12:25:56 Saving sacks file
12:25:56 Saved sacks file successfully
12:26:28 saveConfig: saving-data
12:26:28 Saving sacks file
12:26:28 Saved sacks file successfully
12:26:28 saveConfig: saving-data
12:26:28 Saving sacks file
12:26:28 Saved sacks file successfully
12:26:34 saveConfig: auto-save-60s
12:26:34 Saving config file
12:26:34 Saved config file successfully
12:26:34 saveConfig: auto-save-60s
12:26:34 Saving config file
12:26:34 Saved config file successfully
12:26:49 saveConfig: saving-data
12:26:49 Saving sacks file
12:26:49 Saved sacks file successfully
12:26:49 saveConfig: saving-data
12:26:49 Saving sacks file
12:26:49 Saved sacks file successfully
12:27:34 saveConfig: auto-save-60s
12:27:34 Saving config file
12:27:34 Saved config file successfully
12:27:34 saveConfig: auto-save-60s
12:27:34 Saving config file
12:27:34 Saved config file successfully
12:28:34 saveConfig: auto-save-60s
12:28:34 Saving config file
12:28:34 Saved config file successfully
12:28:34 saveConfig: auto-save-60s
12:28:34 Saving config file
12:28:34 Saved config file successfully
12:29:34 saveConfig: auto-save-60s
12:29:34 Saving config file
12:29:34 Saved config file successfully
12:29:34 saveConfig: auto-save-60s
12:29:34 Saving config file
12:29:34 Saved config file successfully
12:30:34 saveConfig: auto-save-60s
12:30:34 Saving config file
12:30:34 Saved config file successfully
12:30:34 saveConfig: auto-save-60s
12:30:34 Saving config file
12:30:34 Saved config file successfully
12:31:34 saveConfig: auto-save-60s
12:31:34 Saving config file
12:31:34 Saved config file successfully
12:31:34 saveConfig: auto-save-60s
12:31:34 Saving config file
12:31:34 Saved config file successfully
12:32:34 saveConfig: auto-save-60s
12:32:34 Saving config file
12:32:34 Saved config file successfully
12:32:34 saveConfig: auto-save-60s
12:32:34 Saving config file
12:32:34 Saved config file successfully
12:33:34 saveConfig: auto-save-60s
12:33:34 Saving config file
12:33:34 Saved config file successfully
12:33:34 saveConfig: auto-save-60s
12:33:34 Saving config file
12:33:34 Saved config file successfully
12:34:34 saveConfig: auto-save-60s
12:34:34 Saving config file
12:34:34 Saved config file successfully
12:34:34 saveConfig: auto-save-60s
12:34:34 Saving config file
12:34:34 Saved config file successfully
12:35:34 saveConfig: auto-save-60s
12:35:34 Saving config file
12:35:34 Saved config file successfully
12:35:34 saveConfig: auto-save-60s
12:35:34 Saving config file
12:35:34 Saved config file successfully
12:36:34 saveConfig: auto-save-60s
12:36:34 Saving config file
12:36:34 Saved config file successfully
12:36:34 saveConfig: auto-save-60s
12:36:34 Saving config file
12:36:34 Saved config file successfully
12:37:34 saveConfig: auto-save-60s
12:37:34 Saving config file
12:37:34 Saved config file successfully
12:37:34 saveConfig: auto-save-60s
12:37:34 Saving config file
12:37:34 Saved config file successfully
12:38:34 saveConfig: auto-save-60s
12:38:34 Saving config file
12:38:34 Saved config file successfully
12:38:34 saveConfig: auto-save-60s
12:38:34 Saving config file
12:38:34 Saved config file successfully
12:39:34 saveConfig: auto-save-60s
12:39:34 Saving config file
12:39:34 Saved config file successfully
12:39:34 saveConfig: auto-save-60s
12:39:34 Saving config file
12:39:34 Saved config file successfully
12:40:34 saveConfig: auto-save-60s
12:40:34 Saving config file
12:40:34 Saved config file successfully
12:40:34 saveConfig: auto-save-60s
12:40:34 Saving config file
12:40:34 Saved config file successfully
12:40:53 saveConfig: saving-data
12:40:53 Saving sacks file
12:40:53 Saved sacks file successfully
12:40:53 saveConfig: saving-data
12:40:53 Saving sacks file
12:40:53 Saved sacks file successfully
12:41:27 saveConfig: saving-data
12:41:27 Saving sacks file
12:41:27 Saved sacks file successfully
12:41:27 saveConfig: saving-data
12:41:27 Saving sacks file
12:41:27 Saved sacks file successfully
12:41:34 saveConfig: auto-save-60s
12:41:34 Saving config file
12:41:34 Saved config file successfully
12:41:34 saveConfig: auto-save-60s
12:41:34 Saving config file
12:41:34 Saved config file successfully
12:42:01 saveConfig: saving-data
12:42:01 Saving sacks file
12:42:02 Saved sacks file successfully
12:42:02 saveConfig: saving-data
12:42:02 Saving sacks file
12:42:02 Saved sacks file successfully
12:42:08 saveConfig: saving-data
12:42:08 Saving sacks file
12:42:08 Saved sacks file successfully
12:42:08 saveConfig: saving-data
12:42:08 Saving sacks file
12:42:08 Saved sacks file successfully
12:42:34 saveConfig: auto-save-60s
12:42:34 Saving config file
12:42:34 Saved config file successfully
12:42:34 saveConfig: auto-save-60s
12:42:34 Saving config file
12:42:34 Saved config file successfully
12:42:43 saveConfig: saving-data
12:42:43 Saving sacks file
12:42:43 Saved sacks file successfully
12:42:43 saveConfig: saving-data
12:42:43 Saving sacks file
12:42:43 Saved sacks file successfully
12:42:56 saveConfig: saving-data
12:42:56 Saving sacks file
12:42:56 Saved sacks file successfully
12:42:56 saveConfig: saving-data
12:42:56 Saving sacks file
12:42:56 Saved sacks file successfully
12:43:34 saveConfig: auto-save-60s
12:43:34 Saving config file
12:43:34 Saved config file successfully
12:43:34 saveConfig: auto-save-60s
12:43:34 Saving config file
12:43:34 Saved config file successfully
12:43:38 saveConfig: saving-data
12:43:38 Saving sacks file
12:43:38 Saved sacks file successfully
12:43:38 saveConfig: saving-data
12:43:38 Saving sacks file
12:43:38 Saved sacks file successfully
12:43:44 saveConfig: saving-data
12:43:44 Saving sacks file
12:43:44 Saved sacks file successfully
12:43:44 saveConfig: saving-data
12:43:44 Saving sacks file
12:43:44 Saved sacks file successfully
12:44:06 saveConfig: saving-data
12:44:06 Saving sacks file
12:44:06 Saved sacks file successfully
12:44:06 saveConfig: saving-data
12:44:06 Saving sacks file
12:44:06 Saved sacks file successfully
12:44:34 saveConfig: auto-save-60s
12:44:34 Saving config file
12:44:34 Saved config file successfully
12:44:34 saveConfig: auto-save-60s
12:44:34 Saving config file
12:44:34 Saved config file successfully
12:44:37 saveConfig: saving-data
12:44:37 Saving sacks file
12:44:37 Saved sacks file successfully
12:44:37 saveConfig: saving-data
12:44:37 Saving sacks file
12:44:37 Saved sacks file successfully
12:44:48 saveConfig: saving-data
12:44:48 Saving sacks file
12:44:48 Saved sacks file successfully
12:44:48 saveConfig: saving-data
12:44:48 Saving sacks file
12:44:48 Saved sacks file successfully
12:45:09 saveConfig: saving-data
12:45:09 Saving sacks file
12:45:09 Saved sacks file successfully
12:45:09 saveConfig: saving-data
12:45:09 Saving sacks file
12:45:09 Saved sacks file successfully
12:45:20 saveConfig: saving-data
12:45:20 Saving sacks file
12:45:20 Saved sacks file successfully
12:45:20 saveConfig: saving-data
12:45:20 Saving sacks file
12:45:20 Saved sacks file successfully
12:45:34 saveConfig: auto-save-60s
12:45:34 Saving config file
12:45:34 Saved config file successfully
12:45:34 saveConfig: auto-save-60s
12:45:34 Saving config file
12:45:34 Saved config file successfully
12:45:42 saveConfig: saving-data
12:45:42 Saving sacks file
12:45:42 Saved sacks file successfully
12:45:42 saveConfig: saving-data
12:45:42 Saving sacks file
12:45:42 Saved sacks file successfully
12:46:01 saveConfig: saving-data
12:46:01 Saving sacks file
12:46:01 Saved sacks file successfully
12:46:01 saveConfig: saving-data
12:46:01 Saving sacks file
12:46:01 Saved sacks file successfully
12:46:16 saveConfig: saving-data
12:46:16 Saving sacks file
12:46:16 Saved sacks file successfully
12:46:16 saveConfig: saving-data
12:46:16 Saving sacks file
12:46:16 Saved sacks file successfully
12:46:34 saveConfig: auto-save-60s
12:46:34 Saving config file
12:46:34 Saved config file successfully
12:46:34 saveConfig: auto-save-60s
12:46:34 Saving config file
12:46:34 Saved config file successfully
12:46:46 saveConfig: saving-data
12:46:46 Saving sacks file
12:46:46 Saved sacks file successfully
12:46:46 saveConfig: saving-data
12:46:46 Saving sacks file
12:46:46 Saved sacks file successfully
12:47:18 saveConfig: saving-data
12:47:18 Saving sacks file
12:47:18 Saved sacks file successfully
12:47:18 saveConfig: saving-data
12:47:18 Saving sacks file
12:47:18 Saved sacks file successfully
12:47:34 saveConfig: auto-save-60s
12:47:34 Saving config file
12:47:34 Saved config file successfully
12:47:34 saveConfig: auto-save-60s
12:47:34 Saving config file
12:47:34 Saved config file successfully
12:47:58 saveConfig: saving-data
12:47:58 Saving sacks file
12:47:58 Saved sacks file successfully
12:47:58 saveConfig: saving-data
12:47:58 Saving sacks file
12:47:58 Saved sacks file successfully
12:48:30 saveConfig: saving-data
12:48:30 Saving sacks file
12:48:30 Saved sacks file successfully
12:48:30 saveConfig: saving-data
12:48:30 Saving sacks file
12:48:30 Saved sacks file successfully
12:48:34 saveConfig: auto-save-60s
12:48:34 Saving config file
12:48:34 Saved config file successfully
12:48:34 saveConfig: auto-save-60s
12:48:34 Saving config file
12:48:34 Saved config file successfully
12:49:12 saveConfig: saving-data
12:49:12 Saving sacks file
12:49:12 Saved sacks file successfully
12:49:12 saveConfig: saving-data
12:49:12 Saving sacks file
12:49:12 Saved sacks file successfully
12:49:26 saveConfig: saving-data
12:49:26 Saving sacks file
12:49:26 Saved sacks file successfully
12:49:26 saveConfig: saving-data
12:49:26 Saving sacks file
12:49:26 Saved sacks file successfully
12:49:33 saveConfig: saving-data
12:49:33 Saving sacks file
12:49:33 Saved sacks file successfully
12:49:33 saveConfig: saving-data
12:49:33 Saving sacks file
12:49:33 Saved sacks file successfully
12:49:34 saveConfig: auto-save-60s
12:49:34 Saving config file
12:49:34 Saved config file successfully
12:49:34 saveConfig: auto-save-60s
12:49:34 Saving config file
12:49:34 Saved config file successfully
12:49:43 saveConfig: saving-data
12:49:43 Saving sacks file
12:49:43 Saved sacks file successfully
12:49:43 saveConfig: saving-data
12:49:43 Saving sacks file
12:49:43 Saved sacks file successfully
12:50:13 saveConfig: saving-data
12:50:13 Saving sacks file
12:50:13 Saved sacks file successfully
12:50:13 saveConfig: saving-data
12:50:13 Saving sacks file
12:50:13 Saved sacks file successfully
12:50:20 saveConfig: saving-data
12:50:20 Saving sacks file
12:50:21 Saved sacks file successfully
12:50:21 saveConfig: saving-data
12:50:21 Saving sacks file
12:50:21 Saved sacks file successfully
12:50:34 saveConfig: auto-save-60s
12:50:34 Saving config file
12:50:34 Saved config file successfully
12:50:34 saveConfig: auto-save-60s
12:50:34 Saving config file
12:50:34 Saved config file successfully
12:50:56 saveConfig: saving-data
12:50:56 Saving sacks file
12:50:56 Saved sacks file successfully
12:50:56 saveConfig: saving-data
12:50:56 Saving sacks file
12:50:56 Saved sacks file successfully
12:51:31 saveConfig: saving-data
12:51:31 Saving sacks file
12:51:31 Saved sacks file successfully
12:51:31 saveConfig: saving-data
12:51:31 Saving sacks file
12:51:31 Saved sacks file successfully
12:51:34 saveConfig: auto-save-60s
12:51:34 Saving config file
12:51:34 Saved config file successfully
12:51:34 saveConfig: auto-save-60s
12:51:34 Saving config file
12:51:34 Saved config file successfully
12:51:42 saveConfig: saving-data
12:51:42 Saving sacks file
12:51:42 Saved sacks file successfully
12:51:42 saveConfig: saving-data
12:51:42 Saving sacks file
12:51:42 Saved sacks file successfully
12:52:14 saveConfig: saving-data
12:52:14 Saving sacks file
12:52:14 Saved sacks file successfully
12:52:14 saveConfig: saving-data
12:52:14 Saving sacks file
12:52:14 Saved sacks file successfully
12:52:34 saveConfig: saving-data
12:52:34 Saving sacks file
12:52:34 Saved sacks file successfully
12:52:34 saveConfig: saving-data
12:52:34 Saving sacks file
12:52:34 Saved sacks file successfully
12:52:34 saveConfig: auto-save-60s
12:52:34 Saving config file
12:52:34 Saved config file successfully
12:52:34 saveConfig: auto-save-60s
12:52:34 Saving config file
12:52:34 Saved config file successfully
12:53:08 saveConfig: saving-data
12:53:08 Saving sacks file
12:53:08 Saved sacks file successfully
12:53:08 saveConfig: saving-data
12:53:08 Saving sacks file
12:53:08 Saved sacks file successfully
12:53:33 saveConfig: saving-data
12:53:33 Saving sacks file
12:53:33 Saved sacks file successfully
12:53:33 saveConfig: saving-data
12:53:33 Saving sacks file
12:53:33 Saved sacks file successfully
12:53:34 saveConfig: auto-save-60s
12:53:34 Saving config file
12:53:34 Saved config file successfully
12:53:34 saveConfig: auto-save-60s
12:53:34 Saving config file
12:53:34 Saved config file successfully
12:53:50 saveConfig: saving-data
12:53:50 Saving sacks file
12:53:50 Saved sacks file successfully
12:53:50 saveConfig: saving-data
12:53:50 Saving sacks file
12:53:50 Saved sacks file successfully
12:54:08 saveConfig: saving-data
12:54:08 Saving sacks file
12:54:08 Saved sacks file successfully
12:54:08 saveConfig: saving-data
12:54:08 Saving sacks file
12:54:08 Saved sacks file successfully
12:54:23 saveConfig: saving-data
12:54:23 Saving sacks file
12:54:23 Saved sacks file successfully
12:54:23 saveConfig: saving-data
12:54:23 Saving sacks file
12:54:23 Saved sacks file successfully
12:54:34 saveConfig: auto-save-60s
12:54:34 Saving config file
12:54:34 Saved config file successfully
12:54:34 saveConfig: auto-save-60s
12:54:34 Saving config file
12:54:34 Saved config file successfully
12:54:45 saveConfig: saving-data
12:54:45 Saving sacks file
12:54:45 Saved sacks file successfully
12:54:45 saveConfig: saving-data
12:54:45 Saving sacks file
12:54:45 Saved sacks file successfully
12:55:17 saveConfig: saving-data
12:55:17 Saving sacks file
12:55:17 Saved sacks file successfully
12:55:17 saveConfig: saving-data
12:55:17 Saving sacks file
12:55:17 Saved sacks file successfully
12:55:34 saveConfig: auto-save-60s
12:55:34 Saving config file
12:55:34 Saved config file successfully
12:55:34 saveConfig: auto-save-60s
12:55:34 Saving config file
12:55:34 Saved config file successfully
12:55:35 saveConfig: saving-data
12:55:35 Saving sacks file
12:55:35 Saved sacks file successfully
12:55:35 saveConfig: saving-data
12:55:35 Saving sacks file
12:55:35 Saved sacks file successfully
12:55:42 saveConfig: saving-data
12:55:42 Saving sacks file
12:55:42 Saved sacks file successfully
12:55:42 saveConfig: saving-data
12:55:42 Saving sacks file
12:55:42 Saved sacks file successfully
12:56:14 saveConfig: saving-data
12:56:14 Saving sacks file
12:56:14 Saved sacks file successfully
12:56:14 saveConfig: saving-data
12:56:14 Saving sacks file
12:56:14 Saved sacks file successfully
12:56:31 saveConfig: saving-data
12:56:31 Saving sacks file
12:56:31 Saved sacks file successfully
12:56:31 saveConfig: saving-data
12:56:31 Saving sacks file
12:56:31 Saved sacks file successfully
12:56:34 saveConfig: auto-save-60s
12:56:34 Saving config file
12:56:34 Saved config file successfully
12:56:34 saveConfig: auto-save-60s
12:56:34 Saving config file
12:56:34 Saved config file successfully
12:56:36 saveConfig: saving-data
12:56:36 Saving sacks file
12:56:36 Saved sacks file successfully
12:56:36 saveConfig: saving-data
12:56:36 Saving sacks file
12:56:36 Saved sacks file successfully
12:57:04 saveConfig: saving-data
12:57:04 Saving sacks file
12:57:04 Saved sacks file successfully
12:57:04 saveConfig: saving-data
12:57:04 Saving sacks file
12:57:04 Saved sacks file successfully
12:57:23 saveConfig: saving-data
12:57:23 Saving sacks file
12:57:23 Saved sacks file successfully
12:57:23 saveConfig: saving-data
12:57:23 Saving sacks file
12:57:23 Saved sacks file successfully
12:57:34 saveConfig: auto-save-60s
12:57:34 Saving config file
12:57:34 Saved config file successfully
12:57:34 saveConfig: auto-save-60s
12:57:34 Saving config file
12:57:34 Saved config file successfully
12:57:41 saveConfig: saving-data
12:57:41 Saving sacks file
12:57:41 Saved sacks file successfully
12:57:41 saveConfig: saving-data
12:57:41 Saving sacks file
12:57:41 Saved sacks file successfully
12:58:03 saveConfig: saving-data
12:58:03 Saving sacks file
12:58:03 Saved sacks file successfully
12:58:03 saveConfig: saving-data
12:58:03 Saving sacks file
12:58:03 Saved sacks file successfully
12:58:12 saveConfig: saving-data
12:58:12 Saving sacks file
12:58:12 Saved sacks file successfully
12:58:12 saveConfig: saving-data
12:58:12 Saving sacks file
12:58:13 Saved sacks file successfully
12:58:27 saveConfig: saving-data
12:58:27 Saving sacks file
12:58:27 Saved sacks file successfully
12:58:27 saveConfig: saving-data
12:58:27 Saving sacks file
12:58:27 Saved sacks file successfully
12:58:34 saveConfig: auto-save-60s
12:58:34 Saving config file
12:58:34 Saved config file successfully
12:58:34 saveConfig: auto-save-60s
12:58:34 Saving config file
12:58:34 Saved config file successfully
12:58:46 saveConfig: saving-data
12:58:46 Saving sacks file
12:58:46 Saved sacks file successfully
12:58:46 saveConfig: saving-data
12:58:46 Saving sacks file
12:58:46 Saved sacks file successfully
12:58:58 saveConfig: saving-data
12:58:58 Saving sacks file
12:58:58 Saved sacks file successfully
12:58:58 saveConfig: saving-data
12:58:58 Saving sacks file
12:58:58 Saved sacks file successfully
12:59:04 saveConfig: saving-data
12:59:04 Saving sacks file
12:59:04 Saved sacks file successfully
12:59:04 saveConfig: saving-data
12:59:04 Saving sacks file
12:59:04 Saved sacks file successfully
12:59:34 saveConfig: auto-save-60s
12:59:34 Saving config file
12:59:34 Saved config file successfully
12:59:34 saveConfig: auto-save-60s
12:59:34 Saving config file
12:59:34 Saved config file successfully
12:59:53 saveConfig: saving-data
12:59:53 Saving sacks file
12:59:53 Saved sacks file successfully
12:59:53 saveConfig: saving-data
12:59:53 Saving sacks file
12:59:53 Saved sacks file successfully
13:00:17 saveConfig: saving-data
13:00:17 Saving sacks file
13:00:17 Saved sacks file successfully
13:00:17 saveConfig: saving-data
13:00:17 Saving sacks file
13:00:17 Saved sacks file successfully
13:00:34 saveConfig: auto-save-60s
13:00:34 Saving config file
13:00:34 Saved config file successfully
13:00:34 saveConfig: auto-save-60s
13:00:34 Saving config file
13:00:34 Saved config file successfully
13:00:49 saveConfig: saving-data
13:00:49 Saving sacks file
13:00:49 Saved sacks file successfully
13:00:49 saveConfig: saving-data
13:00:49 Saving sacks file
13:00:49 Saved sacks file successfully
13:01:03 saveConfig: saving-data
13:01:03 Saving sacks file
13:01:03 Saved sacks file successfully
13:01:03 saveConfig: saving-data
13:01:03 Saving sacks file
13:01:04 Saved sacks file successfully
13:01:34 saveConfig: saving-data
13:01:34 Saving sacks file
13:01:34 Saved sacks file successfully
13:01:34 saveConfig: saving-data
13:01:34 Saving sacks file
13:01:34 Saved sacks file successfully
13:01:34 saveConfig: auto-save-60s
13:01:34 Saving config file
13:01:34 Saved config file successfully
13:01:34 saveConfig: auto-save-60s
13:01:34 Saving config file
13:01:34 Saved config file successfully
13:01:57 saveConfig: saving-data
13:01:57 Saving sacks file
13:01:57 Saved sacks file successfully
13:01:57 saveConfig: saving-data
13:01:57 Saving sacks file
13:01:57 Saved sacks file successfully
13:02:26 saveConfig: saving-data
13:02:26 Saving sacks file
13:02:26 Saved sacks file successfully
13:02:26 saveConfig: saving-data
13:02:26 Saving sacks file
13:02:26 Saved sacks file successfully
13:02:34 saveConfig: auto-save-60s
13:02:34 Saving config file
13:02:34 Saved config file successfully
13:02:34 saveConfig: auto-save-60s
13:02:34 Saving config file
13:02:34 Saved config file successfully
13:02:42 saveConfig: saving-data
13:02:42 Saving sacks file
13:02:42 Saved sacks file successfully
13:02:42 saveConfig: saving-data
13:02:42 Saving sacks file
13:02:42 Saved sacks file successfully
13:03:14 saveConfig: saving-data
13:03:14 Saving sacks file
13:03:14 Saved sacks file successfully
13:03:14 saveConfig: saving-data
13:03:14 Saving sacks file
13:03:14 Saved sacks file successfully
13:03:22 saveConfig: saving-data
13:03:22 Saving sacks file
13:03:22 Saved sacks file successfully
13:03:22 saveConfig: saving-data
13:03:22 Saving sacks file
13:03:22 Saved sacks file successfully
13:03:34 saveConfig: auto-save-60s
13:03:34 Saving config file
13:03:34 Saved config file successfully
13:03:34 saveConfig: auto-save-60s
13:03:34 Saving config file
13:03:34 Saved config file successfully
13:03:41 saveConfig: saving-data
13:03:41 Saving sacks file
13:03:41 Saved sacks file successfully
13:03:41 saveConfig: saving-data
13:03:41 Saving sacks file
13:03:41 Saved sacks file successfully
13:04:18 saveConfig: saving-data
13:04:18 Saving sacks file
13:04:18 Saved sacks file successfully
13:04:18 saveConfig: saving-data
13:04:18 Saving sacks file
13:04:18 Saved sacks file successfully
13:04:34 saveConfig: auto-save-60s
13:04:34 Saving config file
13:04:34 Saved config file successfully
13:04:34 saveConfig: auto-save-60s
13:04:34 Saving config file
13:04:34 Saved config file successfully
13:04:36 saveConfig: saving-data
13:04:36 Saving sacks file
13:04:36 Saved sacks file successfully
13:04:36 saveConfig: saving-data
13:04:36 Saving sacks file
13:04:36 Saved sacks file successfully
13:05:34 saveConfig: auto-save-60s
13:05:34 Saving config file
13:05:34 Saved config file successfully
13:05:34 saveConfig: auto-save-60s
13:05:34 Saving config file
13:05:34 Saved config file successfully
13:06:22 saveConfig: saving-data
13:06:22 Saving sacks file
13:06:22 Saved sacks file successfully
13:06:22 saveConfig: saving-data
13:06:22 Saving sacks file
13:06:22 Saved sacks file successfully
13:06:34 saveConfig: auto-save-60s
13:06:34 Saving config file
13:06:34 Saved config file successfully
13:06:34 saveConfig: auto-save-60s
13:06:34 Saving config file
13:06:34 Saved config file successfully
13:06:56 saveConfig: saving-data
13:06:56 Saving sacks file
13:06:56 Saved sacks file successfully
13:06:56 saveConfig: saving-data
13:06:56 Saving sacks file
13:06:56 Saved sacks file successfully
13:07:19 saveConfig: saving-data
13:07:19 Saving sacks file
13:07:19 Saved sacks file successfully
13:07:19 saveConfig: saving-data
13:07:19 Saving sacks file
13:07:19 Saved sacks file successfully
13:07:34 saveConfig: auto-save-60s
13:07:34 Saving config file
13:07:34 Saved config file successfully
13:07:34 saveConfig: auto-save-60s
13:07:34 Saving config file
13:07:34 Saved config file successfully
13:08:34 saveConfig: auto-save-60s
13:08:34 Saving config file
13:08:34 Saved config file successfully
13:08:34 saveConfig: auto-save-60s
13:08:34 Saving config file
13:08:34 Saved config file successfully
13:09:34 saveConfig: auto-save-60s
13:09:34 Saving config file
13:09:34 Saved config file successfully
13:09:34 saveConfig: auto-save-60s
13:09:34 Saving config file
13:09:34 Saved config file successfully
13:10:34 saveConfig: auto-save-60s
13:10:34 Saving config file
13:10:34 Saved config file successfully
13:10:34 saveConfig: auto-save-60s
13:10:34 Saving config file
13:10:34 Saved config file successfully
13:11:34 saveConfig: auto-save-60s
13:11:34 Saving config file
13:11:34 Saved config file successfully
13:11:34 saveConfig: auto-save-60s
13:11:34 Saving config file
13:11:34 Saved config file successfully
13:12:34 saveConfig: auto-save-60s
13:12:34 Saving config file
13:12:34 Saved config file successfully
13:12:34 saveConfig: auto-save-60s
13:12:34 Saving config file
13:12:34 Saved config file successfully
13:13:34 saveConfig: auto-save-60s
13:13:34 Saving config file
13:13:34 Saved config file successfully
13:13:34 saveConfig: auto-save-60s
13:13:34 Saving config file
13:13:34 Saved config file successfully
13:14:22 saveConfig: saving-data
13:14:22 Saving sacks file
13:14:22 Saved sacks file successfully
13:14:22 saveConfig: saving-data
13:14:22 Saving sacks file
13:14:22 Saved sacks file successfully
13:14:34 saveConfig: auto-save-60s
13:14:34 Saving config file
13:14:34 Saved config file successfully
13:14:34 saveConfig: auto-save-60s
13:14:34 Saving config file
13:14:34 Saved config file successfully
13:14:49 saveConfig: saving-data
13:14:49 Saving sacks file
13:14:49 Saved sacks file successfully
13:14:49 saveConfig: saving-data
13:14:49 Saving sacks file
13:14:49 Saved sacks file successfully
13:15:10 saveConfig: saving-data
13:15:10 Saving sacks file
13:15:10 Saved sacks file successfully
13:15:10 saveConfig: saving-data
13:15:10 Saving sacks file
13:15:10 Saved sacks file successfully
13:15:28 saveConfig: saving-data
13:15:28 Saving sacks file
13:15:28 Saved sacks file successfully
13:15:28 saveConfig: saving-data
13:15:28 Saving sacks file
13:15:28 Saved sacks file successfully
13:15:34 saveConfig: auto-save-60s
13:15:34 Saving config file
13:15:34 Saved config file successfully
13:15:34 saveConfig: auto-save-60s
13:15:34 Saving config file
13:15:34 Saved config file successfully
13:15:42 saveConfig: saving-data
13:15:42 Saving sacks file
13:15:42 Saved sacks file successfully
13:15:42 saveConfig: saving-data
13:15:42 Saving sacks file
13:15:42 Saved sacks file successfully
13:16:14 saveConfig: saving-data
13:16:14 Saving sacks file
13:16:14 Saved sacks file successfully
13:16:14 saveConfig: saving-data
13:16:14 Saving sacks file
13:16:14 Saved sacks file successfully
13:16:22 saveConfig: saving-data
13:16:22 Saving sacks file
13:16:22 Saved sacks file successfully
13:16:22 saveConfig: saving-data
13:16:22 Saving sacks file
13:16:22 Saved sacks file successfully
13:16:34 saveConfig: auto-save-60s
13:16:34 Saving config file
13:16:34 Saved config file successfully
13:16:34 saveConfig: auto-save-60s
13:16:34 Saving config file
13:16:34 Saved config file successfully
13:17:34 saveConfig: auto-save-60s
13:17:34 Saving config file
13:17:34 Saved config file successfully
13:17:34 saveConfig: auto-save-60s
13:17:34 Saving config file
13:17:34 Saved config file successfully
13:18:34 saveConfig: auto-save-60s
13:18:34 Saving config file
13:18:34 Saved config file successfully
13:18:34 saveConfig: auto-save-60s
13:18:34 Saving config file
13:18:34 Saved config file successfully
13:18:48 saveConfig: saving-data
13:18:48 Saving sacks file
13:18:48 Saved sacks file successfully
13:18:48 saveConfig: saving-data
13:18:48 Saving sacks file
13:18:48 Saved sacks file successfully
13:19:00 saveConfig: saving-data
13:19:00 Saving sacks file
13:19:00 Saved sacks file successfully
13:19:00 saveConfig: saving-data
13:19:00 Saving sacks file
13:19:00 Saved sacks file successfully
13:19:04 saveConfig: saving-data
13:19:04 Saving sacks file
13:19:04 Saved sacks file successfully
13:19:04 saveConfig: saving-data
13:19:04 Saving sacks file
13:19:04 Saved sacks file successfully
13:19:34 saveConfig: auto-save-60s
13:19:34 Saving config file
13:19:34 Saved config file successfully
13:19:34 saveConfig: auto-save-60s
13:19:34 Saving config file
13:19:34 Saved config file successfully
13:20:32 saveConfig: saving-data
13:20:32 Saving sacks file
13:20:32 Saved sacks file successfully
13:20:32 saveConfig: saving-data
13:20:32 Saving sacks file
13:20:32 Saved sacks file successfully
13:20:34 saveConfig: auto-save-60s
13:20:34 Saving config file
13:20:34 Saved config file successfully
13:20:34 saveConfig: auto-save-60s
13:20:34 Saving config file
13:20:34 Saved config file successfully
13:20:39 saveConfig: saving-data
13:20:39 Saving sacks file
13:20:39 Saved sacks file successfully
13:20:39 saveConfig: saving-data
13:20:39 Saving sacks file
13:20:39 Saved sacks file successfully
13:20:45 saveConfig: saving-data
13:20:45 Saving sacks file
13:20:45 Saved sacks file successfully
13:20:45 saveConfig: saving-data
13:20:45 Saving sacks file
13:20:45 Saved sacks file successfully
13:21:24 saveConfig: saving-data
13:21:24 Saving sacks file
13:21:24 Saved sacks file successfully
13:21:24 saveConfig: saving-data
13:21:24 Saving sacks file
13:21:24 Saved sacks file successfully
13:21:34 saveConfig: auto-save-60s
13:21:34 Saving config file
13:21:34 Saved config file successfully
13:21:34 saveConfig: auto-save-60s
13:21:34 Saving config file
13:21:34 Saved config file successfully
13:21:45 saveConfig: saving-data
13:21:45 Saving sacks file
13:21:45 Saved sacks file successfully
13:21:45 saveConfig: saving-data
13:21:45 Saving sacks file
13:21:45 Saved sacks file successfully
13:21:45 saveConfig: saving-data
13:21:45 Saving sacks file
13:21:45 Saved sacks file successfully
13:21:45 saveConfig: saving-data
13:21:45 Saving sacks file
13:21:45 Saved sacks file successfully
13:21:53 saveConfig: saving-data
13:21:53 Saving sacks file
13:21:53 Saved sacks file successfully
13:21:53 saveConfig: saving-data
13:21:53 Saving sacks file
13:21:53 Saved sacks file successfully
13:22:34 saveConfig: auto-save-60s
13:22:34 Saving config file
13:22:34 Saved config file successfully
13:22:34 saveConfig: auto-save-60s
13:22:34 Saving config file
13:22:34 Saved config file successfully
13:23:34 saveConfig: auto-save-60s
13:23:34 Saving config file
13:23:34 Saved config file successfully
13:23:34 saveConfig: auto-save-60s
13:23:34 Saving config file
13:23:34 Saved config file successfully
13:24:01 saveConfig: saving-data
13:24:01 Saving sacks file
13:24:01 Saved sacks file successfully
13:24:01 saveConfig: saving-data
13:24:01 Saving sacks file
13:24:01 Saved sacks file successfully
13:24:11 saveConfig: saving-data
13:24:11 Saving sacks file
13:24:12 Saved sacks file successfully
13:24:12 saveConfig: saving-data
13:24:12 Saving sacks file
13:24:12 Saved sacks file successfully
13:24:34 saveConfig: auto-save-60s
13:24:34 Saving config file
13:24:34 Saved config file successfully
13:24:34 saveConfig: auto-save-60s
13:24:34 Saving config file
13:24:34 Saved config file successfully
13:24:43 saveConfig: saving-data
13:24:43 Saving sacks file
13:24:43 Saved sacks file successfully
13:24:43 saveConfig: saving-data
13:24:43 Saving sacks file
13:24:43 Saved sacks file successfully
13:25:34 saveConfig: auto-save-60s
13:25:34 Saving config file
13:25:34 Saved config file successfully
13:25:34 saveConfig: auto-save-60s
13:25:34 Saving config file
13:25:34 Saved config file successfully
13:25:39 saveConfig: saving-data
13:25:39 Saving sacks file
13:25:40 Saved sacks file successfully
13:25:40 saveConfig: saving-data
13:25:40 Saving sacks file
13:25:40 Saved sacks file successfully
13:26:34 saveConfig: auto-save-60s
13:26:34 Saving config file
13:26:34 Saved config file successfully
13:26:34 saveConfig: auto-save-60s
13:26:34 Saving config file
13:26:34 Saved config file successfully
13:27:34 saveConfig: auto-save-60s
13:27:34 Saving config file
13:27:34 Saved config file successfully
13:27:34 saveConfig: auto-save-60s
13:27:34 Saving config file
13:27:34 Saved config file successfully
13:28:34 saveConfig: auto-save-60s
13:28:34 Saving config file
13:28:34 Saved config file successfully
13:28:34 saveConfig: auto-save-60s
13:28:34 Saving config file
13:28:34 Saved config file successfully
13:29:34 saveConfig: auto-save-60s
13:29:34 Saving config file
13:29:34 Saved config file successfully
13:29:34 saveConfig: auto-save-60s
13:29:34 Saving config file
13:29:34 Saved config file successfully
13:30:34 saveConfig: auto-save-60s
13:30:34 Saving config file
13:30:34 Saved config file successfully
13:30:34 saveConfig: auto-save-60s
13:30:34 Saving config file
13:30:34 Saved config file successfully
13:31:34 saveConfig: auto-save-60s
13:31:34 Saving config file
13:31:34 Saved config file successfully
13:31:34 saveConfig: auto-save-60s
13:31:34 Saving config file
13:31:34 Saved config file successfully
13:32:34 saveConfig: auto-save-60s
13:32:34 Saving config file
13:32:34 Saved config file successfully
13:32:34 saveConfig: auto-save-60s
13:32:34 Saving config file
13:32:34 Saved config file successfully
13:33:34 saveConfig: auto-save-60s
13:33:34 Saving config file
13:33:34 Saved config file successfully
13:33:34 saveConfig: auto-save-60s
13:33:34 Saving config file
13:33:34 Saved config file successfully
13:34:34 saveConfig: auto-save-60s
13:34:34 Saving config file
13:34:34 Saved config file successfully
13:34:34 saveConfig: auto-save-60s
13:34:34 Saving config file
13:34:34 Saved config file successfully
13:34:41 saveConfig: saving-data
13:34:41 Saving sacks file
13:34:41 Saved sacks file successfully
13:34:41 saveConfig: saving-data
13:34:41 Saving sacks file
13:34:41 Saved sacks file successfully
13:35:22 saveConfig: saving-data
13:35:22 Saving sacks file
13:35:22 Saved sacks file successfully
13:35:22 saveConfig: saving-data
13:35:22 Saving sacks file
13:35:22 Saved sacks file successfully
13:35:32 saveConfig: saving-data
13:35:32 Saving sacks file
13:35:32 Saved sacks file successfully
13:35:32 saveConfig: saving-data
13:35:32 Saving sacks file
13:35:32 Saved sacks file successfully
13:35:34 saveConfig: auto-save-60s
13:35:34 Saving config file
13:35:34 Saved config file successfully
13:35:34 saveConfig: auto-save-60s
13:35:34 Saving config file
13:35:34 Saved config file successfully
13:36:34 saveConfig: auto-save-60s
13:36:34 Saving config file
13:36:34 Saved config file successfully
13:36:34 saveConfig: auto-save-60s
13:36:34 Saving config file
13:36:34 Saved config file successfully
13:37:15 saveConfig: saving-data
13:37:15 Saving sacks file
13:37:15 Saved sacks file successfully
13:37:15 saveConfig: saving-data
13:37:15 Saving sacks file
13:37:15 Saved sacks file successfully
13:37:34 saveConfig: auto-save-60s
13:37:34 Saving config file
13:37:34 Saved config file successfully
13:37:34 saveConfig: auto-save-60s
13:37:34 Saving config file
13:37:34 Saved config file successfully
13:38:22 saveConfig: saving-data
13:38:22 Saving sacks file
13:38:22 Saved sacks file successfully
13:38:22 saveConfig: saving-data
13:38:22 Saving sacks file
13:38:22 Saved sacks file successfully
13:38:34 saveConfig: auto-save-60s
13:38:34 Saving config file
13:38:34 Saved config file successfully
13:38:34 saveConfig: auto-save-60s
13:38:34 Saving config file
13:38:34 Saved config file successfully
13:39:34 saveConfig: auto-save-60s
13:39:34 Saving config file
13:39:34 Saved config file successfully
13:39:34 saveConfig: auto-save-60s
13:39:34 Saving config file
13:39:34 Saved config file successfully
13:40:04 saveConfig: saving-data
13:40:04 Saving sacks file
13:40:04 Saved sacks file successfully
13:40:04 saveConfig: saving-data
13:40:04 Saving sacks file
13:40:04 Saved sacks file successfully
13:40:12 saveConfig: saving-data
13:40:12 Saving sacks file
13:40:12 Saved sacks file successfully
13:40:12 saveConfig: saving-data
13:40:12 Saving sacks file
13:40:12 Saved sacks file successfully
13:40:34 saveConfig: auto-save-60s
13:40:34 Saving config file
13:40:34 Saved config file successfully
13:40:34 saveConfig: auto-save-60s
13:40:34 Saving config file
13:40:34 Saved config file successfully
13:40:53 saveConfig: saving-data
13:40:53 Saving sacks file
13:40:53 Saved sacks file successfully
13:40:53 saveConfig: saving-data
13:40:53 Saving sacks file
13:40:53 Saved sacks file successfully
13:41:06 saveConfig: saving-data
13:41:06 Saving sacks file
13:41:06 Saved sacks file successfully
13:41:06 saveConfig: saving-data
13:41:06 Saving sacks file
13:41:06 Saved sacks file successfully
13:41:34 saveConfig: auto-save-60s
13:41:34 Saving config file
13:41:34 Saved config file successfully
13:41:34 saveConfig: auto-save-60s
13:41:34 Saving config file
13:41:34 Saved config file successfully
13:42:34 saveConfig: auto-save-60s
13:42:34 Saving config file
13:42:34 Saved config file successfully
13:42:34 saveConfig: auto-save-60s
13:42:34 Saving config file
13:42:34 Saved config file successfully
13:43:07 saveConfig: saving-data
13:43:07 Saving sacks file
13:43:07 Saved sacks file successfully
13:43:07 saveConfig: saving-data
13:43:07 Saving sacks file
13:43:07 Saved sacks file successfully
13:43:31 saveConfig: saving-data
13:43:31 Saving sacks file
13:43:31 Saved sacks file successfully
13:43:31 saveConfig: saving-data
13:43:31 Saving sacks file
13:43:31 Saved sacks file successfully
13:43:34 saveConfig: auto-save-60s
13:43:34 Saving config file
13:43:34 Saved config file successfully
13:43:34 saveConfig: auto-save-60s
13:43:34 Saving config file
13:43:34 Saved config file successfully
13:44:34 saveConfig: auto-save-60s
13:44:34 Saving config file
13:44:34 Saved config file successfully
13:44:34 saveConfig: auto-save-60s
13:44:34 Saving config file
13:44:34 Saved config file successfully
13:44:51 saveConfig: saving-data
13:44:51 Saving sacks file
13:44:51 Saved sacks file successfully
13:44:51 saveConfig: saving-data
13:44:51 Saving sacks file
13:44:51 Saved sacks file successfully
13:45:34 saveConfig: auto-save-60s
13:45:34 Saving config file
13:45:34 Saved config file successfully
13:45:34 saveConfig: auto-save-60s
13:45:34 Saving config file
13:45:34 Saved config file successfully
13:45:36 saveConfig: saving-data
13:45:36 Saving sacks file
13:45:36 Saved sacks file successfully
13:45:36 saveConfig: saving-data
13:45:36 Saving sacks file
13:45:36 Saved sacks file successfully
13:46:10 saveConfig: saving-data
13:46:10 Saving sacks file
13:46:10 Saved sacks file successfully
13:46:10 saveConfig: saving-data
13:46:10 Saving sacks file
13:46:10 Saved sacks file successfully
13:46:34 saveConfig: auto-save-60s
13:46:34 Saving config file
13:46:34 Saved config file successfully
13:46:34 saveConfig: auto-save-60s
13:46:34 Saving config file
13:46:34 Saved config file successfully
13:46:40 saveConfig: saving-data
13:46:40 Saving sacks file
13:46:40 Saved sacks file successfully
13:46:40 saveConfig: saving-data
13:46:40 Saving sacks file
13:46:40 Saved sacks file successfully
13:46:51 saveConfig: saving-data
13:46:51 Saving sacks file
13:46:51 Saved sacks file successfully
13:46:51 saveConfig: saving-data
13:46:51 Saving sacks file
13:46:51 Saved sacks file successfully
13:47:34 saveConfig: auto-save-60s
13:47:34 Saving config file
13:47:34 Saved config file successfully
13:47:34 saveConfig: auto-save-60s
13:47:34 Saving config file
13:47:34 Saved config file successfully
13:48:34 saveConfig: auto-save-60s
13:48:34 Saving config file
13:48:34 Saved config file successfully
13:48:34 saveConfig: auto-save-60s
13:48:34 Saving config file
13:48:34 Saved config file successfully
13:49:12 saveConfig: saving-data
13:49:12 Saving sacks file
13:49:12 Saved sacks file successfully
13:49:12 saveConfig: saving-data
13:49:12 Saving sacks file
13:49:12 Saved sacks file successfully
13:49:23 saveConfig: saving-data
13:49:23 Saving sacks file
13:49:23 Saved sacks file successfully
13:49:23 saveConfig: saving-data
13:49:23 Saving sacks file
13:49:23 Saved sacks file successfully
13:49:32 saveConfig: saving-data
13:49:32 Saving sacks file
13:49:32 Saved sacks file successfully
13:49:32 saveConfig: saving-data
13:49:32 Saving sacks file
13:49:32 Saved sacks file successfully
13:49:34 saveConfig: auto-save-60s
13:49:34 Saving config file
13:49:34 Saved config file successfully
13:49:34 saveConfig: auto-save-60s
13:49:34 Saving config file
13:49:34 Saved config file successfully
13:50:34 saveConfig: auto-save-60s
13:50:34 Saving config file
13:50:34 Saved config file successfully
13:50:34 saveConfig: auto-save-60s
13:50:34 Saving config file
13:50:34 Saved config file successfully
13:51:34 saveConfig: auto-save-60s
13:51:34 Saving config file
13:51:34 Saved config file successfully
13:51:34 saveConfig: auto-save-60s
13:51:34 Saving config file
13:51:34 Saved config file successfully
13:52:34 saveConfig: auto-save-60s
13:52:34 Saving config file
13:52:34 Saved config file successfully
13:52:34 saveConfig: auto-save-60s
13:52:34 Saving config file
13:52:34 Saved config file successfully
13:53:34 saveConfig: auto-save-60s
13:53:34 Saving config file
13:53:34 Saved config file successfully
13:53:34 saveConfig: auto-save-60s
13:53:34 Saving config file
13:53:34 Saved config file successfully
13:54:34 saveConfig: auto-save-60s
13:54:34 Saving config file
13:54:34 Saved config file successfully
13:54:34 saveConfig: auto-save-60s
13:54:34 Saving config file
13:54:34 Saved config file successfully
13:54:35 saveConfig: saving-data
13:54:35 Saving sacks file
13:54:35 Saved sacks file successfully
13:54:35 saveConfig: saving-data
13:54:35 Saving sacks file
13:54:35 Saved sacks file successfully
13:55:07 saveConfig: saving-data
13:55:07 Saving sacks file
13:55:07 Saved sacks file successfully
13:55:07 saveConfig: saving-data
13:55:07 Saving sacks file
13:55:07 Saved sacks file successfully
13:55:29 saveConfig: saving-data
13:55:29 Saving sacks file
13:55:29 Saved sacks file successfully
13:55:29 saveConfig: saving-data
13:55:29 Saving sacks file
13:55:29 Saved sacks file successfully
13:55:34 saveConfig: auto-save-60s
13:55:34 Saving config file
13:55:34 Saved config file successfully
13:55:34 saveConfig: auto-save-60s
13:55:34 Saving config file
13:55:34 Saved config file successfully
13:56:34 saveConfig: auto-save-60s
13:56:34 Saving config file
13:56:34 Saved config file successfully
13:56:34 saveConfig: auto-save-60s
13:56:34 Saving config file
13:56:34 Saved config file successfully
13:56:40 saveConfig: saving-data
13:56:40 Saving sacks file
13:56:40 Saved sacks file successfully
13:56:40 saveConfig: saving-data
13:56:40 Saving sacks file
13:56:40 Saved sacks file successfully
13:57:34 saveConfig: auto-save-60s
13:57:34 Saving config file
13:57:34 Saved config file successfully
13:57:34 saveConfig: auto-save-60s
13:57:34 Saving config file
13:57:34 Saved config file successfully
13:58:34 saveConfig: auto-save-60s
13:58:34 Saving config file
13:58:34 Saved config file successfully
13:58:34 saveConfig: auto-save-60s
13:58:34 Saving config file
13:58:34 Saved config file successfully
13:59:05 saveConfig: saving-data
13:59:05 Saving sacks file
13:59:05 Saved sacks file successfully
13:59:05 saveConfig: saving-data
13:59:05 Saving sacks file
13:59:05 Saved sacks file successfully
13:59:34 saveConfig: auto-save-60s
13:59:34 Saving config file
13:59:34 Saved config file successfully
13:59:34 saveConfig: auto-save-60s
13:59:34 Saving config file
13:59:34 Saved config file successfully
13:59:48 saveConfig: saving-data
13:59:48 Saving sacks file
13:59:48 Saved sacks file successfully
13:59:48 saveConfig: saving-data
13:59:48 Saving sacks file
13:59:48 Saved sacks file successfully
14:00:29 saveConfig: saving-data
14:00:29 Saving sacks file
14:00:29 Saved sacks file successfully
14:00:29 saveConfig: saving-data
14:00:29 Saving sacks file
14:00:29 Saved sacks file successfully
14:00:34 saveConfig: auto-save-60s
14:00:34 Saving config file
14:00:34 Saved config file successfully
14:00:34 saveConfig: auto-save-60s
14:00:34 Saving config file
14:00:34 Saved config file successfully
14:01:34 saveConfig: auto-save-60s
14:01:34 Saving config file
14:01:34 Saved config file successfully
14:01:34 saveConfig: auto-save-60s
14:01:34 Saving config file
14:01:34 Saved config file successfully
14:02:34 saveConfig: auto-save-60s
14:02:34 Saving config file
14:02:34 Saved config file successfully
14:02:34 saveConfig: auto-save-60s
14:02:34 Saving config file
14:02:34 Saved config file successfully
14:02:44 saveConfig: saving-data
14:02:44 Saving sacks file
14:02:44 Saved sacks file successfully
14:02:44 saveConfig: saving-data
14:02:44 Saving sacks file
14:02:44 Saved sacks file successfully
14:03:34 saveConfig: auto-save-60s
14:03:34 Saving config file
14:03:34 Saved config file successfully
14:03:34 saveConfig: auto-save-60s
14:03:34 Saving config file
14:03:34 Saved config file successfully
14:04:34 saveConfig: auto-save-60s
14:04:34 Saving config file
14:04:34 Saved config file successfully
14:04:34 saveConfig: auto-save-60s
14:04:34 Saving config file
14:04:34 Saved config file successfully
14:04:36 saveConfig: saving-data
14:04:36 Saving sacks file
14:04:36 Saved sacks file successfully
14:04:36 saveConfig: saving-data
14:04:36 Saving sacks file
14:04:36 Saved sacks file successfully
14:05:34 saveConfig: auto-save-60s
14:05:34 Saving config file
14:05:34 Saved config file successfully
14:05:34 saveConfig: auto-save-60s
14:05:34 Saving config file
14:05:34 Saved config file successfully
14:06:34 saveConfig: auto-save-60s
14:06:34 Saving config file
14:06:34 Saved config file successfully
14:06:34 saveConfig: auto-save-60s
14:06:34 Saving config file
14:06:34 Saved config file successfully
14:06:41 saveConfig: saving-data
14:06:41 Saving sacks file
14:06:41 Saved sacks file successfully
14:06:41 saveConfig: saving-data
14:06:41 Saving sacks file
14:06:41 Saved sacks file successfully
14:06:52 saveConfig: saving-data
14:06:52 Saving sacks file
14:06:52 Saved sacks file successfully
14:06:52 saveConfig: saving-data
14:06:52 Saving sacks file
14:06:52 Saved sacks file successfully
14:07:14 saveConfig: saving-data
14:07:14 Saving sacks file
14:07:14 Saved sacks file successfully
14:07:14 saveConfig: saving-data
14:07:14 Saving sacks file
14:07:14 Saved sacks file successfully
14:07:33 saveConfig: saving-data
14:07:33 Saving sacks file
14:07:33 Saved sacks file successfully
14:07:33 saveConfig: saving-data
14:07:33 Saving sacks file
14:07:33 Saved sacks file successfully
14:07:34 saveConfig: auto-save-60s
14:07:34 Saving config file
14:07:34 Saved config file successfully
14:07:34 saveConfig: auto-save-60s
14:07:34 Saving config file
14:07:34 Saved config file successfully
14:08:34 saveConfig: auto-save-60s
14:08:34 Saving config file
14:08:34 Saved config file successfully
14:08:34 saveConfig: auto-save-60s
14:08:34 Saving config file
14:08:34 Saved config file successfully
14:09:34 saveConfig: auto-save-60s
14:09:34 Saving config file
14:09:34 Saved config file successfully
14:09:34 saveConfig: auto-save-60s
14:09:34 Saving config file
14:09:34 Saved config file successfully
14:10:34 saveConfig: auto-save-60s
14:10:34 Saving config file
14:10:34 Saved config file successfully
14:10:34 saveConfig: auto-save-60s
14:10:34 Saving config file
14:10:34 Saved config file successfully
14:11:34 saveConfig: auto-save-60s
14:11:34 Saving config file
14:11:34 Saved config file successfully
14:11:34 saveConfig: auto-save-60s
14:11:34 Saving config file
14:11:34 Saved config file successfully
14:12:34 saveConfig: auto-save-60s
14:12:34 Saving config file
14:12:34 Saved config file successfully
14:12:34 saveConfig: auto-save-60s
14:12:34 Saving config file
14:12:34 Saved config file successfully
14:12:46 saveConfig: saving-data
14:12:46 Saving sacks file
14:12:46 Saved sacks file successfully
14:12:46 saveConfig: saving-data
14:12:46 Saving sacks file
14:12:46 Saved sacks file successfully
14:12:54 saveConfig: saving-data
14:12:54 Saving sacks file
14:12:54 Saved sacks file successfully
14:12:54 saveConfig: saving-data
14:12:54 Saving sacks file
14:12:54 Saved sacks file successfully
14:13:11 saveConfig: saving-data
14:13:11 Saving sacks file
14:13:11 Saved sacks file successfully
14:13:11 saveConfig: saving-data
14:13:11 Saving sacks file
14:13:11 Saved sacks file successfully
14:13:29 saveConfig: saving-data
14:13:29 Saving sacks file
14:13:29 Saved sacks file successfully
14:13:29 saveConfig: saving-data
14:13:29 Saving sacks file
14:13:29 Saved sacks file successfully
14:13:34 saveConfig: auto-save-60s
14:13:34 Saving config file
14:13:34 Saved config file successfully
14:13:34 saveConfig: auto-save-60s
14:13:34 Saving config file
14:13:34 Saved config file successfully
14:14:21 saveConfig: saving-data
14:14:21 Saving sacks file
14:14:21 Saved sacks file successfully
14:14:21 saveConfig: saving-data
14:14:21 Saving sacks file
14:14:21 Saved sacks file successfully
14:14:34 saveConfig: auto-save-60s
14:14:34 Saving config file
14:14:34 Saved config file successfully
14:14:34 saveConfig: auto-save-60s
14:14:34 Saving config file
14:14:34 Saved config file successfully
14:15:34 saveConfig: auto-save-60s
14:15:34 Saving config file
14:15:34 Saved config file successfully
14:15:34 saveConfig: auto-save-60s
14:15:34 Saving config file
14:15:34 Saved config file successfully
14:16:34 saveConfig: auto-save-60s
14:16:34 Saving config file
14:16:34 Saved config file successfully
14:16:34 saveConfig: auto-save-60s
14:16:34 Saving config file
14:16:34 Saved config file successfully
14:17:09 saveConfig: saving-data
14:17:09 Saving sacks file
14:17:09 Saved sacks file successfully
14:17:09 saveConfig: saving-data
14:17:09 Saving sacks file
14:17:09 Saved sacks file successfully
14:17:34 saveConfig: auto-save-60s
14:17:34 Saving config file
14:17:34 Saved config file successfully
14:17:34 saveConfig: auto-save-60s
14:17:34 Saving config file
14:17:34 Saved config file successfully
14:17:49 saveConfig: saving-data
14:17:49 Saving sacks file
14:17:49 Saved sacks file successfully
14:17:49 saveConfig: saving-data
14:17:49 Saving sacks file
14:17:49 Saved sacks file successfully
14:18:34 saveConfig: auto-save-60s
14:18:34 Saving config file
14:18:34 Saved config file successfully
14:18:34 saveConfig: auto-save-60s
14:18:34 Saving config file
14:18:34 Saved config file successfully
14:19:34 saveConfig: auto-save-60s
14:19:34 Saving config file
14:19:34 Saved config file successfully
14:19:34 saveConfig: auto-save-60s
14:19:34 Saving config file
14:19:34 Saved config file successfully
14:20:20 saveConfig: saving-data
14:20:20 Saving sacks file
14:20:20 Saved sacks file successfully
14:20:20 saveConfig: saving-data
14:20:20 Saving sacks file
14:20:20 Saved sacks file successfully
14:20:34 saveConfig: auto-save-60s
14:20:34 Saving config file
14:20:34 Saved config file successfully
14:20:34 saveConfig: auto-save-60s
14:20:34 Saving config file
14:20:34 Saved config file successfully
14:20:48 saveConfig: saving-data
14:20:48 Saving sacks file
14:20:48 Saved sacks file successfully
14:20:48 saveConfig: saving-data
14:20:48 Saving sacks file
14:20:48 Saved sacks file successfully
14:21:34 saveConfig: auto-save-60s
14:21:34 Saving config file
14:21:34 Saved config file successfully
14:21:34 saveConfig: auto-save-60s
14:21:34 Saving config file
14:21:34 Saved config file successfully
14:22:32 saveConfig: saving-data
14:22:32 Saving sacks file
14:22:32 Saved sacks file successfully
14:22:32 saveConfig: saving-data
14:22:32 Saving sacks file
14:22:32 Saved sacks file successfully
14:22:34 saveConfig: auto-save-60s
14:22:34 Saving config file
14:22:34 Saved config file successfully
14:22:34 saveConfig: auto-save-60s
14:22:34 Saving config file
14:22:34 Saved config file successfully
14:23:18 saveConfig: saving-data
14:23:18 Saving sacks file
14:23:19 Saved sacks file successfully
14:23:19 saveConfig: saving-data
14:23:19 Saving sacks file
14:23:19 Saved sacks file successfully
14:23:34 saveConfig: auto-save-60s
14:23:34 Saving config file
14:23:34 Saved config file successfully
14:23:34 saveConfig: auto-save-60s
14:23:34 Saving config file
14:23:34 Saved config file successfully
14:23:41 saveConfig: saving-data
14:23:41 Saving sacks file
14:23:41 Saved sacks file successfully
14:23:41 saveConfig: saving-data
14:23:41 Saving sacks file
14:23:41 Saved sacks file successfully
14:24:34 saveConfig: auto-save-60s
14:24:34 Saving config file
14:24:34 Saved config file successfully
14:24:34 saveConfig: auto-save-60s
14:24:34 Saving config file
14:24:34 Saved config file successfully
14:25:34 saveConfig: auto-save-60s
14:25:34 Saving config file
14:25:34 Saved config file successfully
14:25:34 saveConfig: auto-save-60s
14:25:34 Saving config file
14:25:34 Saved config file successfully
14:26:29 saveConfig: saving-data
14:26:29 Saving sacks file
14:26:29 Saved sacks file successfully
14:26:29 saveConfig: saving-data
14:26:29 Saving sacks file
14:26:29 Saved sacks file successfully
14:26:34 saveConfig: auto-save-60s
14:26:34 Saving config file
14:26:34 Saved config file successfully
14:26:34 saveConfig: auto-save-60s
14:26:34 Saving config file
14:26:34 Saved config file successfully
14:26:50 saveConfig: saving-data
14:26:50 Saving sacks file
14:26:50 Saved sacks file successfully
14:26:50 saveConfig: saving-data
14:26:50 Saving sacks file
14:26:50 Saved sacks file successfully
14:27:03 saveConfig: saving-data
14:27:03 Saving sacks file
14:27:03 Saved sacks file successfully
14:27:03 saveConfig: saving-data
14:27:03 Saving sacks file
14:27:03 Saved sacks file successfully
14:27:34 saveConfig: auto-save-60s
14:27:34 Saving config file
14:27:34 Saved config file successfully
14:27:34 saveConfig: auto-save-60s
14:27:34 Saving config file
14:27:34 Saved config file successfully
14:28:34 saveConfig: auto-save-60s
14:28:34 Saving config file
14:28:34 Saved config file successfully
14:28:34 saveConfig: auto-save-60s
14:28:34 Saving config file
14:28:34 Saved config file successfully
14:28:37 saveConfig: saving-data
14:28:37 Saving sacks file
14:28:37 Saved sacks file successfully
14:28:37 saveConfig: saving-data
14:28:37 Saving sacks file
14:28:37 Saved sacks file successfully
14:29:34 saveConfig: auto-save-60s
14:29:34 Saving config file
14:29:34 Saved config file successfully
14:29:34 saveConfig: auto-save-60s
14:29:34 Saving config file
14:29:34 Saved config file successfully
14:30:31 saveConfig: saving-data
14:30:31 Saving sacks file
14:30:31 Saved sacks file successfully
14:30:31 saveConfig: saving-data
14:30:31 Saving sacks file
14:30:31 Saved sacks file successfully
14:30:34 saveConfig: auto-save-60s
14:30:34 Saving config file
14:30:34 Saved config file successfully
14:30:34 saveConfig: auto-save-60s
14:30:34 Saving config file
14:30:34 Saved config file successfully
14:30:45 saveConfig: saving-data
14:30:45 Saving sacks file
14:30:45 Saved sacks file successfully
14:30:45 saveConfig: saving-data
14:30:45 Saving sacks file
14:30:45 Saved sacks file successfully
14:30:53 saveConfig: saving-data
14:30:53 Saving sacks file
14:30:53 Saved sacks file successfully
14:30:53 saveConfig: saving-data
14:30:53 Saving sacks file
14:30:53 Saved sacks file successfully
14:31:21 saveConfig: saving-data
14:31:21 Saving sacks file
14:31:21 Saved sacks file successfully
14:31:21 saveConfig: saving-data
14:31:21 Saving sacks file
14:31:21 Saved sacks file successfully
14:31:34 saveConfig: auto-save-60s
14:31:34 Saving config file
14:31:34 Saved config file successfully
14:31:34 saveConfig: auto-save-60s
14:31:34 Saving config file
14:31:34 Saved config file successfully
14:32:34 saveConfig: auto-save-60s
14:32:34 Saving config file
14:32:34 Saved config file successfully
14:32:34 saveConfig: auto-save-60s
14:32:34 Saving config file
14:32:34 Saved config file successfully
14:32:50 saveConfig: saving-data
14:32:50 Saving sacks file
14:32:50 Saved sacks file successfully
14:32:50 saveConfig: saving-data
14:32:50 Saving sacks file
14:32:50 Saved sacks file successfully
14:33:34 saveConfig: auto-save-60s
14:33:34 Saving config file
14:33:34 Saved config file successfully
14:33:34 saveConfig: auto-save-60s
14:33:34 Saving config file
14:33:34 Saved config file successfully
14:33:48 saveConfig: saving-data
14:33:48 Saving sacks file
14:33:48 Saved sacks file successfully
14:33:48 saveConfig: saving-data
14:33:48 Saving sacks file
14:33:48 Saved sacks file successfully
14:34:34 saveConfig: auto-save-60s
14:34:34 Saving config file
14:34:34 Saved config file successfully
14:34:34 saveConfig: auto-save-60s
14:34:34 Saving config file
14:34:34 Saved config file successfully
14:34:55 saveConfig: saving-data
14:34:55 Saving sacks file
14:34:55 Saved sacks file successfully
14:34:55 saveConfig: saving-data
14:34:55 Saving sacks file
14:34:55 Saved sacks file successfully
14:35:34 saveConfig: auto-save-60s
14:35:34 Saving config file
14:35:34 Saved config file successfully
14:35:34 saveConfig: auto-save-60s
14:35:34 Saving config file
14:35:34 Saved config file successfully
14:36:34 saveConfig: auto-save-60s
14:36:34 Saving config file
14:36:34 Saved config file successfully
14:36:34 saveConfig: auto-save-60s
14:36:34 Saving config file
14:36:34 Saved config file successfully
14:36:49 saveConfig: saving-data
14:36:49 Saving sacks file
14:36:49 Saved sacks file successfully
14:36:49 saveConfig: saving-data
14:36:49 Saving sacks file
14:36:49 Saved sacks file successfully
14:37:34 saveConfig: auto-save-60s
14:37:34 Saving config file
14:37:34 Saved config file successfully
14:37:34 saveConfig: auto-save-60s
14:37:34 Saving config file
14:37:34 Saved config file successfully
14:38:34 saveConfig: auto-save-60s
14:38:34 Saving config file
14:38:34 Saved config file successfully
14:38:34 saveConfig: auto-save-60s
14:38:34 Saving config file
14:38:34 Saved config file successfully
14:39:34 saveConfig: auto-save-60s
14:39:34 Saving config file
14:39:34 Saved config file successfully
14:39:34 saveConfig: auto-save-60s
14:39:34 Saving config file
14:39:34 Saved config file successfully
14:40:11 saveConfig: saving-data
14:40:11 Saving sacks file
14:40:11 Saved sacks file successfully
14:40:11 saveConfig: saving-data
14:40:11 Saving sacks file
14:40:11 Saved sacks file successfully
14:40:34 saveConfig: auto-save-60s
14:40:34 Saving config file
14:40:34 Saved config file successfully
14:40:34 saveConfig: auto-save-60s
14:40:34 Saving config file
14:40:34 Saved config file successfully
14:41:09 saveConfig: saving-data
14:41:09 Saving sacks file
14:41:09 Saved sacks file successfully
14:41:09 saveConfig: saving-data
14:41:09 Saving sacks file
14:41:09 Saved sacks file successfully
14:41:31 saveConfig: saving-data
14:41:31 Saving sacks file
14:41:31 Saved sacks file successfully
14:41:31 saveConfig: saving-data
14:41:31 Saving sacks file
14:41:31 Saved sacks file successfully
14:41:34 saveConfig: auto-save-60s
14:41:34 Saving config file
14:41:34 Saved config file successfully
14:41:34 saveConfig: auto-save-60s
14:41:34 Saving config file
14:41:34 Saved config file successfully
14:42:34 saveConfig: auto-save-60s
14:42:34 Saving config file
14:42:34 Saved config file successfully
14:42:34 saveConfig: auto-save-60s
14:42:34 Saving config file
14:42:34 Saved config file successfully
14:42:50 saveConfig: saving-data
14:42:50 Saving sacks file
14:42:50 Saved sacks file successfully
14:42:50 saveConfig: saving-data
14:42:50 Saving sacks file
14:42:50 Saved sacks file successfully
14:43:24 saveConfig: saving-data
14:43:24 Saving sacks file
14:43:24 Saved sacks file successfully
14:43:24 saveConfig: saving-data
14:43:24 Saving sacks file
14:43:24 Saved sacks file successfully
14:43:34 saveConfig: auto-save-60s
14:43:34 Saving config file
14:43:34 Saved config file successfully
14:43:34 saveConfig: auto-save-60s
14:43:34 Saving config file
14:43:34 Saved config file successfully
14:43:52 saveConfig: saving-data
14:43:52 Saving sacks file
14:43:52 Saved sacks file successfully
14:43:52 saveConfig: saving-data
14:43:52 Saving sacks file
14:43:52 Saved sacks file successfully
14:44:34 saveConfig: auto-save-60s
14:44:34 Saving config file
14:44:34 Saved config file successfully
14:44:34 saveConfig: auto-save-60s
14:44:34 Saving config file
14:44:34 Saved config file successfully
14:45:20 saveConfig: saving-data
14:45:20 Saving sacks file
14:45:20 Saved sacks file successfully
14:45:20 saveConfig: saving-data
14:45:20 Saving sacks file
14:45:20 Saved sacks file successfully
14:45:34 saveConfig: auto-save-60s
14:45:34 Saving config file
14:45:34 Saved config file successfully
14:45:34 saveConfig: auto-save-60s
14:45:34 Saving config file
14:45:34 Saved config file successfully
14:46:10 saveConfig: saving-data
14:46:10 Saving sacks file
14:46:10 Saved sacks file successfully
14:46:10 saveConfig: saving-data
14:46:10 Saving sacks file
14:46:10 Saved sacks file successfully
14:46:34 saveConfig: auto-save-60s
14:46:34 Saving config file
14:46:34 Saved config file successfully
14:46:34 saveConfig: auto-save-60s
14:46:34 Saving config file
14:46:34 Saved config file successfully
14:46:47 saveConfig: saving-data
14:46:47 Saving sacks file
14:46:48 Saved sacks file successfully
14:46:48 saveConfig: saving-data
14:46:48 Saving sacks file
14:46:48 Saved sacks file successfully
14:47:27 saveConfig: saving-data
14:47:27 Saving sacks file
14:47:27 Saved sacks file successfully
14:47:27 saveConfig: saving-data
14:47:27 Saving sacks file
14:47:27 Saved sacks file successfully
14:47:34 saveConfig: auto-save-60s
14:47:34 Saving config file
14:47:34 Saved config file successfully
14:47:34 saveConfig: auto-save-60s
14:47:34 Saving config file
14:47:34 Saved config file successfully
14:47:57 saveConfig: saving-data
14:47:57 Saving sacks file
14:47:57 Saved sacks file successfully
14:47:57 saveConfig: saving-data
14:47:57 Saving sacks file
14:47:57 Saved sacks file successfully
14:48:34 saveConfig: auto-save-60s
14:48:34 Saving config file
14:48:34 Saved config file successfully
14:48:34 saveConfig: auto-save-60s
14:48:34 Saving config file
14:48:34 Saved config file successfully
14:49:34 saveConfig: auto-save-60s
14:49:34 Saving config file
14:49:34 Saved config file successfully
14:49:34 saveConfig: auto-save-60s
14:49:34 Saving config file
14:49:34 Saved config file successfully
14:49:58 saveConfig: saving-data
14:49:58 Saving sacks file
14:49:58 Saved sacks file successfully
14:49:58 saveConfig: saving-data
14:49:58 Saving sacks file
14:49:58 Saved sacks file successfully
14:50:27 saveConfig: saving-data
14:50:27 Saving sacks file
14:50:27 Saved sacks file successfully
14:50:27 saveConfig: saving-data
14:50:27 Saving sacks file
14:50:27 Saved sacks file successfully
14:50:34 saveConfig: auto-save-60s
14:50:34 Saving config file
14:50:34 Saved config file successfully
14:50:34 saveConfig: auto-save-60s
14:50:34 Saving config file
14:50:34 Saved config file successfully
14:51:34 saveConfig: auto-save-60s
14:51:34 Saving config file
14:51:34 Saved config file successfully
14:51:34 saveConfig: auto-save-60s
14:51:34 Saving config file
14:51:34 Saved config file successfully
14:52:34 saveConfig: auto-save-60s
14:52:34 Saving config file
14:52:34 Saved config file successfully
14:52:34 saveConfig: auto-save-60s
14:52:34 Saving config file
14:52:34 Saved config file successfully
14:53:34 saveConfig: auto-save-60s
14:53:34 Saving config file
14:53:34 Saved config file successfully
14:53:34 saveConfig: auto-save-60s
14:53:34 Saving config file
14:53:34 Saved config file successfully
14:54:34 saveConfig: auto-save-60s
14:54:34 Saving config file
14:54:34 Saved config file successfully
14:54:34 saveConfig: auto-save-60s
14:54:34 Saving config file
14:54:34 Saved config file successfully
14:55:34 saveConfig: auto-save-60s
14:55:34 Saving config file
14:55:34 Saved config file successfully
14:55:34 saveConfig: auto-save-60s
14:55:34 Saving config file
14:55:34 Saved config file successfully
14:56:34 saveConfig: auto-save-60s
14:56:34 Saving config file
14:56:34 Saved config file successfully
14:56:34 saveConfig: auto-save-60s
14:56:34 Saving config file
14:56:34 Saved config file successfully
14:57:34 saveConfig: auto-save-60s
14:57:34 Saving config file
14:57:34 Saved config file successfully
14:57:34 saveConfig: auto-save-60s
14:57:34 Saving config file
14:57:34 Saved config file successfully
14:58:34 saveConfig: auto-save-60s
14:58:34 Saving config file
14:58:34 Saved config file successfully
14:58:34 saveConfig: auto-save-60s
14:58:34 Saving config file
14:58:34 Saved config file successfully
14:59:34 saveConfig: auto-save-60s
14:59:34 Saving config file
14:59:34 Saved config file successfully
14:59:34 saveConfig: auto-save-60s
14:59:34 Saving config file
14:59:34 Saved config file successfully
15:00:34 saveConfig: auto-save-60s
15:00:34 Saving config file
15:00:34 Saved config file successfully
15:00:34 saveConfig: auto-save-60s
15:00:34 Saving config file
15:00:34 Saved config file successfully
15:01:34 saveConfig: auto-save-60s
15:01:34 Saving config file
15:01:34 Saved config file successfully
15:01:34 saveConfig: auto-save-60s
15:01:34 Saving config file
15:01:34 Saved config file successfully
15:02:34 saveConfig: auto-save-60s
15:02:34 Saving config file
15:02:34 Saved config file successfully
15:02:34 saveConfig: auto-save-60s
15:02:34 Saving config file
15:02:34 Saved config file successfully
15:03:34 saveConfig: auto-save-60s
15:03:34 Saving config file
15:03:34 Saved config file successfully
15:03:34 saveConfig: auto-save-60s
15:03:34 Saving config file
15:03:34 Saved config file successfully
15:04:34 saveConfig: auto-save-60s
15:04:34 Saving config file
15:04:34 Saved config file successfully
15:04:34 saveConfig: auto-save-60s
15:04:34 Saving config file
15:04:34 Saved config file successfully
15:05:33 saveConfig: saving-data
15:05:33 Saving sacks file
15:05:33 Saved sacks file successfully
15:05:33 saveConfig: saving-data
15:05:33 Saving sacks file
15:05:33 Saved sacks file successfully
15:05:34 saveConfig: auto-save-60s
15:05:34 Saving config file
15:05:34 Saved config file successfully
15:05:34 saveConfig: auto-save-60s
15:05:34 Saving config file
15:05:34 Saved config file successfully
15:06:34 saveConfig: auto-save-60s
15:06:34 Saving config file
15:06:34 Saved config file successfully
15:06:34 saveConfig: auto-save-60s
15:06:34 Saving config file
15:06:34 Saved config file successfully
15:07:34 saveConfig: auto-save-60s
15:07:34 Saving config file
15:07:34 Saved config file successfully
15:07:34 saveConfig: auto-save-60s
15:07:34 Saving config file
15:07:34 Saved config file successfully
15:08:34 saveConfig: auto-save-60s
15:08:34 Saving config file
15:08:34 Saved config file successfully
15:08:34 saveConfig: auto-save-60s
15:08:34 Saving config file
15:08:34 Saved config file successfully
15:09:34 saveConfig: auto-save-60s
15:09:34 Saving config file
15:09:34 Saved config file successfully
15:09:34 saveConfig: auto-save-60s
15:09:34 Saving config file
15:09:34 Saved config file successfully
15:10:34 saveConfig: auto-save-60s
15:10:34 Saving config file
15:10:34 Saved config file successfully
15:10:34 saveConfig: auto-save-60s
15:10:34 Saving config file
15:10:34 Saved config file successfully
15:11:34 saveConfig: auto-save-60s
15:11:34 Saving config file
15:11:34 Saved config file successfully
15:11:34 saveConfig: auto-save-60s
15:11:34 Saving config file
15:11:34 Saved config file successfully
15:12:34 saveConfig: auto-save-60s
15:12:34 Saving config file
15:12:34 Saved config file successfully
15:12:34 saveConfig: auto-save-60s
15:12:34 Saving config file
15:12:34 Saved config file successfully
15:13:34 saveConfig: auto-save-60s
15:13:34 Saving config file
15:13:34 Saved config file successfully
15:13:34 saveConfig: auto-save-60s
15:13:34 Saving config file
15:13:34 Saved config file successfully
15:14:34 saveConfig: auto-save-60s
15:14:34 Saving config file
15:14:34 Saved config file successfully
15:14:34 saveConfig: auto-save-60s
15:14:34 Saving config file
15:14:34 Saved config file successfully
15:15:08 saveConfig: saving-data
15:15:08 Saving sacks file
15:15:08 Saved sacks file successfully
15:15:08 saveConfig: saving-data
15:15:08 Saving sacks file
15:15:08 Saved sacks file successfully
15:15:20 saveConfig: saving-data
15:15:20 Saving sacks file
15:15:20 Saved sacks file successfully
15:15:20 saveConfig: saving-data
15:15:20 Saving sacks file
15:15:21 Saved sacks file successfully
15:15:29 saveConfig: saving-data
15:15:29 Saving sacks file
15:15:29 Saved sacks file successfully
15:15:29 saveConfig: saving-data
15:15:29 Saving sacks file
15:15:30 Saved sacks file successfully
15:15:34 saveConfig: auto-save-60s
15:15:34 Saving config file
15:15:34 Saved config file successfully
15:15:34 saveConfig: auto-save-60s
15:15:34 Saving config file
15:15:34 Saved config file successfully
15:15:42 saveConfig: saving-data
15:15:42 Saving sacks file
15:15:42 Saved sacks file successfully
15:15:42 saveConfig: saving-data
15:15:42 Saving sacks file
15:15:42 Saved sacks file successfully
15:16:06 saveConfig: saving-data
15:16:06 Saving sacks file
15:16:06 Saved sacks file successfully
15:16:06 saveConfig: saving-data
15:16:06 Saving sacks file
15:16:06 Saved sacks file successfully
15:16:34 saveConfig: auto-save-60s
15:16:34 Saving config file
15:16:34 Saved config file successfully
15:16:34 saveConfig: auto-save-60s
15:16:34 Saving config file
15:16:34 Saved config file successfully
15:17:34 saveConfig: auto-save-60s
15:17:34 Saving config file
15:17:34 Saved config file successfully
15:17:34 saveConfig: auto-save-60s
15:17:34 Saving config file
15:17:34 Saved config file successfully
15:18:34 saveConfig: auto-save-60s
15:18:34 Saving config file
15:18:34 Saved config file successfully
15:18:34 saveConfig: auto-save-60s
15:18:34 Saving config file
15:18:34 Saved config file successfully
15:19:34 saveConfig: auto-save-60s
15:19:34 Saving config file
15:19:34 Saved config file successfully
15:19:34 saveConfig: auto-save-60s
15:19:34 Saving config file
15:19:34 Saved config file successfully
15:20:34 saveConfig: auto-save-60s
15:20:34 Saving config file
15:20:34 Saved config file successfully
15:20:34 saveConfig: auto-save-60s
15:20:34 Saving config file
15:20:34 Saved config file successfully
15:21:34 saveConfig: auto-save-60s
15:21:34 Saving config file
15:21:34 Saved config file successfully
15:21:34 saveConfig: auto-save-60s
15:21:34 Saving config file
15:21:34 Saved config file successfully
15:22:34 saveConfig: auto-save-60s
15:22:34 Saving config file
15:22:34 Saved config file successfully
15:22:34 saveConfig: auto-save-60s
15:22:34 Saving config file
15:22:34 Saved config file successfully
15:23:34 saveConfig: auto-save-60s
15:23:34 Saving config file
15:23:34 Saved config file successfully
15:23:34 saveConfig: auto-save-60s
15:23:34 Saving config file
15:23:34 Saved config file successfully
15:24:34 saveConfig: auto-save-60s
15:24:34 Saving config file
15:24:34 Saved config file successfully
15:24:34 saveConfig: auto-save-60s
15:24:34 Saving config file
15:24:34 Saved config file successfully
15:25:34 saveConfig: auto-save-60s
15:25:34 Saving config file
15:25:34 Saved config file successfully
15:25:34 saveConfig: auto-save-60s
15:25:34 Saving config file
15:25:34 Saved config file successfully
15:26:34 saveConfig: auto-save-60s
15:26:34 Saving config file
15:26:34 Saved config file successfully
15:26:34 saveConfig: auto-save-60s
15:26:34 Saving config file
15:26:34 Saved config file successfully
15:27:34 saveConfig: auto-save-60s
15:27:34 Saving config file
15:27:34 Saved config file successfully
15:27:34 saveConfig: auto-save-60s
15:27:34 Saving config file
15:27:34 Saved config file successfully
15:28:34 saveConfig: auto-save-60s
15:28:34 Saving config file
15:28:34 Saved config file successfully
15:28:34 saveConfig: auto-save-60s
15:28:34 Saving config file
15:28:34 Saved config file successfully
15:29:34 saveConfig: auto-save-60s
15:29:34 Saving config file
15:29:34 Saved config file successfully
15:29:34 saveConfig: auto-save-60s
15:29:34 Saving config file
15:29:34 Saved config file successfully
15:30:34 saveConfig: auto-save-60s
15:30:34 Saving config file
15:30:34 Saved config file successfully
15:30:34 saveConfig: auto-save-60s
15:30:34 Saving config file
15:30:34 Saved config file successfully
15:31:34 saveConfig: auto-save-60s
15:31:34 Saving config file
15:31:34 Saved config file successfully
15:31:34 saveConfig: auto-save-60s
15:31:34 Saving config file
15:31:34 Saved config file successfully
15:32:34 saveConfig: auto-save-60s
15:32:34 Saving config file
15:32:34 Saved config file successfully
15:32:34 saveConfig: auto-save-60s
15:32:34 Saving config file
15:32:34 Saved config file successfully
15:33:34 saveConfig: auto-save-60s
15:33:34 Saving config file
15:33:34 Saved config file successfully
15:33:34 saveConfig: auto-save-60s
15:33:34 Saving config file
15:33:34 Saved config file successfully
15:33:52 saveConfig: shutdown-hook
15:33:52 Saving config file
15:33:52 Saved config file successfully
15:33:52 saveConfig: shutdown-hook
15:33:52 Saving config file
