18:27:38 `1koqj8c1zu`8 missed {
 is already Found: false).
 Position: LorenzVec(x=5.375, y=200.0, z=-109.21875)
 DistanceC: 23.914642155283783
Relative Position: LorenzVec(x=23.914642155283783, y=0.0, z=12.234118797555311)
 }
18:32:04 `Bat`1431071 missed {
 is already Found: false).
 Position: LorenzVec(x=-546.5, y=20.100000023841858, z=-263.5)
 DistanceC: 11.731531657098685
Relative Position: LorenzVec(x=-11.731531657098685, y=-80.89999997615814, z=-0.6903292042518387)
 }
18:32:05 `Bat`1431199 missed {
 is already Found: false).
 Position: LorenzVec(x=-532.6875, y=23.100000023841858, z=-268.0625)
 DistanceC: 5.252829204251839
Relative Position: LorenzVec(x=2.080968342901315, y=-77.89999997615814, z=-5.252829204251839)
 }
18:32:11 `Bat`1431249 missed {
 is already Found: false).
 Position: LorenzVec(x=-528.71875, y=18.100000023841858, z=-285.25)
 DistanceC: 17.364123423822434
Relative Position: LorenzVec(x=-1.2829791872019314, y=-82.96249997615814, z=-17.364123423822434)
 }
18:55:17 `Scion `8866901 missed {
 is already Found: false).
 Position: LorenzVec(x=16.84375, y=100.0, z=46.375)
 DistanceC: 16.21765903165358
Relative Position: LorenzVec(x=15.883729373527709, y=0.0, z=16.21765903165358)
 }
18:55:17 `Scion `8950614 missed {
 is already Found: false).
 Position: LorenzVec(x=16.96875, y=100.0, z=45.5)
 DistanceC: 16.008729373527707
Relative Position: LorenzVec(x=16.008729373527707, y=0.0, z=15.342659031653579)
 }
18:55:17 `Scion `8781828 missed {
 is already Found: false).
 Position: LorenzVec(x=12.09375, y=100.0, z=51.28125)
 DistanceC: 21.12390903165358
Relative Position: LorenzVec(x=11.133729373527709, y=0.0, z=21.12390903165358)
 }
18:57:00 `x63eqw021x`1 missed {
 is already Found: false).
 Position: LorenzVec(x=21.5, y=78.0, z=-23.5)
 DistanceC: 19.658730307755285
Relative Position: LorenzVec(x=19.658730307755285, y=7.0, z=-19.641059894310274)
 }
18:57:39 `Bat`922994 missed {
 is already Found: false).
 Position: LorenzVec(x=25.485725308641975, y=67.64467592592594, z=-1.2939814814814814)
 DistanceC: 16.499616674632314
Relative Position: LorenzVec(x=16.499616674632314, y=-1.855324074074062, z=7.004919816614219)
 }
18:58:05 `Bat`923977 missed {
 is already Found: false).
 Position: LorenzVec(x=11.46875, y=76.53125, z=13.5)
 DistanceC: 21.7989012980957
Relative Position: LorenzVec(x=2.4826413659903395, y=7.03125, z=21.7989012980957)
 }
18:58:06 `Bat`924016 missed {
 is already Found: false).
 Position: LorenzVec(x=18.875, y=69.09375, z=4.0)
 DistanceC: 12.2989012980957
Relative Position: LorenzVec(x=9.88889136599034, y=-0.40625, z=12.2989012980957)
 }
18:59:08 `Bat`923509 missed {
 is already Found: false).
 Position: LorenzVec(x=32.28125, y=68.46875, z=7.65625)
 DistanceC: 20.642039317696906
Relative Position: LorenzVec(x=20.642039317696906, y=-2.03125, z=19.556422733874264)
 }
18:59:08 `Bat`925205 missed {
 is already Found: false).
 Position: LorenzVec(x=32.84375, y=68.3125, z=5.96875)
 DistanceC: 21.204539317696906
Relative Position: LorenzVec(x=21.204539317696906, y=-2.1875, z=17.868922733874264)
 }
18:59:09 `Bat`925757 missed {
 is already Found: false).
 Position: LorenzVec(x=32.635416666666664, y=67.87222222487131, z=9.409722222222221)
 DistanceC: 21.309894956096485
Relative Position: LorenzVec(x=20.99620598436357, y=-2.627777775128692, z=21.309894956096485)
 }
19:00:16 `Bat`922831 missed {
 is already Found: false).
 Position: LorenzVec(x=34.90625, y=66.1875, z=2.53125)
 DistanceC: 15.449787671415216
Relative Position: LorenzVec(x=15.449787671415216, y=-25.9440633992116, z=4.386477365884163)
 }
19:00:16 `Bat`922790 missed {
 is already Found: false).
 Position: LorenzVec(x=35.570601851851855, y=67.1261574074074, z=2.5358796296296298)
 DistanceC: 17.296807371915207
Relative Position: LorenzVec(x=17.296807371915207, y=-26.658145902765042, z=3.61126928447581)
 }
19:00:16 `Bat`922838 missed {
 is already Found: false).
 Position: LorenzVec(x=37.21527777777778, y=66.57253086419753, z=1.359182098765432)
 DistanceC: 19.519660819923182
Relative Position: LorenzVec(x=19.519660819923182, y=-27.52682624965543, z=2.1529159205661563)
 }
19:00:16 `Bat`922774 missed {
 is already Found: false).
 Position: LorenzVec(x=36.20833333333333, y=66.94328703703704, z=2.5)
 DistanceC: 18.773855403799743
Relative Position: LorenzVec(x=18.773855403799743, y=-27.19168304481903, z=3.1654650764654795)
 }
19:00:16 `Bat`922778 missed {
 is already Found: false).
 Position: LorenzVec(x=36.67129629629629, y=66.54822530864197, z=2.4390432098765435)
 DistanceC: 19.69070413120062
Relative Position: LorenzVec(x=19.69070413120062, y=-27.422216172295478, z=2.8815643705884058)
 }
19:01:05 `Bat`931581 missed {
 is already Found: false).
 Position: LorenzVec(x=48.90625, y=76.875, z=23.0)
 DistanceC: 6.212629516763485
Relative Position: LorenzVec(x=1.6430769384887327, y=-14.145000010728836, z=-6.212629516763485)
 }
19:01:06 `Bat`931577 missed {
 is already Found: false).
 Position: LorenzVec(x=50.375, y=76.10000002384186, z=23.09375)
 DistanceC: 4.270054422325533
Relative Position: LorenzVec(x=2.087095914051723, y=-18.031563375369743, z=-4.270054422325533)
 }
19:01:06 `Bat`922430 missed {
 is already Found: false).
 Position: LorenzVec(x=51.71875, y=75.10000002384186, z=23.28125)
 DistanceC: 1.8480156557871013
Relative Position: LorenzVec(x=1.8480156557871013, y=-20.991470765810647, z=-1.298300725719777)
 }
19:01:47 `Bat`930525 missed {
 is already Found: false).
 Position: LorenzVec(x=27.84375, y=70.875, z=6.78125)
 DistanceC: 17.921324647040194
Relative Position: LorenzVec(x=17.921324647040194, y=-1.125, z=3.533823322437929)
 }
19:01:54 `Bat`932931 missed {
 is already Found: false).
 Position: LorenzVec(x=46.0, y=68.09375, z=20.40625)
 DistanceC: 21.98633451219013
Relative Position: LorenzVec(x=-13.691139585042457, y=-19.90625, z=21.98633451219013)
 }
19:01:54 `Bat`932844 missed {
 is already Found: false).
 Position: LorenzVec(x=45.625, y=68.0, z=21.15625)
 DistanceC: 21.52195962024751
Relative Position: LorenzVec(x=-13.703425057451675, y=-21.020000010728836, z=21.52195962024751)
 }
19:01:54 `Bat`932835 missed {
 is already Found: false).
 Position: LorenzVec(x=47.125, y=71.0, z=20.75)
 DistanceC: 19.16142155696206
Relative Position: LorenzVec(x=-11.62332915277625, y=-20.495064620329813, z=19.16142155696206)
 }
19:01:54 `Bat`932856 missed {
 is already Found: false).
 Position: LorenzVec(x=47.02083333333333, y=69.23958333333334, z=20.510416666666664)
 DistanceC: 18.921838223628725
Relative Position: LorenzVec(x=-11.727495819442922, y=-22.25548128699647, z=18.921838223628725)
 }
19:01:54 `Bat`932870 missed {
 is already Found: false).
 Position: LorenzVec(x=47.03125, y=70.96875, z=20.78125)
 DistanceC: 19.19267155696206
Relative Position: LorenzVec(x=-11.71707915277625, y=-20.526314620329813, z=19.19267155696206)
 }
19:01:54 `Bat`932918 missed {
 is already Found: false).
 Position: LorenzVec(x=47.125, y=73.15625, z=21.3125)
 DistanceC: 19.72392155696206
Relative Position: LorenzVec(x=-11.62332915277625, y=-18.338814620329813, z=19.72392155696206)
 }
19:01:54 `Bat`932898 missed {
 is already Found: false).
 Position: LorenzVec(x=47.375, y=73.4375, z=21.21875)
 DistanceC: 19.044077132898465
Relative Position: LorenzVec(x=-11.203278482833767, y=-18.6940633992116, z=19.044077132898465)
 }
19:01:54 `Bat`932907 missed {
 is already Found: false).
 Position: LorenzVec(x=47.28125, y=73.15625, z=21.21875)
 DistanceC: 19.044077132898465
Relative Position: LorenzVec(x=-11.297028482833767, y=-18.9753133992116, z=19.044077132898465)
 }
19:01:54 `Bat`932922 missed {
 is already Found: false).
 Position: LorenzVec(x=47.375, y=73.4375, z=21.21875)
 DistanceC: 19.044077132898465
Relative Position: LorenzVec(x=-11.203278482833767, y=-18.6940633992116, z=19.044077132898465)
 }
19:01:55 `Bat`932241 missed {
 is already Found: false).
 Position: LorenzVec(x=48.9375, y=76.10000002384186, z=22.96875)
 DistanceC: 18.26875001192093
Relative Position: LorenzVec(x=-8.996634131859693, y=-18.03497005801421, z=18.26875001192093)
 }
19:01:55 `Bat`932419 missed {
 is already Found: false).
 Position: LorenzVec(x=48.9375, y=76.10000002384186, z=22.96875)
 DistanceC: 18.26875001192093
Relative Position: LorenzVec(x=-8.996634131859693, y=-18.03497005801421, z=18.26875001192093)
 }
19:01:55 `Bat`932426 missed {
 is already Found: false).
 Position: LorenzVec(x=48.9375, y=76.875, z=22.96875)
 DistanceC: 18.26875001192093
Relative Position: LorenzVec(x=-8.996634131859693, y=-17.259970081856068, z=18.26875001192093)
 }
19:01:55 `Bat`932438 missed {
 is already Found: false).
 Position: LorenzVec(x=48.9375, y=76.10000002384186, z=22.96875)
 DistanceC: 18.26875001192093
Relative Position: LorenzVec(x=-8.996634131859693, y=-18.03497005801421, z=18.26875001192093)
 }
19:01:56 `Bat`933019 missed {
 is already Found: false).
 Position: LorenzVec(x=46.364583333333336, y=69.875, z=21.3125)
 DistanceC: 13.656809535064244
Relative Position: LorenzVec(x=-12.13746323638285, y=-18.125, z=13.656809535064244)
 }
19:02:01 `Bat`933190 missed {
 is already Found: false).
 Position: LorenzVec(x=50.3125, y=75.10000002384186, z=23.3125)
 DistanceC: 13.553934892661367
Relative Position: LorenzVec(x=9.3152477485827, y=-11.83665492231114, z=-13.553934892661367)
 }
19:03:05 `1ad99z9qm4`75 missed {
 is already Found: false).
 Position: LorenzVec(x=-504.5, y=101.0, z=-284.5)
 DistanceC: 22.96982426677539
Relative Position: LorenzVec(x=22.96982426677539, y=0.0, z=-10.39450013769408)
 }
19:03:18 `tt71p2s28v`423 missed {
 is already Found: false).
 Position: LorenzVec(x=-31.0, y=73.0, z=-95.5)
 DistanceC: 20.794842015766843
Relative Position: LorenzVec(x=-20.794842015766843, y=3.0, z=-19.151593531052868)
 }
19:03:18 `2rr13c8p7m`521 missed {
 is already Found: false).
 Position: LorenzVec(x=-29.5, y=57.0, z=-90.5)
 DistanceC: 19.294842015766843
Relative Position: LorenzVec(x=-19.294842015766843, y=-13.0, z=-14.151593531052868)
 }
19:07:11 `Villager`363 missed {
 is already Found: false).
 Position: LorenzVec(x=28.0, y=70.0, z=-116.0)
 DistanceC: 23.5
Relative Position: LorenzVec(x=17.5, y=0.0, z=-23.5)
 }
19:09:23 `b181ypa8kc`1509 missed {
 is already Found: false).
 Position: LorenzVec(x=-0.5, y=72.0, z=-111.5)
 DistanceC: 10.91526847194134
Relative Position: LorenzVec(x=-10.91526847194134, y=-18.0, z=-4.866950467566895)
 }
19:09:47 `94j93x722o`246 missed {
 is already Found: false).
 Position: LorenzVec(x=-55.5, y=72.0, z=-56.5)
 DistanceC: 23.964585225857217
Relative Position: LorenzVec(x=-23.964585225857217, y=2.0, z=18.19999998807907)
 }
19:09:59 `Villager`357 missed {
 is already Found: false).
 Position: LorenzVec(x=-25.6875, y=68.0, z=-103.09375)
 DistanceC: 19.623411703726816
Relative Position: LorenzVec(x=-17.81156380926688, y=-2.0, z=-19.623411703726816)
 }
19:10:35 `84flst1njo`228 missed {
 is already Found: false).
 Position: LorenzVec(x=22.0, y=71.0, z=-45.5)
 DistanceC: 15.893473264753432
Relative Position: LorenzVec(x=14.264600996704745, y=1.0, z=15.893473264753432)
 }
19:10:41 `g6anm2f57d`528 missed {
 is already Found: false).
 Position: LorenzVec(x=-6.5, y=55.0, z=-95.5)
 DistanceC: 18.7786836636498
Relative Position: LorenzVec(x=-13.641441624719858, y=-15.0, z=-18.7786836636498)
 }
19:12:00 `Endermite`94 missed {
 is already Found: false).
 Position: LorenzVec(x=-587.0, y=17.0, z=-277.0)
 DistanceC: 10.533666307131398
Relative Position: LorenzVec(x=10.533666307131398, y=-140.98301735129175, z=-6.395523839604039)
 }
19:17:04 `e1c6c87sem`376 missed {
 is already Found: false).
 Position: LorenzVec(x=-59.5, y=89.0, z=-16.5)
 DistanceC: 16.516252712965823
Relative Position: LorenzVec(x=-13.036273705895447, y=15.0, z=16.516252712965823)
 }
19:17:14 `60xjqb9425`261 missed {
 is already Found: false).
 Position: LorenzVec(x=-74.0, y=65.0, z=-50.0)
 DistanceC: 21.880186775074783
Relative Position: LorenzVec(x=-21.880186775074783, y=-6.0, z=-16.300000011920936)
 }
19:17:15 `722eupb5vj`260 missed {
 is already Found: false).
 Position: LorenzVec(x=-73.5, y=71.0, z=-55.5)
 DistanceC: 22.61604270247892
Relative Position: LorenzVec(x=-22.033852131062815, y=-0.0625, z=-22.61604270247892)
 }
19:17:17 `e1c6c87sem`376 missed {
 is already Found: false).
 Position: LorenzVec(x=-59.5, y=89.0, z=-16.5)
 DistanceC: 15.087982395732766
Relative Position: LorenzVec(x=-8.588255916968414, y=17.9375, z=15.087982395732766)
 }
19:17:45 `6okq43t8r4`261 missed {
 is already Found: false).
 Position: LorenzVec(x=-74.0, y=65.0, z=-50.0)
 DistanceC: 23.900098927280958
Relative Position: LorenzVec(x=-23.900098927280958, y=-6.0625, z=-19.844387412385665)
 }
19:19:25 `w7d5n581sg`526 missed {
 is already Found: false).
 Position: LorenzVec(x=-62.5, y=77.0, z=84.5)
 DistanceC: 1.800000011920929
Relative Position: LorenzVec(x=0.4793718639749045, y=1.0, z=1.800000011920929)
 }
19:21:14 `Villager`359 missed {
 is already Found: false).
 Position: LorenzVec(x=-21.5, y=68.0, z=-124.5)
 DistanceC: 23.449079550638515
Relative Position: LorenzVec(x=-19.800000011920936, y=-4.0625, z=-23.449079550638515)
 }
19:21:14 `iojg6m330p`339 missed {
 is already Found: false).
 Position: LorenzVec(x=-9.0, y=68.0, z=-125.0)
 DistanceC: 23.949079550638515
Relative Position: LorenzVec(x=-7.300000011920935, y=-4.0625, z=-23.949079550638515)
 }
19:21:35 `Villager`363 missed {
 is already Found: false).
 Position: LorenzVec(x=28.0, y=70.0, z=-116.0)
 DistanceC: 21.426881760358818
Relative Position: LorenzVec(x=21.426881760358818, y=-2.0, z=-17.69999998807907)
 }
19:21:55 `jihx01x435`228 missed {
 is already Found: false).
 Position: LorenzVec(x=22.0, y=71.0, z=-45.5)
 DistanceC: 10.976739898246855
Relative Position: LorenzVec(x=4.388415636521607, y=1.0, z=10.976739898246855)
 }
19:22:42 `Am4zingAndHyper`53818 missed {
 is already Found: false).
 Position: LorenzVec(x=-2.5, y=70.0, z=-69.5)
 DistanceC: 14.792454494680396
Relative Position: LorenzVec(x=-14.792454494680396, y=0.0, z=-7.70718595874861)
 }
19:23:12 `7btfihv23d`529 missed {
 is already Found: false).
 Position: LorenzVec(x=-32.5, y=71.0, z=-76.5)
 DistanceC: 18.490956668410362
Relative Position: LorenzVec(x=18.490956668410362, y=-1.0, z=-17.80000001192093)
 }
19:23:31 `bluearcticerik`54385 missed {
 is already Found: false).
 Position: LorenzVec(x=-35.09375, y=72.0, z=-93.6875)
 DistanceC: 18.98750001192093
Relative Position: LorenzVec(x=-2.4499988574811056, y=2.0, z=-18.98750001192093)
 }
19:23:32 `4u10fl122n`423 missed {
 is already Found: false).
 Position: LorenzVec(x=-31.0, y=73.0, z=-95.5)
 DistanceC: 16.90509761299741
Relative Position: LorenzVec(x=-13.825418223304062, y=3.0, z=-16.90509761299741)
 }
19:23:48 `Villager`355 missed {
 is already Found: false).
 Position: LorenzVec(x=28.5, y=69.0, z=-57.5)
 DistanceC: 23.742101014339127
Relative Position: LorenzVec(x=17.756719472259963, y=-1.0, z=23.742101014339127)
 }
19:24:56 `74s457bk78`528 missed {
 is already Found: false).
 Position: LorenzVec(x=-6.5, y=55.0, z=-95.5)
 DistanceC: 19.028832513699218
Relative Position: LorenzVec(x=-19.028832513699218, y=-15.0, z=-17.74154624737119)
 }
19:25:20 `Villager`359 missed {
 is already Found: false).
 Position: LorenzVec(x=-21.5, y=68.0, z=-124.5)
 DistanceC: 22.762334946480323
Relative Position: LorenzVec(x=-19.80000001192093, y=-4.0, z=-22.762334946480323)
 }
19:25:32 `wm72y3iba0`342 missed {
 is already Found: false).
 Position: LorenzVec(x=52.5, y=68.0, z=-82.5)
 DistanceC: 23.19999998807907
Relative Position: LorenzVec(x=23.19999998807907, y=-3.0, z=17.585128408627284)
 }
19:25:42 `Villager`371 missed {
 is already Found: false).
 Position: LorenzVec(x=-11.3125, y=70.0, z=-95.6875)
 DistanceC: 23.586760026598583
Relative Position: LorenzVec(x=-23.586760026598583, y=0.0, z=-20.297916119229896)
 }
19:27:36 `Bat`116261 missed {
 is already Found: false).
 Position: LorenzVec(x=-590.0, y=35.5, z=-276.0)
 DistanceC: 20.531147354498557
Relative Position: LorenzVec(x=-20.531147354498557, y=-45.731523797587016, z=-17.706049035137028)
 }
19:27:36 `Bat`116263 missed {
 is already Found: false).
 Position: LorenzVec(x=-590.0, y=36.5, z=-276.0)
 DistanceC: 20.531147354498557
Relative Position: LorenzVec(x=-20.531147354498557, y=-44.731523797587016, z=-17.706049035137028)
 }
19:28:13 `Bat`116219 missed {
 is already Found: false).
 Position: LorenzVec(x=-591.0, y=34.5, z=-276.0)
 DistanceC: 20.548034157056804
Relative Position: LorenzVec(x=-20.548034157056804, y=15.73363200604248, z=9.361775110054339)
 }
19:28:13 `Bat`116221 missed {
 is already Found: false).
 Position: LorenzVec(x=-591.0, y=35.5, z=-276.0)
 DistanceC: 20.548034157056804
Relative Position: LorenzVec(x=-20.548034157056804, y=16.73363200604248, z=9.361775110054339)
 }
19:28:13 `Bat`116235 missed {
 is already Found: false).
 Position: LorenzVec(x=-591.0, y=37.5, z=-276.0)
 DistanceC: 20.548034157056804
Relative Position: LorenzVec(x=-20.548034157056804, y=18.73363200604248, z=9.361775110054339)
 }
19:28:13 `Bat`116265 missed {
 is already Found: false).
 Position: LorenzVec(x=-591.0, y=38.5, z=-262.65625)
 DistanceC: 21.59117329097404
Relative Position: LorenzVec(x=-19.65184333651439, y=18.558799960827827, z=21.59117329097404)
 }
19:28:13 `Bat`116139 missed {
 is already Found: false).
 Position: LorenzVec(x=-592.0, y=26.5, z=-276.0)
 DistanceC: 20.31972052093795
Relative Position: LorenzVec(x=-20.31972052093795, y=5.734423916908739, z=7.967844934373147)
 }
19:28:13 `Bat`116201 missed {
 is already Found: false).
 Position: LorenzVec(x=-592.0, y=41.5, z=-276.0)
 DistanceC: 20.31972052093795
Relative Position: LorenzVec(x=-20.31972052093795, y=20.73442391690874, z=7.967844934373147)
 }
19:28:13 `Bat`116209 missed {
 is already Found: false).
 Position: LorenzVec(x=-592.0, y=43.5, z=-276.0)
 DistanceC: 20.31972052093795
Relative Position: LorenzVec(x=-20.31972052093795, y=22.73442391690874, z=7.967844934373147)
 }
19:28:14 `Bat`115713 missed {
 is already Found: false).
 Position: LorenzVec(x=-593.0, y=21.5, z=-276.0)
 DistanceC: 2.641697883147117
Relative Position: LorenzVec(x=2.641697883147117, y=-10.26636799395752, z=0.4875140853691846)
 }
19:28:14 `Bat`115717 missed {
 is already Found: false).
 Position: LorenzVec(x=-593.0, y=23.5, z=-276.0)
 DistanceC: 2.641697883147117
Relative Position: LorenzVec(x=2.641697883147117, y=-8.26636799395752, z=0.4875140853691846)
 }
19:28:14 `Bat`115721 missed {
 is already Found: false).
 Position: LorenzVec(x=-593.0, y=24.5, z=-276.0)
 DistanceC: 2.641697883147117
Relative Position: LorenzVec(x=2.641697883147117, y=-7.26636799395752, z=0.4875140853691846)
 }
19:28:14 `Bat`115763 missed {
 is already Found: false).
 Position: LorenzVec(x=-593.0, y=31.5, z=-276.0)
 DistanceC: 2.641697883147117
Relative Position: LorenzVec(x=2.641697883147117, y=-0.26636799395751964, z=0.4875140853691846)
 }
19:28:14 `Bat`115783 missed {
 is already Found: false).
 Position: LorenzVec(x=-593.0, y=34.5, z=-276.0)
 DistanceC: 2.641697883147117
Relative Position: LorenzVec(x=2.641697883147117, y=2.7336320060424804, z=0.4875140853691846)
 }
19:28:14 `Bat`115793 missed {
 is already Found: false).
 Position: LorenzVec(x=-593.0, y=35.5, z=-276.0)
 DistanceC: 2.641697883147117
Relative Position: LorenzVec(x=2.641697883147117, y=3.7336320060424804, z=0.4875140853691846)
 }
19:28:14 `Bat`115799 missed {
 is already Found: false).
 Position: LorenzVec(x=-593.0, y=36.5, z=-276.0)
 DistanceC: 2.641697883147117
Relative Position: LorenzVec(x=2.641697883147117, y=4.73363200604248, z=0.4875140853691846)
 }
19:28:14 `Bat`115805 missed {
 is already Found: false).
 Position: LorenzVec(x=-593.0, y=37.5, z=-276.0)
 DistanceC: 2.641697883147117
Relative Position: LorenzVec(x=2.641697883147117, y=5.73363200604248, z=0.4875140853691846)
 }
19:28:14 `Bat`115823 missed {
 is already Found: false).
 Position: LorenzVec(x=-593.0, y=39.5, z=-276.0)
 DistanceC: 2.641697883147117
Relative Position: LorenzVec(x=2.641697883147117, y=7.73363200604248, z=0.4875140853691846)
 }
19:28:14 `Bat`115831 missed {
 is already Found: false).
 Position: LorenzVec(x=-593.0, y=40.5, z=-276.0)
 DistanceC: 2.641697883147117
Relative Position: LorenzVec(x=2.641697883147117, y=8.73363200604248, z=0.4875140853691846)
 }
19:28:14 `Bat`115847 missed {
 is already Found: false).
 Position: LorenzVec(x=-593.0, y=42.5, z=-276.0)
 DistanceC: 2.641697883147117
Relative Position: LorenzVec(x=2.641697883147117, y=10.73363200604248, z=0.4875140853691846)
 }
19:28:14 `Bat`115861 missed {
 is already Found: false).
 Position: LorenzVec(x=-593.0, y=44.5, z=-276.0)
 DistanceC: 2.641697883147117
Relative Position: LorenzVec(x=2.641697883147117, y=12.73363200604248, z=0.4875140853691846)
 }
19:28:14 `Bat`115871 missed {
 is already Found: false).
 Position: LorenzVec(x=-593.0, y=45.5, z=-276.0)
 DistanceC: 2.641697883147117
Relative Position: LorenzVec(x=2.641697883147117, y=13.73363200604248, z=0.4875140853691846)
 }
19:28:14 `Bat`116027 missed {
 is already Found: false).
 Position: LorenzVec(x=-593.0, y=27.5, z=-276.0)
 DistanceC: 2.641697883147117
Relative Position: LorenzVec(x=2.641697883147117, y=-4.26636799395752, z=0.4875140853691846)
 }
19:28:14 `Bat`116051 missed {
 is already Found: false).
 Position: LorenzVec(x=-593.0, y=32.5, z=-276.0)
 DistanceC: 2.641697883147117
Relative Position: LorenzVec(x=2.641697883147117, y=0.7336320060424804, z=0.4875140853691846)
 }
19:28:14 `Bat`116063 missed {
 is already Found: false).
 Position: LorenzVec(x=-593.0, y=34.5, z=-276.0)
 DistanceC: 2.641697883147117
Relative Position: LorenzVec(x=2.641697883147117, y=2.7336320060424804, z=0.4875140853691846)
 }
19:28:14 `Bat`116089 missed {
 is already Found: false).
 Position: LorenzVec(x=-593.0, y=37.5, z=-276.0)
 DistanceC: 2.641697883147117
Relative Position: LorenzVec(x=2.641697883147117, y=5.73363200604248, z=0.4875140853691846)
 }
19:28:14 `Bat`116115 missed {
 is already Found: false).
 Position: LorenzVec(x=-593.0, y=42.5, z=-276.0)
 DistanceC: 2.641697883147117
Relative Position: LorenzVec(x=2.641697883147117, y=10.73363200604248, z=0.4875140853691846)
 }
19:28:14 `Bat`116127 missed {
 is already Found: false).
 Position: LorenzVec(x=-593.0, y=45.5, z=-276.0)
 DistanceC: 2.641697883147117
Relative Position: LorenzVec(x=2.641697883147117, y=13.73363200604248, z=0.4875140853691846)
 }
19:28:14 `Bat`116137 missed {
 is already Found: false).
 Position: LorenzVec(x=-593.0, y=48.5, z=-276.0)
 DistanceC: 2.641697883147117
Relative Position: LorenzVec(x=2.641697883147117, y=16.73363200604248, z=0.4875140853691846)
 }
19:28:14 `Bat`116217 missed {
 is already Found: false).
 Position: LorenzVec(x=-592.46875, y=34.5, z=-291.6875)
 DistanceC: 15.199985914630815
Relative Position: LorenzVec(x=3.172947883147117, y=2.7336320060424804, z=-15.199985914630815)
 }
19:28:14 `Bat`116227 missed {
 is already Found: false).
 Position: LorenzVec(x=-592.46875, y=36.5, z=-291.6875)
 DistanceC: 15.199985914630815
Relative Position: LorenzVec(x=3.172947883147117, y=4.73363200604248, z=-15.199985914630815)
 }
19:28:14 `Bat`116233 missed {
 is already Found: false).
 Position: LorenzVec(x=-592.46875, y=37.5, z=-291.6875)
 DistanceC: 15.199985914630815
Relative Position: LorenzVec(x=3.172947883147117, y=5.73363200604248, z=-15.199985914630815)
 }
19:28:14 `Bat`116243 missed {
 is already Found: false).
 Position: LorenzVec(x=-592.46875, y=38.5, z=-291.6875)
 DistanceC: 15.199985914630815
Relative Position: LorenzVec(x=3.172947883147117, y=6.73363200604248, z=-15.199985914630815)
 }
19:28:14 `Bat`116251 missed {
 is already Found: false).
 Position: LorenzVec(x=-592.46875, y=40.5, z=-291.6875)
 DistanceC: 15.199985914630815
Relative Position: LorenzVec(x=3.172947883147117, y=8.73363200604248, z=-15.199985914630815)
 }
19:28:14 `Bat`116237 missed {
 is already Found: false).
 Position: LorenzVec(x=-592.46875, y=37.5, z=-260.3125)
 DistanceC: 15.05671482346952
Relative Position: LorenzVec(x=15.05671482346952, y=3.5, z=14.18662074347958)
 }
19:28:48 `Bat`116141 missed {
 is already Found: false).
 Position: LorenzVec(x=-594.25, y=27.5, z=-295.21875)
 DistanceC: 19.71875
Relative Position: LorenzVec(x=14.25, y=5.5, z=-19.71875)
 }
19:28:48 `Bat`116143 missed {
 is already Found: false).
 Position: LorenzVec(x=-594.25, y=28.5, z=-295.21875)
 DistanceC: 19.71875
Relative Position: LorenzVec(x=14.25, y=6.5, z=-19.71875)
 }
19:28:48 `Bat`116155 missed {
 is already Found: false).
 Position: LorenzVec(x=-594.25, y=34.5, z=-295.21875)
 DistanceC: 19.71875
Relative Position: LorenzVec(x=14.25, y=12.5, z=-19.71875)
 }
19:28:48 `Bat`116195 missed {
 is already Found: false).
 Position: LorenzVec(x=-594.25, y=40.5, z=-295.21875)
 DistanceC: 19.71875
Relative Position: LorenzVec(x=14.25, y=18.5, z=-19.71875)
 }
19:28:48 `Bat`115895 missed {
 is already Found: false).
 Position: LorenzVec(x=-594.0, y=25.5, z=-276.0)
 DistanceC: 14.5
Relative Position: LorenzVec(x=14.5, y=3.5, z=-0.5)
 }
19:28:48 `Bat`115911 missed {
 is already Found: false).
 Position: LorenzVec(x=-594.0, y=29.5, z=-276.0)
 DistanceC: 14.5
Relative Position: LorenzVec(x=14.5, y=7.5, z=-0.5)
 }
19:28:48 `Bat`115967 missed {
 is already Found: false).
 Position: LorenzVec(x=-594.0, y=37.5, z=-276.0)
 DistanceC: 14.5
Relative Position: LorenzVec(x=14.5, y=15.5, z=-0.5)
 }
19:28:49 `Bat`116157 missed {
 is already Found: false).
 Position: LorenzVec(x=-594.25, y=34.5, z=-256.78125)
 DistanceC: 18.71875
Relative Position: LorenzVec(x=14.25, y=12.5, z=18.71875)
 }
19:28:49 `Bat`116171 missed {
 is already Found: false).
 Position: LorenzVec(x=-594.25, y=36.5, z=-256.78125)
 DistanceC: 18.71875
Relative Position: LorenzVec(x=14.25, y=14.5, z=18.71875)
 }
19:28:49 `Bat`116181 missed {
 is already Found: false).
 Position: LorenzVec(x=-594.25, y=37.5, z=-256.78125)
 DistanceC: 18.71875
Relative Position: LorenzVec(x=14.25, y=15.5, z=18.71875)
 }
19:28:49 `Bat`116197 missed {
 is already Found: false).
 Position: LorenzVec(x=-594.25, y=40.5, z=-256.78125)
 DistanceC: 18.71875
Relative Position: LorenzVec(x=14.25, y=18.5, z=18.71875)
 }
19:28:49 `Bat`116211 missed {
 is already Found: false).
 Position: LorenzVec(x=-594.25, y=43.5, z=-256.78125)
 DistanceC: 18.71875
Relative Position: LorenzVec(x=14.25, y=21.5, z=18.71875)
 }
19:28:49 `Bat`116213 missed {
 is already Found: false).
 Position: LorenzVec(x=-594.25, y=45.5, z=-256.78125)
 DistanceC: 18.71875
Relative Position: LorenzVec(x=14.25, y=23.5, z=18.71875)
 }
19:28:52 `Bat`126135 missed {
 is already Found: false).
 Position: LorenzVec(x=-591.34375, y=37.0, z=-256.0625)
 DistanceC: 19.4375
Relative Position: LorenzVec(x=17.15625, y=15.0, z=19.4375)
 }
19:28:52 `Bat`126139 missed {
 is already Found: false).
 Position: LorenzVec(x=-591.34375, y=38.0, z=-256.0625)
 DistanceC: 19.4375
Relative Position: LorenzVec(x=17.15625, y=16.0, z=19.4375)
 }
19:28:52 `Bat`125741 missed {
 is already Found: false).
 Position: LorenzVec(x=-592.0, y=31.0, z=-276.0)
 DistanceC: 16.5
Relative Position: LorenzVec(x=16.5, y=9.0, z=-0.5)
 }
19:28:52 `Bat`125749 missed {
 is already Found: false).
 Position: LorenzVec(x=-592.0, y=32.0, z=-276.0)
 DistanceC: 16.5
Relative Position: LorenzVec(x=16.5, y=10.0, z=-0.5)
 }
19:28:52 `Bat`125823 missed {
 is already Found: false).
 Position: LorenzVec(x=-592.0, y=43.0, z=-276.0)
 DistanceC: 16.5
Relative Position: LorenzVec(x=16.5, y=21.0, z=-0.5)
 }
19:28:52 `Bat`125827 missed {
 is already Found: false).
 Position: LorenzVec(x=-592.0, y=44.0, z=-276.0)
 DistanceC: 16.5
Relative Position: LorenzVec(x=16.5, y=22.0, z=-0.5)
 }
19:28:52 `Bat`125837 missed {
 is already Found: false).
 Position: LorenzVec(x=-592.0, y=46.0, z=-276.0)
 DistanceC: 16.5
Relative Position: LorenzVec(x=16.5, y=24.0, z=-0.5)
 }
19:28:52 `Bat`125845 missed {
 is already Found: false).
 Position: LorenzVec(x=-592.0, y=48.0, z=-276.0)
 DistanceC: 16.5
Relative Position: LorenzVec(x=16.5, y=26.0, z=-0.5)
 }
19:28:52 `Bat`125851 missed {
 is already Found: false).
 Position: LorenzVec(x=-591.0, y=22.0, z=-276.0)
 DistanceC: 17.5
Relative Position: LorenzVec(x=17.5, y=0.0, z=-0.5)
 }
19:28:52 `Bat`125887 missed {
 is already Found: false).
 Position: LorenzVec(x=-591.0, y=32.0, z=-276.0)
 DistanceC: 17.5
Relative Position: LorenzVec(x=17.5, y=10.0, z=-0.5)
 }
19:28:52 `Bat`125899 missed {
 is already Found: false).
 Position: LorenzVec(x=-591.0, y=34.0, z=-276.0)
 DistanceC: 17.5
Relative Position: LorenzVec(x=17.5, y=12.0, z=-0.5)
 }
19:28:52 `Bat`125931 missed {
 is already Found: false).
 Position: LorenzVec(x=-591.0, y=39.0, z=-276.0)
 DistanceC: 17.5
Relative Position: LorenzVec(x=17.5, y=17.0, z=-0.5)
 }
19:28:52 `Bat`125959 missed {
 is already Found: false).
 Position: LorenzVec(x=-591.0, y=44.0, z=-276.0)
 DistanceC: 17.5
Relative Position: LorenzVec(x=17.5, y=22.0, z=-0.5)
 }
19:28:52 `Bat`125967 missed {
 is already Found: false).
 Position: LorenzVec(x=-591.0, y=45.0, z=-276.0)
 DistanceC: 17.5
Relative Position: LorenzVec(x=17.5, y=23.0, z=-0.5)
 }
19:28:52 `Bat`125971 missed {
 is already Found: false).
 Position: LorenzVec(x=-591.0, y=46.0, z=-276.0)
 DistanceC: 17.5
Relative Position: LorenzVec(x=17.5, y=24.0, z=-0.5)
 }
19:28:52 `Bat`125975 missed {
 is already Found: false).
 Position: LorenzVec(x=-591.0, y=47.0, z=-276.0)
 DistanceC: 17.5
Relative Position: LorenzVec(x=17.5, y=25.0, z=-0.5)
 }
19:28:52 `Bat`125985 missed {
 is already Found: false).
 Position: LorenzVec(x=-590.0, y=26.0, z=-276.0)
 DistanceC: 18.5
Relative Position: LorenzVec(x=18.5, y=4.0, z=-0.5)
 }
19:28:52 `Bat`125991 missed {
 is already Found: false).
 Position: LorenzVec(x=-590.0, y=29.0, z=-276.0)
 DistanceC: 18.5
Relative Position: LorenzVec(x=18.5, y=7.0, z=-0.5)
 }
19:28:52 `Bat`125997 missed {
 is already Found: false).
 Position: LorenzVec(x=-590.0, y=30.0, z=-276.0)
 DistanceC: 18.5
Relative Position: LorenzVec(x=18.5, y=8.0, z=-0.5)
 }
19:28:52 `Bat`126013 missed {
 is already Found: false).
 Position: LorenzVec(x=-590.0, y=33.0, z=-276.0)
 DistanceC: 18.5
Relative Position: LorenzVec(x=18.5, y=11.0, z=-0.5)
 }
19:28:52 `Bat`126029 missed {
 is already Found: false).
 Position: LorenzVec(x=-590.0, y=35.0, z=-276.0)
 DistanceC: 18.5
Relative Position: LorenzVec(x=18.5, y=13.0, z=-0.5)
 }
19:28:52 `Bat`126041 missed {
 is already Found: false).
 Position: LorenzVec(x=-590.0, y=36.0, z=-276.0)
 DistanceC: 18.5
Relative Position: LorenzVec(x=18.5, y=14.0, z=-0.5)
 }
19:28:52 `Bat`126057 missed {
 is already Found: false).
 Position: LorenzVec(x=-590.0, y=38.0, z=-276.0)
 DistanceC: 18.5
Relative Position: LorenzVec(x=18.5, y=16.0, z=-0.5)
 }
19:28:52 `Bat`126069 missed {
 is already Found: false).
 Position: LorenzVec(x=-590.0, y=39.0, z=-276.0)
 DistanceC: 18.5
Relative Position: LorenzVec(x=18.5, y=17.0, z=-0.5)
 }
19:28:52 `Bat`126091 missed {
 is already Found: false).
 Position: LorenzVec(x=-590.0, y=43.0, z=-276.0)
 DistanceC: 18.5
Relative Position: LorenzVec(x=18.5, y=21.0, z=-0.5)
 }
19:28:52 `Bat`126099 missed {
 is already Found: false).
 Position: LorenzVec(x=-590.0, y=47.0, z=-276.0)
 DistanceC: 18.5
Relative Position: LorenzVec(x=18.5, y=25.0, z=-0.5)
 }
19:28:52 `Bat`126103 missed {
 is already Found: false).
 Position: LorenzVec(x=-589.0, y=25.0, z=-276.0)
 DistanceC: 19.5
Relative Position: LorenzVec(x=19.5, y=3.0, z=-0.5)
 }
19:28:52 `Bat`126109 missed {
 is already Found: false).
 Position: LorenzVec(x=-591.34375, y=32.0, z=-295.9375)
 DistanceC: 20.4375
Relative Position: LorenzVec(x=17.15625, y=10.0, z=-20.4375)
 }
19:28:52 `Bat`126115 missed {
 is already Found: false).
 Position: LorenzVec(x=-589.0, y=34.0, z=-276.0)
 DistanceC: 19.5
Relative Position: LorenzVec(x=19.5, y=12.0, z=-0.5)
 }
19:28:52 `Bat`126121 missed {
 is already Found: false).
 Position: LorenzVec(x=-589.0, y=35.0, z=-276.0)
 DistanceC: 19.5
Relative Position: LorenzVec(x=19.5, y=13.0, z=-0.5)
 }
19:28:52 `Bat`126123 missed {
 is already Found: false).
 Position: LorenzVec(x=-591.34375, y=36.0, z=-295.9375)
 DistanceC: 20.4375
Relative Position: LorenzVec(x=17.15625, y=14.0, z=-20.4375)
 }
19:28:52 `Bat`126131 missed {
 is already Found: false).
 Position: LorenzVec(x=-591.34375, y=37.0, z=-295.9375)
 DistanceC: 20.4375
Relative Position: LorenzVec(x=17.15625, y=15.0, z=-20.4375)
 }
19:28:52 `Bat`126133 missed {
 is already Found: false).
 Position: LorenzVec(x=-589.0, y=37.0, z=-276.0)
 DistanceC: 19.5
Relative Position: LorenzVec(x=19.5, y=15.0, z=-0.5)
 }
19:28:52 `Bat`126145 missed {
 is already Found: false).
 Position: LorenzVec(x=-591.34375, y=39.0, z=-295.9375)
 DistanceC: 20.4375
Relative Position: LorenzVec(x=17.15625, y=17.0, z=-20.4375)
 }
19:28:52 `Bat`126147 missed {
 is already Found: false).
 Position: LorenzVec(x=-589.0, y=39.0, z=-276.0)
 DistanceC: 19.5
Relative Position: LorenzVec(x=19.5, y=17.0, z=-0.5)
 }
19:28:52 `Bat`126153 missed {
 is already Found: false).
 Position: LorenzVec(x=-591.34375, y=40.0, z=-295.9375)
 DistanceC: 20.4375
Relative Position: LorenzVec(x=17.15625, y=18.0, z=-20.4375)
 }
19:28:52 `Bat`126157 missed {
 is already Found: false).
 Position: LorenzVec(x=-589.0, y=42.0, z=-276.0)
 DistanceC: 19.5
Relative Position: LorenzVec(x=19.5, y=20.0, z=-0.5)
 }
19:28:52 `Bat`126163 missed {
 is already Found: false).
 Position: LorenzVec(x=-589.5, y=33.0, z=-259.6875)
 DistanceC: 19.0
Relative Position: LorenzVec(x=19.0, y=11.0, z=15.8125)
 }
19:28:52 `Bat`126171 missed {
 is already Found: false).
 Position: LorenzVec(x=-589.5, y=35.0, z=-292.3125)
 DistanceC: 19.0
Relative Position: LorenzVec(x=19.0, y=13.0, z=-16.8125)
 }
19:28:52 `Bat`126177 missed {
 is already Found: false).
 Position: LorenzVec(x=-589.5, y=37.0, z=-259.6875)
 DistanceC: 19.0
Relative Position: LorenzVec(x=19.0, y=15.0, z=15.8125)
 }
19:28:52 `Bat`126181 missed {
 is already Found: false).
 Position: LorenzVec(x=-589.5, y=39.0, z=-292.3125)
 DistanceC: 19.0
Relative Position: LorenzVec(x=19.0, y=17.0, z=-16.8125)
 }
19:28:52 `Bat`126183 missed {
 is already Found: false).
 Position: LorenzVec(x=-588.03125, y=37.0, z=-262.15625)
 DistanceC: 20.46875
Relative Position: LorenzVec(x=20.46875, y=15.0, z=13.34375)
 }
19:29:13 `f2oczludx5`424 missed {
 is already Found: false).
 Position: LorenzVec(x=-36.0, y=73.0, z=-95.5)
 DistanceC: 22.364493042886238
Relative Position: LorenzVec(x=-17.51803043183893, y=5.0, z=22.364493042886238)
 }
19:29:15 `1veh4bjstg`498 missed {
 is already Found: false).
 Position: LorenzVec(x=5.5, y=61.0, z=-134.0)
 DistanceC: 22.401867494346476
Relative Position: LorenzVec(x=20.244400468479558, y=-11.25554316975041, z=-22.401867494346476)
 }
19:29:39 `1fy92qnwja`347 missed {
 is already Found: false).
 Position: LorenzVec(x=65.5, y=71.0, z=-61.5)
 DistanceC: 22.457789665628724
Relative Position: LorenzVec(x=14.504147660221221, y=2.0, z=-22.457789665628724)
 }
19:29:44 `53o0551fqo`228 missed {
 is already Found: false).
 Position: LorenzVec(x=22.0, y=71.0, z=-45.5)
 DistanceC: 11.573313352198753
Relative Position: LorenzVec(x=-11.573313352198753, y=2.0, z=6.24207442313984)
 }
19:29:48 `Villager`369 missed {
 is already Found: false).
 Position: LorenzVec(x=10.5, y=70.0, z=-41.5)
 DistanceC: 23.073313352198753
Relative Position: LorenzVec(x=-23.073313352198753, y=1.0, z=10.24207442313984)
 }
19:30:03 `nyjdf1xr92`419 missed {
 is already Found: false).
 Position: LorenzVec(x=2.5, y=70.0, z=-75.5)
 DistanceC: 22.474372680757828
Relative Position: LorenzVec(x=-22.474372680757828, y=1.0, z=-21.014442064233258)
 }
19:30:24 `4gpece9i5v`340 missed {
 is already Found: false).
 Position: LorenzVec(x=-49.5, y=70.0, z=-67.5)
 DistanceC: 19.557409094492822
Relative Position: LorenzVec(x=-19.557409094492822, y=0.0, z=8.02181786590954)
 }
19:30:55 `jbat7n8w41`28 missed {
 is already Found: false).
 Position: LorenzVec(x=-108.5, y=99.0, z=-803.5)
 DistanceC: 1.025605398988759
Relative Position: LorenzVec(x=1.025605398988759, y=0.0, z=0.1092461570302703)
 }
19:31:01 `p39iuy37n1`30 missed {
 is already Found: false).
 Position: LorenzVec(x=-139.125, y=99.0, z=-816.3125)
 DistanceC: 22.85854985494484
Relative Position: LorenzVec(x=-22.85854985494484, y=0.0, z=-12.139022458426894)
 }
19:31:10 `p39iuy37n1`30 missed {
 is already Found: false).
 Position: LorenzVec(x=-139.125, y=99.0, z=-816.3125)
 DistanceC: 11.141288377481828
Relative Position: LorenzVec(x=3.574999988079071, y=-1.0, z=11.141288377481828)
 }
19:31:12 `Dinnerbone`29 missed {
 is already Found: false).
 Position: LorenzVec(x=-143.5, y=100.0, z=-828.5)
 DistanceC: 1.9648214135351907
Relative Position: LorenzVec(x=-1.9648214135351907, y=0.0, z=0.05440323960306159)
 }
19:31:19 `e0pcoh6691`125 missed {
 is already Found: false).
 Position: LorenzVec(x=-112.5, y=99.0, z=-844.5)
 DistanceC: 12.969396816524977
Relative Position: LorenzVec(x=3.821457746324171, y=-0.26557608309126124, z=12.969396816524977)
 }
19:31:23 `q067x24sz1`34 missed {
 is already Found: false).
 Position: LorenzVec(x=-101.5, y=91.0, z=-872.5)
 DistanceC: 13.09919278844471
Relative Position: LorenzVec(x=-13.09919278844471, y=0.0, z=-7.066689843599534)
 }
19:31:52 `28e18y6468`77 missed {
 is already Found: false).
 Position: LorenzVec(x=-46.5, y=107.0, z=-779.5)
 DistanceC: 21.255876672911313
Relative Position: LorenzVec(x=13.827959391209575, y=0.0, z=-21.255876672911313)
 }
19:31:54 `w687fnvfa2`76 missed {
 is already Found: false).
 Position: LorenzVec(x=-71.0, y=107.0, z=-757.0)
 DistanceC: 17.3180582542778
Relative Position: LorenzVec(x=-17.3180582542778, y=0.0, z=12.308577787687682)
 }
19:31:59 `usd8hb4ab4`20 missed {
 is already Found: false).
 Position: LorenzVec(x=-83.5, y=108.0, z=-775.5)
 DistanceC: 10.654766879676913
Relative Position: LorenzVec(x=-10.654766879676913, y=1.0, z=-0.031407333408424165)
 }
19:31:59 `6y2n437czl`126 missed {
 is already Found: false).
 Position: LorenzVec(x=-78.5, y=107.0, z=-788.5)
 DistanceC: 13.036341914492368
Relative Position: LorenzVec(x=0.7055432375771602, y=0.0, z=-13.036341914492368)
 }
19:31:59 `d2s4g1c5vn`22 missed {
 is already Found: false).
 Position: LorenzVec(x=-81.5, y=114.0, z=-792.5)
 DistanceC: 16.70014024702084
Relative Position: LorenzVec(x=7.917560875908549, y=7.0, z=-16.70014024702084)
 }
19:32:05 `jbat7n8w41`28 missed {
 is already Found: false).
 Position: LorenzVec(x=-108.5, y=99.0, z=-803.5)
 DistanceC: 18.08026502648306
Relative Position: LorenzVec(x=12.898919349826585, y=0.0, z=18.08026502648306)
 }
19:32:25 `hk2g5y0vcw`39 missed {
 is already Found: false).
 Position: LorenzVec(x=-3.5, y=93.0, z=-825.5)
 DistanceC: 2.183240323544169
Relative Position: LorenzVec(x=1.4536053588015712, y=-0.0625, z=-2.183240323544169)
 }
19:32:26 `203w6uji6w`37 missed {
 is already Found: false).
 Position: LorenzVec(x=-3.5, y=93.0, z=-820.5)
 DistanceC: 2.816759676455831
Relative Position: LorenzVec(x=1.4536053588015712, y=-0.0625, z=2.816759676455831)
 }
19:32:26 `y4a679j8a2`38 missed {
 is already Found: false).
 Position: LorenzVec(x=-0.5, y=93.0, z=-824.5)
 DistanceC: 4.453605358801571
Relative Position: LorenzVec(x=4.453605358801571, y=-0.0625, z=-1.1832403235441689)
 }
19:32:28 `yv8lez3xul`44 missed {
 is already Found: false).
 Position: LorenzVec(x=1.0, y=103.0625, z=-803.0)
 DistanceC: 20.31675967645583
Relative Position: LorenzVec(x=5.953605358801571, y=10.0, z=20.31675967645583)
 }
19:32:36 `qq36yi36n9`176 missed {
 is already Found: false).
 Position: LorenzVec(x=-31.0, y=93.0, z=-824.0)
 DistanceC: 20.136436872526566
Relative Position: LorenzVec(x=-20.136436872526566, y=0.07840000152587834, z=1.8033494162435773)
 }
19:32:37 `Chicken`178 missed {
 is already Found: false).
 Position: LorenzVec(x=-31.5, y=93.0, z=-819.5)
 DistanceC: 15.235171517405377
Relative Position: LorenzVec(x=-15.235171517405377, y=1.0, z=3.5772031608029238)
 }
19:32:37 `Chicken`180 missed {
 is already Found: false).
 Position: LorenzVec(x=-30.5, y=93.0, z=-814.5)
 DistanceC: 12.829277811191105
Relative Position: LorenzVec(x=-4.409745958738803, y=-0.9412000391721733, z=12.829277811191105)
 }
19:32:37 `Chicken`186 missed {
 is already Found: false).
 Position: LorenzVec(x=-33.5, y=93.0, z=-816.5)
 DistanceC: 10.829277811191105
Relative Position: LorenzVec(x=-7.409745958738803, y=-0.9412000391721733, z=10.829277811191105)
 }
19:32:38 `Chicken`184 missed {
 is already Found: false).
 Position: LorenzVec(x=-37.5, y=93.0, z=-818.5)
 DistanceC: 3.2979289435477313
Relative Position: LorenzVec(x=1.4438119559045006, y=-9.305438451751215, z=3.2979289435477313)
 }
19:32:38 `Chicken`182 missed {
 is already Found: false).
 Position: LorenzVec(x=-35.5, y=95.0, z=-814.5)
 DistanceC: 7.02311109611685
Relative Position: LorenzVec(x=3.626496516478312, y=-5.9366549461529985, z=7.02311109611685)
 }
19:32:44 `6y2n437czl`126 missed {
 is already Found: false).
 Position: LorenzVec(x=-78.5, y=107.0, z=-788.5)
 DistanceC: 1.800000011920929
Relative Position: LorenzVec(x=0.033015290589659685, y=0.0, z=1.800000011920929)
 }
19:32:44 `d2s4g1c5vn`22 missed {
 is already Found: false).
 Position: LorenzVec(x=-81.5, y=114.0, z=-792.5)
 DistanceC: 2.9669847094103403
Relative Position: LorenzVec(x=-2.9669847094103403, y=7.0, z=-2.199999988079071)
 }
19:32:46 `usd8hb4ab4`20 missed {
 is already Found: false).
 Position: LorenzVec(x=-83.5, y=108.0, z=-775.5)
 DistanceC: 14.800000011920929
Relative Position: LorenzVec(x=-4.96698470941034, y=1.0, z=14.800000011920929)
 }
19:32:47 `9671gtr2pf`21 missed {
 is already Found: false).
 Position: LorenzVec(x=-86.0, y=118.0, z=-771.0)
 DistanceC: 19.30000001192093
Relative Position: LorenzVec(x=-7.46698470941034, y=11.0, z=19.30000001192093)
 }
19:35:45 `axy0u5aun7`42 missed {
 is already Found: false).
 Position: LorenzVec(x=-86.5, y=103.65, z=-820.5)
 DistanceC: 9.466177601080858
Relative Position: LorenzVec(x=-5.15665338810895, y=-3.3499999999999943, z=-9.466177601080858)
 }
19:36:07 `Villager`359 missed {
 is already Found: false).
 Position: LorenzVec(x=-21.5, y=68.0, z=-124.5)
 DistanceC: 22.345858487314302
Relative Position: LorenzVec(x=-19.80000001192093, y=-4.0, z=-22.345858487314302)
 }
19:36:38 `k993q9a543`228 missed {
 is already Found: false).
 Position: LorenzVec(x=22.0, y=71.0, z=-45.5)
 DistanceC: 12.98862697325243
Relative Position: LorenzVec(x=8.462269372481721, y=1.0, z=12.98862697325243)
 }
19:36:47 `penfcb1p0y`2641 missed {
 is already Found: false).
 Position: LorenzVec(x=-0.5, y=72.0, z=-111.5)
 DistanceC: 21.816885915031833
Relative Position: LorenzVec(x=13.041910439759711, y=2.0, z=-21.816885915031833)
 }
19:37:22 `Villager`373 missed {
 is already Found: false).
 Position: LorenzVec(x=-36.0, y=68.0, z=-39.0)
 DistanceC: 12.5
Relative Position: LorenzVec(x=-12.5, y=-3.0, z=11.5)
 }
19:37:59 `k993q9a543`228 missed {
 is already Found: false).
 Position: LorenzVec(x=22.0, y=71.0, z=-45.5)
 DistanceC: 18.592065486896143
Relative Position: LorenzVec(x=18.592065486896143, y=-0.6382227274985866, z=6.280939063769559)
 }
19:38:11 `Zombie`110017 missed {
 is already Found: false).
 Position: LorenzVec(x=-50.00053523240481, y=104.0, z=69.72399527756714)
 DistanceC: 6.931803458447803
Relative Position: LorenzVec(x=-3.044042644114924, y=-18.0, z=-6.931803458447803)
 }
19:38:38 `Slime`123 missed {
 is already Found: false).
 Position: LorenzVec(x=46.5, y=132.1875, z=24.5)
 DistanceC: 18.57339284888502
Relative Position: LorenzVec(x=18.57339284888502, y=-45.813835979112156, z=-3.360621017471402)
 }
19:38:39 `Slime`244 missed {
 is already Found: false).
 Position: LorenzVec(x=17.0, y=101.125, z=27.03125)
 DistanceC: 15.644569492549657
Relative Position: LorenzVec(x=-15.644569492549657, y=-59.80811726545252, z=4.248027739136802)
 }
19:38:53 `Villager`365 missed {
 is already Found: false).
 Position: LorenzVec(x=17.5, y=70.0, z=-99.0)
 DistanceC: 20.613223304283874
Relative Position: LorenzVec(x=20.613223304283874, y=0.0, z=-19.278009157265444)
 }
19:38:53 `Villager`357 missed {
 is already Found: false).
 Position: LorenzVec(x=-25.6875, y=68.0, z=-103.09375)
 DistanceC: 23.371759157265444
Relative Position: LorenzVec(x=-22.574276695716126, y=-2.0, z=-23.371759157265444)
 }
19:39:11 `74g21wc4a1`418 missed {
 is already Found: false).
 Position: LorenzVec(x=14.0, y=72.0, z=-106.0)
 DistanceC: 21.33843607618094
Relative Position: LorenzVec(x=13.69135616308197, y=1.4641593749554431, z=-21.33843607618094)
 }
