15:50:08 Trying to load config from config\skyhanni\config.json
15:50:08 load-config-now
15:50:09 Loaded config from file
15:50:09 Trying to load sacks from config\skyhanni\sacks.json
15:50:09 load-sacks-now
15:50:09 Loaded sacks from file
15:50:09 Trying to load friends from config\skyhanni\friends.json
15:50:09 load-friends-now
15:50:09 Loaded friends from file
15:50:09 Trying to load known_features from config\skyhanni\known_features.json
15:50:09 load-known_features-now
15:50:09 Loaded known_features from file
15:50:09 Trying to load jacob_contests from config\skyhanni\jacob_contests.json
15:50:09 load-jacob_contests-now
15:50:09 Loaded jacob_contests from file
15:50:09 Trying to load visual_words from config\skyhanni\visual_words.json
15:50:09 Setting visual_words to be blank as it did not exist. It will be saved once something is written to it
15:50:56 saveConfig: Updated known feature flags
15:50:56 Saving known_features file
15:50:56 Saved known_features file successfully
15:50:56 saveConfig: Updated known feature flags
15:50:56 Saving known_features file
15:50:56 Saved known_features file successfully
15:51:09 saveConfig: auto-save-60s
15:51:09 Saving config file
15:51:09 Saved config file successfully
15:51:09 saveConfig: auto-save-60s
15:51:09 Saving config file
15:51:09 Saved config file successfully
15:52:09 saveConfig: auto-save-60s
15:52:09 Saving config file
15:52:09 Saved config file successfully
15:52:09 saveConfig: auto-save-60s
15:52:09 Saving config file
15:52:09 Saved config file successfully
15:52:48 saveConfig: close-gui
15:52:48 Saving config file
15:52:48 Saved config file successfully
15:52:48 saveConfig: close-gui
15:52:48 Saving config file
15:52:49 Saved config file successfully
15:53:09 saveConfig: auto-save-60s
15:53:09 Saving config file
15:53:09 Saved config file successfully
15:53:09 saveConfig: auto-save-60s
15:53:09 Saving config file
15:53:09 Saved config file successfully
15:54:09 saveConfig: auto-save-60s
15:54:09 Saving config file
15:54:09 Saved config file successfully
15:54:09 saveConfig: auto-save-60s
15:54:09 Saving config file
15:54:09 Saved config file successfully
15:55:09 saveConfig: auto-save-60s
15:55:09 Saving config file
15:55:09 Saved config file successfully
15:55:09 saveConfig: auto-save-60s
15:55:09 Saving config file
15:55:09 Saved config file successfully
15:56:09 saveConfig: auto-save-60s
15:56:09 Saving config file
15:56:09 Saved config file successfully
15:56:09 saveConfig: auto-save-60s
15:56:09 Saving config file
15:56:09 Saved config file successfully
15:57:09 saveConfig: auto-save-60s
15:57:09 Saving config file
15:57:09 Saved config file successfully
15:57:09 saveConfig: auto-save-60s
15:57:09 Saving config file
15:57:09 Saved config file successfully
15:57:13 saveConfig: saving-data
15:57:13 Saving sacks file
15:57:13 Saved sacks file successfully
15:57:13 saveConfig: saving-data
15:57:13 Saving sacks file
15:57:13 Saved sacks file successfully
15:58:09 saveConfig: auto-save-60s
15:58:09 Saving config file
15:58:09 Saved config file successfully
15:58:09 saveConfig: auto-save-60s
15:58:09 Saving config file
15:58:09 Saved config file successfully
15:59:09 saveConfig: auto-save-60s
15:59:09 Saving config file
15:59:09 Saved config file successfully
15:59:09 saveConfig: auto-save-60s
15:59:09 Saving config file
15:59:09 Saved config file successfully
16:00:09 saveConfig: auto-save-60s
16:00:09 Saving config file
16:00:09 Saved config file successfully
16:00:09 saveConfig: auto-save-60s
16:00:09 Saving config file
16:00:09 Saved config file successfully
16:01:09 saveConfig: auto-save-60s
16:01:09 Saving config file
16:01:09 Saved config file successfully
16:01:09 saveConfig: auto-save-60s
16:01:09 Saving config file
16:01:09 Saved config file successfully
16:02:09 saveConfig: auto-save-60s
16:02:09 Saving config file
16:02:09 Saved config file successfully
16:02:09 saveConfig: auto-save-60s
16:02:09 Saving config file
16:02:09 Saved config file successfully
16:03:09 saveConfig: auto-save-60s
16:03:09 Saving config file
16:03:09 Saved config file successfully
16:03:09 saveConfig: auto-save-60s
16:03:09 Saving config file
16:03:09 Saved config file successfully
16:04:09 saveConfig: auto-save-60s
16:04:09 Saving config file
16:04:09 Saved config file successfully
16:04:09 saveConfig: auto-save-60s
16:04:09 Saving config file
16:04:09 Saved config file successfully
16:05:09 saveConfig: auto-save-60s
16:05:09 Saving config file
16:05:09 Saved config file successfully
16:05:09 saveConfig: auto-save-60s
16:05:09 Saving config file
16:05:09 Saved config file successfully
16:06:09 saveConfig: auto-save-60s
16:06:09 Saving config file
16:06:09 Saved config file successfully
16:06:09 saveConfig: auto-save-60s
16:06:09 Saving config file
16:06:09 Saved config file successfully
16:07:09 saveConfig: auto-save-60s
16:07:09 Saving config file
16:07:09 Saved config file successfully
16:07:09 saveConfig: auto-save-60s
16:07:09 Saving config file
16:07:09 Saved config file successfully
16:07:15 saveConfig: saving-data
16:07:15 Saving sacks file
16:07:15 Saved sacks file successfully
16:07:15 saveConfig: saving-data
16:07:15 Saving sacks file
16:07:15 Saved sacks file successfully
16:07:54 saveConfig: saving-data
16:07:54 Saving sacks file
16:07:54 Saved sacks file successfully
16:07:54 saveConfig: saving-data
16:07:54 Saving sacks file
16:07:54 Saved sacks file successfully
16:08:06 saveConfig: saving-data
16:08:06 Saving sacks file
16:08:06 Saved sacks file successfully
16:08:06 saveConfig: saving-data
16:08:06 Saving sacks file
16:08:06 Saved sacks file successfully
16:08:09 saveConfig: auto-save-60s
16:08:09 Saving config file
16:08:09 Saved config file successfully
16:08:09 saveConfig: auto-save-60s
16:08:09 Saving config file
16:08:09 Saved config file successfully
16:08:13 saveConfig: saving-data
16:08:13 Saving sacks file
16:08:13 Saved sacks file successfully
16:08:13 saveConfig: saving-data
16:08:13 Saving sacks file
16:08:14 Saved sacks file successfully
16:08:23 saveConfig: saving-data
16:08:23 Saving sacks file
16:08:23 Saved sacks file successfully
16:08:23 saveConfig: saving-data
16:08:23 Saving sacks file
16:08:23 Saved sacks file successfully
16:08:33 saveConfig: saving-data
16:08:33 Saving sacks file
16:08:33 Saved sacks file successfully
16:08:33 saveConfig: saving-data
16:08:33 Saving sacks file
16:08:33 Saved sacks file successfully
16:08:43 saveConfig: saving-data
16:08:43 Saving sacks file
16:08:43 Saved sacks file successfully
16:08:43 saveConfig: saving-data
16:08:43 Saving sacks file
16:08:43 Saved sacks file successfully
16:09:00 saveConfig: saving-data
16:09:00 Saving sacks file
16:09:00 Saved sacks file successfully
16:09:00 saveConfig: saving-data
16:09:00 Saving sacks file
16:09:00 Saved sacks file successfully
16:09:08 saveConfig: saving-data
16:09:08 Saving sacks file
16:09:08 Saved sacks file successfully
16:09:08 saveConfig: saving-data
16:09:08 Saving sacks file
16:09:08 Saved sacks file successfully
16:09:09 saveConfig: auto-save-60s
16:09:09 Saving config file
16:09:09 Saved config file successfully
16:09:09 saveConfig: auto-save-60s
16:09:09 Saving config file
16:09:09 Saved config file successfully
16:09:12 saveConfig: saving-data
16:09:12 Saving sacks file
16:09:12 Saved sacks file successfully
16:09:12 saveConfig: saving-data
16:09:12 Saving sacks file
16:09:12 Saved sacks file successfully
16:09:19 saveConfig: saving-data
16:09:19 Saving sacks file
16:09:19 Saved sacks file successfully
16:09:19 saveConfig: saving-data
16:09:19 Saving sacks file
16:09:19 Saved sacks file successfully
16:09:22 saveConfig: saving-data
16:09:22 Saving sacks file
16:09:22 Saved sacks file successfully
16:09:22 saveConfig: saving-data
16:09:22 Saving sacks file
16:09:22 Saved sacks file successfully
16:09:28 saveConfig: saving-data
16:09:28 Saving sacks file
16:09:28 Saved sacks file successfully
16:09:28 saveConfig: saving-data
16:09:28 Saving sacks file
16:09:28 Saved sacks file successfully
16:09:42 saveConfig: saving-data
16:09:42 Saving sacks file
16:09:42 Saved sacks file successfully
16:09:42 saveConfig: saving-data
16:09:42 Saving sacks file
16:09:42 Saved sacks file successfully
16:09:47 saveConfig: saving-data
16:09:47 Saving sacks file
16:09:47 Saved sacks file successfully
16:09:47 saveConfig: saving-data
16:09:47 Saving sacks file
16:09:47 Saved sacks file successfully
16:10:05 saveConfig: saving-data
16:10:05 Saving sacks file
16:10:05 Saved sacks file successfully
16:10:05 saveConfig: saving-data
16:10:05 Saving sacks file
16:10:05 Saved sacks file successfully
16:10:09 saveConfig: auto-save-60s
16:10:09 Saving config file
16:10:09 Saved config file successfully
16:10:09 saveConfig: auto-save-60s
16:10:09 Saving config file
16:10:09 Saved config file successfully
16:10:36 saveConfig: saving-data
16:10:36 Saving sacks file
16:10:36 Saved sacks file successfully
16:10:36 saveConfig: saving-data
16:10:36 Saving sacks file
16:10:36 Saved sacks file successfully
16:11:07 saveConfig: saving-data
16:11:07 Saving sacks file
16:11:07 Saved sacks file successfully
16:11:07 saveConfig: saving-data
16:11:07 Saving sacks file
16:11:07 Saved sacks file successfully
16:11:09 saveConfig: auto-save-60s
16:11:09 Saving config file
16:11:09 Saved config file successfully
16:11:09 saveConfig: auto-save-60s
16:11:09 Saving config file
16:11:09 Saved config file successfully
16:11:39 saveConfig: saving-data
16:11:39 Saving sacks file
16:11:39 Saved sacks file successfully
16:11:39 saveConfig: saving-data
16:11:39 Saving sacks file
16:11:39 Saved sacks file successfully
16:11:51 saveConfig: saving-data
16:11:51 Saving sacks file
16:11:51 Saved sacks file successfully
16:11:51 saveConfig: saving-data
16:11:51 Saving sacks file
16:11:51 Saved sacks file successfully
16:12:09 saveConfig: auto-save-60s
16:12:09 Saving config file
16:12:09 Saved config file successfully
16:12:09 saveConfig: auto-save-60s
16:12:09 Saving config file
16:12:09 Saved config file successfully
16:12:23 saveConfig: saving-data
16:12:23 Saving sacks file
16:12:23 Saved sacks file successfully
16:12:23 saveConfig: saving-data
16:12:23 Saving sacks file
16:12:23 Saved sacks file successfully
16:12:47 saveConfig: saving-data
16:12:47 Saving sacks file
16:12:47 Saved sacks file successfully
16:12:47 saveConfig: saving-data
16:12:47 Saving sacks file
16:12:47 Saved sacks file successfully
16:12:58 saveConfig: saving-data
16:12:58 Saving sacks file
16:12:58 Saved sacks file successfully
16:12:58 saveConfig: saving-data
16:12:58 Saving sacks file
16:12:58 Saved sacks file successfully
16:13:09 saveConfig: auto-save-60s
16:13:09 Saving config file
16:13:09 Saved config file successfully
16:13:09 saveConfig: auto-save-60s
16:13:09 Saving config file
16:13:09 Saved config file successfully
16:13:15 saveConfig: saving-data
16:13:15 Saving sacks file
16:13:15 Saved sacks file successfully
16:13:15 saveConfig: saving-data
16:13:15 Saving sacks file
16:13:15 Saved sacks file successfully
16:13:50 saveConfig: saving-data
16:13:50 Saving sacks file
16:13:50 Saved sacks file successfully
16:13:50 saveConfig: saving-data
16:13:50 Saving sacks file
16:13:50 Saved sacks file successfully
16:14:09 saveConfig: auto-save-60s
16:14:09 Saving config file
16:14:09 Saved config file successfully
16:14:09 saveConfig: auto-save-60s
16:14:09 Saving config file
16:14:09 Saved config file successfully
16:14:18 saveConfig: saving-data
16:14:18 Saving sacks file
16:14:18 Saved sacks file successfully
16:14:18 saveConfig: saving-data
16:14:18 Saving sacks file
16:14:18 Saved sacks file successfully
16:14:48 saveConfig: saving-data
16:14:48 Saving sacks file
16:14:48 Saved sacks file successfully
16:14:48 saveConfig: saving-data
16:14:48 Saving sacks file
16:14:48 Saved sacks file successfully
16:15:09 saveConfig: auto-save-60s
16:15:09 Saving config file
16:15:09 Saved config file successfully
16:15:09 saveConfig: auto-save-60s
16:15:09 Saving config file
16:15:09 Saved config file successfully
16:15:22 saveConfig: saving-data
16:15:22 Saving sacks file
16:15:22 Saved sacks file successfully
16:15:22 saveConfig: saving-data
16:15:22 Saving sacks file
16:15:22 Saved sacks file successfully
16:15:36 saveConfig: saving-data
16:15:36 Saving sacks file
16:15:36 Saved sacks file successfully
16:15:36 saveConfig: saving-data
16:15:36 Saving sacks file
16:15:36 Saved sacks file successfully
16:15:49 saveConfig: saving-data
16:15:49 Saving sacks file
16:15:49 Saved sacks file successfully
16:15:49 saveConfig: saving-data
16:15:49 Saving sacks file
16:15:49 Saved sacks file successfully
16:16:00 saveConfig: saving-data
16:16:00 Saving sacks file
16:16:00 Saved sacks file successfully
16:16:00 saveConfig: saving-data
16:16:00 Saving sacks file
16:16:00 Saved sacks file successfully
16:16:09 saveConfig: auto-save-60s
16:16:09 Saving config file
16:16:09 Saved config file successfully
16:16:09 saveConfig: auto-save-60s
16:16:09 Saving config file
16:16:09 Saved config file successfully
16:16:51 saveConfig: saving-data
16:16:51 Saving sacks file
16:16:51 Saved sacks file successfully
16:16:51 saveConfig: saving-data
16:16:51 Saving sacks file
16:16:51 Saved sacks file successfully
16:17:09 saveConfig: auto-save-60s
16:17:09 Saving config file
16:17:09 Saved config file successfully
16:17:09 saveConfig: auto-save-60s
16:17:09 Saving config file
16:17:09 Saved config file successfully
16:17:22 saveConfig: saving-data
16:17:22 Saving sacks file
16:17:22 Saved sacks file successfully
16:17:22 saveConfig: saving-data
16:17:22 Saving sacks file
16:17:22 Saved sacks file successfully
16:18:09 saveConfig: auto-save-60s
16:18:09 Saving config file
16:18:09 Saved config file successfully
16:18:09 saveConfig: auto-save-60s
16:18:09 Saving config file
16:18:09 Saved config file successfully
16:19:09 saveConfig: auto-save-60s
16:19:09 Saving config file
16:19:09 Saved config file successfully
16:19:09 saveConfig: auto-save-60s
16:19:09 Saving config file
16:19:09 Saved config file successfully
16:19:21 saveConfig: saving-data
16:19:21 Saving sacks file
16:19:21 Saved sacks file successfully
16:19:21 saveConfig: saving-data
16:19:21 Saving sacks file
16:19:21 Saved sacks file successfully
16:19:33 saveConfig: saving-data
16:19:33 Saving sacks file
16:19:33 Saved sacks file successfully
16:19:33 saveConfig: saving-data
16:19:33 Saving sacks file
16:19:33 Saved sacks file successfully
16:19:40 saveConfig: saving-data
16:19:40 Saving sacks file
16:19:40 Saved sacks file successfully
16:19:40 saveConfig: saving-data
16:19:40 Saving sacks file
16:19:40 Saved sacks file successfully
16:19:48 saveConfig: saving-data
16:19:48 Saving sacks file
16:19:48 Saved sacks file successfully
16:19:48 saveConfig: saving-data
16:19:48 Saving sacks file
16:19:48 Saved sacks file successfully
16:20:09 saveConfig: auto-save-60s
16:20:09 Saving config file
16:20:09 Saved config file successfully
16:20:09 saveConfig: auto-save-60s
16:20:09 Saving config file
16:20:09 Saved config file successfully
16:20:40 saveConfig: saving-data
16:20:40 Saving sacks file
16:20:40 Saved sacks file successfully
16:20:40 saveConfig: saving-data
16:20:40 Saving sacks file
16:20:40 Saved sacks file successfully
16:21:09 saveConfig: auto-save-60s
16:21:09 Saving config file
16:21:09 Saved config file successfully
16:21:09 saveConfig: auto-save-60s
16:21:09 Saving config file
16:21:09 Saved config file successfully
16:22:09 saveConfig: auto-save-60s
16:22:09 Saving config file
16:22:09 Saved config file successfully
16:22:09 saveConfig: auto-save-60s
16:22:09 Saving config file
16:22:09 Saved config file successfully
16:23:09 saveConfig: auto-save-60s
16:23:09 Saving config file
16:23:09 Saved config file successfully
16:23:09 saveConfig: auto-save-60s
16:23:09 Saving config file
16:23:09 Saved config file successfully
16:24:09 saveConfig: auto-save-60s
16:24:09 Saving config file
16:24:09 Saved config file successfully
16:24:09 saveConfig: auto-save-60s
16:24:09 Saving config file
16:24:09 Saved config file successfully
16:24:34 saveConfig: saving-data
16:24:34 Saving sacks file
16:24:34 Saved sacks file successfully
16:24:34 saveConfig: saving-data
16:24:34 Saving sacks file
16:24:34 Saved sacks file successfully
16:25:09 saveConfig: auto-save-60s
16:25:09 Saving config file
16:25:09 Saved config file successfully
16:25:09 saveConfig: auto-save-60s
16:25:09 Saving config file
16:25:09 Saved config file successfully
16:25:26 saveConfig: saving-data
16:25:26 Saving sacks file
16:25:26 Saved sacks file successfully
16:25:26 saveConfig: saving-data
16:25:26 Saving sacks file
16:25:26 Saved sacks file successfully
16:26:09 saveConfig: auto-save-60s
16:26:09 Saving config file
16:26:09 Saved config file successfully
16:26:09 saveConfig: auto-save-60s
16:26:09 Saving config file
16:26:09 Saved config file successfully
16:26:41 saveConfig: saving-data
16:26:41 Saving sacks file
16:26:41 Saved sacks file successfully
16:26:41 saveConfig: saving-data
16:26:41 Saving sacks file
16:26:41 Saved sacks file successfully
16:27:09 saveConfig: auto-save-60s
16:27:09 Saving config file
16:27:09 Saved config file successfully
16:27:09 saveConfig: auto-save-60s
16:27:09 Saving config file
16:27:09 Saved config file successfully
16:28:09 saveConfig: auto-save-60s
16:28:09 Saving config file
16:28:09 Saved config file successfully
16:28:09 saveConfig: auto-save-60s
16:28:09 Saving config file
16:28:09 Saved config file successfully
16:29:08 saveConfig: saving-data
16:29:08 Saving sacks file
16:29:08 Saved sacks file successfully
16:29:08 saveConfig: saving-data
16:29:08 Saving sacks file
16:29:08 Saved sacks file successfully
16:29:09 saveConfig: auto-save-60s
16:29:09 Saving config file
16:29:09 Saved config file successfully
16:29:09 saveConfig: auto-save-60s
16:29:09 Saving config file
16:29:09 Saved config file successfully
16:29:28 saveConfig: saving-data
16:29:28 Saving sacks file
16:29:28 Saved sacks file successfully
16:29:28 saveConfig: saving-data
16:29:28 Saving sacks file
16:29:28 Saved sacks file successfully
16:29:59 saveConfig: saving-data
16:29:59 Saving sacks file
16:29:59 Saved sacks file successfully
16:29:59 saveConfig: saving-data
16:29:59 Saving sacks file
16:29:59 Saved sacks file successfully
16:30:09 saveConfig: auto-save-60s
16:30:09 Saving config file
16:30:09 Saved config file successfully
16:30:09 saveConfig: auto-save-60s
16:30:09 Saving config file
16:30:09 Saved config file successfully
16:31:09 saveConfig: auto-save-60s
16:31:09 Saving config file
16:31:09 Saved config file successfully
16:31:09 saveConfig: auto-save-60s
16:31:09 Saving config file
16:31:09 Saved config file successfully
16:32:09 saveConfig: auto-save-60s
16:32:09 Saving config file
16:32:09 Saved config file successfully
16:32:09 saveConfig: auto-save-60s
16:32:09 Saving config file
16:32:09 Saved config file successfully
16:33:09 saveConfig: auto-save-60s
16:33:09 Saving config file
16:33:09 Saved config file successfully
16:33:09 saveConfig: auto-save-60s
16:33:09 Saving config file
16:33:09 Saved config file successfully
16:33:51 saveConfig: saving-data
16:33:51 Saving sacks file
16:33:51 Saved sacks file successfully
16:33:51 saveConfig: saving-data
16:33:51 Saving sacks file
16:33:51 Saved sacks file successfully
16:34:06 saveConfig: saving-data
16:34:06 Saving sacks file
16:34:06 Saved sacks file successfully
16:34:06 saveConfig: saving-data
16:34:06 Saving sacks file
16:34:06 Saved sacks file successfully
16:34:09 saveConfig: auto-save-60s
16:34:09 Saving config file
16:34:09 Saved config file successfully
16:34:09 saveConfig: auto-save-60s
16:34:09 Saving config file
16:34:09 Saved config file successfully
16:35:09 saveConfig: auto-save-60s
16:35:09 Saving config file
16:35:09 Saved config file successfully
16:35:09 saveConfig: auto-save-60s
16:35:09 Saving config file
16:35:09 Saved config file successfully
16:35:17 saveConfig: saving-data
16:35:17 Saving sacks file
16:35:17 Saved sacks file successfully
16:35:17 saveConfig: saving-data
16:35:17 Saving sacks file
16:35:17 Saved sacks file successfully
16:35:45 saveConfig: saving-data
16:35:45 Saving sacks file
16:35:45 Saved sacks file successfully
16:35:45 saveConfig: saving-data
16:35:45 Saving sacks file
16:35:45 Saved sacks file successfully
16:36:09 saveConfig: auto-save-60s
16:36:09 Saving config file
16:36:09 Saved config file successfully
16:36:09 saveConfig: auto-save-60s
16:36:09 Saving config file
16:36:09 Saved config file successfully
16:37:09 saveConfig: auto-save-60s
16:37:09 Saving config file
16:37:09 Saved config file successfully
16:37:09 saveConfig: auto-save-60s
16:37:09 Saving config file
16:37:09 Saved config file successfully
16:38:09 saveConfig: auto-save-60s
16:38:09 Saving config file
16:38:09 Saved config file successfully
16:38:09 saveConfig: auto-save-60s
16:38:09 Saving config file
16:38:09 Saved config file successfully
16:38:31 saveConfig: saving-data
16:38:31 Saving sacks file
16:38:31 Saved sacks file successfully
16:38:31 saveConfig: saving-data
16:38:31 Saving sacks file
16:38:31 Saved sacks file successfully
16:38:37 saveConfig: saving-data
16:38:37 Saving sacks file
16:38:37 Saved sacks file successfully
16:38:37 saveConfig: saving-data
16:38:37 Saving sacks file
16:38:37 Saved sacks file successfully
16:38:50 saveConfig: saving-data
16:38:50 Saving sacks file
16:38:50 Saved sacks file successfully
16:38:50 saveConfig: saving-data
16:38:50 Saving sacks file
16:38:50 Saved sacks file successfully
16:39:00 saveConfig: saving-data
16:39:00 Saving sacks file
16:39:00 Saved sacks file successfully
16:39:00 saveConfig: saving-data
16:39:00 Saving sacks file
16:39:00 Saved sacks file successfully
16:39:09 saveConfig: auto-save-60s
16:39:09 Saving config file
16:39:09 Saved config file successfully
16:39:09 saveConfig: auto-save-60s
16:39:09 Saving config file
16:39:09 Saved config file successfully
16:40:09 saveConfig: saving-data
16:40:09 Saving sacks file
16:40:09 Saved sacks file successfully
16:40:09 saveConfig: saving-data
16:40:09 Saving sacks file
16:40:09 Saved sacks file successfully
16:40:09 saveConfig: auto-save-60s
16:40:09 Saving config file
16:40:09 Saved config file successfully
16:40:09 saveConfig: auto-save-60s
16:40:09 Saving config file
16:40:09 Saved config file successfully
16:41:09 saveConfig: auto-save-60s
16:41:09 Saving config file
16:41:09 Saved config file successfully
16:41:09 saveConfig: auto-save-60s
16:41:09 Saving config file
16:41:09 Saved config file successfully
16:41:32 saveConfig: saving-data
16:41:32 Saving sacks file
16:41:32 Saved sacks file successfully
16:41:32 saveConfig: saving-data
16:41:32 Saving sacks file
16:41:32 Saved sacks file successfully
16:41:40 saveConfig: saving-data
16:41:40 Saving sacks file
16:41:40 Saved sacks file successfully
16:41:40 saveConfig: saving-data
16:41:40 Saving sacks file
16:41:40 Saved sacks file successfully
16:41:49 saveConfig: saving-data
16:41:49 Saving sacks file
16:41:49 Saved sacks file successfully
16:41:49 saveConfig: saving-data
16:41:49 Saving sacks file
16:41:49 Saved sacks file successfully
16:42:03 saveConfig: saving-data
16:42:03 Saving sacks file
16:42:03 Saved sacks file successfully
16:42:03 saveConfig: saving-data
16:42:03 Saving sacks file
16:42:03 Saved sacks file successfully
16:42:09 saveConfig: auto-save-60s
16:42:09 Saving config file
16:42:09 Saved config file successfully
16:42:09 saveConfig: auto-save-60s
16:42:09 Saving config file
16:42:09 Saved config file successfully
16:42:30 saveConfig: saving-data
16:42:30 Saving sacks file
16:42:30 Saved sacks file successfully
16:42:30 saveConfig: saving-data
16:42:30 Saving sacks file
16:42:30 Saved sacks file successfully
16:42:55 saveConfig: saving-data
16:42:55 Saving sacks file
16:42:55 Saved sacks file successfully
16:42:55 saveConfig: saving-data
16:42:55 Saving sacks file
16:42:55 Saved sacks file successfully
16:43:09 saveConfig: auto-save-60s
16:43:09 Saving config file
16:43:09 Saved config file successfully
16:43:09 saveConfig: auto-save-60s
16:43:09 Saving config file
16:43:09 Saved config file successfully
16:44:09 saveConfig: auto-save-60s
16:44:09 Saving config file
16:44:09 Saved config file successfully
16:44:09 saveConfig: auto-save-60s
16:44:09 Saving config file
16:44:09 Saved config file successfully
16:45:09 saveConfig: auto-save-60s
16:45:09 Saving config file
16:45:09 Saved config file successfully
16:45:09 saveConfig: auto-save-60s
16:45:09 Saving config file
16:45:09 Saved config file successfully
16:46:02 saveConfig: saving-data
16:46:02 Saving sacks file
16:46:02 Saved sacks file successfully
16:46:02 saveConfig: saving-data
16:46:02 Saving sacks file
16:46:02 Saved sacks file successfully
16:46:09 saveConfig: auto-save-60s
16:46:09 Saving config file
16:46:09 Saved config file successfully
16:46:09 saveConfig: auto-save-60s
16:46:09 Saving config file
16:46:09 Saved config file successfully
16:47:09 saveConfig: auto-save-60s
16:47:09 Saving config file
16:47:09 Saved config file successfully
16:47:09 saveConfig: auto-save-60s
16:47:09 Saving config file
16:47:09 Saved config file successfully
16:47:52 saveConfig: saving-data
16:47:52 Saving sacks file
16:47:52 Saved sacks file successfully
16:47:52 saveConfig: saving-data
16:47:52 Saving sacks file
16:47:52 Saved sacks file successfully
16:48:09 saveConfig: auto-save-60s
16:48:09 Saving config file
16:48:09 Saved config file successfully
16:48:09 saveConfig: auto-save-60s
16:48:09 Saving config file
16:48:09 Saved config file successfully
16:49:09 saveConfig: auto-save-60s
16:49:09 Saving config file
16:49:09 Saved config file successfully
16:49:09 saveConfig: auto-save-60s
16:49:09 Saving config file
16:49:09 Saved config file successfully
16:49:29 saveConfig: saving-data
16:49:29 Saving sacks file
16:49:29 Saved sacks file successfully
16:49:29 saveConfig: saving-data
16:49:29 Saving sacks file
16:49:29 Saved sacks file successfully
16:50:09 saveConfig: auto-save-60s
16:50:09 Saving config file
16:50:09 Saved config file successfully
16:50:09 saveConfig: auto-save-60s
16:50:09 Saving config file
16:50:09 Saved config file successfully
16:51:09 saveConfig: auto-save-60s
16:51:09 Saving config file
16:51:09 Saved config file successfully
16:51:09 saveConfig: auto-save-60s
16:51:09 Saving config file
16:51:09 Saved config file successfully
16:52:09 saveConfig: auto-save-60s
16:52:09 Saving config file
16:52:09 Saved config file successfully
16:52:09 saveConfig: auto-save-60s
16:52:09 Saving config file
16:52:09 Saved config file successfully
16:53:09 saveConfig: auto-save-60s
16:53:09 Saving config file
16:53:09 Saved config file successfully
16:53:09 saveConfig: auto-save-60s
16:53:09 Saving config file
16:53:09 Saved config file successfully
16:54:09 saveConfig: auto-save-60s
16:54:09 Saving config file
16:54:09 Saved config file successfully
16:54:09 saveConfig: auto-save-60s
16:54:09 Saving config file
16:54:09 Saved config file successfully
16:55:09 saveConfig: auto-save-60s
16:55:09 Saving config file
16:55:09 Saved config file successfully
16:55:09 saveConfig: auto-save-60s
16:55:09 Saving config file
16:55:09 Saved config file successfully
16:56:09 saveConfig: auto-save-60s
16:56:09 Saving config file
16:56:09 Saved config file successfully
16:56:09 saveConfig: auto-save-60s
16:56:09 Saving config file
16:56:09 Saved config file successfully
16:57:09 saveConfig: auto-save-60s
16:57:09 Saving config file
16:57:09 Saved config file successfully
16:57:09 saveConfig: auto-save-60s
16:57:09 Saving config file
16:57:09 Saved config file successfully
16:58:09 saveConfig: auto-save-60s
16:58:09 Saving config file
16:58:09 Saved config file successfully
16:58:09 saveConfig: auto-save-60s
16:58:09 Saving config file
16:58:09 Saved config file successfully
16:59:09 saveConfig: auto-save-60s
16:59:09 Saving config file
16:59:09 Saved config file successfully
16:59:09 saveConfig: auto-save-60s
16:59:09 Saving config file
16:59:09 Saved config file successfully
17:00:09 saveConfig: auto-save-60s
17:00:09 Saving config file
17:00:09 Saved config file successfully
17:00:09 saveConfig: auto-save-60s
17:00:09 Saving config file
17:00:09 Saved config file successfully
17:01:09 saveConfig: auto-save-60s
17:01:09 Saving config file
17:01:09 Saved config file successfully
17:01:09 saveConfig: auto-save-60s
17:01:09 Saving config file
17:01:09 Saved config file successfully
17:02:09 saveConfig: auto-save-60s
17:02:09 Saving config file
17:02:09 Saved config file successfully
17:02:09 saveConfig: auto-save-60s
17:02:09 Saving config file
17:02:09 Saved config file successfully
17:03:09 saveConfig: auto-save-60s
17:03:09 Saving config file
17:03:09 Saved config file successfully
17:03:09 saveConfig: auto-save-60s
17:03:09 Saving config file
17:03:09 Saved config file successfully
17:03:55 saveConfig: saving-data
17:03:55 Saving sacks file
17:03:55 Saved sacks file successfully
17:03:55 saveConfig: saving-data
17:03:55 Saving sacks file
17:03:55 Saved sacks file successfully
17:04:09 saveConfig: auto-save-60s
17:04:09 Saving config file
17:04:09 Saved config file successfully
17:04:09 saveConfig: auto-save-60s
17:04:09 Saving config file
17:04:09 Saved config file successfully
17:05:09 saveConfig: auto-save-60s
17:05:09 Saving config file
17:05:09 Saved config file successfully
17:05:09 saveConfig: auto-save-60s
17:05:09 Saving config file
17:05:09 Saved config file successfully
17:06:09 saveConfig: auto-save-60s
17:06:09 Saving config file
17:06:09 Saved config file successfully
17:06:09 saveConfig: auto-save-60s
17:06:09 Saving config file
17:06:09 Saved config file successfully
17:06:26 saveConfig: saving-data
17:06:26 Saving sacks file
17:06:26 Saved sacks file successfully
17:06:26 saveConfig: saving-data
17:06:26 Saving sacks file
17:06:26 Saved sacks file successfully
17:06:34 saveConfig: saving-data
17:06:34 Saving sacks file
17:06:34 Saved sacks file successfully
17:06:34 saveConfig: saving-data
17:06:34 Saving sacks file
17:06:34 Saved sacks file successfully
17:06:51 saveConfig: saving-data
17:06:51 Saving sacks file
17:06:51 Saved sacks file successfully
17:06:51 saveConfig: saving-data
17:06:51 Saving sacks file
17:06:51 Saved sacks file successfully
17:07:09 saveConfig: auto-save-60s
17:07:09 Saving config file
17:07:09 Saved config file successfully
17:07:09 saveConfig: auto-save-60s
17:07:09 Saving config file
17:07:09 Saved config file successfully
17:08:09 saveConfig: auto-save-60s
17:08:09 Saving config file
17:08:09 Saved config file successfully
17:08:09 saveConfig: auto-save-60s
17:08:09 Saving config file
17:08:09 Saved config file successfully
17:08:46 saveConfig: saving-data
17:08:46 Saving sacks file
17:08:46 Saved sacks file successfully
17:08:46 saveConfig: saving-data
17:08:46 Saving sacks file
17:08:46 Saved sacks file successfully
17:08:55 saveConfig: saving-data
17:08:55 Saving sacks file
17:08:55 Saved sacks file successfully
17:08:55 saveConfig: saving-data
17:08:55 Saving sacks file
17:08:55 Saved sacks file successfully
17:09:09 saveConfig: auto-save-60s
17:09:09 Saving config file
17:09:09 Saved config file successfully
17:09:09 saveConfig: auto-save-60s
17:09:09 Saving config file
17:09:09 Saved config file successfully
17:10:09 saveConfig: auto-save-60s
17:10:09 Saving config file
17:10:09 Saved config file successfully
17:10:09 saveConfig: auto-save-60s
17:10:09 Saving config file
17:10:09 Saved config file successfully
17:10:56 saveConfig: saving-data
17:10:56 Saving sacks file
17:10:56 Saved sacks file successfully
17:10:56 saveConfig: saving-data
17:10:56 Saving sacks file
17:10:56 Saved sacks file successfully
17:10:58 saveConfig: saving-data
17:10:58 Saving sacks file
17:10:58 Saved sacks file successfully
17:10:58 saveConfig: saving-data
17:10:58 Saving sacks file
17:10:58 Saved sacks file successfully
17:11:08 saveConfig: saving-data
17:11:08 Saving sacks file
17:11:08 Saved sacks file successfully
17:11:08 saveConfig: saving-data
17:11:08 Saving sacks file
17:11:08 Saved sacks file successfully
17:11:09 saveConfig: auto-save-60s
17:11:09 Saving config file
17:11:09 Saved config file successfully
17:11:09 saveConfig: auto-save-60s
17:11:09 Saving config file
17:11:09 Saved config file successfully
17:11:23 saveConfig: saving-data
17:11:23 Saving sacks file
17:11:23 Saved sacks file successfully
17:11:23 saveConfig: saving-data
17:11:23 Saving sacks file
17:11:23 Saved sacks file successfully
17:11:39 saveConfig: saving-data
17:11:39 Saving sacks file
17:11:39 Saved sacks file successfully
17:11:39 saveConfig: saving-data
17:11:39 Saving sacks file
17:11:39 Saved sacks file successfully
17:12:09 saveConfig: auto-save-60s
17:12:09 Saving config file
17:12:09 Saved config file successfully
17:12:09 saveConfig: auto-save-60s
17:12:09 Saving config file
17:12:09 Saved config file successfully
17:13:09 saveConfig: auto-save-60s
17:13:09 Saving config file
17:13:09 Saved config file successfully
17:13:09 saveConfig: auto-save-60s
17:13:09 Saving config file
17:13:09 Saved config file successfully
17:14:09 saveConfig: auto-save-60s
17:14:09 Saving config file
17:14:09 Saved config file successfully
17:14:09 saveConfig: auto-save-60s
17:14:09 Saving config file
17:14:09 Saved config file successfully
17:15:09 saveConfig: auto-save-60s
17:15:09 Saving config file
17:15:09 Saved config file successfully
17:15:09 saveConfig: auto-save-60s
17:15:09 Saving config file
17:15:09 Saved config file successfully
17:16:09 saveConfig: auto-save-60s
17:16:09 Saving config file
17:16:09 Saved config file successfully
17:16:09 saveConfig: auto-save-60s
17:16:09 Saving config file
17:16:09 Saved config file successfully
17:17:09 saveConfig: auto-save-60s
17:17:09 Saving config file
17:17:09 Saved config file successfully
17:17:09 saveConfig: auto-save-60s
17:17:09 Saving config file
17:17:09 Saved config file successfully
17:18:09 saveConfig: auto-save-60s
17:18:09 Saving config file
17:18:09 Saved config file successfully
17:18:09 saveConfig: auto-save-60s
17:18:09 Saving config file
17:18:09 Saved config file successfully
17:19:09 saveConfig: auto-save-60s
17:19:09 Saving config file
17:19:09 Saved config file successfully
17:19:09 saveConfig: auto-save-60s
17:19:09 Saving config file
17:19:09 Saved config file successfully
17:20:09 saveConfig: auto-save-60s
17:20:09 Saving config file
17:20:09 Saved config file successfully
17:20:09 saveConfig: auto-save-60s
17:20:09 Saving config file
17:20:09 Saved config file successfully
17:21:09 saveConfig: auto-save-60s
17:21:09 Saving config file
17:21:09 Saved config file successfully
17:21:09 saveConfig: auto-save-60s
17:21:09 Saving config file
17:21:09 Saved config file successfully
17:22:09 saveConfig: auto-save-60s
17:22:09 Saving config file
17:22:09 Saved config file successfully
17:22:09 saveConfig: auto-save-60s
17:22:09 Saving config file
17:22:09 Saved config file successfully
17:22:12 saveConfig: saving-data
17:22:12 Saving sacks file
17:22:12 Saved sacks file successfully
17:22:12 saveConfig: saving-data
17:22:12 Saving sacks file
17:22:12 Saved sacks file successfully
17:23:09 saveConfig: auto-save-60s
17:23:09 Saving config file
17:23:09 Saved config file successfully
17:23:09 saveConfig: auto-save-60s
17:23:09 Saving config file
17:23:09 Saved config file successfully
17:24:09 saveConfig: auto-save-60s
17:24:09 Saving config file
17:24:09 Saved config file successfully
17:24:09 saveConfig: auto-save-60s
17:24:09 Saving config file
17:24:09 Saved config file successfully
17:24:27 saveConfig: shutdown-hook
17:24:27 Saving config file
