02:08:50 §f                 §7You have §3869 §7materials stashed away!
02:08:50 §f               §8(This totals 1 type of material stashed!)
02:08:50 §f                §3§l>>> §3§lCLICK HERE§b to pick them up! §3§l<<<
02:08:50   
02:09:52 §f                 §7You have §3869 §7materials stashed away!
02:09:52 §f               §8(This totals 1 type of material stashed!)
02:09:52 §f                §3§l>>> §3§lCLICK HERE§b to pick them up! §3§l<<<
02:09:52   
02:10:54 §f                §7You have §31,039 §7materials stashed away!
02:10:54 §f               §8(This totals 1 type of material stashed!)
02:10:54 §f                §3§l>>> §3§lCLICK HERE§b to pick them up! §3§l<<<
02:10:54   
02:20:08 §f                §7You have §31,204 §7materials stashed away!
02:20:08 §f              §8(This totals 2 types of materials stashed!)
02:20:08 §f                §3§l>>> §3§lCLICK HERE§b to pick them up! §3§l<<<
02:20:08   
02:21:10 §f                 §7You have §337 §7materials stashed away!
02:21:10 §f               §8(This totals 1 type of material stashed!)
02:21:10 §f                §3§l>>> §3§lCLICK HERE§b to pick them up! §3§l<<<
02:21:10   
02:22:12 §f                 §7You have §337 §7materials stashed away!
02:22:12 §f               §8(This totals 1 type of material stashed!)
02:22:12 §f                §3§l>>> §3§lCLICK HERE§b to pick them up! §3§l<<<
02:22:12   
02:23:14 §f                 §7You have §337 §7materials stashed away!
02:23:14 §f               §8(This totals 1 type of material stashed!)
02:23:14 §f                §3§l>>> §3§lCLICK HERE§b to pick them up! §3§l<<<
02:23:14   
02:24:17 §f                 §7You have §337 §7materials stashed away!
02:24:17 §f               §8(This totals 1 type of material stashed!)
02:24:17 §f                §3§l>>> §3§lCLICK HERE§b to pick them up! §3§l<<<
02:24:17   
02:25:19 §f                 §7You have §337 §7materials stashed away!
02:25:19 §f               §8(This totals 1 type of material stashed!)
02:25:19 §f                §3§l>>> §3§lCLICK HERE§b to pick them up! §3§l<<<
02:25:19   
02:26:21 §f                 §7You have §337 §7materials stashed away!
02:26:21 §f               §8(This totals 1 type of material stashed!)
02:26:21 §f                §3§l>>> §3§lCLICK HERE§b to pick them up! §3§l<<<
02:26:21   
02:27:23 §f                 §7You have §337 §7materials stashed away!
02:27:23 §f               §8(This totals 1 type of material stashed!)
02:27:23 §f                §3§l>>> §3§lCLICK HERE§b to pick them up! §3§l<<<
02:27:23   
