15:19:05 [HOPPITY_EGG] §cYou have already collected this Chocolate Dinner Egg§r§c! Try again when it respawns!
15:21:52 [PEST_DROP] §eYou received §a57x Enchanted Cocoa Beans §efor killing a §2Moth§e!
15:22:01 [PEST_DROP] §eYou received §a126x Enchanted Melon §efor killing an §2Earthworm§e!
15:22:12 [PEST_DROP] §eYou received §a101x Enchanted Potato §efor killing a §2Locust§e!
15:22:22 [PEST_DROP] §eYou received §a110x Enchanted Potato §efor killing a §2Locust§e!
15:22:31 [PEST_DROP] §eYou received §a165x Enchanted Melon §efor killing an §2Earthworm§e!
15:22:44 [PEST_DROP] §eYou received §a66x Enchanted Cactus Green §efor killing a §2Mite§e!
15:22:52 [PEST_DROP] §eYou received §a33x Enchanted Wheat §efor killing a §2Fly§e!
15:22:59 [PEST_DROP] §eYou received §a115x Enchanted Potato §efor killing a §2Locust§e!
15:23:10 [GARDEN_VISITOR_MESSAGE] §e[NPC] §aOringo§f: §r§fHey, you got some wheat for my pets by any chance? Gotta keep those little monsters fed, haha!
15:23:12 [GARDEN_VISITOR_MESSAGE] §e[NPC] §aOringo§f: §r§fOh, you're out of wheat? Alright, I'll come back later then.
15:23:13 [GARDEN_VISITOR_MESSAGE] §e[NPC] §aDuke§f: §rYou seem new here. You should probably try to get some §aEnchanted Golden Carrot §ffor me.
15:23:14 [GARDEN_VISITOR_MESSAGE] §e[NPC] §aDuke§f: §r§fMaybe next time.
15:23:15 [GARDEN_VISITOR_MESSAGE] §e[NPC] §9Emissary Sisko§f: §r§fI've heard I can find the best mushrooms here, and as the King's favorite emissary I will bring them to him!
15:23:18 [GARDEN_VISITOR_MESSAGE] §e[NPC] §9Emissary Sisko§f: §r§fMy standing as the King's favorite emissary is secured as soon as I bring these back home!
15:23:19 [GARDEN_VISITOR_MESSAGE] §e[NPC] §9Lazy Miner§f: §rIt's Monday, my resting day! I earned myself a little treat, maybe you could bring me some chocolate?
15:23:22 [GARDEN_VISITOR_MESSAGE] §e[NPC] §9Lazy Miner§f: §r§fThat's really unfortunate, I'll just come back again on my next resting day!
15:24:30 [PEST_DROP] §eYou received §a100x Enchanted Carrot §efor killing a §2Cricket§e!
15:24:30 [PEST_DROP] §eYou received §a92x Enchanted Cocoa Beans §efor killing a §2Moth§e!
15:24:30 [PEST_DROP] §eYou received §a95x Enchanted Cocoa Beans §efor killing a §2Moth§e!
15:24:31 [PEST_DROP] §eYou received §a101x Enchanted Potato §efor killing a §2Locust§e!
15:24:31 [PEST_DROP] §eYou received §a91x Enchanted Cocoa Beans §efor killing a §2Moth§e!
15:24:31 [PEST_DROP] §eYou received §a114x Enchanted Potato §efor killing a §2Locust§e!
15:24:32 [PEST_DROP] §eYou received §a113x Enchanted Carrot §efor killing a §2Cricket§e!
15:24:32 [PEST_DROP] §eYou received §a165x Enchanted Melon §efor killing an §2Earthworm§e!
15:24:32 [PEST_DROP] §eYou received §a114x Enchanted Potato §efor killing a §2Locust§e!
15:25:15 [NEW_VISITOR_ARRIVED] §9§r§9Queen Mismyla §r§ehas arrived on your §r§aGarden§r§e!
15:25:22 [GARDEN_VISITOR_MESSAGE] §e[NPC] §9Queen Mismyla§f: §r§fThe King made me go grocery shopping. Me! Can you believe that? He has a pair of perfectly good legs, and still, here I am.
15:25:24 [GARDEN_VISITOR_MESSAGE] §e[NPC] §9Queen Mismyla§f: §r§fI bet when I am back, they are all still sitting around that table! All day, every day! It's ludicrous!
15:46:58 [HOPPITY_EGG] §cYou have already collected this Chocolate Breakfast Egg§r§c! Try again when it respawns!
