15:00:36 §e[SkyHanni] Reloaded 7436 items in the NEU repo§r
15:04:31 §e[SkyHanni] You have gained §b495 §eBits.§r
15:04:40 §e[SkyHanni] Click here to share the location of this chocolate egg with the server!§r
15:11:30 §e[SkyHanni] You have gained §b59 §eBits.§r
15:13:30 §e[SkyHanni] You have gained §b20 §eBits.§r
15:14:40 §e[SkyHanni] You have gained §b20 §eBits.§r
15:15:14 §e[SkyHanni] Click here to share the location of this chocolate egg with the server!§r
15:18:04 §e[SkyHanni] Click here to share the location of this chocolate egg with the server!§r
15:18:35 §e[SkyHanni] §b+1 SkyBlock XP §7(Accessory Bag§7)§b (58/100)§r
15:19:05 §e[SkyHanni] §eNext egg available in §b1m 44s§e.§r
15:19:39 §e[SkyHanni] Click here to load 123 more collected egg locations from NEU PV!§r
15:19:39 §e[SkyHanni] Click here to load Trophy Fishing data from NEU PV!§r
15:20:22 §c[SkyHanni] Couldn't find an item with this name or identifier!§r
15:20:30 §e[SkyHanni] Gained §d15,075 motes §ethis Rift session! (§d690k/h§e)§r
15:20:38 §c[SkyHanni] Couldn't find an item with this name or identifier!§r
15:21:01 §e[SkyHanni] You have gained §b20 §eBits.§r
15:21:08 §e[SkyHanni] Click here to share the location of this chocolate egg with the server!§r
15:21:25 §e[SkyHanni] You have gained §b20 §eBits.§r
15:21:25 §e[SkyHanni] §b+1 SkyBlock XP §7(HOTM Progression§7)§b (59/100)§r
15:21:53 §e[SkyHanni] You have gained §b10 §eBits.§r
15:21:53 §e[SkyHanni] Started tracking your Jacob Contest Blocks Per Second!§r
15:22:02 §e[SkyHanni] You have gained §b10 §eBits.§r
15:22:13 §e[SkyHanni] You have gained §b10 §eBits.§r
15:22:13 §e[SkyHanni] You changed the crop during the contest, resetting the Blocks Per Second calculation..§r
15:22:23 §e[SkyHanni] You have gained §b10 §eBits.§r
15:22:32 §e[SkyHanni] You have gained §b10 §eBits.§r
15:22:45 §e[SkyHanni] You have gained §b10 §eBits.§r
15:22:53 §e[SkyHanni] You have gained §b10 §eBits.§r
15:23:00 §e[SkyHanni] You have gained §b10 §eBits.§r
15:23:00 §e[SkyHanni] §9Lazy Miner §eis visiting your garden!§r
15:23:18 §e[SkyHanni] §b+1 SkyBlock XP §7(HOTM Progression§7)§b (60/100)§r
15:23:19 §e[SkyHanni] You have gained §b10 §eBits.§r
15:24:31 §e[SkyHanni] You have gained §b30 §eBits.§r
15:24:32 §e[SkyHanni] You have gained §b30 §eBits.§r
15:24:33 §e[SkyHanni] You have gained §b30 §eBits.§r
15:25:16 §e[SkyHanni] §9Queen Mismyla §eis visiting your garden!§r
15:25:24 §e[SkyHanni] You have gained §b10 §eBits.§r
15:34:36 §e[SkyHanni] You have gained §b990 §eBits.§r
15:40:43 §c[SkyHanni] Couldn't find an item with this name or identifier!§r
15:42:52 §e[SkyHanni] Click here to share the location of this chocolate egg with the server!§r
15:44:42 §e[SkyHanni] Click here to share the location of this chocolate egg with the server!§r
15:46:58 §e[SkyHanni] §eNext egg available in §b5m 31s§e.§r
15:54:39 §e[SkyHanni] §b+10 SkyBlock XP §7(Duncan§7)§b (70/100)§r
16:10:47 §e[SkyHanni] §cYour Time Tower just expired and has 1 charge remaining. Click here to open the Chocolate Factory Menu.§r
16:18:02 §e[SkyHanni] §b+1 SkyBlock XP §7(Class Level Up§7)§b (72/100)§r
16:18:29 §e[SkyHanni] You have gained §b1,090 §eBits.§r
16:19:32 §e[SkyHanni] Click here to share the location of this chocolate egg with the server!§r
16:20:12 §e[SkyHanni] Click here to share the location of this chocolate egg with the server!§r
16:22:59 §e[SkyHanni] Click here to share the location of this chocolate egg with the server!§r
16:26:16 §e[SkyHanni] You have gained §b20 §eBits.§r
16:35:29 §e[SkyHanni] You have gained §b990 §eBits.§r
16:38:16 §e[SkyHanni] Click here to share the location of this chocolate egg with the server!§r
16:38:59 §e[SkyHanni] You have gained §b20 §eBits.§r
16:39:30 §e[SkyHanni] You have gained §b99 §eBits.§r
16:41:00 §e[SkyHanni] §b+9 SkyBlock XP §7(Accessory Bag§7)§b (85/100)§r
