10:21:18 CRIMSON_ISLE
10:21:40 NONE
10:21:40 THE_RIFT
10:25:38 NONE
10:25:38 HUB
10:38:06 NONE
10:38:06 HUB
10:38:11 NONE
10:38:12 HUB
10:38:17 NONE
10:38:18 HUB
11:19:55 NONE
11:19:56 THE_RIFT
11:19:59 NONE
11:19:59 HUB
11:24:20 NONE
11:24:22 PRIVATE_ISLAND
11:24:46 NONE
11:24:47 HUB
11:54:45 NONE
11:54:45 THE_RIFT
11:54:51 NONE
11:54:51 HUB
12:33:00 HUB
12:55:51 NONE
12:55:52 HUB
12:55:57 NONE
12:55:57 HUB
12:58:14 PRIVATE_ISLAND
12:58:17 NONE
12:58:17 HUB
13:24:00 NONE
13:24:01 HUB
13:24:46 NONE
13:24:47 PRIVATE_ISLAND
13:24:51 NONE
13:24:51 HUB
13:24:56 NONE
13:24:56 PRIVATE_ISLAND
13:25:04 HUB
13:25:57 NONE
13:25:57 PRIVATE_ISLAND
13:26:11 NONE
13:26:11 HUB
13:36:21 NONE
13:36:22 PRIVATE_ISLAND
13:37:09 HUB
13:54:07 NONE
13:54:07 PRIVATE_ISLAND
13:54:38 NONE
13:54:38 HUB
14:03:04 NONE
14:03:04 PRIVATE_ISLAND
14:11:18 DUNGEON_HUB
